player [ZPlayer] gets hole card ['CJ', 'D2'], current stack 1000
player [Xun] gets hole card ['H2', 'ST'], current stack 995
player [NitWinWin] gets hole card ['C9', 'SJ'], current stack 990
player [Finneas] gets hole card ['HK', 'H9'], current stack 1000
player [YangZ] gets hole card ['DT', 'D3'], current stack 1000
Started the round 1
Street "preflop" started. (community card = [])
"Finneas" declared "call:10"
"YangZ" declared "fold:0"
"ZPlayer" declared "call:10"
"Xun" declared "call:10"
"NitWinWin" declared "fold:0"
Street "flop" started. (community card = ['C4', 'SQ', 'S6'])
"Xun" declared "fold:0"
"Finneas" declared "call:0"
"ZPlayer" declared "call:0"
Street "turn" started. (community card = ['C4', 'SQ', 'S6', 'DA'])
"Finneas" declared "call:0"
"ZPlayer" declared "call:0"
Street "river" started. (community card = ['C4', 'SQ', 'S6', 'DA', 'HT'])
"Finneas" declared "call:0"
"ZPlayer" declared "call:0"
"['Finneas']" won the round 1 (stack = {'ZPlayer': 990, 'Xun': 990, 'NitWinWin': 990, 'Finneas': 1030, 'YangZ': 1000})
player [ZPlayer] gets hole card ['S9', 'CK'], current stack 990
player [Xun] gets hole card ['H6', 'S2'], current stack 990
player [NitWinWin] gets hole card ['DA', 'DQ'], current stack 985
player [Finneas] gets hole card ['H8', 'S6'], current stack 1020
player [YangZ] gets hole card ['HT', 'C5'], current stack 1000
Started the round 2
Street "preflop" started. (community card = [])
"YangZ" declared "fold:0"
"ZPlayer" declared "raise:15"
"Xun" declared "call:15"
"NitWinWin" declared "fold:0"
"Finneas" declared "call:15"
Street "flop" started. (community card = ['S7', 'DJ', 'ST'])
"Finneas" declared "call:0"
"ZPlayer" declared "raise:10"
"Xun" declared "fold:0"
"Finneas" declared "call:10"
Street "turn" started. (community card = ['S7', 'DJ', 'ST', 'H4'])
"Finneas" declared "call:0"
"ZPlayer" declared "call:0"
Street "river" started. (community card = ['S7', 'DJ', 'ST', 'H4', 'S4'])
"Finneas" declared "call:0"
"ZPlayer" declared "call:0"
"['ZPlayer']" won the round 2 (stack = {'ZPlayer': 1035, 'Xun': 975, 'NitWinWin': 985, 'Finneas': 1005, 'YangZ': 1000})
player [ZPlayer] gets hole card ['C3', 'DK'], current stack 1035
player [Xun] gets hole card ['C6', 'HJ'], current stack 975
player [NitWinWin] gets hole card ['C7', 'CJ'], current stack 985
player [Finneas] gets hole card ['S4', 'CT'], current stack 1000
player [YangZ] gets hole card ['SK', 'S9'], current stack 990
Started the round 3
Street "preflop" started. (community card = [])
"ZPlayer" declared "call:10"
"Xun" declared "call:10"
"NitWinWin" declared "fold:0"
"Finneas" declared "call:10"
"YangZ" declared "fold:0"
Street "flop" started. (community card = ['C4', 'H6', 'DQ'])
"Finneas" declared "call:0"
"ZPlayer" declared "call:0"
"Xun" declared "call:0"
Street "turn" started. (community card = ['C4', 'H6', 'DQ', 'DA'])
"Finneas" declared "call:0"
"ZPlayer" declared "call:0"
"Xun" declared "fold:0"
Street "river" started. (community card = ['C4', 'H6', 'DQ', 'DA', 'CA'])
"Finneas" declared "call:0"
"ZPlayer" declared "call:0"
"['Finneas']" won the round 3 (stack = {'ZPlayer': 1025, 'Xun': 965, 'NitWinWin': 985, 'Finneas': 1035, 'YangZ': 990})
player [ZPlayer] gets hole card ['DK', 'DT'], current stack 1015
player [Xun] gets hole card ['DQ', 'S3'], current stack 965
player [NitWinWin] gets hole card ['D7', 'H3'], current stack 985
player [Finneas] gets hole card ['S6', 'H4'], current stack 1035
player [YangZ] gets hole card ['CJ', 'S2'], current stack 985
Started the round 4
Street "preflop" started. (community card = [])
"Xun" declared "call:10"
"NitWinWin" declared "fold:0"
"Finneas" declared "call:10"
"YangZ" declared "fold:0"
"ZPlayer" declared "raise:15"
"Xun" declared "call:15"
"Finneas" declared "call:15"
Street "flop" started. (community card = ['HJ', 'C8', 'D3'])
"ZPlayer" declared "call:0"
"Xun" declared "call:0"
"Finneas" declared "call:0"
Street "turn" started. (community card = ['HJ', 'C8', 'D3', 'D5'])
"ZPlayer" declared "call:0"
"Xun" declared "fold:0"
"Finneas" declared "call:0"
Street "river" started. (community card = ['HJ', 'C8', 'D3', 'D5', 'H6'])
"ZPlayer" declared "call:0"
"Finneas" declared "call:0"
"['Finneas']" won the round 4 (stack = {'ZPlayer': 1010, 'Xun': 950, 'NitWinWin': 985, 'Finneas': 1070, 'YangZ': 985})
player [ZPlayer] gets hole card ['DA', 'CK'], current stack 1005
player [Xun] gets hole card ['SA', 'C9'], current stack 940
player [NitWinWin] gets hole card ['DT', 'D7'], current stack 985
player [Finneas] gets hole card ['D3', 'CT'], current stack 1070
player [YangZ] gets hole card ['HJ', 'C5'], current stack 985
Started the round 5
Street "preflop" started. (community card = [])
"NitWinWin" declared "fold:0"
"Finneas" declared "call:10"
"YangZ" declared "fold:0"
"ZPlayer" declared "raise:15"
"Xun" declared "call:15"
"Finneas" declared "call:15"
Street "flop" started. (community card = ['DJ', 'CJ', 'HQ'])
"ZPlayer" declared "raise:45"
"Xun" declared "fold:0"
"Finneas" declared "fold:0"
"['ZPlayer']" won the round 5 (stack = {'ZPlayer': 1040, 'Xun': 935, 'NitWinWin': 985, 'Finneas': 1055, 'YangZ': 985})
player [ZPlayer] gets hole card ['DK', 'S4'], current stack 1040
player [Xun] gets hole card ['S7', 'ST'], current stack 930
player [NitWinWin] gets hole card ['H6', 'SQ'], current stack 975
player [Finneas] gets hole card ['C4', 'D6'], current stack 1055
player [YangZ] gets hole card ['CT', 'D9'], current stack 985
Started the round 6
Street "preflop" started. (community card = [])
"Finneas" declared "call:10"
"YangZ" declared "fold:0"
"ZPlayer" declared "call:10"
"Xun" declared "call:10"
"NitWinWin" declared "fold:0"
Street "flop" started. (community card = ['HT', 'SJ', 'H9'])
"Xun" declared "call:0"
"Finneas" declared "call:0"
"ZPlayer" declared "call:0"
Street "turn" started. (community card = ['HT', 'SJ', 'H9', 'D2'])
"Xun" declared "fold:0"
"Finneas" declared "call:0"
"ZPlayer" declared "call:0"
Street "river" started. (community card = ['HT', 'SJ', 'H9', 'D2', 'H2'])
"Finneas" declared "call:0"
"ZPlayer" declared "call:0"
"['ZPlayer']" won the round 6 (stack = {'ZPlayer': 1070, 'Xun': 925, 'NitWinWin': 975, 'Finneas': 1045, 'YangZ': 985})
player [ZPlayer] gets hole card ['C8', 'C2'], current stack 1070
player [Xun] gets hole card ['SA', 'SJ'], current stack 925
player [NitWinWin] gets hole card ['HK', 'C3'], current stack 970
player [Finneas] gets hole card ['C4', 'H7'], current stack 1035
player [YangZ] gets hole card ['HJ', 'S9'], current stack 985
Started the round 7
Street "preflop" started. (community card = [])
"YangZ" declared "fold:0"
"ZPlayer" declared "call:10"
"Xun" declared "call:10"
"NitWinWin" declared "fold:0"
"Finneas" declared "call:10"
Street "flop" started. (community card = ['H3', 'HT', 'D4'])
"Finneas" declared "call:0"
"ZPlayer" declared "call:0"
"Xun" declared "fold:0"
Street "turn" started. (community card = ['H3', 'HT', 'D4', 'CA'])
"Finneas" declared "call:0"
"ZPlayer" declared "call:0"
Street "river" started. (community card = ['H3', 'HT', 'D4', 'CA', 'S8'])
"Finneas" declared "call:0"
"ZPlayer" declared "raise:10"
"Finneas" declared "call:10"
"['ZPlayer']" won the round 7 (stack = {'ZPlayer': 1105, 'Xun': 915, 'NitWinWin': 970, 'Finneas': 1025, 'YangZ': 985})
player [ZPlayer] gets hole card ['H5', 'ST'], current stack 1105
player [Xun] gets hole card ['DQ', 'CT'], current stack 915
player [NitWinWin] gets hole card ['HQ', 'S6'], current stack 970
player [Finneas] gets hole card ['D6', 'CQ'], current stack 1020
player [YangZ] gets hole card ['D2', 'S9'], current stack 975
Started the round 8
Street "preflop" started. (community card = [])
"ZPlayer" declared "call:10"
"Xun" declared "call:10"
"NitWinWin" declared "fold:0"
"Finneas" declared "call:10"
"YangZ" declared "fold:0"
Street "flop" started. (community card = ['D4', 'CK', 'D9'])
"Finneas" declared "call:0"
"ZPlayer" declared "call:0"
"Xun" declared "call:0"
Street "turn" started. (community card = ['D4', 'CK', 'D9', 'D8'])
"Finneas" declared "call:0"
"ZPlayer" declared "call:0"
"Xun" declared "fold:0"
Street "river" started. (community card = ['D4', 'CK', 'D9', 'D8', 'C2'])
"Finneas" declared "call:0"
"ZPlayer" declared "call:0"
"['Finneas']" won the round 8 (stack = {'ZPlayer': 1095, 'Xun': 905, 'NitWinWin': 970, 'Finneas': 1055, 'YangZ': 975})
player [ZPlayer] gets hole card ['S8', 'CJ'], current stack 1085
player [Xun] gets hole card ['D8', 'DT'], current stack 905
player [NitWinWin] gets hole card ['C3', 'H3'], current stack 970
player [Finneas] gets hole card ['H6', 'H8'], current stack 1055
player [YangZ] gets hole card ['C9', 'D6'], current stack 970
Started the round 9
Street "preflop" started. (community card = [])
"Xun" declared "call:10"
"NitWinWin" declared "fold:0"
"Finneas" declared "call:10"
"YangZ" declared "fold:0"
"ZPlayer" declared "call:10"
Street "flop" started. (community card = ['CK', 'DK', 'SK'])
"ZPlayer" declared "raise:10"
"Xun" declared "call:10"
"Finneas" declared "raise:532"
"ZPlayer" declared "fold:0"
"Xun" declared "fold:0"
"['Finneas']" won the round 9 (stack = {'ZPlayer': 1075, 'Xun': 885, 'NitWinWin': 970, 'Finneas': 1100, 'YangZ': 970})
player [ZPlayer] gets hole card ['C4', 'D7'], current stack 1070
player [Xun] gets hole card ['CJ', 'C7'], current stack 875
player [NitWinWin] gets hole card ['SA', 'CA'], current stack 970
player [Finneas] gets hole card ['HA', 'C3'], current stack 1100
player [YangZ] gets hole card ['CQ', 'H5'], current stack 970
Started the round 10
Street "preflop" started. (community card = [])
"NitWinWin" declared "raise:970"
"Finneas" declared "fold:0"
"YangZ" declared "fold:0"
"ZPlayer" declared "fold:0"
"Xun" declared "call:970"
Street "flop" started. (community card = ['H9', 'ST', 'H4'])
Street "turn" started. (community card = ['H9', 'ST', 'H4', 'CT'])
Street "river" started. (community card = ['H9', 'ST', 'H4', 'CT', 'HK'])
"['NitWinWin']" won the round 10 (stack = {'ZPlayer': 1070, 'Xun': 0, 'NitWinWin': 1860, 'Finneas': 1100, 'YangZ': 970})
player [ZPlayer] gets hole card ['D5', 'DJ'], current stack 1070
player [NitWinWin] gets hole card ['SK', 'S6'], current stack 1855
player [Finneas] gets hole card ['SA', 'DQ'], current stack 1090
player [YangZ] gets hole card ['H4', 'H2'], current stack 970
Started the round 11
Street "preflop" started. (community card = [])
"YangZ" declared "fold:0"
"ZPlayer" declared "raise:15"
"NitWinWin" declared "fold:0"
"Finneas" declared "raise:560"
"ZPlayer" declared "fold:0"
"['Finneas']" won the round 11 (stack = {'ZPlayer': 1055, 'Xun': 0, 'NitWinWin': 1855, 'Finneas': 1120, 'YangZ': 970})
player [ZPlayer] gets hole card ['C8', 'S3'], current stack 1055
player [NitWinWin] gets hole card ['S5', 'HJ'], current stack 1855
player [Finneas] gets hole card ['H9', 'SJ'], current stack 1115
player [YangZ] gets hole card ['HA', 'C9'], current stack 960
Started the round 12
Street "preflop" started. (community card = [])
"ZPlayer" declared "call:10"
"NitWinWin" declared "fold:0"
"Finneas" declared "call:10"
"YangZ" declared "fold:0"
Street "flop" started. (community card = ['S8', 'S7', 'D8'])
"Finneas" declared "call:0"
"ZPlayer" declared "raise:30"
"Finneas" declared "fold:0"
"['ZPlayer']" won the round 12 (stack = {'ZPlayer': 1075, 'Xun': 0, 'NitWinWin': 1855, 'Finneas': 1110, 'YangZ': 960})
player [ZPlayer] gets hole card ['H7', 'C4'], current stack 1065
player [NitWinWin] gets hole card ['H6', 'C5'], current stack 1855
player [Finneas] gets hole card ['H3', 'HJ'], current stack 1110
player [YangZ] gets hole card ['S7', 'D3'], current stack 955
Started the round 13
Street "preflop" started. (community card = [])
"NitWinWin" declared "fold:0"
"Finneas" declared "call:10"
"YangZ" declared "fold:0"
"ZPlayer" declared "call:10"
Street "flop" started. (community card = ['SK', 'D8', 'CA'])
"ZPlayer" declared "call:0"
"Finneas" declared "call:0"
Street "turn" started. (community card = ['SK', 'D8', 'CA', 'SJ'])
"ZPlayer" declared "call:0"
"Finneas" declared "call:0"
Street "river" started. (community card = ['SK', 'D8', 'CA', 'SJ', 'CT'])
"ZPlayer" declared "call:0"
"Finneas" declared "call:0"
"['Finneas']" won the round 13 (stack = {'ZPlayer': 1065, 'Xun': 0, 'NitWinWin': 1855, 'Finneas': 1125, 'YangZ': 955})
player [ZPlayer] gets hole card ['DQ', 'H8'], current stack 1060
player [NitWinWin] gets hole card ['SQ', 'S2'], current stack 1845
player [Finneas] gets hole card ['H6', 'DA'], current stack 1125
player [YangZ] gets hole card ['C9', 'C8'], current stack 955
Started the round 14
Street "preflop" started. (community card = [])
"Finneas" declared "call:10"
"YangZ" declared "fold:0"
"ZPlayer" declared "raise:15"
"NitWinWin" declared "fold:0"
"Finneas" declared "call:15"
Street "flop" started. (community card = ['CJ', 'C7', 'D5'])
"ZPlayer" declared "call:0"
"Finneas" declared "call:0"
Street "turn" started. (community card = ['CJ', 'C7', 'D5', 'HK'])
"ZPlayer" declared "call:0"
"Finneas" declared "call:0"
Street "river" started. (community card = ['CJ', 'C7', 'D5', 'HK', 'CA'])
"ZPlayer" declared "call:0"
"Finneas" declared "call:0"
"['Finneas']" won the round 14 (stack = {'ZPlayer': 1050, 'Xun': 0, 'NitWinWin': 1845, 'Finneas': 1150, 'YangZ': 955})
player [ZPlayer] gets hole card ['D8', 'HQ'], current stack 1050
player [NitWinWin] gets hole card ['DJ', 'CK'], current stack 1840
player [Finneas] gets hole card ['S6', 'H4'], current stack 1140
player [YangZ] gets hole card ['SJ', 'CA'], current stack 955
Started the round 15
Street "preflop" started. (community card = [])
"YangZ" declared "fold:0"
"ZPlayer" declared "raise:15"
"NitWinWin" declared "fold:0"
"Finneas" declared "call:15"
Street "flop" started. (community card = ['HJ', 'H2', 'SQ'])
"Finneas" declared "call:0"
"ZPlayer" declared "raise:17"
"Finneas" declared "call:17"
Street "turn" started. (community card = ['HJ', 'H2', 'SQ', 'D3'])
"Finneas" declared "call:0"
"ZPlayer" declared "raise:10"
"Finneas" declared "call:10"
Street "river" started. (community card = ['HJ', 'H2', 'SQ', 'D3', 'D2'])
"Finneas" declared "call:0"
"ZPlayer" declared "raise:44"
"Finneas" declared "fold:0"
"['ZPlayer']" won the round 15 (stack = {'ZPlayer': 1097, 'Xun': 0, 'NitWinWin': 1840, 'Finneas': 1108, 'YangZ': 955})
player [ZPlayer] gets hole card ['C7', 'CK'], current stack 1097
player [NitWinWin] gets hole card ['HA', 'CQ'], current stack 1840
player [Finneas] gets hole card ['C9', 'S6'], current stack 1103
player [YangZ] gets hole card ['D6', 'S4'], current stack 945
Started the round 16
Street "preflop" started. (community card = [])
"ZPlayer" declared "raise:15"
"NitWinWin" declared "fold:0"
"Finneas" declared "call:15"
"YangZ" declared "fold:0"
Street "flop" started. (community card = ['C8', 'D7', 'C2'])
"Finneas" declared "call:0"
"ZPlayer" declared "raise:10"
"Finneas" declared "call:10"
Street "turn" started. (community card = ['C8', 'D7', 'C2', 'S2'])
"Finneas" declared "call:0"
"ZPlayer" declared "raise:10"
"Finneas" declared "call:10"
Street "river" started. (community card = ['C8', 'D7', 'C2', 'S2', 'S5'])
"Finneas" declared "call:0"
"ZPlayer" declared "raise:10"
"Finneas" declared "call:10"
"['Finneas']" won the round 16 (stack = {'ZPlayer': 1052, 'Xun': 0, 'NitWinWin': 1840, 'Finneas': 1163, 'YangZ': 945})
player [ZPlayer] gets hole card ['SA', 'CK'], current stack 1042
player [NitWinWin] gets hole card ['CA', 'D2'], current stack 1840
player [Finneas] gets hole card ['DJ', 'H6'], current stack 1163
player [YangZ] gets hole card ['DA', 'CT'], current stack 940
Started the round 17
Street "preflop" started. (community card = [])
"NitWinWin" declared "fold:0"
"Finneas" declared "call:10"
"YangZ" declared "fold:0"
"ZPlayer" declared "raise:15"
"Finneas" declared "call:15"
Street "flop" started. (community card = ['H4', 'H8', 'C3'])
"ZPlayer" declared "call:0"
"Finneas" declared "call:0"
Street "turn" started. (community card = ['H4', 'H8', 'C3', 'SK'])
"ZPlayer" declared "raise:35"
"Finneas" declared "fold:0"
"['ZPlayer']" won the round 17 (stack = {'ZPlayer': 1072, 'Xun': 0, 'NitWinWin': 1840, 'Finneas': 1148, 'YangZ': 940})
player [ZPlayer] gets hole card ['C3', 'H7'], current stack 1067
player [NitWinWin] gets hole card ['D8', 'D3'], current stack 1830
player [Finneas] gets hole card ['ST', 'CA'], current stack 1148
player [YangZ] gets hole card ['H3', 'D9'], current stack 940
Started the round 18
Street "preflop" started. (community card = [])
"Finneas" declared "call:10"
"YangZ" declared "fold:0"
"ZPlayer" declared "call:10"
"NitWinWin" declared "fold:0"
Street "flop" started. (community card = ['C4', 'S7', 'S8'])
"ZPlayer" declared "raise:10"
"Finneas" declared "call:10"
Street "turn" started. (community card = ['C4', 'S7', 'S8', 'C2'])
"ZPlayer" declared "raise:10"
"Finneas" declared "call:10"
Street "river" started. (community card = ['C4', 'S7', 'S8', 'C2', 'HQ'])
"ZPlayer" declared "call:0"
"Finneas" declared "call:0"
"['ZPlayer']" won the round 18 (stack = {'ZPlayer': 1112, 'Xun': 0, 'NitWinWin': 1830, 'Finneas': 1118, 'YangZ': 940})
player [ZPlayer] gets hole card ['D8', 'D5'], current stack 1112
player [NitWinWin] gets hole card ['HQ', 'S5'], current stack 1825
player [Finneas] gets hole card ['CQ', 'HA'], current stack 1108
player [YangZ] gets hole card ['HJ', 'S2'], current stack 940
Started the round 19
Street "preflop" started. (community card = [])
"YangZ" declared "fold:0"
"ZPlayer" declared "call:10"
"NitWinWin" declared "fold:0"
"Finneas" declared "raise:566"
"ZPlayer" declared "fold:0"
"['Finneas']" won the round 19 (stack = {'ZPlayer': 1102, 'Xun': 0, 'NitWinWin': 1825, 'Finneas': 1133, 'YangZ': 940})
player [ZPlayer] gets hole card ['C6', 'DQ'], current stack 1102
player [NitWinWin] gets hole card ['C7', 'DA'], current stack 1825
player [Finneas] gets hole card ['H8', 'H3'], current stack 1128
player [YangZ] gets hole card ['H7', 'C2'], current stack 930
Started the round 20
Street "preflop" started. (community card = [])
"ZPlayer" declared "raise:15"
"NitWinWin" declared "fold:0"
"Finneas" declared "call:15"
"YangZ" declared "fold:0"
Street "flop" started. (community card = ['DT', 'HK', 'C3'])
"Finneas" declared "call:0"
"ZPlayer" declared "call:0"
Street "turn" started. (community card = ['DT', 'HK', 'C3', 'ST'])
"Finneas" declared "call:0"
"ZPlayer" declared "call:0"
Street "river" started. (community card = ['DT', 'HK', 'C3', 'ST', 'D3'])
"Finneas" declared "raise:564"
"ZPlayer" declared "fold:0"
"['Finneas']" won the round 20 (stack = {'ZPlayer': 1087, 'Xun': 0, 'NitWinWin': 1825, 'Finneas': 1158, 'YangZ': 930})
player [ZPlayer] gets hole card ['S7', 'CT'], current stack 1077
player [NitWinWin] gets hole card ['C2', 'HA'], current stack 1825
player [Finneas] gets hole card ['D3', 'H7'], current stack 1158
player [YangZ] gets hole card ['S4', 'HJ'], current stack 925
Started the round 21
Street "preflop" started. (community card = [])
"NitWinWin" declared "fold:0"
"Finneas" declared "call:10"
"YangZ" declared "fold:0"
"ZPlayer" declared "call:10"
Street "flop" started. (community card = ['HK', 'H6', 'D8'])
"ZPlayer" declared "call:0"
"Finneas" declared "call:0"
Street "turn" started. (community card = ['HK', 'H6', 'D8', 'SJ'])
"ZPlayer" declared "call:0"
"Finneas" declared "call:0"
Street "river" started. (community card = ['HK', 'H6', 'D8', 'SJ', 'CA'])
"ZPlayer" declared "call:0"
"Finneas" declared "call:0"
"['ZPlayer']" won the round 21 (stack = {'ZPlayer': 1102, 'Xun': 0, 'NitWinWin': 1825, 'Finneas': 1148, 'YangZ': 925})
player [ZPlayer] gets hole card ['SQ', 'S7'], current stack 1097
player [NitWinWin] gets hole card ['D2', 'S4'], current stack 1815
player [Finneas] gets hole card ['S5', 'S6'], current stack 1148
player [YangZ] gets hole card ['H3', 'DJ'], current stack 925
Started the round 22
Street "preflop" started. (community card = [])
"Finneas" declared "call:10"
"YangZ" declared "fold:0"
"ZPlayer" declared "raise:15"
"NitWinWin" declared "fold:0"
"Finneas" declared "call:15"
Street "flop" started. (community card = ['C3', 'D5', 'ST'])
"ZPlayer" declared "call:0"
"Finneas" declared "call:0"
Street "turn" started. (community card = ['C3', 'D5', 'ST', 'C9'])
"ZPlayer" declared "call:0"
"Finneas" declared "call:0"
Street "river" started. (community card = ['C3', 'D5', 'ST', 'C9', 'SK'])
"ZPlayer" declared "call:0"
"Finneas" declared "call:0"
"['Finneas']" won the round 22 (stack = {'ZPlayer': 1087, 'Xun': 0, 'NitWinWin': 1815, 'Finneas': 1173, 'YangZ': 925})
player [ZPlayer] gets hole card ['DQ', 'S5'], current stack 1087
player [NitWinWin] gets hole card ['H9', 'C8'], current stack 1810
player [Finneas] gets hole card ['HA', 'CA'], current stack 1163
player [YangZ] gets hole card ['S6', 'C3'], current stack 925
Started the round 23
Street "preflop" started. (community card = [])
"YangZ" declared "fold:0"
"ZPlayer" declared "raise:15"
"NitWinWin" declared "fold:0"
"Finneas" declared "raise:596"
"ZPlayer" declared "fold:0"
"['Finneas']" won the round 23 (stack = {'ZPlayer': 1072, 'Xun': 0, 'NitWinWin': 1810, 'Finneas': 1193, 'YangZ': 925})
player [ZPlayer] gets hole card ['H6', 'S4'], current stack 1072
player [NitWinWin] gets hole card ['H8', 'C4'], current stack 1810
player [Finneas] gets hole card ['DK', 'S5'], current stack 1188
player [YangZ] gets hole card ['H5', 'D7'], current stack 915
Started the round 24
Street "preflop" started. (community card = [])
"ZPlayer" declared "call:10"
"NitWinWin" declared "fold:0"
"Finneas" declared "call:10"
"YangZ" declared "fold:0"
Street "flop" started. (community card = ['S9', 'HK', 'CJ'])
"Finneas" declared "call:0"
"ZPlayer" declared "call:0"
Street "turn" started. (community card = ['S9', 'HK', 'CJ', 'H9'])
"Finneas" declared "call:0"
"ZPlayer" declared "call:0"
Street "river" started. (community card = ['S9', 'HK', 'CJ', 'H9', 'D3'])
"Finneas" declared "call:0"
"ZPlayer" declared "call:0"
"['Finneas']" won the round 24 (stack = {'ZPlayer': 1062, 'Xun': 0, 'NitWinWin': 1810, 'Finneas': 1213, 'YangZ': 915})
player [ZPlayer] gets hole card ['HQ', 'D4'], current stack 1052
player [NitWinWin] gets hole card ['HA', 'DJ'], current stack 1810
player [Finneas] gets hole card ['S4', 'D6'], current stack 1213
player [YangZ] gets hole card ['H9', 'D3'], current stack 910
Started the round 25
Street "preflop" started. (community card = [])
"NitWinWin" declared "fold:0"
"Finneas" declared "call:10"
"YangZ" declared "fold:0"
"ZPlayer" declared "call:10"
Street "flop" started. (community card = ['DA', 'S3', 'C8'])
"ZPlayer" declared "call:0"
"Finneas" declared "call:0"
Street "turn" started. (community card = ['DA', 'S3', 'C8', 'SA'])
"ZPlayer" declared "call:0"
"Finneas" declared "call:0"
Street "river" started. (community card = ['DA', 'S3', 'C8', 'SA', 'H3'])
"ZPlayer" declared "raise:10"
"Finneas" declared "call:10"
"['ZPlayer']" won the round 25 (stack = {'ZPlayer': 1087, 'Xun': 0, 'NitWinWin': 1810, 'Finneas': 1193, 'YangZ': 910})
player [ZPlayer] gets hole card ['S8', 'C2'], current stack 1082
player [NitWinWin] gets hole card ['D2', 'S4'], current stack 1800
player [Finneas] gets hole card ['CA', 'H5'], current stack 1193
player [YangZ] gets hole card ['HA', 'S3'], current stack 910
Started the round 26
Street "preflop" started. (community card = [])
"Finneas" declared "call:10"
"YangZ" declared "fold:0"
"ZPlayer" declared "call:10"
"NitWinWin" declared "fold:0"
Street "flop" started. (community card = ['SA', 'CT', 'H8'])
"ZPlayer" declared "raise:15"
"Finneas" declared "call:15"
Street "turn" started. (community card = ['SA', 'CT', 'H8', 'S5'])
"ZPlayer" declared "raise:10"
"Finneas" declared "call:10"
Street "river" started. (community card = ['SA', 'CT', 'H8', 'S5', 'D5'])
"ZPlayer" declared "raise:10"
"Finneas" declared "raise:589"
"ZPlayer" declared "fold:0"
"['Finneas']" won the round 26 (stack = {'ZPlayer': 1042, 'Xun': 0, 'NitWinWin': 1800, 'Finneas': 1248, 'YangZ': 910})
player [ZPlayer] gets hole card ['H9', 'H8'], current stack 1042
player [NitWinWin] gets hole card ['SQ', 'CT'], current stack 1795
player [Finneas] gets hole card ['CJ', 'DQ'], current stack 1238
player [YangZ] gets hole card ['H4', 'D2'], current stack 910
Started the round 27
Street "preflop" started. (community card = [])
"YangZ" declared "fold:0"
"ZPlayer" declared "raise:15"
"NitWinWin" declared "fold:0"
"Finneas" declared "call:15"
Street "flop" started. (community card = ['S4', 'C8', 'HQ'])
"Finneas" declared "call:0"
"ZPlayer" declared "raise:10"
"Finneas" declared "call:10"
Street "turn" started. (community card = ['S4', 'C8', 'HQ', 'H7'])
"Finneas" declared "call:0"
"ZPlayer" declared "raise:10"
"Finneas" declared "call:10"
Street "river" started. (community card = ['S4', 'C8', 'HQ', 'H7', 'D6'])
"Finneas" declared "call:0"
"ZPlayer" declared "call:0"
"['Finneas']" won the round 27 (stack = {'ZPlayer': 1007, 'Xun': 0, 'NitWinWin': 1795, 'Finneas': 1288, 'YangZ': 910})
player [ZPlayer] gets hole card ['CJ', 'SK'], current stack 1007
player [NitWinWin] gets hole card ['SA', 'D2'], current stack 1795
player [Finneas] gets hole card ['HQ', 'D6'], current stack 1283
player [YangZ] gets hole card ['H9', 'DQ'], current stack 900
Started the round 28
Street "preflop" started. (community card = [])
"ZPlayer" declared "raise:15"
"NitWinWin" declared "fold:0"
"Finneas" declared "call:15"
"YangZ" declared "fold:0"
Street "flop" started. (community card = ['S8', 'CT', 'SQ'])
"Finneas" declared "call:0"
"ZPlayer" declared "call:0"
Street "turn" started. (community card = ['S8', 'CT', 'SQ', 'CA'])
"Finneas" declared "call:0"
"ZPlayer" declared "raise:200"
"Finneas" declared "fold:0"
"['ZPlayer']" won the round 28 (stack = {'ZPlayer': 1032, 'Xun': 0, 'NitWinWin': 1795, 'Finneas': 1273, 'YangZ': 900})
player [ZPlayer] gets hole card ['DQ', 'DJ'], current stack 1022
player [NitWinWin] gets hole card ['C9', 'D4'], current stack 1795
player [Finneas] gets hole card ['H4', 'CT'], current stack 1273
player [YangZ] gets hole card ['C3', 'C2'], current stack 895
Started the round 29
Street "preflop" started. (community card = [])
"NitWinWin" declared "fold:0"
"Finneas" declared "call:10"
"YangZ" declared "fold:0"
"ZPlayer" declared "raise:15"
"Finneas" declared "call:15"
Street "flop" started. (community card = ['S8', 'D5', 'SK'])
"ZPlayer" declared "call:0"
"Finneas" declared "call:0"
Street "turn" started. (community card = ['S8', 'D5', 'SK', 'HA'])
"ZPlayer" declared "call:0"
"Finneas" declared "call:0"
Street "river" started. (community card = ['S8', 'D5', 'SK', 'HA', 'C6'])
"ZPlayer" declared "call:0"
"Finneas" declared "call:0"
"['ZPlayer']" won the round 29 (stack = {'ZPlayer': 1052, 'Xun': 0, 'NitWinWin': 1795, 'Finneas': 1258, 'YangZ': 895})
player [ZPlayer] gets hole card ['H8', 'S3'], current stack 1047
player [NitWinWin] gets hole card ['HQ', 'DK'], current stack 1785
player [Finneas] gets hole card ['CQ', 'SQ'], current stack 1258
player [YangZ] gets hole card ['H4', 'DT'], current stack 895
Started the round 30
Street "preflop" started. (community card = [])
"Finneas" declared "raise:636"
"YangZ" declared "fold:0"
"ZPlayer" declared "fold:0"
"NitWinWin" declared "raise:1795"
"Finneas" declared "fold:0"
"['NitWinWin']" won the round 30 (stack = {'ZPlayer': 1047, 'Xun': 0, 'NitWinWin': 2436, 'Finneas': 622, 'YangZ': 895})
player [ZPlayer] gets hole card ['SJ', 'C6'], current stack 1047
player [NitWinWin] gets hole card ['C2', 'D3'], current stack 2431
player [Finneas] gets hole card ['SA', 'S7'], current stack 612
player [YangZ] gets hole card ['HA', 'S8'], current stack 895
Started the round 31
Street "preflop" started. (community card = [])
"YangZ" declared "fold:0"
"ZPlayer" declared "call:10"
"NitWinWin" declared "fold:0"
"Finneas" declared "call:10"
Street "flop" started. (community card = ['S5', 'DQ', 'H6'])
"Finneas" declared "call:0"
"ZPlayer" declared "raise:10"
"Finneas" declared "call:10"
Street "turn" started. (community card = ['S5', 'DQ', 'H6', 'S6'])
"Finneas" declared "call:0"
"ZPlayer" declared "raise:45"
"Finneas" declared "fold:0"
"['ZPlayer']" won the round 31 (stack = {'ZPlayer': 1072, 'Xun': 0, 'NitWinWin': 2431, 'Finneas': 602, 'YangZ': 895})
player [ZPlayer] gets hole card ['C4', 'H7'], current stack 1072
player [NitWinWin] gets hole card ['DJ', 'S9'], current stack 2431
player [Finneas] gets hole card ['HQ', 'S6'], current stack 597
player [YangZ] gets hole card ['H3', 'DA'], current stack 885
Started the round 32
Street "preflop" started. (community card = [])
"ZPlayer" declared "call:10"
"NitWinWin" declared "fold:0"
"Finneas" declared "call:10"
"YangZ" declared "fold:0"
Street "flop" started. (community card = ['CJ', 'CA', 'C8'])
"Finneas" declared "call:0"
"ZPlayer" declared "call:0"
Street "turn" started. (community card = ['CJ', 'CA', 'C8', 'SQ'])
"Finneas" declared "call:0"
"ZPlayer" declared "call:0"
Street "river" started. (community card = ['CJ', 'CA', 'C8', 'SQ', 'HT'])
"Finneas" declared "call:0"
"ZPlayer" declared "call:0"
"['Finneas']" won the round 32 (stack = {'ZPlayer': 1062, 'Xun': 0, 'NitWinWin': 2431, 'Finneas': 622, 'YangZ': 885})
player [ZPlayer] gets hole card ['CQ', 'C5'], current stack 1052
player [NitWinWin] gets hole card ['DA', 'CK'], current stack 2431
player [Finneas] gets hole card ['SA', 'HQ'], current stack 622
player [YangZ] gets hole card ['D3', 'C3'], current stack 880
Started the round 33
Street "preflop" started. (community card = [])
"NitWinWin" declared "fold:0"
"Finneas" declared "raise:318"
"YangZ" declared "fold:0"
"ZPlayer" declared "fold:0"
"['Finneas']" won the round 33 (stack = {'ZPlayer': 1052, 'Xun': 0, 'NitWinWin': 2431, 'Finneas': 637, 'YangZ': 880})
player [ZPlayer] gets hole card ['H9', 'S4'], current stack 1047
player [NitWinWin] gets hole card ['CA', 'HQ'], current stack 2421
player [Finneas] gets hole card ['DT', 'CK'], current stack 637
player [YangZ] gets hole card ['DK', 'S6'], current stack 880
Started the round 34
Street "preflop" started. (community card = [])
"Finneas" declared "call:10"
"YangZ" declared "fold:0"
"ZPlayer" declared "call:10"
"NitWinWin" declared "fold:0"
Street "flop" started. (community card = ['C8', 'DJ', 'S2'])
"ZPlayer" declared "call:0"
"Finneas" declared "call:0"
Street "turn" started. (community card = ['C8', 'DJ', 'S2', 'D9'])
"ZPlayer" declared "raise:10"
"Finneas" declared "call:10"
Street "river" started. (community card = ['C8', 'DJ', 'S2', 'D9', 'C3'])
"ZPlayer" declared "raise:10"
"Finneas" declared "call:10"
"['ZPlayer']" won the round 34 (stack = {'ZPlayer': 1092, 'Xun': 0, 'NitWinWin': 2421, 'Finneas': 607, 'YangZ': 880})
player [ZPlayer] gets hole card ['CA', 'D4'], current stack 1092
player [NitWinWin] gets hole card ['C2', 'CQ'], current stack 2416
player [Finneas] gets hole card ['S4', 'C8'], current stack 597
player [YangZ] gets hole card ['S8', 'SJ'], current stack 880
Started the round 35
Street "preflop" started. (community card = [])
"YangZ" declared "fold:0"
"ZPlayer" declared "raise:15"
"NitWinWin" declared "fold:0"
"Finneas" declared "call:15"
Street "flop" started. (community card = ['DT', 'C6', 'H6'])
"Finneas" declared "call:0"
"ZPlayer" declared "call:0"
Street "turn" started. (community card = ['DT', 'C6', 'H6', 'H5'])
"Finneas" declared "call:0"
"ZPlayer" declared "call:0"
Street "river" started. (community card = ['DT', 'C6', 'H6', 'H5', 'CK'])
"Finneas" declared "call:0"
"ZPlayer" declared "call:0"
"['ZPlayer']" won the round 35 (stack = {'ZPlayer': 1112, 'Xun': 0, 'NitWinWin': 2416, 'Finneas': 592, 'YangZ': 880})
player [ZPlayer] gets hole card ['H4', 'C5'], current stack 1112
player [NitWinWin] gets hole card ['SA', 'DT'], current stack 2416
player [Finneas] gets hole card ['S3', 'S5'], current stack 587
player [YangZ] gets hole card ['D5', 'CK'], current stack 870
Started the round 36
Street "preflop" started. (community card = [])
"ZPlayer" declared "call:10"
"NitWinWin" declared "fold:0"
"Finneas" declared "call:10"
"YangZ" declared "fold:0"
Street "flop" started. (community card = ['DK', 'HA', 'CJ'])
"Finneas" declared "call:0"
"ZPlayer" declared "call:0"
Street "turn" started. (community card = ['DK', 'HA', 'CJ', 'HQ'])
"Finneas" declared "call:0"
"ZPlayer" declared "call:0"
Street "river" started. (community card = ['DK', 'HA', 'CJ', 'HQ', 'H7'])
"Finneas" declared "call:0"
"ZPlayer" declared "call:0"
"['ZPlayer', 'Finneas']" won the round 36 (stack = {'ZPlayer': 1117, 'Xun': 0, 'NitWinWin': 2416, 'Finneas': 597, 'YangZ': 870})
player [ZPlayer] gets hole card ['C4', 'DQ'], current stack 1107
player [NitWinWin] gets hole card ['C8', 'CT'], current stack 2416
player [Finneas] gets hole card ['H9', 'HQ'], current stack 597
player [YangZ] gets hole card ['S8', 'C5'], current stack 865
Started the round 37
Street "preflop" started. (community card = [])
"NitWinWin" declared "fold:0"
"Finneas" declared "call:10"
"YangZ" declared "fold:0"
"ZPlayer" declared "call:10"
Street "flop" started. (community card = ['C6', 'H5', 'SA'])
"ZPlayer" declared "call:0"
"Finneas" declared "call:0"
Street "turn" started. (community card = ['C6', 'H5', 'SA', 'HT'])
"ZPlayer" declared "call:0"
"Finneas" declared "call:0"
Street "river" started. (community card = ['C6', 'H5', 'SA', 'HT', 'HJ'])
"ZPlayer" declared "call:0"
"Finneas" declared "raise:298"
"ZPlayer" declared "fold:0"
"['Finneas']" won the round 37 (stack = {'ZPlayer': 1107, 'Xun': 0, 'NitWinWin': 2416, 'Finneas': 612, 'YangZ': 865})
player [ZPlayer] gets hole card ['H2', 'DQ'], current stack 1102
player [NitWinWin] gets hole card ['S6', 'SA'], current stack 2406
player [Finneas] gets hole card ['S9', 'S2'], current stack 612
player [YangZ] gets hole card ['DT', 'C5'], current stack 865
Started the round 38
Street "preflop" started. (community card = [])
"Finneas" declared "call:10"
"YangZ" declared "fold:0"
"ZPlayer" declared "call:10"
"NitWinWin" declared "fold:0"
Street "flop" started. (community card = ['S7', 'ST', 'H8'])
"ZPlayer" declared "call:0"
"Finneas" declared "call:0"
Street "turn" started. (community card = ['S7', 'ST', 'H8', 'D2'])
"ZPlayer" declared "call:0"
"Finneas" declared "call:0"
Street "river" started. (community card = ['S7', 'ST', 'H8', 'D2', 'C3'])
"ZPlayer" declared "call:0"
"Finneas" declared "call:0"
"['ZPlayer']" won the round 38 (stack = {'ZPlayer': 1127, 'Xun': 0, 'NitWinWin': 2406, 'Finneas': 602, 'YangZ': 865})
player [ZPlayer] gets hole card ['HJ', 'C6'], current stack 1127
player [NitWinWin] gets hole card ['S8', 'H6'], current stack 2401
player [Finneas] gets hole card ['CT', 'SQ'], current stack 592
player [YangZ] gets hole card ['S9', 'S7'], current stack 865
Started the round 39
Street "preflop" started. (community card = [])
"YangZ" declared "fold:0"
"ZPlayer" declared "call:10"
"NitWinWin" declared "fold:0"
"Finneas" declared "call:10"
Street "flop" started. (community card = ['C3', 'C9', 'D2'])
"Finneas" declared "call:0"
"ZPlayer" declared "call:0"
Street "turn" started. (community card = ['C3', 'C9', 'D2', 'H7'])
"Finneas" declared "call:0"
"ZPlayer" declared "call:0"
Street "river" started. (community card = ['C3', 'C9', 'D2', 'H7', 'D4'])
"Finneas" declared "call:0"
"ZPlayer" declared "call:0"
"['Finneas']" won the round 39 (stack = {'ZPlayer': 1117, 'Xun': 0, 'NitWinWin': 2401, 'Finneas': 617, 'YangZ': 865})
player [ZPlayer] gets hole card ['H3', 'HK'], current stack 1117
player [NitWinWin] gets hole card ['H2', 'HA'], current stack 2401
player [Finneas] gets hole card ['SQ', 'D9'], current stack 612
player [YangZ] gets hole card ['ST', 'D6'], current stack 855
Started the round 40
Street "preflop" started. (community card = [])
"ZPlayer" declared "raise:15"
"NitWinWin" declared "fold:0"
"Finneas" declared "call:15"
"YangZ" declared "fold:0"
Street "flop" started. (community card = ['C7', 'H8', 'DA'])
"Finneas" declared "call:0"
"ZPlayer" declared "call:0"
Street "turn" started. (community card = ['C7', 'H8', 'DA', 'CA'])
"Finneas" declared "call:0"
"ZPlayer" declared "call:0"
Street "river" started. (community card = ['C7', 'H8', 'DA', 'CA', 'H9'])
"Finneas" declared "call:0"
"ZPlayer" declared "call:0"
"['Finneas']" won the round 40 (stack = {'ZPlayer': 1102, 'Xun': 0, 'NitWinWin': 2401, 'Finneas': 642, 'YangZ': 855})
player [ZPlayer] gets hole card ['C8', 'DQ'], current stack 1092
player [NitWinWin] gets hole card ['S2', 'S5'], current stack 2401
player [Finneas] gets hole card ['C3', 'C6'], current stack 642
player [YangZ] gets hole card ['C2', 'DJ'], current stack 850
Started the round 41
Street "preflop" started. (community card = [])
"NitWinWin" declared "fold:0"
"Finneas" declared "call:10"
"YangZ" declared "fold:0"
"ZPlayer" declared "raise:15"
"Finneas" declared "call:15"
Street "flop" started. (community card = ['S6', 'S8', 'H9'])
"ZPlayer" declared "raise:10"
"Finneas" declared "call:10"
Street "turn" started. (community card = ['S6', 'S8', 'H9', 'CA'])
"ZPlayer" declared "call:0"
"Finneas" declared "call:0"
Street "river" started. (community card = ['S6', 'S8', 'H9', 'CA', 'S4'])
"ZPlayer" declared "call:0"
"Finneas" declared "call:0"
"['ZPlayer']" won the round 41 (stack = {'ZPlayer': 1132, 'Xun': 0, 'NitWinWin': 2401, 'Finneas': 617, 'YangZ': 850})
player [ZPlayer] gets hole card ['D9', 'CJ'], current stack 1127
player [NitWinWin] gets hole card ['HK', 'SA'], current stack 2391
player [Finneas] gets hole card ['ST', 'H5'], current stack 617
player [YangZ] gets hole card ['SK', 'D7'], current stack 850
Started the round 42
Street "preflop" started. (community card = [])
"Finneas" declared "call:10"
"YangZ" declared "fold:0"
"ZPlayer" declared "raise:15"
"NitWinWin" declared "fold:0"
"Finneas" declared "call:15"
Street "flop" started. (community card = ['C6', 'C5', 'S6'])
"ZPlayer" declared "call:0"
"Finneas" declared "call:0"
Street "turn" started. (community card = ['C6', 'C5', 'S6', 'S8'])
"ZPlayer" declared "call:0"
"Finneas" declared "call:0"
Street "river" started. (community card = ['C6', 'C5', 'S6', 'S8', 'C8'])
"ZPlayer" declared "call:0"
"Finneas" declared "call:0"
"['ZPlayer']" won the round 42 (stack = {'ZPlayer': 1157, 'Xun': 0, 'NitWinWin': 2391, 'Finneas': 602, 'YangZ': 850})
player [ZPlayer] gets hole card ['D9', 'H9'], current stack 1157
player [NitWinWin] gets hole card ['HK', 'H7'], current stack 2386
player [Finneas] gets hole card ['HJ', 'H8'], current stack 592
player [YangZ] gets hole card ['CJ', 'H2'], current stack 850
Started the round 43
Street "preflop" started. (community card = [])
"YangZ" declared "fold:0"
"ZPlayer" declared "raise:15"
"NitWinWin" declared "fold:0"
"Finneas" declared "call:15"
Street "flop" started. (community card = ['HQ', 'D7', 'S3'])
"Finneas" declared "call:0"
"ZPlayer" declared "raise:10"
"Finneas" declared "call:10"
Street "turn" started. (community card = ['HQ', 'D7', 'S3', 'H6'])
"Finneas" declared "call:0"
"ZPlayer" declared "raise:10"
"Finneas" declared "call:10"
Street "river" started. (community card = ['HQ', 'D7', 'S3', 'H6', 'C2'])
"Finneas" declared "call:0"
"ZPlayer" declared "raise:10"
"Finneas" declared "call:10"
"['ZPlayer']" won the round 43 (stack = {'ZPlayer': 1207, 'Xun': 0, 'NitWinWin': 2386, 'Finneas': 557, 'YangZ': 850})
player [ZPlayer] gets hole card ['D9', 'C4'], current stack 1207
player [NitWinWin] gets hole card ['H8', 'HA'], current stack 2386
player [Finneas] gets hole card ['C3', 'S2'], current stack 552
player [YangZ] gets hole card ['HJ', 'D6'], current stack 840
Started the round 44
Street "preflop" started. (community card = [])
"ZPlayer" declared "call:10"
"NitWinWin" declared "fold:0"
"Finneas" declared "call:10"
"YangZ" declared "fold:0"
Street "flop" started. (community card = ['SQ', 'S6', 'H2'])
"Finneas" declared "call:0"
"ZPlayer" declared "call:0"
Street "turn" started. (community card = ['SQ', 'S6', 'H2', 'DK'])
"Finneas" declared "call:0"
"ZPlayer" declared "call:0"
Street "river" started. (community card = ['SQ', 'S6', 'H2', 'DK', 'D4'])
"Finneas" declared "call:0"
"ZPlayer" declared "raise:10"
"Finneas" declared "call:10"
"['ZPlayer']" won the round 44 (stack = {'ZPlayer': 1237, 'Xun': 0, 'NitWinWin': 2386, 'Finneas': 537, 'YangZ': 840})
player [ZPlayer] gets hole card ['S6', 'D5'], current stack 1227
player [NitWinWin] gets hole card ['H9', 'C6'], current stack 2386
player [Finneas] gets hole card ['DJ', 'C4'], current stack 537
player [YangZ] gets hole card ['CT', 'HK'], current stack 835
Started the round 45
Street "preflop" started. (community card = [])
"NitWinWin" declared "fold:0"
"Finneas" declared "call:10"
"YangZ" declared "fold:0"
"ZPlayer" declared "call:10"
Street "flop" started. (community card = ['ST', 'S3', 'S9'])
"ZPlayer" declared "call:0"
"Finneas" declared "call:0"
Street "turn" started. (community card = ['ST', 'S3', 'S9', 'CQ'])
"ZPlayer" declared "call:0"
"Finneas" declared "call:0"
Street "river" started. (community card = ['ST', 'S3', 'S9', 'CQ', 'H6'])
"ZPlayer" declared "call:0"
"Finneas" declared "call:0"
"['ZPlayer']" won the round 45 (stack = {'ZPlayer': 1252, 'Xun': 0, 'NitWinWin': 2386, 'Finneas': 527, 'YangZ': 835})
player [ZPlayer] gets hole card ['H5', 'D6'], current stack 1247
player [NitWinWin] gets hole card ['SJ', 'S2'], current stack 2376
player [Finneas] gets hole card ['H7', 'S5'], current stack 527
player [YangZ] gets hole card ['CQ', 'D7'], current stack 835
Started the round 46
Street "preflop" started. (community card = [])
"Finneas" declared "call:10"
"YangZ" declared "fold:0"
"ZPlayer" declared "call:10"
"NitWinWin" declared "fold:0"
Street "flop" started. (community card = ['S4', 'CJ', 'S7'])
"ZPlayer" declared "call:0"
"Finneas" declared "call:0"
Street "turn" started. (community card = ['S4', 'CJ', 'S7', 'C8'])
"ZPlayer" declared "raise:30"
"Finneas" declared "fold:0"
"['ZPlayer']" won the round 46 (stack = {'ZPlayer': 1272, 'Xun': 0, 'NitWinWin': 2376, 'Finneas': 517, 'YangZ': 835})
player [ZPlayer] gets hole card ['S5', 'H4'], current stack 1272
player [NitWinWin] gets hole card ['S9', 'S7'], current stack 2371
player [Finneas] gets hole card ['H9', 'S2'], current stack 507
player [YangZ] gets hole card ['DT', 'SK'], current stack 835
Started the round 47
Street "preflop" started. (community card = [])
"YangZ" declared "fold:0"
"ZPlayer" declared "fold:0"
"NitWinWin" declared "fold:0"
"['Finneas']" won the round 47 (stack = {'ZPlayer': 1272, 'Xun': 0, 'NitWinWin': 2371, 'Finneas': 522, 'YangZ': 835})
player [ZPlayer] gets hole card ['C5', 'H2'], current stack 1272
player [NitWinWin] gets hole card ['SA', 'S4'], current stack 2371
player [Finneas] gets hole card ['H3', 'HQ'], current stack 517
player [YangZ] gets hole card ['CJ', 'D5'], current stack 825
Started the round 48
Street "preflop" started. (community card = [])
"ZPlayer" declared "call:10"
"NitWinWin" declared "fold:0"
"Finneas" declared "call:10"
"YangZ" declared "fold:0"
Street "flop" started. (community card = ['CK', 'D9', 'D8'])
"Finneas" declared "call:0"
"ZPlayer" declared "call:0"
Street "turn" started. (community card = ['CK', 'D9', 'D8', 'H8'])
"Finneas" declared "call:0"
"ZPlayer" declared "call:0"
Street "river" started. (community card = ['CK', 'D9', 'D8', 'H8', 'S7'])
"Finneas" declared "call:0"
"ZPlayer" declared "call:0"
"['Finneas']" won the round 48 (stack = {'ZPlayer': 1262, 'Xun': 0, 'NitWinWin': 2371, 'Finneas': 542, 'YangZ': 825})
player [ZPlayer] gets hole card ['D5', 'C7'], current stack 1252
player [NitWinWin] gets hole card ['HJ', 'D2'], current stack 2371
player [Finneas] gets hole card ['HT', 'S3'], current stack 542
player [YangZ] gets hole card ['S9', 'H2'], current stack 820
Started the round 49
Street "preflop" started. (community card = [])
"NitWinWin" declared "fold:0"
"Finneas" declared "call:10"
"YangZ" declared "fold:0"
"ZPlayer" declared "call:10"
Street "flop" started. (community card = ['DK', 'D3', 'H7'])
"ZPlayer" declared "raise:12"
"Finneas" declared "call:12"
Street "turn" started. (community card = ['DK', 'D3', 'H7', 'D9'])
"ZPlayer" declared "call:0"
"Finneas" declared "call:0"
Street "river" started. (community card = ['DK', 'D3', 'H7', 'D9', 'D8'])
"ZPlayer" declared "raise:10"
"Finneas" declared "call:10"
"['ZPlayer']" won the round 49 (stack = {'ZPlayer': 1299, 'Xun': 0, 'NitWinWin': 2371, 'Finneas': 510, 'YangZ': 820})
player [ZPlayer] gets hole card ['DK', 'SA'], current stack 1294
player [NitWinWin] gets hole card ['D6', 'C6'], current stack 2361
player [Finneas] gets hole card ['SQ', 'S4'], current stack 510
player [YangZ] gets hole card ['DA', 'DJ'], current stack 820
Started the round 50
Street "preflop" started. (community card = [])
"Finneas" declared "call:10"
"YangZ" declared "fold:0"
"ZPlayer" declared "raise:15"
"NitWinWin" declared "fold:0"
"Finneas" declared "call:15"
Street "flop" started. (community card = ['HA', 'S2', 'H7'])
"ZPlayer" declared "raise:40"
"Finneas" declared "fold:0"
"['ZPlayer']" won the round 50 (stack = {'ZPlayer': 1324, 'Xun': 0, 'NitWinWin': 2361, 'Finneas': 495, 'YangZ': 820})

Game Results:
------------------------------------------------------------
Game 1:
Winner: NitWinWin (stack: 2361)
All players' stacks:
  ZPlayer: 1324
  Xun: 0
  NitWinWin: 2361
  Finneas: 495
  YangZ: 820
------------------------------------------------------------
