player [ZPlayer] gets hole card ['S5', 'S3'], current stack 1000
player [Xun] gets hole card ['D2', 'CA'], current stack 995
player [NitWinWin] gets hole card ['S8', 'C3'], current stack 990
player [Finneas] gets hole card ['S2', 'D9'], current stack 1000
player [YangZ] gets hole card ['D6', 'H6'], current stack 1000
Started the round 1
Street "preflop" started. (community card = [])
"Finneas" declared "call:10"
"YangZ" declared "fold:0"
"ZPlayer" declared "call:10"
"Xun" declared "call:10"
"NitWinWin" declared "fold:0"
Street "flop" started. (community card = ['H9', 'D4', 'D3'])
"Xun" declared "fold:0"
"Finneas" declared "call:0"
"ZPlayer" declared "raise:10"
"Finneas" declared "call:10"
Street "turn" started. (community card = ['H9', 'D4', 'D3', 'DQ'])
"Finneas" declared "call:0"
"ZPlayer" declared "call:0"
Street "river" started. (community card = ['H9', 'D4', 'D3', 'DQ', 'DT'])
"Finneas" declared "raise:495"
"ZPlayer" declared "fold:0"
"['Finneas']" won the round 1 (stack = {'ZPlayer': 980, 'Xun': 990, 'NitWinWin': 990, 'Finneas': 1040, 'YangZ': 1000})
player [ZPlayer] gets hole card ['DQ', 'C2'], current stack 980
player [Xun] gets hole card ['H7', 'C7'], current stack 990
player [NitWinWin] gets hole card ['S3', 'DT'], current stack 985
player [Finneas] gets hole card ['C3', 'D4'], current stack 1030
player [YangZ] gets hole card ['SQ', 'S2'], current stack 1000
Started the round 2
Street "preflop" started. (community card = [])
"YangZ" declared "fold:0"
"ZPlayer" declared "call:10"
"Xun" declared "call:10"
"NitWinWin" declared "fold:0"
"Finneas" declared "call:10"
Street "flop" started. (community card = ['S7', 'HK', 'H3'])
"Finneas" declared "call:0"
"ZPlayer" declared "call:0"
"Xun" declared "raise:29"
"Finneas" declared "fold:0"
"ZPlayer" declared "fold:0"
"['Xun']" won the round 2 (stack = {'ZPlayer': 970, 'Xun': 1015, 'NitWinWin': 985, 'Finneas': 1030, 'YangZ': 1000})
player [ZPlayer] gets hole card ['D7', 'DK'], current stack 970
player [Xun] gets hole card ['DT', 'C6'], current stack 1015
player [NitWinWin] gets hole card ['D3', 'C2'], current stack 985
player [Finneas] gets hole card ['C5', 'HK'], current stack 1025
player [YangZ] gets hole card ['S4', 'DQ'], current stack 990
Started the round 3
Street "preflop" started. (community card = [])
"ZPlayer" declared "raise:15"
"Xun" declared "call:15"
"NitWinWin" declared "fold:0"
"Finneas" declared "call:15"
"YangZ" declared "fold:0"
Street "flop" started. (community card = ['S7', 'H5', 'ST'])
"Finneas" declared "call:0"
"ZPlayer" declared "raise:10"
"Xun" declared "call:10"
"Finneas" declared "call:10"
Street "turn" started. (community card = ['S7', 'H5', 'ST', 'H7'])
"Finneas" declared "call:0"
"ZPlayer" declared "raise:611"
"Xun" declared "fold:0"
"Finneas" declared "fold:0"
"['ZPlayer']" won the round 3 (stack = {'ZPlayer': 1030, 'Xun': 990, 'NitWinWin': 985, 'Finneas': 1005, 'YangZ': 990})
player [ZPlayer] gets hole card ['D5', 'DQ'], current stack 1020
player [Xun] gets hole card ['H8', 'SK'], current stack 990
player [NitWinWin] gets hole card ['D7', 'S6'], current stack 985
player [Finneas] gets hole card ['SQ', 'C2'], current stack 1005
player [YangZ] gets hole card ['ST', 'H2'], current stack 985
Started the round 4
Street "preflop" started. (community card = [])
"Xun" declared "call:10"
"NitWinWin" declared "fold:0"
"Finneas" declared "call:10"
"YangZ" declared "fold:0"
"ZPlayer" declared "call:10"
Street "flop" started. (community card = ['H4', 'CQ', 'HT'])
"ZPlayer" declared "raise:522"
"Xun" declared "fold:0"
"Finneas" declared "fold:0"
"['ZPlayer']" won the round 4 (stack = {'ZPlayer': 1055, 'Xun': 980, 'NitWinWin': 985, 'Finneas': 995, 'YangZ': 985})
player [ZPlayer] gets hole card ['H3', 'C7'], current stack 1050
player [Xun] gets hole card ['H7', 'HA'], current stack 970
player [NitWinWin] gets hole card ['HT', 'S2'], current stack 985
player [Finneas] gets hole card ['CT', 'DQ'], current stack 995
player [YangZ] gets hole card ['H9', 'D5'], current stack 985
Started the round 5
Street "preflop" started. (community card = [])
"NitWinWin" declared "fold:0"
"Finneas" declared "call:10"
"YangZ" declared "fold:0"
"ZPlayer" declared "call:10"
"Xun" declared "call:10"
Street "flop" started. (community card = ['CA', 'D9', 'HJ'])
"ZPlayer" declared "call:0"
"Xun" declared "call:0"
"Finneas" declared "call:0"
Street "turn" started. (community card = ['CA', 'D9', 'HJ', 'C3'])
"ZPlayer" declared "raise:10"
"Xun" declared "call:10"
"Finneas" declared "call:10"
Street "river" started. (community card = ['CA', 'D9', 'HJ', 'C3', 'C8'])
"ZPlayer" declared "call:0"
"Xun" declared "fold:0"
"Finneas" declared "call:0"
"['Finneas']" won the round 5 (stack = {'ZPlayer': 1035, 'Xun': 960, 'NitWinWin': 985, 'Finneas': 1035, 'YangZ': 985})
player [ZPlayer] gets hole card ['C6', 'H9'], current stack 1035
player [Xun] gets hole card ['C2', 'D7'], current stack 955
player [NitWinWin] gets hole card ['DA', 'CQ'], current stack 975
player [Finneas] gets hole card ['D8', 'S3'], current stack 1035
player [YangZ] gets hole card ['D9', 'S9'], current stack 985
Started the round 6
Street "preflop" started. (community card = [])
"Finneas" declared "call:10"
"YangZ" declared "fold:0"
"ZPlayer" declared "call:10"
"Xun" declared "call:10"
"NitWinWin" declared "fold:0"
Street "flop" started. (community card = ['CT', 'CJ', 'SK'])
"Xun" declared "fold:0"
"Finneas" declared "call:0"
"ZPlayer" declared "call:0"
Street "turn" started. (community card = ['CT', 'CJ', 'SK', 'C8'])
"Finneas" declared "call:0"
"ZPlayer" declared "call:0"
Street "river" started. (community card = ['CT', 'CJ', 'SK', 'C8', 'H8'])
"Finneas" declared "raise:517"
"ZPlayer" declared "fold:0"
"['Finneas']" won the round 6 (stack = {'ZPlayer': 1025, 'Xun': 950, 'NitWinWin': 975, 'Finneas': 1065, 'YangZ': 985})
player [ZPlayer] gets hole card ['D5', 'D2'], current stack 1025
player [Xun] gets hole card ['C4', 'S9'], current stack 950
player [NitWinWin] gets hole card ['H2', 'S7'], current stack 970
player [Finneas] gets hole card ['DK', 'H7'], current stack 1055
player [YangZ] gets hole card ['H6', 'D6'], current stack 985
Started the round 7
Street "preflop" started. (community card = [])
"YangZ" declared "fold:0"
"ZPlayer" declared "call:10"
"Xun" declared "call:10"
"NitWinWin" declared "fold:0"
"Finneas" declared "call:10"
Street "flop" started. (community card = ['C5', 'C2', 'S2'])
"Finneas" declared "call:0"
"ZPlayer" declared "raise:35"
"Xun" declared "fold:0"
"Finneas" declared "fold:0"
"['ZPlayer']" won the round 7 (stack = {'ZPlayer': 1050, 'Xun': 940, 'NitWinWin': 970, 'Finneas': 1055, 'YangZ': 985})
player [ZPlayer] gets hole card ['SJ', 'S6'], current stack 1050
player [Xun] gets hole card ['H3', 'HT'], current stack 940
player [NitWinWin] gets hole card ['HJ', 'S9'], current stack 970
player [Finneas] gets hole card ['HQ', 'CT'], current stack 1050
player [YangZ] gets hole card ['C2', 'D4'], current stack 975
Started the round 8
Street "preflop" started. (community card = [])
"ZPlayer" declared "raise:15"
"Xun" declared "call:15"
"NitWinWin" declared "fold:0"
"Finneas" declared "call:15"
"YangZ" declared "fold:0"
Street "flop" started. (community card = ['H9', 'H8', 'D6'])
"Finneas" declared "call:0"
"ZPlayer" declared "call:0"
"Xun" declared "call:0"
Street "turn" started. (community card = ['H9', 'H8', 'D6', 'D2'])
"Finneas" declared "call:0"
"ZPlayer" declared "call:0"
"Xun" declared "fold:0"
Street "river" started. (community card = ['H9', 'H8', 'D6', 'D2', 'C5'])
"Finneas" declared "call:0"
"ZPlayer" declared "call:0"
"['ZPlayer']" won the round 8 (stack = {'ZPlayer': 1090, 'Xun': 925, 'NitWinWin': 970, 'Finneas': 1040, 'YangZ': 975})
player [ZPlayer] gets hole card ['HT', 'C9'], current stack 1080
player [Xun] gets hole card ['HK', 'SJ'], current stack 925
player [NitWinWin] gets hole card ['C5', 'SA'], current stack 970
player [Finneas] gets hole card ['D6', 'S6'], current stack 1040
player [YangZ] gets hole card ['D2', 'CA'], current stack 970
Started the round 9
Street "preflop" started. (community card = [])
"Xun" declared "call:10"
"NitWinWin" declared "fold:0"
"Finneas" declared "call:10"
"YangZ" declared "fold:0"
"ZPlayer" declared "call:10"
Street "flop" started. (community card = ['C4', 'H9', 'SK'])
"ZPlayer" declared "raise:35"
"Xun" declared "call:35"
"Finneas" declared "fold:0"
Street "turn" started. (community card = ['C4', 'H9', 'SK', 'S5'])
"ZPlayer" declared "raise:10"
"Xun" declared "call:10"
Street "river" started. (community card = ['C4', 'H9', 'SK', 'S5', 'D7'])
"ZPlayer" declared "raise:10"
"Xun" declared "call:10"
"['Xun']" won the round 9 (stack = {'ZPlayer': 1025, 'Xun': 1005, 'NitWinWin': 970, 'Finneas': 1030, 'YangZ': 970})
player [ZPlayer] gets hole card ['C4', 'CT'], current stack 1020
player [Xun] gets hole card ['D9', 'D7'], current stack 995
player [NitWinWin] gets hole card ['S7', 'DA'], current stack 970
player [Finneas] gets hole card ['H7', 'S9'], current stack 1030
player [YangZ] gets hole card ['DT', 'DK'], current stack 970
Started the round 10
Street "preflop" started. (community card = [])
"NitWinWin" declared "fold:0"
"Finneas" declared "call:10"
"YangZ" declared "fold:0"
"ZPlayer" declared "call:10"
"Xun" declared "call:10"
Street "flop" started. (community card = ['H9', 'CJ', 'H3'])
"ZPlayer" declared "call:0"
"Xun" declared "call:0"
"Finneas" declared "call:0"
Street "turn" started. (community card = ['H9', 'CJ', 'H3', 'S5'])
"ZPlayer" declared "call:0"
"Xun" declared "fold:0"
"Finneas" declared "call:0"
Street "river" started. (community card = ['H9', 'CJ', 'H3', 'S5', 'H8'])
"ZPlayer" declared "call:0"
"Finneas" declared "call:0"
"['Finneas']" won the round 10 (stack = {'ZPlayer': 1015, 'Xun': 995, 'NitWinWin': 970, 'Finneas': 1050, 'YangZ': 970})
player [ZPlayer] gets hole card ['H7', 'D9'], current stack 1015
player [Xun] gets hole card ['SA', 'CT'], current stack 990
player [NitWinWin] gets hole card ['H8', 'H5'], current stack 960
player [Finneas] gets hole card ['S6', 'C8'], current stack 1050
player [YangZ] gets hole card ['D4', 'D5'], current stack 970
Started the round 11
Street "preflop" started. (community card = [])
"Finneas" declared "call:10"
"YangZ" declared "fold:0"
"ZPlayer" declared "call:10"
"Xun" declared "call:10"
"NitWinWin" declared "fold:0"
Street "flop" started. (community card = ['DK', 'D8', 'C9'])
"Xun" declared "fold:0"
"Finneas" declared "call:0"
"ZPlayer" declared "raise:20"
"Finneas" declared "fold:0"
"['ZPlayer']" won the round 11 (stack = {'ZPlayer': 1045, 'Xun': 985, 'NitWinWin': 960, 'Finneas': 1040, 'YangZ': 970})
player [ZPlayer] gets hole card ['SJ', 'S6'], current stack 1045
player [Xun] gets hole card ['HQ', 'H2'], current stack 985
player [NitWinWin] gets hole card ['H4', 'S5'], current stack 955
player [Finneas] gets hole card ['C3', 'CT'], current stack 1030
player [YangZ] gets hole card ['H6', 'C8'], current stack 970
Started the round 12
Street "preflop" started. (community card = [])
"YangZ" declared "fold:0"
"ZPlayer" declared "raise:15"
"Xun" declared "call:15"
"NitWinWin" declared "fold:0"
"Finneas" declared "call:15"
Street "flop" started. (community card = ['C7', 'HT', 'C9'])
"Finneas" declared "call:0"
"ZPlayer" declared "call:0"
"Xun" declared "fold:0"
Street "turn" started. (community card = ['C7', 'HT', 'C9', 'HJ'])
"Finneas" declared "call:0"
"ZPlayer" declared "raise:10"
"Finneas" declared "call:10"
Street "river" started. (community card = ['C7', 'HT', 'C9', 'HJ', 'D9'])
"Finneas" declared "call:0"
"ZPlayer" declared "raise:10"
"Finneas" declared "call:10"
"['ZPlayer']" won the round 12 (stack = {'ZPlayer': 1100, 'Xun': 970, 'NitWinWin': 955, 'Finneas': 1005, 'YangZ': 970})
player [ZPlayer] gets hole card ['DK', 'HK'], current stack 1100
player [Xun] gets hole card ['H5', 'C7'], current stack 970
player [NitWinWin] gets hole card ['CQ', 'CJ'], current stack 955
player [Finneas] gets hole card ['C8', 'H2'], current stack 1000
player [YangZ] gets hole card ['HT', 'H9'], current stack 960
Started the round 13
Street "preflop" started. (community card = [])
"ZPlayer" declared "raise:15"
"Xun" declared "call:15"
"NitWinWin" declared "fold:0"
"Finneas" declared "call:15"
"YangZ" declared "fold:0"
Street "flop" started. (community card = ['D5', 'S9', 'S7'])
"Finneas" declared "call:0"
"ZPlayer" declared "raise:27"
"Xun" declared "call:27"
"Finneas" declared "fold:0"
Street "turn" started. (community card = ['D5', 'S9', 'S7', 'S2'])
"ZPlayer" declared "raise:10"
"Xun" declared "fold:0"
"['ZPlayer']" won the round 13 (stack = {'ZPlayer': 1167, 'Xun': 928, 'NitWinWin': 955, 'Finneas': 990, 'YangZ': 960})
player [ZPlayer] gets hole card ['SA', 'D6'], current stack 1157
player [Xun] gets hole card ['DQ', 'D5'], current stack 928
player [NitWinWin] gets hole card ['S4', 'HJ'], current stack 955
player [Finneas] gets hole card ['S8', 'C7'], current stack 990
player [YangZ] gets hole card ['D8', 'SQ'], current stack 955
Started the round 14
Street "preflop" started. (community card = [])
"Xun" declared "call:10"
"NitWinWin" declared "fold:0"
"Finneas" declared "call:10"
"YangZ" declared "fold:0"
"ZPlayer" declared "raise:15"
"Xun" declared "call:15"
"Finneas" declared "call:15"
Street "flop" started. (community card = ['H2', 'HA', 'S5'])
"ZPlayer" declared "raise:25"
"Xun" declared "fold:0"
"Finneas" declared "fold:0"
"['ZPlayer']" won the round 14 (stack = {'ZPlayer': 1202, 'Xun': 913, 'NitWinWin': 955, 'Finneas': 975, 'YangZ': 955})
player [ZPlayer] gets hole card ['HQ', 'H5'], current stack 1197
player [Xun] gets hole card ['H7', 'DA'], current stack 903
player [NitWinWin] gets hole card ['D8', 'S4'], current stack 955
player [Finneas] gets hole card ['CJ', 'S8'], current stack 975
player [YangZ] gets hole card ['S6', 'S9'], current stack 955
Started the round 15
Street "preflop" started. (community card = [])
"NitWinWin" declared "fold:0"
"Finneas" declared "call:10"
"YangZ" declared "fold:0"
"ZPlayer" declared "raise:15"
"Xun" declared "call:15"
"Finneas" declared "call:15"
Street "flop" started. (community card = ['SJ', 'HA', 'SQ'])
"ZPlayer" declared "raise:45"
"Xun" declared "call:45"
"Finneas" declared "fold:0"
Street "turn" started. (community card = ['SJ', 'HA', 'SQ', 'D6'])
"ZPlayer" declared "raise:10"
"Xun" declared "fold:0"
"['ZPlayer']" won the round 15 (stack = {'ZPlayer': 1277, 'Xun': 853, 'NitWinWin': 955, 'Finneas': 960, 'YangZ': 955})
player [ZPlayer] gets hole card ['S2', 'S4'], current stack 1277
player [Xun] gets hole card ['H6', 'H2'], current stack 848
player [NitWinWin] gets hole card ['D9', 'CT'], current stack 945
player [Finneas] gets hole card ['H8', 'CK'], current stack 960
player [YangZ] gets hole card ['H3', 'D7'], current stack 955
Started the round 16
Street "preflop" started. (community card = [])
"Finneas" declared "call:10"
"YangZ" declared "fold:0"
"ZPlayer" declared "call:10"
"Xun" declared "call:10"
"NitWinWin" declared "fold:0"
Street "flop" started. (community card = ['DK', 'C3', 'HA'])
"Xun" declared "fold:0"
"Finneas" declared "call:0"
"ZPlayer" declared "call:0"
Street "turn" started. (community card = ['DK', 'C3', 'HA', 'DT'])
"Finneas" declared "call:0"
"ZPlayer" declared "call:0"
Street "river" started. (community card = ['DK', 'C3', 'HA', 'DT', 'C5'])
"Finneas" declared "call:0"
"ZPlayer" declared "raise:40"
"Finneas" declared "fold:0"
"['ZPlayer']" won the round 16 (stack = {'ZPlayer': 1307, 'Xun': 843, 'NitWinWin': 945, 'Finneas': 950, 'YangZ': 955})
player [ZPlayer] gets hole card ['H9', 'D4'], current stack 1307
player [Xun] gets hole card ['HT', 'H7'], current stack 843
player [NitWinWin] gets hole card ['C7', 'H4'], current stack 940
player [Finneas] gets hole card ['C5', 'ST'], current stack 940
player [YangZ] gets hole card ['S4', 'C6'], current stack 955
Started the round 17
Street "preflop" started. (community card = [])
"YangZ" declared "fold:0"
"ZPlayer" declared "call:10"
"Xun" declared "call:10"
"NitWinWin" declared "fold:0"
"Finneas" declared "call:10"
Street "flop" started. (community card = ['C8', 'H8', 'H5'])
"Finneas" declared "call:0"
"ZPlayer" declared "call:0"
"Xun" declared "call:0"
Street "turn" started. (community card = ['C8', 'H8', 'H5', 'D6'])
"Finneas" declared "call:0"
"ZPlayer" declared "call:0"
"Xun" declared "fold:0"
Street "river" started. (community card = ['C8', 'H8', 'H5', 'D6', 'SQ'])
"Finneas" declared "call:0"
"ZPlayer" declared "call:0"
"['Finneas']" won the round 17 (stack = {'ZPlayer': 1297, 'Xun': 833, 'NitWinWin': 940, 'Finneas': 975, 'YangZ': 955})
player [ZPlayer] gets hole card ['CT', 'H8'], current stack 1297
player [Xun] gets hole card ['S8', 'C5'], current stack 833
player [NitWinWin] gets hole card ['S9', 'C8'], current stack 940
player [Finneas] gets hole card ['H6', 'DJ'], current stack 970
player [YangZ] gets hole card ['D8', 'H7'], current stack 945
Started the round 18
Street "preflop" started. (community card = [])
"ZPlayer" declared "raise:15"
"Xun" declared "call:15"
"NitWinWin" declared "fold:0"
"Finneas" declared "call:15"
"YangZ" declared "fold:0"
Street "flop" started. (community card = ['D9', 'SQ', 'S7'])
"Finneas" declared "call:0"
"ZPlayer" declared "call:0"
"Xun" declared "fold:0"
Street "turn" started. (community card = ['D9', 'SQ', 'S7', 'H5'])
"Finneas" declared "call:0"
"ZPlayer" declared "call:0"
Street "river" started. (community card = ['D9', 'SQ', 'S7', 'H5', 'C4'])
"Finneas" declared "call:0"
"ZPlayer" declared "call:0"
"['Finneas']" won the round 18 (stack = {'ZPlayer': 1282, 'Xun': 818, 'NitWinWin': 940, 'Finneas': 1015, 'YangZ': 945})
player [ZPlayer] gets hole card ['D6', 'C2'], current stack 1272
player [Xun] gets hole card ['DQ', 'ST'], current stack 818
player [NitWinWin] gets hole card ['H4', 'D9'], current stack 940
player [Finneas] gets hole card ['DJ', 'SA'], current stack 1015
player [YangZ] gets hole card ['H2', 'HK'], current stack 940
Started the round 19
Street "preflop" started. (community card = [])
"Xun" declared "call:10"
"NitWinWin" declared "fold:0"
"Finneas" declared "call:10"
"YangZ" declared "fold:0"
"ZPlayer" declared "call:10"
Street "flop" started. (community card = ['HQ', 'S9', 'D2'])
"ZPlayer" declared "raise:10"
"Xun" declared "call:10"
"Finneas" declared "call:10"
Street "turn" started. (community card = ['HQ', 'S9', 'D2', 'SQ'])
"ZPlayer" declared "call:0"
"Xun" declared "call:0"
"Finneas" declared "call:0"
Street "river" started. (community card = ['HQ', 'S9', 'D2', 'SQ', 'S6'])
"ZPlayer" declared "raise:10"
"Xun" declared "call:10"
"Finneas" declared "call:10"
"['Xun']" won the round 19 (stack = {'ZPlayer': 1252, 'Xun': 883, 'NitWinWin': 940, 'Finneas': 985, 'YangZ': 940})
player [ZPlayer] gets hole card ['CT', 'S8'], current stack 1247
player [Xun] gets hole card ['S6', 'DT'], current stack 873
player [NitWinWin] gets hole card ['H6', 'C6'], current stack 940
player [Finneas] gets hole card ['S5', 'D8'], current stack 985
player [YangZ] gets hole card ['C7', 'HQ'], current stack 940
Started the round 20
Street "preflop" started. (community card = [])
"NitWinWin" declared "fold:0"
"Finneas" declared "call:10"
"YangZ" declared "fold:0"
"ZPlayer" declared "raise:15"
"Xun" declared "call:15"
"Finneas" declared "call:15"
Street "flop" started. (community card = ['CJ', 'H4', 'H8'])
"ZPlayer" declared "raise:22"
"Xun" declared "fold:0"
"Finneas" declared "fold:0"
"['ZPlayer']" won the round 20 (stack = {'ZPlayer': 1282, 'Xun': 868, 'NitWinWin': 940, 'Finneas': 970, 'YangZ': 940})
player [ZPlayer] gets hole card ['S6', 'HQ'], current stack 1282
player [Xun] gets hole card ['HA', 'D7'], current stack 863
player [NitWinWin] gets hole card ['H8', 'D5'], current stack 930
player [Finneas] gets hole card ['H4', 'HT'], current stack 970
player [YangZ] gets hole card ['C9', 'C6'], current stack 940
Started the round 21
Street "preflop" started. (community card = [])
"Finneas" declared "call:10"
"YangZ" declared "fold:0"
"ZPlayer" declared "raise:15"
"Xun" declared "call:15"
"NitWinWin" declared "fold:0"
"Finneas" declared "call:15"
Street "flop" started. (community card = ['D8', 'CT', 'SK'])
"Xun" declared "fold:0"
"Finneas" declared "call:0"
"ZPlayer" declared "call:0"
Street "turn" started. (community card = ['D8', 'CT', 'SK', 'DK'])
"Finneas" declared "call:0"
"ZPlayer" declared "call:0"
Street "river" started. (community card = ['D8', 'CT', 'SK', 'DK', 'H7'])
"Finneas" declared "call:0"
"ZPlayer" declared "call:0"
"['Finneas']" won the round 21 (stack = {'ZPlayer': 1267, 'Xun': 853, 'NitWinWin': 930, 'Finneas': 1010, 'YangZ': 940})
player [ZPlayer] gets hole card ['CK', 'S2'], current stack 1267
player [Xun] gets hole card ['D8', 'C2'], current stack 853
player [NitWinWin] gets hole card ['D2', 'DQ'], current stack 925
player [Finneas] gets hole card ['D5', 'S8'], current stack 1000
player [YangZ] gets hole card ['C3', 'C4'], current stack 940
Started the round 22
Street "preflop" started. (community card = [])
"YangZ" declared "fold:0"
"ZPlayer" declared "call:10"
"Xun" declared "call:10"
"NitWinWin" declared "fold:0"
"Finneas" declared "call:10"
Street "flop" started. (community card = ['CA', 'H9', 'H4'])
"Finneas" declared "call:0"
"ZPlayer" declared "call:0"
"Xun" declared "fold:0"
Street "turn" started. (community card = ['CA', 'H9', 'H4', 'CQ'])
"Finneas" declared "call:0"
"ZPlayer" declared "call:0"
Street "river" started. (community card = ['CA', 'H9', 'H4', 'CQ', 'D7'])
"Finneas" declared "call:0"
"ZPlayer" declared "call:0"
"['ZPlayer']" won the round 22 (stack = {'ZPlayer': 1292, 'Xun': 843, 'NitWinWin': 925, 'Finneas': 1000, 'YangZ': 940})
player [ZPlayer] gets hole card ['S5', 'HA'], current stack 1292
player [Xun] gets hole card ['CK', 'C7'], current stack 843
player [NitWinWin] gets hole card ['C4', 'D9'], current stack 925
player [Finneas] gets hole card ['HK', 'S8'], current stack 995
player [YangZ] gets hole card ['H3', 'S6'], current stack 930
Started the round 23
Street "preflop" started. (community card = [])
"ZPlayer" declared "raise:15"
"Xun" declared "call:15"
"NitWinWin" declared "fold:0"
"Finneas" declared "call:15"
"YangZ" declared "fold:0"
Street "flop" started. (community card = ['D4', 'S2', 'CJ'])
"Finneas" declared "call:0"
"ZPlayer" declared "call:0"
"Xun" declared "fold:0"
Street "turn" started. (community card = ['D4', 'S2', 'CJ', 'H8'])
"Finneas" declared "call:0"
"ZPlayer" declared "call:0"
Street "river" started. (community card = ['D4', 'S2', 'CJ', 'H8', 'CT'])
"Finneas" declared "call:0"
"ZPlayer" declared "call:0"
"['Finneas']" won the round 23 (stack = {'ZPlayer': 1277, 'Xun': 828, 'NitWinWin': 925, 'Finneas': 1040, 'YangZ': 930})
player [ZPlayer] gets hole card ['D4', 'HQ'], current stack 1267
player [Xun] gets hole card ['SJ', 'D9'], current stack 828
player [NitWinWin] gets hole card ['S3', 'S4'], current stack 925
player [Finneas] gets hole card ['D6', 'HT'], current stack 1040
player [YangZ] gets hole card ['H9', 'D2'], current stack 925
Started the round 24
Street "preflop" started. (community card = [])
"Xun" declared "call:10"
"NitWinWin" declared "fold:0"
"Finneas" declared "call:10"
"YangZ" declared "fold:0"
"ZPlayer" declared "call:10"
Street "flop" started. (community card = ['S7', 'HJ', 'DA'])
"ZPlayer" declared "call:0"
"Xun" declared "call:0"
"Finneas" declared "call:0"
Street "turn" started. (community card = ['S7', 'HJ', 'DA', 'C4'])
"ZPlayer" declared "raise:10"
"Xun" declared "call:10"
"Finneas" declared "call:10"
Street "river" started. (community card = ['S7', 'HJ', 'DA', 'C4', 'C7'])
"ZPlayer" declared "raise:10"
"Xun" declared "fold:0"
"Finneas" declared "call:10"
"['ZPlayer']" won the round 24 (stack = {'ZPlayer': 1332, 'Xun': 808, 'NitWinWin': 925, 'Finneas': 1010, 'YangZ': 925})
player [ZPlayer] gets hole card ['S9', 'SJ'], current stack 1327
player [Xun] gets hole card ['SA', 'CK'], current stack 798
player [NitWinWin] gets hole card ['S4', 'S2'], current stack 925
player [Finneas] gets hole card ['D6', 'DQ'], current stack 1010
player [YangZ] gets hole card ['C4', 'DA'], current stack 925
Started the round 25
Street "preflop" started. (community card = [])
"NitWinWin" declared "fold:0"
"Finneas" declared "call:10"
"YangZ" declared "fold:0"
"ZPlayer" declared "raise:15"
"Xun" declared "call:15"
"Finneas" declared "call:15"
Street "flop" started. (community card = ['C5', 'D9', 'S8'])
"ZPlayer" declared "raise:45"
"Xun" declared "fold:0"
"Finneas" declared "fold:0"
"['ZPlayer']" won the round 25 (stack = {'ZPlayer': 1362, 'Xun': 793, 'NitWinWin': 925, 'Finneas': 995, 'YangZ': 925})
player [ZPlayer] gets hole card ['HT', 'C5'], current stack 1362
player [Xun] gets hole card ['H3', 'HK'], current stack 788
player [NitWinWin] gets hole card ['CA', 'HA'], current stack 915
player [Finneas] gets hole card ['C7', 'C8'], current stack 995
player [YangZ] gets hole card ['HQ', 'D9'], current stack 925
Started the round 26
Street "preflop" started. (community card = [])
"Finneas" declared "call:10"
"YangZ" declared "fold:0"
"ZPlayer" declared "call:10"
"Xun" declared "call:10"
"NitWinWin" declared "raise:925"
"Finneas" declared "fold:0"
"ZPlayer" declared "fold:0"
"Xun" declared "call:925"
Street "flop" started. (community card = ['C3', 'D3', 'H6'])
Street "turn" started. (community card = ['C3', 'D3', 'H6', 'S9'])
Street "river" started. (community card = ['C3', 'D3', 'H6', 'S9', 'SK'])
"['Xun']" won the round 26 (stack = {'ZPlayer': 1352, 'Xun': 1606, 'NitWinWin': 132, 'Finneas': 985, 'YangZ': 925})
player [ZPlayer] gets hole card ['D9', 'HK'], current stack 1352
player [Xun] gets hole card ['S2', 'H9'], current stack 1606
player [NitWinWin] gets hole card ['ST', 'CJ'], current stack 127
player [Finneas] gets hole card ['SA', 'C6'], current stack 975
player [YangZ] gets hole card ['DA', 'S6'], current stack 925
Started the round 27
Street "preflop" started. (community card = [])
"YangZ" declared "fold:0"
"ZPlayer" declared "raise:15"
"Xun" declared "call:15"
"NitWinWin" declared "fold:0"
"Finneas" declared "call:15"
Street "flop" started. (community card = ['SQ', 'D4', 'CK'])
"Finneas" declared "call:0"
"ZPlayer" declared "raise:50"
"Xun" declared "fold:0"
"Finneas" declared "fold:0"
"['ZPlayer']" won the round 27 (stack = {'ZPlayer': 1387, 'Xun': 1591, 'NitWinWin': 127, 'Finneas': 970, 'YangZ': 925})
player [ZPlayer] gets hole card ['D9', 'DT'], current stack 1387
player [Xun] gets hole card ['H8', 'S3'], current stack 1591
player [NitWinWin] gets hole card ['H3', 'H4'], current stack 127
player [Finneas] gets hole card ['D2', 'C5'], current stack 965
player [YangZ] gets hole card ['C2', 'S6'], current stack 915
Started the round 28
Street "preflop" started. (community card = [])
"ZPlayer" declared "raise:15"
"Xun" declared "call:15"
"NitWinWin" declared "fold:0"
"Finneas" declared "call:15"
"YangZ" declared "fold:0"
Street "flop" started. (community card = ['DJ', 'HT', 'D4'])
"Finneas" declared "call:0"
"ZPlayer" declared "raise:1098"
"Xun" declared "fold:0"
"Finneas" declared "fold:0"
"['ZPlayer']" won the round 28 (stack = {'ZPlayer': 1427, 'Xun': 1576, 'NitWinWin': 127, 'Finneas': 955, 'YangZ': 915})
player [ZPlayer] gets hole card ['HA', 'H8'], current stack 1417
player [Xun] gets hole card ['DA', 'D6'], current stack 1576
player [NitWinWin] gets hole card ['DK', 'SA'], current stack 127
player [Finneas] gets hole card ['CT', 'C9'], current stack 955
player [YangZ] gets hole card ['HQ', 'DT'], current stack 910
Started the round 29
Street "preflop" started. (community card = [])
"Xun" declared "call:10"
"NitWinWin" declared "fold:0"
"Finneas" declared "call:10"
"YangZ" declared "fold:0"
"ZPlayer" declared "raise:15"
"Xun" declared "call:15"
"Finneas" declared "call:15"
Street "flop" started. (community card = ['CJ', 'S8', 'S7'])
"ZPlayer" declared "raise:10"
"Xun" declared "fold:0"
"Finneas" declared "call:10"
Street "turn" started. (community card = ['CJ', 'S8', 'S7', 'H5'])
"ZPlayer" declared "raise:10"
"Finneas" declared "call:10"
Street "river" started. (community card = ['CJ', 'S8', 'S7', 'H5', 'H4'])
"ZPlayer" declared "call:0"
"Finneas" declared "call:0"
"['Finneas']" won the round 29 (stack = {'ZPlayer': 1392, 'Xun': 1561, 'NitWinWin': 127, 'Finneas': 1010, 'YangZ': 910})
player [ZPlayer] gets hole card ['C9', 'H2'], current stack 1387
player [Xun] gets hole card ['HQ', 'C6'], current stack 1551
player [NitWinWin] gets hole card ['D6', 'HT'], current stack 127
player [Finneas] gets hole card ['HK', 'CA'], current stack 1010
player [YangZ] gets hole card ['C4', 'C7'], current stack 910
Started the round 30
Street "preflop" started. (community card = [])
"NitWinWin" declared "fold:0"
"Finneas" declared "raise:512"
"YangZ" declared "fold:0"
"ZPlayer" declared "fold:0"
"Xun" declared "call:512"
Street "flop" started. (community card = ['S5', 'CK', 'S8'])
"Xun" declared "fold:0"
"['Finneas']" won the round 30 (stack = {'ZPlayer': 1387, 'Xun': 1049, 'NitWinWin': 127, 'Finneas': 1527, 'YangZ': 910})
player [ZPlayer] gets hole card ['HJ', 'C6'], current stack 1387
player [Xun] gets hole card ['D6', 'D2'], current stack 1044
player [NitWinWin] gets hole card ['S3', 'CQ'], current stack 117
player [Finneas] gets hole card ['S4', 'HT'], current stack 1527
player [YangZ] gets hole card ['HK', 'SJ'], current stack 910
Started the round 31
Street "preflop" started. (community card = [])
"Finneas" declared "call:10"
"YangZ" declared "fold:0"
"ZPlayer" declared "fold:0"
"Xun" declared "call:10"
"NitWinWin" declared "fold:0"
Street "flop" started. (community card = ['CK', 'DQ', 'D3'])
"Xun" declared "call:0"
"Finneas" declared "call:0"
Street "turn" started. (community card = ['CK', 'DQ', 'D3', 'HQ'])
"Xun" declared "fold:0"
"['Finneas']" won the round 31 (stack = {'ZPlayer': 1387, 'Xun': 1039, 'NitWinWin': 117, 'Finneas': 1547, 'YangZ': 910})
player [ZPlayer] gets hole card ['S5', 'DK'], current stack 1387
player [Xun] gets hole card ['D4', 'H3'], current stack 1039
player [NitWinWin] gets hole card ['C2', 'D5'], current stack 112
player [Finneas] gets hole card ['SA', 'ST'], current stack 1537
player [YangZ] gets hole card ['CQ', 'H5'], current stack 910
Started the round 32
Street "preflop" started. (community card = [])
"YangZ" declared "fold:0"
"ZPlayer" declared "raise:15"
"Xun" declared "call:15"
"NitWinWin" declared "fold:0"
"Finneas" declared "call:15"
Street "flop" started. (community card = ['SQ', 'HT', 'DJ'])
"Finneas" declared "call:0"
"ZPlayer" declared "raise:10"
"Xun" declared "fold:0"
"Finneas" declared "call:10"
Street "turn" started. (community card = ['SQ', 'HT', 'DJ', 'H2'])
"Finneas" declared "call:0"
"ZPlayer" declared "call:0"
Street "river" started. (community card = ['SQ', 'HT', 'DJ', 'H2', 'D3'])
"Finneas" declared "call:0"
"ZPlayer" declared "call:0"
"['Finneas']" won the round 32 (stack = {'ZPlayer': 1362, 'Xun': 1024, 'NitWinWin': 112, 'Finneas': 1592, 'YangZ': 910})
player [ZPlayer] gets hole card ['D2', 'DJ'], current stack 1362
player [Xun] gets hole card ['H4', 'C3'], current stack 1024
player [NitWinWin] gets hole card ['ST', 'CQ'], current stack 112
player [Finneas] gets hole card ['C7', 'C8'], current stack 1587
player [YangZ] gets hole card ['D8', 'C4'], current stack 900
Started the round 33
Street "preflop" started. (community card = [])
"ZPlayer" declared "raise:15"
"Xun" declared "call:15"
"NitWinWin" declared "fold:0"
"Finneas" declared "call:15"
"YangZ" declared "fold:0"
Street "flop" started. (community card = ['S9', 'DA', 'D7'])
"Finneas" declared "call:0"
"ZPlayer" declared "raise:10"
"Xun" declared "fold:0"
"Finneas" declared "call:10"
Street "turn" started. (community card = ['S9', 'DA', 'D7', 'S2'])
"Finneas" declared "call:0"
"ZPlayer" declared "raise:10"
"Finneas" declared "call:10"
Street "river" started. (community card = ['S9', 'DA', 'D7', 'S2', 'SJ'])
"Finneas" declared "call:0"
"ZPlayer" declared "raise:47"
"Finneas" declared "fold:0"
"['ZPlayer']" won the round 33 (stack = {'ZPlayer': 1422, 'Xun': 1009, 'NitWinWin': 112, 'Finneas': 1557, 'YangZ': 900})
player [ZPlayer] gets hole card ['C7', 'HK'], current stack 1412
player [Xun] gets hole card ['H5', 'C2'], current stack 1009
player [NitWinWin] gets hole card ['C5', 'S4'], current stack 112
player [Finneas] gets hole card ['H3', 'S5'], current stack 1557
player [YangZ] gets hole card ['SK', 'D7'], current stack 895
Started the round 34
Street "preflop" started. (community card = [])
"Xun" declared "call:10"
"NitWinWin" declared "fold:0"
"Finneas" declared "call:10"
"YangZ" declared "fold:0"
"ZPlayer" declared "call:10"
Street "flop" started. (community card = ['D3', 'DJ', 'H4'])
"ZPlayer" declared "call:0"
"Xun" declared "call:0"
"Finneas" declared "call:0"
Street "turn" started. (community card = ['D3', 'DJ', 'H4', 'DK'])
"ZPlayer" declared "raise:316"
"Xun" declared "fold:0"
"Finneas" declared "fold:0"
"['ZPlayer']" won the round 34 (stack = {'ZPlayer': 1447, 'Xun': 999, 'NitWinWin': 112, 'Finneas': 1547, 'YangZ': 895})
player [ZPlayer] gets hole card ['DT', 'C4'], current stack 1442
player [Xun] gets hole card ['H4', 'C8'], current stack 989
player [NitWinWin] gets hole card ['H2', 'C7'], current stack 112
player [Finneas] gets hole card ['DA', 'S8'], current stack 1547
player [YangZ] gets hole card ['C2', 'S5'], current stack 895
Started the round 35
Street "preflop" started. (community card = [])
"NitWinWin" declared "fold:0"
"Finneas" declared "call:10"
"YangZ" declared "fold:0"
"ZPlayer" declared "call:10"
"Xun" declared "call:10"
Street "flop" started. (community card = ['C3', 'H6', 'C9'])
"ZPlayer" declared "call:0"
"Xun" declared "fold:0"
"Finneas" declared "call:0"
Street "turn" started. (community card = ['C3', 'H6', 'C9', 'H9'])
"ZPlayer" declared "call:0"
"Finneas" declared "call:0"
Street "river" started. (community card = ['C3', 'H6', 'C9', 'H9', 'H7'])
"ZPlayer" declared "call:0"
"Finneas" declared "call:0"
"['Finneas']" won the round 35 (stack = {'ZPlayer': 1437, 'Xun': 989, 'NitWinWin': 112, 'Finneas': 1567, 'YangZ': 895})
player [ZPlayer] gets hole card ['C8', 'S3'], current stack 1437
player [Xun] gets hole card ['HA', 'S2'], current stack 984
player [NitWinWin] gets hole card ['HT', 'CK'], current stack 102
player [Finneas] gets hole card ['CT', 'HQ'], current stack 1567
player [YangZ] gets hole card ['HK', 'DJ'], current stack 895
Started the round 36
Street "preflop" started. (community card = [])
"Finneas" declared "call:10"
"YangZ" declared "fold:0"
"ZPlayer" declared "call:10"
"Xun" declared "call:10"
"NitWinWin" declared "fold:0"
Street "flop" started. (community card = ['H7', 'D8', 'CA'])
"Xun" declared "call:0"
"Finneas" declared "call:0"
"ZPlayer" declared "raise:10"
"Xun" declared "call:10"
"Finneas" declared "call:10"
Street "turn" started. (community card = ['H7', 'D8', 'CA', 'D6'])
"Xun" declared "call:0"
"Finneas" declared "call:0"
"ZPlayer" declared "raise:10"
"Xun" declared "call:10"
"Finneas" declared "call:10"
Street "river" started. (community card = ['H7', 'D8', 'CA', 'D6', 'C7'])
"Xun" declared "fold:0"
"Finneas" declared "call:0"
"ZPlayer" declared "raise:10"
"Finneas" declared "call:10"
"['ZPlayer']" won the round 36 (stack = {'ZPlayer': 1517, 'Xun': 959, 'NitWinWin': 102, 'Finneas': 1527, 'YangZ': 895})
player [ZPlayer] gets hole card ['ST', 'D3'], current stack 1517
player [Xun] gets hole card ['C9', 'H4'], current stack 959
player [NitWinWin] gets hole card ['SA', 'CA'], current stack 97
player [Finneas] gets hole card ['DA', 'CJ'], current stack 1517
player [YangZ] gets hole card ['CQ', 'S2'], current stack 895
Started the round 37
Street "preflop" started. (community card = [])
"YangZ" declared "fold:0"
"ZPlayer" declared "raise:15"
"Xun" declared "call:15"
"NitWinWin" declared "raise:102"
"Finneas" declared "fold:0"
"ZPlayer" declared "fold:0"
"Xun" declared "call:102"
Street "flop" started. (community card = ['D2', 'C4', 'S4'])
Street "turn" started. (community card = ['D2', 'C4', 'S4', 'HK'])
Street "river" started. (community card = ['D2', 'C4', 'S4', 'HK', 'C2'])
"['Xun']" won the round 37 (stack = {'ZPlayer': 1502, 'Xun': 1086, 'NitWinWin': 0, 'Finneas': 1517, 'YangZ': 895})
player [ZPlayer] gets hole card ['S9', 'C4'], current stack 1492
player [Xun] gets hole card ['SK', 'C9'], current stack 1086
player [Finneas] gets hole card ['H8', 'C5'], current stack 1517
player [YangZ] gets hole card ['CK', 'H2'], current stack 890
Started the round 38
Street "preflop" started. (community card = [])
"Xun" declared "call:10"
"Finneas" declared "call:10"
"YangZ" declared "fold:0"
"ZPlayer" declared "call:10"
Street "flop" started. (community card = ['HK', 'H3', 'D9'])
"ZPlayer" declared "raise:17"
"Xun" declared "call:17"
"Finneas" declared "call:17"
Street "turn" started. (community card = ['HK', 'H3', 'D9', 'HJ'])
"ZPlayer" declared "call:0"
"Xun" declared "call:0"
"Finneas" declared "call:0"
Street "river" started. (community card = ['HK', 'H3', 'D9', 'HJ', 'C8'])
"ZPlayer" declared "call:0"
"Xun" declared "call:0"
"Finneas" declared "call:0"
"['Xun']" won the round 38 (stack = {'ZPlayer': 1475, 'Xun': 1145, 'NitWinWin': 0, 'Finneas': 1490, 'YangZ': 890})
player [ZPlayer] gets hole card ['ST', 'CK'], current stack 1470
player [Xun] gets hole card ['H9', 'D7'], current stack 1135
player [Finneas] gets hole card ['C5', 'D2'], current stack 1490
player [YangZ] gets hole card ['C9', 'CT'], current stack 890
Started the round 39
Street "preflop" started. (community card = [])
"Finneas" declared "call:10"
"YangZ" declared "fold:0"
"ZPlayer" declared "raise:15"
"Xun" declared "call:15"
"Finneas" declared "call:15"
Street "flop" started. (community card = ['CQ', 'SQ', 'H2'])
"ZPlayer" declared "raise:10"
"Xun" declared "fold:0"
"Finneas" declared "call:10"
Street "turn" started. (community card = ['CQ', 'SQ', 'H2', 'S6'])
"ZPlayer" declared "call:0"
"Finneas" declared "call:0"
Street "river" started. (community card = ['CQ', 'SQ', 'H2', 'S6', 'H5'])
"ZPlayer" declared "call:0"
"Finneas" declared "call:0"
"['Finneas']" won the round 39 (stack = {'ZPlayer': 1450, 'Xun': 1130, 'NitWinWin': 0, 'Finneas': 1530, 'YangZ': 890})
player [ZPlayer] gets hole card ['D4', 'HJ'], current stack 1450
player [Xun] gets hole card ['H8', 'D5'], current stack 1125
player [Finneas] gets hole card ['HK', 'C3'], current stack 1520
player [YangZ] gets hole card ['H6', 'S3'], current stack 890
Started the round 40
Street "preflop" started. (community card = [])
"YangZ" declared "fold:0"
"ZPlayer" declared "call:10"
"Xun" declared "call:10"
"Finneas" declared "call:10"
Street "flop" started. (community card = ['C5', 'H2', 'H3'])
"Xun" declared "call:0"
"Finneas" declared "call:0"
"ZPlayer" declared "raise:10"
"Xun" declared "call:10"
"Finneas" declared "call:10"
Street "turn" started. (community card = ['C5', 'H2', 'H3', 'HA'])
"Xun" declared "fold:0"
"Finneas" declared "call:0"
"ZPlayer" declared "raise:292"
"Finneas" declared "fold:0"
"['ZPlayer']" won the round 40 (stack = {'ZPlayer': 1490, 'Xun': 1110, 'NitWinWin': 0, 'Finneas': 1510, 'YangZ': 890})
player [ZPlayer] gets hole card ['H7', 'HK'], current stack 1490
player [Xun] gets hole card ['D8', 'D7'], current stack 1110
player [Finneas] gets hole card ['DQ', 'S9'], current stack 1505
player [YangZ] gets hole card ['HT', 'DT'], current stack 880
Started the round 41
Street "preflop" started. (community card = [])
"ZPlayer" declared "raise:15"
"Xun" declared "call:15"
"Finneas" declared "call:15"
"YangZ" declared "fold:0"
Street "flop" started. (community card = ['D6', 'C9', 'H2'])
"Finneas" declared "call:0"
"ZPlayer" declared "call:0"
"Xun" declared "call:0"
Street "turn" started. (community card = ['D6', 'C9', 'H2', 'H6'])
"Finneas" declared "call:0"
"ZPlayer" declared "call:0"
"Xun" declared "fold:0"
Street "river" started. (community card = ['D6', 'C9', 'H2', 'H6', 'H9'])
"Finneas" declared "raise:752"
"ZPlayer" declared "fold:0"
"['Finneas']" won the round 41 (stack = {'ZPlayer': 1475, 'Xun': 1095, 'NitWinWin': 0, 'Finneas': 1550, 'YangZ': 880})
player [ZPlayer] gets hole card ['SK', 'HK'], current stack 1465
player [Xun] gets hole card ['S3', 'D7'], current stack 1095
player [Finneas] gets hole card ['DT', 'S2'], current stack 1550
player [YangZ] gets hole card ['C5', 'D2'], current stack 875
Started the round 42
Street "preflop" started. (community card = [])
"Xun" declared "call:10"
"Finneas" declared "call:10"
"YangZ" declared "fold:0"
"ZPlayer" declared "raise:15"
"Xun" declared "call:15"
"Finneas" declared "call:15"
Street "flop" started. (community card = ['H9', 'H6', 'S5'])
"ZPlayer" declared "raise:50"
"Xun" declared "call:50"
"Finneas" declared "fold:0"
Street "turn" started. (community card = ['H9', 'H6', 'S5', 'CA'])
"ZPlayer" declared "raise:10"
"Xun" declared "fold:0"
"['ZPlayer']" won the round 42 (stack = {'ZPlayer': 1560, 'Xun': 1030, 'NitWinWin': 0, 'Finneas': 1535, 'YangZ': 875})
player [ZPlayer] gets hole card ['HK', 'H9'], current stack 1555
player [Xun] gets hole card ['DK', 'S2'], current stack 1020
player [Finneas] gets hole card ['S9', 'S3'], current stack 1535
player [YangZ] gets hole card ['ST', 'C5'], current stack 875
Started the round 43
Street "preflop" started. (community card = [])
"Finneas" declared "call:10"
"YangZ" declared "fold:0"
"ZPlayer" declared "raise:15"
"Xun" declared "call:15"
"Finneas" declared "call:15"
Street "flop" started. (community card = ['CT', 'D5', 'S5'])
"ZPlayer" declared "raise:10"
"Xun" declared "fold:0"
"Finneas" declared "call:10"
Street "turn" started. (community card = ['CT', 'D5', 'S5', 'DJ'])
"ZPlayer" declared "call:0"
"Finneas" declared "call:0"
Street "river" started. (community card = ['CT', 'D5', 'S5', 'DJ', 'C4'])
"ZPlayer" declared "call:0"
"Finneas" declared "call:0"
"['ZPlayer']" won the round 43 (stack = {'ZPlayer': 1600, 'Xun': 1015, 'NitWinWin': 0, 'Finneas': 1510, 'YangZ': 875})
player [ZPlayer] gets hole card ['D3', 'C2'], current stack 1600
player [Xun] gets hole card ['D5', 'CA'], current stack 1010
player [Finneas] gets hole card ['DK', 'HT'], current stack 1500
player [YangZ] gets hole card ['DA', 'S5'], current stack 875
Started the round 44
Street "preflop" started. (community card = [])
"YangZ" declared "fold:0"
"ZPlayer" declared "raise:15"
"Xun" declared "call:15"
"Finneas" declared "call:15"
Street "flop" started. (community card = ['D2', 'H3', 'C6'])
"Xun" declared "call:0"
"Finneas" declared "call:0"
"ZPlayer" declared "raise:730"
"Xun" declared "call:730"
"Finneas" declared "fold:0"
Street "turn" started. (community card = ['D2', 'H3', 'C6', 'H8'])
"Xun" declared "fold:0"
"['ZPlayer']" won the round 44 (stack = {'ZPlayer': 2360, 'Xun': 270, 'NitWinWin': 0, 'Finneas': 1495, 'YangZ': 875})
player [ZPlayer] gets hole card ['H7', 'S3'], current stack 2360
player [Xun] gets hole card ['HQ', 'HA'], current stack 270
player [Finneas] gets hole card ['SK', 'S7'], current stack 1490
player [YangZ] gets hole card ['H8', 'S4'], current stack 865
Started the round 45
Street "preflop" started. (community card = [])
"ZPlayer" declared "raise:15"
"Xun" declared "call:15"
"Finneas" declared "call:15"
"YangZ" declared "fold:0"
Street "flop" started. (community card = ['ST', 'S9', 'S5'])
"Finneas" declared "raise:745"
"ZPlayer" declared "fold:0"
"Xun" declared "fold:0"
"['Finneas']" won the round 45 (stack = {'ZPlayer': 2345, 'Xun': 255, 'NitWinWin': 0, 'Finneas': 1535, 'YangZ': 865})
player [ZPlayer] gets hole card ['D2', 'C4'], current stack 2335
player [Xun] gets hole card ['H3', 'C8'], current stack 255
player [Finneas] gets hole card ['C3', 'CJ'], current stack 1535
player [YangZ] gets hole card ['SQ', 'HT'], current stack 860
Started the round 46
Street "preflop" started. (community card = [])
"Xun" declared "call:10"
"Finneas" declared "call:10"
"YangZ" declared "fold:0"
"ZPlayer" declared "raise:15"
"Xun" declared "call:15"
"Finneas" declared "call:15"
Street "flop" started. (community card = ['D4', 'D5', 'C2'])
"ZPlayer" declared "raise:50"
"Xun" declared "call:50"
"Finneas" declared "fold:0"
Street "turn" started. (community card = ['D4', 'D5', 'C2', 'CA'])
"ZPlayer" declared "raise:10"
"Xun" declared "fold:0"
"['ZPlayer']" won the round 46 (stack = {'ZPlayer': 2430, 'Xun': 190, 'NitWinWin': 0, 'Finneas': 1520, 'YangZ': 860})
player [ZPlayer] gets hole card ['SQ', 'CJ'], current stack 2425
player [Xun] gets hole card ['C7', 'H9'], current stack 180
player [Finneas] gets hole card ['C3', 'DQ'], current stack 1520
player [YangZ] gets hole card ['CA', 'ST'], current stack 860
Started the round 47
Street "preflop" started. (community card = [])
"Finneas" declared "call:10"
"YangZ" declared "fold:0"
"ZPlayer" declared "raise:15"
"Xun" declared "call:15"
"Finneas" declared "call:15"
Street "flop" started. (community card = ['DT', 'S6', 'CK'])
"ZPlayer" declared "raise:10"
"Xun" declared "call:10"
"Finneas" declared "call:10"
Street "turn" started. (community card = ['DT', 'S6', 'CK', 'SJ'])
"ZPlayer" declared "raise:37"
"Xun" declared "fold:0"
"Finneas" declared "fold:0"
"['ZPlayer']" won the round 47 (stack = {'ZPlayer': 2480, 'Xun': 165, 'NitWinWin': 0, 'Finneas': 1495, 'YangZ': 860})
player [ZPlayer] gets hole card ['H9', 'D3'], current stack 2480
player [Xun] gets hole card ['D4', 'SA'], current stack 160
player [Finneas] gets hole card ['S4', 'C8'], current stack 1485
player [YangZ] gets hole card ['S6', 'SQ'], current stack 860
Started the round 48
Street "preflop" started. (community card = [])
"YangZ" declared "fold:0"
"ZPlayer" declared "raise:15"
"Xun" declared "call:15"
"Finneas" declared "call:15"
Street "flop" started. (community card = ['H3', 'H7', 'D7'])
"Xun" declared "fold:0"
"Finneas" declared "call:0"
"ZPlayer" declared "raise:10"
"Finneas" declared "call:10"
Street "turn" started. (community card = ['H3', 'H7', 'D7', 'D9'])
"Finneas" declared "call:0"
"ZPlayer" declared "raise:10"
"Finneas" declared "call:10"
Street "river" started. (community card = ['H3', 'H7', 'D7', 'D9', 'H8'])
"Finneas" declared "call:0"
"ZPlayer" declared "raise:10"
"Finneas" declared "call:10"
"['ZPlayer']" won the round 48 (stack = {'ZPlayer': 2540, 'Xun': 150, 'NitWinWin': 0, 'Finneas': 1450, 'YangZ': 860})
player [ZPlayer] gets hole card ['D7', 'D3'], current stack 2540
player [Xun] gets hole card ['H4', 'S3'], current stack 150
player [Finneas] gets hole card ['SA', 'S7'], current stack 1445
player [YangZ] gets hole card ['S8', 'H2'], current stack 850
Started the round 49
Street "preflop" started. (community card = [])
"ZPlayer" declared "raise:15"
"Xun" declared "call:15"
"Finneas" declared "call:15"
"YangZ" declared "fold:0"
Street "flop" started. (community card = ['SQ', 'HQ', 'D4'])
"Finneas" declared "call:0"
"ZPlayer" declared "call:0"
"Xun" declared "call:0"
Street "turn" started. (community card = ['SQ', 'HQ', 'D4', 'DQ'])
"Finneas" declared "raise:722"
"ZPlayer" declared "fold:0"
"Xun" declared "fold:0"
"['Finneas']" won the round 49 (stack = {'ZPlayer': 2525, 'Xun': 135, 'NitWinWin': 0, 'Finneas': 1490, 'YangZ': 850})
player [ZPlayer] gets hole card ['CJ', 'CQ'], current stack 2515
player [Xun] gets hole card ['CT', 'ST'], current stack 135
player [Finneas] gets hole card ['S2', 'S5'], current stack 1490
player [YangZ] gets hole card ['S4', 'HK'], current stack 845
Started the round 50
Street "preflop" started. (community card = [])
"Xun" declared "call:10"
"Finneas" declared "call:10"
"YangZ" declared "fold:0"
"ZPlayer" declared "raise:15"
"Xun" declared "call:15"
"Finneas" declared "call:15"
Street "flop" started. (community card = ['S9', 'S8', 'D4'])
"ZPlayer" declared "call:0"
"Xun" declared "call:0"
"Finneas" declared "call:0"
Street "turn" started. (community card = ['S9', 'S8', 'D4', 'DQ'])
"ZPlayer" declared "raise:50"
"Xun" declared "fold:0"
"Finneas" declared "fold:0"
"['ZPlayer']" won the round 50 (stack = {'ZPlayer': 2560, 'Xun': 120, 'NitWinWin': 0, 'Finneas': 1475, 'YangZ': 845})

Game Results:
------------------------------------------------------------
Game 1:
Winner: ZPlayer (stack: 2560)
All players' stacks:
  ZPlayer: 2560
  Xun: 120
  NitWinWin: 0
  Finneas: 1475
  YangZ: 845
------------------------------------------------------------
