player [ZPlayer] gets hole card ['H5', 'HA'], current stack 1000
player [Xun] gets hole card ['D8', 'C9'], current stack 995
player [NitWinWin] gets hole card ['C5', 'H3'], current stack 990
player [Finneas] gets hole card ['SK', 'C8'], current stack 1000
player [YangZ] gets hole card ['CA', 'D3'], current stack 1000
Started the round 1
Street "preflop" started. (community card = [])
"Finneas" declared "call:10"
"YangZ" declared "fold:0"
"ZPlayer" declared "raise:15"
"Xun" declared "call:15"
"NitWinWin" declared "fold:0"
"Finneas" declared "call:15"
Street "flop" started. (community card = ['C6', 'H7', 'HQ'])
"Xun" declared "call:0"
"Finneas" declared "call:0"
"ZPlayer" declared "raise:10"
"Xun" declared "call:10"
"Finneas" declared "call:10"
Street "turn" started. (community card = ['C6', 'H7', 'HQ', 'H2'])
"Xun" declared "fold:0"
"Finneas" declared "call:0"
"ZPlayer" declared "raise:85"
"Finneas" declared "fold:0"
"['ZPlayer']" won the round 1 (stack = {'ZPlayer': 1060, 'Xun': 975, 'NitWinWin': 990, 'Finneas': 975, 'YangZ': 1000})
player [ZPlayer] gets hole card ['CQ', 'DA'], current stack 1060
player [Xun] gets hole card ['D6', 'DK'], current stack 975
player [NitWinWin] gets hole card ['D9', 'DJ'], current stack 985
player [Finneas] gets hole card ['C2', 'D5'], current stack 965
player [YangZ] gets hole card ['C8', 'H8'], current stack 1000
Started the round 2
Street "preflop" started. (community card = [])
"YangZ" declared "fold:0"
"ZPlayer" declared "raise:15"
"Xun" declared "call:15"
"NitWinWin" declared "fold:0"
"Finneas" declared "call:15"
Street "flop" started. (community card = ['DQ', 'C3', 'D8'])
"Finneas" declared "call:0"
"ZPlayer" declared "raise:50"
"Xun" declared "call:50"
"Finneas" declared "fold:0"
Street "turn" started. (community card = ['DQ', 'C3', 'D8', 'SK'])
"ZPlayer" declared "raise:75"
"Xun" declared "fold:0"
"['ZPlayer']" won the round 2 (stack = {'ZPlayer': 1145, 'Xun': 910, 'NitWinWin': 985, 'Finneas': 960, 'YangZ': 1000})
player [ZPlayer] gets hole card ['CA', 'DA'], current stack 1145
player [Xun] gets hole card ['S5', 'H3'], current stack 910
player [NitWinWin] gets hole card ['D8', 'SA'], current stack 985
player [Finneas] gets hole card ['SQ', 'S8'], current stack 955
player [YangZ] gets hole card ['S9', 'C8'], current stack 990
Started the round 3
Street "preflop" started. (community card = [])
"ZPlayer" declared "raise:15"
"Xun" declared "call:15"
"NitWinWin" declared "fold:0"
"Finneas" declared "call:15"
"YangZ" declared "fold:0"
Street "flop" started. (community card = ['S7', 'SK', 'C3'])
"Finneas" declared "call:0"
"ZPlayer" declared "raise:379"
"Xun" declared "call:379"
"Finneas" declared "fold:0"
Street "turn" started. (community card = ['S7', 'SK', 'C3', 'D6'])
"ZPlayer" declared "raise:406"
"Xun" declared "fold:0"
"['ZPlayer']" won the round 3 (stack = {'ZPlayer': 1564, 'Xun': 516, 'NitWinWin': 985, 'Finneas': 945, 'YangZ': 990})
player [ZPlayer] gets hole card ['H7', 'S4'], current stack 1554
player [Xun] gets hole card ['CA', 'D6'], current stack 516
player [NitWinWin] gets hole card ['S8', 'CT'], current stack 985
player [Finneas] gets hole card ['S2', 'S9'], current stack 945
player [YangZ] gets hole card ['H6', 'C2'], current stack 985
Started the round 4
Street "preflop" started. (community card = [])
"Xun" declared "call:10"
"NitWinWin" declared "fold:0"
"Finneas" declared "call:10"
"YangZ" declared "fold:0"
"ZPlayer" declared "call:10"
Street "flop" started. (community card = ['D3', 'H8', 'D8'])
"ZPlayer" declared "call:0"
"Xun" declared "fold:0"
"Finneas" declared "call:0"
Street "turn" started. (community card = ['D3', 'H8', 'D8', 'ST'])
"ZPlayer" declared "call:0"
"Finneas" declared "call:0"
Street "river" started. (community card = ['D3', 'H8', 'D8', 'ST', 'HQ'])
"ZPlayer" declared "call:0"
"Finneas" declared "call:0"
"['Finneas']" won the round 4 (stack = {'ZPlayer': 1554, 'Xun': 506, 'NitWinWin': 985, 'Finneas': 970, 'YangZ': 985})
player [ZPlayer] gets hole card ['D4', 'H2'], current stack 1549
player [Xun] gets hole card ['C7', 'DJ'], current stack 496
player [NitWinWin] gets hole card ['HQ', 'D9'], current stack 985
player [Finneas] gets hole card ['D2', 'H3'], current stack 970
player [YangZ] gets hole card ['S3', 'D3'], current stack 985
Started the round 5
Street "preflop" started. (community card = [])
"NitWinWin" declared "fold:0"
"Finneas" declared "call:10"
"YangZ" declared "fold:0"
"ZPlayer" declared "raise:15"
"Xun" declared "call:15"
"Finneas" declared "call:15"
Street "flop" started. (community card = ['HA', 'D5', 'DK'])
"ZPlayer" declared "call:0"
"Xun" declared "fold:0"
"Finneas" declared "call:0"
Street "turn" started. (community card = ['HA', 'D5', 'DK', 'S2'])
"ZPlayer" declared "raise:10"
"Finneas" declared "call:10"
Street "river" started. (community card = ['HA', 'D5', 'DK', 'S2', 'S6'])
"ZPlayer" declared "call:0"
"Finneas" declared "call:0"
"['ZPlayer', 'Finneas']" won the round 5 (stack = {'ZPlayer': 1561, 'Xun': 491, 'NitWinWin': 985, 'Finneas': 977, 'YangZ': 985})
player [ZPlayer] gets hole card ['HJ', 'ST'], current stack 1561
player [Xun] gets hole card ['DA', 'D4'], current stack 486
player [NitWinWin] gets hole card ['S5', 'C9'], current stack 975
player [Finneas] gets hole card ['HA', 'SQ'], current stack 977
player [YangZ] gets hole card ['H6', 'CA'], current stack 985
Started the round 6
Street "preflop" started. (community card = [])
"Finneas" declared "raise:496"
"YangZ" declared "fold:0"
"ZPlayer" declared "fold:0"
"Xun" declared "call:496"
"NitWinWin" declared "fold:0"
Street "flop" started. (community card = ['HK', 'SJ', 'H8'])
Street "turn" started. (community card = ['HK', 'SJ', 'H8', 'S4'])
Street "river" started. (community card = ['HK', 'SJ', 'H8', 'S4', 'DJ'])
"['Xun']" won the round 6 (stack = {'ZPlayer': 1561, 'Xun': 992, 'NitWinWin': 975, 'Finneas': 486, 'YangZ': 985})
player [ZPlayer] gets hole card ['C2', 'C7'], current stack 1561
player [Xun] gets hole card ['D9', 'HJ'], current stack 992
player [NitWinWin] gets hole card ['H7', 'S2'], current stack 970
player [Finneas] gets hole card ['ST', 'C8'], current stack 476
player [YangZ] gets hole card ['HA', 'SA'], current stack 985
Started the round 7
Street "preflop" started. (community card = [])
"YangZ" declared "fold:0"
"ZPlayer" declared "raise:15"
"Xun" declared "call:15"
"NitWinWin" declared "fold:0"
"Finneas" declared "call:15"
Street "flop" started. (community card = ['C4', 'C3', 'C5'])
"Finneas" declared "call:0"
"ZPlayer" declared "raise:50"
"Xun" declared "fold:0"
"Finneas" declared "fold:0"
"['ZPlayer']" won the round 7 (stack = {'ZPlayer': 1596, 'Xun': 977, 'NitWinWin': 970, 'Finneas': 471, 'YangZ': 985})
player [ZPlayer] gets hole card ['D2', 'D4'], current stack 1596
player [Xun] gets hole card ['SQ', 'SJ'], current stack 977
player [NitWinWin] gets hole card ['HK', 'C2'], current stack 970
player [Finneas] gets hole card ['S9', 'CK'], current stack 466
player [YangZ] gets hole card ['H4', 'HA'], current stack 975
Started the round 8
Street "preflop" started. (community card = [])
"ZPlayer" declared "raise:15"
"Xun" declared "call:15"
"NitWinWin" declared "fold:0"
"Finneas" declared "call:15"
"YangZ" declared "fold:0"
Street "flop" started. (community card = ['HJ', 'H7', 'D8'])
"Finneas" declared "call:0"
"ZPlayer" declared "call:0"
"Xun" declared "call:0"
Street "turn" started. (community card = ['HJ', 'H7', 'D8', 'DQ'])
"Finneas" declared "call:0"
"ZPlayer" declared "call:0"
"Xun" declared "call:0"
Street "river" started. (community card = ['HJ', 'H7', 'D8', 'DQ', 'H2'])
"Finneas" declared "call:0"
"ZPlayer" declared "call:0"
"Xun" declared "call:0"
"['Xun']" won the round 8 (stack = {'ZPlayer': 1581, 'Xun': 1017, 'NitWinWin': 970, 'Finneas': 456, 'YangZ': 975})
player [ZPlayer] gets hole card ['S3', 'C5'], current stack 1571
player [Xun] gets hole card ['SA', 'ST'], current stack 1017
player [NitWinWin] gets hole card ['H2', 'H4'], current stack 970
player [Finneas] gets hole card ['S7', 'H8'], current stack 456
player [YangZ] gets hole card ['HK', 'S2'], current stack 970
Started the round 9
Street "preflop" started. (community card = [])
"Xun" declared "call:10"
"NitWinWin" declared "fold:0"
"Finneas" declared "call:10"
"YangZ" declared "fold:0"
"ZPlayer" declared "call:10"
Street "flop" started. (community card = ['HT', 'H6', 'CK'])
"ZPlayer" declared "call:0"
"Xun" declared "call:0"
"Finneas" declared "call:0"
Street "turn" started. (community card = ['HT', 'H6', 'CK', 'S8'])
"ZPlayer" declared "call:0"
"Xun" declared "call:0"
"Finneas" declared "call:0"
Street "river" started. (community card = ['HT', 'H6', 'CK', 'S8', 'SJ'])
"ZPlayer" declared "call:0"
"Xun" declared "fold:0"
"Finneas" declared "call:0"
"['Finneas']" won the round 9 (stack = {'ZPlayer': 1571, 'Xun': 1007, 'NitWinWin': 970, 'Finneas': 481, 'YangZ': 970})
player [ZPlayer] gets hole card ['DT', 'DQ'], current stack 1566
player [Xun] gets hole card ['S3', 'CK'], current stack 997
player [NitWinWin] gets hole card ['S7', 'H5'], current stack 970
player [Finneas] gets hole card ['H8', 'S2'], current stack 481
player [YangZ] gets hole card ['SQ', 'HA'], current stack 970
Started the round 10
Street "preflop" started. (community card = [])
"NitWinWin" declared "fold:0"
"Finneas" declared "call:10"
"YangZ" declared "fold:0"
"ZPlayer" declared "raise:15"
"Xun" declared "call:15"
"Finneas" declared "call:15"
Street "flop" started. (community card = ['SK', 'H6', 'H4'])
"ZPlayer" declared "call:0"
"Xun" declared "call:0"
"Finneas" declared "call:0"
Street "turn" started. (community card = ['SK', 'H6', 'H4', 'C9'])
"ZPlayer" declared "call:0"
"Xun" declared "call:0"
"Finneas" declared "call:0"
Street "river" started. (community card = ['SK', 'H6', 'H4', 'C9', 'D8'])
"ZPlayer" declared "call:0"
"Xun" declared "fold:0"
"Finneas" declared "call:0"
"['Finneas']" won the round 10 (stack = {'ZPlayer': 1556, 'Xun': 992, 'NitWinWin': 970, 'Finneas': 511, 'YangZ': 970})
player [ZPlayer] gets hole card ['C5', 'H8'], current stack 1556
player [Xun] gets hole card ['CJ', 'HJ'], current stack 987
player [NitWinWin] gets hole card ['HT', 'H6'], current stack 960
player [Finneas] gets hole card ['HK', 'SA'], current stack 511
player [YangZ] gets hole card ['S3', 'D2'], current stack 970
Started the round 11
Street "preflop" started. (community card = [])
"Finneas" declared "raise:263"
"YangZ" declared "fold:0"
"ZPlayer" declared "fold:0"
"Xun" declared "call:263"
"NitWinWin" declared "fold:0"
Street "flop" started. (community card = ['H2', 'S6', 'H7'])
"Xun" declared "call:0"
"Finneas" declared "call:0"
Street "turn" started. (community card = ['H2', 'S6', 'H7', 'C6'])
"Xun" declared "call:0"
"Finneas" declared "call:0"
Street "river" started. (community card = ['H2', 'S6', 'H7', 'C6', 'DQ'])
"Xun" declared "fold:0"
"['Finneas']" won the round 11 (stack = {'ZPlayer': 1556, 'Xun': 729, 'NitWinWin': 960, 'Finneas': 784, 'YangZ': 970})
player [ZPlayer] gets hole card ['CK', 'C9'], current stack 1556
player [Xun] gets hole card ['H9', 'SK'], current stack 729
player [NitWinWin] gets hole card ['HQ', 'CQ'], current stack 955
player [Finneas] gets hole card ['HJ', 'C3'], current stack 774
player [YangZ] gets hole card ['DA', 'H8'], current stack 970
Started the round 12
Street "preflop" started. (community card = [])
"YangZ" declared "fold:0"
"ZPlayer" declared "raise:15"
"Xun" declared "call:15"
"NitWinWin" declared "raise:960"
"Finneas" declared "fold:0"
"ZPlayer" declared "fold:0"
"Xun" declared "call:960"
Street "flop" started. (community card = ['D7', 'SQ', 'CJ'])
Street "turn" started. (community card = ['D7', 'SQ', 'CJ', 'D5'])
Street "river" started. (community card = ['D7', 'SQ', 'CJ', 'D5', 'H4'])
"['NitWinWin']" won the round 12 (stack = {'ZPlayer': 1541, 'Xun': 0, 'NitWinWin': 1714, 'Finneas': 774, 'YangZ': 970})
player [ZPlayer] gets hole card ['CA', 'D8'], current stack 1541
player [NitWinWin] gets hole card ['HA', 'SJ'], current stack 1714
player [Finneas] gets hole card ['D4', 'S8'], current stack 769
player [YangZ] gets hole card ['H3', 'CK'], current stack 960
Started the round 13
Street "preflop" started. (community card = [])
"ZPlayer" declared "raise:15"
"NitWinWin" declared "fold:0"
"Finneas" declared "call:15"
"YangZ" declared "fold:0"
Street "flop" started. (community card = ['DK', 'DQ', 'H9'])
"Finneas" declared "call:0"
"ZPlayer" declared "call:0"
Street "turn" started. (community card = ['DK', 'DQ', 'H9', 'S2'])
"Finneas" declared "call:0"
"ZPlayer" declared "call:0"
Street "river" started. (community card = ['DK', 'DQ', 'H9', 'S2', 'C7'])
"Finneas" declared "call:0"
"ZPlayer" declared "call:0"
"['ZPlayer']" won the round 13 (stack = {'ZPlayer': 1566, 'Xun': 0, 'NitWinWin': 1714, 'Finneas': 759, 'YangZ': 960})
player [ZPlayer] gets hole card ['CT', 'D9'], current stack 1556
player [NitWinWin] gets hole card ['H3', 'CK'], current stack 1714
player [Finneas] gets hole card ['C4', 'S7'], current stack 759
player [YangZ] gets hole card ['C3', 'DT'], current stack 955
Started the round 14
Street "preflop" started. (community card = [])
"NitWinWin" declared "fold:0"
"Finneas" declared "call:10"
"YangZ" declared "fold:0"
"ZPlayer" declared "call:10"
Street "flop" started. (community card = ['DJ', 'D4', 'H5'])
"ZPlayer" declared "call:0"
"Finneas" declared "call:0"
Street "turn" started. (community card = ['DJ', 'D4', 'H5', 'SA'])
"ZPlayer" declared "call:0"
"Finneas" declared "call:0"
Street "river" started. (community card = ['DJ', 'D4', 'H5', 'SA', 'HK'])
"ZPlayer" declared "call:0"
"Finneas" declared "call:0"
"['Finneas']" won the round 14 (stack = {'ZPlayer': 1556, 'Xun': 0, 'NitWinWin': 1714, 'Finneas': 774, 'YangZ': 955})
player [ZPlayer] gets hole card ['C8', 'S8'], current stack 1551
player [NitWinWin] gets hole card ['SJ', 'S2'], current stack 1704
player [Finneas] gets hole card ['S7', 'DA'], current stack 774
player [YangZ] gets hole card ['CQ', 'H5'], current stack 955
Started the round 15
Street "preflop" started. (community card = [])
"Finneas" declared "call:10"
"YangZ" declared "fold:0"
"ZPlayer" declared "raise:15"
"NitWinWin" declared "fold:0"
"Finneas" declared "call:15"
Street "flop" started. (community card = ['C6', 'C9', 'D8'])
"ZPlayer" declared "raise:40"
"Finneas" declared "fold:0"
"['ZPlayer']" won the round 15 (stack = {'ZPlayer': 1581, 'Xun': 0, 'NitWinWin': 1704, 'Finneas': 759, 'YangZ': 955})
player [ZPlayer] gets hole card ['HJ', 'SK'], current stack 1581
player [NitWinWin] gets hole card ['CK', 'HA'], current stack 1699
player [Finneas] gets hole card ['C7', 'D6'], current stack 749
player [YangZ] gets hole card ['CT', 'HT'], current stack 955
Started the round 16
Street "preflop" started. (community card = [])
"YangZ" declared "fold:0"
"ZPlayer" declared "raise:15"
"NitWinWin" declared "fold:0"
"Finneas" declared "call:15"
Street "flop" started. (community card = ['H3', 'C5', 'HK'])
"Finneas" declared "call:0"
"ZPlayer" declared "raise:17"
"Finneas" declared "call:17"
Street "turn" started. (community card = ['H3', 'C5', 'HK', 'DK'])
"Finneas" declared "call:0"
"ZPlayer" declared "raise:1073"
"Finneas" declared "fold:0"
"['ZPlayer']" won the round 16 (stack = {'ZPlayer': 1618, 'Xun': 0, 'NitWinWin': 1699, 'Finneas': 727, 'YangZ': 955})
player [ZPlayer] gets hole card ['C8', 'ST'], current stack 1618
player [NitWinWin] gets hole card ['S6', 'HA'], current stack 1699
player [Finneas] gets hole card ['DT', 'S3'], current stack 722
player [YangZ] gets hole card ['S4', 'C7'], current stack 945
Started the round 17
Street "preflop" started. (community card = [])
"ZPlayer" declared "raise:15"
"NitWinWin" declared "fold:0"
"Finneas" declared "call:15"
"YangZ" declared "fold:0"
Street "flop" started. (community card = ['CJ', 'HT', 'CT'])
"Finneas" declared "raise:361"
"ZPlayer" declared "raise:722"
"Finneas" declared "fold:0"
"['ZPlayer']" won the round 17 (stack = {'ZPlayer': 2004, 'Xun': 0, 'NitWinWin': 1699, 'Finneas': 351, 'YangZ': 945})
player [ZPlayer] gets hole card ['CQ', 'DK'], current stack 1994
player [NitWinWin] gets hole card ['SJ', 'S9'], current stack 1699
player [Finneas] gets hole card ['C4', 'C2'], current stack 351
player [YangZ] gets hole card ['DA', 'H2'], current stack 940
Started the round 18
Street "preflop" started. (community card = [])
"NitWinWin" declared "fold:0"
"Finneas" declared "call:10"
"YangZ" declared "fold:0"
"ZPlayer" declared "raise:15"
"Finneas" declared "call:15"
Street "flop" started. (community card = ['S8', 'H8', 'HQ'])
"ZPlayer" declared "raise:17"
"Finneas" declared "call:17"
Street "turn" started. (community card = ['S8', 'H8', 'HQ', 'CA'])
"ZPlayer" declared "raise:34"
"Finneas" declared "fold:0"
"['ZPlayer']" won the round 18 (stack = {'ZPlayer': 2041, 'Xun': 0, 'NitWinWin': 1699, 'Finneas': 319, 'YangZ': 940})
player [ZPlayer] gets hole card ['CA', 'SQ'], current stack 2036
player [NitWinWin] gets hole card ['C4', 'S6'], current stack 1689
player [Finneas] gets hole card ['HQ', 'CK'], current stack 319
player [YangZ] gets hole card ['HT', 'SK'], current stack 940
Started the round 19
Street "preflop" started. (community card = [])
"Finneas" declared "call:10"
"YangZ" declared "fold:0"
"ZPlayer" declared "raise:15"
"NitWinWin" declared "fold:0"
"Finneas" declared "call:15"
Street "flop" started. (community card = ['C2', 'C5', 'H7'])
"ZPlayer" declared "raise:10"
"Finneas" declared "call:10"
Street "turn" started. (community card = ['C2', 'C5', 'H7', 'C9'])
"ZPlayer" declared "call:0"
"Finneas" declared "call:0"
Street "river" started. (community card = ['C2', 'C5', 'H7', 'C9', 'D5'])
"ZPlayer" declared "call:0"
"Finneas" declared "call:0"
"['ZPlayer']" won the round 19 (stack = {'ZPlayer': 2076, 'Xun': 0, 'NitWinWin': 1689, 'Finneas': 294, 'YangZ': 940})
player [ZPlayer] gets hole card ['S9', 'H5'], current stack 2076
player [NitWinWin] gets hole card ['D4', 'S2'], current stack 1684
player [Finneas] gets hole card ['D8', 'D3'], current stack 284
player [YangZ] gets hole card ['SA', 'S4'], current stack 940
Started the round 20
Street "preflop" started. (community card = [])
"YangZ" declared "fold:0"
"ZPlayer" declared "raise:15"
"NitWinWin" declared "fold:0"
"Finneas" declared "call:15"
Street "flop" started. (community card = ['H4', 'C6', 'S7'])
"Finneas" declared "call:0"
"ZPlayer" declared "call:0"
Street "turn" started. (community card = ['H4', 'C6', 'S7', 'C5'])
"Finneas" declared "call:0"
"ZPlayer" declared "call:0"
Street "river" started. (community card = ['H4', 'C6', 'S7', 'C5', 'SQ'])
"Finneas" declared "call:0"
"ZPlayer" declared "call:0"
"['Finneas']" won the round 20 (stack = {'ZPlayer': 2061, 'Xun': 0, 'NitWinWin': 1684, 'Finneas': 314, 'YangZ': 940})
player [ZPlayer] gets hole card ['H5', 'ST'], current stack 2061
player [NitWinWin] gets hole card ['HK', 'S3'], current stack 1684
player [Finneas] gets hole card ['H9', 'DJ'], current stack 309
player [YangZ] gets hole card ['H4', 'D6'], current stack 930
Started the round 21
Street "preflop" started. (community card = [])
"ZPlayer" declared "raise:15"
"NitWinWin" declared "fold:0"
"Finneas" declared "call:15"
"YangZ" declared "fold:0"
Street "flop" started. (community card = ['CA', 'C8', 'H6'])
"Finneas" declared "call:0"
"ZPlayer" declared "call:0"
Street "turn" started. (community card = ['CA', 'C8', 'H6', 'C7'])
"Finneas" declared "call:0"
"ZPlayer" declared "call:0"
Street "river" started. (community card = ['CA', 'C8', 'H6', 'C7', 'HJ'])
"Finneas" declared "call:0"
"ZPlayer" declared "call:0"
"['Finneas']" won the round 21 (stack = {'ZPlayer': 2046, 'Xun': 0, 'NitWinWin': 1684, 'Finneas': 339, 'YangZ': 930})
player [ZPlayer] gets hole card ['C3', 'DK'], current stack 2036
player [NitWinWin] gets hole card ['S3', 'S6'], current stack 1684
player [Finneas] gets hole card ['HQ', 'D5'], current stack 339
player [YangZ] gets hole card ['ST', 'D3'], current stack 925
Started the round 22
Street "preflop" started. (community card = [])
"NitWinWin" declared "fold:0"
"Finneas" declared "call:10"
"YangZ" declared "fold:0"
"ZPlayer" declared "raise:15"
"Finneas" declared "call:15"
Street "flop" started. (community card = ['H6', 'CK', 'H3'])
"ZPlayer" declared "raise:35"
"Finneas" declared "fold:0"
"['ZPlayer']" won the round 22 (stack = {'ZPlayer': 2066, 'Xun': 0, 'NitWinWin': 1684, 'Finneas': 324, 'YangZ': 925})
player [ZPlayer] gets hole card ['C3', 'CT'], current stack 2061
player [NitWinWin] gets hole card ['HQ', 'D5'], current stack 1674
player [Finneas] gets hole card ['DT', 'CJ'], current stack 324
player [YangZ] gets hole card ['CK', 'SJ'], current stack 925
Started the round 23
Street "preflop" started. (community card = [])
"Finneas" declared "call:10"
"YangZ" declared "fold:0"
"ZPlayer" declared "raise:15"
"NitWinWin" declared "fold:0"
"Finneas" declared "call:15"
Street "flop" started. (community card = ['HK', 'D9', 'S6'])
"ZPlayer" declared "call:0"
"Finneas" declared "call:0"
Street "turn" started. (community card = ['HK', 'D9', 'S6', 'H5'])
"ZPlayer" declared "call:0"
"Finneas" declared "call:0"
Street "river" started. (community card = ['HK', 'D9', 'S6', 'H5', 'C7'])
"ZPlayer" declared "call:0"
"Finneas" declared "call:0"
"['Finneas']" won the round 23 (stack = {'ZPlayer': 2051, 'Xun': 0, 'NitWinWin': 1674, 'Finneas': 349, 'YangZ': 925})
player [ZPlayer] gets hole card ['S2', 'C7'], current stack 2051
player [NitWinWin] gets hole card ['C9', 'C3'], current stack 1669
player [Finneas] gets hole card ['SQ', 'HQ'], current stack 339
player [YangZ] gets hole card ['D6', 'C6'], current stack 925
Started the round 24
Street "preflop" started. (community card = [])
"YangZ" declared "fold:0"
"ZPlayer" declared "raise:15"
"NitWinWin" declared "fold:0"
"Finneas" declared "raise:184"
"ZPlayer" declared "fold:0"
"['Finneas']" won the round 24 (stack = {'ZPlayer': 2036, 'Xun': 0, 'NitWinWin': 1669, 'Finneas': 369, 'YangZ': 925})
player [ZPlayer] gets hole card ['S3', 'ST'], current stack 2036
player [NitWinWin] gets hole card ['C5', 'H2'], current stack 1669
player [Finneas] gets hole card ['HT', 'D6'], current stack 364
player [YangZ] gets hole card ['D3', 'S5'], current stack 915
Started the round 25
Street "preflop" started. (community card = [])
"ZPlayer" declared "raise:15"
"NitWinWin" declared "fold:0"
"Finneas" declared "call:15"
"YangZ" declared "fold:0"
Street "flop" started. (community card = ['D8', 'S9', 'C6'])
"Finneas" declared "call:0"
"ZPlayer" declared "call:0"
Street "turn" started. (community card = ['D8', 'S9', 'C6', 'H9'])
"Finneas" declared "call:0"
"ZPlayer" declared "call:0"
Street "river" started. (community card = ['D8', 'S9', 'C6', 'H9', 'SQ'])
"Finneas" declared "call:0"
"ZPlayer" declared "call:0"
"['Finneas']" won the round 25 (stack = {'ZPlayer': 2021, 'Xun': 0, 'NitWinWin': 1669, 'Finneas': 394, 'YangZ': 915})
player [ZPlayer] gets hole card ['C4', 'HT'], current stack 2011
player [NitWinWin] gets hole card ['H8', 'S8'], current stack 1669
player [Finneas] gets hole card ['C9', 'D4'], current stack 394
player [YangZ] gets hole card ['DK', 'CQ'], current stack 910
Started the round 26
Street "preflop" started. (community card = [])
"NitWinWin" declared "fold:0"
"Finneas" declared "call:10"
"YangZ" declared "fold:0"
"ZPlayer" declared "raise:15"
"Finneas" declared "call:15"
Street "flop" started. (community card = ['H5', 'S2', 'D9'])
"ZPlayer" declared "call:0"
"Finneas" declared "call:0"
Street "turn" started. (community card = ['H5', 'S2', 'D9', 'C5'])
"ZPlayer" declared "call:0"
"Finneas" declared "call:0"
Street "river" started. (community card = ['H5', 'S2', 'D9', 'C5', 'S5'])
"ZPlayer" declared "call:0"
"Finneas" declared "raise:194"
"ZPlayer" declared "fold:0"
"['Finneas']" won the round 26 (stack = {'ZPlayer': 2006, 'Xun': 0, 'NitWinWin': 1669, 'Finneas': 414, 'YangZ': 910})
player [ZPlayer] gets hole card ['C4', 'S8'], current stack 2001
player [NitWinWin] gets hole card ['C9', 'C7'], current stack 1659
player [Finneas] gets hole card ['S6', 'S2'], current stack 414
player [YangZ] gets hole card ['S5', 'H4'], current stack 910
Started the round 27
Street "preflop" started. (community card = [])
"Finneas" declared "call:10"
"YangZ" declared "fold:0"
"ZPlayer" declared "raise:15"
"NitWinWin" declared "fold:0"
"Finneas" declared "call:15"
Street "flop" started. (community card = ['D2', 'D3', 'H2'])
"ZPlayer" declared "call:0"
"Finneas" declared "raise:204"
"ZPlayer" declared "fold:0"
"['Finneas']" won the round 27 (stack = {'ZPlayer': 1991, 'Xun': 0, 'NitWinWin': 1659, 'Finneas': 439, 'YangZ': 910})
player [ZPlayer] gets hole card ['S4', 'C9'], current stack 1991
player [NitWinWin] gets hole card ['C2', 'H3'], current stack 1654
player [Finneas] gets hole card ['SQ', 'D7'], current stack 429
player [YangZ] gets hole card ['C4', 'H2'], current stack 910
Started the round 28
Street "preflop" started. (community card = [])
"YangZ" declared "fold:0"
"ZPlayer" declared "raise:15"
"NitWinWin" declared "fold:0"
"Finneas" declared "call:15"
Street "flop" started. (community card = ['HJ', 'DQ', 'S3'])
"Finneas" declared "call:0"
"ZPlayer" declared "call:0"
Street "turn" started. (community card = ['HJ', 'DQ', 'S3', 'D5'])
"Finneas" declared "call:0"
"ZPlayer" declared "call:0"
Street "river" started. (community card = ['HJ', 'DQ', 'S3', 'D5', 'C5'])
"Finneas" declared "call:0"
"ZPlayer" declared "call:0"
"['Finneas']" won the round 28 (stack = {'ZPlayer': 1976, 'Xun': 0, 'NitWinWin': 1654, 'Finneas': 459, 'YangZ': 910})
player [ZPlayer] gets hole card ['HQ', 'D3'], current stack 1976
player [NitWinWin] gets hole card ['DJ', 'SK'], current stack 1654
player [Finneas] gets hole card ['D2', 'HK'], current stack 454
player [YangZ] gets hole card ['HT', 'D4'], current stack 900
Started the round 29
Street "preflop" started. (community card = [])
"ZPlayer" declared "raise:15"
"NitWinWin" declared "fold:0"
"Finneas" declared "call:15"
"YangZ" declared "fold:0"
Street "flop" started. (community card = ['D8', 'D9', 'H3'])
"Finneas" declared "call:0"
"ZPlayer" declared "call:0"
Street "turn" started. (community card = ['D8', 'D9', 'H3', 'CQ'])
"Finneas" declared "call:0"
"ZPlayer" declared "raise:20"
"Finneas" declared "fold:0"
"['ZPlayer']" won the round 29 (stack = {'ZPlayer': 2001, 'Xun': 0, 'NitWinWin': 1654, 'Finneas': 444, 'YangZ': 900})
player [ZPlayer] gets hole card ['D3', 'D4'], current stack 1991
player [NitWinWin] gets hole card ['H4', 'H3'], current stack 1654
player [Finneas] gets hole card ['SJ', 'CK'], current stack 444
player [YangZ] gets hole card ['H8', 'H2'], current stack 895
Started the round 30
Street "preflop" started. (community card = [])
"NitWinWin" declared "fold:0"
"Finneas" declared "call:10"
"YangZ" declared "fold:0"
"ZPlayer" declared "call:10"
Street "flop" started. (community card = ['S2', 'D5', 'DT'])
"ZPlayer" declared "raise:10"
"Finneas" declared "call:10"
Street "turn" started. (community card = ['S2', 'D5', 'DT', 'S4'])
"ZPlayer" declared "raise:10"
"Finneas" declared "call:10"
Street "river" started. (community card = ['S2', 'D5', 'DT', 'S4', 'H5'])
"ZPlayer" declared "raise:10"
"Finneas" declared "call:10"
"['ZPlayer']" won the round 30 (stack = {'ZPlayer': 2046, 'Xun': 0, 'NitWinWin': 1654, 'Finneas': 404, 'YangZ': 895})
player [ZPlayer] gets hole card ['ST', 'C2'], current stack 2041
player [NitWinWin] gets hole card ['DQ', 'CT'], current stack 1644
player [Finneas] gets hole card ['DK', 'H9'], current stack 404
player [YangZ] gets hole card ['S5', 'H4'], current stack 895
Started the round 31
Street "preflop" started. (community card = [])
"Finneas" declared "call:10"
"YangZ" declared "fold:0"
"ZPlayer" declared "raise:15"
"NitWinWin" declared "fold:0"
"Finneas" declared "call:15"
Street "flop" started. (community card = ['CQ', 'H3', 'D5'])
"ZPlayer" declared "call:0"
"Finneas" declared "call:0"
Street "turn" started. (community card = ['CQ', 'H3', 'D5', 'C7'])
"ZPlayer" declared "call:0"
"Finneas" declared "call:0"
Street "river" started. (community card = ['CQ', 'H3', 'D5', 'C7', 'D3'])
"ZPlayer" declared "call:0"
"Finneas" declared "call:0"
"['Finneas']" won the round 31 (stack = {'ZPlayer': 2031, 'Xun': 0, 'NitWinWin': 1644, 'Finneas': 429, 'YangZ': 895})
player [ZPlayer] gets hole card ['SJ', 'D3'], current stack 2031
player [NitWinWin] gets hole card ['H4', 'CJ'], current stack 1639
player [Finneas] gets hole card ['CA', 'DQ'], current stack 419
player [YangZ] gets hole card ['HK', 'D2'], current stack 895
Started the round 32
Street "preflop" started. (community card = [])
"YangZ" declared "fold:0"
"ZPlayer" declared "raise:15"
"NitWinWin" declared "fold:0"
"Finneas" declared "raise:224"
"ZPlayer" declared "fold:0"
"['Finneas']" won the round 32 (stack = {'ZPlayer': 2016, 'Xun': 0, 'NitWinWin': 1639, 'Finneas': 449, 'YangZ': 895})
player [ZPlayer] gets hole card ['S3', 'S9'], current stack 2016
player [NitWinWin] gets hole card ['D9', 'H6'], current stack 1639
player [Finneas] gets hole card ['HK', 'SK'], current stack 444
player [YangZ] gets hole card ['H9', 'SJ'], current stack 885
Started the round 33
Street "preflop" started. (community card = [])
"ZPlayer" declared "raise:15"
"NitWinWin" declared "fold:0"
"Finneas" declared "raise:234"
"YangZ" declared "fold:0"
"ZPlayer" declared "fold:0"
"['Finneas']" won the round 33 (stack = {'ZPlayer': 2001, 'Xun': 0, 'NitWinWin': 1639, 'Finneas': 474, 'YangZ': 885})
player [ZPlayer] gets hole card ['CT', 'H2'], current stack 1991
player [NitWinWin] gets hole card ['D8', 'HQ'], current stack 1639
player [Finneas] gets hole card ['H3', 'ST'], current stack 474
player [YangZ] gets hole card ['H8', 'CQ'], current stack 880
Started the round 34
Street "preflop" started. (community card = [])
"NitWinWin" declared "fold:0"
"Finneas" declared "call:10"
"YangZ" declared "fold:0"
"ZPlayer" declared "call:10"
Street "flop" started. (community card = ['DA', 'CA', 'SK'])
"ZPlayer" declared "call:0"
"Finneas" declared "call:0"
Street "turn" started. (community card = ['DA', 'CA', 'SK', 'HT'])
"ZPlayer" declared "raise:10"
"Finneas" declared "call:10"
Street "river" started. (community card = ['DA', 'CA', 'SK', 'HT', 'DT'])
"ZPlayer" declared "raise:408"
"Finneas" declared "fold:0"
"['ZPlayer']" won the round 34 (stack = {'ZPlayer': 2026, 'Xun': 0, 'NitWinWin': 1639, 'Finneas': 454, 'YangZ': 880})
player [ZPlayer] gets hole card ['D3', 'DJ'], current stack 2021
player [NitWinWin] gets hole card ['SQ', 'SK'], current stack 1629
player [Finneas] gets hole card ['S9', 'D4'], current stack 454
player [YangZ] gets hole card ['DQ', 'D6'], current stack 880
Started the round 35
Street "preflop" started. (community card = [])
"Finneas" declared "call:10"
"YangZ" declared "fold:0"
"ZPlayer" declared "raise:15"
"NitWinWin" declared "fold:0"
"Finneas" declared "call:15"
Street "flop" started. (community card = ['SJ', 'D9', 'CQ'])
"ZPlayer" declared "raise:20"
"Finneas" declared "fold:0"
"['ZPlayer']" won the round 35 (stack = {'ZPlayer': 2051, 'Xun': 0, 'NitWinWin': 1629, 'Finneas': 439, 'YangZ': 880})
player [ZPlayer] gets hole card ['C6', 'S8'], current stack 2051
player [NitWinWin] gets hole card ['CK', 'C4'], current stack 1624
player [Finneas] gets hole card ['C5', 'S9'], current stack 429
player [YangZ] gets hole card ['D3', 'SQ'], current stack 880
Started the round 36
Street "preflop" started. (community card = [])
"YangZ" declared "fold:0"
"ZPlayer" declared "raise:15"
"NitWinWin" declared "fold:0"
"Finneas" declared "call:15"
Street "flop" started. (community card = ['HT', 'S7', 'D8'])
"Finneas" declared "call:0"
"ZPlayer" declared "raise:10"
"Finneas" declared "call:10"
Street "turn" started. (community card = ['HT', 'S7', 'D8', 'C9'])
"Finneas" declared "call:0"
"ZPlayer" declared "raise:27"
"Finneas" declared "fold:0"
"['ZPlayer']" won the round 36 (stack = {'ZPlayer': 2081, 'Xun': 0, 'NitWinWin': 1624, 'Finneas': 414, 'YangZ': 880})
player [ZPlayer] gets hole card ['C3', 'HT'], current stack 2081
player [NitWinWin] gets hole card ['S6', 'D3'], current stack 1624
player [Finneas] gets hole card ['SA', 'CQ'], current stack 409
player [YangZ] gets hole card ['HA', 'HJ'], current stack 870
Started the round 37
Street "preflop" started. (community card = [])
"ZPlayer" declared "raise:15"
"NitWinWin" declared "fold:0"
"Finneas" declared "raise:217"
"YangZ" declared "fold:0"
"ZPlayer" declared "fold:0"
"['Finneas']" won the round 37 (stack = {'ZPlayer': 2066, 'Xun': 0, 'NitWinWin': 1624, 'Finneas': 439, 'YangZ': 870})
player [ZPlayer] gets hole card ['CT', 'C6'], current stack 2056
player [NitWinWin] gets hole card ['H5', 'SQ'], current stack 1624
player [Finneas] gets hole card ['HT', 'DT'], current stack 439
player [YangZ] gets hole card ['H8', 'D6'], current stack 865
Started the round 38
Street "preflop" started. (community card = [])
"NitWinWin" declared "fold:0"
"Finneas" declared "call:10"
"YangZ" declared "fold:0"
"ZPlayer" declared "raise:15"
"Finneas" declared "call:15"
Street "flop" started. (community card = ['HJ', 'C2', 'S3'])
"ZPlayer" declared "call:0"
"Finneas" declared "call:0"
Street "turn" started. (community card = ['HJ', 'C2', 'S3', 'CK'])
"ZPlayer" declared "call:0"
"Finneas" declared "call:0"
Street "river" started. (community card = ['HJ', 'C2', 'S3', 'CK', 'H2'])
"ZPlayer" declared "call:0"
"Finneas" declared "call:0"
"['Finneas']" won the round 38 (stack = {'ZPlayer': 2051, 'Xun': 0, 'NitWinWin': 1624, 'Finneas': 459, 'YangZ': 865})
player [ZPlayer] gets hole card ['SA', 'D3'], current stack 2046
player [NitWinWin] gets hole card ['HJ', 'C9'], current stack 1614
player [Finneas] gets hole card ['D6', 'HT'], current stack 459
player [YangZ] gets hole card ['CA', 'C7'], current stack 865
Started the round 39
Street "preflop" started. (community card = [])
"Finneas" declared "call:10"
"YangZ" declared "fold:0"
"ZPlayer" declared "raise:15"
"NitWinWin" declared "fold:0"
"Finneas" declared "call:15"
Street "flop" started. (community card = ['H9', 'CQ', 'DA'])
"ZPlayer" declared "raise:40"
"Finneas" declared "fold:0"
"['ZPlayer']" won the round 39 (stack = {'ZPlayer': 2076, 'Xun': 0, 'NitWinWin': 1614, 'Finneas': 444, 'YangZ': 865})
player [ZPlayer] gets hole card ['S5', 'H3'], current stack 2076
player [NitWinWin] gets hole card ['H7', 'H8'], current stack 1609
player [Finneas] gets hole card ['S9', 'H6'], current stack 434
player [YangZ] gets hole card ['CA', 'S4'], current stack 865
Started the round 40
Street "preflop" started. (community card = [])
"YangZ" declared "fold:0"
"ZPlayer" declared "raise:15"
"NitWinWin" declared "fold:0"
"Finneas" declared "call:15"
Street "flop" started. (community card = ['D7', 'D8', 'H4'])
"Finneas" declared "call:0"
"ZPlayer" declared "call:0"
Street "turn" started. (community card = ['D7', 'D8', 'H4', 'D4'])
"Finneas" declared "call:0"
"ZPlayer" declared "call:0"
Street "river" started. (community card = ['D7', 'D8', 'H4', 'D4', 'C8'])
"Finneas" declared "call:0"
"ZPlayer" declared "call:0"
"['Finneas']" won the round 40 (stack = {'ZPlayer': 2061, 'Xun': 0, 'NitWinWin': 1609, 'Finneas': 464, 'YangZ': 865})
player [ZPlayer] gets hole card ['H8', 'SJ'], current stack 2061
player [NitWinWin] gets hole card ['D6', 'C9'], current stack 1609
player [Finneas] gets hole card ['CA', 'D9'], current stack 459
player [YangZ] gets hole card ['S4', 'CJ'], current stack 855
Started the round 41
Street "preflop" started. (community card = [])
"ZPlayer" declared "raise:15"
"NitWinWin" declared "fold:0"
"Finneas" declared "call:15"
"YangZ" declared "fold:0"
Street "flop" started. (community card = ['C4', 'S3', 'S2'])
"Finneas" declared "call:0"
"ZPlayer" declared "call:0"
Street "turn" started. (community card = ['C4', 'S3', 'S2', 'S6'])
"Finneas" declared "call:0"
"ZPlayer" declared "call:0"
Street "river" started. (community card = ['C4', 'S3', 'S2', 'S6', 'H4'])
"Finneas" declared "call:0"
"ZPlayer" declared "call:0"
"['Finneas']" won the round 41 (stack = {'ZPlayer': 2046, 'Xun': 0, 'NitWinWin': 1609, 'Finneas': 489, 'YangZ': 855})
player [ZPlayer] gets hole card ['HK', 'S2'], current stack 2036
player [NitWinWin] gets hole card ['DA', 'D2'], current stack 1609
player [Finneas] gets hole card ['H6', 'CT'], current stack 489
player [YangZ] gets hole card ['S8', 'C6'], current stack 850
Started the round 42
Street "preflop" started. (community card = [])
"NitWinWin" declared "fold:0"
"Finneas" declared "call:10"
"YangZ" declared "fold:0"
"ZPlayer" declared "raise:15"
"Finneas" declared "call:15"
Street "flop" started. (community card = ['HJ', 'S3', 'C9'])
"ZPlayer" declared "call:0"
"Finneas" declared "call:0"
Street "turn" started. (community card = ['HJ', 'S3', 'C9', 'S6'])
"ZPlayer" declared "call:0"
"Finneas" declared "call:0"
Street "river" started. (community card = ['HJ', 'S3', 'C9', 'S6', 'D8'])
"ZPlayer" declared "call:0"
"Finneas" declared "call:0"
"['Finneas']" won the round 42 (stack = {'ZPlayer': 2031, 'Xun': 0, 'NitWinWin': 1609, 'Finneas': 509, 'YangZ': 850})
player [ZPlayer] gets hole card ['HQ', 'C6'], current stack 2026
player [NitWinWin] gets hole card ['H7', 'C4'], current stack 1599
player [Finneas] gets hole card ['H8', 'DT'], current stack 509
player [YangZ] gets hole card ['CJ', 'DJ'], current stack 850
Started the round 43
Street "preflop" started. (community card = [])
"Finneas" declared "call:10"
"YangZ" declared "fold:0"
"ZPlayer" declared "raise:15"
"NitWinWin" declared "fold:0"
"Finneas" declared "call:15"
Street "flop" started. (community card = ['CQ', 'D4', 'D8'])
"ZPlayer" declared "raise:40"
"Finneas" declared "fold:0"
"['ZPlayer']" won the round 43 (stack = {'ZPlayer': 2056, 'Xun': 0, 'NitWinWin': 1599, 'Finneas': 494, 'YangZ': 850})
player [ZPlayer] gets hole card ['H2', 'C9'], current stack 2056
player [NitWinWin] gets hole card ['H9', 'S4'], current stack 1594
player [Finneas] gets hole card ['CA', 'H8'], current stack 484
player [YangZ] gets hole card ['C3', 'SJ'], current stack 850
Started the round 44
Street "preflop" started. (community card = [])
"YangZ" declared "fold:0"
"ZPlayer" declared "raise:15"
"NitWinWin" declared "fold:0"
"Finneas" declared "call:15"
Street "flop" started. (community card = ['S2', 'C6', 'S8'])
"Finneas" declared "call:0"
"ZPlayer" declared "call:0"
Street "turn" started. (community card = ['S2', 'C6', 'S8', 'H6'])
"Finneas" declared "call:0"
"ZPlayer" declared "call:0"
Street "river" started. (community card = ['S2', 'C6', 'S8', 'H6', 'H7'])
"Finneas" declared "call:0"
"ZPlayer" declared "call:0"
"['Finneas']" won the round 44 (stack = {'ZPlayer': 2041, 'Xun': 0, 'NitWinWin': 1594, 'Finneas': 514, 'YangZ': 850})
player [ZPlayer] gets hole card ['S7', 'DJ'], current stack 2041
player [NitWinWin] gets hole card ['C3', 'H5'], current stack 1594
player [Finneas] gets hole card ['HK', 'C8'], current stack 509
player [YangZ] gets hole card ['H6', 'CQ'], current stack 840
Started the round 45
Street "preflop" started. (community card = [])
"ZPlayer" declared "raise:15"
"NitWinWin" declared "fold:0"
"Finneas" declared "call:15"
"YangZ" declared "fold:0"
Street "flop" started. (community card = ['DT', 'S2', 'CT'])
"Finneas" declared "call:0"
"ZPlayer" declared "call:0"
Street "turn" started. (community card = ['DT', 'S2', 'CT', 'D3'])
"Finneas" declared "call:0"
"ZPlayer" declared "call:0"
Street "river" started. (community card = ['DT', 'S2', 'CT', 'D3', 'C4'])
"Finneas" declared "call:0"
"ZPlayer" declared "call:0"
"['Finneas']" won the round 45 (stack = {'ZPlayer': 2026, 'Xun': 0, 'NitWinWin': 1594, 'Finneas': 539, 'YangZ': 840})
player [ZPlayer] gets hole card ['D2', 'SA'], current stack 2016
player [NitWinWin] gets hole card ['D7', 'ST'], current stack 1594
player [Finneas] gets hole card ['C7', 'D6'], current stack 539
player [YangZ] gets hole card ['H7', 'S3'], current stack 835
Started the round 46
Street "preflop" started. (community card = [])
"NitWinWin" declared "fold:0"
"Finneas" declared "call:10"
"YangZ" declared "fold:0"
"ZPlayer" declared "raise:15"
"Finneas" declared "call:15"
Street "flop" started. (community card = ['C5', 'DK', 'C6'])
"ZPlayer" declared "call:0"
"Finneas" declared "call:0"
Street "turn" started. (community card = ['C5', 'DK', 'C6', 'DT'])
"ZPlayer" declared "call:0"
"Finneas" declared "call:0"
Street "river" started. (community card = ['C5', 'DK', 'C6', 'DT', 'HQ'])
"ZPlayer" declared "call:0"
"Finneas" declared "call:0"
"['Finneas']" won the round 46 (stack = {'ZPlayer': 2011, 'Xun': 0, 'NitWinWin': 1594, 'Finneas': 559, 'YangZ': 835})
player [ZPlayer] gets hole card ['D5', 'SA'], current stack 2006
player [NitWinWin] gets hole card ['HQ', 'H5'], current stack 1584
player [Finneas] gets hole card ['CT', 'HA'], current stack 559
player [YangZ] gets hole card ['D9', 'C5'], current stack 835
Started the round 47
Street "preflop" started. (community card = [])
"Finneas" declared "call:10"
"YangZ" declared "fold:0"
"ZPlayer" declared "raise:15"
"NitWinWin" declared "fold:0"
"Finneas" declared "call:15"
Street "flop" started. (community card = ['H6', 'D2', 'H4'])
"ZPlayer" declared "raise:10"
"Finneas" declared "call:10"
Street "turn" started. (community card = ['H6', 'D2', 'H4', 'C7'])
"ZPlayer" declared "call:0"
"Finneas" declared "call:0"
Street "river" started. (community card = ['H6', 'D2', 'H4', 'C7', 'C6'])
"ZPlayer" declared "call:0"
"Finneas" declared "call:0"
"['Finneas']" won the round 47 (stack = {'ZPlayer': 1986, 'Xun': 0, 'NitWinWin': 1584, 'Finneas': 594, 'YangZ': 835})
player [ZPlayer] gets hole card ['HK', 'H8'], current stack 1986
player [NitWinWin] gets hole card ['C8', 'S6'], current stack 1579
player [Finneas] gets hole card ['HQ', 'D7'], current stack 584
player [YangZ] gets hole card ['D2', 'H7'], current stack 835
Started the round 48
Street "preflop" started. (community card = [])
"YangZ" declared "fold:0"
"ZPlayer" declared "raise:15"
"NitWinWin" declared "fold:0"
"Finneas" declared "call:15"
Street "flop" started. (community card = ['ST', 'S9', 'S5'])
"Finneas" declared "call:0"
"ZPlayer" declared "call:0"
Street "turn" started. (community card = ['ST', 'S9', 'S5', 'S8'])
"Finneas" declared "call:0"
"ZPlayer" declared "call:0"
Street "river" started. (community card = ['ST', 'S9', 'S5', 'S8', 'C3'])
"Finneas" declared "call:0"
"ZPlayer" declared "call:0"
"['ZPlayer']" won the round 48 (stack = {'ZPlayer': 2006, 'Xun': 0, 'NitWinWin': 1579, 'Finneas': 579, 'YangZ': 835})
player [ZPlayer] gets hole card ['HA', 'S2'], current stack 2006
player [NitWinWin] gets hole card ['CA', 'S3'], current stack 1579
player [Finneas] gets hole card ['H4', 'CJ'], current stack 574
player [YangZ] gets hole card ['D7', 'DJ'], current stack 825
Started the round 49
Street "preflop" started. (community card = [])
"ZPlayer" declared "raise:15"
"NitWinWin" declared "fold:0"
"Finneas" declared "call:15"
"YangZ" declared "fold:0"
Street "flop" started. (community card = ['SJ', 'H6', 'D5'])
"Finneas" declared "call:0"
"ZPlayer" declared "call:0"
Street "turn" started. (community card = ['SJ', 'H6', 'D5', 'D2'])
"Finneas" declared "call:0"
"ZPlayer" declared "call:0"
Street "river" started. (community card = ['SJ', 'H6', 'D5', 'D2', 'SA'])
"Finneas" declared "call:0"
"ZPlayer" declared "raise:40"
"Finneas" declared "fold:0"
"['ZPlayer']" won the round 49 (stack = {'ZPlayer': 2031, 'Xun': 0, 'NitWinWin': 1579, 'Finneas': 564, 'YangZ': 825})
player [ZPlayer] gets hole card ['CA', 'CJ'], current stack 2021
player [NitWinWin] gets hole card ['D7', 'C8'], current stack 1579
player [Finneas] gets hole card ['S3', 'C6'], current stack 564
player [YangZ] gets hole card ['HQ', 'H2'], current stack 820
Started the round 50
Street "preflop" started. (community card = [])
"NitWinWin" declared "fold:0"
"Finneas" declared "call:10"
"YangZ" declared "fold:0"
"ZPlayer" declared "raise:15"
"Finneas" declared "call:15"
Street "flop" started. (community card = ['DQ', 'HJ', 'H6'])
"ZPlayer" declared "raise:10"
"Finneas" declared "call:10"
Street "turn" started. (community card = ['DQ', 'HJ', 'H6', 'D4'])
"ZPlayer" declared "raise:27"
"Finneas" declared "fold:0"
"['ZPlayer']" won the round 50 (stack = {'ZPlayer': 2061, 'Xun': 0, 'NitWinWin': 1579, 'Finneas': 539, 'YangZ': 820})

Game Results:
------------------------------------------------------------
Game 1:
Winner: ZPlayer (stack: 2061)
All players' stacks:
  ZPlayer: 2061
  Xun: 0
  NitWinWin: 1579
  Finneas: 539
  YangZ: 820
------------------------------------------------------------
