player [ZPlayer] gets hole card ['CJ', 'SQ'], current stack 1000
player [Xun] gets hole card ['C9', 'H5'], current stack 995
player [NitWinWin] gets hole card ['CT', 'HK'], current stack 990
player [Finneas] gets hole card ['S5', 'H8'], current stack 1000
player [YangZ] gets hole card ['C2', 'DQ'], current stack 1000
Started the round 1
Street "preflop" started. (community card = [])
"Finneas" declared "call:10"
"YangZ" declared "fold:0"
"ZPlayer" declared "raise:15"
"Xun" declared "call:15"
"NitWinWin" declared "fold:0"
"Finneas" declared "call:15"
Street "flop" started. (community card = ['HQ', 'D2', 'S8'])
"Xun" declared "fold:0"
"Finneas" declared "call:0"
"ZPlayer" declared "raise:10"
"Finneas" declared "call:10"
Street "turn" started. (community card = ['HQ', 'D2', 'S8', 'HJ'])
"Finneas" declared "call:0"
"ZPlayer" declared "raise:75"
"Finneas" declared "fold:0"
"['ZPlayer']" won the round 1 (stack = {'ZPlayer': 1050, 'Xun': 985, 'NitWinWin': 990, 'Finneas': 975, 'YangZ': 1000})
player [ZPlayer] gets hole card ['H7', 'S7'], current stack 1050
player [Xun] gets hole card ['C8', 'SK'], current stack 985
player [NitWinWin] gets hole card ['SJ', 'DT'], current stack 985
player [Finneas] gets hole card ['HQ', 'D3'], current stack 965
player [YangZ] gets hole card ['HK', 'C2'], current stack 1000
Started the round 2
Street "preflop" started. (community card = [])
"YangZ" declared "fold:0"
"ZPlayer" declared "raise:15"
"Xun" declared "call:15"
"NitWinWin" declared "fold:0"
"Finneas" declared "call:15"
Street "flop" started. (community card = ['S4', 'CT', 'CQ'])
"Finneas" declared "call:0"
"ZPlayer" declared "call:0"
"Xun" declared "fold:0"
Street "turn" started. (community card = ['S4', 'CT', 'CQ', 'H5'])
"Finneas" declared "call:0"
"ZPlayer" declared "raise:10"
"Finneas" declared "call:10"
Street "river" started. (community card = ['S4', 'CT', 'CQ', 'H5', 'S8'])
"Finneas" declared "call:0"
"ZPlayer" declared "call:0"
"['Finneas']" won the round 2 (stack = {'ZPlayer': 1025, 'Xun': 970, 'NitWinWin': 985, 'Finneas': 1020, 'YangZ': 1000})
player [ZPlayer] gets hole card ['DQ', 'H3'], current stack 1025
player [Xun] gets hole card ['CJ', 'S3'], current stack 970
player [NitWinWin] gets hole card ['DK', 'D3'], current stack 985
player [Finneas] gets hole card ['C5', 'ST'], current stack 1015
player [YangZ] gets hole card ['C4', 'D5'], current stack 990
Started the round 3
Street "preflop" started. (community card = [])
"ZPlayer" declared "call:10"
"Xun" declared "call:10"
"NitWinWin" declared "fold:0"
"Finneas" declared "call:10"
"YangZ" declared "fold:0"
Street "flop" started. (community card = ['H4', 'S8', 'C2'])
"Finneas" declared "call:0"
"ZPlayer" declared "call:0"
"Xun" declared "fold:0"
Street "turn" started. (community card = ['H4', 'S8', 'C2', 'C3'])
"Finneas" declared "call:0"
"ZPlayer" declared "raise:10"
"Finneas" declared "call:10"
Street "river" started. (community card = ['H4', 'S8', 'C2', 'C3', 'HJ'])
"Finneas" declared "call:0"
"ZPlayer" declared "call:0"
"['ZPlayer']" won the round 3 (stack = {'ZPlayer': 1065, 'Xun': 960, 'NitWinWin': 985, 'Finneas': 1000, 'YangZ': 990})
player [ZPlayer] gets hole card ['C7', 'HQ'], current stack 1055
player [Xun] gets hole card ['H5', 'H9'], current stack 960
player [NitWinWin] gets hole card ['CK', 'S6'], current stack 985
player [Finneas] gets hole card ['H6', 'D7'], current stack 1000
player [YangZ] gets hole card ['CA', 'C4'], current stack 985
Started the round 4
Street "preflop" started. (community card = [])
"Xun" declared "call:10"
"NitWinWin" declared "fold:0"
"Finneas" declared "call:10"
"YangZ" declared "fold:0"
"ZPlayer" declared "call:10"
Street "flop" started. (community card = ['CJ', 'SA', 'H7'])
"ZPlayer" declared "raise:10"
"Xun" declared "fold:0"
"Finneas" declared "call:10"
Street "turn" started. (community card = ['CJ', 'SA', 'H7', 'CT'])
"ZPlayer" declared "call:0"
"Finneas" declared "call:0"
Street "river" started. (community card = ['CJ', 'SA', 'H7', 'CT', 'H4'])
"ZPlayer" declared "call:0"
"Finneas" declared "call:0"
"['ZPlayer']" won the round 4 (stack = {'ZPlayer': 1100, 'Xun': 950, 'NitWinWin': 985, 'Finneas': 980, 'YangZ': 985})
player [ZPlayer] gets hole card ['CK', 'D8'], current stack 1095
player [Xun] gets hole card ['DJ', 'C3'], current stack 940
player [NitWinWin] gets hole card ['D6', 'HA'], current stack 985
player [Finneas] gets hole card ['SK', 'H6'], current stack 980
player [YangZ] gets hole card ['SA', 'S5'], current stack 985
Started the round 5
Street "preflop" started. (community card = [])
"NitWinWin" declared "fold:0"
"Finneas" declared "call:10"
"YangZ" declared "fold:0"
"ZPlayer" declared "raise:15"
"Xun" declared "call:15"
"Finneas" declared "call:15"
Street "flop" started. (community card = ['C9', 'SJ', 'DA'])
"ZPlayer" declared "call:0"
"Xun" declared "call:0"
"Finneas" declared "call:0"
Street "turn" started. (community card = ['C9', 'SJ', 'DA', 'D4'])
"ZPlayer" declared "call:0"
"Xun" declared "call:0"
"Finneas" declared "call:0"
Street "river" started. (community card = ['C9', 'SJ', 'DA', 'D4', 'S6'])
"ZPlayer" declared "call:0"
"Xun" declared "fold:0"
"Finneas" declared "call:0"
"['Finneas']" won the round 5 (stack = {'ZPlayer': 1085, 'Xun': 935, 'NitWinWin': 985, 'Finneas': 1010, 'YangZ': 985})
player [ZPlayer] gets hole card ['HQ', 'S7'], current stack 1085
player [Xun] gets hole card ['DK', 'S4'], current stack 930
player [NitWinWin] gets hole card ['S3', 'H5'], current stack 975
player [Finneas] gets hole card ['C3', 'D2'], current stack 1010
player [YangZ] gets hole card ['HK', 'D7'], current stack 985
Started the round 6
Street "preflop" started. (community card = [])
"Finneas" declared "call:10"
"YangZ" declared "fold:0"
"ZPlayer" declared "call:10"
"Xun" declared "call:10"
"NitWinWin" declared "fold:0"
Street "flop" started. (community card = ['C4', 'HJ', 'S5'])
"Xun" declared "call:0"
"Finneas" declared "call:0"
"ZPlayer" declared "call:0"
Street "turn" started. (community card = ['C4', 'HJ', 'S5', 'C6'])
"Xun" declared "fold:0"
"Finneas" declared "call:0"
"ZPlayer" declared "call:0"
Street "river" started. (community card = ['C4', 'HJ', 'S5', 'C6', 'DT'])
"Finneas" declared "call:0"
"ZPlayer" declared "call:0"
"['Finneas']" won the round 6 (stack = {'ZPlayer': 1075, 'Xun': 925, 'NitWinWin': 975, 'Finneas': 1040, 'YangZ': 985})
player [ZPlayer] gets hole card ['DT', 'D3'], current stack 1075
player [Xun] gets hole card ['D4', 'HK'], current stack 925
player [NitWinWin] gets hole card ['S5', 'C9'], current stack 970
player [Finneas] gets hole card ['S2', 'CQ'], current stack 1030
player [YangZ] gets hole card ['C4', 'C8'], current stack 985
Started the round 7
Street "preflop" started. (community card = [])
"YangZ" declared "fold:0"
"ZPlayer" declared "call:10"
"Xun" declared "call:10"
"NitWinWin" declared "fold:0"
"Finneas" declared "call:10"
Street "flop" started. (community card = ['D6', 'C7', 'S8'])
"Finneas" declared "call:0"
"ZPlayer" declared "call:0"
"Xun" declared "fold:0"
Street "turn" started. (community card = ['D6', 'C7', 'S8', 'SJ'])
"Finneas" declared "call:0"
"ZPlayer" declared "call:0"
Street "river" started. (community card = ['D6', 'C7', 'S8', 'SJ', 'C5'])
"Finneas" declared "call:0"
"ZPlayer" declared "call:0"
"['Finneas']" won the round 7 (stack = {'ZPlayer': 1065, 'Xun': 915, 'NitWinWin': 970, 'Finneas': 1065, 'YangZ': 985})
player [ZPlayer] gets hole card ['H9', 'S8'], current stack 1065
player [Xun] gets hole card ['D6', 'C8'], current stack 915
player [NitWinWin] gets hole card ['D5', 'H2'], current stack 970
player [Finneas] gets hole card ['H8', 'HQ'], current stack 1060
player [YangZ] gets hole card ['HJ', 'ST'], current stack 975
Started the round 8
Street "preflop" started. (community card = [])
"ZPlayer" declared "call:10"
"Xun" declared "call:10"
"NitWinWin" declared "fold:0"
"Finneas" declared "call:10"
"YangZ" declared "fold:0"
Street "flop" started. (community card = ['CJ', 'H3', 'C9'])
"Finneas" declared "call:0"
"ZPlayer" declared "raise:40"
"Xun" declared "fold:0"
"Finneas" declared "fold:0"
"['ZPlayer']" won the round 8 (stack = {'ZPlayer': 1095, 'Xun': 905, 'NitWinWin': 970, 'Finneas': 1055, 'YangZ': 975})
player [ZPlayer] gets hole card ['D9', 'HA'], current stack 1085
player [Xun] gets hole card ['S9', 'C8'], current stack 905
player [NitWinWin] gets hole card ['ST', 'D4'], current stack 970
player [Finneas] gets hole card ['H6', 'DA'], current stack 1055
player [YangZ] gets hole card ['SK', 'H7'], current stack 970
Started the round 9
Street "preflop" started. (community card = [])
"Xun" declared "call:10"
"NitWinWin" declared "fold:0"
"Finneas" declared "call:10"
"YangZ" declared "fold:0"
"ZPlayer" declared "raise:15"
"Xun" declared "call:15"
"Finneas" declared "call:15"
Street "flop" started. (community card = ['SQ', 'S2', 'HJ'])
"ZPlayer" declared "call:0"
"Xun" declared "fold:0"
"Finneas" declared "call:0"
Street "turn" started. (community card = ['SQ', 'S2', 'HJ', 'SA'])
"ZPlayer" declared "raise:10"
"Finneas" declared "call:10"
Street "river" started. (community card = ['SQ', 'S2', 'HJ', 'SA', 'D5'])
"ZPlayer" declared "raise:10"
"Finneas" declared "call:10"
"['ZPlayer']" won the round 9 (stack = {'ZPlayer': 1150, 'Xun': 890, 'NitWinWin': 970, 'Finneas': 1020, 'YangZ': 970})
player [ZPlayer] gets hole card ['DA', 'C4'], current stack 1145
player [Xun] gets hole card ['H5', 'C6'], current stack 880
player [NitWinWin] gets hole card ['S4', 'CK'], current stack 970
player [Finneas] gets hole card ['H9', 'S5'], current stack 1020
player [YangZ] gets hole card ['H4', 'DK'], current stack 970
Started the round 10
Street "preflop" started. (community card = [])
"NitWinWin" declared "fold:0"
"Finneas" declared "call:10"
"YangZ" declared "fold:0"
"ZPlayer" declared "raise:15"
"Xun" declared "call:15"
"Finneas" declared "call:15"
Street "flop" started. (community card = ['H8', 'S3', 'S8'])
"ZPlayer" declared "raise:10"
"Xun" declared "fold:0"
"Finneas" declared "call:10"
Street "turn" started. (community card = ['H8', 'S3', 'S8', 'CT'])
"ZPlayer" declared "call:0"
"Finneas" declared "call:0"
Street "river" started. (community card = ['H8', 'S3', 'S8', 'CT', 'HQ'])
"ZPlayer" declared "call:0"
"Finneas" declared "call:0"
"['ZPlayer']" won the round 10 (stack = {'ZPlayer': 1190, 'Xun': 875, 'NitWinWin': 970, 'Finneas': 995, 'YangZ': 970})
player [ZPlayer] gets hole card ['S8', 'S5'], current stack 1190
player [Xun] gets hole card ['CJ', 'DQ'], current stack 870
player [NitWinWin] gets hole card ['C2', 'S7'], current stack 960
player [Finneas] gets hole card ['DA', 'CT'], current stack 995
player [YangZ] gets hole card ['H8', 'H4'], current stack 970
Started the round 11
Street "preflop" started. (community card = [])
"Finneas" declared "call:10"
"YangZ" declared "fold:0"
"ZPlayer" declared "call:10"
"Xun" declared "call:10"
"NitWinWin" declared "fold:0"
Street "flop" started. (community card = ['S4', 'CA', 'D5'])
"Xun" declared "fold:0"
"Finneas" declared "call:0"
"ZPlayer" declared "raise:10"
"Finneas" declared "call:10"
Street "turn" started. (community card = ['S4', 'CA', 'D5', 'D6'])
"Finneas" declared "call:0"
"ZPlayer" declared "call:0"
Street "river" started. (community card = ['S4', 'CA', 'D5', 'D6', 'H5'])
"Finneas" declared "call:0"
"ZPlayer" declared "raise:60"
"Finneas" declared "fold:0"
"['ZPlayer']" won the round 11 (stack = {'ZPlayer': 1230, 'Xun': 865, 'NitWinWin': 960, 'Finneas': 975, 'YangZ': 970})
player [ZPlayer] gets hole card ['CJ', 'S9'], current stack 1230
player [Xun] gets hole card ['ST', 'S3'], current stack 865
player [NitWinWin] gets hole card ['C7', 'HA'], current stack 955
player [Finneas] gets hole card ['D5', 'H4'], current stack 965
player [YangZ] gets hole card ['C6', 'C3'], current stack 970
Started the round 12
Street "preflop" started. (community card = [])
"YangZ" declared "fold:0"
"ZPlayer" declared "raise:15"
"Xun" declared "call:15"
"NitWinWin" declared "fold:0"
"Finneas" declared "call:15"
Street "flop" started. (community card = ['DA', 'C9', 'HQ'])
"Finneas" declared "call:0"
"ZPlayer" declared "raise:10"
"Xun" declared "fold:0"
"Finneas" declared "call:10"
Street "turn" started. (community card = ['DA', 'C9', 'HQ', 'D2'])
"Finneas" declared "call:0"
"ZPlayer" declared "raise:10"
"Finneas" declared "call:10"
Street "river" started. (community card = ['DA', 'C9', 'HQ', 'D2', 'C2'])
"Finneas" declared "call:0"
"ZPlayer" declared "raise:10"
"Finneas" declared "call:10"
"['ZPlayer']" won the round 12 (stack = {'ZPlayer': 1295, 'Xun': 850, 'NitWinWin': 955, 'Finneas': 930, 'YangZ': 970})
player [ZPlayer] gets hole card ['C7', 'C3'], current stack 1295
player [Xun] gets hole card ['DQ', 'DK'], current stack 850
player [NitWinWin] gets hole card ['S9', 'C4'], current stack 955
player [Finneas] gets hole card ['SQ', 'DT'], current stack 925
player [YangZ] gets hole card ['SA', 'D8'], current stack 960
Started the round 13
Street "preflop" started. (community card = [])
"ZPlayer" declared "call:10"
"Xun" declared "call:10"
"NitWinWin" declared "fold:0"
"Finneas" declared "call:10"
"YangZ" declared "fold:0"
Street "flop" started. (community card = ['S6', 'ST', 'C2'])
"Finneas" declared "call:0"
"ZPlayer" declared "call:0"
"Xun" declared "fold:0"
Street "turn" started. (community card = ['S6', 'ST', 'C2', 'CA'])
"Finneas" declared "call:0"
"ZPlayer" declared "call:0"
Street "river" started. (community card = ['S6', 'ST', 'C2', 'CA', 'D9'])
"Finneas" declared "call:0"
"ZPlayer" declared "call:0"
"['Finneas']" won the round 13 (stack = {'ZPlayer': 1285, 'Xun': 840, 'NitWinWin': 955, 'Finneas': 960, 'YangZ': 960})
player [ZPlayer] gets hole card ['H5', 'S5'], current stack 1275
player [Xun] gets hole card ['D7', 'H4'], current stack 840
player [NitWinWin] gets hole card ['HA', 'HT'], current stack 955
player [Finneas] gets hole card ['C8', 'H9'], current stack 960
player [YangZ] gets hole card ['S7', 'CQ'], current stack 955
Started the round 14
Street "preflop" started. (community card = [])
"Xun" declared "call:10"
"NitWinWin" declared "fold:0"
"Finneas" declared "call:10"
"YangZ" declared "fold:0"
"ZPlayer" declared "raise:15"
"Xun" declared "call:15"
"Finneas" declared "call:15"
Street "flop" started. (community card = ['H3', 'C9', 'SQ'])
"ZPlayer" declared "call:0"
"Xun" declared "fold:0"
"Finneas" declared "call:0"
Street "turn" started. (community card = ['H3', 'C9', 'SQ', 'HQ'])
"ZPlayer" declared "raise:10"
"Finneas" declared "call:10"
Street "river" started. (community card = ['H3', 'C9', 'SQ', 'HQ', 'CJ'])
"ZPlayer" declared "call:0"
"Finneas" declared "call:0"
"['Finneas']" won the round 14 (stack = {'ZPlayer': 1260, 'Xun': 825, 'NitWinWin': 955, 'Finneas': 1005, 'YangZ': 955})
player [ZPlayer] gets hole card ['SJ', 'C6'], current stack 1255
player [Xun] gets hole card ['HK', 'D2'], current stack 815
player [NitWinWin] gets hole card ['D8', 'H2'], current stack 955
player [Finneas] gets hole card ['DA', 'CJ'], current stack 1005
player [YangZ] gets hole card ['C5', 'C4'], current stack 955
Started the round 15
Street "preflop" started. (community card = [])
"NitWinWin" declared "fold:0"
"Finneas" declared "call:10"
"YangZ" declared "fold:0"
"ZPlayer" declared "call:10"
"Xun" declared "call:10"
Street "flop" started. (community card = ['SK', 'CK', 'SA'])
"ZPlayer" declared "raise:10"
"Xun" declared "call:10"
"Finneas" declared "call:10"
Street "turn" started. (community card = ['SK', 'CK', 'SA', 'DT'])
"ZPlayer" declared "call:0"
"Xun" declared "call:0"
"Finneas" declared "call:0"
Street "river" started. (community card = ['SK', 'CK', 'SA', 'DT', 'HT'])
"ZPlayer" declared "raise:10"
"Xun" declared "raise:805"
"Finneas" declared "fold:0"
"ZPlayer" declared "fold:0"
"['Xun']" won the round 15 (stack = {'ZPlayer': 1230, 'Xun': 875, 'NitWinWin': 955, 'Finneas': 985, 'YangZ': 955})
player [ZPlayer] gets hole card ['H6', 'HQ'], current stack 1230
player [Xun] gets hole card ['C7', 'DT'], current stack 870
player [NitWinWin] gets hole card ['D9', 'C8'], current stack 945
player [Finneas] gets hole card ['HA', 'H7'], current stack 985
player [YangZ] gets hole card ['D8', 'CT'], current stack 955
Started the round 16
Street "preflop" started. (community card = [])
"Finneas" declared "call:10"
"YangZ" declared "fold:0"
"ZPlayer" declared "raise:15"
"Xun" declared "call:15"
"NitWinWin" declared "fold:0"
"Finneas" declared "call:15"
Street "flop" started. (community card = ['C9', 'H8', 'HK'])
"Xun" declared "call:0"
"Finneas" declared "call:0"
"ZPlayer" declared "raise:10"
"Xun" declared "call:10"
"Finneas" declared "call:10"
Street "turn" started. (community card = ['C9', 'H8', 'HK', 'ST'])
"Xun" declared "call:0"
"Finneas" declared "call:0"
"ZPlayer" declared "raise:10"
"Xun" declared "fold:0"
"Finneas" declared "call:10"
Street "river" started. (community card = ['C9', 'H8', 'HK', 'ST', 'S4'])
"Finneas" declared "call:0"
"ZPlayer" declared "call:0"
"['Finneas']" won the round 16 (stack = {'ZPlayer': 1195, 'Xun': 850, 'NitWinWin': 945, 'Finneas': 1055, 'YangZ': 955})
player [ZPlayer] gets hole card ['H9', 'D8'], current stack 1195
player [Xun] gets hole card ['C2', 'C9'], current stack 850
player [NitWinWin] gets hole card ['HQ', 'SK'], current stack 940
player [Finneas] gets hole card ['H5', 'D3'], current stack 1045
player [YangZ] gets hole card ['CA', 'D2'], current stack 955
Started the round 17
Street "preflop" started. (community card = [])
"YangZ" declared "fold:0"
"ZPlayer" declared "raise:15"
"Xun" declared "call:15"
"NitWinWin" declared "fold:0"
"Finneas" declared "call:15"
Street "flop" started. (community card = ['S9', 'C5', 'H7'])
"Finneas" declared "call:0"
"ZPlayer" declared "raise:50"
"Xun" declared "call:50"
"Finneas" declared "fold:0"
Street "turn" started. (community card = ['S9', 'C5', 'H7', 'S4'])
"ZPlayer" declared "raise:10"
"Xun" declared "fold:0"
"['ZPlayer']" won the round 17 (stack = {'ZPlayer': 1280, 'Xun': 785, 'NitWinWin': 940, 'Finneas': 1040, 'YangZ': 955})
player [ZPlayer] gets hole card ['CJ', 'DA'], current stack 1280
player [Xun] gets hole card ['S7', 'H4'], current stack 785
player [NitWinWin] gets hole card ['SQ', 'HT'], current stack 940
player [Finneas] gets hole card ['SJ', 'C3'], current stack 1035
player [YangZ] gets hole card ['D7', 'CT'], current stack 945
Started the round 18
Street "preflop" started. (community card = [])
"ZPlayer" declared "raise:15"
"Xun" declared "call:15"
"NitWinWin" declared "fold:0"
"Finneas" declared "call:15"
"YangZ" declared "fold:0"
Street "flop" started. (community card = ['C9', 'S9', 'D4'])
"Finneas" declared "call:0"
"ZPlayer" declared "raise:10"
"Xun" declared "call:10"
"Finneas" declared "call:10"
Street "turn" started. (community card = ['C9', 'S9', 'D4', 'C8'])
"Finneas" declared "call:0"
"ZPlayer" declared "call:0"
"Xun" declared "fold:0"
Street "river" started. (community card = ['C9', 'S9', 'D4', 'C8', 'D5'])
"Finneas" declared "call:0"
"ZPlayer" declared "call:0"
"['ZPlayer']" won the round 18 (stack = {'ZPlayer': 1340, 'Xun': 760, 'NitWinWin': 940, 'Finneas': 1015, 'YangZ': 945})
player [ZPlayer] gets hole card ['H3', 'S4'], current stack 1330
player [Xun] gets hole card ['H8', 'CK'], current stack 760
player [NitWinWin] gets hole card ['HK', 'D3'], current stack 940
player [Finneas] gets hole card ['H6', 'CJ'], current stack 1015
player [YangZ] gets hole card ['S2', 'C9'], current stack 940
Started the round 19
Street "preflop" started. (community card = [])
"Xun" declared "call:10"
"NitWinWin" declared "fold:0"
"Finneas" declared "call:10"
"YangZ" declared "fold:0"
"ZPlayer" declared "call:10"
Street "flop" started. (community card = ['HA', 'C3', 'ST'])
"ZPlayer" declared "raise:10"
"Xun" declared "fold:0"
"Finneas" declared "call:10"
Street "turn" started. (community card = ['HA', 'C3', 'ST', 'D5'])
"ZPlayer" declared "call:0"
"Finneas" declared "call:0"
Street "river" started. (community card = ['HA', 'C3', 'ST', 'D5', 'D4'])
"ZPlayer" declared "raise:10"
"Finneas" declared "call:10"
"['ZPlayer']" won the round 19 (stack = {'ZPlayer': 1385, 'Xun': 750, 'NitWinWin': 940, 'Finneas': 985, 'YangZ': 940})
player [ZPlayer] gets hole card ['S4', 'D6'], current stack 1380
player [Xun] gets hole card ['H7', 'DQ'], current stack 740
player [NitWinWin] gets hole card ['H3', 'H4'], current stack 940
player [Finneas] gets hole card ['DK', 'H5'], current stack 985
player [YangZ] gets hole card ['S8', 'H2'], current stack 940
Started the round 20
Street "preflop" started. (community card = [])
"NitWinWin" declared "fold:0"
"Finneas" declared "call:10"
"YangZ" declared "fold:0"
"ZPlayer" declared "call:10"
"Xun" declared "call:10"
Street "flop" started. (community card = ['SA', 'CJ', 'S6'])
"ZPlayer" declared "raise:10"
"Xun" declared "fold:0"
"Finneas" declared "call:10"
Street "turn" started. (community card = ['SA', 'CJ', 'S6', 'S5'])
"ZPlayer" declared "raise:10"
"Finneas" declared "call:10"
Street "river" started. (community card = ['SA', 'CJ', 'S6', 'S5', 'C2'])
"ZPlayer" declared "call:0"
"Finneas" declared "call:0"
"['ZPlayer']" won the round 20 (stack = {'ZPlayer': 1425, 'Xun': 740, 'NitWinWin': 940, 'Finneas': 955, 'YangZ': 940})
player [ZPlayer] gets hole card ['CT', 'D8'], current stack 1425
player [Xun] gets hole card ['ST', 'CA'], current stack 735
player [NitWinWin] gets hole card ['DT', 'D7'], current stack 930
player [Finneas] gets hole card ['SQ', 'H7'], current stack 955
player [YangZ] gets hole card ['H5', 'SK'], current stack 940
Started the round 21
Street "preflop" started. (community card = [])
"Finneas" declared "call:10"
"YangZ" declared "fold:0"
"ZPlayer" declared "raise:15"
"Xun" declared "call:15"
"NitWinWin" declared "fold:0"
"Finneas" declared "call:15"
Street "flop" started. (community card = ['CJ', 'C4', 'HA'])
"Xun" declared "call:0"
"Finneas" declared "call:0"
"ZPlayer" declared "call:0"
Street "turn" started. (community card = ['CJ', 'C4', 'HA', 'C7'])
"Xun" declared "call:0"
"Finneas" declared "call:0"
"ZPlayer" declared "call:0"
Street "river" started. (community card = ['CJ', 'C4', 'HA', 'C7', 'D6'])
"Xun" declared "fold:0"
"Finneas" declared "call:0"
"ZPlayer" declared "call:0"
"['Finneas']" won the round 21 (stack = {'ZPlayer': 1410, 'Xun': 725, 'NitWinWin': 930, 'Finneas': 995, 'YangZ': 940})
player [ZPlayer] gets hole card ['SQ', 'CT'], current stack 1410
player [Xun] gets hole card ['DQ', 'H2'], current stack 725
player [NitWinWin] gets hole card ['S7', 'H7'], current stack 925
player [Finneas] gets hole card ['CK', 'S6'], current stack 985
player [YangZ] gets hole card ['DT', 'D3'], current stack 940
Started the round 22
Street "preflop" started. (community card = [])
"YangZ" declared "fold:0"
"ZPlayer" declared "raise:15"
"Xun" declared "call:15"
"NitWinWin" declared "fold:0"
"Finneas" declared "call:15"
Street "flop" started. (community card = ['DA', 'ST', 'H8'])
"Finneas" declared "call:0"
"ZPlayer" declared "raise:50"
"Xun" declared "fold:0"
"Finneas" declared "fold:0"
"['ZPlayer']" won the round 22 (stack = {'ZPlayer': 1445, 'Xun': 710, 'NitWinWin': 925, 'Finneas': 980, 'YangZ': 940})
player [ZPlayer] gets hole card ['HJ', 'D6'], current stack 1445
player [Xun] gets hole card ['HT', 'S5'], current stack 710
player [NitWinWin] gets hole card ['D7', 'HK'], current stack 925
player [Finneas] gets hole card ['C8', 'H5'], current stack 975
player [YangZ] gets hole card ['HA', 'D5'], current stack 930
Started the round 23
Street "preflop" started. (community card = [])
"ZPlayer" declared "call:10"
"Xun" declared "call:10"
"NitWinWin" declared "fold:0"
"Finneas" declared "call:10"
"YangZ" declared "fold:0"
Street "flop" started. (community card = ['SQ', 'H8', 'H2'])
"Finneas" declared "call:0"
"ZPlayer" declared "call:0"
"Xun" declared "fold:0"
Street "turn" started. (community card = ['SQ', 'H8', 'H2', 'SK'])
"Finneas" declared "call:0"
"ZPlayer" declared "call:0"
Street "river" started. (community card = ['SQ', 'H8', 'H2', 'SK', 'ST'])
"Finneas" declared "call:0"
"ZPlayer" declared "call:0"
"['Finneas']" won the round 23 (stack = {'ZPlayer': 1435, 'Xun': 700, 'NitWinWin': 925, 'Finneas': 1010, 'YangZ': 930})
player [ZPlayer] gets hole card ['C3', 'H3'], current stack 1425
player [Xun] gets hole card ['H2', 'D3'], current stack 700
player [NitWinWin] gets hole card ['HT', 'C4'], current stack 925
player [Finneas] gets hole card ['CA', 'SK'], current stack 1010
player [YangZ] gets hole card ['C8', 'S7'], current stack 925
Started the round 24
Street "preflop" started. (community card = [])
"Xun" declared "call:10"
"NitWinWin" declared "fold:0"
"Finneas" declared "raise:512"
"YangZ" declared "fold:0"
"ZPlayer" declared "fold:0"
"Xun" declared "call:512"
Street "flop" started. (community card = ['D8', 'C6', 'CJ'])
"Xun" declared "fold:0"
"['Finneas']" won the round 24 (stack = {'ZPlayer': 1425, 'Xun': 188, 'NitWinWin': 925, 'Finneas': 1537, 'YangZ': 925})
player [ZPlayer] gets hole card ['HJ', 'CK'], current stack 1420
player [Xun] gets hole card ['ST', 'CT'], current stack 178
player [NitWinWin] gets hole card ['DK', 'SA'], current stack 925
player [Finneas] gets hole card ['D5', 'D3'], current stack 1537
player [YangZ] gets hole card ['CQ', 'S7'], current stack 925
Started the round 25
Street "preflop" started. (community card = [])
"NitWinWin" declared "fold:0"
"Finneas" declared "call:10"
"YangZ" declared "fold:0"
"ZPlayer" declared "raise:15"
"Xun" declared "call:15"
"Finneas" declared "call:15"
Street "flop" started. (community card = ['C3', 'HQ', 'HA'])
"ZPlayer" declared "raise:10"
"Xun" declared "fold:0"
"Finneas" declared "call:10"
Street "turn" started. (community card = ['C3', 'HQ', 'HA', 'D7'])
"ZPlayer" declared "call:0"
"Finneas" declared "call:0"
Street "river" started. (community card = ['C3', 'HQ', 'HA', 'D7', 'HT'])
"ZPlayer" declared "raise:584"
"Finneas" declared "fold:0"
"['ZPlayer']" won the round 25 (stack = {'ZPlayer': 1465, 'Xun': 173, 'NitWinWin': 925, 'Finneas': 1512, 'YangZ': 925})
player [ZPlayer] gets hole card ['D5', 'S6'], current stack 1465
player [Xun] gets hole card ['H4', 'DQ'], current stack 168
player [NitWinWin] gets hole card ['H8', 'DK'], current stack 915
player [Finneas] gets hole card ['D3', 'H7'], current stack 1512
player [YangZ] gets hole card ['SK', 'CA'], current stack 925
Started the round 26
Street "preflop" started. (community card = [])
"Finneas" declared "call:10"
"YangZ" declared "fold:0"
"ZPlayer" declared "call:10"
"Xun" declared "call:10"
"NitWinWin" declared "fold:0"
Street "flop" started. (community card = ['S5', 'SQ', 'S4'])
"Xun" declared "call:0"
"Finneas" declared "call:0"
"ZPlayer" declared "raise:20"
"Xun" declared "call:20"
"Finneas" declared "fold:0"
Street "turn" started. (community card = ['S5', 'SQ', 'S4', 'D7'])
"Xun" declared "call:0"
"ZPlayer" declared "raise:10"
"Xun" declared "call:10"
Street "river" started. (community card = ['S5', 'SQ', 'S4', 'D7', 'DA'])
"Xun" declared "call:0"
"ZPlayer" declared "call:0"
"['Xun']" won the round 26 (stack = {'ZPlayer': 1425, 'Xun': 233, 'NitWinWin': 915, 'Finneas': 1502, 'YangZ': 925})
player [ZPlayer] gets hole card ['SA', 'SJ'], current stack 1425
player [Xun] gets hole card ['SK', 'H3'], current stack 233
player [NitWinWin] gets hole card ['D8', 'H9'], current stack 910
player [Finneas] gets hole card ['D5', 'CQ'], current stack 1492
player [YangZ] gets hole card ['HA', 'C4'], current stack 925
Started the round 27
Street "preflop" started. (community card = [])
"YangZ" declared "fold:0"
"ZPlayer" declared "raise:15"
"Xun" declared "call:15"
"NitWinWin" declared "fold:0"
"Finneas" declared "call:15"
Street "flop" started. (community card = ['HT', 'C2', 'H6'])
"Finneas" declared "call:0"
"ZPlayer" declared "call:0"
"Xun" declared "fold:0"
Street "turn" started. (community card = ['HT', 'C2', 'H6', 'S6'])
"Finneas" declared "call:0"
"ZPlayer" declared "call:0"
Street "river" started. (community card = ['HT', 'C2', 'H6', 'S6', 'S8'])
"Finneas" declared "call:0"
"ZPlayer" declared "call:0"
"['ZPlayer']" won the round 27 (stack = {'ZPlayer': 1460, 'Xun': 218, 'NitWinWin': 910, 'Finneas': 1487, 'YangZ': 925})
player [ZPlayer] gets hole card ['H5', 'CA'], current stack 1460
player [Xun] gets hole card ['S3', 'D7'], current stack 218
player [NitWinWin] gets hole card ['DK', 'ST'], current stack 910
player [Finneas] gets hole card ['SA', 'HK'], current stack 1482
player [YangZ] gets hole card ['CJ', 'C2'], current stack 915
Started the round 28
Street "preflop" started. (community card = [])
"ZPlayer" declared "raise:15"
"Xun" declared "call:15"
"NitWinWin" declared "fold:0"
"Finneas" declared "raise:753"
"YangZ" declared "fold:0"
"ZPlayer" declared "fold:0"
"Xun" declared "call:753"
Street "flop" started. (community card = ['HA', 'C8', 'D9'])
Street "turn" started. (community card = ['HA', 'C8', 'D9', 'S9'])
Street "river" started. (community card = ['HA', 'C8', 'D9', 'S9', 'C3'])
"['Finneas']" won the round 28 (stack = {'ZPlayer': 1445, 'Xun': 0, 'NitWinWin': 910, 'Finneas': 1730, 'YangZ': 915})
player [ZPlayer] gets hole card ['H9', 'DQ'], current stack 1435
player [NitWinWin] gets hole card ['HA', 'CT'], current stack 910
player [Finneas] gets hole card ['H4', 'H3'], current stack 1730
player [YangZ] gets hole card ['D2', 'C2'], current stack 910
Started the round 29
Street "preflop" started. (community card = [])
"NitWinWin" declared "fold:0"
"Finneas" declared "call:10"
"YangZ" declared "fold:0"
"ZPlayer" declared "raise:15"
"Finneas" declared "call:15"
Street "flop" started. (community card = ['D9', 'S8', 'D3'])
"ZPlayer" declared "raise:10"
"Finneas" declared "call:10"
Street "turn" started. (community card = ['D9', 'S8', 'D3', 'H2'])
"ZPlayer" declared "raise:27"
"Finneas" declared "fold:0"
"['ZPlayer']" won the round 29 (stack = {'ZPlayer': 1475, 'Xun': 0, 'NitWinWin': 910, 'Finneas': 1705, 'YangZ': 910})
player [ZPlayer] gets hole card ['DK', 'ST'], current stack 1470
player [NitWinWin] gets hole card ['CT', 'C3'], current stack 900
player [Finneas] gets hole card ['SA', 'S9'], current stack 1705
player [YangZ] gets hole card ['SJ', 'H4'], current stack 910
Started the round 30
Street "preflop" started. (community card = [])
"Finneas" declared "call:10"
"YangZ" declared "fold:0"
"ZPlayer" declared "raise:15"
"NitWinWin" declared "fold:0"
"Finneas" declared "call:15"
Street "flop" started. (community card = ['HQ', 'H3', 'S3'])
"ZPlayer" declared "raise:10"
"Finneas" declared "call:10"
Street "turn" started. (community card = ['HQ', 'H3', 'S3', 'H2'])
"ZPlayer" declared "call:0"
"Finneas" declared "call:0"
Street "river" started. (community card = ['HQ', 'H3', 'S3', 'H2', 'S8'])
"ZPlayer" declared "call:0"
"Finneas" declared "call:0"
"['Finneas']" won the round 30 (stack = {'ZPlayer': 1450, 'Xun': 0, 'NitWinWin': 900, 'Finneas': 1740, 'YangZ': 910})
player [ZPlayer] gets hole card ['H6', 'C8'], current stack 1450
player [NitWinWin] gets hole card ['D7', 'CA'], current stack 895
player [Finneas] gets hole card ['C4', 'S5'], current stack 1730
player [YangZ] gets hole card ['D5', 'CT'], current stack 910
Started the round 31
Street "preflop" started. (community card = [])
"YangZ" declared "fold:0"
"ZPlayer" declared "call:10"
"NitWinWin" declared "fold:0"
"Finneas" declared "call:10"
Street "flop" started. (community card = ['DK', 'CQ', 'HT'])
"Finneas" declared "call:0"
"ZPlayer" declared "call:0"
Street "turn" started. (community card = ['DK', 'CQ', 'HT', 'HA'])
"Finneas" declared "call:0"
"ZPlayer" declared "call:0"
Street "river" started. (community card = ['DK', 'CQ', 'HT', 'HA', 'H7'])
"Finneas" declared "call:0"
"ZPlayer" declared "call:0"
"['ZPlayer']" won the round 31 (stack = {'ZPlayer': 1465, 'Xun': 0, 'NitWinWin': 895, 'Finneas': 1730, 'YangZ': 910})
player [ZPlayer] gets hole card ['C7', 'S2'], current stack 1465
player [NitWinWin] gets hole card ['C5', 'D9'], current stack 895
player [Finneas] gets hole card ['SA', 'ST'], current stack 1725
player [YangZ] gets hole card ['CQ', 'H9'], current stack 900
Started the round 32
Street "preflop" started. (community card = [])
"ZPlayer" declared "call:10"
"NitWinWin" declared "fold:0"
"Finneas" declared "call:10"
"YangZ" declared "fold:0"
Street "flop" started. (community card = ['HJ', 'H6', 'S6'])
"Finneas" declared "call:0"
"ZPlayer" declared "call:0"
Street "turn" started. (community card = ['HJ', 'H6', 'S6', 'H4'])
"Finneas" declared "call:0"
"ZPlayer" declared "call:0"
Street "river" started. (community card = ['HJ', 'H6', 'S6', 'H4', 'SJ'])
"Finneas" declared "call:0"
"ZPlayer" declared "call:0"
"['Finneas']" won the round 32 (stack = {'ZPlayer': 1455, 'Xun': 0, 'NitWinWin': 895, 'Finneas': 1750, 'YangZ': 900})
player [ZPlayer] gets hole card ['H6', 'ST'], current stack 1445
player [NitWinWin] gets hole card ['CQ', 'D3'], current stack 895
player [Finneas] gets hole card ['C8', 'D4'], current stack 1750
player [YangZ] gets hole card ['HT', 'S4'], current stack 895
Started the round 33
Street "preflop" started. (community card = [])
"NitWinWin" declared "fold:0"
"Finneas" declared "call:10"
"YangZ" declared "fold:0"
"ZPlayer" declared "call:10"
Street "flop" started. (community card = ['D8', 'C4', 'C3'])
"ZPlayer" declared "call:0"
"Finneas" declared "call:0"
Street "turn" started. (community card = ['D8', 'C4', 'C3', 'CA'])
"ZPlayer" declared "call:0"
"Finneas" declared "call:0"
Street "river" started. (community card = ['D8', 'C4', 'C3', 'CA', 'SQ'])
"ZPlayer" declared "call:0"
"Finneas" declared "call:0"
"['Finneas']" won the round 33 (stack = {'ZPlayer': 1445, 'Xun': 0, 'NitWinWin': 895, 'Finneas': 1765, 'YangZ': 895})
player [ZPlayer] gets hole card ['H5', 'C8'], current stack 1440
player [NitWinWin] gets hole card ['DK', 'SJ'], current stack 885
player [Finneas] gets hole card ['CA', 'DA'], current stack 1765
player [YangZ] gets hole card ['H7', 'D6'], current stack 895
Started the round 34
Street "preflop" started. (community card = [])
"Finneas" declared "raise:890"
"YangZ" declared "fold:0"
"ZPlayer" declared "fold:0"
"NitWinWin" declared "fold:0"
"['Finneas']" won the round 34 (stack = {'ZPlayer': 1440, 'Xun': 0, 'NitWinWin': 885, 'Finneas': 1780, 'YangZ': 895})
player [ZPlayer] gets hole card ['H4', 'D2'], current stack 1440
player [NitWinWin] gets hole card ['D8', 'C7'], current stack 880
player [Finneas] gets hole card ['S7', 'DJ'], current stack 1770
player [YangZ] gets hole card ['D6', 'C3'], current stack 895
Started the round 35
Street "preflop" started. (community card = [])
"YangZ" declared "fold:0"
"ZPlayer" declared "call:10"
"NitWinWin" declared "fold:0"
"Finneas" declared "call:10"
Street "flop" started. (community card = ['C6', 'H6', 'C8'])
"Finneas" declared "call:0"
"ZPlayer" declared "call:0"
Street "turn" started. (community card = ['C6', 'H6', 'C8', 'D4'])
"Finneas" declared "call:0"
"ZPlayer" declared "raise:10"
"Finneas" declared "call:10"
Street "river" started. (community card = ['C6', 'H6', 'C8', 'D4', 'DK'])
"Finneas" declared "call:0"
"ZPlayer" declared "call:0"
"['ZPlayer']" won the round 35 (stack = {'ZPlayer': 1465, 'Xun': 0, 'NitWinWin': 880, 'Finneas': 1760, 'YangZ': 895})
player [ZPlayer] gets hole card ['C5', 'HT'], current stack 1465
player [NitWinWin] gets hole card ['HQ', 'D7'], current stack 880
player [Finneas] gets hole card ['DJ', 'SK'], current stack 1755
player [YangZ] gets hole card ['C3', 'D5'], current stack 885
Started the round 36
Street "preflop" started. (community card = [])
"ZPlayer" declared "call:10"
"NitWinWin" declared "fold:0"
"Finneas" declared "call:10"
"YangZ" declared "fold:0"
Street "flop" started. (community card = ['H4', 'DQ', 'CA'])
"Finneas" declared "call:0"
"ZPlayer" declared "call:0"
Street "turn" started. (community card = ['H4', 'DQ', 'CA', 'D9'])
"Finneas" declared "call:0"
"ZPlayer" declared "call:0"
Street "river" started. (community card = ['H4', 'DQ', 'CA', 'D9', 'S4'])
"Finneas" declared "call:0"
"ZPlayer" declared "call:0"
"['Finneas']" won the round 36 (stack = {'ZPlayer': 1455, 'Xun': 0, 'NitWinWin': 880, 'Finneas': 1780, 'YangZ': 885})
player [ZPlayer] gets hole card ['DA', 'D3'], current stack 1445
player [NitWinWin] gets hole card ['SJ', 'S4'], current stack 880
player [Finneas] gets hole card ['HK', 'HJ'], current stack 1780
player [YangZ] gets hole card ['C3', 'S7'], current stack 880
Started the round 37
Street "preflop" started. (community card = [])
"NitWinWin" declared "fold:0"
"Finneas" declared "call:10"
"YangZ" declared "fold:0"
"ZPlayer" declared "raise:15"
"Finneas" declared "call:15"
Street "flop" started. (community card = ['CA', 'D9', 'H3'])
"ZPlayer" declared "raise:613"
"Finneas" declared "fold:0"
"['ZPlayer']" won the round 37 (stack = {'ZPlayer': 1475, 'Xun': 0, 'NitWinWin': 880, 'Finneas': 1765, 'YangZ': 880})
player [ZPlayer] gets hole card ['DJ', 'CA'], current stack 1470
player [NitWinWin] gets hole card ['DT', 'H5'], current stack 870
player [Finneas] gets hole card ['DA', 'HA'], current stack 1765
player [YangZ] gets hole card ['C9', 'S3'], current stack 880
Started the round 38
Street "preflop" started. (community card = [])
"Finneas" declared "raise:890"
"YangZ" declared "fold:0"
"ZPlayer" declared "fold:0"
"NitWinWin" declared "fold:0"
"['Finneas']" won the round 38 (stack = {'ZPlayer': 1470, 'Xun': 0, 'NitWinWin': 870, 'Finneas': 1780, 'YangZ': 880})
player [ZPlayer] gets hole card ['H4', 'D7'], current stack 1470
player [NitWinWin] gets hole card ['DQ', 'CT'], current stack 865
player [Finneas] gets hole card ['S3', 'C2'], current stack 1770
player [YangZ] gets hole card ['D9', 'SQ'], current stack 880
Started the round 39
Street "preflop" started. (community card = [])
"YangZ" declared "fold:0"
"ZPlayer" declared "fold:0"
"NitWinWin" declared "fold:0"
"['Finneas']" won the round 39 (stack = {'ZPlayer': 1470, 'Xun': 0, 'NitWinWin': 865, 'Finneas': 1785, 'YangZ': 880})
player [ZPlayer] gets hole card ['C3', 'C8'], current stack 1470
player [NitWinWin] gets hole card ['CJ', 'S2'], current stack 865
player [Finneas] gets hole card ['CA', 'HQ'], current stack 1780
player [YangZ] gets hole card ['DJ', 'DA'], current stack 870
Started the round 40
Street "preflop" started. (community card = [])
"ZPlayer" declared "call:10"
"NitWinWin" declared "fold:0"
"Finneas" declared "raise:900"
"YangZ" declared "fold:0"
"ZPlayer" declared "fold:0"
"['Finneas']" won the round 40 (stack = {'ZPlayer': 1460, 'Xun': 0, 'NitWinWin': 865, 'Finneas': 1805, 'YangZ': 870})
player [ZPlayer] gets hole card ['DT', 'S2'], current stack 1450
player [NitWinWin] gets hole card ['C3', 'S9'], current stack 865
player [Finneas] gets hole card ['C9', 'D8'], current stack 1805
player [YangZ] gets hole card ['SJ', 'S4'], current stack 865
Started the round 41
Street "preflop" started. (community card = [])
"NitWinWin" declared "fold:0"
"Finneas" declared "call:10"
"YangZ" declared "fold:0"
"ZPlayer" declared "call:10"
Street "flop" started. (community card = ['HA', 'D9', 'H8'])
"ZPlayer" declared "call:0"
"Finneas" declared "call:0"
Street "turn" started. (community card = ['HA', 'D9', 'H8', 'H4'])
"ZPlayer" declared "call:0"
"Finneas" declared "call:0"
Street "river" started. (community card = ['HA', 'D9', 'H8', 'H4', 'D5'])
"ZPlayer" declared "call:0"
"Finneas" declared "call:0"
"['Finneas']" won the round 41 (stack = {'ZPlayer': 1450, 'Xun': 0, 'NitWinWin': 865, 'Finneas': 1820, 'YangZ': 865})
player [ZPlayer] gets hole card ['C4', 'S2'], current stack 1445
player [NitWinWin] gets hole card ['HA', 'S8'], current stack 855
player [Finneas] gets hole card ['HK', 'D4'], current stack 1820
player [YangZ] gets hole card ['D9', 'SK'], current stack 865
Started the round 42
Street "preflop" started. (community card = [])
"Finneas" declared "call:10"
"YangZ" declared "fold:0"
"ZPlayer" declared "call:10"
"NitWinWin" declared "fold:0"
Street "flop" started. (community card = ['C5', 'D2', 'H8'])
"ZPlayer" declared "raise:10"
"Finneas" declared "call:10"
Street "turn" started. (community card = ['C5', 'D2', 'H8', 'ST'])
"ZPlayer" declared "call:0"
"Finneas" declared "call:0"
Street "river" started. (community card = ['C5', 'D2', 'H8', 'ST', 'CK'])
"ZPlayer" declared "call:0"
"Finneas" declared "call:0"
"['Finneas']" won the round 42 (stack = {'ZPlayer': 1430, 'Xun': 0, 'NitWinWin': 855, 'Finneas': 1850, 'YangZ': 865})
player [ZPlayer] gets hole card ['S5', 'S7'], current stack 1430
player [NitWinWin] gets hole card ['SK', 'C8'], current stack 850
player [Finneas] gets hole card ['SA', 'S9'], current stack 1840
player [YangZ] gets hole card ['H3', 'D4'], current stack 865
Started the round 43
Street "preflop" started. (community card = [])
"YangZ" declared "fold:0"
"ZPlayer" declared "call:10"
"NitWinWin" declared "fold:0"
"Finneas" declared "call:10"
Street "flop" started. (community card = ['C9', 'S4', 'S8'])
"Finneas" declared "call:0"
"ZPlayer" declared "raise:10"
"Finneas" declared "call:10"
Street "turn" started. (community card = ['C9', 'S4', 'S8', 'HQ'])
"Finneas" declared "call:0"
"ZPlayer" declared "call:0"
Street "river" started. (community card = ['C9', 'S4', 'S8', 'HQ', 'DT'])
"Finneas" declared "call:0"
"ZPlayer" declared "call:0"
"['Finneas']" won the round 43 (stack = {'ZPlayer': 1410, 'Xun': 0, 'NitWinWin': 850, 'Finneas': 1875, 'YangZ': 865})
player [ZPlayer] gets hole card ['H7', 'S4'], current stack 1410
player [NitWinWin] gets hole card ['D7', 'DJ'], current stack 850
player [Finneas] gets hole card ['HJ', 'DK'], current stack 1870
player [YangZ] gets hole card ['CA', 'HT'], current stack 855
Started the round 44
Street "preflop" started. (community card = [])
"ZPlayer" declared "call:10"
"NitWinWin" declared "fold:0"
"Finneas" declared "call:10"
"YangZ" declared "fold:0"
Street "flop" started. (community card = ['H8', 'C8', 'C2'])
"Finneas" declared "call:0"
"ZPlayer" declared "call:0"
Street "turn" started. (community card = ['H8', 'C8', 'C2', 'S5'])
"Finneas" declared "call:0"
"ZPlayer" declared "call:0"
Street "river" started. (community card = ['H8', 'C8', 'C2', 'S5', 'CT'])
"Finneas" declared "call:0"
"ZPlayer" declared "call:0"
"['Finneas']" won the round 44 (stack = {'ZPlayer': 1400, 'Xun': 0, 'NitWinWin': 850, 'Finneas': 1895, 'YangZ': 855})
player [ZPlayer] gets hole card ['C3', 'C7'], current stack 1390
player [NitWinWin] gets hole card ['H3', 'C4'], current stack 850
player [Finneas] gets hole card ['HQ', 'CK'], current stack 1895
player [YangZ] gets hole card ['D7', 'D9'], current stack 850
Started the round 45
Street "preflop" started. (community card = [])
"NitWinWin" declared "fold:0"
"Finneas" declared "call:10"
"YangZ" declared "fold:0"
"ZPlayer" declared "call:10"
Street "flop" started. (community card = ['SQ', 'S7', 'S8'])
"ZPlayer" declared "raise:10"
"Finneas" declared "call:10"
Street "turn" started. (community card = ['SQ', 'S7', 'S8', 'C5'])
"ZPlayer" declared "call:0"
"Finneas" declared "call:0"
Street "river" started. (community card = ['SQ', 'S7', 'S8', 'C5', 'CA'])
"ZPlayer" declared "call:0"
"Finneas" declared "call:0"
"['Finneas']" won the round 45 (stack = {'ZPlayer': 1380, 'Xun': 0, 'NitWinWin': 850, 'Finneas': 1920, 'YangZ': 850})
player [ZPlayer] gets hole card ['HK', 'H9'], current stack 1375
player [NitWinWin] gets hole card ['H4', 'HT'], current stack 840
player [Finneas] gets hole card ['D7', 'SJ'], current stack 1920
player [YangZ] gets hole card ['D8', 'S4'], current stack 850
Started the round 46
Street "preflop" started. (community card = [])
"Finneas" declared "call:10"
"YangZ" declared "fold:0"
"ZPlayer" declared "raise:15"
"NitWinWin" declared "fold:0"
"Finneas" declared "call:15"
Street "flop" started. (community card = ['D4', 'DQ', 'C9'])
"ZPlayer" declared "raise:10"
"Finneas" declared "call:10"
Street "turn" started. (community card = ['D4', 'DQ', 'C9', 'S3'])
"ZPlayer" declared "raise:10"
"Finneas" declared "call:10"
Street "river" started. (community card = ['D4', 'DQ', 'C9', 'S3', 'S8'])
"ZPlayer" declared "raise:10"
"Finneas" declared "call:10"
"['ZPlayer']" won the round 46 (stack = {'ZPlayer': 1435, 'Xun': 0, 'NitWinWin': 840, 'Finneas': 1875, 'YangZ': 850})
player [ZPlayer] gets hole card ['HA', 'D4'], current stack 1435
player [NitWinWin] gets hole card ['DQ', 'S7'], current stack 835
player [Finneas] gets hole card ['C9', 'CT'], current stack 1865
player [YangZ] gets hole card ['HQ', 'SA'], current stack 850
Started the round 47
Street "preflop" started. (community card = [])
"YangZ" declared "fold:0"
"ZPlayer" declared "raise:15"
"NitWinWin" declared "fold:0"
"Finneas" declared "call:15"
Street "flop" started. (community card = ['S4', 'S3', 'CA'])
"Finneas" declared "call:0"
"ZPlayer" declared "raise:17"
"Finneas" declared "call:17"
Street "turn" started. (community card = ['S4', 'S3', 'CA', 'S5'])
"Finneas" declared "call:0"
"ZPlayer" declared "raise:10"
"Finneas" declared "call:10"
Street "river" started. (community card = ['S4', 'S3', 'CA', 'S5', 'CJ'])
"Finneas" declared "call:0"
"ZPlayer" declared "raise:10"
"Finneas" declared "call:10"
"['ZPlayer']" won the round 47 (stack = {'ZPlayer': 1492, 'Xun': 0, 'NitWinWin': 835, 'Finneas': 1823, 'YangZ': 850})
player [ZPlayer] gets hole card ['CQ', 'D6'], current stack 1492
player [NitWinWin] gets hole card ['S4', 'H4'], current stack 835
player [Finneas] gets hole card ['CA', 'HA'], current stack 1818
player [YangZ] gets hole card ['HK', 'C8'], current stack 840
Started the round 48
Street "preflop" started. (community card = [])
"ZPlayer" declared "call:10"
"NitWinWin" declared "fold:0"
"Finneas" declared "raise:919"
"YangZ" declared "fold:0"
"ZPlayer" declared "fold:0"
"['Finneas']" won the round 48 (stack = {'ZPlayer': 1482, 'Xun': 0, 'NitWinWin': 835, 'Finneas': 1843, 'YangZ': 840})
player [ZPlayer] gets hole card ['HJ', 'C8'], current stack 1472
player [NitWinWin] gets hole card ['D7', 'S4'], current stack 835
player [Finneas] gets hole card ['DT', 'H3'], current stack 1843
player [YangZ] gets hole card ['ST', 'HT'], current stack 835
Started the round 49
Street "preflop" started. (community card = [])
"NitWinWin" declared "fold:0"
"Finneas" declared "call:10"
"YangZ" declared "fold:0"
"ZPlayer" declared "call:10"
Street "flop" started. (community card = ['CQ', 'CT', 'HA'])
"ZPlayer" declared "raise:10"
"Finneas" declared "call:10"
Street "turn" started. (community card = ['CQ', 'CT', 'HA', 'DJ'])
"ZPlayer" declared "call:0"
"Finneas" declared "call:0"
Street "river" started. (community card = ['CQ', 'CT', 'HA', 'DJ', 'D9'])
"ZPlayer" declared "raise:10"
"Finneas" declared "call:10"
"['ZPlayer']" won the round 49 (stack = {'ZPlayer': 1517, 'Xun': 0, 'NitWinWin': 835, 'Finneas': 1813, 'YangZ': 835})
player [ZPlayer] gets hole card ['S8', 'H9'], current stack 1512
player [NitWinWin] gets hole card ['S9', 'C8'], current stack 825
player [Finneas] gets hole card ['D6', 'HK'], current stack 1813
player [YangZ] gets hole card ['CA', 'H7'], current stack 835
Started the round 50
Street "preflop" started. (community card = [])
"Finneas" declared "call:10"
"YangZ" declared "fold:0"
"ZPlayer" declared "raise:15"
"NitWinWin" declared "fold:0"
"Finneas" declared "call:15"
Street "flop" started. (community card = ['C5', 'DA', 'H2'])
"ZPlayer" declared "call:0"
"Finneas" declared "call:0"
Street "turn" started. (community card = ['C5', 'DA', 'H2', 'D7'])
"ZPlayer" declared "call:0"
"Finneas" declared "call:0"
Street "river" started. (community card = ['C5', 'DA', 'H2', 'D7', 'HA'])
"ZPlayer" declared "call:0"
"Finneas" declared "call:0"
"['Finneas']" won the round 50 (stack = {'ZPlayer': 1502, 'Xun': 0, 'NitWinWin': 825, 'Finneas': 1838, 'YangZ': 835})

Game Results:
------------------------------------------------------------
Game 1:
Winner: Finneas (stack: 1838)
All players' stacks:
  ZPlayer: 1502
  Xun: 0
  NitWinWin: 825
  Finneas: 1838
  YangZ: 835
------------------------------------------------------------
