player [ZPlayer] gets hole card ['S3', 'H5'], current stack 1000
player [Xun] gets hole card ['SJ', 'H2'], current stack 995
player [NitWinWin] gets hole card ['SK', 'CJ'], current stack 990
player [Finneas] gets hole card ['H7', 'S8'], current stack 1000
player [YangZ] gets hole card ['S4', 'DK'], current stack 1000
Started the round 1
Street "preflop" started. (community card = [])
"Finneas" declared "call:10"
"YangZ" declared "fold:0"
"ZPlayer" declared "call:10"
"Xun" declared "call:10"
"NitWinWin" declared "fold:0"
Street "flop" started. (community card = ['HK', 'H3', 'C9'])
"Xun" declared "fold:0"
"Finneas" declared "call:0"
"ZPlayer" declared "raise:10"
"Finneas" declared "call:10"
Street "turn" started. (community card = ['HK', 'H3', 'C9', 'S9'])
"Finneas" declared "call:0"
"ZPlayer" declared "call:0"
Street "river" started. (community card = ['HK', 'H3', 'C9', 'S9', 'CK'])
"Finneas" declared "call:0"
"ZPlayer" declared "call:0"
"['Finneas']" won the round 1 (stack = {'ZPlayer': 980, 'Xun': 990, 'NitWinWin': 990, 'Finneas': 1040, 'YangZ': 1000})
player [ZPlayer] gets hole card ['HQ', 'DA'], current stack 980
player [Xun] gets hole card ['H3', 'C6'], current stack 990
player [NitWinWin] gets hole card ['H4', 'SJ'], current stack 985
player [Finneas] gets hole card ['C3', 'S6'], current stack 1030
player [YangZ] gets hole card ['CJ', 'H2'], current stack 1000
Started the round 2
Street "preflop" started. (community card = [])
"YangZ" declared "fold:0"
"ZPlayer" declared "raise:15"
"Xun" declared "call:15"
"NitWinWin" declared "fold:0"
"Finneas" declared "call:15"
Street "flop" started. (community card = ['CA', 'DT', 'ST'])
"Finneas" declared "call:0"
"ZPlayer" declared "raise:887"
"Xun" declared "fold:0"
"Finneas" declared "fold:0"
"['ZPlayer']" won the round 2 (stack = {'ZPlayer': 1015, 'Xun': 975, 'NitWinWin': 985, 'Finneas': 1025, 'YangZ': 1000})
player [ZPlayer] gets hole card ['DT', 'C4'], current stack 1015
player [Xun] gets hole card ['HT', 'SK'], current stack 975
player [NitWinWin] gets hole card ['S3', 'C6'], current stack 985
player [Finneas] gets hole card ['SJ', 'H6'], current stack 1020
player [YangZ] gets hole card ['S5', 'S8'], current stack 990
Started the round 3
Street "preflop" started. (community card = [])
"ZPlayer" declared "call:10"
"Xun" declared "call:10"
"NitWinWin" declared "fold:0"
"Finneas" declared "call:10"
"YangZ" declared "fold:0"
Street "flop" started. (community card = ['S9', 'DQ', 'C3'])
"Finneas" declared "call:0"
"ZPlayer" declared "call:0"
"Xun" declared "call:0"
Street "turn" started. (community card = ['S9', 'DQ', 'C3', 'H2'])
"Finneas" declared "call:0"
"ZPlayer" declared "call:0"
"Xun" declared "fold:0"
Street "river" started. (community card = ['S9', 'DQ', 'C3', 'H2', 'H9'])
"Finneas" declared "call:0"
"ZPlayer" declared "call:0"
"['Finneas']" won the round 3 (stack = {'ZPlayer': 1005, 'Xun': 965, 'NitWinWin': 985, 'Finneas': 1055, 'YangZ': 990})
player [ZPlayer] gets hole card ['S3', 'CQ'], current stack 995
player [Xun] gets hole card ['DJ', 'CJ'], current stack 965
player [NitWinWin] gets hole card ['CT', 'S6'], current stack 985
player [Finneas] gets hole card ['DT', 'S4'], current stack 1055
player [YangZ] gets hole card ['C7', 'D2'], current stack 985
Started the round 4
Street "preflop" started. (community card = [])
"Xun" declared "call:10"
"NitWinWin" declared "fold:0"
"Finneas" declared "call:10"
"YangZ" declared "fold:0"
"ZPlayer" declared "call:10"
Street "flop" started. (community card = ['H5', 'D4', 'D5'])
"ZPlayer" declared "call:0"
"Xun" declared "call:0"
"Finneas" declared "call:0"
Street "turn" started. (community card = ['H5', 'D4', 'D5', 'H9'])
"ZPlayer" declared "call:0"
"Xun" declared "call:0"
"Finneas" declared "call:0"
Street "river" started. (community card = ['H5', 'D4', 'D5', 'H9', 'H8'])
"ZPlayer" declared "call:0"
"Xun" declared "fold:0"
"Finneas" declared "call:0"
"['Finneas']" won the round 4 (stack = {'ZPlayer': 995, 'Xun': 955, 'NitWinWin': 985, 'Finneas': 1080, 'YangZ': 985})
player [ZPlayer] gets hole card ['S5', 'S2'], current stack 990
player [Xun] gets hole card ['CA', 'SA'], current stack 945
player [NitWinWin] gets hole card ['S3', 'S7'], current stack 985
player [Finneas] gets hole card ['H3', 'C4'], current stack 1080
player [YangZ] gets hole card ['C5', 'DA'], current stack 985
Started the round 5
Street "preflop" started. (community card = [])
"NitWinWin" declared "fold:0"
"Finneas" declared "call:10"
"YangZ" declared "fold:0"
"ZPlayer" declared "call:10"
"Xun" declared "call:10"
Street "flop" started. (community card = ['S6', 'CK', 'C3'])
"ZPlayer" declared "call:0"
"Xun" declared "call:0"
"Finneas" declared "call:0"
Street "turn" started. (community card = ['S6', 'CK', 'C3', 'S9'])
"ZPlayer" declared "call:0"
"Xun" declared "call:0"
"Finneas" declared "call:0"
Street "river" started. (community card = ['S6', 'CK', 'C3', 'S9', 'H8'])
"ZPlayer" declared "call:0"
"Xun" declared "call:0"
"Finneas" declared "call:0"
"['Xun']" won the round 5 (stack = {'ZPlayer': 985, 'Xun': 975, 'NitWinWin': 985, 'Finneas': 1070, 'YangZ': 985})
player [ZPlayer] gets hole card ['DT', 'S4'], current stack 985
player [Xun] gets hole card ['SA', 'C5'], current stack 970
player [NitWinWin] gets hole card ['S3', 'CT'], current stack 975
player [Finneas] gets hole card ['D5', 'S7'], current stack 1070
player [YangZ] gets hole card ['H3', 'DA'], current stack 985
Started the round 6
Street "preflop" started. (community card = [])
"Finneas" declared "call:10"
"YangZ" declared "fold:0"
"ZPlayer" declared "call:10"
"Xun" declared "call:10"
"NitWinWin" declared "fold:0"
Street "flop" started. (community card = ['H2', 'H8', 'H7'])
"Xun" declared "fold:0"
"Finneas" declared "call:0"
"ZPlayer" declared "call:0"
Street "turn" started. (community card = ['H2', 'H8', 'H7', 'SQ'])
"Finneas" declared "call:0"
"ZPlayer" declared "call:0"
Street "river" started. (community card = ['H2', 'H8', 'H7', 'SQ', 'S9'])
"Finneas" declared "call:0"
"ZPlayer" declared "call:0"
"['Finneas']" won the round 6 (stack = {'ZPlayer': 975, 'Xun': 965, 'NitWinWin': 975, 'Finneas': 1100, 'YangZ': 985})
player [ZPlayer] gets hole card ['C5', 'D7'], current stack 975
player [Xun] gets hole card ['H4', 'C3'], current stack 965
player [NitWinWin] gets hole card ['C4', 'CT'], current stack 970
player [Finneas] gets hole card ['C6', 'CK'], current stack 1090
player [YangZ] gets hole card ['HJ', 'CQ'], current stack 985
Started the round 7
Street "preflop" started. (community card = [])
"YangZ" declared "fold:0"
"ZPlayer" declared "fold:0"
"Xun" declared "call:10"
"NitWinWin" declared "fold:0"
"Finneas" declared "call:10"
Street "flop" started. (community card = ['C8', 'HK', 'DK'])
"Finneas" declared "raise:550"
"Xun" declared "fold:0"
"['Finneas']" won the round 7 (stack = {'ZPlayer': 975, 'Xun': 955, 'NitWinWin': 970, 'Finneas': 1115, 'YangZ': 985})
player [ZPlayer] gets hole card ['D9', 'CQ'], current stack 975
player [Xun] gets hole card ['H7', 'CK'], current stack 955
player [NitWinWin] gets hole card ['D3', 'H4'], current stack 970
player [Finneas] gets hole card ['SA', 'SJ'], current stack 1110
player [YangZ] gets hole card ['HT', 'H6'], current stack 975
Started the round 8
Street "preflop" started. (community card = [])
"ZPlayer" declared "raise:15"
"Xun" declared "call:15"
"NitWinWin" declared "fold:0"
"Finneas" declared "call:15"
"YangZ" declared "fold:0"
Street "flop" started. (community card = ['S6', 'DA', 'HK'])
"Finneas" declared "call:0"
"ZPlayer" declared "call:0"
"Xun" declared "call:0"
Street "turn" started. (community card = ['S6', 'DA', 'HK', 'HA'])
"Finneas" declared "raise:555"
"ZPlayer" declared "fold:0"
"Xun" declared "fold:0"
"['Finneas']" won the round 8 (stack = {'ZPlayer': 960, 'Xun': 940, 'NitWinWin': 970, 'Finneas': 1155, 'YangZ': 975})
player [ZPlayer] gets hole card ['D7', 'CJ'], current stack 950
player [Xun] gets hole card ['DQ', 'S9'], current stack 940
player [NitWinWin] gets hole card ['D6', 'D8'], current stack 970
player [Finneas] gets hole card ['SQ', 'S3'], current stack 1155
player [YangZ] gets hole card ['H8', 'C9'], current stack 970
Started the round 9
Street "preflop" started. (community card = [])
"Xun" declared "call:10"
"NitWinWin" declared "fold:0"
"Finneas" declared "call:10"
"YangZ" declared "fold:0"
"ZPlayer" declared "call:10"
Street "flop" started. (community card = ['SK', 'D9', 'S4'])
"ZPlayer" declared "call:0"
"Xun" declared "call:0"
"Finneas" declared "call:0"
Street "turn" started. (community card = ['SK', 'D9', 'S4', 'HQ'])
"ZPlayer" declared "call:0"
"Xun" declared "call:0"
"Finneas" declared "call:0"
Street "river" started. (community card = ['SK', 'D9', 'S4', 'HQ', 'S7'])
"ZPlayer" declared "call:0"
"Xun" declared "call:0"
"Finneas" declared "raise:577"
"ZPlayer" declared "fold:0"
"Xun" declared "call:577"
"['Finneas']" won the round 9 (stack = {'ZPlayer': 950, 'Xun': 353, 'NitWinWin': 970, 'Finneas': 1757, 'YangZ': 970})
player [ZPlayer] gets hole card ['S2', 'ST'], current stack 945
player [Xun] gets hole card ['C2', 'D8'], current stack 343
player [NitWinWin] gets hole card ['H9', 'SK'], current stack 970
player [Finneas] gets hole card ['D4', 'C3'], current stack 1757
player [YangZ] gets hole card ['CT', 'CK'], current stack 970
Started the round 10
Street "preflop" started. (community card = [])
"NitWinWin" declared "fold:0"
"Finneas" declared "call:10"
"YangZ" declared "fold:0"
"ZPlayer" declared "call:10"
"Xun" declared "call:10"
Street "flop" started. (community card = ['C7', 'HT', 'C8'])
"ZPlayer" declared "raise:10"
"Xun" declared "fold:0"
"Finneas" declared "call:10"
Street "turn" started. (community card = ['C7', 'HT', 'C8', 'SQ'])
"ZPlayer" declared "raise:10"
"Finneas" declared "call:10"
Street "river" started. (community card = ['C7', 'HT', 'C8', 'SQ', 'C5'])
"ZPlayer" declared "raise:10"
"Finneas" declared "call:10"
"['ZPlayer']" won the round 10 (stack = {'ZPlayer': 1000, 'Xun': 343, 'NitWinWin': 970, 'Finneas': 1717, 'YangZ': 970})
player [ZPlayer] gets hole card ['C9', 'SK'], current stack 1000
player [Xun] gets hole card ['SQ', 'D4'], current stack 338
player [NitWinWin] gets hole card ['DA', 'HQ'], current stack 960
player [Finneas] gets hole card ['C6', 'S3'], current stack 1717
player [YangZ] gets hole card ['D3', 'ST'], current stack 970
Started the round 11
Street "preflop" started. (community card = [])
"Finneas" declared "call:10"
"YangZ" declared "fold:0"
"ZPlayer" declared "raise:15"
"Xun" declared "call:15"
"NitWinWin" declared "fold:0"
"Finneas" declared "call:15"
Street "flop" started. (community card = ['C8', 'CJ', 'H8'])
"Xun" declared "fold:0"
"Finneas" declared "call:0"
"ZPlayer" declared "call:0"
Street "turn" started. (community card = ['C8', 'CJ', 'H8', 'SA'])
"Finneas" declared "call:0"
"ZPlayer" declared "call:0"
Street "river" started. (community card = ['C8', 'CJ', 'H8', 'SA', 'HA'])
"Finneas" declared "call:0"
"ZPlayer" declared "raise:10"
"Finneas" declared "call:10"
"['ZPlayer']" won the round 11 (stack = {'ZPlayer': 1050, 'Xun': 328, 'NitWinWin': 960, 'Finneas': 1692, 'YangZ': 970})
player [ZPlayer] gets hole card ['SQ', 'HA'], current stack 1050
player [Xun] gets hole card ['D2', 'H8'], current stack 328
player [NitWinWin] gets hole card ['C9', 'H6'], current stack 955
player [Finneas] gets hole card ['HK', 'HT'], current stack 1682
player [YangZ] gets hole card ['D8', 'H4'], current stack 970
Started the round 12
Street "preflop" started. (community card = [])
"YangZ" declared "fold:0"
"ZPlayer" declared "raise:15"
"Xun" declared "call:15"
"NitWinWin" declared "fold:0"
"Finneas" declared "call:15"
Street "flop" started. (community card = ['C8', 'S2', 'S7'])
"Finneas" declared "call:0"
"ZPlayer" declared "call:0"
"Xun" declared "call:0"
Street "turn" started. (community card = ['C8', 'S2', 'S7', 'H3'])
"Finneas" declared "call:0"
"ZPlayer" declared "call:0"
"Xun" declared "call:0"
Street "river" started. (community card = ['C8', 'S2', 'S7', 'H3', 'D5'])
"Finneas" declared "call:0"
"ZPlayer" declared "call:0"
"Xun" declared "call:0"
"['Xun']" won the round 12 (stack = {'ZPlayer': 1035, 'Xun': 363, 'NitWinWin': 955, 'Finneas': 1677, 'YangZ': 970})
player [ZPlayer] gets hole card ['CK', 'DA'], current stack 1035
player [Xun] gets hole card ['D5', 'S4'], current stack 363
player [NitWinWin] gets hole card ['CA', 'H7'], current stack 955
player [Finneas] gets hole card ['D9', 'SA'], current stack 1672
player [YangZ] gets hole card ['C7', 'CT'], current stack 960
Started the round 13
Street "preflop" started. (community card = [])
"ZPlayer" declared "raise:15"
"Xun" declared "call:15"
"NitWinWin" declared "fold:0"
"Finneas" declared "call:15"
"YangZ" declared "fold:0"
Street "flop" started. (community card = ['C3', 'H8', 'HA'])
"Finneas" declared "call:0"
"ZPlayer" declared "raise:772"
"Xun" declared "fold:0"
"Finneas" declared "fold:0"
"['ZPlayer']" won the round 13 (stack = {'ZPlayer': 1075, 'Xun': 348, 'NitWinWin': 955, 'Finneas': 1662, 'YangZ': 960})
player [ZPlayer] gets hole card ['CK', 'S6'], current stack 1065
player [Xun] gets hole card ['S9', 'HK'], current stack 348
player [NitWinWin] gets hole card ['DA', 'HQ'], current stack 955
player [Finneas] gets hole card ['DQ', 'H3'], current stack 1662
player [YangZ] gets hole card ['CT', 'D5'], current stack 955
Started the round 14
Street "preflop" started. (community card = [])
"Xun" declared "call:10"
"NitWinWin" declared "fold:0"
"Finneas" declared "call:10"
"YangZ" declared "fold:0"
"ZPlayer" declared "call:10"
Street "flop" started. (community card = ['HA', 'S7', 'C6'])
"ZPlayer" declared "raise:10"
"Xun" declared "fold:0"
"Finneas" declared "call:10"
Street "turn" started. (community card = ['HA', 'S7', 'C6', 'C5'])
"ZPlayer" declared "call:0"
"Finneas" declared "call:0"
Street "river" started. (community card = ['HA', 'S7', 'C6', 'C5', 'C2'])
"ZPlayer" declared "call:0"
"Finneas" declared "call:0"
"['ZPlayer']" won the round 14 (stack = {'ZPlayer': 1110, 'Xun': 338, 'NitWinWin': 955, 'Finneas': 1642, 'YangZ': 955})
player [ZPlayer] gets hole card ['H4', 'C3'], current stack 1105
player [Xun] gets hole card ['CA', 'H9'], current stack 328
player [NitWinWin] gets hole card ['DA', 'SK'], current stack 955
player [Finneas] gets hole card ['D6', 'H5'], current stack 1642
player [YangZ] gets hole card ['S8', 'C4'], current stack 955
Started the round 15
Street "preflop" started. (community card = [])
"NitWinWin" declared "fold:0"
"Finneas" declared "call:10"
"YangZ" declared "fold:0"
"ZPlayer" declared "call:10"
"Xun" declared "call:10"
Street "flop" started. (community card = ['CT', 'HA', 'H8'])
"ZPlayer" declared "call:0"
"Xun" declared "call:0"
"Finneas" declared "call:0"
Street "turn" started. (community card = ['CT', 'HA', 'H8', 'DJ'])
"ZPlayer" declared "call:0"
"Xun" declared "call:0"
"Finneas" declared "call:0"
Street "river" started. (community card = ['CT', 'HA', 'H8', 'DJ', 'SQ'])
"ZPlayer" declared "call:0"
"Xun" declared "fold:0"
"Finneas" declared "call:0"
"['ZPlayer', 'Finneas']" won the round 15 (stack = {'ZPlayer': 1115, 'Xun': 328, 'NitWinWin': 955, 'Finneas': 1647, 'YangZ': 955})
player [ZPlayer] gets hole card ['CQ', 'SQ'], current stack 1115
player [Xun] gets hole card ['CK', 'H3'], current stack 323
player [NitWinWin] gets hole card ['SJ', 'S9'], current stack 945
player [Finneas] gets hole card ['C7', 'S8'], current stack 1647
player [YangZ] gets hole card ['H8', 'HQ'], current stack 955
Started the round 16
Street "preflop" started. (community card = [])
"Finneas" declared "call:10"
"YangZ" declared "fold:0"
"ZPlayer" declared "raise:15"
"Xun" declared "call:15"
"NitWinWin" declared "fold:0"
"Finneas" declared "call:15"
Street "flop" started. (community card = ['D6', 'DA', 'DJ'])
"Xun" declared "fold:0"
"Finneas" declared "call:0"
"ZPlayer" declared "raise:10"
"Finneas" declared "call:10"
Street "turn" started. (community card = ['D6', 'DA', 'DJ', 'DK'])
"Finneas" declared "call:0"
"ZPlayer" declared "call:0"
Street "river" started. (community card = ['D6', 'DA', 'DJ', 'DK', 'D2'])
"Finneas" declared "raise:816"
"ZPlayer" declared "fold:0"
"['Finneas']" won the round 16 (stack = {'ZPlayer': 1090, 'Xun': 313, 'NitWinWin': 945, 'Finneas': 1697, 'YangZ': 955})
player [ZPlayer] gets hole card ['ST', 'C7'], current stack 1090
player [Xun] gets hole card ['CJ', 'SA'], current stack 313
player [NitWinWin] gets hole card ['C4', 'HQ'], current stack 940
player [Finneas] gets hole card ['CQ', 'H4'], current stack 1687
player [YangZ] gets hole card ['S8', 'S4'], current stack 955
Started the round 17
Street "preflop" started. (community card = [])
"YangZ" declared "fold:0"
"ZPlayer" declared "call:10"
"Xun" declared "call:10"
"NitWinWin" declared "fold:0"
"Finneas" declared "call:10"
Street "flop" started. (community card = ['S2', 'HK', 'S6'])
"Finneas" declared "call:0"
"ZPlayer" declared "call:0"
"Xun" declared "fold:0"
Street "turn" started. (community card = ['S2', 'HK', 'S6', 'D8'])
"Finneas" declared "call:0"
"ZPlayer" declared "call:0"
Street "river" started. (community card = ['S2', 'HK', 'S6', 'D8', 'C6'])
"Finneas" declared "call:0"
"ZPlayer" declared "call:0"
"['Finneas']" won the round 17 (stack = {'ZPlayer': 1080, 'Xun': 303, 'NitWinWin': 940, 'Finneas': 1722, 'YangZ': 955})
player [ZPlayer] gets hole card ['C2', 'DA'], current stack 1080
player [Xun] gets hole card ['C5', 'C7'], current stack 303
player [NitWinWin] gets hole card ['CJ', 'H3'], current stack 940
player [Finneas] gets hole card ['CA', 'H7'], current stack 1717
player [YangZ] gets hole card ['C9', 'HK'], current stack 945
Started the round 18
Street "preflop" started. (community card = [])
"ZPlayer" declared "call:10"
"Xun" declared "call:10"
"NitWinWin" declared "fold:0"
"Finneas" declared "call:10"
"YangZ" declared "fold:0"
Street "flop" started. (community card = ['HT', 'CK', 'HA'])
"Finneas" declared "call:0"
"ZPlayer" declared "raise:471"
"Xun" declared "fold:0"
"Finneas" declared "fold:0"
"['ZPlayer']" won the round 18 (stack = {'ZPlayer': 1110, 'Xun': 293, 'NitWinWin': 940, 'Finneas': 1712, 'YangZ': 945})
player [ZPlayer] gets hole card ['H3', 'HK'], current stack 1100
player [Xun] gets hole card ['HT', 'S9'], current stack 293
player [NitWinWin] gets hole card ['S7', 'D2'], current stack 940
player [Finneas] gets hole card ['S6', 'H2'], current stack 1712
player [YangZ] gets hole card ['S8', 'C2'], current stack 940
Started the round 19
Street "preflop" started. (community card = [])
"Xun" declared "call:10"
"NitWinWin" declared "fold:0"
"Finneas" declared "call:10"
"YangZ" declared "fold:0"
"ZPlayer" declared "call:10"
Street "flop" started. (community card = ['H6', 'CA', 'DK'])
"ZPlayer" declared "raise:953"
"Xun" declared "fold:0"
"Finneas" declared "fold:0"
"['ZPlayer']" won the round 19 (stack = {'ZPlayer': 1135, 'Xun': 283, 'NitWinWin': 940, 'Finneas': 1702, 'YangZ': 940})
player [ZPlayer] gets hole card ['C4', 'C9'], current stack 1130
player [Xun] gets hole card ['DT', 'SJ'], current stack 273
player [NitWinWin] gets hole card ['S7', 'D8'], current stack 940
player [Finneas] gets hole card ['DJ', 'S3'], current stack 1702
player [YangZ] gets hole card ['H7', 'DQ'], current stack 940
Started the round 20
Street "preflop" started. (community card = [])
"NitWinWin" declared "fold:0"
"Finneas" declared "call:10"
"YangZ" declared "fold:0"
"ZPlayer" declared "call:10"
"Xun" declared "call:10"
Street "flop" started. (community card = ['C5', 'S2', 'CA'])
"ZPlayer" declared "raise:15"
"Xun" declared "fold:0"
"Finneas" declared "call:15"
Street "turn" started. (community card = ['C5', 'S2', 'CA', 'H3'])
"ZPlayer" declared "raise:60"
"Finneas" declared "fold:0"
"['ZPlayer']" won the round 20 (stack = {'ZPlayer': 1170, 'Xun': 273, 'NitWinWin': 940, 'Finneas': 1677, 'YangZ': 940})
player [ZPlayer] gets hole card ['D8', 'DK'], current stack 1170
player [Xun] gets hole card ['C4', 'ST'], current stack 268
player [NitWinWin] gets hole card ['S2', 'C5'], current stack 930
player [Finneas] gets hole card ['S6', 'CA'], current stack 1677
player [YangZ] gets hole card ['DA', 'CQ'], current stack 940
Started the round 21
Street "preflop" started. (community card = [])
"Finneas" declared "call:10"
"YangZ" declared "fold:0"
"ZPlayer" declared "raise:15"
"Xun" declared "call:15"
"NitWinWin" declared "fold:0"
"Finneas" declared "call:15"
Street "flop" started. (community card = ['DT', 'D9', 'CT'])
"Xun" declared "call:0"
"Finneas" declared "call:0"
"ZPlayer" declared "raise:27"
"Xun" declared "call:27"
"Finneas" declared "fold:0"
Street "turn" started. (community card = ['DT', 'D9', 'CT', 'D4'])
Error in respond_to_ask: 'int' object is not callable
"Xun" declared "fold:0"
"['ZPlayer']" won the round 21 (stack = {'ZPlayer': 1237, 'Xun': 231, 'NitWinWin': 930, 'Finneas': 1662, 'YangZ': 940})
player [ZPlayer] gets hole card ['CA', 'HK'], current stack 1237
player [Xun] gets hole card ['D3', 'H5'], current stack 231
player [NitWinWin] gets hole card ['DA', 'H8'], current stack 925
player [Finneas] gets hole card ['D9', 'CJ'], current stack 1652
player [YangZ] gets hole card ['DK', 'HT'], current stack 940
Started the round 22
Street "preflop" started. (community card = [])
"YangZ" declared "fold:0"
"ZPlayer" declared "raise:15"
"Xun" declared "call:15"
"NitWinWin" declared "fold:0"
"Finneas" declared "call:15"
Street "flop" started. (community card = ['C7', 'C5', 'C6'])
"Finneas" declared "call:0"
"ZPlayer" declared "raise:10"
"Xun" declared "fold:0"
"Finneas" declared "call:10"
Street "turn" started. (community card = ['C7', 'C5', 'C6', 'D6'])
"Finneas" declared "call:0"
"ZPlayer" declared "call:0"
Street "river" started. (community card = ['C7', 'C5', 'C6', 'D6', 'CT'])
"Finneas" declared "raise:823"
"ZPlayer" declared "call:823"
"['ZPlayer']" won the round 22 (stack = {'ZPlayer': 2105, 'Xun': 216, 'NitWinWin': 925, 'Finneas': 814, 'YangZ': 940})
player [ZPlayer] gets hole card ['SA', 'SJ'], current stack 2105
player [Xun] gets hole card ['HJ', 'S8'], current stack 216
player [NitWinWin] gets hole card ['C9', 'D8'], current stack 925
player [Finneas] gets hole card ['D9', 'C5'], current stack 809
player [YangZ] gets hole card ['C8', 'CA'], current stack 930
Started the round 23
Street "preflop" started. (community card = [])
"ZPlayer" declared "raise:15"
"Xun" declared "call:15"
"NitWinWin" declared "fold:0"
"Finneas" declared "call:15"
"YangZ" declared "fold:0"
Street "flop" started. (community card = ['HQ', 'H5', 'H7'])
"Finneas" declared "call:0"
"ZPlayer" declared "call:0"
"Xun" declared "call:0"
Street "turn" started. (community card = ['HQ', 'H5', 'H7', 'S3'])
"Finneas" declared "call:0"
"ZPlayer" declared "call:0"
"Xun" declared "fold:0"
Street "river" started. (community card = ['HQ', 'H5', 'H7', 'S3', 'DK'])
"Finneas" declared "call:0"
"ZPlayer" declared "call:0"
"['Finneas']" won the round 23 (stack = {'ZPlayer': 2090, 'Xun': 201, 'NitWinWin': 925, 'Finneas': 854, 'YangZ': 930})
player [ZPlayer] gets hole card ['H6', 'H4'], current stack 2080
player [Xun] gets hole card ['D5', 'SA'], current stack 201
player [NitWinWin] gets hole card ['C5', 'S7'], current stack 925
player [Finneas] gets hole card ['H9', 'D8'], current stack 854
player [YangZ] gets hole card ['D9', 'HT'], current stack 925
Started the round 24
Street "preflop" started. (community card = [])
"Xun" declared "call:10"
"NitWinWin" declared "fold:0"
"Finneas" declared "call:10"
"YangZ" declared "fold:0"
"ZPlayer" declared "raise:15"
"Xun" declared "call:15"
"Finneas" declared "call:15"
Street "flop" started. (community card = ['ST', 'DK', 'H3'])
"ZPlayer" declared "call:0"
"Xun" declared "fold:0"
"Finneas" declared "call:0"
Street "turn" started. (community card = ['ST', 'DK', 'H3', 'CA'])
"ZPlayer" declared "call:0"
"Finneas" declared "call:0"
Street "river" started. (community card = ['ST', 'DK', 'H3', 'CA', 'C2'])
"ZPlayer" declared "call:0"
"Finneas" declared "call:0"
"['Finneas']" won the round 24 (stack = {'ZPlayer': 2075, 'Xun': 186, 'NitWinWin': 925, 'Finneas': 889, 'YangZ': 925})
player [ZPlayer] gets hole card ['SK', 'CQ'], current stack 2070
player [Xun] gets hole card ['D6', 'DT'], current stack 176
player [NitWinWin] gets hole card ['H6', 'C3'], current stack 925
player [Finneas] gets hole card ['SQ', 'D7'], current stack 889
player [YangZ] gets hole card ['SJ', 'H3'], current stack 925
Started the round 25
Street "preflop" started. (community card = [])
"NitWinWin" declared "fold:0"
"Finneas" declared "call:10"
"YangZ" declared "fold:0"
"ZPlayer" declared "raise:15"
"Xun" declared "call:15"
"Finneas" declared "call:15"
Street "flop" started. (community card = ['H9', 'CA', 'C5'])
"ZPlayer" declared "raise:10"
"Xun" declared "fold:0"
"Finneas" declared "call:10"
Street "turn" started. (community card = ['H9', 'CA', 'C5', 'H5'])
"ZPlayer" declared "call:0"
"Finneas" declared "call:0"
Street "river" started. (community card = ['H9', 'CA', 'C5', 'H5', 'S9'])
"ZPlayer" declared "raise:10"
"Finneas" declared "call:10"
"['ZPlayer', 'Finneas']" won the round 25 (stack = {'ZPlayer': 2082, 'Xun': 171, 'NitWinWin': 925, 'Finneas': 896, 'YangZ': 925})
player [ZPlayer] gets hole card ['C7', 'D6'], current stack 2082
player [Xun] gets hole card ['S8', 'DJ'], current stack 166
player [NitWinWin] gets hole card ['H2', 'D7'], current stack 915
player [Finneas] gets hole card ['C9', 'SK'], current stack 896
player [YangZ] gets hole card ['H5', 'H8'], current stack 925
Started the round 26
Street "preflop" started. (community card = [])
"Finneas" declared "call:10"
"YangZ" declared "fold:0"
"ZPlayer" declared "raise:15"
"Xun" declared "call:15"
"NitWinWin" declared "fold:0"
"Finneas" declared "call:15"
Street "flop" started. (community card = ['C6', 'C3', 'S6'])
"Xun" declared "fold:0"
"Finneas" declared "call:0"
"ZPlayer" declared "raise:55"
"Finneas" declared "fold:0"
"['ZPlayer']" won the round 26 (stack = {'ZPlayer': 2122, 'Xun': 156, 'NitWinWin': 915, 'Finneas': 881, 'YangZ': 925})
player [ZPlayer] gets hole card ['C2', 'H3'], current stack 2122
player [Xun] gets hole card ['SJ', 'H6'], current stack 156
player [NitWinWin] gets hole card ['CT', 'D4'], current stack 910
player [Finneas] gets hole card ['S8', 'D5'], current stack 871
player [YangZ] gets hole card ['DA', 'S2'], current stack 925
Started the round 27
Street "preflop" started. (community card = [])
"YangZ" declared "fold:0"
"ZPlayer" declared "raise:15"
"Xun" declared "call:15"
"NitWinWin" declared "fold:0"
"Finneas" declared "call:15"
Street "flop" started. (community card = ['C6', 'HK', 'S3'])
"Finneas" declared "call:0"
"ZPlayer" declared "call:0"
"Xun" declared "call:0"
Street "turn" started. (community card = ['C6', 'HK', 'S3', 'H8'])
"Finneas" declared "call:0"
"ZPlayer" declared "call:0"
"Xun" declared "fold:0"
Street "river" started. (community card = ['C6', 'HK', 'S3', 'H8', 'C3'])
"Finneas" declared "call:0"
"ZPlayer" declared "raise:224"
"Finneas" declared "fold:0"
"['ZPlayer']" won the round 27 (stack = {'ZPlayer': 2157, 'Xun': 141, 'NitWinWin': 910, 'Finneas': 866, 'YangZ': 925})
player [ZPlayer] gets hole card ['HK', 'D8'], current stack 2157
player [Xun] gets hole card ['H8', 'HT'], current stack 141
player [NitWinWin] gets hole card ['S2', 'H7'], current stack 910
player [Finneas] gets hole card ['S9', 'SA'], current stack 861
player [YangZ] gets hole card ['HJ', 'C8'], current stack 915
Started the round 28
Street "preflop" started. (community card = [])
"ZPlayer" declared "raise:15"
"Xun" declared "call:15"
"NitWinWin" declared "fold:0"
"Finneas" declared "call:15"
"YangZ" declared "fold:0"
Street "flop" started. (community card = ['CJ', 'ST', 'S5'])
"Finneas" declared "call:0"
"ZPlayer" declared "call:0"
"Xun" declared "call:0"
Street "turn" started. (community card = ['CJ', 'ST', 'S5', 'S6'])
"Finneas" declared "raise:430"
"ZPlayer" declared "fold:0"
"Xun" declared "fold:0"
"['Finneas']" won the round 28 (stack = {'ZPlayer': 2142, 'Xun': 126, 'NitWinWin': 910, 'Finneas': 906, 'YangZ': 915})
player [ZPlayer] gets hole card ['DT', 'H7'], current stack 2132
player [Xun] gets hole card ['H2', 'HA'], current stack 126
player [NitWinWin] gets hole card ['DA', 'HT'], current stack 910
player [Finneas] gets hole card ['DJ', 'S4'], current stack 906
player [YangZ] gets hole card ['H8', 'H4'], current stack 910
Started the round 29
Street "preflop" started. (community card = [])
"Xun" declared "call:10"
"NitWinWin" declared "fold:0"
"Finneas" declared "call:10"
"YangZ" declared "fold:0"
"ZPlayer" declared "raise:15"
"Xun" declared "call:15"
"Finneas" declared "call:15"
Street "flop" started. (community card = ['CT', 'HQ', 'S8'])
"ZPlayer" declared "raise:25"
"Xun" declared "fold:0"
"Finneas" declared "fold:0"
"['ZPlayer']" won the round 29 (stack = {'ZPlayer': 2177, 'Xun': 111, 'NitWinWin': 910, 'Finneas': 891, 'YangZ': 910})
player [ZPlayer] gets hole card ['S6', 'SK'], current stack 2172
player [Xun] gets hole card ['DQ', 'C7'], current stack 101
player [NitWinWin] gets hole card ['SA', 'S4'], current stack 910
player [Finneas] gets hole card ['C9', 'SQ'], current stack 891
player [YangZ] gets hole card ['H5', 'CJ'], current stack 910
Started the round 30
Street "preflop" started. (community card = [])
"NitWinWin" declared "fold:0"
"Finneas" declared "call:10"
"YangZ" declared "fold:0"
"ZPlayer" declared "raise:15"
"Xun" declared "call:15"
"Finneas" declared "call:15"
Street "flop" started. (community card = ['D3', 'SJ', 'D7'])
"ZPlayer" declared "call:0"
"Xun" declared "call:0"
"Finneas" declared "call:0"
Street "turn" started. (community card = ['D3', 'SJ', 'D7', 'CA'])
"ZPlayer" declared "call:0"
"Xun" declared "fold:0"
"Finneas" declared "call:0"
Street "river" started. (community card = ['D3', 'SJ', 'D7', 'CA', 'S3'])
"ZPlayer" declared "raise:10"
"Finneas" declared "call:10"
"['ZPlayer']" won the round 30 (stack = {'ZPlayer': 2217, 'Xun': 96, 'NitWinWin': 910, 'Finneas': 866, 'YangZ': 910})
player [ZPlayer] gets hole card ['D7', 'HA'], current stack 2217
player [Xun] gets hole card ['HK', 'DJ'], current stack 91
player [NitWinWin] gets hole card ['H8', 'CQ'], current stack 900
player [Finneas] gets hole card ['HT', 'H5'], current stack 866
player [YangZ] gets hole card ['SK', 'CA'], current stack 910
Started the round 31
Street "preflop" started. (community card = [])
"Finneas" declared "call:10"
"YangZ" declared "fold:0"
"ZPlayer" declared "raise:15"
"Xun" declared "call:15"
"NitWinWin" declared "fold:0"
"Finneas" declared "call:15"
Street "flop" started. (community card = ['D3', 'C2', 'DK'])
"Xun" declared "call:0"
"Finneas" declared "call:0"
"ZPlayer" declared "call:0"
Street "turn" started. (community card = ['D3', 'C2', 'DK', 'CT'])
"Xun" declared "call:0"
"Finneas" declared "call:0"
"ZPlayer" declared "call:0"
Street "river" started. (community card = ['D3', 'C2', 'DK', 'CT', 'C6'])
"Xun" declared "fold:0"
"Finneas" declared "call:0"
"ZPlayer" declared "call:0"
"['Finneas']" won the round 31 (stack = {'ZPlayer': 2202, 'Xun': 81, 'NitWinWin': 900, 'Finneas': 906, 'YangZ': 910})
player [ZPlayer] gets hole card ['H7', 'HK'], current stack 2202
player [Xun] gets hole card ['HA', 'D8'], current stack 81
player [NitWinWin] gets hole card ['S3', 'C8'], current stack 895
player [Finneas] gets hole card ['C9', 'D9'], current stack 896
player [YangZ] gets hole card ['DQ', 'SK'], current stack 910
Started the round 32
Street "preflop" started. (community card = [])
"YangZ" declared "fold:0"
"ZPlayer" declared "raise:15"
"Xun" declared "call:15"
"NitWinWin" declared "fold:0"
"Finneas" declared "call:15"
Street "flop" started. (community card = ['S6', 'H8', 'DT'])
"Finneas" declared "call:0"
"ZPlayer" declared "call:0"
"Xun" declared "call:0"
Street "turn" started. (community card = ['S6', 'H8', 'DT', 'C4'])
"Finneas" declared "call:0"
"ZPlayer" declared "call:0"
"Xun" declared "fold:0"
Street "river" started. (community card = ['S6', 'H8', 'DT', 'C4', 'C6'])
"Finneas" declared "call:0"
"ZPlayer" declared "call:0"
"['Finneas']" won the round 32 (stack = {'ZPlayer': 2187, 'Xun': 66, 'NitWinWin': 895, 'Finneas': 941, 'YangZ': 910})
player [ZPlayer] gets hole card ['S3', 'D8'], current stack 2187
player [Xun] gets hole card ['DJ', 'H5'], current stack 66
player [NitWinWin] gets hole card ['S5', 'HQ'], current stack 895
player [Finneas] gets hole card ['CA', 'H9'], current stack 936
player [YangZ] gets hole card ['D2', 'ST'], current stack 900
Started the round 33
Street "preflop" started. (community card = [])
"ZPlayer" declared "raise:15"
"Xun" declared "call:15"
"NitWinWin" declared "fold:0"
"Finneas" declared "call:15"
"YangZ" declared "fold:0"
Street "flop" started. (community card = ['S8', 'C7', 'H6'])
"Finneas" declared "call:0"
"ZPlayer" declared "raise:10"
"Xun" declared "call:10"
"Finneas" declared "call:10"
Street "turn" started. (community card = ['S8', 'C7', 'H6', 'DQ'])
"Finneas" declared "call:0"
"ZPlayer" declared "raise:10"
"Xun" declared "fold:0"
"Finneas" declared "call:10"
Street "river" started. (community card = ['S8', 'C7', 'H6', 'DQ', 'CJ'])
"Finneas" declared "call:0"
"ZPlayer" declared "call:0"
"['ZPlayer']" won the round 33 (stack = {'ZPlayer': 2257, 'Xun': 41, 'NitWinWin': 895, 'Finneas': 906, 'YangZ': 900})
player [ZPlayer] gets hole card ['C4', 'D5'], current stack 2247
player [Xun] gets hole card ['DQ', 'ST'], current stack 41
player [NitWinWin] gets hole card ['CQ', 'S6'], current stack 895
player [Finneas] gets hole card ['C8', 'CJ'], current stack 906
player [YangZ] gets hole card ['C6', 'HT'], current stack 895
Started the round 34
Street "preflop" started. (community card = [])
"Xun" declared "call:10"
"NitWinWin" declared "fold:0"
"Finneas" declared "call:10"
"YangZ" declared "fold:0"
"ZPlayer" declared "raise:15"
"Xun" declared "call:15"
"Finneas" declared "call:15"
Street "flop" started. (community card = ['H3', 'D9', 'H2'])
"ZPlayer" declared "call:0"
"Xun" declared "fold:0"
"Finneas" declared "call:0"
Street "turn" started. (community card = ['H3', 'D9', 'H2', 'C5'])
"ZPlayer" declared "raise:10"
"Finneas" declared "call:10"
Street "river" started. (community card = ['H3', 'D9', 'H2', 'C5', 'H7'])
"ZPlayer" declared "call:0"
"Finneas" declared "call:0"
"['ZPlayer']" won the round 34 (stack = {'ZPlayer': 2302, 'Xun': 26, 'NitWinWin': 895, 'Finneas': 881, 'YangZ': 895})
player [ZPlayer] gets hole card ['S4', 'D6'], current stack 2297
player [Xun] gets hole card ['D3', 'CQ'], current stack 16
player [NitWinWin] gets hole card ['DJ', 'DT'], current stack 895
player [Finneas] gets hole card ['HT', 'S6'], current stack 881
player [YangZ] gets hole card ['H9', 'H4'], current stack 895
Started the round 35
Street "preflop" started. (community card = [])
"NitWinWin" declared "fold:0"
"Finneas" declared "call:10"
"YangZ" declared "fold:0"
"ZPlayer" declared "raise:15"
"Xun" declared "call:15"
"Finneas" declared "call:15"
Street "flop" started. (community card = ['H2', 'SK', 'S5'])
"ZPlayer" declared "call:0"
"Xun" declared "fold:0"
"Finneas" declared "call:0"
Street "turn" started. (community card = ['H2', 'SK', 'S5', 'ST'])
"ZPlayer" declared "call:0"
"Finneas" declared "call:0"
Street "river" started. (community card = ['H2', 'SK', 'S5', 'ST', 'SA'])
"ZPlayer" declared "raise:22"
"Finneas" declared "raise:455"
"ZPlayer" declared "fold:0"
"['Finneas']" won the round 35 (stack = {'ZPlayer': 2265, 'Xun': 11, 'NitWinWin': 895, 'Finneas': 933, 'YangZ': 895})
player [ZPlayer] gets hole card ['D2', 'S4'], current stack 2265
player [Xun] gets hole card ['H8', 'HT'], current stack 6
player [NitWinWin] gets hole card ['CA', 'S9'], current stack 885
player [Finneas] gets hole card ['C8', 'S7'], current stack 933
player [YangZ] gets hole card ['C7', 'HJ'], current stack 895
Started the round 36
Street "preflop" started. (community card = [])
"Finneas" declared "call:10"
"YangZ" declared "fold:0"
"ZPlayer" declared "raise:15"
"Xun" declared "call:15"
"NitWinWin" declared "fold:0"
"Finneas" declared "call:15"
Street "flop" started. (community card = ['S6', 'H4', 'S2'])
"Finneas" declared "call:0"
"ZPlayer" declared "raise:1584"
"Finneas" declared "fold:0"
Street "turn" started. (community card = ['S6', 'H4', 'S2', 'CK'])
Street "river" started. (community card = ['S6', 'H4', 'S2', 'CK', 'DT'])
"['ZPlayer']" won the round 36 (stack = {'ZPlayer': 2301, 'Xun': 0, 'NitWinWin': 885, 'Finneas': 918, 'YangZ': 895})
player [ZPlayer] gets hole card ['H2', 'DJ'], current stack 2301
player [NitWinWin] gets hole card ['S8', 'S2'], current stack 885
player [Finneas] gets hole card ['CJ', 'DQ'], current stack 913
player [YangZ] gets hole card ['D6', 'S7'], current stack 885
Started the round 37
Street "preflop" started. (community card = [])
"ZPlayer" declared "raise:15"
"NitWinWin" declared "fold:0"
"Finneas" declared "call:15"
"YangZ" declared "fold:0"
Street "flop" started. (community card = ['H7', 'D9', 'HA'])
"Finneas" declared "call:0"
"ZPlayer" declared "call:0"
Street "turn" started. (community card = ['H7', 'D9', 'HA', 'S4'])
"Finneas" declared "call:0"
"ZPlayer" declared "call:0"
Street "river" started. (community card = ['H7', 'D9', 'HA', 'S4', 'S6'])
"Finneas" declared "call:0"
"ZPlayer" declared "call:0"
"['Finneas']" won the round 37 (stack = {'ZPlayer': 2286, 'Xun': 0, 'NitWinWin': 885, 'Finneas': 943, 'YangZ': 885})
player [ZPlayer] gets hole card ['C5', 'D8'], current stack 2276
player [NitWinWin] gets hole card ['C9', 'DA'], current stack 885
player [Finneas] gets hole card ['HJ', 'D7'], current stack 943
player [YangZ] gets hole card ['H7', 'H6'], current stack 880
Started the round 38
Street "preflop" started. (community card = [])
"NitWinWin" declared "fold:0"
"Finneas" declared "call:10"
"YangZ" declared "fold:0"
"ZPlayer" declared "raise:15"
"Finneas" declared "call:15"
Street "flop" started. (community card = ['SK', 'HK', 'CQ'])
"ZPlayer" declared "call:0"
"Finneas" declared "call:0"
Street "turn" started. (community card = ['SK', 'HK', 'CQ', 'SA'])
"ZPlayer" declared "call:0"
"Finneas" declared "call:0"
Street "river" started. (community card = ['SK', 'HK', 'CQ', 'SA', 'CA'])
"ZPlayer" declared "raise:10"
"Finneas" declared "call:10"
"['ZPlayer', 'Finneas']" won the round 38 (stack = {'ZPlayer': 2288, 'Xun': 0, 'NitWinWin': 885, 'Finneas': 945, 'YangZ': 880})
player [ZPlayer] gets hole card ['S5', 'DT'], current stack 2283
player [NitWinWin] gets hole card ['S7', 'H4'], current stack 875
player [Finneas] gets hole card ['D7', 'S4'], current stack 945
player [YangZ] gets hole card ['CT', 'DQ'], current stack 880
Started the round 39
Street "preflop" started. (community card = [])
"Finneas" declared "call:10"
"YangZ" declared "fold:0"
"ZPlayer" declared "raise:15"
"NitWinWin" declared "fold:0"
"Finneas" declared "call:15"
Street "flop" started. (community card = ['SJ', 'CK', 'CA'])
"ZPlayer" declared "call:0"
"Finneas" declared "call:0"
Street "turn" started. (community card = ['SJ', 'CK', 'CA', 'D5'])
"ZPlayer" declared "raise:10"
"Finneas" declared "call:10"
Street "river" started. (community card = ['SJ', 'CK', 'CA', 'D5', 'C3'])
"ZPlayer" declared "call:0"
"Finneas" declared "call:0"
"['ZPlayer']" won the round 39 (stack = {'ZPlayer': 2323, 'Xun': 0, 'NitWinWin': 875, 'Finneas': 920, 'YangZ': 880})
player [ZPlayer] gets hole card ['C5', 'D9'], current stack 2323
player [NitWinWin] gets hole card ['ST', 'H4'], current stack 870
player [Finneas] gets hole card ['HJ', 'DJ'], current stack 910
player [YangZ] gets hole card ['SJ', 'H2'], current stack 880
Started the round 40
Street "preflop" started. (community card = [])
"YangZ" declared "fold:0"
"ZPlayer" declared "raise:15"
"NitWinWin" declared "fold:0"
"Finneas" declared "call:15"
Street "flop" started. (community card = ['HA', 'SQ', 'S5'])
"Finneas" declared "call:0"
"ZPlayer" declared "call:0"
Street "turn" started. (community card = ['HA', 'SQ', 'S5', 'D4'])
"Finneas" declared "call:0"
"ZPlayer" declared "call:0"
Street "river" started. (community card = ['HA', 'SQ', 'S5', 'D4', 'H9'])
"Finneas" declared "call:0"
"ZPlayer" declared "raise:234"
"Finneas" declared "fold:0"
"['ZPlayer']" won the round 40 (stack = {'ZPlayer': 2343, 'Xun': 0, 'NitWinWin': 870, 'Finneas': 905, 'YangZ': 880})
player [ZPlayer] gets hole card ['H7', 'SJ'], current stack 2343
player [NitWinWin] gets hole card ['HT', 'S6'], current stack 870
player [Finneas] gets hole card ['C7', 'C2'], current stack 900
player [YangZ] gets hole card ['H6', 'DJ'], current stack 870
Started the round 41
Street "preflop" started. (community card = [])
"ZPlayer" declared "raise:15"
"NitWinWin" declared "fold:0"
"Finneas" declared "call:15"
"YangZ" declared "fold:0"
Street "flop" started. (community card = ['SK', 'S7', 'HK'])
"Finneas" declared "call:0"
"ZPlayer" declared "raise:10"
"Finneas" declared "call:10"
Street "turn" started. (community card = ['SK', 'S7', 'HK', 'HA'])
"Finneas" declared "call:0"
"ZPlayer" declared "raise:10"
"Finneas" declared "call:10"
Street "river" started. (community card = ['SK', 'S7', 'HK', 'HA', 'D9'])
"Finneas" declared "call:0"
"ZPlayer" declared "raise:10"
"Finneas" declared "call:10"
"['ZPlayer', 'Finneas']" won the round 41 (stack = {'ZPlayer': 2348, 'Xun': 0, 'NitWinWin': 870, 'Finneas': 910, 'YangZ': 870})
player [ZPlayer] gets hole card ['S6', 'HQ'], current stack 2338
player [NitWinWin] gets hole card ['S3', 'SA'], current stack 870
player [Finneas] gets hole card ['D2', 'C9'], current stack 910
player [YangZ] gets hole card ['ST', 'H6'], current stack 865
Started the round 42
Street "preflop" started. (community card = [])
"NitWinWin" declared "fold:0"
"Finneas" declared "call:10"
"YangZ" declared "fold:0"
"ZPlayer" declared "raise:15"
"Finneas" declared "call:15"
Street "flop" started. (community card = ['HT', 'SK', 'D4'])
"ZPlayer" declared "call:0"
"Finneas" declared "call:0"
Street "turn" started. (community card = ['HT', 'SK', 'D4', 'C3'])
"ZPlayer" declared "call:0"
"Finneas" declared "call:0"
Street "river" started. (community card = ['HT', 'SK', 'D4', 'C3', 'S4'])
"ZPlayer" declared "call:0"
"Finneas" declared "call:0"
"['ZPlayer']" won the round 42 (stack = {'ZPlayer': 2368, 'Xun': 0, 'NitWinWin': 870, 'Finneas': 895, 'YangZ': 865})
player [ZPlayer] gets hole card ['C2', 'DA'], current stack 2363
player [NitWinWin] gets hole card ['D5', 'CK'], current stack 860
player [Finneas] gets hole card ['SQ', 'CJ'], current stack 895
player [YangZ] gets hole card ['DJ', 'C4'], current stack 865
Started the round 43
Street "preflop" started. (community card = [])
"Finneas" declared "call:10"
"YangZ" declared "fold:0"
"ZPlayer" declared "raise:15"
"NitWinWin" declared "fold:0"
"Finneas" declared "call:15"
Street "flop" started. (community card = ['D9', 'DK', 'S8'])
"ZPlayer" declared "call:0"
"Finneas" declared "call:0"
Street "turn" started. (community card = ['D9', 'DK', 'S8', 'H7'])
"ZPlayer" declared "call:0"
"Finneas" declared "call:0"
Street "river" started. (community card = ['D9', 'DK', 'S8', 'H7', 'SK'])
"ZPlayer" declared "call:0"
"Finneas" declared "call:0"
"['ZPlayer']" won the round 43 (stack = {'ZPlayer': 2393, 'Xun': 0, 'NitWinWin': 860, 'Finneas': 880, 'YangZ': 865})
player [ZPlayer] gets hole card ['D7', 'S8'], current stack 2393
player [NitWinWin] gets hole card ['CQ', 'D4'], current stack 855
player [Finneas] gets hole card ['ST', 'C3'], current stack 870
player [YangZ] gets hole card ['CJ', 'HQ'], current stack 865
Started the round 44
Street "preflop" started. (community card = [])
"YangZ" declared "fold:0"
"ZPlayer" declared "raise:15"
"NitWinWin" declared "fold:0"
"Finneas" declared "call:15"
Street "flop" started. (community card = ['CK', 'HA', 'D8'])
"Finneas" declared "call:0"
"ZPlayer" declared "raise:10"
"Finneas" declared "call:10"
Street "turn" started. (community card = ['CK', 'HA', 'D8', 'HJ'])
"Finneas" declared "call:0"
"ZPlayer" declared "call:0"
Street "river" started. (community card = ['CK', 'HA', 'D8', 'HJ', 'S2'])
"Finneas" declared "call:0"
"ZPlayer" declared "call:0"
"['ZPlayer']" won the round 44 (stack = {'ZPlayer': 2423, 'Xun': 0, 'NitWinWin': 855, 'Finneas': 855, 'YangZ': 865})
player [ZPlayer] gets hole card ['DA', 'D2'], current stack 2423
player [NitWinWin] gets hole card ['H2', 'C5'], current stack 855
player [Finneas] gets hole card ['D5', 'DK'], current stack 850
player [YangZ] gets hole card ['C8', 'D4'], current stack 855
Started the round 45
Street "preflop" started. (community card = [])
"ZPlayer" declared "raise:15"
"NitWinWin" declared "fold:0"
"Finneas" declared "call:15"
"YangZ" declared "fold:0"
Street "flop" started. (community card = ['C7', 'HA', 'H4'])
"Finneas" declared "call:0"
"ZPlayer" declared "raise:10"
"Finneas" declared "call:10"
Street "turn" started. (community card = ['C7', 'HA', 'H4', 'HQ'])
"Finneas" declared "call:0"
"ZPlayer" declared "raise:10"
"Finneas" declared "call:10"
Street "river" started. (community card = ['C7', 'HA', 'H4', 'HQ', 'DT'])
"Finneas" declared "call:0"
"ZPlayer" declared "raise:40"
"Finneas" declared "fold:0"
"['ZPlayer']" won the round 45 (stack = {'ZPlayer': 2468, 'Xun': 0, 'NitWinWin': 855, 'Finneas': 820, 'YangZ': 855})
player [ZPlayer] gets hole card ['DJ', 'C8'], current stack 2458
player [NitWinWin] gets hole card ['CQ', 'SJ'], current stack 855
player [Finneas] gets hole card ['C5', 'CK'], current stack 820
player [YangZ] gets hole card ['S8', 'DK'], current stack 850
Started the round 46
Street "preflop" started. (community card = [])
"NitWinWin" declared "fold:0"
"Finneas" declared "call:10"
"YangZ" declared "fold:0"
"ZPlayer" declared "raise:15"
"Finneas" declared "call:15"
Street "flop" started. (community card = ['C6', 'CA', 'D7'])
"ZPlayer" declared "call:0"
"Finneas" declared "call:0"
Street "turn" started. (community card = ['C6', 'CA', 'D7', 'C2'])
"ZPlayer" declared "call:0"
"Finneas" declared "raise:407"
"ZPlayer" declared "fold:0"
"['Finneas']" won the round 46 (stack = {'ZPlayer': 2453, 'Xun': 0, 'NitWinWin': 855, 'Finneas': 840, 'YangZ': 850})
player [ZPlayer] gets hole card ['CK', 'S8'], current stack 2448
player [NitWinWin] gets hole card ['DK', 'HQ'], current stack 845
player [Finneas] gets hole card ['C3', 'SJ'], current stack 840
player [YangZ] gets hole card ['DT', 'CJ'], current stack 850
Started the round 47
Street "preflop" started. (community card = [])
"Finneas" declared "call:10"
"YangZ" declared "fold:0"
"ZPlayer" declared "raise:15"
"NitWinWin" declared "fold:0"
"Finneas" declared "call:15"
Street "flop" started. (community card = ['C9', 'H8', 'S7'])
"ZPlayer" declared "raise:10"
"Finneas" declared "call:10"
Street "turn" started. (community card = ['C9', 'H8', 'S7', 'CQ'])
"ZPlayer" declared "call:0"
"Finneas" declared "call:0"
Street "river" started. (community card = ['C9', 'H8', 'S7', 'CQ', 'SK'])
"ZPlayer" declared "raise:1061"
"Finneas" declared "fold:0"
"['ZPlayer']" won the round 47 (stack = {'ZPlayer': 2488, 'Xun': 0, 'NitWinWin': 845, 'Finneas': 815, 'YangZ': 850})
player [ZPlayer] gets hole card ['DA', 'S9'], current stack 2488
player [NitWinWin] gets hole card ['C8', 'S8'], current stack 840
player [Finneas] gets hole card ['DJ', 'CT'], current stack 805
player [YangZ] gets hole card ['SQ', 'D8'], current stack 850
Started the round 48
Street "preflop" started. (community card = [])
"YangZ" declared "fold:0"
"ZPlayer" declared "raise:15"
"NitWinWin" declared "fold:0"
"Finneas" declared "call:15"
Street "flop" started. (community card = ['C2', 'SA', 'SK'])
"Finneas" declared "call:0"
"ZPlayer" declared "raise:17"
"Finneas" declared "call:17"
Street "turn" started. (community card = ['C2', 'SA', 'SK', 'HK'])
"Finneas" declared "call:0"
"ZPlayer" declared "raise:34"
"Finneas" declared "fold:0"
"['ZPlayer']" won the round 48 (stack = {'ZPlayer': 2525, 'Xun': 0, 'NitWinWin': 840, 'Finneas': 783, 'YangZ': 850})
player [ZPlayer] gets hole card ['S7', 'C3'], current stack 2525
player [NitWinWin] gets hole card ['C7', 'C5'], current stack 840
player [Finneas] gets hole card ['H3', 'DT'], current stack 778
player [YangZ] gets hole card ['SQ', 'S4'], current stack 840
Started the round 49
Street "preflop" started. (community card = [])
"ZPlayer" declared "raise:15"
"NitWinWin" declared "fold:0"
"Finneas" declared "call:15"
"YangZ" declared "fold:0"
Street "flop" started. (community card = ['DQ', 'D5', 'D7'])
"Finneas" declared "call:0"
"ZPlayer" declared "call:0"
Street "turn" started. (community card = ['DQ', 'D5', 'D7', 'CK'])
"Finneas" declared "call:0"
"ZPlayer" declared "call:0"
Street "river" started. (community card = ['DQ', 'D5', 'D7', 'CK', 'C9'])
"Finneas" declared "call:0"
"ZPlayer" declared "call:0"
"['ZPlayer']" won the round 49 (stack = {'ZPlayer': 2550, 'Xun': 0, 'NitWinWin': 840, 'Finneas': 768, 'YangZ': 840})
player [ZPlayer] gets hole card ['SQ', 'DT'], current stack 2540
player [NitWinWin] gets hole card ['DQ', 'DK'], current stack 840
player [Finneas] gets hole card ['D9', 'D5'], current stack 768
player [YangZ] gets hole card ['CJ', 'H9'], current stack 835
Started the round 50
Street "preflop" started. (community card = [])
"NitWinWin" declared "fold:0"
"Finneas" declared "call:10"
"YangZ" declared "fold:0"
"ZPlayer" declared "raise:15"
"Finneas" declared "call:15"
Street "flop" started. (community card = ['S5', 'D6', 'CK'])
"ZPlayer" declared "call:0"
"Finneas" declared "call:0"
Street "turn" started. (community card = ['S5', 'D6', 'CK', 'S7'])
"ZPlayer" declared "call:0"
"Finneas" declared "call:0"
Street "river" started. (community card = ['S5', 'D6', 'CK', 'S7', 'S6'])
"ZPlayer" declared "call:0"
"Finneas" declared "call:0"
"['Finneas']" won the round 50 (stack = {'ZPlayer': 2535, 'Xun': 0, 'NitWinWin': 840, 'Finneas': 788, 'YangZ': 835})

Game Results:
------------------------------------------------------------
Game 1:
Winner: ZPlayer (stack: 2535)
All players' stacks:
  ZPlayer: 2535
  Xun: 0
  NitWinWin: 840
  Finneas: 788
  YangZ: 835
------------------------------------------------------------
