player [ZPlayer] gets hole card ['S5', 'CJ'], current stack 1000
player [Xun] gets hole card ['C2', 'HJ'], current stack 995
player [NitWinWin] gets hole card ['C8', 'S9'], current stack 990
player [Finneas] gets hole card ['DJ', 'SK'], current stack 1000
player [YangZ] gets hole card ['DT', 'D4'], current stack 1000
Started the round 1
Street "preflop" started. (community card = [])
"Finneas" declared "call:10"
"YangZ" declared "fold:0"
"ZPlayer" declared "call:10"
"Xun" declared "call:10"
"NitWinWin" declared "fold:0"
Street "flop" started. (community card = ['S3', 'D7', 'H5'])
"Xun" declared "fold:0"
"Finneas" declared "call:0"
"ZPlayer" declared "raise:10"
"Finneas" declared "call:10"
Street "turn" started. (community card = ['S3', 'D7', 'H5', 'H6'])
"Finneas" declared "call:0"
"ZPlayer" declared "call:0"
Street "river" started. (community card = ['S3', 'D7', 'H5', 'H6', 'CT'])
"Finneas" declared "call:0"
"ZPlayer" declared "call:0"
"['ZPlayer']" won the round 1 (stack = {'ZPlayer': 1040, 'Xun': 990, 'NitWinWin': 990, 'Finneas': 980, 'YangZ': 1000})
player [ZPlayer] gets hole card ['HJ', 'CT'], current stack 1040
player [Xun] gets hole card ['DA', 'SJ'], current stack 990
player [NitWinWin] gets hole card ['C2', 'S6'], current stack 985
player [Finneas] gets hole card ['S2', 'D4'], current stack 970
player [YangZ] gets hole card ['DK', 'H5'], current stack 1000
Started the round 2
Street "preflop" started. (community card = [])
"YangZ" declared "fold:0"
"ZPlayer" declared "raise:15"
"Xun" declared "call:15"
"NitWinWin" declared "fold:0"
"Finneas" declared "call:15"
Street "flop" started. (community card = ['DQ', 'H6', 'C5'])
"Finneas" declared "call:0"
"ZPlayer" declared "call:0"
"Xun" declared "fold:0"
Street "turn" started. (community card = ['DQ', 'H6', 'C5', 'CK'])
"Finneas" declared "call:0"
"ZPlayer" declared "call:0"
Street "river" started. (community card = ['DQ', 'H6', 'C5', 'CK', 'D8'])
"Finneas" declared "call:0"
"ZPlayer" declared "call:0"
"['ZPlayer']" won the round 2 (stack = {'ZPlayer': 1075, 'Xun': 975, 'NitWinWin': 985, 'Finneas': 965, 'YangZ': 1000})
player [ZPlayer] gets hole card ['HQ', 'S7'], current stack 1075
player [Xun] gets hole card ['CA', 'DA'], current stack 975
player [NitWinWin] gets hole card ['D7', 'C5'], current stack 985
player [Finneas] gets hole card ['SJ', 'CT'], current stack 960
player [YangZ] gets hole card ['C2', 'H6'], current stack 990
Started the round 3
Street "preflop" started. (community card = [])
"ZPlayer" declared "fold:0"
"Xun" declared "call:10"
"NitWinWin" declared "fold:0"
"Finneas" declared "call:10"
"YangZ" declared "fold:0"
Street "flop" started. (community card = ['H2', 'H4', 'HT'])
"Finneas" declared "call:0"
"Xun" declared "call:0"
Street "turn" started. (community card = ['H2', 'H4', 'HT', 'S8'])
"Finneas" declared "call:0"
"Xun" declared "call:0"
Street "river" started. (community card = ['H2', 'H4', 'HT', 'S8', 'HJ'])
"Finneas" declared "call:0"
"Xun" declared "fold:0"
"['Finneas']" won the round 3 (stack = {'ZPlayer': 1075, 'Xun': 965, 'NitWinWin': 985, 'Finneas': 985, 'YangZ': 990})
player [ZPlayer] gets hole card ['D5', 'C9'], current stack 1065
player [Xun] gets hole card ['D3', 'HA'], current stack 965
player [NitWinWin] gets hole card ['S2', 'SQ'], current stack 985
player [Finneas] gets hole card ['SJ', 'C5'], current stack 985
player [YangZ] gets hole card ['H2', 'CQ'], current stack 985
Started the round 4
Street "preflop" started. (community card = [])
"Xun" declared "call:10"
"NitWinWin" declared "fold:0"
"Finneas" declared "call:10"
"YangZ" declared "fold:0"
"ZPlayer" declared "call:10"
Street "flop" started. (community card = ['H9', 'S3', 'C3'])
"ZPlayer" declared "raise:403"
"Xun" declared "raise:825"
"Finneas" declared "fold:0"
"ZPlayer" declared "call:825"
Street "turn" started. (community card = ['H9', 'S3', 'C3', 'D9'])
"ZPlayer" declared "call:0"
"Xun" declared "call:0"
Street "river" started. (community card = ['H9', 'S3', 'C3', 'D9', 'DQ'])
"ZPlayer" declared "call:0"
"Xun" declared "call:0"
"['ZPlayer']" won the round 4 (stack = {'ZPlayer': 1925, 'Xun': 130, 'NitWinWin': 985, 'Finneas': 975, 'YangZ': 985})
player [ZPlayer] gets hole card ['H3', 'D8'], current stack 1920
player [Xun] gets hole card ['D7', 'HJ'], current stack 120
player [NitWinWin] gets hole card ['D9', 'H5'], current stack 985
player [Finneas] gets hole card ['C4', 'H2'], current stack 975
player [YangZ] gets hole card ['DA', 'C9'], current stack 985
Started the round 5
Street "preflop" started. (community card = [])
"NitWinWin" declared "fold:0"
"Finneas" declared "call:10"
"YangZ" declared "fold:0"
"ZPlayer" declared "raise:15"
"Xun" declared "call:15"
"Finneas" declared "call:15"
Street "flop" started. (community card = ['CK', 'S3', 'CT'])
"ZPlayer" declared "raise:10"
"Xun" declared "fold:0"
"Finneas" declared "call:10"
Street "turn" started. (community card = ['CK', 'S3', 'CT', 'HA'])
"ZPlayer" declared "call:0"
"Finneas" declared "call:0"
Street "river" started. (community card = ['CK', 'S3', 'CT', 'HA', 'SQ'])
"ZPlayer" declared "call:0"
"Finneas" declared "call:0"
"['ZPlayer']" won the round 5 (stack = {'ZPlayer': 1965, 'Xun': 115, 'NitWinWin': 985, 'Finneas': 950, 'YangZ': 985})
player [ZPlayer] gets hole card ['HK', 'HQ'], current stack 1965
player [Xun] gets hole card ['S3', 'H4'], current stack 110
player [NitWinWin] gets hole card ['H8', 'H2'], current stack 975
player [Finneas] gets hole card ['ST', 'DJ'], current stack 950
player [YangZ] gets hole card ['H5', 'C9'], current stack 985
Started the round 6
Street "preflop" started. (community card = [])
"Finneas" declared "call:10"
"YangZ" declared "fold:0"
"ZPlayer" declared "raise:15"
"Xun" declared "call:15"
"NitWinWin" declared "fold:0"
"Finneas" declared "call:15"
Street "flop" started. (community card = ['C8', 'C5', 'CJ'])
"Xun" declared "fold:0"
"Finneas" declared "call:0"
"ZPlayer" declared "call:0"
Street "turn" started. (community card = ['C8', 'C5', 'CJ', 'S9'])
"Finneas" declared "call:0"
"ZPlayer" declared "call:0"
Street "river" started. (community card = ['C8', 'C5', 'CJ', 'S9', 'S5'])
"Finneas" declared "call:0"
"ZPlayer" declared "call:0"
"['Finneas']" won the round 6 (stack = {'ZPlayer': 1950, 'Xun': 100, 'NitWinWin': 975, 'Finneas': 990, 'YangZ': 985})
player [ZPlayer] gets hole card ['HT', 'S9'], current stack 1950
player [Xun] gets hole card ['D2', 'C2'], current stack 100
player [NitWinWin] gets hole card ['HK', 'D6'], current stack 970
player [Finneas] gets hole card ['C3', 'SQ'], current stack 980
player [YangZ] gets hole card ['SJ', 'H6'], current stack 985
Started the round 7
Street "preflop" started. (community card = [])
"YangZ" declared "fold:0"
"ZPlayer" declared "raise:15"
"Xun" declared "call:15"
"NitWinWin" declared "fold:0"
"Finneas" declared "call:15"
Street "flop" started. (community card = ['CT', 'D9', 'C5'])
"Finneas" declared "call:0"
"ZPlayer" declared "raise:50"
"Xun" declared "fold:0"
"Finneas" declared "fold:0"
"['ZPlayer']" won the round 7 (stack = {'ZPlayer': 1985, 'Xun': 85, 'NitWinWin': 970, 'Finneas': 975, 'YangZ': 985})
player [ZPlayer] gets hole card ['D3', 'C7'], current stack 1985
player [Xun] gets hole card ['D7', 'C9'], current stack 85
player [NitWinWin] gets hole card ['H2', 'D2'], current stack 970
player [Finneas] gets hole card ['H4', 'DA'], current stack 970
player [YangZ] gets hole card ['DT', 'S3'], current stack 975
Started the round 8
Street "preflop" started. (community card = [])
"ZPlayer" declared "raise:15"
"Xun" declared "call:15"
"NitWinWin" declared "fold:0"
"Finneas" declared "call:15"
"YangZ" declared "fold:0"
Street "flop" started. (community card = ['H9', 'D9', 'DJ'])
"Finneas" declared "call:0"
"ZPlayer" declared "call:0"
"Xun" declared "call:0"
Street "turn" started. (community card = ['H9', 'D9', 'DJ', 'H6'])
"Finneas" declared "call:0"
"ZPlayer" declared "call:0"
"Xun" declared "call:0"
Street "river" started. (community card = ['H9', 'D9', 'DJ', 'H6', 'S2'])
"Finneas" declared "call:0"
"ZPlayer" declared "call:0"
"Xun" declared "call:0"
"['Xun']" won the round 8 (stack = {'ZPlayer': 1970, 'Xun': 125, 'NitWinWin': 970, 'Finneas': 960, 'YangZ': 975})
player [ZPlayer] gets hole card ['D6', 'S3'], current stack 1960
player [Xun] gets hole card ['D3', 'H2'], current stack 125
player [NitWinWin] gets hole card ['S9', 'C9'], current stack 970
player [Finneas] gets hole card ['C4', 'C8'], current stack 960
player [YangZ] gets hole card ['CT', 'H7'], current stack 970
Started the round 9
Street "preflop" started. (community card = [])
"Xun" declared "call:10"
"NitWinWin" declared "fold:0"
"Finneas" declared "call:10"
"YangZ" declared "fold:0"
"ZPlayer" declared "call:10"
Street "flop" started. (community card = ['HK', 'S7', 'CJ'])
"ZPlayer" declared "call:0"
"Xun" declared "fold:0"
"Finneas" declared "call:0"
Street "turn" started. (community card = ['HK', 'S7', 'CJ', 'H8'])
"ZPlayer" declared "call:0"
"Finneas" declared "call:0"
Street "river" started. (community card = ['HK', 'S7', 'CJ', 'H8', 'D5'])
"ZPlayer" declared "call:0"
"Finneas" declared "call:0"
"['Finneas']" won the round 9 (stack = {'ZPlayer': 1960, 'Xun': 115, 'NitWinWin': 970, 'Finneas': 985, 'YangZ': 970})
player [ZPlayer] gets hole card ['H9', 'H4'], current stack 1955
player [Xun] gets hole card ['H2', 'C6'], current stack 105
player [NitWinWin] gets hole card ['DA', 'C9'], current stack 970
player [Finneas] gets hole card ['S5', 'SJ'], current stack 985
player [YangZ] gets hole card ['H6', 'C4'], current stack 970
Started the round 10
Street "preflop" started. (community card = [])
"NitWinWin" declared "fold:0"
"Finneas" declared "call:10"
"YangZ" declared "fold:0"
"ZPlayer" declared "raise:15"
"Xun" declared "call:15"
"Finneas" declared "call:15"
Street "flop" started. (community card = ['DT', 'S7', 'HA'])
"ZPlayer" declared "call:0"
"Xun" declared "fold:0"
"Finneas" declared "call:0"
Street "turn" started. (community card = ['DT', 'S7', 'HA', 'CA'])
"ZPlayer" declared "call:0"
"Finneas" declared "call:0"
Street "river" started. (community card = ['DT', 'S7', 'HA', 'CA', 'HQ'])
"ZPlayer" declared "call:0"
"Finneas" declared "call:0"
"['Finneas']" won the round 10 (stack = {'ZPlayer': 1945, 'Xun': 100, 'NitWinWin': 970, 'Finneas': 1015, 'YangZ': 970})
player [ZPlayer] gets hole card ['DK', 'H6'], current stack 1945
player [Xun] gets hole card ['H9', 'HA'], current stack 95
player [NitWinWin] gets hole card ['H4', 'CQ'], current stack 960
player [Finneas] gets hole card ['ST', 'CK'], current stack 1015
player [YangZ] gets hole card ['D7', 'SK'], current stack 970
Started the round 11
Street "preflop" started. (community card = [])
"Finneas" declared "call:10"
"YangZ" declared "fold:0"
"ZPlayer" declared "raise:15"
"Xun" declared "call:15"
"NitWinWin" declared "fold:0"
"Finneas" declared "call:15"
Street "flop" started. (community card = ['S5', 'S7', 'D4'])
"Xun" declared "fold:0"
"Finneas" declared "call:0"
"ZPlayer" declared "call:0"
Street "turn" started. (community card = ['S5', 'S7', 'D4', 'SQ'])
"Finneas" declared "call:0"
"ZPlayer" declared "call:0"
Street "river" started. (community card = ['S5', 'S7', 'D4', 'SQ', 'DA'])
"Finneas" declared "call:0"
"ZPlayer" declared "call:0"
"['Finneas']" won the round 11 (stack = {'ZPlayer': 1930, 'Xun': 85, 'NitWinWin': 960, 'Finneas': 1055, 'YangZ': 970})
player [ZPlayer] gets hole card ['HT', 'DT'], current stack 1930
player [Xun] gets hole card ['S8', 'SK'], current stack 85
player [NitWinWin] gets hole card ['CK', 'DA'], current stack 955
player [Finneas] gets hole card ['S7', 'D6'], current stack 1045
player [YangZ] gets hole card ['H7', 'H2'], current stack 970
Started the round 12
Street "preflop" started. (community card = [])
"YangZ" declared "fold:0"
"ZPlayer" declared "raise:15"
"Xun" declared "call:15"
"NitWinWin" declared "fold:0"
"Finneas" declared "call:15"
Street "flop" started. (community card = ['D5', 'H6', 'C5'])
"Finneas" declared "call:0"
"ZPlayer" declared "raise:25"
"Xun" declared "fold:0"
"Finneas" declared "fold:0"
"['ZPlayer']" won the round 12 (stack = {'ZPlayer': 1965, 'Xun': 70, 'NitWinWin': 955, 'Finneas': 1040, 'YangZ': 970})
player [ZPlayer] gets hole card ['S8', 'H4'], current stack 1965
player [Xun] gets hole card ['C9', 'D7'], current stack 70
player [NitWinWin] gets hole card ['S2', 'C8'], current stack 955
player [Finneas] gets hole card ['S9', 'H3'], current stack 1035
player [YangZ] gets hole card ['S6', 'H2'], current stack 960
Started the round 13
Street "preflop" started. (community card = [])
"ZPlayer" declared "raise:15"
"Xun" declared "call:15"
"NitWinWin" declared "fold:0"
"Finneas" declared "call:15"
"YangZ" declared "fold:0"
Street "flop" started. (community card = ['C6', 'SA', 'SQ'])
"Finneas" declared "call:0"
"ZPlayer" declared "call:0"
"Xun" declared "fold:0"
Street "turn" started. (community card = ['C6', 'SA', 'SQ', 'HQ'])
"Finneas" declared "call:0"
"ZPlayer" declared "call:0"
Street "river" started. (community card = ['C6', 'SA', 'SQ', 'HQ', 'H8'])
"Finneas" declared "call:0"
"ZPlayer" declared "raise:10"
"Finneas" declared "call:10"
"['ZPlayer']" won the round 13 (stack = {'ZPlayer': 2015, 'Xun': 55, 'NitWinWin': 955, 'Finneas': 1015, 'YangZ': 960})
player [ZPlayer] gets hole card ['SK', 'C3'], current stack 2005
player [Xun] gets hole card ['S8', 'H7'], current stack 55
player [NitWinWin] gets hole card ['HT', 'C2'], current stack 955
player [Finneas] gets hole card ['DJ', 'H6'], current stack 1015
player [YangZ] gets hole card ['HJ', 'S5'], current stack 955
Started the round 14
Street "preflop" started. (community card = [])
"Xun" declared "call:10"
"NitWinWin" declared "fold:0"
"Finneas" declared "call:10"
"YangZ" declared "fold:0"
"ZPlayer" declared "raise:15"
"Xun" declared "call:15"
"Finneas" declared "call:15"
Street "flop" started. (community card = ['D8', 'CJ', 'D6'])
"ZPlayer" declared "call:0"
"Xun" declared "call:0"
"Finneas" declared "call:0"
Street "turn" started. (community card = ['D8', 'CJ', 'D6', 'HQ'])
"ZPlayer" declared "call:0"
"Xun" declared "fold:0"
"Finneas" declared "call:0"
Street "river" started. (community card = ['D8', 'CJ', 'D6', 'HQ', 'H2'])
"ZPlayer" declared "call:0"
"Finneas" declared "call:0"
"['Finneas']" won the round 14 (stack = {'ZPlayer': 2000, 'Xun': 40, 'NitWinWin': 955, 'Finneas': 1050, 'YangZ': 955})
player [ZPlayer] gets hole card ['SA', 'H6'], current stack 1995
player [Xun] gets hole card ['HK', 'H7'], current stack 30
player [NitWinWin] gets hole card ['H4', 'C6'], current stack 955
player [Finneas] gets hole card ['D6', 'D8'], current stack 1050
player [YangZ] gets hole card ['C3', 'C7'], current stack 955
Started the round 15
Street "preflop" started. (community card = [])
"NitWinWin" declared "fold:0"
"Finneas" declared "call:10"
"YangZ" declared "fold:0"
"ZPlayer" declared "raise:15"
"Xun" declared "call:15"
"Finneas" declared "call:15"
Street "flop" started. (community card = ['S6', 'HA', 'H2'])
"ZPlayer" declared "raise:45"
"Xun" declared "call:45"
"Finneas" declared "fold:0"
Street "turn" started. (community card = ['S6', 'HA', 'H2', 'S2'])
Street "river" started. (community card = ['S6', 'HA', 'H2', 'S2', 'D7'])
"['ZPlayer']" won the round 15 (stack = {'ZPlayer': 2055, 'Xun': 0, 'NitWinWin': 955, 'Finneas': 1035, 'YangZ': 955})
player [ZPlayer] gets hole card ['D6', 'S8'], current stack 2055
player [NitWinWin] gets hole card ['DQ', 'DJ'], current stack 950
player [Finneas] gets hole card ['DA', 'S2'], current stack 1025
player [YangZ] gets hole card ['ST', 'H3'], current stack 955
Started the round 16
Street "preflop" started. (community card = [])
"YangZ" declared "fold:0"
"ZPlayer" declared "raise:15"
"NitWinWin" declared "fold:0"
"Finneas" declared "call:15"
Street "flop" started. (community card = ['C2', 'D9', 'HA'])
"Finneas" declared "call:0"
"ZPlayer" declared "call:0"
Street "turn" started. (community card = ['C2', 'D9', 'HA', 'CQ'])
"Finneas" declared "call:0"
"ZPlayer" declared "call:0"
Street "river" started. (community card = ['C2', 'D9', 'HA', 'CQ', 'D4'])
"Finneas" declared "call:0"
"ZPlayer" declared "call:0"
"['Finneas']" won the round 16 (stack = {'ZPlayer': 2040, 'Xun': 0, 'NitWinWin': 950, 'Finneas': 1055, 'YangZ': 955})
player [ZPlayer] gets hole card ['H9', 'H8'], current stack 2040
player [NitWinWin] gets hole card ['DK', 'S6'], current stack 950
player [Finneas] gets hole card ['C5', 'D6'], current stack 1050
player [YangZ] gets hole card ['CT', 'H2'], current stack 945
Started the round 17
Street "preflop" started. (community card = [])
"ZPlayer" declared "raise:15"
"NitWinWin" declared "fold:0"
"Finneas" declared "call:15"
"YangZ" declared "fold:0"
Street "flop" started. (community card = ['HT', 'HK', 'DT'])
"Finneas" declared "call:0"
"ZPlayer" declared "call:0"
Street "turn" started. (community card = ['HT', 'HK', 'DT', 'C4'])
"Finneas" declared "call:0"
"ZPlayer" declared "call:0"
Street "river" started. (community card = ['HT', 'HK', 'DT', 'C4', 'C9'])
"Finneas" declared "call:0"
"ZPlayer" declared "raise:10"
"Finneas" declared "call:10"
"['ZPlayer']" won the round 17 (stack = {'ZPlayer': 2075, 'Xun': 0, 'NitWinWin': 950, 'Finneas': 1030, 'YangZ': 945})
player [ZPlayer] gets hole card ['S4', 'C9'], current stack 2065
player [NitWinWin] gets hole card ['HA', 'ST'], current stack 950
player [Finneas] gets hole card ['DA', 'D2'], current stack 1030
player [YangZ] gets hole card ['D6', 'H9'], current stack 940
Started the round 18
Street "preflop" started. (community card = [])
"NitWinWin" declared "fold:0"
"Finneas" declared "call:10"
"YangZ" declared "fold:0"
"ZPlayer" declared "raise:15"
"Finneas" declared "call:15"
Street "flop" started. (community card = ['C2', 'C3', 'C5'])
"ZPlayer" declared "call:0"
"Finneas" declared "call:0"
Street "turn" started. (community card = ['C2', 'C3', 'C5', 'C4'])
"ZPlayer" declared "raise:17"
"Finneas" declared "call:17"
Street "river" started. (community card = ['C2', 'C3', 'C5', 'C4', 'DK'])
"ZPlayer" declared "raise:10"
"Finneas" declared "call:10"
"['ZPlayer']" won the round 18 (stack = {'ZPlayer': 2122, 'Xun': 0, 'NitWinWin': 950, 'Finneas': 988, 'YangZ': 940})
player [ZPlayer] gets hole card ['DA', 'H2'], current stack 2117
player [NitWinWin] gets hole card ['H4', 'HJ'], current stack 940
player [Finneas] gets hole card ['HA', 'C6'], current stack 988
player [YangZ] gets hole card ['S2', 'SK'], current stack 940
Started the round 19
Street "preflop" started. (community card = [])
"Finneas" declared "call:10"
"YangZ" declared "fold:0"
"ZPlayer" declared "raise:15"
"NitWinWin" declared "fold:0"
"Finneas" declared "call:15"
Street "flop" started. (community card = ['CK', 'CQ', 'S7'])
"ZPlayer" declared "call:0"
"Finneas" declared "call:0"
Street "turn" started. (community card = ['CK', 'CQ', 'S7', 'ST'])
"ZPlayer" declared "call:0"
"Finneas" declared "call:0"
Street "river" started. (community card = ['CK', 'CQ', 'S7', 'ST', 'S3'])
"ZPlayer" declared "call:0"
"Finneas" declared "call:0"
"['ZPlayer', 'Finneas']" won the round 19 (stack = {'ZPlayer': 2127, 'Xun': 0, 'NitWinWin': 940, 'Finneas': 993, 'YangZ': 940})
player [ZPlayer] gets hole card ['S7', 'H6'], current stack 2127
player [NitWinWin] gets hole card ['C9', 'H2'], current stack 935
player [Finneas] gets hole card ['C3', 'CK'], current stack 983
player [YangZ] gets hole card ['H4', 'CQ'], current stack 940
Started the round 20
Street "preflop" started. (community card = [])
"YangZ" declared "fold:0"
"ZPlayer" declared "raise:15"
"NitWinWin" declared "fold:0"
"Finneas" declared "call:15"
Street "flop" started. (community card = ['D3', 'HK', 'CA'])
"Finneas" declared "call:0"
"ZPlayer" declared "call:0"
Street "turn" started. (community card = ['D3', 'HK', 'CA', 'HQ'])
"Finneas" declared "call:0"
"ZPlayer" declared "call:0"
Street "river" started. (community card = ['D3', 'HK', 'CA', 'HQ', 'D2'])
"Finneas" declared "call:0"
"ZPlayer" declared "call:0"
"['Finneas']" won the round 20 (stack = {'ZPlayer': 2112, 'Xun': 0, 'NitWinWin': 935, 'Finneas': 1013, 'YangZ': 940})
player [ZPlayer] gets hole card ['CJ', 'D2'], current stack 2112
player [NitWinWin] gets hole card ['DQ', 'C8'], current stack 935
player [Finneas] gets hole card ['H8', 'SA'], current stack 1008
player [YangZ] gets hole card ['HQ', 'C9'], current stack 930
Started the round 21
Street "preflop" started. (community card = [])
"ZPlayer" declared "raise:15"
"NitWinWin" declared "fold:0"
"Finneas" declared "call:15"
"YangZ" declared "fold:0"
Street "flop" started. (community card = ['C2', 'SJ', 'S5'])
"Finneas" declared "call:0"
"ZPlayer" declared "raise:20"
"Finneas" declared "fold:0"
"['ZPlayer']" won the round 21 (stack = {'ZPlayer': 2137, 'Xun': 0, 'NitWinWin': 935, 'Finneas': 998, 'YangZ': 930})
player [ZPlayer] gets hole card ['D7', 'S7'], current stack 2127
player [NitWinWin] gets hole card ['HJ', 'H7'], current stack 935
player [Finneas] gets hole card ['D4', 'CK'], current stack 998
player [YangZ] gets hole card ['S3', 'H5'], current stack 925
Started the round 22
Street "preflop" started. (community card = [])
"NitWinWin" declared "fold:0"
"Finneas" declared "call:10"
"YangZ" declared "fold:0"
"ZPlayer" declared "raise:15"
"Finneas" declared "call:15"
Street "flop" started. (community card = ['SK', 'SA', 'H6'])
"ZPlayer" declared "call:0"
"Finneas" declared "call:0"
Street "turn" started. (community card = ['SK', 'SA', 'H6', 'D5'])
"ZPlayer" declared "raise:10"
"Finneas" declared "call:10"
Street "river" started. (community card = ['SK', 'SA', 'H6', 'D5', 'H2'])
"ZPlayer" declared "raise:10"
"Finneas" declared "call:10"
"['Finneas']" won the round 22 (stack = {'ZPlayer': 2102, 'Xun': 0, 'NitWinWin': 935, 'Finneas': 1038, 'YangZ': 925})
player [ZPlayer] gets hole card ['C9', 'H6'], current stack 2097
player [NitWinWin] gets hole card ['DA', 'DT'], current stack 925
player [Finneas] gets hole card ['C6', 'HT'], current stack 1038
player [YangZ] gets hole card ['DJ', 'HJ'], current stack 925
Started the round 23
Street "preflop" started. (community card = [])
"Finneas" declared "call:10"
"YangZ" declared "fold:0"
"ZPlayer" declared "raise:15"
"NitWinWin" declared "fold:0"
"Finneas" declared "call:15"
Street "flop" started. (community card = ['DQ', 'H3', 'H4'])
"ZPlayer" declared "call:0"
"Finneas" declared "call:0"
Street "turn" started. (community card = ['DQ', 'H3', 'H4', 'H8'])
"ZPlayer" declared "call:0"
"Finneas" declared "call:0"
Street "river" started. (community card = ['DQ', 'H3', 'H4', 'H8', 'D9'])
"ZPlayer" declared "raise:10"
"Finneas" declared "call:10"
"['ZPlayer']" won the round 23 (stack = {'ZPlayer': 2137, 'Xun': 0, 'NitWinWin': 925, 'Finneas': 1013, 'YangZ': 925})
player [ZPlayer] gets hole card ['H7', 'D6'], current stack 2137
player [NitWinWin] gets hole card ['SQ', 'S5'], current stack 920
player [Finneas] gets hole card ['S2', 'HT'], current stack 1003
player [YangZ] gets hole card ['H5', 'D5'], current stack 925
Started the round 24
Street "preflop" started. (community card = [])
"YangZ" declared "fold:0"
"ZPlayer" declared "raise:15"
"NitWinWin" declared "fold:0"
"Finneas" declared "call:15"
Street "flop" started. (community card = ['HK', 'H9', 'DJ'])
"Finneas" declared "call:0"
"ZPlayer" declared "call:0"
Street "turn" started. (community card = ['HK', 'H9', 'DJ', 'CQ'])
"Finneas" declared "call:0"
"ZPlayer" declared "call:0"
Street "river" started. (community card = ['HK', 'H9', 'DJ', 'CQ', 'D2'])
"Finneas" declared "call:0"
"ZPlayer" declared "call:0"
"['Finneas']" won the round 24 (stack = {'ZPlayer': 2122, 'Xun': 0, 'NitWinWin': 920, 'Finneas': 1033, 'YangZ': 925})
player [ZPlayer] gets hole card ['D9', 'HQ'], current stack 2122
player [NitWinWin] gets hole card ['DK', 'H8'], current stack 920
player [Finneas] gets hole card ['D7', 'DA'], current stack 1028
player [YangZ] gets hole card ['ST', 'D6'], current stack 915
Started the round 25
Street "preflop" started. (community card = [])
"ZPlayer" declared "raise:15"
"NitWinWin" declared "fold:0"
"Finneas" declared "call:15"
"YangZ" declared "fold:0"
Street "flop" started. (community card = ['S2', 'S7', 'HK'])
"Finneas" declared "call:0"
"ZPlayer" declared "call:0"
Street "turn" started. (community card = ['S2', 'S7', 'HK', 'C9'])
"Finneas" declared "call:0"
"ZPlayer" declared "raise:10"
"Finneas" declared "call:10"
Street "river" started. (community card = ['S2', 'S7', 'HK', 'C9', 'H3'])
"Finneas" declared "call:0"
"ZPlayer" declared "raise:10"
"Finneas" declared "call:10"
"['ZPlayer']" won the round 25 (stack = {'ZPlayer': 2167, 'Xun': 0, 'NitWinWin': 920, 'Finneas': 998, 'YangZ': 915})
player [ZPlayer] gets hole card ['H4', 'D7'], current stack 2157
player [NitWinWin] gets hole card ['DA', 'HK'], current stack 920
player [Finneas] gets hole card ['S9', 'D5'], current stack 998
player [YangZ] gets hole card ['S8', 'DQ'], current stack 910
Started the round 26
Street "preflop" started. (community card = [])
"NitWinWin" declared "fold:0"
"Finneas" declared "call:10"
"YangZ" declared "fold:0"
"ZPlayer" declared "raise:15"
"Finneas" declared "call:15"
Street "flop" started. (community card = ['D6', 'CT', 'D8'])
"ZPlayer" declared "call:0"
"Finneas" declared "call:0"
Street "turn" started. (community card = ['D6', 'CT', 'D8', 'S6'])
"ZPlayer" declared "call:0"
"Finneas" declared "call:0"
Street "river" started. (community card = ['D6', 'CT', 'D8', 'S6', 'SJ'])
"ZPlayer" declared "call:0"
"Finneas" declared "call:0"
"['Finneas']" won the round 26 (stack = {'ZPlayer': 2152, 'Xun': 0, 'NitWinWin': 920, 'Finneas': 1018, 'YangZ': 910})
player [ZPlayer] gets hole card ['D9', 'C7'], current stack 2147
player [NitWinWin] gets hole card ['S7', 'D4'], current stack 910
player [Finneas] gets hole card ['C2', 'SQ'], current stack 1018
player [YangZ] gets hole card ['S5', 'S2'], current stack 910
Started the round 27
Street "preflop" started. (community card = [])
"Finneas" declared "call:10"
"YangZ" declared "fold:0"
"ZPlayer" declared "raise:15"
"NitWinWin" declared "fold:0"
"Finneas" declared "call:15"
Street "flop" started. (community card = ['H8', 'HQ', 'H5'])
"ZPlayer" declared "call:0"
"Finneas" declared "call:0"
Street "turn" started. (community card = ['H8', 'HQ', 'H5', 'DA'])
"ZPlayer" declared "call:0"
"Finneas" declared "call:0"
Street "river" started. (community card = ['H8', 'HQ', 'H5', 'DA', 'H2'])
"ZPlayer" declared "call:0"
"Finneas" declared "call:0"
"['Finneas']" won the round 27 (stack = {'ZPlayer': 2137, 'Xun': 0, 'NitWinWin': 910, 'Finneas': 1043, 'YangZ': 910})
player [ZPlayer] gets hole card ['H7', 'CJ'], current stack 2137
player [NitWinWin] gets hole card ['DJ', 'D4'], current stack 905
player [Finneas] gets hole card ['DK', 'CT'], current stack 1033
player [YangZ] gets hole card ['D5', 'CK'], current stack 910
Started the round 28
Street "preflop" started. (community card = [])
"YangZ" declared "fold:0"
"ZPlayer" declared "raise:15"
"NitWinWin" declared "fold:0"
"Finneas" declared "call:15"
Street "flop" started. (community card = ['H2', 'C8', 'CQ'])
"Finneas" declared "call:0"
"ZPlayer" declared "call:0"
Street "turn" started. (community card = ['H2', 'C8', 'CQ', 'SJ'])
"Finneas" declared "call:0"
"ZPlayer" declared "raise:10"
"Finneas" declared "call:10"
Street "river" started. (community card = ['H2', 'C8', 'CQ', 'SJ', 'S8'])
"Finneas" declared "call:0"
"ZPlayer" declared "raise:10"
"Finneas" declared "call:10"
"['ZPlayer']" won the round 28 (stack = {'ZPlayer': 2177, 'Xun': 0, 'NitWinWin': 905, 'Finneas': 1008, 'YangZ': 910})
player [ZPlayer] gets hole card ['H5', 'CT'], current stack 2177
player [NitWinWin] gets hole card ['HK', 'D3'], current stack 905
player [Finneas] gets hole card ['C4', 'D2'], current stack 1003
player [YangZ] gets hole card ['C6', 'H4'], current stack 900
Started the round 29
Street "preflop" started. (community card = [])
"ZPlayer" declared "raise:15"
"NitWinWin" declared "fold:0"
"Finneas" declared "call:15"
"YangZ" declared "fold:0"
Street "flop" started. (community card = ['H3', 'DJ', 'D7'])
"Finneas" declared "call:0"
"ZPlayer" declared "call:0"
Street "turn" started. (community card = ['H3', 'DJ', 'D7', 'C2'])
"Finneas" declared "call:0"
"ZPlayer" declared "call:0"
Street "river" started. (community card = ['H3', 'DJ', 'D7', 'C2', 'C8'])
"Finneas" declared "call:0"
"ZPlayer" declared "call:0"
"['Finneas']" won the round 29 (stack = {'ZPlayer': 2162, 'Xun': 0, 'NitWinWin': 905, 'Finneas': 1033, 'YangZ': 900})
player [ZPlayer] gets hole card ['SK', 'HA'], current stack 2152
player [NitWinWin] gets hole card ['CK', 'DT'], current stack 905
player [Finneas] gets hole card ['C6', 'ST'], current stack 1033
player [YangZ] gets hole card ['H8', 'D5'], current stack 895
Started the round 30
Street "preflop" started. (community card = [])
"NitWinWin" declared "fold:0"
"Finneas" declared "call:10"
"YangZ" declared "fold:0"
"ZPlayer" declared "raise:15"
"Finneas" declared "call:15"
Street "flop" started. (community card = ['D9', 'SQ', 'D6'])
"ZPlayer" declared "call:0"
"Finneas" declared "call:0"
Street "turn" started. (community card = ['D9', 'SQ', 'D6', 'CT'])
"ZPlayer" declared "call:0"
"Finneas" declared "call:0"
Street "river" started. (community card = ['D9', 'SQ', 'D6', 'CT', 'D7'])
"ZPlayer" declared "call:0"
"Finneas" declared "call:0"
"['Finneas']" won the round 30 (stack = {'ZPlayer': 2147, 'Xun': 0, 'NitWinWin': 905, 'Finneas': 1053, 'YangZ': 895})
player [ZPlayer] gets hole card ['SJ', 'S3'], current stack 2142
player [NitWinWin] gets hole card ['C9', 'H5'], current stack 895
player [Finneas] gets hole card ['D5', 'D7'], current stack 1053
player [YangZ] gets hole card ['DT', 'C5'], current stack 895
Started the round 31
Street "preflop" started. (community card = [])
"Finneas" declared "call:10"
"YangZ" declared "fold:0"
"ZPlayer" declared "raise:15"
"NitWinWin" declared "fold:0"
"Finneas" declared "call:15"
Street "flop" started. (community card = ['ST', 'DQ', 'D4'])
"ZPlayer" declared "call:0"
"Finneas" declared "call:0"
Street "turn" started. (community card = ['ST', 'DQ', 'D4', 'C6'])
"ZPlayer" declared "call:0"
"Finneas" declared "call:0"
Street "river" started. (community card = ['ST', 'DQ', 'D4', 'C6', 'S7'])
"ZPlayer" declared "call:0"
"Finneas" declared "call:0"
"['Finneas']" won the round 31 (stack = {'ZPlayer': 2132, 'Xun': 0, 'NitWinWin': 895, 'Finneas': 1078, 'YangZ': 895})
player [ZPlayer] gets hole card ['HJ', 'S8'], current stack 2132
player [NitWinWin] gets hole card ['D5', 'SQ'], current stack 890
player [Finneas] gets hole card ['HA', 'DA'], current stack 1068
player [YangZ] gets hole card ['DT', 'D6'], current stack 895
Started the round 32
Street "preflop" started. (community card = [])
"YangZ" declared "fold:0"
"ZPlayer" declared "raise:15"
"NitWinWin" declared "fold:0"
"Finneas" declared "raise:549"
"ZPlayer" declared "fold:0"
"['Finneas']" won the round 32 (stack = {'ZPlayer': 2117, 'Xun': 0, 'NitWinWin': 890, 'Finneas': 1098, 'YangZ': 895})
player [ZPlayer] gets hole card ['C7', 'SA'], current stack 2117
player [NitWinWin] gets hole card ['D5', 'HK'], current stack 890
player [Finneas] gets hole card ['H7', 'D8'], current stack 1093
player [YangZ] gets hole card ['H8', 'C4'], current stack 885
Started the round 33
Street "preflop" started. (community card = [])
"ZPlayer" declared "raise:15"
"NitWinWin" declared "fold:0"
"Finneas" declared "call:15"
"YangZ" declared "fold:0"
Street "flop" started. (community card = ['HA', 'D3', 'C3'])
"Finneas" declared "call:0"
"ZPlayer" declared "raise:40"
"Finneas" declared "fold:0"
"['ZPlayer']" won the round 33 (stack = {'ZPlayer': 2142, 'Xun': 0, 'NitWinWin': 890, 'Finneas': 1083, 'YangZ': 885})
player [ZPlayer] gets hole card ['HK', 'DQ'], current stack 2132
player [NitWinWin] gets hole card ['CQ', 'S8'], current stack 890
player [Finneas] gets hole card ['S3', 'D8'], current stack 1083
player [YangZ] gets hole card ['C4', 'D2'], current stack 880
Started the round 34
Street "preflop" started. (community card = [])
"NitWinWin" declared "fold:0"
"Finneas" declared "call:10"
"YangZ" declared "fold:0"
"ZPlayer" declared "raise:15"
"Finneas" declared "call:15"
Street "flop" started. (community card = ['H2', 'S2', 'C9'])
"ZPlayer" declared "call:0"
"Finneas" declared "call:0"
Street "turn" started. (community card = ['H2', 'S2', 'C9', 'C5'])
"ZPlayer" declared "call:0"
"Finneas" declared "call:0"
Street "river" started. (community card = ['H2', 'S2', 'C9', 'C5', 'C3'])
"ZPlayer" declared "call:0"
"Finneas" declared "call:0"
"['Finneas']" won the round 34 (stack = {'ZPlayer': 2127, 'Xun': 0, 'NitWinWin': 890, 'Finneas': 1103, 'YangZ': 880})
player [ZPlayer] gets hole card ['C4', 'S5'], current stack 2122
player [NitWinWin] gets hole card ['C6', 'H4'], current stack 880
player [Finneas] gets hole card ['DA', 'H5'], current stack 1103
player [YangZ] gets hole card ['SQ', 'S4'], current stack 880
Started the round 35
Street "preflop" started. (community card = [])
"Finneas" declared "call:10"
"YangZ" declared "fold:0"
"ZPlayer" declared "raise:15"
"NitWinWin" declared "fold:0"
"Finneas" declared "call:15"
Street "flop" started. (community card = ['HQ', 'C2', 'S2'])
"ZPlayer" declared "call:0"
"Finneas" declared "call:0"
Street "turn" started. (community card = ['HQ', 'C2', 'S2', 'DT'])
"ZPlayer" declared "call:0"
"Finneas" declared "call:0"
Street "river" started. (community card = ['HQ', 'C2', 'S2', 'DT', 'S6'])
"ZPlayer" declared "call:0"
"Finneas" declared "call:0"
"['Finneas']" won the round 35 (stack = {'ZPlayer': 2112, 'Xun': 0, 'NitWinWin': 880, 'Finneas': 1128, 'YangZ': 880})
player [ZPlayer] gets hole card ['DT', 'S7'], current stack 2112
player [NitWinWin] gets hole card ['D7', 'CK'], current stack 875
player [Finneas] gets hole card ['H8', 'HT'], current stack 1118
player [YangZ] gets hole card ['DK', 'ST'], current stack 880
Started the round 36
Street "preflop" started. (community card = [])
"YangZ" declared "fold:0"
"ZPlayer" declared "raise:15"
"NitWinWin" declared "fold:0"
"Finneas" declared "call:15"
Street "flop" started. (community card = ['H6', 'H3', 'H9'])
"Finneas" declared "raise:561"
"ZPlayer" declared "fold:0"
"['Finneas']" won the round 36 (stack = {'ZPlayer': 2097, 'Xun': 0, 'NitWinWin': 875, 'Finneas': 1148, 'YangZ': 880})
player [ZPlayer] gets hole card ['D8', 'C3'], current stack 2097
player [NitWinWin] gets hole card ['DA', 'D4'], current stack 875
player [Finneas] gets hole card ['D6', 'C8'], current stack 1143
player [YangZ] gets hole card ['HA', 'DK'], current stack 870
Started the round 37
Street "preflop" started. (community card = [])
"ZPlayer" declared "raise:15"
"NitWinWin" declared "fold:0"
"Finneas" declared "call:15"
"YangZ" declared "fold:0"
Street "flop" started. (community card = ['S3', 'S7', 'S8'])
"Finneas" declared "call:0"
"ZPlayer" declared "raise:10"
"Finneas" declared "call:10"
Street "turn" started. (community card = ['S3', 'S7', 'S8', 'SA'])
"Finneas" declared "call:0"
"ZPlayer" declared "raise:10"
"Finneas" declared "call:10"
Street "river" started. (community card = ['S3', 'S7', 'S8', 'SA', 'C2'])
"Finneas" declared "call:0"
"ZPlayer" declared "call:0"
"['ZPlayer']" won the round 37 (stack = {'ZPlayer': 2142, 'Xun': 0, 'NitWinWin': 875, 'Finneas': 1113, 'YangZ': 870})
player [ZPlayer] gets hole card ['H7', 'DQ'], current stack 2132
player [NitWinWin] gets hole card ['C7', 'SQ'], current stack 875
player [Finneas] gets hole card ['CA', 'D7'], current stack 1113
player [YangZ] gets hole card ['H9', 'S7'], current stack 865
Started the round 38
Street "preflop" started. (community card = [])
"NitWinWin" declared "fold:0"
"Finneas" declared "call:10"
"YangZ" declared "fold:0"
"ZPlayer" declared "raise:15"
"Finneas" declared "call:15"
Street "flop" started. (community card = ['HJ', 'CQ', 'D4'])
"ZPlayer" declared "raise:10"
"Finneas" declared "call:10"
Street "turn" started. (community card = ['HJ', 'CQ', 'D4', 'C2'])
"ZPlayer" declared "raise:27"
"Finneas" declared "fold:0"
"['ZPlayer']" won the round 38 (stack = {'ZPlayer': 2172, 'Xun': 0, 'NitWinWin': 875, 'Finneas': 1088, 'YangZ': 865})
player [ZPlayer] gets hole card ['SA', 'H8'], current stack 2167
player [NitWinWin] gets hole card ['C9', 'SK'], current stack 865
player [Finneas] gets hole card ['H4', 'D4'], current stack 1088
player [YangZ] gets hole card ['D7', 'DJ'], current stack 865
Started the round 39
Street "preflop" started. (community card = [])
"Finneas" declared "call:10"
"YangZ" declared "fold:0"
"ZPlayer" declared "raise:15"
"NitWinWin" declared "fold:0"
"Finneas" declared "call:15"
Street "flop" started. (community card = ['H7', 'H2', 'HT'])
"ZPlayer" declared "raise:10"
"Finneas" declared "call:10"
Street "turn" started. (community card = ['H7', 'H2', 'HT', 'D5'])
"ZPlayer" declared "call:0"
"Finneas" declared "call:0"
Street "river" started. (community card = ['H7', 'H2', 'HT', 'D5', 'S6'])
"ZPlayer" declared "call:0"
"Finneas" declared "call:0"
"['Finneas']" won the round 39 (stack = {'ZPlayer': 2147, 'Xun': 0, 'NitWinWin': 865, 'Finneas': 1123, 'YangZ': 865})
player [ZPlayer] gets hole card ['S3', 'C4'], current stack 2147
player [NitWinWin] gets hole card ['H8', 'ST'], current stack 860
player [Finneas] gets hole card ['DQ', 'H4'], current stack 1113
player [YangZ] gets hole card ['H6', 'D9'], current stack 865
Started the round 40
Street "preflop" started. (community card = [])
"YangZ" declared "fold:0"
"ZPlayer" declared "raise:15"
"NitWinWin" declared "fold:0"
"Finneas" declared "call:15"
Street "flop" started. (community card = ['H5', 'CK', 'DT'])
"Finneas" declared "call:0"
"ZPlayer" declared "call:0"
Street "turn" started. (community card = ['H5', 'CK', 'DT', 'S2'])
"Finneas" declared "call:0"
"ZPlayer" declared "call:0"
Street "river" started. (community card = ['H5', 'CK', 'DT', 'S2', 'S7'])
"Finneas" declared "call:0"
"ZPlayer" declared "call:0"
"['Finneas']" won the round 40 (stack = {'ZPlayer': 2132, 'Xun': 0, 'NitWinWin': 860, 'Finneas': 1143, 'YangZ': 865})
player [ZPlayer] gets hole card ['D5', 'H2'], current stack 2132
player [NitWinWin] gets hole card ['C4', 'S2'], current stack 860
player [Finneas] gets hole card ['DQ', 'DA'], current stack 1138
player [YangZ] gets hole card ['S3', 'HJ'], current stack 855
Started the round 41
Street "preflop" started. (community card = [])
"ZPlayer" declared "raise:15"
"NitWinWin" declared "fold:0"
"Finneas" declared "raise:581"
"YangZ" declared "fold:0"
"ZPlayer" declared "fold:0"
"['Finneas']" won the round 41 (stack = {'ZPlayer': 2117, 'Xun': 0, 'NitWinWin': 860, 'Finneas': 1168, 'YangZ': 855})
player [ZPlayer] gets hole card ['DT', 'H2'], current stack 2107
player [NitWinWin] gets hole card ['DK', 'ST'], current stack 860
player [Finneas] gets hole card ['C9', 'SQ'], current stack 1168
player [YangZ] gets hole card ['DA', 'H6'], current stack 850
Started the round 42
Street "preflop" started. (community card = [])
"NitWinWin" declared "fold:0"
"Finneas" declared "call:10"
"YangZ" declared "fold:0"
"ZPlayer" declared "raise:15"
"Finneas" declared "call:15"
Street "flop" started. (community card = ['C6', 'D4', 'SK'])
"ZPlayer" declared "call:0"
"Finneas" declared "call:0"
Street "turn" started. (community card = ['C6', 'D4', 'SK', 'C3'])
"ZPlayer" declared "call:0"
"Finneas" declared "call:0"
Street "river" started. (community card = ['C6', 'D4', 'SK', 'C3', 'SJ'])
"ZPlayer" declared "call:0"
"Finneas" declared "call:0"
"['Finneas']" won the round 42 (stack = {'ZPlayer': 2102, 'Xun': 0, 'NitWinWin': 860, 'Finneas': 1188, 'YangZ': 850})
player [ZPlayer] gets hole card ['D9', 'HK'], current stack 2097
player [NitWinWin] gets hole card ['D7', 'C2'], current stack 850
player [Finneas] gets hole card ['S8', 'H3'], current stack 1188
player [YangZ] gets hole card ['S9', 'CJ'], current stack 850
Started the round 43
Street "preflop" started. (community card = [])
"Finneas" declared "call:10"
"YangZ" declared "fold:0"
"ZPlayer" declared "raise:15"
"NitWinWin" declared "fold:0"
"Finneas" declared "call:15"
Street "flop" started. (community card = ['S4', 'DA', 'H4'])
"ZPlayer" declared "raise:10"
"Finneas" declared "call:10"
Street "turn" started. (community card = ['S4', 'DA', 'H4', 'C4'])
"ZPlayer" declared "raise:10"
"Finneas" declared "raise:591"
"ZPlayer" declared "fold:0"
"['Finneas']" won the round 43 (stack = {'ZPlayer': 2067, 'Xun': 0, 'NitWinWin': 850, 'Finneas': 1233, 'YangZ': 850})
player [ZPlayer] gets hole card ['DQ', 'HJ'], current stack 2067
player [NitWinWin] gets hole card ['CJ', 'SA'], current stack 845
player [Finneas] gets hole card ['D3', 'SK'], current stack 1223
player [YangZ] gets hole card ['D6', 'C7'], current stack 850
Started the round 44
Street "preflop" started. (community card = [])
"YangZ" declared "fold:0"
"ZPlayer" declared "raise:15"
"NitWinWin" declared "fold:0"
"Finneas" declared "call:15"
Street "flop" started. (community card = ['H6', 'S7', 'H8'])
"Finneas" declared "call:0"
"ZPlayer" declared "call:0"
Street "turn" started. (community card = ['H6', 'S7', 'H8', 'CA'])
"Finneas" declared "call:0"
"ZPlayer" declared "call:0"
Street "river" started. (community card = ['H6', 'S7', 'H8', 'CA', 'S5'])
"Finneas" declared "call:0"
"ZPlayer" declared "call:0"
"['Finneas']" won the round 44 (stack = {'ZPlayer': 2052, 'Xun': 0, 'NitWinWin': 845, 'Finneas': 1253, 'YangZ': 850})
player [ZPlayer] gets hole card ['CT', 'HJ'], current stack 2052
player [NitWinWin] gets hole card ['C4', 'S9'], current stack 845
player [Finneas] gets hole card ['DQ', 'D9'], current stack 1248
player [YangZ] gets hole card ['D3', 'HT'], current stack 840
Started the round 45
Street "preflop" started. (community card = [])
"ZPlayer" declared "raise:15"
"NitWinWin" declared "fold:0"
"Finneas" declared "call:15"
"YangZ" declared "fold:0"
Street "flop" started. (community card = ['D6', 'S5', 'DA'])
"Finneas" declared "call:0"
"ZPlayer" declared "call:0"
Street "turn" started. (community card = ['D6', 'S5', 'DA', 'H8'])
"Finneas" declared "call:0"
"ZPlayer" declared "call:0"
Street "river" started. (community card = ['D6', 'S5', 'DA', 'H8', 'H6'])
"Finneas" declared "call:0"
"ZPlayer" declared "call:0"
"['Finneas']" won the round 45 (stack = {'ZPlayer': 2037, 'Xun': 0, 'NitWinWin': 845, 'Finneas': 1278, 'YangZ': 840})
player [ZPlayer] gets hole card ['D3', 'DJ'], current stack 2027
player [NitWinWin] gets hole card ['H9', 'S2'], current stack 845
player [Finneas] gets hole card ['C4', 'C5'], current stack 1278
player [YangZ] gets hole card ['DQ', 'H2'], current stack 835
Started the round 46
Street "preflop" started. (community card = [])
"NitWinWin" declared "fold:0"
"Finneas" declared "call:10"
"YangZ" declared "fold:0"
"ZPlayer" declared "raise:15"
"Finneas" declared "call:15"
Street "flop" started. (community card = ['HT', 'C6', 'CQ'])
"ZPlayer" declared "call:0"
"Finneas" declared "call:0"
Street "turn" started. (community card = ['HT', 'C6', 'CQ', 'S3'])
"ZPlayer" declared "call:0"
"Finneas" declared "call:0"
Street "river" started. (community card = ['HT', 'C6', 'CQ', 'S3', 'S7'])
"ZPlayer" declared "call:0"
"Finneas" declared "call:0"
"['Finneas']" won the round 46 (stack = {'ZPlayer': 2022, 'Xun': 0, 'NitWinWin': 845, 'Finneas': 1298, 'YangZ': 835})
player [ZPlayer] gets hole card ['C4', 'S3'], current stack 2017
player [NitWinWin] gets hole card ['C7', 'C9'], current stack 835
player [Finneas] gets hole card ['ST', 'D4'], current stack 1298
player [YangZ] gets hole card ['HK', 'HT'], current stack 835
Started the round 47
Street "preflop" started. (community card = [])
"Finneas" declared "call:10"
"YangZ" declared "fold:0"
"ZPlayer" declared "raise:15"
"NitWinWin" declared "fold:0"
"Finneas" declared "call:15"
Street "flop" started. (community card = ['SK', 'H2', 'H4'])
"ZPlayer" declared "raise:20"
"Finneas" declared "fold:0"
"['ZPlayer']" won the round 47 (stack = {'ZPlayer': 2047, 'Xun': 0, 'NitWinWin': 835, 'Finneas': 1283, 'YangZ': 835})
player [ZPlayer] gets hole card ['HT', 'CT'], current stack 2047
player [NitWinWin] gets hole card ['H6', 'H7'], current stack 830
player [Finneas] gets hole card ['D8', 'HJ'], current stack 1273
player [YangZ] gets hole card ['CJ', 'C7'], current stack 835
Started the round 48
Street "preflop" started. (community card = [])
"YangZ" declared "fold:0"
"ZPlayer" declared "raise:15"
"NitWinWin" declared "fold:0"
"Finneas" declared "call:15"
Street "flop" started. (community card = ['S2', 'CQ', 'C5'])
"Finneas" declared "call:0"
"ZPlayer" declared "raise:10"
"Finneas" declared "call:10"
Street "turn" started. (community card = ['S2', 'CQ', 'C5', 'H9'])
"Finneas" declared "call:0"
"ZPlayer" declared "raise:27"
"Finneas" declared "fold:0"
"['ZPlayer']" won the round 48 (stack = {'ZPlayer': 2077, 'Xun': 0, 'NitWinWin': 830, 'Finneas': 1258, 'YangZ': 835})
player [ZPlayer] gets hole card ['DA', 'D8'], current stack 2077
player [NitWinWin] gets hole card ['S4', 'H4'], current stack 830
player [Finneas] gets hole card ['DK', 'SJ'], current stack 1253
player [YangZ] gets hole card ['CJ', 'H9'], current stack 825
Started the round 49
Street "preflop" started. (community card = [])
"ZPlayer" declared "raise:15"
"NitWinWin" declared "fold:0"
"Finneas" declared "call:15"
"YangZ" declared "fold:0"
Street "flop" started. (community card = ['S5', 'SK', 'S7'])
"Finneas" declared "call:0"
"ZPlayer" declared "call:0"
Street "turn" started. (community card = ['S5', 'SK', 'S7', 'H7'])
"Finneas" declared "call:0"
"ZPlayer" declared "call:0"
Street "river" started. (community card = ['S5', 'SK', 'S7', 'H7', 'S6'])
"Finneas" declared "raise:626"
"ZPlayer" declared "fold:0"
"['Finneas']" won the round 49 (stack = {'ZPlayer': 2062, 'Xun': 0, 'NitWinWin': 830, 'Finneas': 1283, 'YangZ': 825})
player [ZPlayer] gets hole card ['D4', 'C9'], current stack 2052
player [NitWinWin] gets hole card ['D7', 'C3'], current stack 830
player [Finneas] gets hole card ['S5', 'HT'], current stack 1283
player [YangZ] gets hole card ['C4', 'CK'], current stack 820
Started the round 50
Street "preflop" started. (community card = [])
"NitWinWin" declared "fold:0"
"Finneas" declared "call:10"
"YangZ" declared "fold:0"
"ZPlayer" declared "raise:15"
"Finneas" declared "call:15"
Street "flop" started. (community card = ['SQ', 'C8', 'S7'])
"ZPlayer" declared "call:0"
"Finneas" declared "call:0"
Street "turn" started. (community card = ['SQ', 'C8', 'S7', 'HA'])
"ZPlayer" declared "call:0"
"Finneas" declared "call:0"
Street "river" started. (community card = ['SQ', 'C8', 'S7', 'HA', 'H6'])
"ZPlayer" declared "call:0"
"Finneas" declared "call:0"
"['Finneas']" won the round 50 (stack = {'ZPlayer': 2047, 'Xun': 0, 'NitWinWin': 830, 'Finneas': 1303, 'YangZ': 820})

Game Results:
------------------------------------------------------------
Game 1:
Winner: ZPlayer (stack: 2047)
All players' stacks:
  ZPlayer: 2047
  Xun: 0
  NitWinWin: 830
  Finneas: 1303
  YangZ: 820
------------------------------------------------------------
