player [ZPlayer] gets hole card ['H8', 'H5'], current stack 1000
player [Xun] gets hole card ['HK', 'D9'], current stack 995
player [NitWinWin] gets hole card ['S6', 'S2'], current stack 990
player [Finneas] gets hole card ['D8', 'SQ'], current stack 1000
player [YangZ] gets hole card ['CK', 'HA'], current stack 1000
Started the round 1
Street "preflop" started. (community card = [])
"Finneas" declared "call:10"
"YangZ" declared "fold:0"
"ZPlayer" declared "raise:15"
"Xun" declared "call:15"
"NitWinWin" declared "fold:0"
"Finneas" declared "call:15"
Street "flop" started. (community card = ['S9', 'D4', 'C7'])
"Xun" declared "call:0"
"Finneas" declared "call:0"
"ZPlayer" declared "call:0"
Street "turn" started. (community card = ['S9', 'D4', 'C7', 'DQ'])
"Xun" declared "call:0"
"Finneas" declared "call:0"
"ZPlayer" declared "call:0"
Street "river" started. (community card = ['S9', 'D4', 'C7', 'DQ', 'SK'])
"Xun" declared "call:0"
"Finneas" declared "call:0"
"ZPlayer" declared "call:0"
"['Xun']" won the round 1 (stack = {'ZPlayer': 985, 'Xun': 1040, 'NitWinWin': 990, 'Finneas': 985, 'YangZ': 1000})
player [ZPlayer] gets hole card ['H5', 'D6'], current stack 985
player [Xun] gets hole card ['D9', 'SQ'], current stack 1040
player [NitWinWin] gets hole card ['CQ', 'S9'], current stack 985
player [Finneas] gets hole card ['S7', 'C5'], current stack 975
player [YangZ] gets hole card ['SK', 'CJ'], current stack 1000
Started the round 2
Street "preflop" started. (community card = [])
"YangZ" declared "fold:0"
"ZPlayer" declared "call:10"
"Xun" declared "call:10"
"NitWinWin" declared "fold:0"
"Finneas" declared "call:10"
Street "flop" started. (community card = ['SJ', 'C4', 'CA'])
"Finneas" declared "call:0"
"ZPlayer" declared "call:0"
"Xun" declared "fold:0"
Street "turn" started. (community card = ['SJ', 'C4', 'CA', 'H8'])
"Finneas" declared "call:0"
"ZPlayer" declared "call:0"
Street "river" started. (community card = ['SJ', 'C4', 'CA', 'H8', 'ST'])
"Finneas" declared "call:0"
"ZPlayer" declared "call:0"
"['Finneas']" won the round 2 (stack = {'ZPlayer': 975, 'Xun': 1030, 'NitWinWin': 985, 'Finneas': 1010, 'YangZ': 1000})
player [ZPlayer] gets hole card ['H8', 'HT'], current stack 975
player [Xun] gets hole card ['H7', 'C6'], current stack 1030
player [NitWinWin] gets hole card ['SA', 'D6'], current stack 985
player [Finneas] gets hole card ['S7', 'D9'], current stack 1005
player [YangZ] gets hole card ['HJ', 'D8'], current stack 990
Started the round 3
Street "preflop" started. (community card = [])
"ZPlayer" declared "raise:15"
"Xun" declared "call:15"
"NitWinWin" declared "fold:0"
"Finneas" declared "call:15"
"YangZ" declared "fold:0"
Street "flop" started. (community card = ['H2', 'DK', 'S8'])
"Finneas" declared "call:0"
"ZPlayer" declared "raise:27"
"Xun" declared "fold:0"
"Finneas" declared "fold:0"
"['ZPlayer']" won the round 3 (stack = {'ZPlayer': 1015, 'Xun': 1015, 'NitWinWin': 985, 'Finneas': 995, 'YangZ': 990})
player [ZPlayer] gets hole card ['D2', 'SQ'], current stack 1005
player [Xun] gets hole card ['HQ', 'D9'], current stack 1015
player [NitWinWin] gets hole card ['H8', 'D4'], current stack 985
player [Finneas] gets hole card ['DJ', 'C8'], current stack 995
player [YangZ] gets hole card ['CT', 'S5'], current stack 985
Started the round 4
Street "preflop" started. (community card = [])
"Xun" declared "call:10"
"NitWinWin" declared "fold:0"
"Finneas" declared "call:10"
"YangZ" declared "fold:0"
"ZPlayer" declared "call:10"
Street "flop" started. (community card = ['D8', 'CK', 'C2'])
"ZPlayer" declared "raise:10"
"Xun" declared "fold:0"
"Finneas" declared "call:10"
Street "turn" started. (community card = ['D8', 'CK', 'C2', 'CJ'])
"ZPlayer" declared "call:0"
"Finneas" declared "call:0"
Street "river" started. (community card = ['D8', 'CK', 'C2', 'CJ', 'CA'])
"ZPlayer" declared "call:0"
"Finneas" declared "raise:492"
"ZPlayer" declared "fold:0"
"['Finneas']" won the round 4 (stack = {'ZPlayer': 995, 'Xun': 1005, 'NitWinWin': 985, 'Finneas': 1030, 'YangZ': 985})
player [ZPlayer] gets hole card ['C3', 'S2'], current stack 990
player [Xun] gets hole card ['CQ', 'C4'], current stack 995
player [NitWinWin] gets hole card ['HQ', 'H2'], current stack 985
player [Finneas] gets hole card ['HT', 'S7'], current stack 1030
player [YangZ] gets hole card ['H4', 'S3'], current stack 985
Started the round 5
Street "preflop" started. (community card = [])
"NitWinWin" declared "fold:0"
"Finneas" declared "call:10"
"YangZ" declared "fold:0"
"ZPlayer" declared "call:10"
"Xun" declared "call:10"
Street "flop" started. (community card = ['C2', 'SJ', 'D6'])
"ZPlayer" declared "raise:10"
"Xun" declared "fold:0"
"Finneas" declared "call:10"
Street "turn" started. (community card = ['C2', 'SJ', 'D6', 'C5'])
"ZPlayer" declared "call:0"
"Finneas" declared "call:0"
Street "river" started. (community card = ['C2', 'SJ', 'D6', 'C5', 'H3'])
"ZPlayer" declared "raise:10"
"Finneas" declared "call:10"
"['ZPlayer']" won the round 5 (stack = {'ZPlayer': 1035, 'Xun': 995, 'NitWinWin': 985, 'Finneas': 1000, 'YangZ': 985})
player [ZPlayer] gets hole card ['H7', 'S3'], current stack 1035
player [Xun] gets hole card ['D4', 'S9'], current stack 990
player [NitWinWin] gets hole card ['SA', 'D6'], current stack 975
player [Finneas] gets hole card ['D9', 'C3'], current stack 1000
player [YangZ] gets hole card ['C4', 'CT'], current stack 985
Started the round 6
Street "preflop" started. (community card = [])
"Finneas" declared "call:10"
"YangZ" declared "fold:0"
"ZPlayer" declared "call:10"
"Xun" declared "call:10"
"NitWinWin" declared "fold:0"
Street "flop" started. (community card = ['D8', 'D2', 'DA'])
"Xun" declared "fold:0"
"Finneas" declared "call:0"
"ZPlayer" declared "call:0"
Street "turn" started. (community card = ['D8', 'D2', 'DA', 'H5'])
"Finneas" declared "call:0"
"ZPlayer" declared "call:0"
Street "river" started. (community card = ['D8', 'D2', 'DA', 'H5', 'DJ'])
"Finneas" declared "raise:500"
"ZPlayer" declared "fold:0"
"['Finneas']" won the round 6 (stack = {'ZPlayer': 1025, 'Xun': 985, 'NitWinWin': 975, 'Finneas': 1030, 'YangZ': 985})
player [ZPlayer] gets hole card ['D3', 'S9'], current stack 1025
player [Xun] gets hole card ['C4', 'SJ'], current stack 985
player [NitWinWin] gets hole card ['SA', 'CJ'], current stack 970
player [Finneas] gets hole card ['H3', 'S2'], current stack 1020
player [YangZ] gets hole card ['SQ', 'C6'], current stack 985
Started the round 7
Street "preflop" started. (community card = [])
"YangZ" declared "fold:0"
"ZPlayer" declared "call:10"
"Xun" declared "call:10"
"NitWinWin" declared "fold:0"
"Finneas" declared "call:10"
Street "flop" started. (community card = ['HK', 'H5', 'DK'])
"Finneas" declared "call:0"
"ZPlayer" declared "call:0"
"Xun" declared "fold:0"
Street "turn" started. (community card = ['HK', 'H5', 'DK', 'H6'])
"Finneas" declared "call:0"
"ZPlayer" declared "call:0"
Street "river" started. (community card = ['HK', 'H5', 'DK', 'H6', 'S7'])
"Finneas" declared "call:0"
"ZPlayer" declared "call:0"
"['ZPlayer']" won the round 7 (stack = {'ZPlayer': 1050, 'Xun': 975, 'NitWinWin': 970, 'Finneas': 1020, 'YangZ': 985})
player [ZPlayer] gets hole card ['D2', 'H2'], current stack 1050
player [Xun] gets hole card ['HQ', 'S9'], current stack 975
player [NitWinWin] gets hole card ['D4', 'DQ'], current stack 970
player [Finneas] gets hole card ['HT', 'C7'], current stack 1015
player [YangZ] gets hole card ['HJ', 'C3'], current stack 975
Started the round 8
Street "preflop" started. (community card = [])
"ZPlayer" declared "call:10"
"Xun" declared "call:10"
"NitWinWin" declared "fold:0"
"Finneas" declared "call:10"
"YangZ" declared "fold:0"
Street "flop" started. (community card = ['D8', 'S5', 'DJ'])
"Finneas" declared "call:0"
"ZPlayer" declared "call:0"
"Xun" declared "call:0"
Street "turn" started. (community card = ['D8', 'S5', 'DJ', 'H9'])
"Finneas" declared "call:0"
"ZPlayer" declared "call:0"
"Xun" declared "fold:0"
Street "river" started. (community card = ['D8', 'S5', 'DJ', 'H9', 'DK'])
"Finneas" declared "call:0"
"ZPlayer" declared "call:0"
"['Finneas']" won the round 8 (stack = {'ZPlayer': 1040, 'Xun': 965, 'NitWinWin': 970, 'Finneas': 1050, 'YangZ': 975})
player [ZPlayer] gets hole card ['S8', 'CA'], current stack 1030
player [Xun] gets hole card ['D6', 'HQ'], current stack 965
player [NitWinWin] gets hole card ['H8', 'C8'], current stack 970
player [Finneas] gets hole card ['DQ', 'HJ'], current stack 1050
player [YangZ] gets hole card ['DT', 'DK'], current stack 970
Started the round 9
Street "preflop" started. (community card = [])
"Xun" declared "call:10"
"NitWinWin" declared "fold:0"
"Finneas" declared "call:10"
"YangZ" declared "fold:0"
"ZPlayer" declared "raise:15"
"Xun" declared "call:15"
"Finneas" declared "call:15"
Street "flop" started. (community card = ['H2', 'D7', 'C6'])
"ZPlayer" declared "call:0"
"Xun" declared "call:0"
"Finneas" declared "call:0"
Street "turn" started. (community card = ['H2', 'D7', 'C6', 'C3'])
"ZPlayer" declared "call:0"
"Xun" declared "fold:0"
"Finneas" declared "call:0"
Street "river" started. (community card = ['H2', 'D7', 'C6', 'C3', 'CK'])
"ZPlayer" declared "call:0"
"Finneas" declared "call:0"
"['ZPlayer']" won the round 9 (stack = {'ZPlayer': 1075, 'Xun': 950, 'NitWinWin': 970, 'Finneas': 1035, 'YangZ': 970})
player [ZPlayer] gets hole card ['SQ', 'DJ'], current stack 1070
player [Xun] gets hole card ['C6', 'CQ'], current stack 940
player [NitWinWin] gets hole card ['ST', 'CA'], current stack 970
player [Finneas] gets hole card ['S4', 'HT'], current stack 1035
player [YangZ] gets hole card ['S7', 'S9'], current stack 970
Started the round 10
Street "preflop" started. (community card = [])
"NitWinWin" declared "fold:0"
"Finneas" declared "call:10"
"YangZ" declared "fold:0"
"ZPlayer" declared "raise:15"
"Xun" declared "call:15"
"Finneas" declared "call:15"
Street "flop" started. (community card = ['D7', 'H2', 'S8'])
"ZPlayer" declared "call:0"
"Xun" declared "fold:0"
"Finneas" declared "call:0"
Street "turn" started. (community card = ['D7', 'H2', 'S8', 'D5'])
"ZPlayer" declared "call:0"
"Finneas" declared "call:0"
Street "river" started. (community card = ['D7', 'H2', 'S8', 'D5', 'D6'])
"ZPlayer" declared "call:0"
"Finneas" declared "call:0"
"['Finneas']" won the round 10 (stack = {'ZPlayer': 1060, 'Xun': 935, 'NitWinWin': 970, 'Finneas': 1065, 'YangZ': 970})
player [ZPlayer] gets hole card ['S2', 'D7'], current stack 1060
player [Xun] gets hole card ['S9', 'C8'], current stack 930
player [NitWinWin] gets hole card ['CT', 'HT'], current stack 960
player [Finneas] gets hole card ['HA', 'D6'], current stack 1065
player [YangZ] gets hole card ['DJ', 'S5'], current stack 970
Started the round 11
Street "preflop" started. (community card = [])
"Finneas" declared "call:10"
"YangZ" declared "fold:0"
"ZPlayer" declared "call:10"
"Xun" declared "call:10"
"NitWinWin" declared "fold:0"
Street "flop" started. (community card = ['HQ', 'HK', 'C6'])
"Xun" declared "fold:0"
"Finneas" declared "call:0"
"ZPlayer" declared "call:0"
Street "turn" started. (community card = ['HQ', 'HK', 'C6', 'CA'])
"Finneas" declared "call:0"
"ZPlayer" declared "call:0"
Street "river" started. (community card = ['HQ', 'HK', 'C6', 'CA', 'D3'])
"Finneas" declared "call:0"
"ZPlayer" declared "call:0"
"['Finneas']" won the round 11 (stack = {'ZPlayer': 1050, 'Xun': 925, 'NitWinWin': 960, 'Finneas': 1095, 'YangZ': 970})
player [ZPlayer] gets hole card ['C5', 'DQ'], current stack 1050
player [Xun] gets hole card ['D3', 'DK'], current stack 925
player [NitWinWin] gets hole card ['CK', 'HT'], current stack 955
player [Finneas] gets hole card ['CQ', 'HA'], current stack 1085
player [YangZ] gets hole card ['C2', 'HQ'], current stack 970
Started the round 12
Street "preflop" started. (community card = [])
"YangZ" declared "fold:0"
"ZPlayer" declared "call:10"
"Xun" declared "call:10"
"NitWinWin" declared "fold:0"
"Finneas" declared "raise:555"
"ZPlayer" declared "fold:0"
"Xun" declared "call:555"
Street "flop" started. (community card = ['CJ', 'SQ', 'D9'])
"Finneas" declared "call:0"
"Xun" declared "call:0"
Street "turn" started. (community card = ['CJ', 'SQ', 'D9', 'H3'])
"Finneas" declared "call:0"
"Xun" declared "fold:0"
"['Finneas']" won the round 12 (stack = {'ZPlayer': 1040, 'Xun': 370, 'NitWinWin': 955, 'Finneas': 1665, 'YangZ': 970})
player [ZPlayer] gets hole card ['H6', 'C7'], current stack 1040
player [Xun] gets hole card ['HQ', 'D6'], current stack 370
player [NitWinWin] gets hole card ['HJ', 'S2'], current stack 955
player [Finneas] gets hole card ['C8', 'D5'], current stack 1660
player [YangZ] gets hole card ['HA', 'D4'], current stack 960
Started the round 13
Street "preflop" started. (community card = [])
"ZPlayer" declared "call:10"
"Xun" declared "call:10"
"NitWinWin" declared "fold:0"
"Finneas" declared "call:10"
"YangZ" declared "fold:0"
Street "flop" started. (community card = ['D8', 'D9', 'CT'])
"Finneas" declared "call:0"
"ZPlayer" declared "raise:40"
"Xun" declared "call:40"
"Finneas" declared "fold:0"
Street "turn" started. (community card = ['D8', 'D9', 'CT', 'C2'])
"ZPlayer" declared "raise:120"
"Xun" declared "fold:0"
"['ZPlayer']" won the round 13 (stack = {'ZPlayer': 1110, 'Xun': 320, 'NitWinWin': 955, 'Finneas': 1655, 'YangZ': 960})
player [ZPlayer] gets hole card ['D6', 'DA'], current stack 1100
player [Xun] gets hole card ['C8', 'D4'], current stack 320
player [NitWinWin] gets hole card ['C4', 'D8'], current stack 955
player [Finneas] gets hole card ['H5', 'C6'], current stack 1655
player [YangZ] gets hole card ['H3', 'HJ'], current stack 955
Started the round 14
Street "preflop" started. (community card = [])
"Xun" declared "call:10"
"NitWinWin" declared "fold:0"
"Finneas" declared "call:10"
"YangZ" declared "fold:0"
"ZPlayer" declared "raise:15"
"Xun" declared "call:15"
"Finneas" declared "call:15"
Street "flop" started. (community card = ['CA', 'S2', 'H6'])
"ZPlayer" declared "raise:50"
"Xun" declared "fold:0"
"Finneas" declared "fold:0"
"['ZPlayer']" won the round 14 (stack = {'ZPlayer': 1145, 'Xun': 305, 'NitWinWin': 955, 'Finneas': 1640, 'YangZ': 955})
player [ZPlayer] gets hole card ['DJ', 'S5'], current stack 1140
player [Xun] gets hole card ['HT', 'CQ'], current stack 295
player [NitWinWin] gets hole card ['S6', 'H4'], current stack 955
player [Finneas] gets hole card ['D4', 'C9'], current stack 1640
player [YangZ] gets hole card ['C3', 'H6'], current stack 955
Started the round 15
Street "preflop" started. (community card = [])
"NitWinWin" declared "fold:0"
"Finneas" declared "call:10"
"YangZ" declared "fold:0"
"ZPlayer" declared "call:10"
"Xun" declared "call:10"
Street "flop" started. (community card = ['SK', 'D7', 'HQ'])
"ZPlayer" declared "call:0"
"Xun" declared "call:0"
"Finneas" declared "call:0"
Street "turn" started. (community card = ['SK', 'D7', 'HQ', 'SA'])
"ZPlayer" declared "call:0"
"Xun" declared "call:0"
"Finneas" declared "call:0"
Street "river" started. (community card = ['SK', 'D7', 'HQ', 'SA', 'HA'])
"ZPlayer" declared "call:0"
"Xun" declared "fold:0"
"Finneas" declared "call:0"
"['ZPlayer']" won the round 15 (stack = {'ZPlayer': 1165, 'Xun': 295, 'NitWinWin': 955, 'Finneas': 1630, 'YangZ': 955})
player [ZPlayer] gets hole card ['H7', 'CA'], current stack 1165
player [Xun] gets hole card ['S2', 'HJ'], current stack 290
player [NitWinWin] gets hole card ['SA', 'H5'], current stack 945
player [Finneas] gets hole card ['C7', 'S6'], current stack 1630
player [YangZ] gets hole card ['DT', 'CQ'], current stack 955
Started the round 16
Street "preflop" started. (community card = [])
"Finneas" declared "call:10"
"YangZ" declared "fold:0"
"ZPlayer" declared "raise:15"
"Xun" declared "call:15"
"NitWinWin" declared "fold:0"
"Finneas" declared "call:15"
Street "flop" started. (community card = ['H9', 'HQ', 'H3'])
"Xun" declared "call:0"
"Finneas" declared "call:0"
"ZPlayer" declared "raise:10"
"Xun" declared "call:10"
"Finneas" declared "call:10"
Street "turn" started. (community card = ['H9', 'HQ', 'H3', 'C9'])
"Xun" declared "fold:0"
"Finneas" declared "call:0"
"ZPlayer" declared "call:0"
Street "river" started. (community card = ['H9', 'HQ', 'H3', 'C9', 'C2'])
"Finneas" declared "call:0"
"ZPlayer" declared "call:0"
"['ZPlayer']" won the round 16 (stack = {'ZPlayer': 1225, 'Xun': 270, 'NitWinWin': 945, 'Finneas': 1605, 'YangZ': 955})
player [ZPlayer] gets hole card ['H5', 'CK'], current stack 1225
player [Xun] gets hole card ['D7', 'DQ'], current stack 270
player [NitWinWin] gets hole card ['C4', 'H8'], current stack 940
player [Finneas] gets hole card ['C6', 'SQ'], current stack 1595
player [YangZ] gets hole card ['H9', 'DJ'], current stack 955
Started the round 17
Street "preflop" started. (community card = [])
"YangZ" declared "fold:0"
"ZPlayer" declared "raise:15"
"Xun" declared "call:15"
"NitWinWin" declared "fold:0"
"Finneas" declared "call:15"
Street "flop" started. (community card = ['D3', 'D8', 'S9'])
"Finneas" declared "call:0"
"ZPlayer" declared "call:0"
"Xun" declared "call:0"
Street "turn" started. (community card = ['D3', 'D8', 'S9', 'D2'])
"Finneas" declared "call:0"
"ZPlayer" declared "call:0"
"Xun" declared "call:0"
Street "river" started. (community card = ['D3', 'D8', 'S9', 'D2', 'DK'])
"Finneas" declared "call:0"
"ZPlayer" declared "call:0"
"Xun" declared "call:0"
"['Xun']" won the round 17 (stack = {'ZPlayer': 1210, 'Xun': 305, 'NitWinWin': 940, 'Finneas': 1590, 'YangZ': 955})
player [ZPlayer] gets hole card ['D9', 'C9'], current stack 1210
player [Xun] gets hole card ['D4', 'SK'], current stack 305
player [NitWinWin] gets hole card ['D3', 'H4'], current stack 940
player [Finneas] gets hole card ['H8', 'SA'], current stack 1585
player [YangZ] gets hole card ['C5', 'ST'], current stack 945
Started the round 18
Street "preflop" started. (community card = [])
"ZPlayer" declared "raise:15"
"Xun" declared "call:15"
"NitWinWin" declared "fold:0"
"Finneas" declared "call:15"
"YangZ" declared "fold:0"
Street "flop" started. (community card = ['HJ', 'H3', 'H5'])
"Finneas" declared "call:0"
"ZPlayer" declared "raise:10"
"Xun" declared "fold:0"
"Finneas" declared "call:10"
Street "turn" started. (community card = ['HJ', 'H3', 'H5', 'DQ'])
"Finneas" declared "call:0"
"ZPlayer" declared "call:0"
Street "river" started. (community card = ['HJ', 'H3', 'H5', 'DQ', 'S6'])
"Finneas" declared "call:0"
"ZPlayer" declared "call:0"
"['ZPlayer']" won the round 18 (stack = {'ZPlayer': 1260, 'Xun': 290, 'NitWinWin': 940, 'Finneas': 1565, 'YangZ': 945})
player [ZPlayer] gets hole card ['S6', 'S2'], current stack 1250
player [Xun] gets hole card ['D5', 'SQ'], current stack 290
player [NitWinWin] gets hole card ['DJ', 'C9'], current stack 940
player [Finneas] gets hole card ['C2', 'D3'], current stack 1565
player [YangZ] gets hole card ['HQ', 'S8'], current stack 940
Started the round 19
Street "preflop" started. (community card = [])
"Xun" declared "call:10"
"NitWinWin" declared "fold:0"
"Finneas" declared "call:10"
"YangZ" declared "fold:0"
"ZPlayer" declared "call:10"
Street "flop" started. (community card = ['ST', 'C6', 'CJ'])
"ZPlayer" declared "raise:10"
"Xun" declared "fold:0"
"Finneas" declared "call:10"
Street "turn" started. (community card = ['ST', 'C6', 'CJ', 'C3'])
"ZPlayer" declared "call:0"
"Finneas" declared "call:0"
Street "river" started. (community card = ['ST', 'C6', 'CJ', 'C3', 'D2'])
"ZPlayer" declared "raise:27"
"Finneas" declared "fold:0"
"['ZPlayer']" won the round 19 (stack = {'ZPlayer': 1295, 'Xun': 280, 'NitWinWin': 940, 'Finneas': 1545, 'YangZ': 940})
player [ZPlayer] gets hole card ['H8', 'CK'], current stack 1290
player [Xun] gets hole card ['S4', 'S2'], current stack 270
player [NitWinWin] gets hole card ['DK', 'D2'], current stack 940
player [Finneas] gets hole card ['CJ', 'H7'], current stack 1545
player [YangZ] gets hole card ['DJ', 'DT'], current stack 940
Started the round 20
Street "preflop" started. (community card = [])
"NitWinWin" declared "fold:0"
"Finneas" declared "call:10"
"YangZ" declared "fold:0"
"ZPlayer" declared "raise:15"
"Xun" declared "call:15"
"Finneas" declared "call:15"
Street "flop" started. (community card = ['D9', 'D3', 'H3'])
"ZPlayer" declared "call:0"
"Xun" declared "fold:0"
"Finneas" declared "call:0"
Street "turn" started. (community card = ['D9', 'D3', 'H3', 'H4'])
"ZPlayer" declared "call:0"
"Finneas" declared "call:0"
Street "river" started. (community card = ['D9', 'D3', 'H3', 'H4', 'C5'])
"ZPlayer" declared "call:0"
"Finneas" declared "call:0"
"['ZPlayer']" won the round 20 (stack = {'ZPlayer': 1325, 'Xun': 265, 'NitWinWin': 940, 'Finneas': 1530, 'YangZ': 940})
player [ZPlayer] gets hole card ['D8', 'C4'], current stack 1325
player [Xun] gets hole card ['C9', 'C2'], current stack 260
player [NitWinWin] gets hole card ['S7', 'H7'], current stack 930
player [Finneas] gets hole card ['DJ', 'DA'], current stack 1530
player [YangZ] gets hole card ['D6', 'S3'], current stack 940
Started the round 21
Street "preflop" started. (community card = [])
"Finneas" declared "call:10"
"YangZ" declared "fold:0"
"ZPlayer" declared "call:10"
"Xun" declared "call:10"
"NitWinWin" declared "fold:0"
Street "flop" started. (community card = ['S9', 'HT', 'SA'])
"Xun" declared "fold:0"
"Finneas" declared "call:0"
"ZPlayer" declared "call:0"
Street "turn" started. (community card = ['S9', 'HT', 'SA', 'C6'])
"Finneas" declared "call:0"
"ZPlayer" declared "call:0"
Street "river" started. (community card = ['S9', 'HT', 'SA', 'C6', 'C7'])
"Finneas" declared "call:0"
"ZPlayer" declared "raise:40"
"Finneas" declared "fold:0"
"['ZPlayer']" won the round 21 (stack = {'ZPlayer': 1355, 'Xun': 255, 'NitWinWin': 930, 'Finneas': 1520, 'YangZ': 940})
player [ZPlayer] gets hole card ['H5', 'SK'], current stack 1355
player [Xun] gets hole card ['D6', 'D8'], current stack 255
player [NitWinWin] gets hole card ['DT', 'CK'], current stack 925
player [Finneas] gets hole card ['S4', 'CQ'], current stack 1510
player [YangZ] gets hole card ['H4', 'DK'], current stack 940
Started the round 22
Street "preflop" started. (community card = [])
"YangZ" declared "fold:0"
"ZPlayer" declared "raise:15"
"Xun" declared "call:15"
"NitWinWin" declared "fold:0"
"Finneas" declared "call:15"
Street "flop" started. (community card = ['SA', 'HA', 'D2'])
"Finneas" declared "call:0"
"ZPlayer" declared "call:0"
"Xun" declared "fold:0"
Street "turn" started. (community card = ['SA', 'HA', 'D2', 'D4'])
"Finneas" declared "call:0"
"ZPlayer" declared "call:0"
Street "river" started. (community card = ['SA', 'HA', 'D2', 'D4', 'C9'])
"Finneas" declared "call:0"
"ZPlayer" declared "call:0"
"['Finneas']" won the round 22 (stack = {'ZPlayer': 1340, 'Xun': 240, 'NitWinWin': 925, 'Finneas': 1555, 'YangZ': 940})
player [ZPlayer] gets hole card ['DA', 'D9'], current stack 1340
player [Xun] gets hole card ['C7', 'CK'], current stack 240
player [NitWinWin] gets hole card ['D5', 'S2'], current stack 925
player [Finneas] gets hole card ['H3', 'SA'], current stack 1550
player [YangZ] gets hole card ['S5', 'ST'], current stack 930
Started the round 23
Street "preflop" started. (community card = [])
"ZPlayer" declared "raise:15"
"Xun" declared "call:15"
"NitWinWin" declared "fold:0"
"Finneas" declared "call:15"
"YangZ" declared "fold:0"
Street "flop" started. (community card = ['H7', 'H4', 'HA'])
"Finneas" declared "call:0"
"ZPlayer" declared "raise:10"
"Xun" declared "fold:0"
"Finneas" declared "call:10"
Street "turn" started. (community card = ['H7', 'H4', 'HA', 'HT'])
"Finneas" declared "raise:770"
"ZPlayer" declared "fold:0"
"['Finneas']" won the round 23 (stack = {'ZPlayer': 1315, 'Xun': 225, 'NitWinWin': 925, 'Finneas': 1605, 'YangZ': 930})
player [ZPlayer] gets hole card ['C4', 'CJ'], current stack 1305
player [Xun] gets hole card ['SK', 'HK'], current stack 225
player [NitWinWin] gets hole card ['C6', 'HT'], current stack 925
player [Finneas] gets hole card ['C7', 'HQ'], current stack 1605
player [YangZ] gets hole card ['SA', 'CT'], current stack 925
Started the round 24
Street "preflop" started. (community card = [])
"Xun" declared "call:10"
"NitWinWin" declared "fold:0"
"Finneas" declared "call:10"
"YangZ" declared "fold:0"
"ZPlayer" declared "call:10"
Street "flop" started. (community card = ['S6', 'H5', 'S4'])
"ZPlayer" declared "call:0"
"Xun" declared "call:0"
"Finneas" declared "call:0"
Street "turn" started. (community card = ['S6', 'H5', 'S4', 'C9'])
"ZPlayer" declared "call:0"
"Xun" declared "call:0"
"Finneas" declared "call:0"
Street "river" started. (community card = ['S6', 'H5', 'S4', 'C9', 'S9'])
"ZPlayer" declared "call:0"
"Xun" declared "fold:0"
"Finneas" declared "call:0"
"['ZPlayer']" won the round 24 (stack = {'ZPlayer': 1340, 'Xun': 215, 'NitWinWin': 925, 'Finneas': 1595, 'YangZ': 925})
player [ZPlayer] gets hole card ['SQ', 'ST'], current stack 1335
player [Xun] gets hole card ['D3', 'D8'], current stack 205
player [NitWinWin] gets hole card ['H5', 'HJ'], current stack 925
player [Finneas] gets hole card ['C3', 'SJ'], current stack 1595
player [YangZ] gets hole card ['S8', 'DJ'], current stack 925
Started the round 25
Street "preflop" started. (community card = [])
"NitWinWin" declared "fold:0"
"Finneas" declared "call:10"
"YangZ" declared "fold:0"
"ZPlayer" declared "raise:15"
"Xun" declared "call:15"
"Finneas" declared "call:15"
Street "flop" started. (community card = ['H9', 'H2', 'C2'])
"ZPlayer" declared "call:0"
"Xun" declared "fold:0"
"Finneas" declared "call:0"
Street "turn" started. (community card = ['H9', 'H2', 'C2', 'SA'])
"ZPlayer" declared "call:0"
"Finneas" declared "call:0"
Street "river" started. (community card = ['H9', 'H2', 'C2', 'SA', 'C4'])
"ZPlayer" declared "call:0"
"Finneas" declared "call:0"
"['ZPlayer']" won the round 25 (stack = {'ZPlayer': 1370, 'Xun': 200, 'NitWinWin': 925, 'Finneas': 1580, 'YangZ': 925})
player [ZPlayer] gets hole card ['H8', 'HJ'], current stack 1370
player [Xun] gets hole card ['D9', 'C3'], current stack 195
player [NitWinWin] gets hole card ['S6', 'C6'], current stack 915
player [Finneas] gets hole card ['DK', 'CQ'], current stack 1580
player [YangZ] gets hole card ['S4', 'H7'], current stack 925
Started the round 26
Street "preflop" started. (community card = [])
"Finneas" declared "call:10"
"YangZ" declared "fold:0"
"ZPlayer" declared "raise:15"
"Xun" declared "call:15"
"NitWinWin" declared "fold:0"
"Finneas" declared "call:15"
Street "flop" started. (community card = ['HT', 'S8', 'HK'])
"Xun" declared "fold:0"
"Finneas" declared "call:0"
"ZPlayer" declared "raise:27"
"Finneas" declared "fold:0"
"['ZPlayer']" won the round 26 (stack = {'ZPlayer': 1410, 'Xun': 185, 'NitWinWin': 915, 'Finneas': 1565, 'YangZ': 925})
player [ZPlayer] gets hole card ['C5', 'S7'], current stack 1410
player [Xun] gets hole card ['HA', 'CQ'], current stack 185
player [NitWinWin] gets hole card ['D8', 'D6'], current stack 910
player [Finneas] gets hole card ['CT', 'SQ'], current stack 1555
player [YangZ] gets hole card ['H5', 'DJ'], current stack 925
Started the round 27
Street "preflop" started. (community card = [])
"YangZ" declared "fold:0"
"ZPlayer" declared "call:10"
"Xun" declared "call:10"
"NitWinWin" declared "fold:0"
"Finneas" declared "call:10"
Street "flop" started. (community card = ['D4', 'C9', 'D9'])
"Finneas" declared "call:0"
"ZPlayer" declared "call:0"
"Xun" declared "call:0"
Street "turn" started. (community card = ['D4', 'C9', 'D9', 'C6'])
"Finneas" declared "call:0"
"ZPlayer" declared "call:0"
"Xun" declared "fold:0"
Street "river" started. (community card = ['D4', 'C9', 'D9', 'C6', 'D2'])
"Finneas" declared "call:0"
"ZPlayer" declared "call:0"
"['Finneas']" won the round 27 (stack = {'ZPlayer': 1400, 'Xun': 175, 'NitWinWin': 910, 'Finneas': 1590, 'YangZ': 925})
player [ZPlayer] gets hole card ['S2', 'C7'], current stack 1400
player [Xun] gets hole card ['C4', 'D4'], current stack 175
player [NitWinWin] gets hole card ['CK', 'H4'], current stack 910
player [Finneas] gets hole card ['H2', 'DJ'], current stack 1585
player [YangZ] gets hole card ['SK', 'H9'], current stack 915
Started the round 28
Street "preflop" started. (community card = [])
"ZPlayer" declared "call:10"
"Xun" declared "call:10"
"NitWinWin" declared "fold:0"
"Finneas" declared "call:10"
"YangZ" declared "fold:0"
Street "flop" started. (community card = ['CQ', 'H3', 'H6'])
"Finneas" declared "call:0"
"ZPlayer" declared "call:0"
"Xun" declared "fold:0"
Street "turn" started. (community card = ['CQ', 'H3', 'H6', 'C9'])
"Finneas" declared "call:0"
"ZPlayer" declared "call:0"
Street "river" started. (community card = ['CQ', 'H3', 'H6', 'C9', 'D5'])
"Finneas" declared "call:0"
"ZPlayer" declared "call:0"
"['Finneas']" won the round 28 (stack = {'ZPlayer': 1390, 'Xun': 165, 'NitWinWin': 910, 'Finneas': 1620, 'YangZ': 915})
player [ZPlayer] gets hole card ['H4', 'D9'], current stack 1380
player [Xun] gets hole card ['CT', 'C7'], current stack 165
player [NitWinWin] gets hole card ['D7', 'S2'], current stack 910
player [Finneas] gets hole card ['D3', 'S8'], current stack 1620
player [YangZ] gets hole card ['DT', 'H3'], current stack 910
Started the round 29
Street "preflop" started. (community card = [])
"Xun" declared "call:10"
"NitWinWin" declared "fold:0"
"Finneas" declared "call:10"
"YangZ" declared "fold:0"
"ZPlayer" declared "call:10"
Street "flop" started. (community card = ['ST', 'DA', 'S7'])
"ZPlayer" declared "call:0"
"Xun" declared "call:0"
"Finneas" declared "call:0"
Street "turn" started. (community card = ['ST', 'DA', 'S7', 'S9'])
"ZPlayer" declared "call:0"
"Xun" declared "call:0"
"Finneas" declared "call:0"
Street "river" started. (community card = ['ST', 'DA', 'S7', 'S9', 'CJ'])
"ZPlayer" declared "call:0"
"Xun" declared "fold:0"
"Finneas" declared "call:0"
"['Finneas']" won the round 29 (stack = {'ZPlayer': 1380, 'Xun': 155, 'NitWinWin': 910, 'Finneas': 1645, 'YangZ': 910})
player [ZPlayer] gets hole card ['S8', 'CJ'], current stack 1375
player [Xun] gets hole card ['SK', 'DA'], current stack 145
player [NitWinWin] gets hole card ['S2', 'HA'], current stack 910
player [Finneas] gets hole card ['HT', 'C8'], current stack 1645
player [YangZ] gets hole card ['CK', 'H7'], current stack 910
Started the round 30
Street "preflop" started. (community card = [])
"NitWinWin" declared "fold:0"
"Finneas" declared "call:10"
"YangZ" declared "fold:0"
"ZPlayer" declared "raise:15"
"Xun" declared "call:15"
"Finneas" declared "call:15"
Street "flop" started. (community card = ['SA', 'S9', 'D4'])
"ZPlayer" declared "call:0"
"Xun" declared "call:0"
"Finneas" declared "call:0"
Street "turn" started. (community card = ['SA', 'S9', 'D4', 'SQ'])
"ZPlayer" declared "raise:10"
"Xun" declared "call:10"
"Finneas" declared "call:10"
Street "river" started. (community card = ['SA', 'S9', 'D4', 'SQ', 'H9'])
"ZPlayer" declared "call:0"
"Xun" declared "call:0"
"Finneas" declared "call:0"
"['Xun']" won the round 30 (stack = {'ZPlayer': 1355, 'Xun': 205, 'NitWinWin': 910, 'Finneas': 1620, 'YangZ': 910})
player [ZPlayer] gets hole card ['D2', 'DJ'], current stack 1355
player [Xun] gets hole card ['CT', 'CA'], current stack 200
player [NitWinWin] gets hole card ['D7', 'C6'], current stack 900
player [Finneas] gets hole card ['HT', 'C2'], current stack 1620
player [YangZ] gets hole card ['SA', 'CQ'], current stack 910
Started the round 31
Street "preflop" started. (community card = [])
"Finneas" declared "call:10"
"YangZ" declared "fold:0"
"ZPlayer" declared "fold:0"
"Xun" declared "call:10"
"NitWinWin" declared "fold:0"
Street "flop" started. (community card = ['C4', 'H2', 'H8'])
"Xun" declared "fold:0"
"['Finneas']" won the round 31 (stack = {'ZPlayer': 1355, 'Xun': 195, 'NitWinWin': 900, 'Finneas': 1640, 'YangZ': 910})
player [ZPlayer] gets hole card ['DJ', 'C4'], current stack 1355
player [Xun] gets hole card ['D5', 'S5'], current stack 195
player [NitWinWin] gets hole card ['D7', 'D4'], current stack 895
player [Finneas] gets hole card ['S4', 'CJ'], current stack 1630
player [YangZ] gets hole card ['C5', 'DA'], current stack 910
Started the round 32
Street "preflop" started. (community card = [])
"YangZ" declared "fold:0"
"ZPlayer" declared "call:10"
"Xun" declared "call:10"
"NitWinWin" declared "fold:0"
"Finneas" declared "call:10"
Street "flop" started. (community card = ['S9', 'H8', 'H5'])
"Finneas" declared "call:0"
"ZPlayer" declared "call:0"
"Xun" declared "call:0"
Street "turn" started. (community card = ['S9', 'H8', 'H5', 'D9'])
"Finneas" declared "call:0"
"ZPlayer" declared "call:0"
"Xun" declared "call:0"
Street "river" started. (community card = ['S9', 'H8', 'H5', 'D9', 'HQ'])
"Finneas" declared "call:0"
"ZPlayer" declared "call:0"
"Xun" declared "raise:27"
"Finneas" declared "fold:0"
"ZPlayer" declared "fold:0"
"['Xun']" won the round 32 (stack = {'ZPlayer': 1345, 'Xun': 220, 'NitWinWin': 895, 'Finneas': 1630, 'YangZ': 910})
player [ZPlayer] gets hole card ['S3', 'H7'], current stack 1345
player [Xun] gets hole card ['S6', 'HK'], current stack 220
player [NitWinWin] gets hole card ['CT', 'C4'], current stack 895
player [Finneas] gets hole card ['DT', 'S2'], current stack 1625
player [YangZ] gets hole card ['H3', 'C9'], current stack 900
Started the round 33
Street "preflop" started. (community card = [])
"ZPlayer" declared "call:10"
"Xun" declared "call:10"
"NitWinWin" declared "fold:0"
"Finneas" declared "call:10"
"YangZ" declared "fold:0"
Street "flop" started. (community card = ['CQ', 'HT', 'D5'])
"Finneas" declared "call:0"
"ZPlayer" declared "call:0"
"Xun" declared "fold:0"
Street "turn" started. (community card = ['CQ', 'HT', 'D5', 'HQ'])
"Finneas" declared "call:0"
"ZPlayer" declared "call:0"
Street "river" started. (community card = ['CQ', 'HT', 'D5', 'HQ', 'SJ'])
"Finneas" declared "call:0"
"ZPlayer" declared "call:0"
"['Finneas']" won the round 33 (stack = {'ZPlayer': 1335, 'Xun': 210, 'NitWinWin': 895, 'Finneas': 1660, 'YangZ': 900})
player [ZPlayer] gets hole card ['SQ', 'S2'], current stack 1325
player [Xun] gets hole card ['C5', 'C3'], current stack 210
player [NitWinWin] gets hole card ['H9', 'H7'], current stack 895
player [Finneas] gets hole card ['D2', 'D8'], current stack 1660
player [YangZ] gets hole card ['DQ', 'S7'], current stack 895
Started the round 34
Street "preflop" started. (community card = [])
"Xun" declared "call:10"
"NitWinWin" declared "fold:0"
"Finneas" declared "call:10"
"YangZ" declared "fold:0"
"ZPlayer" declared "call:10"
Street "flop" started. (community card = ['SA', 'HT', 'ST'])
"ZPlayer" declared "raise:17"
"Xun" declared "fold:0"
"Finneas" declared "call:17"
Street "turn" started. (community card = ['SA', 'HT', 'ST', 'H4'])
"ZPlayer" declared "call:0"
"Finneas" declared "call:0"
Street "river" started. (community card = ['SA', 'HT', 'ST', 'H4', 'C2'])
"ZPlayer" declared "call:0"
"Finneas" declared "call:0"
"['ZPlayer', 'Finneas']" won the round 34 (stack = {'ZPlayer': 1342, 'Xun': 200, 'NitWinWin': 895, 'Finneas': 1667, 'YangZ': 895})
player [ZPlayer] gets hole card ['HK', 'D9'], current stack 1337
player [Xun] gets hole card ['D5', 'SQ'], current stack 190
player [NitWinWin] gets hole card ['H5', 'S5'], current stack 895
player [Finneas] gets hole card ['D4', 'C9'], current stack 1667
player [YangZ] gets hole card ['C4', 'SK'], current stack 895
Started the round 35
Street "preflop" started. (community card = [])
"NitWinWin" declared "fold:0"
"Finneas" declared "call:10"
"YangZ" declared "fold:0"
"ZPlayer" declared "raise:15"
"Xun" declared "call:15"
"Finneas" declared "call:15"
Street "flop" started. (community card = ['D6', 'CK', 'DQ'])
"ZPlayer" declared "raise:45"
"Xun" declared "call:45"
"Finneas" declared "fold:0"
Street "turn" started. (community card = ['D6', 'CK', 'DQ', 'DA'])
"ZPlayer" declared "raise:10"
"Xun" declared "fold:0"
"['ZPlayer']" won the round 35 (stack = {'ZPlayer': 1417, 'Xun': 140, 'NitWinWin': 895, 'Finneas': 1652, 'YangZ': 895})
player [ZPlayer] gets hole card ['S2', 'CA'], current stack 1417
player [Xun] gets hole card ['H3', 'D3'], current stack 135
player [NitWinWin] gets hole card ['CJ', 'DJ'], current stack 885
player [Finneas] gets hole card ['H8', 'DT'], current stack 1652
player [YangZ] gets hole card ['S7', 'H2'], current stack 895
Started the round 36
Street "preflop" started. (community card = [])
"Finneas" declared "call:10"
"YangZ" declared "fold:0"
"ZPlayer" declared "raise:15"
"Xun" declared "call:15"
"NitWinWin" declared "fold:0"
"Finneas" declared "call:15"
Street "flop" started. (community card = ['SJ', 'S9', 'D2'])
"Xun" declared "fold:0"
"Finneas" declared "call:0"
"ZPlayer" declared "call:0"
Street "turn" started. (community card = ['SJ', 'S9', 'D2', 'C4'])
"Finneas" declared "call:0"
"ZPlayer" declared "call:0"
Street "river" started. (community card = ['SJ', 'S9', 'D2', 'C4', 'C7'])
"Finneas" declared "call:0"
"ZPlayer" declared "call:0"
"['Finneas']" won the round 36 (stack = {'ZPlayer': 1402, 'Xun': 125, 'NitWinWin': 885, 'Finneas': 1692, 'YangZ': 895})
player [ZPlayer] gets hole card ['DJ', 'S7'], current stack 1402
player [Xun] gets hole card ['D4', 'H6'], current stack 125
player [NitWinWin] gets hole card ['SK', 'S6'], current stack 880
player [Finneas] gets hole card ['D5', 'C3'], current stack 1682
player [YangZ] gets hole card ['S4', 'D9'], current stack 895
Started the round 37
Street "preflop" started. (community card = [])
"YangZ" declared "fold:0"
"ZPlayer" declared "raise:15"
"Xun" declared "call:15"
"NitWinWin" declared "fold:0"
"Finneas" declared "call:15"
Street "flop" started. (community card = ['S3', 'CJ', 'ST'])
"Finneas" declared "call:0"
"ZPlayer" declared "raise:50"
"Xun" declared "fold:0"
"Finneas" declared "fold:0"
"['ZPlayer']" won the round 37 (stack = {'ZPlayer': 1437, 'Xun': 110, 'NitWinWin': 880, 'Finneas': 1677, 'YangZ': 895})
player [ZPlayer] gets hole card ['ST', 'DJ'], current stack 1437
player [Xun] gets hole card ['D8', 'SK'], current stack 110
player [NitWinWin] gets hole card ['CA', 'C8'], current stack 880
player [Finneas] gets hole card ['S9', 'D4'], current stack 1672
player [YangZ] gets hole card ['C3', 'H4'], current stack 885
Started the round 38
Street "preflop" started. (community card = [])
"ZPlayer" declared "raise:15"
"Xun" declared "call:15"
"NitWinWin" declared "fold:0"
"Finneas" declared "call:15"
"YangZ" declared "fold:0"
Street "flop" started. (community card = ['C4', 'D6', 'HA'])
"Finneas" declared "call:0"
"ZPlayer" declared "call:0"
"Xun" declared "fold:0"
Street "turn" started. (community card = ['C4', 'D6', 'HA', 'H2'])
"Finneas" declared "call:0"
"ZPlayer" declared "call:0"
Street "river" started. (community card = ['C4', 'D6', 'HA', 'H2', 'HT'])
"Finneas" declared "call:0"
"ZPlayer" declared "raise:10"
"Finneas" declared "call:10"
"['ZPlayer']" won the round 38 (stack = {'ZPlayer': 1487, 'Xun': 95, 'NitWinWin': 880, 'Finneas': 1652, 'YangZ': 885})
player [ZPlayer] gets hole card ['S3', 'D8'], current stack 1477
player [Xun] gets hole card ['S4', 'DA'], current stack 95
player [NitWinWin] gets hole card ['C2', 'C9'], current stack 880
player [Finneas] gets hole card ['D5', 'HA'], current stack 1652
player [YangZ] gets hole card ['DQ', 'D9'], current stack 880
Started the round 39
Street "preflop" started. (community card = [])
"Xun" declared "call:10"
"NitWinWin" declared "fold:0"
"Finneas" declared "call:10"
"YangZ" declared "fold:0"
"ZPlayer" declared "call:10"
Street "flop" started. (community card = ['C3', 'D4', 'SA'])
"ZPlayer" declared "raise:10"
"Xun" declared "call:10"
"Finneas" declared "call:10"
Street "turn" started. (community card = ['C3', 'D4', 'SA', 'S2'])
"ZPlayer" declared "call:0"
"Xun" declared "call:0"
"Finneas" declared "call:0"
Street "river" started. (community card = ['C3', 'D4', 'SA', 'S2', 'S6'])
"ZPlayer" declared "call:0"
"Xun" declared "fold:0"
"Finneas" declared "call:0"
"['Finneas']" won the round 39 (stack = {'ZPlayer': 1467, 'Xun': 75, 'NitWinWin': 880, 'Finneas': 1697, 'YangZ': 880})
player [ZPlayer] gets hole card ['C9', 'HT'], current stack 1462
player [Xun] gets hole card ['CJ', 'S5'], current stack 65
player [NitWinWin] gets hole card ['CQ', 'HQ'], current stack 880
player [Finneas] gets hole card ['D2', 'H6'], current stack 1697
player [YangZ] gets hole card ['DJ', 'H9'], current stack 880
Started the round 40
Street "preflop" started. (community card = [])
"NitWinWin" declared "raise:880"
"Finneas" declared "fold:0"
"YangZ" declared "fold:0"
"ZPlayer" declared "fold:0"
"Xun" declared "call:880"
Street "flop" started. (community card = ['H8', 'CT', 'S4'])
Street "turn" started. (community card = ['H8', 'CT', 'S4', 'SK'])
Street "river" started. (community card = ['H8', 'CT', 'S4', 'SK', 'S3'])
"['NitWinWin']" won the round 40 (stack = {'ZPlayer': 1462, 'Xun': 0, 'NitWinWin': 960, 'Finneas': 1697, 'YangZ': 880})
player [ZPlayer] gets hole card ['S6', 'C2'], current stack 1462
player [NitWinWin] gets hole card ['H5', 'S5'], current stack 955
player [Finneas] gets hole card ['HA', 'H6'], current stack 1687
player [YangZ] gets hole card ['C7', 'S3'], current stack 880
Started the round 41
Street "preflop" started. (community card = [])
"YangZ" declared "fold:0"
"ZPlayer" declared "call:10"
"NitWinWin" declared "fold:0"
"Finneas" declared "call:10"
Street "flop" started. (community card = ['HT', 'DA', 'S2'])
"Finneas" declared "call:0"
"ZPlayer" declared "raise:10"
"Finneas" declared "call:10"
Street "turn" started. (community card = ['HT', 'DA', 'S2', 'D3'])
"Finneas" declared "call:0"
"ZPlayer" declared "call:0"
Street "river" started. (community card = ['HT', 'DA', 'S2', 'D3', 'H2'])
"Finneas" declared "call:0"
"ZPlayer" declared "raise:45"
"Finneas" declared "fold:0"
"['ZPlayer']" won the round 41 (stack = {'ZPlayer': 1487, 'Xun': 0, 'NitWinWin': 955, 'Finneas': 1677, 'YangZ': 880})
player [ZPlayer] gets hole card ['CT', 'DQ'], current stack 1487
player [NitWinWin] gets hole card ['S3', 'D5'], current stack 955
player [Finneas] gets hole card ['SA', 'DA'], current stack 1672
player [YangZ] gets hole card ['C3', 'C5'], current stack 870
Started the round 42
Street "preflop" started. (community card = [])
"ZPlayer" declared "raise:15"
"NitWinWin" declared "fold:0"
"Finneas" declared "raise:848"
"YangZ" declared "fold:0"
"ZPlayer" declared "fold:0"
"['Finneas']" won the round 42 (stack = {'ZPlayer': 1472, 'Xun': 0, 'NitWinWin': 955, 'Finneas': 1702, 'YangZ': 870})
player [ZPlayer] gets hole card ['CT', 'CQ'], current stack 1462
player [NitWinWin] gets hole card ['SJ', 'SA'], current stack 955
player [Finneas] gets hole card ['S3', 'H7'], current stack 1702
player [YangZ] gets hole card ['C4', 'ST'], current stack 865
Started the round 43
Street "preflop" started. (community card = [])
"NitWinWin" declared "fold:0"
"Finneas" declared "call:10"
"YangZ" declared "fold:0"
"ZPlayer" declared "raise:15"
"Finneas" declared "call:15"
Street "flop" started. (community card = ['HT', 'H6', 'HK'])
"ZPlayer" declared "raise:10"
"Finneas" declared "call:10"
Street "turn" started. (community card = ['HT', 'H6', 'HK', 'C7'])
"ZPlayer" declared "raise:10"
"Finneas" declared "call:10"
Street "river" started. (community card = ['HT', 'H6', 'HK', 'C7', 'C5'])
"ZPlayer" declared "raise:10"
"Finneas" declared "call:10"
"['ZPlayer']" won the round 43 (stack = {'ZPlayer': 1522, 'Xun': 0, 'NitWinWin': 955, 'Finneas': 1657, 'YangZ': 865})
player [ZPlayer] gets hole card ['C7', 'H4'], current stack 1517
player [NitWinWin] gets hole card ['HK', 'HA'], current stack 945
player [Finneas] gets hole card ['D8', 'C3'], current stack 1657
player [YangZ] gets hole card ['DJ', 'S5'], current stack 865
Started the round 44
Street "preflop" started. (community card = [])
"Finneas" declared "call:10"
"YangZ" declared "fold:0"
"ZPlayer" declared "raise:15"
"NitWinWin" declared "fold:0"
"Finneas" declared "call:15"
Street "flop" started. (community card = ['DA', 'SK', 'SQ'])
"ZPlayer" declared "call:0"
"Finneas" declared "call:0"
Street "turn" started. (community card = ['DA', 'SK', 'SQ', 'CA'])
"ZPlayer" declared "call:0"
"Finneas" declared "call:0"
Street "river" started. (community card = ['DA', 'SK', 'SQ', 'CA', 'D6'])
"ZPlayer" declared "call:0"
"Finneas" declared "call:0"
"['Finneas']" won the round 44 (stack = {'ZPlayer': 1507, 'Xun': 0, 'NitWinWin': 945, 'Finneas': 1682, 'YangZ': 865})
player [ZPlayer] gets hole card ['ST', 'H7'], current stack 1507
player [NitWinWin] gets hole card ['S4', 'SJ'], current stack 940
player [Finneas] gets hole card ['D3', 'SQ'], current stack 1672
player [YangZ] gets hole card ['SA', 'S5'], current stack 865
Started the round 45
Street "preflop" started. (community card = [])
"YangZ" declared "fold:0"
"ZPlayer" declared "raise:15"
"NitWinWin" declared "fold:0"
"Finneas" declared "call:15"
Street "flop" started. (community card = ['CK', 'H5', 'HJ'])
"Finneas" declared "call:0"
"ZPlayer" declared "call:0"
Street "turn" started. (community card = ['CK', 'H5', 'HJ', 'C9'])
"Finneas" declared "call:0"
"ZPlayer" declared "call:0"
Street "river" started. (community card = ['CK', 'H5', 'HJ', 'C9', 'HQ'])
"Finneas" declared "call:0"
"ZPlayer" declared "raise:966"
"Finneas" declared "fold:0"
"['ZPlayer']" won the round 45 (stack = {'ZPlayer': 1527, 'Xun': 0, 'NitWinWin': 940, 'Finneas': 1667, 'YangZ': 865})
player [ZPlayer] gets hole card ['HT', 'H8'], current stack 1527
player [NitWinWin] gets hole card ['SJ', 'D6'], current stack 940
player [Finneas] gets hole card ['S7', 'HK'], current stack 1662
player [YangZ] gets hole card ['CQ', 'CA'], current stack 855
Started the round 46
Street "preflop" started. (community card = [])
"ZPlayer" declared "raise:15"
"NitWinWin" declared "fold:0"
"Finneas" declared "call:15"
"YangZ" declared "fold:0"
Street "flop" started. (community card = ['HQ', 'DA', 'C6'])
"Finneas" declared "call:0"
"ZPlayer" declared "call:0"
Street "turn" started. (community card = ['HQ', 'DA', 'C6', 'H6'])
"Finneas" declared "call:0"
"ZPlayer" declared "call:0"
Street "river" started. (community card = ['HQ', 'DA', 'C6', 'H6', 'H5'])
"Finneas" declared "call:0"
"ZPlayer" declared "raise:1455"
"Finneas" declared "fold:0"
"['ZPlayer']" won the round 46 (stack = {'ZPlayer': 1552, 'Xun': 0, 'NitWinWin': 940, 'Finneas': 1652, 'YangZ': 855})
player [ZPlayer] gets hole card ['DA', 'S5'], current stack 1542
player [NitWinWin] gets hole card ['C2', 'C6'], current stack 940
player [Finneas] gets hole card ['D8', 'ST'], current stack 1652
player [YangZ] gets hole card ['D7', 'SQ'], current stack 850
Started the round 47
Street "preflop" started. (community card = [])
"NitWinWin" declared "fold:0"
"Finneas" declared "call:10"
"YangZ" declared "fold:0"
"ZPlayer" declared "raise:15"
"Finneas" declared "call:15"
Street "flop" started. (community card = ['DJ', 'HA', 'S3'])
"ZPlayer" declared "raise:35"
"Finneas" declared "fold:0"
"['ZPlayer']" won the round 47 (stack = {'ZPlayer': 1572, 'Xun': 0, 'NitWinWin': 940, 'Finneas': 1637, 'YangZ': 850})
player [ZPlayer] gets hole card ['HQ', 'H4'], current stack 1567
player [NitWinWin] gets hole card ['CJ', 'D8'], current stack 930
player [Finneas] gets hole card ['DT', 'C9'], current stack 1637
player [YangZ] gets hole card ['CT', 'S5'], current stack 850
Started the round 48
Street "preflop" started. (community card = [])
"Finneas" declared "call:10"
"YangZ" declared "fold:0"
"ZPlayer" declared "raise:15"
"NitWinWin" declared "fold:0"
"Finneas" declared "call:15"
Street "flop" started. (community card = ['C2', 'H6', 'HA'])
"ZPlayer" declared "raise:20"
"Finneas" declared "fold:0"
"['ZPlayer']" won the round 48 (stack = {'ZPlayer': 1597, 'Xun': 0, 'NitWinWin': 930, 'Finneas': 1622, 'YangZ': 850})
player [ZPlayer] gets hole card ['CJ', 'C6'], current stack 1597
player [NitWinWin] gets hole card ['H9', 'S3'], current stack 925
player [Finneas] gets hole card ['S6', 'S5'], current stack 1612
player [YangZ] gets hole card ['DT', 'ST'], current stack 850
Started the round 49
Street "preflop" started. (community card = [])
"YangZ" declared "fold:0"
"ZPlayer" declared "raise:15"
"NitWinWin" declared "fold:0"
"Finneas" declared "call:15"
Street "flop" started. (community card = ['CA', 'HJ', 'CT'])
"Finneas" declared "call:0"
"ZPlayer" declared "raise:17"
"Finneas" declared "call:17"
Street "turn" started. (community card = ['CA', 'HJ', 'CT', 'C3'])
"Finneas" declared "call:0"
"ZPlayer" declared "raise:69"
"Finneas" declared "fold:0"
"['ZPlayer']" won the round 49 (stack = {'ZPlayer': 1634, 'Xun': 0, 'NitWinWin': 925, 'Finneas': 1590, 'YangZ': 850})
player [ZPlayer] gets hole card ['CT', 'CJ'], current stack 1634
player [NitWinWin] gets hole card ['CK', 'H7'], current stack 925
player [Finneas] gets hole card ['H9', 'S3'], current stack 1585
player [YangZ] gets hole card ['DK', 'HJ'], current stack 840
Started the round 50
Street "preflop" started. (community card = [])
"ZPlayer" declared "raise:15"
"NitWinWin" declared "fold:0"
"Finneas" declared "call:15"
"YangZ" declared "fold:0"
Street "flop" started. (community card = ['HQ', 'DT', 'D3'])
"Finneas" declared "call:0"
"ZPlayer" declared "raise:20"
"Finneas" declared "fold:0"
"['ZPlayer']" won the round 50 (stack = {'ZPlayer': 1659, 'Xun': 0, 'NitWinWin': 925, 'Finneas': 1575, 'YangZ': 840})

Game Results:
------------------------------------------------------------
Game 1:
Winner: ZPlayer (stack: 1659)
All players' stacks:
  ZPlayer: 1659
  Xun: 0
  NitWinWin: 925
  Finneas: 1575
  YangZ: 840
------------------------------------------------------------
