player [ZPlayer] gets hole card ['C7', 'D7'], current stack 1000
player [Xun] gets hole card ['C3', 'C8'], current stack 995
player [NitWinWin] gets hole card ['H7', 'HT'], current stack 990
player [Finneas] gets hole card ['ST', 'HJ'], current stack 1000
player [YangZ] gets hole card ['D9', 'C6'], current stack 1000
Started the round 1
Street "preflop" started. (community card = [])
"Finneas" declared "call:10"
"YangZ" declared "fold:0"
"ZPlayer" declared "raise:15"
"Xun" declared "call:15"
"NitWinWin" declared "fold:0"
"Finneas" declared "call:15"
Street "flop" started. (community card = ['DQ', 'DT', 'H4'])
"Xun" declared "fold:0"
"Finneas" declared "call:0"
"ZPlayer" declared "call:0"
Street "turn" started. (community card = ['DQ', 'DT', 'H4', 'SJ'])
"Finneas" declared "call:0"
"ZPlayer" declared "call:0"
Street "river" started. (community card = ['DQ', 'DT', 'H4', 'SJ', 'SK'])
"Finneas" declared "call:0"
"ZPlayer" declared "call:0"
"['Finneas']" won the round 1 (stack = {'ZPlayer': 985, 'Xun': 985, 'NitWinWin': 990, 'Finneas': 1040, 'YangZ': 1000})
player [ZPlayer] gets hole card ['S7', 'D8'], current stack 985
player [Xun] gets hole card ['DA', 'S5'], current stack 985
player [NitWinWin] gets hole card ['H7', 'D5'], current stack 985
player [Finneas] gets hole card ['CK', 'H9'], current stack 1030
player [YangZ] gets hole card ['C9', 'HJ'], current stack 1000
Started the round 2
Street "preflop" started. (community card = [])
"YangZ" declared "fold:0"
"ZPlayer" declared "call:10"
"Xun" declared "call:10"
"NitWinWin" declared "fold:0"
"Finneas" declared "call:10"
Street "flop" started. (community card = ['ST', 'D9', 'HK'])
"Finneas" declared "call:0"
"ZPlayer" declared "raise:10"
"Xun" declared "fold:0"
"Finneas" declared "call:10"
Street "turn" started. (community card = ['ST', 'D9', 'HK', 'H4'])
"Finneas" declared "call:0"
"ZPlayer" declared "call:0"
Street "river" started. (community card = ['ST', 'D9', 'HK', 'H4', 'DQ'])
"Finneas" declared "call:0"
"ZPlayer" declared "call:0"
"['Finneas']" won the round 2 (stack = {'ZPlayer': 965, 'Xun': 975, 'NitWinWin': 985, 'Finneas': 1075, 'YangZ': 1000})
player [ZPlayer] gets hole card ['HJ', 'S5'], current stack 965
player [Xun] gets hole card ['D8', 'ST'], current stack 975
player [NitWinWin] gets hole card ['D3', 'HQ'], current stack 985
player [Finneas] gets hole card ['DA', 'DK'], current stack 1070
player [YangZ] gets hole card ['C8', 'SJ'], current stack 990
Started the round 3
Street "preflop" started. (community card = [])
"ZPlayer" declared "call:10"
"Xun" declared "call:10"
"NitWinWin" declared "fold:0"
"Finneas" declared "raise:545"
"YangZ" declared "fold:0"
"ZPlayer" declared "fold:0"
"Xun" declared "call:545"
Street "flop" started. (community card = ['HT', 'C5', 'HA'])
"Finneas" declared "call:0"
"Xun" declared "call:0"
Street "turn" started. (community card = ['HT', 'C5', 'HA', 'C2'])
"Finneas" declared "call:0"
"Xun" declared "fold:0"
"['Finneas']" won the round 3 (stack = {'ZPlayer': 955, 'Xun': 430, 'NitWinWin': 985, 'Finneas': 1640, 'YangZ': 990})
player [ZPlayer] gets hole card ['D5', 'CK'], current stack 945
player [Xun] gets hole card ['C2', 'D6'], current stack 430
player [NitWinWin] gets hole card ['HK', 'DQ'], current stack 985
player [Finneas] gets hole card ['D4', 'H3'], current stack 1640
player [YangZ] gets hole card ['S8', 'CQ'], current stack 985
Started the round 4
Street "preflop" started. (community card = [])
"Xun" declared "call:10"
"NitWinWin" declared "fold:0"
"Finneas" declared "call:10"
"YangZ" declared "fold:0"
"ZPlayer" declared "call:10"
Street "flop" started. (community card = ['C6', 'CJ', 'S7'])
"ZPlayer" declared "call:0"
"Xun" declared "fold:0"
"Finneas" declared "call:0"
Street "turn" started. (community card = ['C6', 'CJ', 'S7', 'D8'])
"ZPlayer" declared "call:0"
"Finneas" declared "call:0"
Street "river" started. (community card = ['C6', 'CJ', 'S7', 'D8', 'HQ'])
"ZPlayer" declared "call:0"
"Finneas" declared "call:0"
"['ZPlayer']" won the round 4 (stack = {'ZPlayer': 980, 'Xun': 420, 'NitWinWin': 985, 'Finneas': 1630, 'YangZ': 985})
player [ZPlayer] gets hole card ['C6', 'C3'], current stack 975
player [Xun] gets hole card ['DA', 'CT'], current stack 410
player [NitWinWin] gets hole card ['D5', 'D8'], current stack 985
player [Finneas] gets hole card ['HT', 'C5'], current stack 1630
player [YangZ] gets hole card ['S4', 'D4'], current stack 985
Started the round 5
Street "preflop" started. (community card = [])
"NitWinWin" declared "fold:0"
"Finneas" declared "call:10"
"YangZ" declared "fold:0"
"ZPlayer" declared "call:10"
"Xun" declared "call:10"
Street "flop" started. (community card = ['D3', 'CK', 'C2'])
"ZPlayer" declared "raise:583"
"Xun" declared "fold:0"
"Finneas" declared "fold:0"
"['ZPlayer']" won the round 5 (stack = {'ZPlayer': 1000, 'Xun': 410, 'NitWinWin': 985, 'Finneas': 1620, 'YangZ': 985})
player [ZPlayer] gets hole card ['D9', 'CQ'], current stack 1000
player [Xun] gets hole card ['HQ', 'C4'], current stack 405
player [NitWinWin] gets hole card ['C6', 'CK'], current stack 975
player [Finneas] gets hole card ['D3', 'S8'], current stack 1620
player [YangZ] gets hole card ['C9', 'HJ'], current stack 985
Started the round 6
Street "preflop" started. (community card = [])
"Finneas" declared "call:10"
"YangZ" declared "fold:0"
"ZPlayer" declared "raise:15"
"Xun" declared "call:15"
"NitWinWin" declared "fold:0"
"Finneas" declared "call:15"
Street "flop" started. (community card = ['SQ', 'C7', 'S6'])
"Xun" declared "call:0"
"Finneas" declared "call:0"
"ZPlayer" declared "raise:27"
"Xun" declared "call:27"
"Finneas" declared "fold:0"
Street "turn" started. (community card = ['SQ', 'C7', 'S6', 'DA'])
"Xun" declared "call:0"
"ZPlayer" declared "raise:10"
"Xun" declared "fold:0"
"['ZPlayer']" won the round 6 (stack = {'ZPlayer': 1067, 'Xun': 368, 'NitWinWin': 975, 'Finneas': 1605, 'YangZ': 985})
player [ZPlayer] gets hole card ['S8', 'S6'], current stack 1067
player [Xun] gets hole card ['S5', 'CJ'], current stack 368
player [NitWinWin] gets hole card ['H9', 'H4'], current stack 970
player [Finneas] gets hole card ['H5', 'S2'], current stack 1595
player [YangZ] gets hole card ['CQ', 'S7'], current stack 985
Started the round 7
Street "preflop" started. (community card = [])
"YangZ" declared "fold:0"
"ZPlayer" declared "raise:15"
"Xun" declared "call:15"
"NitWinWin" declared "fold:0"
"Finneas" declared "call:15"
Street "flop" started. (community card = ['C2', 'S4', 'C3'])
"Finneas" declared "call:0"
"ZPlayer" declared "call:0"
"Xun" declared "call:0"
Street "turn" started. (community card = ['C2', 'S4', 'C3', 'C7'])
"Finneas" declared "call:0"
"ZPlayer" declared "call:0"
"Xun" declared "fold:0"
Street "river" started. (community card = ['C2', 'S4', 'C3', 'C7', 'DK'])
"Finneas" declared "call:0"
"ZPlayer" declared "call:0"
"['Finneas']" won the round 7 (stack = {'ZPlayer': 1052, 'Xun': 353, 'NitWinWin': 970, 'Finneas': 1640, 'YangZ': 985})
player [ZPlayer] gets hole card ['D7', 'S2'], current stack 1052
player [Xun] gets hole card ['HK', 'C3'], current stack 353
player [NitWinWin] gets hole card ['S4', 'DA'], current stack 970
player [Finneas] gets hole card ['D5', 'CJ'], current stack 1635
player [YangZ] gets hole card ['S3', 'SA'], current stack 975
Started the round 8
Street "preflop" started. (community card = [])
"ZPlayer" declared "fold:0"
"Xun" declared "call:10"
"NitWinWin" declared "fold:0"
"Finneas" declared "call:10"
"YangZ" declared "fold:0"
Street "flop" started. (community card = ['D3', 'C6', 'C7'])
"Finneas" declared "call:0"
"Xun" declared "fold:0"
"['Finneas']" won the round 8 (stack = {'ZPlayer': 1052, 'Xun': 343, 'NitWinWin': 970, 'Finneas': 1660, 'YangZ': 975})
player [ZPlayer] gets hole card ['HJ', 'S9'], current stack 1042
player [Xun] gets hole card ['DA', 'D9'], current stack 343
player [NitWinWin] gets hole card ['SK', 'SQ'], current stack 970
player [Finneas] gets hole card ['C8', 'S7'], current stack 1660
player [YangZ] gets hole card ['S3', 'HT'], current stack 970
Started the round 9
Street "preflop" started. (community card = [])
"Xun" declared "call:10"
"NitWinWin" declared "fold:0"
"Finneas" declared "call:10"
"YangZ" declared "fold:0"
"ZPlayer" declared "call:10"
Street "flop" started. (community card = ['HQ', 'H6', 'H9'])
"ZPlayer" declared "raise:35"
"Xun" declared "call:35"
"Finneas" declared "fold:0"
Street "turn" started. (community card = ['HQ', 'H6', 'H9', 'C3'])
"ZPlayer" declared "raise:10"
"Xun" declared "fold:0"
"['ZPlayer']" won the round 9 (stack = {'ZPlayer': 1112, 'Xun': 298, 'NitWinWin': 970, 'Finneas': 1650, 'YangZ': 970})
player [ZPlayer] gets hole card ['DJ', 'HA'], current stack 1107
player [Xun] gets hole card ['H2', 'DA'], current stack 288
player [NitWinWin] gets hole card ['S4', 'HJ'], current stack 970
player [Finneas] gets hole card ['H9', 'CT'], current stack 1650
player [YangZ] gets hole card ['S5', 'S3'], current stack 970
Started the round 10
Street "preflop" started. (community card = [])
"NitWinWin" declared "fold:0"
"Finneas" declared "call:10"
"YangZ" declared "fold:0"
"ZPlayer" declared "raise:15"
"Xun" declared "call:15"
"Finneas" declared "call:15"
Street "flop" started. (community card = ['SA', 'SJ', 'DQ'])
"ZPlayer" declared "raise:599"
"Xun" declared "call:599"
"Finneas" declared "fold:0"
Street "turn" started. (community card = ['SA', 'SJ', 'DQ', 'C2'])
Street "river" started. (community card = ['SA', 'SJ', 'DQ', 'C2', 'H3'])
"['ZPlayer']" won the round 10 (stack = {'ZPlayer': 1425, 'Xun': 0, 'NitWinWin': 970, 'Finneas': 1635, 'YangZ': 970})
player [ZPlayer] gets hole card ['D7', 'HA'], current stack 1425
player [NitWinWin] gets hole card ['DT', 'SK'], current stack 965
player [Finneas] gets hole card ['SA', 'D8'], current stack 1625
player [YangZ] gets hole card ['C6', 'CQ'], current stack 970
Started the round 11
Street "preflop" started. (community card = [])
"YangZ" declared "fold:0"
"ZPlayer" declared "raise:15"
"NitWinWin" declared "fold:0"
"Finneas" declared "call:15"
Street "flop" started. (community card = ['D3', 'CJ', 'S5'])
"Finneas" declared "call:0"
"ZPlayer" declared "call:0"
Street "turn" started. (community card = ['D3', 'CJ', 'S5', 'D5'])
"Finneas" declared "call:0"
"ZPlayer" declared "call:0"
Street "river" started. (community card = ['D3', 'CJ', 'S5', 'D5', 'C9'])
"Finneas" declared "call:0"
"ZPlayer" declared "call:0"
"['ZPlayer', 'Finneas']" won the round 11 (stack = {'ZPlayer': 1427, 'Xun': 0, 'NitWinWin': 965, 'Finneas': 1637, 'YangZ': 970})
player [ZPlayer] gets hole card ['CK', 'CA'], current stack 1427
player [NitWinWin] gets hole card ['D4', 'C3'], current stack 965
player [Finneas] gets hole card ['DT', 'SQ'], current stack 1632
player [YangZ] gets hole card ['H9', 'D9'], current stack 960
Started the round 12
Street "preflop" started. (community card = [])
"ZPlayer" declared "raise:15"
"NitWinWin" declared "fold:0"
"Finneas" declared "call:15"
"YangZ" declared "fold:0"
Street "flop" started. (community card = ['DK', 'H6', 'H4'])
"Finneas" declared "call:0"
"ZPlayer" declared "raise:20"
"Finneas" declared "fold:0"
"['ZPlayer']" won the round 12 (stack = {'ZPlayer': 1452, 'Xun': 0, 'NitWinWin': 965, 'Finneas': 1622, 'YangZ': 960})
player [ZPlayer] gets hole card ['SQ', 'CQ'], current stack 1442
player [NitWinWin] gets hole card ['DA', 'H5'], current stack 965
player [Finneas] gets hole card ['S8', 'CT'], current stack 1622
player [YangZ] gets hole card ['D3', 'C3'], current stack 955
Started the round 13
Street "preflop" started. (community card = [])
"NitWinWin" declared "fold:0"
"Finneas" declared "call:10"
"YangZ" declared "fold:0"
"ZPlayer" declared "raise:15"
"Finneas" declared "call:15"
Street "flop" started. (community card = ['H9', 'CK', 'H8'])
"ZPlayer" declared "raise:10"
"Finneas" declared "call:10"
Street "turn" started. (community card = ['H9', 'CK', 'H8', 'HK'])
"ZPlayer" declared "raise:10"
"Finneas" declared "call:10"
Street "river" started. (community card = ['H9', 'CK', 'H8', 'HK', 'D2'])
"ZPlayer" declared "raise:10"
"Finneas" declared "call:10"
"['ZPlayer']" won the round 13 (stack = {'ZPlayer': 1502, 'Xun': 0, 'NitWinWin': 965, 'Finneas': 1577, 'YangZ': 955})
player [ZPlayer] gets hole card ['DT', 'DK'], current stack 1497
player [NitWinWin] gets hole card ['D4', 'H7'], current stack 955
player [Finneas] gets hole card ['SA', 'DJ'], current stack 1577
player [YangZ] gets hole card ['DA', 'D9'], current stack 955
Started the round 14
Street "preflop" started. (community card = [])
"Finneas" declared "call:10"
"YangZ" declared "fold:0"
"ZPlayer" declared "raise:15"
"NitWinWin" declared "fold:0"
"Finneas" declared "call:15"
Street "flop" started. (community card = ['SQ', 'C8', 'H4'])
"ZPlayer" declared "call:0"
"Finneas" declared "call:0"
Street "turn" started. (community card = ['SQ', 'C8', 'H4', 'D7'])
"ZPlayer" declared "call:0"
"Finneas" declared "call:0"
Street "river" started. (community card = ['SQ', 'C8', 'H4', 'D7', 'H9'])
"ZPlayer" declared "call:0"
"Finneas" declared "call:0"
"['Finneas']" won the round 14 (stack = {'ZPlayer': 1487, 'Xun': 0, 'NitWinWin': 955, 'Finneas': 1602, 'YangZ': 955})
player [ZPlayer] gets hole card ['H5', 'S5'], current stack 1487
player [NitWinWin] gets hole card ['D3', 'H2'], current stack 950
player [Finneas] gets hole card ['C8', 'S9'], current stack 1592
player [YangZ] gets hole card ['H9', 'D6'], current stack 955
Started the round 15
Street "preflop" started. (community card = [])
"YangZ" declared "fold:0"
"ZPlayer" declared "raise:15"
"NitWinWin" declared "fold:0"
"Finneas" declared "call:15"
Street "flop" started. (community card = ['SK', 'S2', 'S7'])
"Finneas" declared "call:0"
"ZPlayer" declared "raise:10"
"Finneas" declared "call:10"
Street "turn" started. (community card = ['SK', 'S2', 'S7', 'HJ'])
"Finneas" declared "call:0"
"ZPlayer" declared "call:0"
Street "river" started. (community card = ['SK', 'S2', 'S7', 'HJ', 'S6'])
"Finneas" declared "raise:793"
"ZPlayer" declared "fold:0"
"['Finneas']" won the round 15 (stack = {'ZPlayer': 1462, 'Xun': 0, 'NitWinWin': 950, 'Finneas': 1632, 'YangZ': 955})
player [ZPlayer] gets hole card ['DQ', 'S8'], current stack 1462
player [NitWinWin] gets hole card ['HT', 'CK'], current stack 950
player [Finneas] gets hole card ['CJ', 'DA'], current stack 1627
player [YangZ] gets hole card ['ST', 'C2'], current stack 945
Started the round 16
Street "preflop" started. (community card = [])
"ZPlayer" declared "raise:15"
"NitWinWin" declared "fold:0"
"Finneas" declared "call:15"
"YangZ" declared "fold:0"
Street "flop" started. (community card = ['DJ', 'S6', 'HK'])
"Finneas" declared "call:0"
"ZPlayer" declared "call:0"
Street "turn" started. (community card = ['DJ', 'S6', 'HK', 'CQ'])
"Finneas" declared "call:0"
"ZPlayer" declared "raise:10"
"Finneas" declared "call:10"
Street "river" started. (community card = ['DJ', 'S6', 'HK', 'CQ', 'H4'])
"Finneas" declared "call:0"
"ZPlayer" declared "raise:10"
"Finneas" declared "call:10"
"['ZPlayer']" won the round 16 (stack = {'ZPlayer': 1507, 'Xun': 0, 'NitWinWin': 950, 'Finneas': 1597, 'YangZ': 945})
player [ZPlayer] gets hole card ['D5', 'D6'], current stack 1497
player [NitWinWin] gets hole card ['S5', 'S2'], current stack 950
player [Finneas] gets hole card ['H2', 'S7'], current stack 1597
player [YangZ] gets hole card ['HJ', 'S4'], current stack 940
Started the round 17
Street "preflop" started. (community card = [])
"NitWinWin" declared "fold:0"
"Finneas" declared "call:10"
"YangZ" declared "fold:0"
"ZPlayer" declared "call:10"
Street "flop" started. (community card = ['SQ', 'D3', 'D8'])
"ZPlayer" declared "raise:10"
"Finneas" declared "call:10"
Street "turn" started. (community card = ['SQ', 'D3', 'D8', 'SJ'])
"ZPlayer" declared "call:0"
"Finneas" declared "call:0"
Street "river" started. (community card = ['SQ', 'D3', 'D8', 'SJ', 'S8'])
"ZPlayer" declared "call:0"
"Finneas" declared "call:0"
"['Finneas']" won the round 17 (stack = {'ZPlayer': 1487, 'Xun': 0, 'NitWinWin': 950, 'Finneas': 1622, 'YangZ': 940})
player [ZPlayer] gets hole card ['ST', 'H8'], current stack 1482
player [NitWinWin] gets hole card ['CQ', 'S6'], current stack 940
player [Finneas] gets hole card ['DJ', 'DK'], current stack 1622
player [YangZ] gets hole card ['H2', 'HA'], current stack 940
Started the round 18
Street "preflop" started. (community card = [])
"Finneas" declared "call:10"
"YangZ" declared "fold:0"
"ZPlayer" declared "raise:15"
"NitWinWin" declared "fold:0"
"Finneas" declared "call:15"
Street "flop" started. (community card = ['HK', 'S7', 'H3'])
"ZPlayer" declared "call:0"
"Finneas" declared "call:0"
Street "turn" started. (community card = ['HK', 'S7', 'H3', 'D9'])
"ZPlayer" declared "call:0"
"Finneas" declared "call:0"
Street "river" started. (community card = ['HK', 'S7', 'H3', 'D9', 'C6'])
"ZPlayer" declared "raise:635"
"Finneas" declared "fold:0"
"['ZPlayer']" won the round 18 (stack = {'ZPlayer': 1512, 'Xun': 0, 'NitWinWin': 940, 'Finneas': 1607, 'YangZ': 940})
player [ZPlayer] gets hole card ['H4', 'CT'], current stack 1512
player [NitWinWin] gets hole card ['C9', 'S4'], current stack 935
player [Finneas] gets hole card ['H9', 'H8'], current stack 1597
player [YangZ] gets hole card ['C2', 'D7'], current stack 940
Started the round 19
Street "preflop" started. (community card = [])
"YangZ" declared "fold:0"
"ZPlayer" declared "raise:15"
"NitWinWin" declared "fold:0"
"Finneas" declared "call:15"
Street "flop" started. (community card = ['S3', 'H6', 'D4'])
"Finneas" declared "call:0"
"ZPlayer" declared "call:0"
Street "turn" started. (community card = ['S3', 'H6', 'D4', 'D5'])
"Finneas" declared "call:0"
"ZPlayer" declared "call:0"
Street "river" started. (community card = ['S3', 'H6', 'D4', 'D5', 'C7'])
"Finneas" declared "call:0"
"ZPlayer" declared "raise:10"
"Finneas" declared "call:10"
"['Finneas']" won the round 19 (stack = {'ZPlayer': 1487, 'Xun': 0, 'NitWinWin': 935, 'Finneas': 1637, 'YangZ': 940})
player [ZPlayer] gets hole card ['D6', 'D5'], current stack 1487
player [NitWinWin] gets hole card ['HQ', 'S4'], current stack 935
player [Finneas] gets hole card ['S3', 'S2'], current stack 1632
player [YangZ] gets hole card ['HK', 'D8'], current stack 930
Started the round 20
Street "preflop" started. (community card = [])
"ZPlayer" declared "call:10"
"NitWinWin" declared "fold:0"
"Finneas" declared "call:10"
"YangZ" declared "fold:0"
Street "flop" started. (community card = ['C6', 'H4', 'C8'])
"Finneas" declared "call:0"
"ZPlayer" declared "raise:10"
"Finneas" declared "call:10"
Street "turn" started. (community card = ['C6', 'H4', 'C8', 'C7'])
"Finneas" declared "call:0"
"ZPlayer" declared "raise:25"
"Finneas" declared "fold:0"
"['ZPlayer']" won the round 20 (stack = {'ZPlayer': 1517, 'Xun': 0, 'NitWinWin': 935, 'Finneas': 1617, 'YangZ': 930})
player [ZPlayer] gets hole card ['C8', 'SQ'], current stack 1507
player [NitWinWin] gets hole card ['D9', 'S5'], current stack 935
player [Finneas] gets hole card ['C5', 'H5'], current stack 1617
player [YangZ] gets hole card ['ST', 'HK'], current stack 925
Started the round 21
Street "preflop" started. (community card = [])
"NitWinWin" declared "fold:0"
"Finneas" declared "call:10"
"YangZ" declared "fold:0"
"ZPlayer" declared "call:10"
Street "flop" started. (community card = ['S7', 'C7', 'DA'])
"ZPlayer" declared "raise:10"
"Finneas" declared "call:10"
Street "turn" started. (community card = ['S7', 'C7', 'DA', 'CQ'])
"ZPlayer" declared "raise:10"
"Finneas" declared "call:10"
Street "river" started. (community card = ['S7', 'C7', 'DA', 'CQ', 'S6'])
"ZPlayer" declared "raise:10"
"Finneas" declared "call:10"
"['ZPlayer']" won the round 21 (stack = {'ZPlayer': 1562, 'Xun': 0, 'NitWinWin': 935, 'Finneas': 1577, 'YangZ': 925})
player [ZPlayer] gets hole card ['CQ', 'SJ'], current stack 1557
player [NitWinWin] gets hole card ['H7', 'H4'], current stack 925
player [Finneas] gets hole card ['DJ', 'C5'], current stack 1577
player [YangZ] gets hole card ['D4', 'HA'], current stack 925
Started the round 22
Street "preflop" started. (community card = [])
"Finneas" declared "call:10"
"YangZ" declared "fold:0"
"ZPlayer" declared "raise:15"
"NitWinWin" declared "fold:0"
"Finneas" declared "call:15"
Street "flop" started. (community card = ['CJ', 'D8', 'D9'])
"ZPlayer" declared "raise:40"
"Finneas" declared "fold:0"
"['ZPlayer']" won the round 22 (stack = {'ZPlayer': 1587, 'Xun': 0, 'NitWinWin': 925, 'Finneas': 1562, 'YangZ': 925})
player [ZPlayer] gets hole card ['H7', 'C2'], current stack 1587
player [NitWinWin] gets hole card ['C6', 'H6'], current stack 920
player [Finneas] gets hole card ['S5', 'CA'], current stack 1552
player [YangZ] gets hole card ['D6', 'H2'], current stack 925
Started the round 23
Street "preflop" started. (community card = [])
"YangZ" declared "fold:0"
"ZPlayer" declared "raise:15"
"NitWinWin" declared "fold:0"
"Finneas" declared "call:15"
Street "flop" started. (community card = ['S6', 'DK', 'HK'])
"Finneas" declared "call:0"
"ZPlayer" declared "call:0"
Street "turn" started. (community card = ['S6', 'DK', 'HK', 'CK'])
"Finneas" declared "raise:778"
"ZPlayer" declared "fold:0"
"['Finneas']" won the round 23 (stack = {'ZPlayer': 1572, 'Xun': 0, 'NitWinWin': 920, 'Finneas': 1582, 'YangZ': 925})
player [ZPlayer] gets hole card ['SK', 'H3'], current stack 1572
player [NitWinWin] gets hole card ['DJ', 'D9'], current stack 920
player [Finneas] gets hole card ['H7', 'C5'], current stack 1577
player [YangZ] gets hole card ['D2', 'CA'], current stack 915
Started the round 24
Street "preflop" started. (community card = [])
"ZPlayer" declared "raise:15"
"NitWinWin" declared "fold:0"
"Finneas" declared "call:15"
"YangZ" declared "fold:0"
Street "flop" started. (community card = ['H4', 'S4', 'H8'])
"Finneas" declared "call:0"
"ZPlayer" declared "call:0"
Street "turn" started. (community card = ['H4', 'S4', 'H8', 'HT'])
"Finneas" declared "call:0"
"ZPlayer" declared "call:0"
Street "river" started. (community card = ['H4', 'S4', 'H8', 'HT', 'H9'])
"Finneas" declared "raise:788"
"ZPlayer" declared "fold:0"
"['Finneas']" won the round 24 (stack = {'ZPlayer': 1557, 'Xun': 0, 'NitWinWin': 920, 'Finneas': 1607, 'YangZ': 915})
player [ZPlayer] gets hole card ['S6', 'CQ'], current stack 1547
player [NitWinWin] gets hole card ['S2', 'C3'], current stack 920
player [Finneas] gets hole card ['CT', 'SA'], current stack 1607
player [YangZ] gets hole card ['D2', 'HT'], current stack 910
Started the round 25
Street "preflop" started. (community card = [])
"NitWinWin" declared "fold:0"
"Finneas" declared "call:10"
"YangZ" declared "fold:0"
"ZPlayer" declared "call:10"
Street "flop" started. (community card = ['C7', 'S3', 'D4'])
"ZPlayer" declared "call:0"
"Finneas" declared "call:0"
Street "turn" started. (community card = ['C7', 'S3', 'D4', 'H3'])
"ZPlayer" declared "call:0"
"Finneas" declared "call:0"
Street "river" started. (community card = ['C7', 'S3', 'D4', 'H3', 'H2'])
"ZPlayer" declared "call:0"
"Finneas" declared "call:0"
"['Finneas']" won the round 25 (stack = {'ZPlayer': 1547, 'Xun': 0, 'NitWinWin': 920, 'Finneas': 1622, 'YangZ': 910})
player [ZPlayer] gets hole card ['C7', 'H9'], current stack 1542
player [NitWinWin] gets hole card ['D7', 'CA'], current stack 910
player [Finneas] gets hole card ['D4', 'S3'], current stack 1622
player [YangZ] gets hole card ['HJ', 'S2'], current stack 910
Started the round 26
Street "preflop" started. (community card = [])
"Finneas" declared "call:10"
"YangZ" declared "fold:0"
"ZPlayer" declared "raise:15"
"NitWinWin" declared "fold:0"
"Finneas" declared "call:15"
Street "flop" started. (community card = ['H5', 'H6', 'H2'])
"ZPlayer" declared "call:0"
"Finneas" declared "call:0"
Street "turn" started. (community card = ['H5', 'H6', 'H2', 'H8'])
"ZPlayer" declared "raise:1260"
"Finneas" declared "fold:0"
"['ZPlayer']" won the round 26 (stack = {'ZPlayer': 1572, 'Xun': 0, 'NitWinWin': 910, 'Finneas': 1607, 'YangZ': 910})
player [ZPlayer] gets hole card ['SA', 'D3'], current stack 1572
player [NitWinWin] gets hole card ['HQ', 'C8'], current stack 905
player [Finneas] gets hole card ['CA', 'D9'], current stack 1597
player [YangZ] gets hole card ['DK', 'ST'], current stack 910
Started the round 27
Street "preflop" started. (community card = [])
"YangZ" declared "fold:0"
"ZPlayer" declared "raise:15"
"NitWinWin" declared "fold:0"
"Finneas" declared "call:15"
Street "flop" started. (community card = ['D2', 'S9', 'CT'])
"Finneas" declared "call:0"
"ZPlayer" declared "call:0"
Street "turn" started. (community card = ['D2', 'S9', 'CT', 'S6'])
"Finneas" declared "call:0"
"ZPlayer" declared "call:0"
Street "river" started. (community card = ['D2', 'S9', 'CT', 'S6', 'H2'])
"Finneas" declared "call:0"
"ZPlayer" declared "call:0"
"['Finneas']" won the round 27 (stack = {'ZPlayer': 1557, 'Xun': 0, 'NitWinWin': 905, 'Finneas': 1627, 'YangZ': 910})
player [ZPlayer] gets hole card ['D6', 'DT'], current stack 1557
player [NitWinWin] gets hole card ['SA', 'HJ'], current stack 905
player [Finneas] gets hole card ['HA', 'D7'], current stack 1622
player [YangZ] gets hole card ['DJ', 'CJ'], current stack 900
Started the round 28
Street "preflop" started. (community card = [])
"ZPlayer" declared "raise:15"
"NitWinWin" declared "fold:0"
"Finneas" declared "call:15"
"YangZ" declared "fold:0"
Street "flop" started. (community card = ['DA', 'S9', 'HK'])
"Finneas" declared "call:0"
"ZPlayer" declared "call:0"
Street "turn" started. (community card = ['DA', 'S9', 'HK', 'D8'])
"Finneas" declared "call:0"
"ZPlayer" declared "call:0"
Street "river" started. (community card = ['DA', 'S9', 'HK', 'D8', 'SJ'])
"Finneas" declared "call:0"
"ZPlayer" declared "call:0"
"['Finneas']" won the round 28 (stack = {'ZPlayer': 1542, 'Xun': 0, 'NitWinWin': 905, 'Finneas': 1652, 'YangZ': 900})
player [ZPlayer] gets hole card ['S2', 'C7'], current stack 1532
player [NitWinWin] gets hole card ['C5', 'S5'], current stack 905
player [Finneas] gets hole card ['D4', 'D9'], current stack 1652
player [YangZ] gets hole card ['SJ', 'C8'], current stack 895
Started the round 29
Street "preflop" started. (community card = [])
"NitWinWin" declared "fold:0"
"Finneas" declared "call:10"
"YangZ" declared "fold:0"
"ZPlayer" declared "call:10"
Street "flop" started. (community card = ['DQ', 'H2', 'C3'])
"ZPlayer" declared "raise:10"
"Finneas" declared "call:10"
Street "turn" started. (community card = ['DQ', 'H2', 'C3', 'S6'])
"ZPlayer" declared "call:0"
"Finneas" declared "call:0"
Street "river" started. (community card = ['DQ', 'H2', 'C3', 'S6', 'S4'])
"ZPlayer" declared "call:0"
"Finneas" declared "call:0"
"['Finneas']" won the round 29 (stack = {'ZPlayer': 1522, 'Xun': 0, 'NitWinWin': 905, 'Finneas': 1677, 'YangZ': 895})
player [ZPlayer] gets hole card ['CT', 'CA'], current stack 1517
player [NitWinWin] gets hole card ['D9', 'H8'], current stack 895
player [Finneas] gets hole card ['H6', 'H4'], current stack 1677
player [YangZ] gets hole card ['S5', 'C8'], current stack 895
Started the round 30
Street "preflop" started. (community card = [])
"Finneas" declared "call:10"
"YangZ" declared "fold:0"
"ZPlayer" declared "raise:15"
"NitWinWin" declared "fold:0"
"Finneas" declared "call:15"
Street "flop" started. (community card = ['D6', 'S7', 'H2'])
"ZPlayer" declared "call:0"
"Finneas" declared "call:0"
Street "turn" started. (community card = ['D6', 'S7', 'H2', 'D8'])
"ZPlayer" declared "call:0"
"Finneas" declared "call:0"
Street "river" started. (community card = ['D6', 'S7', 'H2', 'D8', 'HA'])
"ZPlayer" declared "raise:40"
"Finneas" declared "fold:0"
"['ZPlayer']" won the round 30 (stack = {'ZPlayer': 1547, 'Xun': 0, 'NitWinWin': 895, 'Finneas': 1662, 'YangZ': 895})
player [ZPlayer] gets hole card ['H3', 'C2'], current stack 1547
player [NitWinWin] gets hole card ['C9', 'S6'], current stack 890
player [Finneas] gets hole card ['S8', 'D9'], current stack 1652
player [YangZ] gets hole card ['D4', 'DT'], current stack 895
Started the round 31
Street "preflop" started. (community card = [])
"YangZ" declared "fold:0"
"ZPlayer" declared "raise:15"
"NitWinWin" declared "fold:0"
"Finneas" declared "call:15"
Street "flop" started. (community card = ['HT', 'H6', 'H7'])
"Finneas" declared "call:0"
"ZPlayer" declared "call:0"
Street "turn" started. (community card = ['HT', 'H6', 'H7', 'H2'])
"Finneas" declared "call:0"
"ZPlayer" declared "raise:10"
"Finneas" declared "call:10"
Street "river" started. (community card = ['HT', 'H6', 'H7', 'H2', 'D7'])
"Finneas" declared "call:0"
"ZPlayer" declared "raise:10"
"Finneas" declared "call:10"
"['ZPlayer']" won the round 31 (stack = {'ZPlayer': 1587, 'Xun': 0, 'NitWinWin': 890, 'Finneas': 1627, 'YangZ': 895})
player [ZPlayer] gets hole card ['SJ', 'D3'], current stack 1587
player [NitWinWin] gets hole card ['H6', 'C2'], current stack 890
player [Finneas] gets hole card ['S4', 'DT'], current stack 1622
player [YangZ] gets hole card ['H2', 'C9'], current stack 885
Started the round 32
Street "preflop" started. (community card = [])
"ZPlayer" declared "raise:15"
"NitWinWin" declared "fold:0"
"Finneas" declared "call:15"
"YangZ" declared "fold:0"
Street "flop" started. (community card = ['D5', 'HT', 'H9'])
"Finneas" declared "call:0"
"ZPlayer" declared "call:0"
Street "turn" started. (community card = ['D5', 'HT', 'H9', 'DQ'])
"Finneas" declared "call:0"
"ZPlayer" declared "call:0"
Street "river" started. (community card = ['D5', 'HT', 'H9', 'DQ', 'CT'])
"Finneas" declared "raise:811"
"ZPlayer" declared "fold:0"
"['Finneas']" won the round 32 (stack = {'ZPlayer': 1572, 'Xun': 0, 'NitWinWin': 890, 'Finneas': 1652, 'YangZ': 885})
player [ZPlayer] gets hole card ['H6', 'CQ'], current stack 1562
player [NitWinWin] gets hole card ['D3', 'H4'], current stack 890
player [Finneas] gets hole card ['S3', 'CA'], current stack 1652
player [YangZ] gets hole card ['S4', 'C4'], current stack 880
Started the round 33
Street "preflop" started. (community card = [])
"NitWinWin" declared "fold:0"
"Finneas" declared "call:10"
"YangZ" declared "fold:0"
"ZPlayer" declared "call:10"
Street "flop" started. (community card = ['DJ', 'SK', 'H5'])
"ZPlayer" declared "call:0"
"Finneas" declared "call:0"
Street "turn" started. (community card = ['DJ', 'SK', 'H5', 'S2'])
"ZPlayer" declared "call:0"
"Finneas" declared "call:0"
Street "river" started. (community card = ['DJ', 'SK', 'H5', 'S2', 'C6'])
"ZPlayer" declared "raise:10"
"Finneas" declared "call:10"
"['ZPlayer']" won the round 33 (stack = {'ZPlayer': 1597, 'Xun': 0, 'NitWinWin': 890, 'Finneas': 1632, 'YangZ': 880})
player [ZPlayer] gets hole card ['HT', 'SJ'], current stack 1592
player [NitWinWin] gets hole card ['H9', 'CK'], current stack 880
player [Finneas] gets hole card ['DJ', 'DT'], current stack 1632
player [YangZ] gets hole card ['HQ', 'ST'], current stack 880
Started the round 34
Street "preflop" started. (community card = [])
"Finneas" declared "call:10"
"YangZ" declared "fold:0"
"ZPlayer" declared "raise:15"
"NitWinWin" declared "fold:0"
"Finneas" declared "call:15"
Street "flop" started. (community card = ['C4', 'DK', 'C9'])
"ZPlayer" declared "call:0"
"Finneas" declared "call:0"
Street "turn" started. (community card = ['C4', 'DK', 'C9', 'HJ'])
"ZPlayer" declared "raise:40"
"Finneas" declared "fold:0"
"['ZPlayer']" won the round 34 (stack = {'ZPlayer': 1622, 'Xun': 0, 'NitWinWin': 880, 'Finneas': 1617, 'YangZ': 880})
player [ZPlayer] gets hole card ['D2', 'SJ'], current stack 1622
player [NitWinWin] gets hole card ['S6', 'ST'], current stack 875
player [Finneas] gets hole card ['DA', 'S4'], current stack 1607
player [YangZ] gets hole card ['HA', 'SK'], current stack 880
Started the round 35
Street "preflop" started. (community card = [])
"YangZ" declared "fold:0"
"ZPlayer" declared "raise:15"
"NitWinWin" declared "fold:0"
"Finneas" declared "call:15"
Street "flop" started. (community card = ['DJ', 'S2', 'CT'])
"Finneas" declared "call:0"
"ZPlayer" declared "raise:17"
"Finneas" declared "call:17"
Street "turn" started. (community card = ['DJ', 'S2', 'CT', 'SQ'])
"Finneas" declared "call:0"
"ZPlayer" declared "raise:34"
"Finneas" declared "fold:0"
"['ZPlayer']" won the round 35 (stack = {'ZPlayer': 1659, 'Xun': 0, 'NitWinWin': 875, 'Finneas': 1585, 'YangZ': 880})
player [ZPlayer] gets hole card ['CJ', 'CA'], current stack 1659
player [NitWinWin] gets hole card ['C4', 'C2'], current stack 875
player [Finneas] gets hole card ['DQ', 'S7'], current stack 1580
player [YangZ] gets hole card ['H3', 'HT'], current stack 870
Started the round 36
Street "preflop" started. (community card = [])
"ZPlayer" declared "raise:15"
"NitWinWin" declared "fold:0"
"Finneas" declared "call:15"
"YangZ" declared "fold:0"
Street "flop" started. (community card = ['H7', 'CQ', 'H8'])
"Finneas" declared "call:0"
"ZPlayer" declared "call:0"
Street "turn" started. (community card = ['H7', 'CQ', 'H8', 'HJ'])
"Finneas" declared "call:0"
"ZPlayer" declared "raise:10"
"Finneas" declared "call:10"
Street "river" started. (community card = ['H7', 'CQ', 'H8', 'HJ', 'ST'])
"Finneas" declared "call:0"
"ZPlayer" declared "call:0"
"['Finneas']" won the round 36 (stack = {'ZPlayer': 1634, 'Xun': 0, 'NitWinWin': 875, 'Finneas': 1620, 'YangZ': 870})
player [ZPlayer] gets hole card ['S9', 'SJ'], current stack 1624
player [NitWinWin] gets hole card ['D3', 'DA'], current stack 875
player [Finneas] gets hole card ['H7', 'HJ'], current stack 1620
player [YangZ] gets hole card ['DT', 'D8'], current stack 865
Started the round 37
Street "preflop" started. (community card = [])
"NitWinWin" declared "fold:0"
"Finneas" declared "call:10"
"YangZ" declared "fold:0"
"ZPlayer" declared "raise:15"
"Finneas" declared "call:15"
Street "flop" started. (community card = ['CK', 'C9', 'H8'])
"ZPlayer" declared "raise:10"
"Finneas" declared "call:10"
Street "turn" started. (community card = ['CK', 'C9', 'H8', 'S2'])
"ZPlayer" declared "raise:10"
"Finneas" declared "call:10"
Street "river" started. (community card = ['CK', 'C9', 'H8', 'S2', 'H2'])
"ZPlayer" declared "raise:10"
"Finneas" declared "call:10"
"['ZPlayer']" won the round 37 (stack = {'ZPlayer': 1684, 'Xun': 0, 'NitWinWin': 875, 'Finneas': 1575, 'YangZ': 865})
player [ZPlayer] gets hole card ['S9', 'C6'], current stack 1679
player [NitWinWin] gets hole card ['DA', 'SJ'], current stack 865
player [Finneas] gets hole card ['SA', 'H5'], current stack 1575
player [YangZ] gets hole card ['S2', 'CA'], current stack 865
Started the round 38
Street "preflop" started. (community card = [])
"Finneas" declared "call:10"
"YangZ" declared "fold:0"
"ZPlayer" declared "raise:15"
"NitWinWin" declared "fold:0"
"Finneas" declared "call:15"
Street "flop" started. (community card = ['SK', 'S7', 'SQ'])
"ZPlayer" declared "raise:10"
"Finneas" declared "call:10"
Street "turn" started. (community card = ['SK', 'S7', 'SQ', 'HA'])
"ZPlayer" declared "call:0"
"Finneas" declared "call:0"
Street "river" started. (community card = ['SK', 'S7', 'SQ', 'HA', 'S5'])
"ZPlayer" declared "raise:30"
"Finneas" declared "raise:805"
"ZPlayer" declared "call:805"
"['Finneas']" won the round 38 (stack = {'ZPlayer': 854, 'Xun': 0, 'NitWinWin': 865, 'Finneas': 2415, 'YangZ': 865})
player [ZPlayer] gets hole card ['C7', 'C5'], current stack 854
player [NitWinWin] gets hole card ['HK', 'H8'], current stack 860
player [Finneas] gets hole card ['H7', 'D5'], current stack 2405
player [YangZ] gets hole card ['C2', 'CQ'], current stack 865
Started the round 39
Street "preflop" started. (community card = [])
"YangZ" declared "fold:0"
"ZPlayer" declared "raise:15"
"NitWinWin" declared "fold:0"
"Finneas" declared "call:15"
Street "flop" started. (community card = ['D9', 'C4', 'H2'])
"Finneas" declared "call:0"
"ZPlayer" declared "call:0"
Street "turn" started. (community card = ['D9', 'C4', 'H2', 'H9'])
"Finneas" declared "call:0"
"ZPlayer" declared "call:0"
Street "river" started. (community card = ['D9', 'C4', 'H2', 'H9', 'D7'])
"Finneas" declared "call:0"
"ZPlayer" declared "raise:10"
"Finneas" declared "call:10"
"['ZPlayer', 'Finneas']" won the round 39 (stack = {'ZPlayer': 856, 'Xun': 0, 'NitWinWin': 860, 'Finneas': 2417, 'YangZ': 865})
player [ZPlayer] gets hole card ['HK', 'CQ'], current stack 856
player [NitWinWin] gets hole card ['DK', 'H7'], current stack 860
player [Finneas] gets hole card ['D6', 'C5'], current stack 2412
player [YangZ] gets hole card ['ST', 'C4'], current stack 855
Started the round 40
Street "preflop" started. (community card = [])
"ZPlayer" declared "raise:15"
"NitWinWin" declared "fold:0"
"Finneas" declared "call:15"
"YangZ" declared "fold:0"
Street "flop" started. (community card = ['H9', 'C6', 'SK'])
"Finneas" declared "call:0"
"ZPlayer" declared "raise:10"
"Finneas" declared "call:10"
Street "turn" started. (community card = ['H9', 'C6', 'SK', 'S4'])
"Finneas" declared "call:0"
"ZPlayer" declared "raise:30"
"Finneas" declared "fold:0"
"['ZPlayer']" won the round 40 (stack = {'ZPlayer': 891, 'Xun': 0, 'NitWinWin': 860, 'Finneas': 2392, 'YangZ': 855})
player [ZPlayer] gets hole card ['SQ', 'D2'], current stack 881
player [NitWinWin] gets hole card ['D7', 'H8'], current stack 860
player [Finneas] gets hole card ['C5', 'D8'], current stack 2392
player [YangZ] gets hole card ['SA', 'D6'], current stack 850
Started the round 41
Street "preflop" started. (community card = [])
"NitWinWin" declared "fold:0"
"Finneas" declared "call:10"
"YangZ" declared "fold:0"
"ZPlayer" declared "call:10"
Street "flop" started. (community card = ['HQ', 'HA', 'S7'])
"ZPlayer" declared "raise:25"
"Finneas" declared "fold:0"
"['ZPlayer']" won the round 41 (stack = {'ZPlayer': 906, 'Xun': 0, 'NitWinWin': 860, 'Finneas': 2382, 'YangZ': 850})
player [ZPlayer] gets hole card ['C7', 'H2'], current stack 901
player [NitWinWin] gets hole card ['S2', 'H6'], current stack 850
player [Finneas] gets hole card ['C9', 'H5'], current stack 2382
player [YangZ] gets hole card ['CA', 'D5'], current stack 850
Started the round 42
Street "preflop" started. (community card = [])
"Finneas" declared "call:10"
"YangZ" declared "fold:0"
"ZPlayer" declared "call:10"
"NitWinWin" declared "fold:0"
Street "flop" started. (community card = ['H3', 'D8', 'D2'])
"ZPlayer" declared "raise:10"
"Finneas" declared "call:10"
Street "turn" started. (community card = ['H3', 'D8', 'D2', 'S5'])
"ZPlayer" declared "call:0"
"Finneas" declared "call:0"
Street "river" started. (community card = ['H3', 'D8', 'D2', 'S5', 'D4'])
"ZPlayer" declared "call:0"
"Finneas" declared "call:0"
"['Finneas']" won the round 42 (stack = {'ZPlayer': 886, 'Xun': 0, 'NitWinWin': 850, 'Finneas': 2412, 'YangZ': 850})
player [ZPlayer] gets hole card ['HA', 'SQ'], current stack 886
player [NitWinWin] gets hole card ['H5', 'C6'], current stack 845
player [Finneas] gets hole card ['D5', 'CQ'], current stack 2402
player [YangZ] gets hole card ['S9', 'D2'], current stack 850
Started the round 43
Street "preflop" started. (community card = [])
"YangZ" declared "fold:0"
"ZPlayer" declared "raise:15"
"NitWinWin" declared "fold:0"
"Finneas" declared "call:15"
Street "flop" started. (community card = ['C4', 'H4', 'D7'])
"Finneas" declared "call:0"
"ZPlayer" declared "call:0"
Street "turn" started. (community card = ['C4', 'H4', 'D7', 'SJ'])
"Finneas" declared "call:0"
"ZPlayer" declared "call:0"
Street "river" started. (community card = ['C4', 'H4', 'D7', 'SJ', 'ST'])
"Finneas" declared "call:0"
"ZPlayer" declared "call:0"
"['ZPlayer']" won the round 43 (stack = {'ZPlayer': 906, 'Xun': 0, 'NitWinWin': 845, 'Finneas': 2397, 'YangZ': 850})
player [ZPlayer] gets hole card ['D3', 'C3'], current stack 906
player [NitWinWin] gets hole card ['DK', 'D5'], current stack 845
player [Finneas] gets hole card ['DQ', 'S3'], current stack 2392
player [YangZ] gets hole card ['H8', 'S5'], current stack 840
Started the round 44
Street "preflop" started. (community card = [])
"ZPlayer" declared "call:10"
"NitWinWin" declared "fold:0"
"Finneas" declared "call:10"
"YangZ" declared "fold:0"
Street "flop" started. (community card = ['C4', 'H6', 'D9'])
"Finneas" declared "call:0"
"ZPlayer" declared "call:0"
Street "turn" started. (community card = ['C4', 'H6', 'D9', 'ST'])
"Finneas" declared "call:0"
"ZPlayer" declared "call:0"
Street "river" started. (community card = ['C4', 'H6', 'D9', 'ST', 'SA'])
"Finneas" declared "call:0"
"ZPlayer" declared "call:0"
"['ZPlayer']" won the round 44 (stack = {'ZPlayer': 926, 'Xun': 0, 'NitWinWin': 845, 'Finneas': 2387, 'YangZ': 840})
player [ZPlayer] gets hole card ['H6', 'SK'], current stack 916
player [NitWinWin] gets hole card ['S6', 'CA'], current stack 845
player [Finneas] gets hole card ['HK', 'SQ'], current stack 2387
player [YangZ] gets hole card ['C2', 'HT'], current stack 835
Started the round 45
Street "preflop" started. (community card = [])
"NitWinWin" declared "fold:0"
"Finneas" declared "call:10"
"YangZ" declared "fold:0"
"ZPlayer" declared "raise:15"
"Finneas" declared "call:15"
Street "flop" started. (community card = ['C8', 'H7', 'ST'])
"ZPlayer" declared "call:0"
"Finneas" declared "call:0"
Street "turn" started. (community card = ['C8', 'H7', 'ST', 'DA'])
"ZPlayer" declared "call:0"
"Finneas" declared "call:0"
Street "river" started. (community card = ['C8', 'H7', 'ST', 'DA', 'HJ'])
"ZPlayer" declared "call:0"
"Finneas" declared "call:0"
"['Finneas']" won the round 45 (stack = {'ZPlayer': 911, 'Xun': 0, 'NitWinWin': 845, 'Finneas': 2407, 'YangZ': 835})
player [ZPlayer] gets hole card ['HQ', 'S3'], current stack 906
player [NitWinWin] gets hole card ['SQ', 'H5'], current stack 835
player [Finneas] gets hole card ['D6', 'C9'], current stack 2407
player [YangZ] gets hole card ['H6', 'SK'], current stack 835
Started the round 46
Street "preflop" started. (community card = [])
"Finneas" declared "call:10"
"YangZ" declared "fold:0"
"ZPlayer" declared "call:10"
"NitWinWin" declared "fold:0"
Street "flop" started. (community card = ['S5', 'D4', 'HK'])
"ZPlayer" declared "call:0"
"Finneas" declared "call:0"
Street "turn" started. (community card = ['S5', 'D4', 'HK', 'C7'])
"ZPlayer" declared "call:0"
"Finneas" declared "call:0"
Street "river" started. (community card = ['S5', 'D4', 'HK', 'C7', 'D2'])
"ZPlayer" declared "call:0"
"Finneas" declared "call:0"
"['ZPlayer']" won the round 46 (stack = {'ZPlayer': 931, 'Xun': 0, 'NitWinWin': 835, 'Finneas': 2397, 'YangZ': 835})
player [ZPlayer] gets hole card ['CT', 'D9'], current stack 931
player [NitWinWin] gets hole card ['C6', 'CA'], current stack 830
player [Finneas] gets hole card ['H8', 'DJ'], current stack 2387
player [YangZ] gets hole card ['CQ', 'C5'], current stack 835
Started the round 47
Street "preflop" started. (community card = [])
"YangZ" declared "fold:0"
"ZPlayer" declared "raise:15"
"NitWinWin" declared "fold:0"
"Finneas" declared "call:15"
Street "flop" started. (community card = ['S5', 'HA', 'D3'])
"Finneas" declared "call:0"
"ZPlayer" declared "call:0"
Street "turn" started. (community card = ['S5', 'HA', 'D3', 'H9'])
"Finneas" declared "call:0"
"ZPlayer" declared "raise:10"
"Finneas" declared "call:10"
Street "river" started. (community card = ['S5', 'HA', 'D3', 'H9', 'ST'])
"Finneas" declared "call:0"
"ZPlayer" declared "raise:211"
"Finneas" declared "fold:0"
"['ZPlayer']" won the round 47 (stack = {'ZPlayer': 961, 'Xun': 0, 'NitWinWin': 830, 'Finneas': 2372, 'YangZ': 835})
player [ZPlayer] gets hole card ['C3', 'DQ'], current stack 961
player [NitWinWin] gets hole card ['D9', 'S4'], current stack 830
player [Finneas] gets hole card ['S5', 'S6'], current stack 2367
player [YangZ] gets hole card ['H8', 'DK'], current stack 825
Started the round 48
Street "preflop" started. (community card = [])
"ZPlayer" declared "call:10"
"NitWinWin" declared "fold:0"
"Finneas" declared "call:10"
"YangZ" declared "fold:0"
Street "flop" started. (community card = ['SA', 'H7', 'H3'])
"Finneas" declared "call:0"
"ZPlayer" declared "raise:10"
"Finneas" declared "call:10"
Street "turn" started. (community card = ['SA', 'H7', 'H3', 'H4'])
"Finneas" declared "call:0"
"ZPlayer" declared "call:0"
Street "river" started. (community card = ['SA', 'H7', 'H3', 'H4', 'D3'])
"Finneas" declared "call:0"
"ZPlayer" declared "raise:50"
"Finneas" declared "fold:0"
"['ZPlayer']" won the round 48 (stack = {'ZPlayer': 991, 'Xun': 0, 'NitWinWin': 830, 'Finneas': 2352, 'YangZ': 825})
player [ZPlayer] gets hole card ['S7', 'S4'], current stack 981
player [NitWinWin] gets hole card ['S9', 'H9'], current stack 830
player [Finneas] gets hole card ['S2', 'D4'], current stack 2352
player [YangZ] gets hole card ['H3', 'S8'], current stack 820
Started the round 49
Street "preflop" started. (community card = [])
"NitWinWin" declared "fold:0"
"Finneas" declared "call:10"
"YangZ" declared "fold:0"
"ZPlayer" declared "call:10"
Street "flop" started. (community card = ['S3', 'D7', 'H2'])
"ZPlayer" declared "raise:12"
"Finneas" declared "call:12"
Street "turn" started. (community card = ['S3', 'D7', 'H2', 'CJ'])
"ZPlayer" declared "raise:10"
"Finneas" declared "call:10"
Street "river" started. (community card = ['S3', 'D7', 'H2', 'CJ', 'C4'])
"ZPlayer" declared "raise:69"
"Finneas" declared "fold:0"
"['ZPlayer']" won the round 49 (stack = {'ZPlayer': 1028, 'Xun': 0, 'NitWinWin': 830, 'Finneas': 2320, 'YangZ': 820})
player [ZPlayer] gets hole card ['CA', 'C3'], current stack 1023
player [NitWinWin] gets hole card ['S4', 'DJ'], current stack 820
player [Finneas] gets hole card ['C2', 'H3'], current stack 2320
player [YangZ] gets hole card ['S8', 'SQ'], current stack 820
Started the round 50
Street "preflop" started. (community card = [])
"Finneas" declared "call:10"
"YangZ" declared "fold:0"
"ZPlayer" declared "raise:15"
"NitWinWin" declared "fold:0"
"Finneas" declared "call:15"
Street "flop" started. (community card = ['H6', 'CK', 'S6'])
"ZPlayer" declared "raise:10"
"Finneas" declared "call:10"
Street "turn" started. (community card = ['H6', 'CK', 'S6', 'D4'])
"ZPlayer" declared "call:0"
"Finneas" declared "call:0"
Street "river" started. (community card = ['H6', 'CK', 'S6', 'D4', 'C7'])
"ZPlayer" declared "call:0"
"Finneas" declared "call:0"
"['ZPlayer']" won the round 50 (stack = {'ZPlayer': 1063, 'Xun': 0, 'NitWinWin': 820, 'Finneas': 2295, 'YangZ': 820})

Game Results:
------------------------------------------------------------
Game 1:
Winner: Finneas (stack: 2295)
All players' stacks:
  ZPlayer: 1063
  Xun: 0
  NitWinWin: 820
  Finneas: 2295
  YangZ: 820
------------------------------------------------------------
