player [ZPlayer] gets hole card ['D3', 'D7'], current stack 1000
player [Xun] gets hole card ['ST', 'S5'], current stack 995
player [NitWinWin] gets hole card ['H6', 'C5'], current stack 990
player [Finneas] gets hole card ['C9', 'H4'], current stack 1000
player [YangZ] gets hole card ['HQ', 'D6'], current stack 1000
Started the round 1
Street "preflop" started. (community card = [])
"Finneas" declared "call:10"
"YangZ" declared "fold:0"
"ZPlayer" declared "call:10"
"Xun" declared "call:10"
"NitWinWin" declared "fold:0"
Street "flop" started. (community card = ['CT', 'H2', 'H5'])
"Xun" declared "call:0"
"Finneas" declared "call:0"
"ZPlayer" declared "call:0"
Street "turn" started. (community card = ['CT', 'H2', 'H5', 'DQ'])
"Xun" declared "call:0"
"Finneas" declared "call:0"
"ZPlayer" declared "call:0"
Street "river" started. (community card = ['CT', 'H2', 'H5', 'DQ', 'HA'])
"Xun" declared "call:0"
"Finneas" declared "call:0"
"ZPlayer" declared "call:0"
"['Xun']" won the round 1 (stack = {'ZPlayer': 990, 'Xun': 1030, 'NitWinWin': 990, 'Finneas': 990, 'YangZ': 1000})
player [ZPlayer] gets hole card ['HT', 'H5'], current stack 990
player [Xun] gets hole card ['H8', 'D9'], current stack 1030
player [NitWinWin] gets hole card ['C4', 'D5'], current stack 985
player [Finneas] gets hole card ['DT', 'ST'], current stack 980
player [YangZ] gets hole card ['C8', 'D8'], current stack 1000
Started the round 2
Street "preflop" started. (community card = [])
"YangZ" declared "fold:0"
"ZPlayer" declared "call:10"
"Xun" declared "call:10"
"NitWinWin" declared "fold:0"
"Finneas" declared "call:10"
Street "flop" started. (community card = ['S3', 'S4', 'S9'])
"Finneas" declared "call:0"
"ZPlayer" declared "call:0"
"Xun" declared "call:0"
Street "turn" started. (community card = ['S3', 'S4', 'S9', 'DQ'])
"Finneas" declared "call:0"
"ZPlayer" declared "call:0"
"Xun" declared "fold:0"
Street "river" started. (community card = ['S3', 'S4', 'S9', 'DQ', 'D4'])
"Finneas" declared "call:0"
"ZPlayer" declared "call:0"
"['Finneas']" won the round 2 (stack = {'ZPlayer': 980, 'Xun': 1020, 'NitWinWin': 985, 'Finneas': 1015, 'YangZ': 1000})
player [ZPlayer] gets hole card ['SK', 'CQ'], current stack 980
player [Xun] gets hole card ['C5', 'CA'], current stack 1020
player [NitWinWin] gets hole card ['H8', 'DJ'], current stack 985
player [Finneas] gets hole card ['ST', 'DK'], current stack 1010
player [YangZ] gets hole card ['HK', 'C8'], current stack 990
Started the round 3
Street "preflop" started. (community card = [])
"ZPlayer" declared "raise:15"
"Xun" declared "call:15"
"NitWinWin" declared "fold:0"
"Finneas" declared "call:15"
"YangZ" declared "fold:0"
Street "flop" started. (community card = ['C7', 'S4', 'SJ'])
"Finneas" declared "call:0"
"ZPlayer" declared "call:0"
"Xun" declared "fold:0"
Street "turn" started. (community card = ['C7', 'S4', 'SJ', 'H7'])
"Finneas" declared "call:0"
"ZPlayer" declared "call:0"
Street "river" started. (community card = ['C7', 'S4', 'SJ', 'H7', 'H4'])
"Finneas" declared "call:0"
"ZPlayer" declared "call:0"
"['ZPlayer', 'Finneas']" won the round 3 (stack = {'ZPlayer': 992, 'Xun': 1005, 'NitWinWin': 985, 'Finneas': 1027, 'YangZ': 990})
player [ZPlayer] gets hole card ['H4', 'H8'], current stack 982
player [Xun] gets hole card ['SA', 'H9'], current stack 1005
player [NitWinWin] gets hole card ['SQ', 'CA'], current stack 985
player [Finneas] gets hole card ['CQ', 'C8'], current stack 1027
player [YangZ] gets hole card ['C4', 'ST'], current stack 985
Started the round 4
Street "preflop" started. (community card = [])
"Xun" declared "call:10"
"NitWinWin" declared "fold:0"
"Finneas" declared "call:10"
"YangZ" declared "fold:0"
"ZPlayer" declared "call:10"
Street "flop" started. (community card = ['SK', 'DK', 'H7'])
"ZPlayer" declared "call:0"
"Xun" declared "call:0"
"Finneas" declared "call:0"
Street "turn" started. (community card = ['SK', 'DK', 'H7', 'D5'])
"ZPlayer" declared "call:0"
"Xun" declared "fold:0"
"Finneas" declared "call:0"
Street "river" started. (community card = ['SK', 'DK', 'H7', 'D5', 'CK'])
"ZPlayer" declared "call:0"
"Finneas" declared "raise:513"
"ZPlayer" declared "fold:0"
"['Finneas']" won the round 4 (stack = {'ZPlayer': 982, 'Xun': 995, 'NitWinWin': 985, 'Finneas': 1052, 'YangZ': 985})
player [ZPlayer] gets hole card ['C7', 'HK'], current stack 977
player [Xun] gets hole card ['S3', 'D4'], current stack 985
player [NitWinWin] gets hole card ['CK', 'HT'], current stack 985
player [Finneas] gets hole card ['H6', 'H3'], current stack 1052
player [YangZ] gets hole card ['S5', 'SQ'], current stack 985
Started the round 5
Street "preflop" started. (community card = [])
"NitWinWin" declared "fold:0"
"Finneas" declared "call:10"
"YangZ" declared "fold:0"
"ZPlayer" declared "raise:15"
"Xun" declared "call:15"
"Finneas" declared "call:15"
Street "flop" started. (community card = ['C4', 'CJ', 'D8'])
"ZPlayer" declared "call:0"
"Xun" declared "fold:0"
"Finneas" declared "call:0"
Street "turn" started. (community card = ['C4', 'CJ', 'D8', 'S9'])
"ZPlayer" declared "call:0"
"Finneas" declared "call:0"
Street "river" started. (community card = ['C4', 'CJ', 'D8', 'S9', 'H7'])
"ZPlayer" declared "call:0"
"Finneas" declared "call:0"
"['ZPlayer']" won the round 5 (stack = {'ZPlayer': 1012, 'Xun': 980, 'NitWinWin': 985, 'Finneas': 1037, 'YangZ': 985})
player [ZPlayer] gets hole card ['D9', 'D6'], current stack 1012
player [Xun] gets hole card ['S7', 'DA'], current stack 975
player [NitWinWin] gets hole card ['SK', 'C9'], current stack 975
player [Finneas] gets hole card ['SA', 'D3'], current stack 1037
player [YangZ] gets hole card ['H8', 'HJ'], current stack 985
Started the round 6
Street "preflop" started. (community card = [])
"Finneas" declared "call:10"
"YangZ" declared "fold:0"
"ZPlayer" declared "raise:15"
"Xun" declared "call:15"
"NitWinWin" declared "fold:0"
"Finneas" declared "call:15"
Street "flop" started. (community card = ['ST', 'DK', 'D5'])
"Xun" declared "fold:0"
"Finneas" declared "call:0"
"ZPlayer" declared "call:0"
Street "turn" started. (community card = ['ST', 'DK', 'D5', 'S5'])
"Finneas" declared "call:0"
"ZPlayer" declared "call:0"
Street "river" started. (community card = ['ST', 'DK', 'D5', 'S5', 'D4'])
"Finneas" declared "call:0"
"ZPlayer" declared "raise:766"
"Finneas" declared "fold:0"
"['ZPlayer']" won the round 6 (stack = {'ZPlayer': 1052, 'Xun': 965, 'NitWinWin': 975, 'Finneas': 1022, 'YangZ': 985})
player [ZPlayer] gets hole card ['C4', 'CA'], current stack 1052
player [Xun] gets hole card ['D4', 'DK'], current stack 965
player [NitWinWin] gets hole card ['C2', 'D9'], current stack 970
player [Finneas] gets hole card ['S2', 'S3'], current stack 1012
player [YangZ] gets hole card ['HJ', 'H8'], current stack 985
Started the round 7
Street "preflop" started. (community card = [])
"YangZ" declared "fold:0"
"ZPlayer" declared "raise:15"
"Xun" declared "call:15"
"NitWinWin" declared "fold:0"
"Finneas" declared "call:15"
Street "flop" started. (community card = ['D8', 'H4', 'C3'])
"Finneas" declared "call:0"
"ZPlayer" declared "raise:10"
"Xun" declared "call:10"
"Finneas" declared "call:10"
Street "turn" started. (community card = ['D8', 'H4', 'C3', 'S8'])
"Finneas" declared "call:0"
"ZPlayer" declared "raise:10"
"Xun" declared "fold:0"
"Finneas" declared "call:10"
Street "river" started. (community card = ['D8', 'H4', 'C3', 'S8', 'S9'])
"Finneas" declared "call:0"
"ZPlayer" declared "raise:10"
"Finneas" declared "call:10"
"['ZPlayer']" won the round 7 (stack = {'ZPlayer': 1127, 'Xun': 940, 'NitWinWin': 970, 'Finneas': 977, 'YangZ': 985})
player [ZPlayer] gets hole card ['C5', 'H2'], current stack 1127
player [Xun] gets hole card ['CK', 'H5'], current stack 940
player [NitWinWin] gets hole card ['C8', 'SA'], current stack 970
player [Finneas] gets hole card ['D9', 'D7'], current stack 972
player [YangZ] gets hole card ['D3', 'ST'], current stack 975
Started the round 8
Street "preflop" started. (community card = [])
"ZPlayer" declared "call:10"
"Xun" declared "call:10"
"NitWinWin" declared "fold:0"
"Finneas" declared "call:10"
"YangZ" declared "fold:0"
Street "flop" started. (community card = ['H7', 'C3', 'D2'])
"Finneas" declared "call:0"
"ZPlayer" declared "raise:10"
"Xun" declared "fold:0"
"Finneas" declared "call:10"
Street "turn" started. (community card = ['H7', 'C3', 'D2', 'S2'])
"Finneas" declared "call:0"
"ZPlayer" declared "raise:1000"
"Finneas" declared "fold:0"
"['ZPlayer']" won the round 8 (stack = {'ZPlayer': 1167, 'Xun': 930, 'NitWinWin': 970, 'Finneas': 957, 'YangZ': 975})
player [ZPlayer] gets hole card ['DQ', 'D3'], current stack 1157
player [Xun] gets hole card ['SJ', 'C5'], current stack 930
player [NitWinWin] gets hole card ['S5', 'S6'], current stack 970
player [Finneas] gets hole card ['SA', 'S7'], current stack 957
player [YangZ] gets hole card ['CK', 'D2'], current stack 970
Started the round 9
Street "preflop" started. (community card = [])
"Xun" declared "call:10"
"NitWinWin" declared "fold:0"
"Finneas" declared "call:10"
"YangZ" declared "fold:0"
"ZPlayer" declared "call:10"
Street "flop" started. (community card = ['H9', 'H3', 'C8'])
"ZPlayer" declared "raise:10"
"Xun" declared "fold:0"
"Finneas" declared "call:10"
Street "turn" started. (community card = ['H9', 'H3', 'C8', 'H7'])
"ZPlayer" declared "call:0"
"Finneas" declared "call:0"
Street "river" started. (community card = ['H9', 'H3', 'C8', 'H7', 'HJ'])
"ZPlayer" declared "call:0"
"Finneas" declared "call:0"
"['Finneas']" won the round 9 (stack = {'ZPlayer': 1147, 'Xun': 920, 'NitWinWin': 970, 'Finneas': 992, 'YangZ': 970})
player [ZPlayer] gets hole card ['CT', 'C4'], current stack 1142
player [Xun] gets hole card ['H8', 'S9'], current stack 910
player [NitWinWin] gets hole card ['H4', 'S5'], current stack 970
player [Finneas] gets hole card ['C5', 'S6'], current stack 992
player [YangZ] gets hole card ['ST', 'C9'], current stack 970
Started the round 10
Street "preflop" started. (community card = [])
"NitWinWin" declared "fold:0"
"Finneas" declared "call:10"
"YangZ" declared "fold:0"
"ZPlayer" declared "call:10"
"Xun" declared "call:10"
Street "flop" started. (community card = ['DT', 'C8', 'HK'])
"ZPlayer" declared "raise:30"
"Xun" declared "call:30"
"Finneas" declared "fold:0"
Street "turn" started. (community card = ['DT', 'C8', 'HK', 'CK'])
"ZPlayer" declared "raise:10"
"Xun" declared "fold:0"
"['ZPlayer']" won the round 10 (stack = {'ZPlayer': 1197, 'Xun': 880, 'NitWinWin': 970, 'Finneas': 982, 'YangZ': 970})
player [ZPlayer] gets hole card ['CT', 'S5'], current stack 1197
player [Xun] gets hole card ['H2', 'H5'], current stack 875
player [NitWinWin] gets hole card ['DT', 'HT'], current stack 960
player [Finneas] gets hole card ['H9', 'S8'], current stack 982
player [YangZ] gets hole card ['H6', 'SA'], current stack 970
Started the round 11
Street "preflop" started. (community card = [])
"Finneas" declared "call:10"
"YangZ" declared "fold:0"
"ZPlayer" declared "fold:0"
"Xun" declared "call:10"
"NitWinWin" declared "fold:0"
Street "flop" started. (community card = ['CJ', 'C9', 'H8'])
"Xun" declared "fold:0"
"['Finneas']" won the round 11 (stack = {'ZPlayer': 1197, 'Xun': 870, 'NitWinWin': 960, 'Finneas': 1002, 'YangZ': 970})
player [ZPlayer] gets hole card ['ST', 'S8'], current stack 1197
player [Xun] gets hole card ['CQ', 'SJ'], current stack 870
player [NitWinWin] gets hole card ['D8', 'HA'], current stack 955
player [Finneas] gets hole card ['CA', 'S5'], current stack 992
player [YangZ] gets hole card ['D9', 'H3'], current stack 970
Started the round 12
Street "preflop" started. (community card = [])
"YangZ" declared "fold:0"
"ZPlayer" declared "raise:15"
"Xun" declared "call:15"
"NitWinWin" declared "fold:0"
"Finneas" declared "call:15"
Street "flop" started. (community card = ['CT', 'SQ', 'H7'])
"Finneas" declared "call:0"
"ZPlayer" declared "raise:25"
"Xun" declared "call:25"
"Finneas" declared "fold:0"
Street "turn" started. (community card = ['CT', 'SQ', 'H7', 'CK'])
"ZPlayer" declared "raise:10"
"Xun" declared "fold:0"
"['ZPlayer']" won the round 12 (stack = {'ZPlayer': 1257, 'Xun': 830, 'NitWinWin': 955, 'Finneas': 987, 'YangZ': 970})
player [ZPlayer] gets hole card ['S9', 'SQ'], current stack 1257
player [Xun] gets hole card ['C6', 'HA'], current stack 830
player [NitWinWin] gets hole card ['SK', 'S8'], current stack 955
player [Finneas] gets hole card ['CT', 'CJ'], current stack 982
player [YangZ] gets hole card ['DK', 'D9'], current stack 960
Started the round 13
Street "preflop" started. (community card = [])
"ZPlayer" declared "raise:15"
"Xun" declared "call:15"
"NitWinWin" declared "fold:0"
"Finneas" declared "call:15"
"YangZ" declared "fold:0"
Street "flop" started. (community card = ['HK', 'DA', 'D3'])
"Finneas" declared "call:0"
"ZPlayer" declared "call:0"
"Xun" declared "call:0"
Street "turn" started. (community card = ['HK', 'DA', 'D3', 'H2'])
"Finneas" declared "call:0"
"ZPlayer" declared "call:0"
"Xun" declared "call:0"
Street "river" started. (community card = ['HK', 'DA', 'D3', 'H2', 'C3'])
"Finneas" declared "call:0"
"ZPlayer" declared "call:0"
"Xun" declared "call:0"
"['Xun']" won the round 13 (stack = {'ZPlayer': 1242, 'Xun': 870, 'NitWinWin': 955, 'Finneas': 972, 'YangZ': 960})
player [ZPlayer] gets hole card ['S6', 'S5'], current stack 1232
player [Xun] gets hole card ['S7', 'SK'], current stack 870
player [NitWinWin] gets hole card ['H8', 'CQ'], current stack 955
player [Finneas] gets hole card ['H6', 'DJ'], current stack 972
player [YangZ] gets hole card ['S9', 'S8'], current stack 955
Started the round 14
Street "preflop" started. (community card = [])
"Xun" declared "call:10"
"NitWinWin" declared "fold:0"
"Finneas" declared "call:10"
"YangZ" declared "fold:0"
"ZPlayer" declared "call:10"
Street "flop" started. (community card = ['D8', 'D2', 'S2'])
"ZPlayer" declared "call:0"
"Xun" declared "fold:0"
"Finneas" declared "call:0"
Street "turn" started. (community card = ['D8', 'D2', 'S2', 'C2'])
"ZPlayer" declared "call:0"
"Finneas" declared "raise:486"
"ZPlayer" declared "fold:0"
"['Finneas']" won the round 14 (stack = {'ZPlayer': 1232, 'Xun': 860, 'NitWinWin': 955, 'Finneas': 997, 'YangZ': 955})
player [ZPlayer] gets hole card ['HA', 'CA'], current stack 1227
player [Xun] gets hole card ['DJ', 'CK'], current stack 850
player [NitWinWin] gets hole card ['H3', 'S6'], current stack 955
player [Finneas] gets hole card ['C7', 'HJ'], current stack 997
player [YangZ] gets hole card ['C3', 'H2'], current stack 955
Started the round 15
Street "preflop" started. (community card = [])
"NitWinWin" declared "fold:0"
"Finneas" declared "call:10"
"YangZ" declared "fold:0"
"ZPlayer" declared "raise:15"
"Xun" declared "call:15"
"Finneas" declared "call:15"
Street "flop" started. (community card = ['D6', 'H8', 'S4'])
"ZPlayer" declared "raise:45"
"Xun" declared "fold:0"
"Finneas" declared "fold:0"
"['ZPlayer']" won the round 15 (stack = {'ZPlayer': 1262, 'Xun': 845, 'NitWinWin': 955, 'Finneas': 982, 'YangZ': 955})
player [ZPlayer] gets hole card ['D9', 'H5'], current stack 1262
player [Xun] gets hole card ['D2', 'H8'], current stack 840
player [NitWinWin] gets hole card ['CT', 'H6'], current stack 945
player [Finneas] gets hole card ['CQ', 'SK'], current stack 982
player [YangZ] gets hole card ['D6', 'H4'], current stack 955
Started the round 16
Street "preflop" started. (community card = [])
"Finneas" declared "call:10"
"YangZ" declared "fold:0"
"ZPlayer" declared "call:10"
"Xun" declared "call:10"
"NitWinWin" declared "fold:0"
Street "flop" started. (community card = ['DA', 'C4', 'SQ'])
"Xun" declared "fold:0"
"Finneas" declared "call:0"
"ZPlayer" declared "call:0"
Street "turn" started. (community card = ['DA', 'C4', 'SQ', 'S4'])
"Finneas" declared "call:0"
"ZPlayer" declared "call:0"
Street "river" started. (community card = ['DA', 'C4', 'SQ', 'S4', 'HT'])
"Finneas" declared "call:0"
"ZPlayer" declared "call:0"
"['Finneas']" won the round 16 (stack = {'ZPlayer': 1252, 'Xun': 835, 'NitWinWin': 945, 'Finneas': 1012, 'YangZ': 955})
player [ZPlayer] gets hole card ['D6', 'D3'], current stack 1252
player [Xun] gets hole card ['DQ', 'H6'], current stack 835
player [NitWinWin] gets hole card ['HT', 'C3'], current stack 940
player [Finneas] gets hole card ['HQ', 'D9'], current stack 1002
player [YangZ] gets hole card ['CA', 'CJ'], current stack 955
Started the round 17
Street "preflop" started. (community card = [])
"YangZ" declared "fold:0"
"ZPlayer" declared "call:10"
"Xun" declared "call:10"
"NitWinWin" declared "fold:0"
"Finneas" declared "call:10"
Street "flop" started. (community card = ['SK', 'S9', 'SA'])
"Finneas" declared "call:0"
"ZPlayer" declared "call:0"
"Xun" declared "fold:0"
Street "turn" started. (community card = ['SK', 'S9', 'SA', 'DK'])
"Finneas" declared "call:0"
"ZPlayer" declared "call:0"
Street "river" started. (community card = ['SK', 'S9', 'SA', 'DK', 'D4'])
"Finneas" declared "call:0"
"ZPlayer" declared "call:0"
"['Finneas']" won the round 17 (stack = {'ZPlayer': 1242, 'Xun': 825, 'NitWinWin': 940, 'Finneas': 1037, 'YangZ': 955})
player [ZPlayer] gets hole card ['C5', 'DQ'], current stack 1242
player [Xun] gets hole card ['D8', 'H6'], current stack 825
player [NitWinWin] gets hole card ['S8', 'DK'], current stack 940
player [Finneas] gets hole card ['D9', 'C4'], current stack 1032
player [YangZ] gets hole card ['HT', 'CA'], current stack 945
Started the round 18
Street "preflop" started. (community card = [])
"ZPlayer" declared "call:10"
"Xun" declared "call:10"
"NitWinWin" declared "fold:0"
"Finneas" declared "call:10"
"YangZ" declared "fold:0"
Street "flop" started. (community card = ['HJ', 'HQ', 'S9'])
"Finneas" declared "call:0"
"ZPlayer" declared "raise:40"
"Xun" declared "fold:0"
"Finneas" declared "fold:0"
"['ZPlayer']" won the round 18 (stack = {'ZPlayer': 1272, 'Xun': 815, 'NitWinWin': 940, 'Finneas': 1027, 'YangZ': 945})
player [ZPlayer] gets hole card ['H2', 'S2'], current stack 1262
player [Xun] gets hole card ['S3', 'ST'], current stack 815
player [NitWinWin] gets hole card ['D8', 'C5'], current stack 940
player [Finneas] gets hole card ['D4', 'DJ'], current stack 1027
player [YangZ] gets hole card ['SA', 'C7'], current stack 940
Started the round 19
Street "preflop" started. (community card = [])
"Xun" declared "call:10"
"NitWinWin" declared "fold:0"
"Finneas" declared "call:10"
"YangZ" declared "fold:0"
"ZPlayer" declared "call:10"
Street "flop" started. (community card = ['D7', 'SQ', 'S7'])
"ZPlayer" declared "call:0"
"Xun" declared "call:0"
"Finneas" declared "call:0"
Street "turn" started. (community card = ['D7', 'SQ', 'S7', 'DT'])
"ZPlayer" declared "call:0"
"Xun" declared "call:0"
"Finneas" declared "call:0"
Street "river" started. (community card = ['D7', 'SQ', 'S7', 'DT', 'CK'])
"ZPlayer" declared "call:0"
"Xun" declared "fold:0"
"Finneas" declared "call:0"
"['ZPlayer']" won the round 19 (stack = {'ZPlayer': 1297, 'Xun': 805, 'NitWinWin': 940, 'Finneas': 1017, 'YangZ': 940})
player [ZPlayer] gets hole card ['C4', 'D9'], current stack 1292
player [Xun] gets hole card ['CK', 'D3'], current stack 795
player [NitWinWin] gets hole card ['S8', 'C8'], current stack 940
player [Finneas] gets hole card ['HJ', 'S3'], current stack 1017
player [YangZ] gets hole card ['H6', 'D4'], current stack 940
Started the round 20
Street "preflop" started. (community card = [])
"NitWinWin" declared "fold:0"
"Finneas" declared "call:10"
"YangZ" declared "fold:0"
"ZPlayer" declared "call:10"
"Xun" declared "call:10"
Street "flop" started. (community card = ['C5', 'SA', 'SJ'])
"ZPlayer" declared "call:0"
"Xun" declared "fold:0"
"Finneas" declared "call:0"
Street "turn" started. (community card = ['C5', 'SA', 'SJ', 'DT'])
"ZPlayer" declared "call:0"
"Finneas" declared "call:0"
Street "river" started. (community card = ['C5', 'SA', 'SJ', 'DT', 'C6'])
"ZPlayer" declared "call:0"
"Finneas" declared "call:0"
"['Finneas']" won the round 20 (stack = {'ZPlayer': 1287, 'Xun': 795, 'NitWinWin': 940, 'Finneas': 1037, 'YangZ': 940})
player [ZPlayer] gets hole card ['ST', 'D8'], current stack 1287
player [Xun] gets hole card ['H3', 'HQ'], current stack 790
player [NitWinWin] gets hole card ['DT', 'S2'], current stack 930
player [Finneas] gets hole card ['HA', 'DA'], current stack 1037
player [YangZ] gets hole card ['SJ', 'S5'], current stack 940
Started the round 21
Street "preflop" started. (community card = [])
"Finneas" declared "raise:526"
"YangZ" declared "fold:0"
"ZPlayer" declared "fold:0"
"Xun" declared "call:526"
"NitWinWin" declared "fold:0"
Street "flop" started. (community card = ['HK', 'C9', 'HT'])
"Xun" declared "call:0"
"Finneas" declared "call:0"
Street "turn" started. (community card = ['HK', 'C9', 'HT', 'C7'])
"Xun" declared "fold:0"
"['Finneas']" won the round 21 (stack = {'ZPlayer': 1287, 'Xun': 269, 'NitWinWin': 930, 'Finneas': 1573, 'YangZ': 940})
player [ZPlayer] gets hole card ['SJ', 'HT'], current stack 1287
player [Xun] gets hole card ['CK', 'HJ'], current stack 269
player [NitWinWin] gets hole card ['D5', 'H2'], current stack 925
player [Finneas] gets hole card ['CA', 'H8'], current stack 1563
player [YangZ] gets hole card ['S4', 'C6'], current stack 940
Started the round 22
Street "preflop" started. (community card = [])
"YangZ" declared "fold:0"
"ZPlayer" declared "raise:15"
"Xun" declared "call:15"
"NitWinWin" declared "fold:0"
"Finneas" declared "call:15"
Street "flop" started. (community card = ['CT', 'S7', 'H3'])
"Finneas" declared "call:0"
"ZPlayer" declared "raise:514"
"Xun" declared "fold:0"
"Finneas" declared "fold:0"
"['ZPlayer']" won the round 22 (stack = {'ZPlayer': 1322, 'Xun': 254, 'NitWinWin': 925, 'Finneas': 1558, 'YangZ': 940})
player [ZPlayer] gets hole card ['S3', 'H4'], current stack 1322
player [Xun] gets hole card ['HQ', 'H5'], current stack 254
player [NitWinWin] gets hole card ['C2', 'SJ'], current stack 925
player [Finneas] gets hole card ['SK', 'H7'], current stack 1553
player [YangZ] gets hole card ['DA', 'DJ'], current stack 930
Started the round 23
Street "preflop" started. (community card = [])
"ZPlayer" declared "call:10"
"Xun" declared "call:10"
"NitWinWin" declared "fold:0"
"Finneas" declared "call:10"
"YangZ" declared "fold:0"
Street "flop" started. (community card = ['C3', 'DK', 'HK'])
"Finneas" declared "raise:779"
"ZPlayer" declared "fold:0"
"Xun" declared "fold:0"
"['Finneas']" won the round 23 (stack = {'ZPlayer': 1312, 'Xun': 244, 'NitWinWin': 925, 'Finneas': 1588, 'YangZ': 930})
player [ZPlayer] gets hole card ['D6', 'H2'], current stack 1302
player [Xun] gets hole card ['S9', 'C5'], current stack 244
player [NitWinWin] gets hole card ['S7', 'CA'], current stack 925
player [Finneas] gets hole card ['D5', 'H3'], current stack 1588
player [YangZ] gets hole card ['C7', 'D2'], current stack 925
Started the round 24
Street "preflop" started. (community card = [])
"Xun" declared "call:10"
"NitWinWin" declared "fold:0"
"Finneas" declared "call:10"
"YangZ" declared "fold:0"
"ZPlayer" declared "call:10"
Street "flop" started. (community card = ['HQ', 'S2', 'C4'])
"ZPlayer" declared "raise:10"
"Xun" declared "fold:0"
"Finneas" declared "call:10"
Street "turn" started. (community card = ['HQ', 'S2', 'C4', 'S6'])
"ZPlayer" declared "raise:10"
"Finneas" declared "call:10"
Street "river" started. (community card = ['HQ', 'S2', 'C4', 'S6', 'ST'])
"ZPlayer" declared "raise:37"
"Finneas" declared "fold:0"
"['ZPlayer']" won the round 24 (stack = {'ZPlayer': 1357, 'Xun': 234, 'NitWinWin': 925, 'Finneas': 1558, 'YangZ': 925})
player [ZPlayer] gets hole card ['S2', 'D6'], current stack 1352
player [Xun] gets hole card ['C4', 'HA'], current stack 224
player [NitWinWin] gets hole card ['S9', 'C7'], current stack 925
player [Finneas] gets hole card ['DQ', 'S7'], current stack 1558
player [YangZ] gets hole card ['S6', 'DA'], current stack 925
Started the round 25
Street "preflop" started. (community card = [])
"NitWinWin" declared "fold:0"
"Finneas" declared "call:10"
"YangZ" declared "fold:0"
"ZPlayer" declared "call:10"
"Xun" declared "call:10"
Street "flop" started. (community card = ['H2', 'H7', 'H5'])
"ZPlayer" declared "call:0"
"Xun" declared "call:0"
"Finneas" declared "call:0"
Street "turn" started. (community card = ['H2', 'H7', 'H5', 'HT'])
"ZPlayer" declared "call:0"
Error in respond_to_ask: 'int' object is not callable
"Xun" declared "fold:0"
"Finneas" declared "call:0"
Street "river" started. (community card = ['H2', 'H7', 'H5', 'HT', 'ST'])
"ZPlayer" declared "call:0"
"Finneas" declared "call:0"
"['Finneas']" won the round 25 (stack = {'ZPlayer': 1347, 'Xun': 224, 'NitWinWin': 925, 'Finneas': 1578, 'YangZ': 925})
player [ZPlayer] gets hole card ['CA', 'H9'], current stack 1347
player [Xun] gets hole card ['S7', 'H4'], current stack 219
player [NitWinWin] gets hole card ['C8', 'HK'], current stack 915
player [Finneas] gets hole card ['SA', 'HJ'], current stack 1578
player [YangZ] gets hole card ['SQ', 'S6'], current stack 925
Started the round 26
Street "preflop" started. (community card = [])
"Finneas" declared "call:10"
"YangZ" declared "fold:0"
"ZPlayer" declared "raise:15"
"Xun" declared "call:15"
"NitWinWin" declared "fold:0"
"Finneas" declared "call:15"
Street "flop" started. (community card = ['D9', 'H7', 'S3'])
"Xun" declared "call:0"
"Finneas" declared "call:0"
"ZPlayer" declared "raise:27"
"Xun" declared "call:27"
"Finneas" declared "fold:0"
Street "turn" started. (community card = ['D9', 'H7', 'S3', 'C4'])
"Xun" declared "call:0"
"ZPlayer" declared "raise:54"
"Xun" declared "fold:0"
"['ZPlayer']" won the round 26 (stack = {'ZPlayer': 1414, 'Xun': 182, 'NitWinWin': 915, 'Finneas': 1563, 'YangZ': 925})
player [ZPlayer] gets hole card ['D4', 'HA'], current stack 1414
player [Xun] gets hole card ['SA', 'DA'], current stack 182
player [NitWinWin] gets hole card ['S8', 'S7'], current stack 910
player [Finneas] gets hole card ['S4', 'D5'], current stack 1553
player [YangZ] gets hole card ['DJ', 'CK'], current stack 925
Started the round 27
Street "preflop" started. (community card = [])
"YangZ" declared "fold:0"
"ZPlayer" declared "raise:15"
"Xun" declared "call:15"
"NitWinWin" declared "fold:0"
"Finneas" declared "call:15"
Street "flop" started. (community card = ['C8', 'D6', 'CT'])
"Finneas" declared "call:0"
"ZPlayer" declared "call:0"
"Xun" declared "call:0"
Street "turn" started. (community card = ['C8', 'D6', 'CT', 'SK'])
"Finneas" declared "call:0"
"ZPlayer" declared "call:0"
"Xun" declared "call:0"
Street "river" started. (community card = ['C8', 'D6', 'CT', 'SK', 'D3'])
"Finneas" declared "call:0"
"ZPlayer" declared "call:0"
"Xun" declared "call:0"
"['Xun']" won the round 27 (stack = {'ZPlayer': 1399, 'Xun': 217, 'NitWinWin': 910, 'Finneas': 1548, 'YangZ': 925})
player [ZPlayer] gets hole card ['H7', 'S8'], current stack 1399
player [Xun] gets hole card ['DT', 'ST'], current stack 217
player [NitWinWin] gets hole card ['DJ', 'S2'], current stack 910
player [Finneas] gets hole card ['C4', 'S6'], current stack 1543
player [YangZ] gets hole card ['D5', 'C3'], current stack 915
Started the round 28
Street "preflop" started. (community card = [])
"ZPlayer" declared "call:10"
"Xun" declared "call:10"
"NitWinWin" declared "fold:0"
"Finneas" declared "call:10"
"YangZ" declared "fold:0"
Street "flop" started. (community card = ['HQ', 'CQ', 'S9'])
"Finneas" declared "call:0"
"ZPlayer" declared "call:0"
"Xun" declared "call:0"
Street "turn" started. (community card = ['HQ', 'CQ', 'S9', 'D7'])
"Finneas" declared "call:0"
"ZPlayer" declared "raise:20"
"Xun" declared "call:20"
"Finneas" declared "fold:0"
Street "river" started. (community card = ['HQ', 'CQ', 'S9', 'D7', 'H9'])
"ZPlayer" declared "call:0"
"Xun" declared "fold:0"
"['ZPlayer']" won the round 28 (stack = {'ZPlayer': 1449, 'Xun': 187, 'NitWinWin': 910, 'Finneas': 1538, 'YangZ': 915})
player [ZPlayer] gets hole card ['C8', 'CJ'], current stack 1439
player [Xun] gets hole card ['HJ', 'H9'], current stack 187
player [NitWinWin] gets hole card ['C7', 'CT'], current stack 910
player [Finneas] gets hole card ['HA', 'DK'], current stack 1538
player [YangZ] gets hole card ['S8', 'S2'], current stack 910
Started the round 29
Street "preflop" started. (community card = [])
"Xun" declared "call:10"
"NitWinWin" declared "fold:0"
"Finneas" declared "raise:776"
"YangZ" declared "fold:0"
"ZPlayer" declared "fold:0"
"Xun" declared "call:776"
Street "flop" started. (community card = ['DT', 'D5', 'CA'])
Street "turn" started. (community card = ['DT', 'D5', 'CA', 'HQ'])
Street "river" started. (community card = ['DT', 'D5', 'CA', 'HQ', 'C4'])
"['Finneas']" won the round 29 (stack = {'ZPlayer': 1439, 'Xun': 0, 'NitWinWin': 910, 'Finneas': 1740, 'YangZ': 910})
player [ZPlayer] gets hole card ['SA', 'HJ'], current stack 1434
player [NitWinWin] gets hole card ['H4', 'S9'], current stack 900
player [Finneas] gets hole card ['D6', 'H8'], current stack 1740
player [YangZ] gets hole card ['H5', 'CA'], current stack 910
Started the round 30
Street "preflop" started. (community card = [])
"Finneas" declared "call:10"
"YangZ" declared "fold:0"
"ZPlayer" declared "raise:15"
"NitWinWin" declared "fold:0"
"Finneas" declared "call:15"
Street "flop" started. (community card = ['S3', 'C4', 'S8'])
"ZPlayer" declared "raise:10"
"Finneas" declared "call:10"
Street "turn" started. (community card = ['S3', 'C4', 'S8', 'HK'])
"ZPlayer" declared "call:0"
"Finneas" declared "call:0"
Street "river" started. (community card = ['S3', 'C4', 'S8', 'HK', 'C3'])
"ZPlayer" declared "call:0"
"Finneas" declared "call:0"
"['Finneas']" won the round 30 (stack = {'ZPlayer': 1414, 'Xun': 0, 'NitWinWin': 900, 'Finneas': 1775, 'YangZ': 910})
player [ZPlayer] gets hole card ['D9', 'S9'], current stack 1414
player [NitWinWin] gets hole card ['HJ', 'DJ'], current stack 895
player [Finneas] gets hole card ['HK', 'CJ'], current stack 1765
player [YangZ] gets hole card ['C7', 'C9'], current stack 910
Started the round 31
Street "preflop" started. (community card = [])
"YangZ" declared "fold:0"
"ZPlayer" declared "raise:15"
"NitWinWin" declared "fold:0"
"Finneas" declared "call:15"
Street "flop" started. (community card = ['H6', 'S8', 'H4'])
"Finneas" declared "call:0"
"ZPlayer" declared "raise:10"
"Finneas" declared "call:10"
Street "turn" started. (community card = ['H6', 'S8', 'H4', 'DA'])
"Finneas" declared "call:0"
"ZPlayer" declared "raise:10"
"Finneas" declared "call:10"
Street "river" started. (community card = ['H6', 'S8', 'H4', 'DA', 'DT'])
"Finneas" declared "call:0"
"ZPlayer" declared "raise:10"
"Finneas" declared "call:10"
"['ZPlayer']" won the round 31 (stack = {'ZPlayer': 1464, 'Xun': 0, 'NitWinWin': 895, 'Finneas': 1730, 'YangZ': 910})
player [ZPlayer] gets hole card ['CQ', 'H9'], current stack 1464
player [NitWinWin] gets hole card ['S2', 'D6'], current stack 895
player [Finneas] gets hole card ['SA', 'S4'], current stack 1725
player [YangZ] gets hole card ['HJ', 'SQ'], current stack 900
Started the round 32
Street "preflop" started. (community card = [])
"ZPlayer" declared "raise:15"
"NitWinWin" declared "fold:0"
"Finneas" declared "call:15"
"YangZ" declared "fold:0"
Street "flop" started. (community card = ['DK', 'SJ', 'D9'])
"Finneas" declared "call:0"
"ZPlayer" declared "raise:10"
"Finneas" declared "call:10"
Street "turn" started. (community card = ['DK', 'SJ', 'D9', 'S5'])
"Finneas" declared "call:0"
"ZPlayer" declared "raise:10"
"Finneas" declared "call:10"
Street "river" started. (community card = ['DK', 'SJ', 'D9', 'S5', 'HQ'])
"Finneas" declared "call:0"
"ZPlayer" declared "raise:10"
"Finneas" declared "call:10"
"['ZPlayer']" won the round 32 (stack = {'ZPlayer': 1519, 'Xun': 0, 'NitWinWin': 895, 'Finneas': 1685, 'YangZ': 900})
player [ZPlayer] gets hole card ['HK', 'S7'], current stack 1509
player [NitWinWin] gets hole card ['HA', 'H2'], current stack 895
player [Finneas] gets hole card ['C8', 'SJ'], current stack 1685
player [YangZ] gets hole card ['SK', 'C9'], current stack 895
Started the round 33
Street "preflop" started. (community card = [])
"NitWinWin" declared "fold:0"
"Finneas" declared "call:10"
"YangZ" declared "fold:0"
"ZPlayer" declared "raise:15"
"Finneas" declared "call:15"
Street "flop" started. (community card = ['CJ', 'H7', 'D8'])
"ZPlayer" declared "raise:10"
"Finneas" declared "call:10"
Street "turn" started. (community card = ['CJ', 'H7', 'D8', 'DT'])
"ZPlayer" declared "call:0"
"Finneas" declared "call:0"
Street "river" started. (community card = ['CJ', 'H7', 'D8', 'DT', 'CQ'])
"ZPlayer" declared "call:0"
"Finneas" declared "call:0"
"['Finneas']" won the round 33 (stack = {'ZPlayer': 1494, 'Xun': 0, 'NitWinWin': 895, 'Finneas': 1715, 'YangZ': 895})
player [ZPlayer] gets hole card ['C3', 'S3'], current stack 1489
player [NitWinWin] gets hole card ['H2', 'CJ'], current stack 885
player [Finneas] gets hole card ['CA', 'D7'], current stack 1715
player [YangZ] gets hole card ['DK', 'SJ'], current stack 895
Started the round 34
Street "preflop" started. (community card = [])
"Finneas" declared "call:10"
"YangZ" declared "fold:0"
"ZPlayer" declared "raise:15"
"NitWinWin" declared "fold:0"
"Finneas" declared "call:15"
Street "flop" started. (community card = ['C8', 'S7', 'S8'])
"ZPlayer" declared "call:0"
"Finneas" declared "call:0"
Street "turn" started. (community card = ['C8', 'S7', 'S8', 'D9'])
"ZPlayer" declared "call:0"
"Finneas" declared "call:0"
Street "river" started. (community card = ['C8', 'S7', 'S8', 'D9', 'D5'])
"ZPlayer" declared "call:0"
"Finneas" declared "call:0"
"['Finneas']" won the round 34 (stack = {'ZPlayer': 1479, 'Xun': 0, 'NitWinWin': 885, 'Finneas': 1740, 'YangZ': 895})
player [ZPlayer] gets hole card ['S5', 'DA'], current stack 1479
player [NitWinWin] gets hole card ['SK', 'CJ'], current stack 880
player [Finneas] gets hole card ['C7', 'S2'], current stack 1730
player [YangZ] gets hole card ['S9', 'H7'], current stack 895
Started the round 35
Street "preflop" started. (community card = [])
"YangZ" declared "fold:0"
"ZPlayer" declared "raise:15"
"NitWinWin" declared "fold:0"
"Finneas" declared "call:15"
Street "flop" started. (community card = ['H3', 'SA', 'D9'])
"Finneas" declared "call:0"
"ZPlayer" declared "raise:17"
"Finneas" declared "call:17"
Street "turn" started. (community card = ['H3', 'SA', 'D9', 'S4'])
"Finneas" declared "call:0"
"ZPlayer" declared "raise:34"
"Finneas" declared "fold:0"
"['ZPlayer']" won the round 35 (stack = {'ZPlayer': 1516, 'Xun': 0, 'NitWinWin': 880, 'Finneas': 1708, 'YangZ': 895})
player [ZPlayer] gets hole card ['ST', 'CQ'], current stack 1516
player [NitWinWin] gets hole card ['HA', 'DA'], current stack 880
player [Finneas] gets hole card ['D9', 'C5'], current stack 1703
player [YangZ] gets hole card ['SQ', 'D5'], current stack 885
Started the round 36
Street "preflop" started. (community card = [])
"ZPlayer" declared "raise:15"
"NitWinWin" declared "raise:880"
"Finneas" declared "fold:0"
"YangZ" declared "fold:0"
"ZPlayer" declared "fold:0"
"['NitWinWin']" won the round 36 (stack = {'ZPlayer': 1501, 'Xun': 0, 'NitWinWin': 910, 'Finneas': 1703, 'YangZ': 885})
player [ZPlayer] gets hole card ['S4', 'SQ'], current stack 1491
player [NitWinWin] gets hole card ['C8', 'H2'], current stack 910
player [Finneas] gets hole card ['D5', 'D3'], current stack 1703
player [YangZ] gets hole card ['CJ', 'HT'], current stack 880
Started the round 37
Street "preflop" started. (community card = [])
"NitWinWin" declared "fold:0"
"Finneas" declared "call:10"
"YangZ" declared "fold:0"
"ZPlayer" declared "call:10"
Street "flop" started. (community card = ['CT', 'S9', 'C6'])
"ZPlayer" declared "call:0"
"Finneas" declared "call:0"
Street "turn" started. (community card = ['CT', 'S9', 'C6', 'HK'])
"ZPlayer" declared "call:0"
"Finneas" declared "call:0"
Street "river" started. (community card = ['CT', 'S9', 'C6', 'HK', 'HQ'])
"ZPlayer" declared "raise:10"
"Finneas" declared "call:10"
"['ZPlayer']" won the round 37 (stack = {'ZPlayer': 1526, 'Xun': 0, 'NitWinWin': 910, 'Finneas': 1683, 'YangZ': 880})
player [ZPlayer] gets hole card ['H6', 'S5'], current stack 1521
player [NitWinWin] gets hole card ['HT', 'SK'], current stack 900
player [Finneas] gets hole card ['H5', 'D3'], current stack 1683
player [YangZ] gets hole card ['S3', 'SJ'], current stack 880
Started the round 38
Street "preflop" started. (community card = [])
"Finneas" declared "call:10"
"YangZ" declared "fold:0"
"ZPlayer" declared "raise:15"
"NitWinWin" declared "fold:0"
"Finneas" declared "call:15"
Street "flop" started. (community card = ['C5', 'H7', 'HA'])
"ZPlayer" declared "raise:10"
"Finneas" declared "call:10"
Street "turn" started. (community card = ['C5', 'H7', 'HA', 'CJ'])
"ZPlayer" declared "call:0"
"Finneas" declared "call:0"
Street "river" started. (community card = ['C5', 'H7', 'HA', 'CJ', 'HK'])
"ZPlayer" declared "call:0"
"Finneas" declared "call:0"
"['ZPlayer', 'Finneas']" won the round 38 (stack = {'ZPlayer': 1531, 'Xun': 0, 'NitWinWin': 900, 'Finneas': 1688, 'YangZ': 880})
player [ZPlayer] gets hole card ['H7', 'S8'], current stack 1531
player [NitWinWin] gets hole card ['D4', 'S5'], current stack 895
player [Finneas] gets hole card ['H9', 'DK'], current stack 1678
player [YangZ] gets hole card ['C2', 'SA'], current stack 880
Started the round 39
Street "preflop" started. (community card = [])
"YangZ" declared "fold:0"
"ZPlayer" declared "raise:15"
"NitWinWin" declared "fold:0"
"Finneas" declared "call:15"
Street "flop" started. (community card = ['H2', 'S3', 'H4'])
"Finneas" declared "call:0"
"ZPlayer" declared "call:0"
Street "turn" started. (community card = ['H2', 'S3', 'H4', 'D8'])
"Finneas" declared "call:0"
"ZPlayer" declared "raise:10"
"Finneas" declared "call:10"
Street "river" started. (community card = ['H2', 'S3', 'H4', 'D8', 'ST'])
"Finneas" declared "call:0"
"ZPlayer" declared "raise:10"
"Finneas" declared "call:10"
"['ZPlayer']" won the round 39 (stack = {'ZPlayer': 1571, 'Xun': 0, 'NitWinWin': 895, 'Finneas': 1653, 'YangZ': 880})
player [ZPlayer] gets hole card ['CT', 'D7'], current stack 1571
player [NitWinWin] gets hole card ['C3', 'SQ'], current stack 895
player [Finneas] gets hole card ['S3', 'D6'], current stack 1648
player [YangZ] gets hole card ['C9', 'SA'], current stack 870
Started the round 40
Street "preflop" started. (community card = [])
"ZPlayer" declared "raise:15"
"NitWinWin" declared "fold:0"
"Finneas" declared "call:15"
"YangZ" declared "fold:0"
Street "flop" started. (community card = ['C4', 'D9', 'CQ'])
"Finneas" declared "call:0"
"ZPlayer" declared "call:0"
Street "turn" started. (community card = ['C4', 'D9', 'CQ', 'S4'])
"Finneas" declared "call:0"
"ZPlayer" declared "call:0"
Street "river" started. (community card = ['C4', 'D9', 'CQ', 'S4', 'HJ'])
"Finneas" declared "call:0"
"ZPlayer" declared "call:0"
"['ZPlayer']" won the round 40 (stack = {'ZPlayer': 1596, 'Xun': 0, 'NitWinWin': 895, 'Finneas': 1638, 'YangZ': 870})
player [ZPlayer] gets hole card ['D4', 'HA'], current stack 1586
player [NitWinWin] gets hole card ['SQ', 'D8'], current stack 895
player [Finneas] gets hole card ['HT', 'HQ'], current stack 1638
player [YangZ] gets hole card ['C8', 'C5'], current stack 865
Started the round 41
Street "preflop" started. (community card = [])
"NitWinWin" declared "fold:0"
"Finneas" declared "call:10"
"YangZ" declared "fold:0"
"ZPlayer" declared "raise:15"
"Finneas" declared "call:15"
Street "flop" started. (community card = ['C9', 'H2', 'DA'])
"ZPlayer" declared "raise:35"
"Finneas" declared "fold:0"
"['ZPlayer']" won the round 41 (stack = {'ZPlayer': 1616, 'Xun': 0, 'NitWinWin': 895, 'Finneas': 1623, 'YangZ': 865})
player [ZPlayer] gets hole card ['HT', 'CA'], current stack 1611
player [NitWinWin] gets hole card ['H8', 'C4'], current stack 885
player [Finneas] gets hole card ['H6', 'S4'], current stack 1623
player [YangZ] gets hole card ['SK', 'HK'], current stack 865
Started the round 42
Street "preflop" started. (community card = [])
"Finneas" declared "call:10"
"YangZ" declared "fold:0"
"ZPlayer" declared "raise:15"
"NitWinWin" declared "fold:0"
"Finneas" declared "call:15"
Street "flop" started. (community card = ['S7', 'D5', 'S2'])
"ZPlayer" declared "call:0"
"Finneas" declared "call:0"
Street "turn" started. (community card = ['S7', 'D5', 'S2', 'C5'])
"ZPlayer" declared "raise:10"
"Finneas" declared "call:10"
Street "river" started. (community card = ['S7', 'D5', 'S2', 'C5', 'ST'])
"ZPlayer" declared "raise:10"
"Finneas" declared "call:10"
"['ZPlayer']" won the round 42 (stack = {'ZPlayer': 1661, 'Xun': 0, 'NitWinWin': 885, 'Finneas': 1588, 'YangZ': 865})
player [ZPlayer] gets hole card ['HK', 'H5'], current stack 1661
player [NitWinWin] gets hole card ['D5', 'S5'], current stack 880
player [Finneas] gets hole card ['CK', 'ST'], current stack 1578
player [YangZ] gets hole card ['C9', 'H8'], current stack 865
Started the round 43
Street "preflop" started. (community card = [])
"YangZ" declared "fold:0"
"ZPlayer" declared "raise:15"
"NitWinWin" declared "fold:0"
"Finneas" declared "call:15"
Street "flop" started. (community card = ['HA', 'C7', 'SJ'])
"Finneas" declared "call:0"
"ZPlayer" declared "call:0"
Street "turn" started. (community card = ['HA', 'C7', 'SJ', 'H2'])
"Finneas" declared "call:0"
"ZPlayer" declared "call:0"
Street "river" started. (community card = ['HA', 'C7', 'SJ', 'H2', 'D8'])
"Finneas" declared "call:0"
"ZPlayer" declared "call:0"
"['Finneas']" won the round 43 (stack = {'ZPlayer': 1646, 'Xun': 0, 'NitWinWin': 880, 'Finneas': 1608, 'YangZ': 865})
player [ZPlayer] gets hole card ['H6', 'DQ'], current stack 1646
player [NitWinWin] gets hole card ['HK', 'HQ'], current stack 880
player [Finneas] gets hole card ['S9', 'S4'], current stack 1603
player [YangZ] gets hole card ['C7', 'SQ'], current stack 855
Started the round 44
Street "preflop" started. (community card = [])
"ZPlayer" declared "raise:15"
"NitWinWin" declared "fold:0"
"Finneas" declared "call:15"
"YangZ" declared "fold:0"
Street "flop" started. (community card = ['D8', 'S3', 'S7'])
"Finneas" declared "call:0"
"ZPlayer" declared "call:0"
Street "turn" started. (community card = ['D8', 'S3', 'S7', 'D4'])
"Finneas" declared "call:0"
"ZPlayer" declared "call:0"
Street "river" started. (community card = ['D8', 'S3', 'S7', 'D4', 'S5'])
"Finneas" declared "raise:801"
"ZPlayer" declared "raise:1602"
"Finneas" declared "fold:0"
"['ZPlayer']" won the round 44 (stack = {'ZPlayer': 2472, 'Xun': 0, 'NitWinWin': 880, 'Finneas': 792, 'YangZ': 855})
player [ZPlayer] gets hole card ['DK', 'C5'], current stack 2462
player [NitWinWin] gets hole card ['S8', 'ST'], current stack 880
player [Finneas] gets hole card ['SA', 'S6'], current stack 792
player [YangZ] gets hole card ['D6', 'C9'], current stack 850
Started the round 45
Street "preflop" started. (community card = [])
"NitWinWin" declared "fold:0"
"Finneas" declared "call:10"
"YangZ" declared "fold:0"
"ZPlayer" declared "raise:15"
"Finneas" declared "call:15"
Street "flop" started. (community card = ['H9', 'HQ', 'H6'])
"ZPlayer" declared "call:0"
"Finneas" declared "call:0"
Street "turn" started. (community card = ['H9', 'HQ', 'H6', 'DJ'])
"ZPlayer" declared "call:0"
"Finneas" declared "call:0"
Street "river" started. (community card = ['H9', 'HQ', 'H6', 'DJ', 'S3'])
"ZPlayer" declared "call:0"
"Finneas" declared "call:0"
"['Finneas']" won the round 45 (stack = {'ZPlayer': 2457, 'Xun': 0, 'NitWinWin': 880, 'Finneas': 812, 'YangZ': 850})
player [ZPlayer] gets hole card ['H6', 'D6'], current stack 2452
player [NitWinWin] gets hole card ['H2', 'HJ'], current stack 870
player [Finneas] gets hole card ['C5', 'H7'], current stack 812
player [YangZ] gets hole card ['H9', 'HA'], current stack 850
Started the round 46
Street "preflop" started. (community card = [])
"Finneas" declared "call:10"
"YangZ" declared "fold:0"
"ZPlayer" declared "raise:15"
"NitWinWin" declared "fold:0"
"Finneas" declared "call:15"
Street "flop" started. (community card = ['D9', 'C4', 'CT'])
"ZPlayer" declared "raise:10"
"Finneas" declared "call:10"
Street "turn" started. (community card = ['D9', 'C4', 'CT', 'CQ'])
"ZPlayer" declared "call:0"
"Finneas" declared "call:0"
Street "river" started. (community card = ['D9', 'C4', 'CT', 'CQ', 'DJ'])
"ZPlayer" declared "call:0"
"Finneas" declared "call:0"
"['ZPlayer']" won the round 46 (stack = {'ZPlayer': 2492, 'Xun': 0, 'NitWinWin': 870, 'Finneas': 787, 'YangZ': 850})
player [ZPlayer] gets hole card ['D3', 'CA'], current stack 2492
player [NitWinWin] gets hole card ['CK', 'H6'], current stack 865
player [Finneas] gets hole card ['D6', 'CQ'], current stack 777
player [YangZ] gets hole card ['DJ', 'C5'], current stack 850
Started the round 47
Street "preflop" started. (community card = [])
"YangZ" declared "fold:0"
"ZPlayer" declared "raise:15"
"NitWinWin" declared "fold:0"
"Finneas" declared "call:15"
Street "flop" started. (community card = ['DT', 'C9', 'C2'])
"Finneas" declared "call:0"
"ZPlayer" declared "call:0"
Street "turn" started. (community card = ['DT', 'C9', 'C2', 'C7'])
"Finneas" declared "call:0"
"ZPlayer" declared "call:0"
Street "river" started. (community card = ['DT', 'C9', 'C2', 'C7', 'SK'])
"Finneas" declared "call:0"
"ZPlayer" declared "call:0"
"['ZPlayer']" won the round 47 (stack = {'ZPlayer': 2512, 'Xun': 0, 'NitWinWin': 865, 'Finneas': 772, 'YangZ': 850})
player [ZPlayer] gets hole card ['H5', 'HJ'], current stack 2512
player [NitWinWin] gets hole card ['S9', 'DQ'], current stack 865
player [Finneas] gets hole card ['D7', 'SA'], current stack 767
player [YangZ] gets hole card ['C2', 'H4'], current stack 840
Started the round 48
Street "preflop" started. (community card = [])
"ZPlayer" declared "raise:15"
"NitWinWin" declared "fold:0"
"Finneas" declared "call:15"
"YangZ" declared "fold:0"
Street "flop" started. (community card = ['CJ', 'HQ', 'HK'])
"Finneas" declared "call:0"
"ZPlayer" declared "raise:20"
"Finneas" declared "fold:0"
"['ZPlayer']" won the round 48 (stack = {'ZPlayer': 2537, 'Xun': 0, 'NitWinWin': 865, 'Finneas': 757, 'YangZ': 840})
player [ZPlayer] gets hole card ['CQ', 'D4'], current stack 2527
player [NitWinWin] gets hole card ['HA', 'H3'], current stack 865
player [Finneas] gets hole card ['S8', 'S5'], current stack 757
player [YangZ] gets hole card ['D8', 'HT'], current stack 835
Started the round 49
Street "preflop" started. (community card = [])
"NitWinWin" declared "fold:0"
"Finneas" declared "call:10"
"YangZ" declared "fold:0"
"ZPlayer" declared "raise:15"
"Finneas" declared "call:15"
Street "flop" started. (community card = ['S2', 'HK', 'HQ'])
"ZPlayer" declared "raise:10"
"Finneas" declared "call:10"
Street "turn" started. (community card = ['S2', 'HK', 'HQ', 'H7'])
"ZPlayer" declared "raise:10"
"Finneas" declared "call:10"
Street "river" started. (community card = ['S2', 'HK', 'HQ', 'H7', 'SJ'])
"ZPlayer" declared "raise:10"
"Finneas" declared "call:10"
"['ZPlayer']" won the round 49 (stack = {'ZPlayer': 2587, 'Xun': 0, 'NitWinWin': 865, 'Finneas': 712, 'YangZ': 835})
player [ZPlayer] gets hole card ['SJ', 'D9'], current stack 2582
player [NitWinWin] gets hole card ['SQ', 'HQ'], current stack 855
player [Finneas] gets hole card ['CT', 'C5'], current stack 712
player [YangZ] gets hole card ['S5', 'S2'], current stack 835
Started the round 50
Street "preflop" started. (community card = [])
"Finneas" declared "call:10"
"YangZ" declared "fold:0"
"ZPlayer" declared "raise:15"
"NitWinWin" declared "raise:865"
"Finneas" declared "fold:0"
"ZPlayer" declared "fold:0"
"['NitWinWin']" won the round 50 (stack = {'ZPlayer': 2572, 'Xun': 0, 'NitWinWin': 890, 'Finneas': 702, 'YangZ': 835})

Game Results:
------------------------------------------------------------
Game 1:
Winner: ZPlayer (stack: 2572)
All players' stacks:
  ZPlayer: 2572
  Xun: 0
  NitWinWin: 890
  Finneas: 702
  YangZ: 835
------------------------------------------------------------
