player [ZPlayer] gets hole card ['S6', 'SA'], current stack 1000
player [Xun] gets hole card ['D6', 'DA'], current stack 995
player [NitWinWin] gets hole card ['DQ', 'H4'], current stack 990
player [Finneas] gets hole card ['D2', 'S9'], current stack 1000
player [YangZ] gets hole card ['D4', 'H7'], current stack 1000
Started the round 1
Street "preflop" started. (community card = [])
"Finneas" declared "call:10"
"YangZ" declared "fold:0"
"ZPlayer" declared "raise:15"
"Xun" declared "call:15"
"NitWinWin" declared "fold:0"
"Finneas" declared "call:15"
Street "flop" started. (community card = ['D5', 'HT', 'C8'])
"Xun" declared "fold:0"
"Finneas" declared "call:0"
"ZPlayer" declared "call:0"
Street "turn" started. (community card = ['D5', 'HT', 'C8', 'SQ'])
"Finneas" declared "call:0"
"ZPlayer" declared "call:0"
Street "river" started. (community card = ['D5', 'HT', 'C8', 'SQ', 'CT'])
"Finneas" declared "call:0"
"ZPlayer" declared "call:0"
"['ZPlayer']" won the round 1 (stack = {'ZPlayer': 1040, 'Xun': 985, 'NitWinWin': 990, 'Finneas': 985, 'YangZ': 1000})
player [ZPlayer] gets hole card ['C9', 'D8'], current stack 1040
player [Xun] gets hole card ['HA', 'H2'], current stack 985
player [NitWinWin] gets hole card ['ST', 'C3'], current stack 985
player [Finneas] gets hole card ['H4', 'D6'], current stack 975
player [YangZ] gets hole card ['D3', 'D2'], current stack 1000
Started the round 2
Street "preflop" started. (community card = [])
"YangZ" declared "fold:0"
"ZPlayer" declared "raise:15"
"Xun" declared "call:15"
"NitWinWin" declared "fold:0"
"Finneas" declared "call:15"
Street "flop" started. (community card = ['H5', 'H3', 'D7'])
"Finneas" declared "call:0"
"ZPlayer" declared "call:0"
"Xun" declared "call:0"
Street "turn" started. (community card = ['H5', 'H3', 'D7', 'H7'])
"Finneas" declared "call:0"
"ZPlayer" declared "call:0"
"Xun" declared "call:0"
Street "river" started. (community card = ['H5', 'H3', 'D7', 'H7', 'CQ'])
"Finneas" declared "call:0"
"ZPlayer" declared "call:0"
"Xun" declared "call:0"
"['Xun']" won the round 2 (stack = {'ZPlayer': 1025, 'Xun': 1020, 'NitWinWin': 985, 'Finneas': 970, 'YangZ': 1000})
player [ZPlayer] gets hole card ['CK', 'D9'], current stack 1025
player [Xun] gets hole card ['C8', 'HK'], current stack 1020
player [NitWinWin] gets hole card ['SJ', 'S4'], current stack 985
player [Finneas] gets hole card ['HQ', 'DT'], current stack 965
player [YangZ] gets hole card ['D6', 'C7'], current stack 990
Started the round 3
Street "preflop" started. (community card = [])
"ZPlayer" declared "raise:15"
"Xun" declared "call:15"
"NitWinWin" declared "fold:0"
"Finneas" declared "call:15"
"YangZ" declared "fold:0"
Street "flop" started. (community card = ['HT', 'C4', 'S6'])
"Finneas" declared "call:0"
"ZPlayer" declared "call:0"
"Xun" declared "fold:0"
Street "turn" started. (community card = ['HT', 'C4', 'S6', 'H9'])
"Finneas" declared "call:0"
"ZPlayer" declared "raise:10"
"Finneas" declared "call:10"
Street "river" started. (community card = ['HT', 'C4', 'S6', 'H9', 'D8'])
"Finneas" declared "call:0"
"ZPlayer" declared "call:0"
"['Finneas']" won the round 3 (stack = {'ZPlayer': 1000, 'Xun': 1005, 'NitWinWin': 985, 'Finneas': 1020, 'YangZ': 990})
player [ZPlayer] gets hole card ['DQ', 'D3'], current stack 990
player [Xun] gets hole card ['CQ', 'C6'], current stack 1005
player [NitWinWin] gets hole card ['CJ', 'S4'], current stack 985
player [Finneas] gets hole card ['C2', 'SA'], current stack 1020
player [YangZ] gets hole card ['CK', 'S7'], current stack 985
Started the round 4
Street "preflop" started. (community card = [])
"Xun" declared "call:10"
"NitWinWin" declared "fold:0"
"Finneas" declared "call:10"
"YangZ" declared "fold:0"
"ZPlayer" declared "call:10"
Street "flop" started. (community card = ['D4', 'H9', 'CA'])
"ZPlayer" declared "call:0"
"Xun" declared "fold:0"
"Finneas" declared "call:0"
Street "turn" started. (community card = ['D4', 'H9', 'CA', 'HJ'])
"ZPlayer" declared "call:0"
"Finneas" declared "call:0"
Street "river" started. (community card = ['D4', 'H9', 'CA', 'HJ', 'S8'])
"ZPlayer" declared "call:0"
"Finneas" declared "call:0"
"['Finneas']" won the round 4 (stack = {'ZPlayer': 990, 'Xun': 995, 'NitWinWin': 985, 'Finneas': 1045, 'YangZ': 985})
player [ZPlayer] gets hole card ['DJ', 'ST'], current stack 985
player [Xun] gets hole card ['S9', 'S6'], current stack 985
player [NitWinWin] gets hole card ['D4', 'H6'], current stack 985
player [Finneas] gets hole card ['DA', 'S2'], current stack 1045
player [YangZ] gets hole card ['SA', 'C4'], current stack 985
Started the round 5
Street "preflop" started. (community card = [])
"NitWinWin" declared "fold:0"
"Finneas" declared "call:10"
"YangZ" declared "fold:0"
"ZPlayer" declared "raise:15"
"Xun" declared "call:15"
"Finneas" declared "call:15"
Street "flop" started. (community card = ['D2', 'D3', 'C9'])
"ZPlayer" declared "call:0"
"Xun" declared "call:0"
"Finneas" declared "call:0"
Street "turn" started. (community card = ['D2', 'D3', 'C9', 'CK'])
"ZPlayer" declared "call:0"
"Xun" declared "fold:0"
"Finneas" declared "call:0"
Street "river" started. (community card = ['D2', 'D3', 'C9', 'CK', 'H7'])
"ZPlayer" declared "call:0"
"Finneas" declared "call:0"
"['Finneas']" won the round 5 (stack = {'ZPlayer': 975, 'Xun': 980, 'NitWinWin': 985, 'Finneas': 1075, 'YangZ': 985})
player [ZPlayer] gets hole card ['H7', 'C5'], current stack 975
player [Xun] gets hole card ['DJ', 'CK'], current stack 975
player [NitWinWin] gets hole card ['CT', 'D7'], current stack 975
player [Finneas] gets hole card ['S6', 'SQ'], current stack 1075
player [YangZ] gets hole card ['D2', 'C2'], current stack 985
Started the round 6
Street "preflop" started. (community card = [])
"Finneas" declared "call:10"
"YangZ" declared "fold:0"
"ZPlayer" declared "call:10"
"Xun" declared "call:10"
"NitWinWin" declared "fold:0"
Street "flop" started. (community card = ['D9', 'S5', 'S7'])
"Xun" declared "fold:0"
"Finneas" declared "call:0"
"ZPlayer" declared "raise:40"
"Finneas" declared "fold:0"
"['ZPlayer']" won the round 6 (stack = {'ZPlayer': 1005, 'Xun': 970, 'NitWinWin': 975, 'Finneas': 1065, 'YangZ': 985})
player [ZPlayer] gets hole card ['D5', 'H3'], current stack 1005
player [Xun] gets hole card ['S2', 'D9'], current stack 970
player [NitWinWin] gets hole card ['D6', 'HA'], current stack 970
player [Finneas] gets hole card ['HK', 'CA'], current stack 1055
player [YangZ] gets hole card ['DQ', 'H2'], current stack 985
Started the round 7
Street "preflop" started. (community card = [])
"YangZ" declared "fold:0"
"ZPlayer" declared "call:10"
"Xun" declared "call:10"
"NitWinWin" declared "fold:0"
"Finneas" declared "raise:540"
"ZPlayer" declared "fold:0"
"Xun" declared "call:540"
Street "flop" started. (community card = ['SQ', 'CK', 'HJ'])
"Finneas" declared "call:0"
"Xun" declared "fold:0"
"['Finneas']" won the round 7 (stack = {'ZPlayer': 995, 'Xun': 430, 'NitWinWin': 970, 'Finneas': 1620, 'YangZ': 985})
player [ZPlayer] gets hole card ['CT', 'S6'], current stack 995
player [Xun] gets hole card ['DQ', 'CJ'], current stack 430
player [NitWinWin] gets hole card ['CK', 'D4'], current stack 970
player [Finneas] gets hole card ['H8', 'DJ'], current stack 1615
player [YangZ] gets hole card ['D5', 'HK'], current stack 975
Started the round 8
Street "preflop" started. (community card = [])
"ZPlayer" declared "call:10"
"Xun" declared "call:10"
"NitWinWin" declared "fold:0"
"Finneas" declared "call:10"
"YangZ" declared "fold:0"
Street "flop" started. (community card = ['H6', 'S4', 'HT'])
"Finneas" declared "call:0"
"ZPlayer" declared "raise:181"
"Xun" declared "fold:0"
"Finneas" declared "fold:0"
"['ZPlayer']" won the round 8 (stack = {'ZPlayer': 1025, 'Xun': 420, 'NitWinWin': 970, 'Finneas': 1610, 'YangZ': 975})
player [ZPlayer] gets hole card ['C5', 'D5'], current stack 1015
player [Xun] gets hole card ['C6', 'H4'], current stack 420
player [NitWinWin] gets hole card ['HA', 'H7'], current stack 970
player [Finneas] gets hole card ['S5', 'CQ'], current stack 1610
player [YangZ] gets hole card ['D8', 'CJ'], current stack 970
Started the round 9
Street "preflop" started. (community card = [])
"Xun" declared "call:10"
"NitWinWin" declared "fold:0"
"Finneas" declared "call:10"
"YangZ" declared "fold:0"
"ZPlayer" declared "call:10"
Street "flop" started. (community card = ['CT', 'DQ', 'S8'])
"ZPlayer" declared "call:0"
"Xun" declared "fold:0"
"Finneas" declared "call:0"
Street "turn" started. (community card = ['CT', 'DQ', 'S8', 'SA'])
"ZPlayer" declared "call:0"
"Finneas" declared "call:0"
Street "river" started. (community card = ['CT', 'DQ', 'S8', 'SA', 'C9'])
"ZPlayer" declared "call:0"
"Finneas" declared "call:0"
"['Finneas']" won the round 9 (stack = {'ZPlayer': 1015, 'Xun': 410, 'NitWinWin': 970, 'Finneas': 1635, 'YangZ': 970})
player [ZPlayer] gets hole card ['DQ', 'H6'], current stack 1010
player [Xun] gets hole card ['S5', 'D9'], current stack 400
player [NitWinWin] gets hole card ['S6', 'CA'], current stack 970
player [Finneas] gets hole card ['C5', 'D2'], current stack 1635
player [YangZ] gets hole card ['DA', 'H4'], current stack 970
Started the round 10
Street "preflop" started. (community card = [])
"NitWinWin" declared "fold:0"
"Finneas" declared "call:10"
"YangZ" declared "fold:0"
"ZPlayer" declared "raise:15"
"Xun" declared "call:15"
"Finneas" declared "call:15"
Street "flop" started. (community card = ['DK', 'H2', 'DT'])
"ZPlayer" declared "call:0"
"Xun" declared "fold:0"
"Finneas" declared "call:0"
Street "turn" started. (community card = ['DK', 'H2', 'DT', 'HK'])
"ZPlayer" declared "call:0"
"Finneas" declared "call:0"
Street "river" started. (community card = ['DK', 'H2', 'DT', 'HK', 'S2'])
"ZPlayer" declared "raise:10"
"Finneas" declared "raise:820"
"ZPlayer" declared "fold:0"
"['Finneas']" won the round 10 (stack = {'ZPlayer': 990, 'Xun': 395, 'NitWinWin': 970, 'Finneas': 1675, 'YangZ': 970})
player [ZPlayer] gets hole card ['C7', 'D2'], current stack 990
player [Xun] gets hole card ['S3', 'S8'], current stack 390
player [NitWinWin] gets hole card ['H2', 'H8'], current stack 960
player [Finneas] gets hole card ['D8', 'HJ'], current stack 1675
player [YangZ] gets hole card ['SJ', 'S2'], current stack 970
Started the round 11
Street "preflop" started. (community card = [])
"Finneas" declared "call:10"
"YangZ" declared "fold:0"
"ZPlayer" declared "call:10"
"Xun" declared "call:10"
"NitWinWin" declared "fold:0"
Street "flop" started. (community card = ['D7', 'DA', 'DJ'])
"Xun" declared "fold:0"
"Finneas" declared "call:0"
"ZPlayer" declared "raise:10"
"Finneas" declared "call:10"
Street "turn" started. (community card = ['D7', 'DA', 'DJ', 'HK'])
"Finneas" declared "call:0"
"ZPlayer" declared "call:0"
Street "river" started. (community card = ['D7', 'DA', 'DJ', 'HK', 'C9'])
"Finneas" declared "call:0"
"ZPlayer" declared "call:0"
"['Finneas']" won the round 11 (stack = {'ZPlayer': 970, 'Xun': 385, 'NitWinWin': 960, 'Finneas': 1715, 'YangZ': 970})
player [ZPlayer] gets hole card ['D7', 'H6'], current stack 970
player [Xun] gets hole card ['DJ', 'CJ'], current stack 385
player [NitWinWin] gets hole card ['CA', 'C8'], current stack 955
player [Finneas] gets hole card ['HJ', 'D8'], current stack 1705
player [YangZ] gets hole card ['C3', 'SQ'], current stack 970
Started the round 12
Street "preflop" started. (community card = [])
"YangZ" declared "fold:0"
"ZPlayer" declared "call:10"
"Xun" declared "call:10"
"NitWinWin" declared "fold:0"
"Finneas" declared "call:10"
Street "flop" started. (community card = ['DA', 'H7', 'HT'])
"Finneas" declared "call:0"
"ZPlayer" declared "raise:17"
"Xun" declared "call:17"
"Finneas" declared "call:17"
Street "turn" started. (community card = ['DA', 'H7', 'HT', 'S3'])
"Finneas" declared "call:0"
"ZPlayer" declared "raise:10"
"Xun" declared "call:10"
"Finneas" declared "call:10"
Street "river" started. (community card = ['DA', 'H7', 'HT', 'S3', 'D4'])
"Finneas" declared "call:0"
"ZPlayer" declared "call:0"
"Xun" declared "fold:0"
"['ZPlayer']" won the round 12 (stack = {'ZPlayer': 1049, 'Xun': 348, 'NitWinWin': 955, 'Finneas': 1678, 'YangZ': 970})
player [ZPlayer] gets hole card ['H4', 'H5'], current stack 1049
player [Xun] gets hole card ['H2', 'SA'], current stack 348
player [NitWinWin] gets hole card ['D8', 'CJ'], current stack 955
player [Finneas] gets hole card ['SQ', 'S2'], current stack 1673
player [YangZ] gets hole card ['C6', 'CQ'], current stack 960
Started the round 13
Street "preflop" started. (community card = [])
"ZPlayer" declared "call:10"
"Xun" declared "call:10"
"NitWinWin" declared "fold:0"
"Finneas" declared "call:10"
"YangZ" declared "fold:0"
Street "flop" started. (community card = ['D5', 'D4', 'SK'])
"Finneas" declared "call:0"
"ZPlayer" declared "raise:610"
"Xun" declared "fold:0"
"Finneas" declared "fold:0"
"['ZPlayer']" won the round 13 (stack = {'ZPlayer': 1079, 'Xun': 338, 'NitWinWin': 955, 'Finneas': 1668, 'YangZ': 960})
player [ZPlayer] gets hole card ['C3', 'CT'], current stack 1069
player [Xun] gets hole card ['H3', 'S7'], current stack 338
player [NitWinWin] gets hole card ['C4', 'S4'], current stack 955
player [Finneas] gets hole card ['H2', 'C9'], current stack 1668
player [YangZ] gets hole card ['DA', 'H6'], current stack 955
Started the round 14
Street "preflop" started. (community card = [])
"Xun" declared "call:10"
"NitWinWin" declared "fold:0"
"Finneas" declared "call:10"
"YangZ" declared "fold:0"
"ZPlayer" declared "call:10"
Street "flop" started. (community card = ['CA', 'DT', 'C2'])
"ZPlayer" declared "raise:35"
"Xun" declared "fold:0"
"Finneas" declared "fold:0"
"['ZPlayer']" won the round 14 (stack = {'ZPlayer': 1104, 'Xun': 328, 'NitWinWin': 955, 'Finneas': 1658, 'YangZ': 955})
player [ZPlayer] gets hole card ['SA', 'H3'], current stack 1099
player [Xun] gets hole card ['S4', 'HK'], current stack 318
player [NitWinWin] gets hole card ['D9', 'D2'], current stack 955
player [Finneas] gets hole card ['D8', 'CQ'], current stack 1658
player [YangZ] gets hole card ['H2', 'H6'], current stack 955
Started the round 15
Street "preflop" started. (community card = [])
"NitWinWin" declared "fold:0"
"Finneas" declared "call:10"
"YangZ" declared "fold:0"
"ZPlayer" declared "raise:15"
"Xun" declared "call:15"
"Finneas" declared "call:15"
Street "flop" started. (community card = ['DK', 'CT', 'HT'])
"ZPlayer" declared "raise:10"
"Xun" declared "call:10"
"Finneas" declared "call:10"
Street "turn" started. (community card = ['DK', 'CT', 'HT', 'H7'])
"ZPlayer" declared "call:0"
"Xun" declared "call:0"
"Finneas" declared "call:0"
Street "river" started. (community card = ['DK', 'CT', 'HT', 'H7', 'S3'])
"ZPlayer" declared "call:0"
"Xun" declared "call:0"
"Finneas" declared "call:0"
"['Xun']" won the round 15 (stack = {'ZPlayer': 1079, 'Xun': 378, 'NitWinWin': 955, 'Finneas': 1633, 'YangZ': 955})
player [ZPlayer] gets hole card ['C3', 'H8'], current stack 1079
player [Xun] gets hole card ['SJ', 'H2'], current stack 373
player [NitWinWin] gets hole card ['SQ', 'H3'], current stack 945
player [Finneas] gets hole card ['C5', 'C4'], current stack 1633
player [YangZ] gets hole card ['D4', 'D6'], current stack 955
Started the round 16
Street "preflop" started. (community card = [])
"Finneas" declared "call:10"
"YangZ" declared "fold:0"
"ZPlayer" declared "call:10"
"Xun" declared "call:10"
"NitWinWin" declared "fold:0"
Street "flop" started. (community card = ['S2', 'ST', 'HT'])
"Xun" declared "call:0"
"Finneas" declared "call:0"
"ZPlayer" declared "call:0"
Street "turn" started. (community card = ['S2', 'ST', 'HT', 'C2'])
"Xun" declared "call:0"
"Finneas" declared "call:0"
"ZPlayer" declared "call:0"
Street "river" started. (community card = ['S2', 'ST', 'HT', 'C2', 'H6'])
"Xun" declared "call:0"
"Finneas" declared "call:0"
"ZPlayer" declared "call:0"
"['Xun']" won the round 16 (stack = {'ZPlayer': 1069, 'Xun': 408, 'NitWinWin': 945, 'Finneas': 1623, 'YangZ': 955})
player [ZPlayer] gets hole card ['DT', 'HK'], current stack 1069
player [Xun] gets hole card ['D5', 'HT'], current stack 408
player [NitWinWin] gets hole card ['S5', 'DK'], current stack 940
player [Finneas] gets hole card ['DA', 'D7'], current stack 1613
player [YangZ] gets hole card ['CT', 'C3'], current stack 955
Started the round 17
Street "preflop" started. (community card = [])
"YangZ" declared "fold:0"
"ZPlayer" declared "raise:15"
"Xun" declared "call:15"
"NitWinWin" declared "fold:0"
"Finneas" declared "call:15"
Street "flop" started. (community card = ['C8', 'H3', 'S4'])
"Finneas" declared "call:0"
"ZPlayer" declared "call:0"
"Xun" declared "fold:0"
Street "turn" started. (community card = ['C8', 'H3', 'S4', 'H9'])
"Finneas" declared "call:0"
"ZPlayer" declared "call:0"
Street "river" started. (community card = ['C8', 'H3', 'S4', 'H9', 'S9'])
"Finneas" declared "call:0"
"ZPlayer" declared "call:0"
"['Finneas']" won the round 17 (stack = {'ZPlayer': 1054, 'Xun': 393, 'NitWinWin': 940, 'Finneas': 1658, 'YangZ': 955})
player [ZPlayer] gets hole card ['DA', 'H6'], current stack 1054
player [Xun] gets hole card ['D2', 'CT'], current stack 393
player [NitWinWin] gets hole card ['DK', 'S7'], current stack 940
player [Finneas] gets hole card ['D6', 'S4'], current stack 1653
player [YangZ] gets hole card ['CA', 'H7'], current stack 945
Started the round 18
Street "preflop" started. (community card = [])
"ZPlayer" declared "raise:15"
"Xun" declared "call:15"
"NitWinWin" declared "fold:0"
"Finneas" declared "call:15"
"YangZ" declared "fold:0"
Street "flop" started. (community card = ['HK', 'H3', 'C8'])
"Finneas" declared "call:0"
"ZPlayer" declared "call:0"
"Xun" declared "fold:0"
Street "turn" started. (community card = ['HK', 'H3', 'C8', 'HQ'])
"Finneas" declared "call:0"
"ZPlayer" declared "call:0"
Street "river" started. (community card = ['HK', 'H3', 'C8', 'HQ', 'S9'])
"Finneas" declared "call:0"
"ZPlayer" declared "call:0"
"['ZPlayer']" won the round 18 (stack = {'ZPlayer': 1094, 'Xun': 378, 'NitWinWin': 940, 'Finneas': 1643, 'YangZ': 945})
player [ZPlayer] gets hole card ['S9', 'H7'], current stack 1084
player [Xun] gets hole card ['D9', 'H6'], current stack 378
player [NitWinWin] gets hole card ['DQ', 'D2'], current stack 940
player [Finneas] gets hole card ['D7', 'H8'], current stack 1643
player [YangZ] gets hole card ['HA', 'S8'], current stack 940
Started the round 19
Street "preflop" started. (community card = [])
"Xun" declared "call:10"
"NitWinWin" declared "fold:0"
"Finneas" declared "call:10"
"YangZ" declared "fold:0"
"ZPlayer" declared "call:10"
Street "flop" started. (community card = ['H9', 'SJ', 'SA'])
"ZPlayer" declared "raise:10"
"Xun" declared "call:10"
"Finneas" declared "call:10"
Street "turn" started. (community card = ['H9', 'SJ', 'SA', 'D8'])
"ZPlayer" declared "raise:10"
"Xun" declared "fold:0"
"Finneas" declared "call:10"
Street "river" started. (community card = ['H9', 'SJ', 'SA', 'D8', 'C3'])
"ZPlayer" declared "raise:10"
"Finneas" declared "call:10"
"['ZPlayer']" won the round 19 (stack = {'ZPlayer': 1159, 'Xun': 358, 'NitWinWin': 940, 'Finneas': 1603, 'YangZ': 940})
player [ZPlayer] gets hole card ['D8', 'HK'], current stack 1154
player [Xun] gets hole card ['H3', 'DQ'], current stack 348
player [NitWinWin] gets hole card ['DT', 'SQ'], current stack 940
player [Finneas] gets hole card ['HT', 'D4'], current stack 1603
player [YangZ] gets hole card ['H8', 'C9'], current stack 940
Started the round 20
Street "preflop" started. (community card = [])
"NitWinWin" declared "fold:0"
"Finneas" declared "call:10"
"YangZ" declared "fold:0"
"ZPlayer" declared "raise:15"
"Xun" declared "call:15"
"Finneas" declared "call:15"
Street "flop" started. (community card = ['S2', 'C4', 'C5'])
"ZPlayer" declared "call:0"
"Xun" declared "call:0"
"Finneas" declared "call:0"
Street "turn" started. (community card = ['S2', 'C4', 'C5', 'HJ'])
"ZPlayer" declared "call:0"
"Xun" declared "fold:0"
"Finneas" declared "call:0"
Street "river" started. (community card = ['S2', 'C4', 'C5', 'HJ', 'DA'])
"ZPlayer" declared "call:0"
"Finneas" declared "call:0"
"['Finneas']" won the round 20 (stack = {'ZPlayer': 1144, 'Xun': 343, 'NitWinWin': 940, 'Finneas': 1633, 'YangZ': 940})
player [ZPlayer] gets hole card ['CA', 'H4'], current stack 1144
player [Xun] gets hole card ['S2', 'D3'], current stack 338
player [NitWinWin] gets hole card ['D8', 'H9'], current stack 930
player [Finneas] gets hole card ['D9', 'C3'], current stack 1633
player [YangZ] gets hole card ['CT', 'C2'], current stack 940
Started the round 21
Street "preflop" started. (community card = [])
"Finneas" declared "call:10"
"YangZ" declared "fold:0"
"ZPlayer" declared "raise:15"
"Xun" declared "call:15"
"NitWinWin" declared "fold:0"
"Finneas" declared "call:15"
Street "flop" started. (community card = ['S7', 'H5', 'HK'])
"Xun" declared "fold:0"
"Finneas" declared "call:0"
"ZPlayer" declared "call:0"
Street "turn" started. (community card = ['S7', 'H5', 'HK', 'HT'])
"Finneas" declared "call:0"
"ZPlayer" declared "call:0"
Street "river" started. (community card = ['S7', 'H5', 'HK', 'HT', 'HA'])
"Finneas" declared "call:0"
"ZPlayer" declared "raise:10"
"Finneas" declared "call:10"
"['ZPlayer']" won the round 21 (stack = {'ZPlayer': 1194, 'Xun': 328, 'NitWinWin': 930, 'Finneas': 1608, 'YangZ': 940})
player [ZPlayer] gets hole card ['H6', 'SQ'], current stack 1194
player [Xun] gets hole card ['C9', 'HJ'], current stack 328
player [NitWinWin] gets hole card ['D2', 'S5'], current stack 925
player [Finneas] gets hole card ['DQ', 'S9'], current stack 1598
player [YangZ] gets hole card ['S7', 'C3'], current stack 940
Started the round 22
Street "preflop" started. (community card = [])
"YangZ" declared "fold:0"
"ZPlayer" declared "raise:15"
"Xun" declared "call:15"
"NitWinWin" declared "fold:0"
"Finneas" declared "call:15"
Street "flop" started. (community card = ['H9', 'D8', 'CQ'])
"Finneas" declared "call:0"
"ZPlayer" declared "raise:25"
"Xun" declared "call:25"
"Finneas" declared "fold:0"
Street "turn" started. (community card = ['H9', 'D8', 'CQ', 'H8'])
"ZPlayer" declared "raise:10"
"Xun" declared "fold:0"
"['ZPlayer']" won the round 22 (stack = {'ZPlayer': 1254, 'Xun': 288, 'NitWinWin': 925, 'Finneas': 1593, 'YangZ': 940})
player [ZPlayer] gets hole card ['D7', 'CT'], current stack 1254
player [Xun] gets hole card ['CJ', 'C9'], current stack 288
player [NitWinWin] gets hole card ['DJ', 'H3'], current stack 925
player [Finneas] gets hole card ['S3', 'DK'], current stack 1588
player [YangZ] gets hole card ['S8', 'HK'], current stack 930
Started the round 23
Street "preflop" started. (community card = [])
"ZPlayer" declared "call:10"
"Xun" declared "call:10"
"NitWinWin" declared "fold:0"
"Finneas" declared "call:10"
"YangZ" declared "fold:0"
Street "flop" started. (community card = ['SQ', 'HJ', 'CA'])
"Finneas" declared "call:0"
"ZPlayer" declared "raise:10"
"Xun" declared "call:10"
"Finneas" declared "call:10"
Street "turn" started. (community card = ['SQ', 'HJ', 'CA', 'C6'])
"Finneas" declared "call:0"
"ZPlayer" declared "call:0"
"Xun" declared "call:0"
Street "river" started. (community card = ['SQ', 'HJ', 'CA', 'C6', 'H7'])
"Finneas" declared "call:0"
"ZPlayer" declared "call:0"
"Xun" declared "fold:0"
"['ZPlayer']" won the round 23 (stack = {'ZPlayer': 1304, 'Xun': 268, 'NitWinWin': 925, 'Finneas': 1573, 'YangZ': 930})
player [ZPlayer] gets hole card ['D5', 'H4'], current stack 1294
player [Xun] gets hole card ['C7', 'S4'], current stack 268
player [NitWinWin] gets hole card ['SK', 'H6'], current stack 925
player [Finneas] gets hole card ['SJ', 'DJ'], current stack 1573
player [YangZ] gets hole card ['H5', 'HJ'], current stack 925
Started the round 24
Street "preflop" started. (community card = [])
"Xun" declared "call:10"
"NitWinWin" declared "fold:0"
"Finneas" declared "call:10"
"YangZ" declared "fold:0"
"ZPlayer" declared "call:10"
Street "flop" started. (community card = ['D6', 'DQ', 'D7'])
"ZPlayer" declared "raise:17"
"Xun" declared "fold:0"
"Finneas" declared "call:17"
Street "turn" started. (community card = ['D6', 'DQ', 'D7', 'SQ'])
"ZPlayer" declared "call:0"
"Finneas" declared "call:0"
Street "river" started. (community card = ['D6', 'DQ', 'D7', 'SQ', 'S2'])
"ZPlayer" declared "call:0"
"Finneas" declared "call:0"
"['Finneas']" won the round 24 (stack = {'ZPlayer': 1277, 'Xun': 258, 'NitWinWin': 925, 'Finneas': 1615, 'YangZ': 925})
player [ZPlayer] gets hole card ['DJ', 'DQ'], current stack 1272
player [Xun] gets hole card ['HA', 'CK'], current stack 248
player [NitWinWin] gets hole card ['H5', 'C6'], current stack 925
player [Finneas] gets hole card ['S6', 'CQ'], current stack 1615
player [YangZ] gets hole card ['S9', 'H4'], current stack 925
Started the round 25
Street "preflop" started. (community card = [])
"NitWinWin" declared "fold:0"
"Finneas" declared "call:10"
"YangZ" declared "fold:0"
"ZPlayer" declared "raise:15"
"Xun" declared "call:15"
"Finneas" declared "call:15"
Street "flop" started. (community card = ['HK', 'SQ', 'CT'])
"ZPlayer" declared "raise:640"
"Xun" declared "call:640"
"Finneas" declared "fold:0"
Street "turn" started. (community card = ['HK', 'SQ', 'CT', 'H8'])
Street "river" started. (community card = ['HK', 'SQ', 'CT', 'H8', 'C2'])
"['Xun']" won the round 25 (stack = {'ZPlayer': 1019, 'Xun': 531, 'NitWinWin': 925, 'Finneas': 1600, 'YangZ': 925})
player [ZPlayer] gets hole card ['S3', 'SK'], current stack 1019
player [Xun] gets hole card ['S9', 'HJ'], current stack 526
player [NitWinWin] gets hole card ['CJ', 'S5'], current stack 915
player [Finneas] gets hole card ['SJ', 'H7'], current stack 1600
player [YangZ] gets hole card ['HK', 'C6'], current stack 925
Started the round 26
Street "preflop" started. (community card = [])
"Finneas" declared "call:10"
"YangZ" declared "fold:0"
"ZPlayer" declared "raise:15"
"Xun" declared "call:15"
"NitWinWin" declared "fold:0"
"Finneas" declared "call:15"
Street "flop" started. (community card = ['DK', 'CT', 'C7'])
"Xun" declared "call:0"
"Finneas" declared "call:0"
"ZPlayer" declared "raise:27"
"Xun" declared "call:27"
"Finneas" declared "fold:0"
Street "turn" started. (community card = ['DK', 'CT', 'C7', 'H2'])
"Xun" declared "fold:0"
"['ZPlayer']" won the round 26 (stack = {'ZPlayer': 1086, 'Xun': 489, 'NitWinWin': 915, 'Finneas': 1585, 'YangZ': 925})
player [ZPlayer] gets hole card ['HK', 'S8'], current stack 1086
player [Xun] gets hole card ['H2', 'D5'], current stack 489
player [NitWinWin] gets hole card ['DA', 'HT'], current stack 910
player [Finneas] gets hole card ['C9', 'C6'], current stack 1575
player [YangZ] gets hole card ['C3', 'D2'], current stack 925
Started the round 27
Street "preflop" started. (community card = [])
"YangZ" declared "fold:0"
"ZPlayer" declared "raise:15"
"Xun" declared "call:15"
"NitWinWin" declared "fold:0"
"Finneas" declared "call:15"
Street "flop" started. (community card = ['D6', 'D4', 'C2'])
"Finneas" declared "call:0"
"ZPlayer" declared "call:0"
"Xun" declared "call:0"
Street "turn" started. (community card = ['D6', 'D4', 'C2', 'CJ'])
"Finneas" declared "call:0"
"ZPlayer" declared "call:0"
"Xun" declared "fold:0"
Street "river" started. (community card = ['D6', 'D4', 'C2', 'CJ', 'H4'])
"Finneas" declared "call:0"
"ZPlayer" declared "call:0"
"['Finneas']" won the round 27 (stack = {'ZPlayer': 1071, 'Xun': 474, 'NitWinWin': 910, 'Finneas': 1620, 'YangZ': 925})
player [ZPlayer] gets hole card ['D8', 'ST'], current stack 1071
player [Xun] gets hole card ['CT', 'DJ'], current stack 474
player [NitWinWin] gets hole card ['H6', 'HT'], current stack 910
player [Finneas] gets hole card ['H3', 'SJ'], current stack 1615
player [YangZ] gets hole card ['S9', 'D4'], current stack 915
Started the round 28
Street "preflop" started. (community card = [])
"ZPlayer" declared "raise:15"
"Xun" declared "call:15"
"NitWinWin" declared "fold:0"
"Finneas" declared "call:15"
"YangZ" declared "fold:0"
Street "flop" started. (community card = ['S2', 'DQ', 'DA'])
"Finneas" declared "call:0"
"ZPlayer" declared "call:0"
"Xun" declared "call:0"
Street "turn" started. (community card = ['S2', 'DQ', 'DA', 'C9'])
"Finneas" declared "call:0"
"ZPlayer" declared "call:0"
"Xun" declared "fold:0"
Street "river" started. (community card = ['S2', 'DQ', 'DA', 'C9', 'C8'])
"Finneas" declared "call:0"
"ZPlayer" declared "call:0"
"['ZPlayer']" won the round 28 (stack = {'ZPlayer': 1111, 'Xun': 459, 'NitWinWin': 910, 'Finneas': 1605, 'YangZ': 915})
player [ZPlayer] gets hole card ['D2', 'SQ'], current stack 1101
player [Xun] gets hole card ['HA', 'D8'], current stack 459
player [NitWinWin] gets hole card ['D5', 'C5'], current stack 910
player [Finneas] gets hole card ['S6', 'HT'], current stack 1605
player [YangZ] gets hole card ['SA', 'DT'], current stack 910
Started the round 29
Street "preflop" started. (community card = [])
"Xun" declared "call:10"
"NitWinWin" declared "fold:0"
"Finneas" declared "call:10"
"YangZ" declared "fold:0"
"ZPlayer" declared "call:10"
Street "flop" started. (community card = ['H9', 'DJ', 'C4'])
"ZPlayer" declared "call:0"
"Xun" declared "fold:0"
"Finneas" declared "call:0"
Street "turn" started. (community card = ['H9', 'DJ', 'C4', 'S5'])
"ZPlayer" declared "call:0"
"Finneas" declared "call:0"
Street "river" started. (community card = ['H9', 'DJ', 'C4', 'S5', 'C6'])
"ZPlayer" declared "call:0"
"Finneas" declared "call:0"
"['Finneas']" won the round 29 (stack = {'ZPlayer': 1101, 'Xun': 449, 'NitWinWin': 910, 'Finneas': 1630, 'YangZ': 910})
player [ZPlayer] gets hole card ['C2', 'H8'], current stack 1096
player [Xun] gets hole card ['C7', 'H6'], current stack 439
player [NitWinWin] gets hole card ['C5', 'S2'], current stack 910
player [Finneas] gets hole card ['H7', 'CJ'], current stack 1630
player [YangZ] gets hole card ['CK', 'C9'], current stack 910
Started the round 30
Street "preflop" started. (community card = [])
"NitWinWin" declared "fold:0"
"Finneas" declared "call:10"
"YangZ" declared "fold:0"
"ZPlayer" declared "call:10"
"Xun" declared "call:10"
Street "flop" started. (community card = ['DQ', 'D3', 'D4'])
"ZPlayer" declared "call:0"
"Xun" declared "fold:0"
"Finneas" declared "call:0"
Street "turn" started. (community card = ['DQ', 'D3', 'D4', 'DK'])
"ZPlayer" declared "call:0"
"Finneas" declared "call:0"
Street "river" started. (community card = ['DQ', 'D3', 'D4', 'DK', 'SJ'])
"ZPlayer" declared "call:0"
"Finneas" declared "call:0"
"['Finneas']" won the round 30 (stack = {'ZPlayer': 1091, 'Xun': 439, 'NitWinWin': 910, 'Finneas': 1650, 'YangZ': 910})
player [ZPlayer] gets hole card ['D7', 'S8'], current stack 1091
player [Xun] gets hole card ['S9', 'CK'], current stack 434
player [NitWinWin] gets hole card ['S5', 'H9'], current stack 900
player [Finneas] gets hole card ['C2', 'H2'], current stack 1650
player [YangZ] gets hole card ['HJ', 'H6'], current stack 910
Started the round 31
Street "preflop" started. (community card = [])
"Finneas" declared "call:10"
"YangZ" declared "fold:0"
"ZPlayer" declared "raise:15"
"Xun" declared "call:15"
"NitWinWin" declared "fold:0"
"Finneas" declared "call:15"
Street "flop" started. (community card = ['C6', 'S7', 'H8'])
"Xun" declared "call:0"
"Finneas" declared "call:0"
"ZPlayer" declared "raise:55"
"Xun" declared "call:55"
"Finneas" declared "fold:0"
Street "turn" started. (community card = ['C6', 'S7', 'H8', 'HA'])
"Xun" declared "fold:0"
"['ZPlayer']" won the round 31 (stack = {'ZPlayer': 1186, 'Xun': 369, 'NitWinWin': 900, 'Finneas': 1635, 'YangZ': 910})
player [ZPlayer] gets hole card ['H6', 'D6'], current stack 1186
player [Xun] gets hole card ['DJ', 'HK'], current stack 369
player [NitWinWin] gets hole card ['S2', 'S9'], current stack 895
player [Finneas] gets hole card ['SA', 'CK'], current stack 1625
player [YangZ] gets hole card ['DK', 'D3'], current stack 910
Started the round 32
Street "preflop" started. (community card = [])
"YangZ" declared "fold:0"
"ZPlayer" declared "raise:15"
"Xun" declared "call:15"
"NitWinWin" declared "fold:0"
"Finneas" declared "raise:827"
"ZPlayer" declared "fold:0"
"Xun" declared "call:827"
Street "flop" started. (community card = ['H7', 'H2', 'CA'])
Street "turn" started. (community card = ['H7', 'H2', 'CA', 'CQ'])
Street "river" started. (community card = ['H7', 'H2', 'CA', 'CQ', 'D9'])
"['Finneas']" won the round 32 (stack = {'ZPlayer': 1171, 'Xun': 0, 'NitWinWin': 895, 'Finneas': 2024, 'YangZ': 910})
player [ZPlayer] gets hole card ['C4', 'D7'], current stack 1171
player [NitWinWin] gets hole card ['C9', 'CK'], current stack 895
player [Finneas] gets hole card ['D9', 'HT'], current stack 2019
player [YangZ] gets hole card ['H4', 'CA'], current stack 900
Started the round 33
Street "preflop" started. (community card = [])
"ZPlayer" declared "call:10"
"NitWinWin" declared "fold:0"
"Finneas" declared "call:10"
"YangZ" declared "fold:0"
Street "flop" started. (community card = ['S9', 'S7', 'CQ'])
"Finneas" declared "call:0"
"ZPlayer" declared "raise:10"
"Finneas" declared "call:10"
Street "turn" started. (community card = ['S9', 'S7', 'CQ', 'HJ'])
"Finneas" declared "call:0"
"ZPlayer" declared "call:0"
Street "river" started. (community card = ['S9', 'S7', 'CQ', 'HJ', 'H8'])
"Finneas" declared "call:0"
"ZPlayer" declared "call:0"
"['Finneas']" won the round 33 (stack = {'ZPlayer': 1151, 'Xun': 0, 'NitWinWin': 895, 'Finneas': 2054, 'YangZ': 900})
player [ZPlayer] gets hole card ['HA', 'DQ'], current stack 1141
player [NitWinWin] gets hole card ['S8', 'SJ'], current stack 895
player [Finneas] gets hole card ['H2', 'C8'], current stack 2054
player [YangZ] gets hole card ['CT', 'DK'], current stack 895
Started the round 34
Street "preflop" started. (community card = [])
"NitWinWin" declared "fold:0"
"Finneas" declared "call:10"
"YangZ" declared "fold:0"
"ZPlayer" declared "raise:15"
"Finneas" declared "call:15"
Street "flop" started. (community card = ['C2', 'H7', 'CQ'])
"ZPlayer" declared "raise:17"
"Finneas" declared "call:17"
Street "turn" started. (community card = ['C2', 'H7', 'CQ', 'D4'])
"ZPlayer" declared "raise:34"
"Finneas" declared "fold:0"
"['ZPlayer']" won the round 34 (stack = {'ZPlayer': 1188, 'Xun': 0, 'NitWinWin': 895, 'Finneas': 2022, 'YangZ': 895})
player [ZPlayer] gets hole card ['CJ', 'S9'], current stack 1183
player [NitWinWin] gets hole card ['SJ', 'S4'], current stack 885
player [Finneas] gets hole card ['SK', 'HQ'], current stack 2022
player [YangZ] gets hole card ['C5', 'C7'], current stack 895
Started the round 35
Street "preflop" started. (community card = [])
"Finneas" declared "call:10"
"YangZ" declared "fold:0"
"ZPlayer" declared "raise:15"
"NitWinWin" declared "fold:0"
"Finneas" declared "call:15"
Street "flop" started. (community card = ['SA', 'DA', 'CK'])
"ZPlayer" declared "raise:10"
"Finneas" declared "call:10"
Street "turn" started. (community card = ['SA', 'DA', 'CK', 'DQ'])
"ZPlayer" declared "call:0"
"Finneas" declared "call:0"
Street "river" started. (community card = ['SA', 'DA', 'CK', 'DQ', 'SQ'])
"ZPlayer" declared "raise:10"
"Finneas" declared "raise:1008"
"ZPlayer" declared "fold:0"
"['Finneas']" won the round 35 (stack = {'ZPlayer': 1153, 'Xun': 0, 'NitWinWin': 885, 'Finneas': 2067, 'YangZ': 895})
player [ZPlayer] gets hole card ['H5', 'S3'], current stack 1153
player [NitWinWin] gets hole card ['DQ', 'HJ'], current stack 880
player [Finneas] gets hole card ['HA', 'D6'], current stack 2057
player [YangZ] gets hole card ['D3', 'D2'], current stack 895
Started the round 36
Street "preflop" started. (community card = [])
"YangZ" declared "fold:0"
"ZPlayer" declared "call:10"
"NitWinWin" declared "fold:0"
"Finneas" declared "call:10"
Street "flop" started. (community card = ['D7', 'C9', 'C4'])
"Finneas" declared "call:0"
"ZPlayer" declared "call:0"
Street "turn" started. (community card = ['D7', 'C9', 'C4', 'DA'])
"Finneas" declared "call:0"
"ZPlayer" declared "call:0"
Street "river" started. (community card = ['D7', 'C9', 'C4', 'DA', 'SK'])
"Finneas" declared "call:0"
"ZPlayer" declared "call:0"
"['Finneas']" won the round 36 (stack = {'ZPlayer': 1143, 'Xun': 0, 'NitWinWin': 880, 'Finneas': 2082, 'YangZ': 895})
player [ZPlayer] gets hole card ['C2', 'ST'], current stack 1143
player [NitWinWin] gets hole card ['H4', 'C8'], current stack 880
player [Finneas] gets hole card ['D2', 'C4'], current stack 2077
player [YangZ] gets hole card ['DK', 'HA'], current stack 885
Started the round 37
Street "preflop" started. (community card = [])
"ZPlayer" declared "call:10"
"NitWinWin" declared "fold:0"
"Finneas" declared "call:10"
"YangZ" declared "fold:0"
Street "flop" started. (community card = ['D9', 'D8', 'DQ'])
"Finneas" declared "call:0"
"ZPlayer" declared "call:0"
Street "turn" started. (community card = ['D9', 'D8', 'DQ', 'HQ'])
"Finneas" declared "call:0"
"ZPlayer" declared "call:0"
Street "river" started. (community card = ['D9', 'D8', 'DQ', 'HQ', 'H5'])
"Finneas" declared "call:0"
"ZPlayer" declared "call:0"
"['ZPlayer']" won the round 37 (stack = {'ZPlayer': 1163, 'Xun': 0, 'NitWinWin': 880, 'Finneas': 2072, 'YangZ': 885})
player [ZPlayer] gets hole card ['CJ', 'SQ'], current stack 1153
player [NitWinWin] gets hole card ['CA', 'S5'], current stack 880
player [Finneas] gets hole card ['DJ', 'DT'], current stack 2072
player [YangZ] gets hole card ['S9', 'HQ'], current stack 880
Started the round 38
Street "preflop" started. (community card = [])
"NitWinWin" declared "fold:0"
"Finneas" declared "call:10"
"YangZ" declared "fold:0"
"ZPlayer" declared "raise:15"
"Finneas" declared "call:15"
Street "flop" started. (community card = ['D2', 'C5', 'D7'])
"ZPlayer" declared "call:0"
"Finneas" declared "call:0"
Street "turn" started. (community card = ['D2', 'C5', 'D7', 'H7'])
"ZPlayer" declared "call:0"
"Finneas" declared "call:0"
Street "river" started. (community card = ['D2', 'C5', 'D7', 'H7', 'H5'])
"ZPlayer" declared "call:0"
"Finneas" declared "call:0"
"['ZPlayer']" won the round 38 (stack = {'ZPlayer': 1183, 'Xun': 0, 'NitWinWin': 880, 'Finneas': 2057, 'YangZ': 880})
player [ZPlayer] gets hole card ['DT', 'D5'], current stack 1178
player [NitWinWin] gets hole card ['ST', 'D9'], current stack 870
player [Finneas] gets hole card ['C8', 'H3'], current stack 2057
player [YangZ] gets hole card ['DA', 'D7'], current stack 880
Started the round 39
Street "preflop" started. (community card = [])
"Finneas" declared "call:10"
"YangZ" declared "fold:0"
"ZPlayer" declared "raise:15"
"NitWinWin" declared "fold:0"
"Finneas" declared "call:15"
Street "flop" started. (community card = ['H2', 'CK', 'S9'])
"ZPlayer" declared "call:0"
"Finneas" declared "call:0"
Street "turn" started. (community card = ['H2', 'CK', 'S9', 'SQ'])
"ZPlayer" declared "call:0"
"Finneas" declared "call:0"
Street "river" started. (community card = ['H2', 'CK', 'S9', 'SQ', 'H6'])
"ZPlayer" declared "call:0"
"Finneas" declared "call:0"
"['ZPlayer']" won the round 39 (stack = {'ZPlayer': 1208, 'Xun': 0, 'NitWinWin': 870, 'Finneas': 2042, 'YangZ': 880})
player [ZPlayer] gets hole card ['H4', 'SJ'], current stack 1208
player [NitWinWin] gets hole card ['C5', 'CA'], current stack 865
player [Finneas] gets hole card ['C4', 'DT'], current stack 2032
player [YangZ] gets hole card ['H6', 'S8'], current stack 880
Started the round 40
Street "preflop" started. (community card = [])
"YangZ" declared "fold:0"
"ZPlayer" declared "call:10"
"NitWinWin" declared "fold:0"
"Finneas" declared "call:10"
Street "flop" started. (community card = ['S6', 'S2', 'ST'])
"Finneas" declared "call:0"
"ZPlayer" declared "call:0"
Street "turn" started. (community card = ['S6', 'S2', 'ST', 'D3'])
"Finneas" declared "call:0"
"ZPlayer" declared "call:0"
Street "river" started. (community card = ['S6', 'S2', 'ST', 'D3', 'S7'])
"Finneas" declared "call:0"
"ZPlayer" declared "raise:25"
"Finneas" declared "fold:0"
"['ZPlayer']" won the round 40 (stack = {'ZPlayer': 1223, 'Xun': 0, 'NitWinWin': 865, 'Finneas': 2032, 'YangZ': 880})
player [ZPlayer] gets hole card ['H5', 'CT'], current stack 1223
player [NitWinWin] gets hole card ['H7', 'H9'], current stack 865
player [Finneas] gets hole card ['DK', 'D3'], current stack 2027
player [YangZ] gets hole card ['D7', 'C3'], current stack 870
Started the round 41
Street "preflop" started. (community card = [])
"ZPlayer" declared "call:10"
"NitWinWin" declared "fold:0"
"Finneas" declared "call:10"
"YangZ" declared "fold:0"
Street "flop" started. (community card = ['D2', 'D5', 'SQ'])
"Finneas" declared "call:0"
"ZPlayer" declared "raise:15"
"Finneas" declared "call:15"
Street "turn" started. (community card = ['D2', 'D5', 'SQ', 'D6'])
"Finneas" declared "raise:1008"
"ZPlayer" declared "fold:0"
"['Finneas']" won the round 41 (stack = {'ZPlayer': 1198, 'Xun': 0, 'NitWinWin': 865, 'Finneas': 2067, 'YangZ': 870})
player [ZPlayer] gets hole card ['SK', 'H8'], current stack 1188
player [NitWinWin] gets hole card ['D7', 'D8'], current stack 865
player [Finneas] gets hole card ['C5', 'DQ'], current stack 2067
player [YangZ] gets hole card ['S7', 'DT'], current stack 865
Started the round 42
Street "preflop" started. (community card = [])
"NitWinWin" declared "fold:0"
"Finneas" declared "call:10"
"YangZ" declared "fold:0"
"ZPlayer" declared "raise:15"
"Finneas" declared "call:15"
Street "flop" started. (community card = ['D3', 'H4', 'CQ'])
"ZPlayer" declared "call:0"
"Finneas" declared "call:0"
Street "turn" started. (community card = ['D3', 'H4', 'CQ', 'H2'])
"ZPlayer" declared "call:0"
"Finneas" declared "call:0"
Street "river" started. (community card = ['D3', 'H4', 'CQ', 'H2', 'D5'])
"ZPlayer" declared "call:0"
"Finneas" declared "call:0"
"['Finneas']" won the round 42 (stack = {'ZPlayer': 1183, 'Xun': 0, 'NitWinWin': 865, 'Finneas': 2087, 'YangZ': 865})
player [ZPlayer] gets hole card ['SK', 'D9'], current stack 1178
player [NitWinWin] gets hole card ['HJ', 'C5'], current stack 855
player [Finneas] gets hole card ['H2', 'ST'], current stack 2087
player [YangZ] gets hole card ['H8', 'H5'], current stack 865
Started the round 43
Street "preflop" started. (community card = [])
"Finneas" declared "call:10"
"YangZ" declared "fold:0"
"ZPlayer" declared "raise:15"
"NitWinWin" declared "fold:0"
"Finneas" declared "call:15"
Street "flop" started. (community card = ['HQ', 'H7', 'D7'])
"ZPlayer" declared "raise:10"
"Finneas" declared "call:10"
Street "turn" started. (community card = ['HQ', 'H7', 'D7', 'D5'])
"ZPlayer" declared "call:0"
"Finneas" declared "call:0"
Street "river" started. (community card = ['HQ', 'H7', 'D7', 'D5', 'H3'])
"ZPlayer" declared "call:0"
"Finneas" declared "call:0"
"['ZPlayer']" won the round 43 (stack = {'ZPlayer': 1218, 'Xun': 0, 'NitWinWin': 855, 'Finneas': 2062, 'YangZ': 865})
player [ZPlayer] gets hole card ['D8', 'SQ'], current stack 1218
player [NitWinWin] gets hole card ['D6', 'D4'], current stack 850
player [Finneas] gets hole card ['D9', 'CT'], current stack 2052
player [YangZ] gets hole card ['DA', 'CK'], current stack 865
Started the round 44
Street "preflop" started. (community card = [])
"YangZ" declared "fold:0"
"ZPlayer" declared "raise:15"
"NitWinWin" declared "fold:0"
"Finneas" declared "call:15"
Street "flop" started. (community card = ['H2', 'C3', 'D3'])
"Finneas" declared "call:0"
"ZPlayer" declared "call:0"
Street "turn" started. (community card = ['H2', 'C3', 'D3', 'CQ'])
"Finneas" declared "call:0"
"ZPlayer" declared "raise:17"
"Finneas" declared "call:17"
Street "river" started. (community card = ['H2', 'C3', 'D3', 'CQ', 'S5'])
"Finneas" declared "call:0"
"ZPlayer" declared "raise:10"
"Finneas" declared "call:10"
"['ZPlayer']" won the round 44 (stack = {'ZPlayer': 1265, 'Xun': 0, 'NitWinWin': 850, 'Finneas': 2020, 'YangZ': 865})
player [ZPlayer] gets hole card ['H7', 'DQ'], current stack 1265
player [NitWinWin] gets hole card ['CK', 'CQ'], current stack 850
player [Finneas] gets hole card ['HJ', 'H8'], current stack 2015
player [YangZ] gets hole card ['C7', 'D7'], current stack 855
Started the round 45
Street "preflop" started. (community card = [])
"ZPlayer" declared "raise:15"
"NitWinWin" declared "fold:0"
"Finneas" declared "call:15"
"YangZ" declared "fold:0"
Street "flop" started. (community card = ['S9', 'H3', 'S2'])
"Finneas" declared "call:0"
"ZPlayer" declared "call:0"
Street "turn" started. (community card = ['S9', 'H3', 'S2', 'SK'])
"Finneas" declared "call:0"
"ZPlayer" declared "call:0"
Street "river" started. (community card = ['S9', 'H3', 'S2', 'SK', 'S5'])
"Finneas" declared "call:0"
"ZPlayer" declared "call:0"
"['ZPlayer']" won the round 45 (stack = {'ZPlayer': 1290, 'Xun': 0, 'NitWinWin': 850, 'Finneas': 2005, 'YangZ': 855})
player [ZPlayer] gets hole card ['H7', 'C9'], current stack 1280
player [NitWinWin] gets hole card ['C3', 'D8'], current stack 850
player [Finneas] gets hole card ['S8', 'C5'], current stack 2005
player [YangZ] gets hole card ['S4', 'C7'], current stack 850
Started the round 46
Street "preflop" started. (community card = [])
"NitWinWin" declared "fold:0"
"Finneas" declared "call:10"
"YangZ" declared "fold:0"
"ZPlayer" declared "call:10"
Street "flop" started. (community card = ['CQ', 'DJ', 'HT'])
"ZPlayer" declared "call:0"
"Finneas" declared "call:0"
Street "turn" started. (community card = ['CQ', 'DJ', 'HT', 'D5'])
"ZPlayer" declared "call:0"
"Finneas" declared "call:0"
Street "river" started. (community card = ['CQ', 'DJ', 'HT', 'D5', 'DQ'])
"ZPlayer" declared "call:0"
"Finneas" declared "call:0"
"['Finneas']" won the round 46 (stack = {'ZPlayer': 1280, 'Xun': 0, 'NitWinWin': 850, 'Finneas': 2020, 'YangZ': 850})
player [ZPlayer] gets hole card ['S3', 'H6'], current stack 1275
player [NitWinWin] gets hole card ['C9', 'DQ'], current stack 840
player [Finneas] gets hole card ['H9', 'SJ'], current stack 2020
player [YangZ] gets hole card ['DA', 'CT'], current stack 850
Started the round 47
Street "preflop" started. (community card = [])
"Finneas" declared "call:10"
"YangZ" declared "fold:0"
"ZPlayer" declared "call:10"
"NitWinWin" declared "fold:0"
Street "flop" started. (community card = ['D3', 'S4', 'ST'])
"ZPlayer" declared "raise:10"
"Finneas" declared "call:10"
Street "turn" started. (community card = ['D3', 'S4', 'ST', 'C2'])
"ZPlayer" declared "call:0"
"Finneas" declared "call:0"
Street "river" started. (community card = ['D3', 'S4', 'ST', 'C2', 'H7'])
"ZPlayer" declared "call:0"
"Finneas" declared "call:0"
"['ZPlayer']" won the round 47 (stack = {'ZPlayer': 1310, 'Xun': 0, 'NitWinWin': 840, 'Finneas': 2000, 'YangZ': 850})
player [ZPlayer] gets hole card ['DJ', 'SQ'], current stack 1310
player [NitWinWin] gets hole card ['S7', 'S5'], current stack 835
player [Finneas] gets hole card ['CT', 'SK'], current stack 1990
player [YangZ] gets hole card ['D4', 'S9'], current stack 850
Started the round 48
Street "preflop" started. (community card = [])
"YangZ" declared "fold:0"
"ZPlayer" declared "raise:15"
"NitWinWin" declared "fold:0"
"Finneas" declared "call:15"
Street "flop" started. (community card = ['HK', 'D7', 'C4'])
"Finneas" declared "call:0"
"ZPlayer" declared "call:0"
Street "turn" started. (community card = ['HK', 'D7', 'C4', 'DA'])
"Finneas" declared "call:0"
"ZPlayer" declared "call:0"
Street "river" started. (community card = ['HK', 'D7', 'C4', 'DA', 'DT'])
"Finneas" declared "call:0"
"ZPlayer" declared "raise:35"
"Finneas" declared "fold:0"
"['ZPlayer']" won the round 48 (stack = {'ZPlayer': 1330, 'Xun': 0, 'NitWinWin': 835, 'Finneas': 1985, 'YangZ': 850})
player [ZPlayer] gets hole card ['D5', 'S2'], current stack 1330
player [NitWinWin] gets hole card ['CJ', 'SJ'], current stack 835
player [Finneas] gets hole card ['S9', 'H6'], current stack 1980
player [YangZ] gets hole card ['D4', 'C3'], current stack 840
Started the round 49
Street "preflop" started. (community card = [])
"ZPlayer" declared "call:10"
"NitWinWin" declared "fold:0"
"Finneas" declared "call:10"
"YangZ" declared "fold:0"
Street "flop" started. (community card = ['C5', 'ST', 'D8'])
"Finneas" declared "call:0"
"ZPlayer" declared "raise:10"
"Finneas" declared "call:10"
Street "turn" started. (community card = ['C5', 'ST', 'D8', 'H8'])
"Finneas" declared "call:0"
"ZPlayer" declared "call:0"
Street "river" started. (community card = ['C5', 'ST', 'D8', 'H8', 'CK'])
"Finneas" declared "call:0"
"ZPlayer" declared "raise:10"
"Finneas" declared "call:10"
"['ZPlayer']" won the round 49 (stack = {'ZPlayer': 1370, 'Xun': 0, 'NitWinWin': 835, 'Finneas': 1955, 'YangZ': 840})
player [ZPlayer] gets hole card ['S7', 'SK'], current stack 1360
player [NitWinWin] gets hole card ['HJ', 'D2'], current stack 835
player [Finneas] gets hole card ['HK', 'S8'], current stack 1955
player [YangZ] gets hole card ['C7', 'DQ'], current stack 835
Started the round 50
Street "preflop" started. (community card = [])
"NitWinWin" declared "fold:0"
"Finneas" declared "call:10"
"YangZ" declared "fold:0"
"ZPlayer" declared "raise:15"
"Finneas" declared "call:15"
Street "flop" started. (community card = ['ST', 'SQ', 'DA'])
"ZPlayer" declared "raise:10"
"Finneas" declared "call:10"
Street "turn" started. (community card = ['ST', 'SQ', 'DA', 'HT'])
"ZPlayer" declared "raise:10"
"Finneas" declared "call:10"
Street "river" started. (community card = ['ST', 'SQ', 'DA', 'HT', 'S6'])
"ZPlayer" declared "raise:657"
"Finneas" declared "fold:0"
"['ZPlayer']" won the round 50 (stack = {'ZPlayer': 1410, 'Xun': 0, 'NitWinWin': 835, 'Finneas': 1920, 'YangZ': 835})

Game Results:
------------------------------------------------------------
Game 1:
Winner: Finneas (stack: 1920)
All players' stacks:
  ZPlayer: 1410
  Xun: 0
  NitWinWin: 835
  Finneas: 1920
  YangZ: 835
------------------------------------------------------------
