player [Yuchun] gets hole card ['D8', 'DJ'], current stack 1000
player [SichengZuo] gets hole card ['S5', 'C7'], current stack 995
player [JoyoPlayer] gets hole card ['S4', 'HJ'], current stack 990
player [ZifengFoldMan] gets hole card ['S8', 'CJ'], current stack 1000
player [Elvis] gets hole card ['C8', 'CT'], current stack 1000
Started the round 1
Street "preflop" started. (community card = [])
"ZifengFoldMan" declared "fold:0"
"Elvis" declared "raise:15"
"Yuchun" declared "fold:0"
"SichengZuo" declared "fold:0"
"JoyoPlayer" declared "fold:0"
"['Elvis']" won the round 1 (stack = {'Yuchun': 1000, 'SichengZuo': 995, 'JoyoPlayer': 990, 'ZifengFoldMan': 1000, 'Elvis': 1015})
player [Yuchun] gets hole card ['CK', 'H2'], current stack 1000
player [SichengZuo] gets hole card ['HJ', 'CA'], current stack 995
player [JoyoPlayer] gets hole card ['C6', 'D8'], current stack 985
player [ZifengFoldMan] gets hole card ['D3', 'H7'], current stack 990
player [Elvis] gets hole card ['D5', 'SJ'], current stack 1015
Started the round 2
Street "preflop" started. (community card = [])
"Elvis" declared "fold:0"
"Yuchun" declared "fold:0"
"SichengZuo" declared "fold:0"
"JoyoPlayer" declared "raise:15"
"ZifengFoldMan" declared "fold:0"
"['JoyoPlayer']" won the round 2 (stack = {'Yuchun': 1000, 'SichengZuo': 995, 'JoyoPlayer': 1000, 'ZifengFoldMan': 990, 'Elvis': 1015})
player [Yuchun] gets hole card ['SK', 'S8'], current stack 1000
player [SichengZuo] gets hole card ['C8', 'H7'], current stack 995
player [JoyoPlayer] gets hole card ['DK', 'C3'], current stack 1000
player [ZifengFoldMan] gets hole card ['D2', 'SQ'], current stack 985
player [Elvis] gets hole card ['C9', 'C2'], current stack 1005
Started the round 3
Street "preflop" started. (community card = [])
"Yuchun" declared "fold:0"
"SichengZuo" declared "fold:0"
"JoyoPlayer" declared "fold:0"
"ZifengFoldMan" declared "fold:0"
"['Elvis']" won the round 3 (stack = {'Yuchun': 1000, 'SichengZuo': 995, 'JoyoPlayer': 1000, 'ZifengFoldMan': 985, 'Elvis': 1020})
player [Yuchun] gets hole card ['DJ', 'H9'], current stack 990
player [SichengZuo] gets hole card ['CJ', 'H2'], current stack 995
player [JoyoPlayer] gets hole card ['H7', 'S2'], current stack 1000
player [ZifengFoldMan] gets hole card ['D8', 'C6'], current stack 985
player [Elvis] gets hole card ['ST', 'S7'], current stack 1015
Started the round 4
Street "preflop" started. (community card = [])
"SichengZuo" declared "fold:0"
"JoyoPlayer" declared "raise:15"
"ZifengFoldMan" declared "fold:0"
"Elvis" declared "raise:20"
"Yuchun" declared "fold:0"
"JoyoPlayer" declared "raise:25"
"Elvis" declared "raise:127"
"JoyoPlayer" declared "fold:0"
"['Elvis']" won the round 4 (stack = {'Yuchun': 990, 'SichengZuo': 995, 'JoyoPlayer': 975, 'ZifengFoldMan': 985, 'Elvis': 1055})
player [Yuchun] gets hole card ['S9', 'HJ'], current stack 985
player [SichengZuo] gets hole card ['HT', 'CJ'], current stack 985
player [JoyoPlayer] gets hole card ['H3', 'H9'], current stack 975
player [ZifengFoldMan] gets hole card ['H8', 'S6'], current stack 985
player [Elvis] gets hole card ['DK', 'CA'], current stack 1055
Started the round 5
Street "preflop" started. (community card = [])
"JoyoPlayer" declared "fold:0"
"ZifengFoldMan" declared "fold:0"
"Elvis" declared "raise:87"
"Yuchun" declared "fold:0"
"SichengZuo" declared "fold:0"
"['Elvis']" won the round 5 (stack = {'Yuchun': 985, 'SichengZuo': 985, 'JoyoPlayer': 975, 'ZifengFoldMan': 985, 'Elvis': 1070})
player [Yuchun] gets hole card ['S2', 'C7'], current stack 985
player [SichengZuo] gets hole card ['H7', 'HQ'], current stack 980
player [JoyoPlayer] gets hole card ['C8', 'D7'], current stack 965
player [ZifengFoldMan] gets hole card ['HJ', 'C4'], current stack 985
player [Elvis] gets hole card ['DK', 'CA'], current stack 1070
Started the round 6
Street "preflop" started. (community card = [])
"ZifengFoldMan" declared "fold:0"
"Elvis" declared "raise:15"
"Yuchun" declared "fold:0"
"SichengZuo" declared "fold:0"
"JoyoPlayer" declared "fold:0"
"['Elvis']" won the round 6 (stack = {'Yuchun': 985, 'SichengZuo': 980, 'JoyoPlayer': 965, 'ZifengFoldMan': 985, 'Elvis': 1085})
player [Yuchun] gets hole card ['C8', 'D2'], current stack 985
player [SichengZuo] gets hole card ['C9', 'C2'], current stack 980
player [JoyoPlayer] gets hole card ['CK', 'H6'], current stack 960
player [ZifengFoldMan] gets hole card ['C5', 'HJ'], current stack 975
player [Elvis] gets hole card ['C6', 'HT'], current stack 1085
Started the round 7
Street "preflop" started. (community card = [])
"Elvis" declared "raise:434"
"Yuchun" declared "fold:0"
"SichengZuo" declared "fold:0"
"JoyoPlayer" declared "fold:0"
"ZifengFoldMan" declared "fold:0"
"['Elvis']" won the round 7 (stack = {'Yuchun': 985, 'SichengZuo': 980, 'JoyoPlayer': 960, 'ZifengFoldMan': 975, 'Elvis': 1100})
player [Yuchun] gets hole card ['HT', 'DT'], current stack 985
player [SichengZuo] gets hole card ['S9', 'HA'], current stack 980
player [JoyoPlayer] gets hole card ['SK', 'SJ'], current stack 960
player [ZifengFoldMan] gets hole card ['CQ', 'CK'], current stack 970
player [Elvis] gets hole card ['DA', 'D9'], current stack 1090
Started the round 8
Street "preflop" started. (community card = [])
"Yuchun" declared "fold:0"
"SichengZuo" declared "fold:0"
"JoyoPlayer" declared "fold:0"
"ZifengFoldMan" declared "fold:0"
"['Elvis']" won the round 8 (stack = {'Yuchun': 985, 'SichengZuo': 980, 'JoyoPlayer': 960, 'ZifengFoldMan': 970, 'Elvis': 1105})
player [Yuchun] gets hole card ['D7', 'SQ'], current stack 975
player [SichengZuo] gets hole card ['H2', 'H9'], current stack 980
player [JoyoPlayer] gets hole card ['H4', 'H6'], current stack 960
player [ZifengFoldMan] gets hole card ['CJ', 'DK'], current stack 970
player [Elvis] gets hole card ['DJ', 'HT'], current stack 1100
Started the round 9
Street "preflop" started. (community card = [])
"SichengZuo" declared "fold:0"
"JoyoPlayer" declared "fold:0"
"ZifengFoldMan" declared "fold:0"
"Elvis" declared "call:10"
"Yuchun" declared "call:10"
Street "flop" started. (community card = ['S7', 'C6', 'DQ'])
"Elvis" declared "raise:10"
"Yuchun" declared "call:10"
Street "turn" started. (community card = ['S7', 'C6', 'DQ', 'C3'])
"Elvis" declared "raise:10"
"Yuchun" declared "call:10"
Street "river" started. (community card = ['S7', 'C6', 'DQ', 'C3', 'CT'])
"Elvis" declared "raise:10"
"Yuchun" declared "call:10"
"['Yuchun']" won the round 9 (stack = {'Yuchun': 1025, 'SichengZuo': 980, 'JoyoPlayer': 960, 'ZifengFoldMan': 970, 'Elvis': 1065})
player [Yuchun] gets hole card ['DA', 'H7'], current stack 1020
player [SichengZuo] gets hole card ['C4', 'HQ'], current stack 970
player [JoyoPlayer] gets hole card ['CQ', 'C8'], current stack 960
player [ZifengFoldMan] gets hole card ['H9', 'S2'], current stack 970
player [Elvis] gets hole card ['D2', 'DT'], current stack 1065
Started the round 10
Street "preflop" started. (community card = [])
"JoyoPlayer" declared "raise:15"
"ZifengFoldMan" declared "fold:0"
"Elvis" declared "raise:20"
"Yuchun" declared "call:20"
"SichengZuo" declared "fold:0"
"JoyoPlayer" declared "raise:25"
"Elvis" declared "fold:0"
"Yuchun" declared "call:25"
Street "flop" started. (community card = ['D5', 'SJ', 'S5'])
"Yuchun" declared "call:0"
"JoyoPlayer" declared "fold:0"
"['Yuchun']" won the round 10 (stack = {'Yuchun': 1080, 'SichengZuo': 970, 'JoyoPlayer': 935, 'ZifengFoldMan': 970, 'Elvis': 1045})
player [Yuchun] gets hole card ['H9', 'C5'], current stack 1080
player [SichengZuo] gets hole card ['CT', 'D7'], current stack 965
player [JoyoPlayer] gets hole card ['C7', 'D6'], current stack 925
player [ZifengFoldMan] gets hole card ['S2', 'ST'], current stack 970
player [Elvis] gets hole card ['DJ', 'HJ'], current stack 1045
Started the round 11
Street "preflop" started. (community card = [])
"ZifengFoldMan" declared "fold:0"
"Elvis" declared "raise:84"
"Yuchun" declared "call:84"
"SichengZuo" declared "fold:0"
"JoyoPlayer" declared "raise:158"
"Elvis" declared "raise:232"
"Yuchun" declared "fold:0"
"JoyoPlayer" declared "fold:0"
"['Elvis']" won the round 11 (stack = {'Yuchun': 996, 'SichengZuo': 965, 'JoyoPlayer': 777, 'ZifengFoldMan': 970, 'Elvis': 1292})
player [Yuchun] gets hole card ['D2', 'SA'], current stack 996
player [SichengZuo] gets hole card ['C9', 'D7'], current stack 965
player [JoyoPlayer] gets hole card ['C4', 'DA'], current stack 772
player [ZifengFoldMan] gets hole card ['HA', 'H5'], current stack 960
player [Elvis] gets hole card ['D6', 'D3'], current stack 1292
Started the round 12
Street "preflop" started. (community card = [])
"Elvis" declared "raise:15"
"Yuchun" declared "call:15"
"SichengZuo" declared "fold:0"
"JoyoPlayer" declared "raise:20"
"ZifengFoldMan" declared "fold:0"
"Elvis" declared "raise:55"
"Yuchun" declared "call:55"
"JoyoPlayer" declared "fold:0"
Street "flop" started. (community card = ['SJ', 'H3', 'DK'])
"Elvis" declared "raise:10"
"Yuchun" declared "call:10"
Street "turn" started. (community card = ['SJ', 'H3', 'DK', 'S6'])
"Elvis" declared "raise:920"
"Yuchun" declared "fold:0"
"['Elvis']" won the round 12 (stack = {'Yuchun': 931, 'SichengZuo': 965, 'JoyoPlayer': 757, 'ZifengFoldMan': 960, 'Elvis': 1387})
player [Yuchun] gets hole card ['S2', 'D6'], current stack 931
player [SichengZuo] gets hole card ['CK', 'C6'], current stack 965
player [JoyoPlayer] gets hole card ['H6', 'S6'], current stack 757
player [ZifengFoldMan] gets hole card ['H4', 'D4'], current stack 955
player [Elvis] gets hole card ['C2', 'CJ'], current stack 1377
Started the round 13
Street "preflop" started. (community card = [])
"Yuchun" declared "call:10"
"SichengZuo" declared "fold:0"
"JoyoPlayer" declared "raise:15"
"ZifengFoldMan" declared "fold:0"
"Elvis" declared "raise:75"
"Yuchun" declared "call:75"
"JoyoPlayer" declared "raise:135"
"Elvis" declared "raise:195"
"Yuchun" declared "call:195"
"JoyoPlayer" declared "fold:0"
Street "flop" started. (community card = ['CQ', 'CA', 'HT'])
"Elvis" declared "raise:10"
"Yuchun" declared "call:10"
Street "turn" started. (community card = ['CQ', 'CA', 'HT', 'D5'])
"Elvis" declared "raise:10"
"Yuchun" declared "fold:0"
"['Elvis']" won the round 13 (stack = {'Yuchun': 726, 'SichengZuo': 965, 'JoyoPlayer': 622, 'ZifengFoldMan': 955, 'Elvis': 1732})
player [Yuchun] gets hole card ['H7', 'C9'], current stack 716
player [SichengZuo] gets hole card ['DQ', 'H9'], current stack 965
player [JoyoPlayer] gets hole card ['DA', 'D8'], current stack 622
player [ZifengFoldMan] gets hole card ['H2', 'ST'], current stack 955
player [Elvis] gets hole card ['HQ', 'C3'], current stack 1727
Started the round 14
Street "preflop" started. (community card = [])
"SichengZuo" declared "fold:0"
"JoyoPlayer" declared "raise:15"
"ZifengFoldMan" declared "fold:0"
"Elvis" declared "raise:20"
"Yuchun" declared "call:20"
"JoyoPlayer" declared "fold:0"
Street "flop" started. (community card = ['S9', 'H5', 'SA'])
"Elvis" declared "raise:10"
"Yuchun" declared "raise:80"
"Elvis" declared "raise:150"
"Yuchun" declared "call:150"
Street "turn" started. (community card = ['S9', 'H5', 'SA', 'C5'])
"Elvis" declared "raise:10"
"Yuchun" declared "call:10"
Street "river" started. (community card = ['S9', 'H5', 'SA', 'C5', 'D5'])
"Elvis" declared "raise:10"
"Yuchun" declared "call:10"
"['Yuchun']" won the round 14 (stack = {'Yuchun': 931, 'SichengZuo': 965, 'JoyoPlayer': 607, 'ZifengFoldMan': 955, 'Elvis': 1542})
player [Yuchun] gets hole card ['SK', 'HA'], current stack 926
player [SichengZuo] gets hole card ['S4', 'H6'], current stack 955
player [JoyoPlayer] gets hole card ['SQ', 'C9'], current stack 607
player [ZifengFoldMan] gets hole card ['C6', 'S9'], current stack 955
player [Elvis] gets hole card ['H7', 'SJ'], current stack 1542
Started the round 15
Street "preflop" started. (community card = [])
"JoyoPlayer" declared "raise:15"
"ZifengFoldMan" declared "fold:0"
"Elvis" declared "raise:20"
"Yuchun" declared "call:20"
"SichengZuo" declared "fold:0"
"JoyoPlayer" declared "fold:0"
Street "flop" started. (community card = ['CA', 'DT', 'H5'])
"Yuchun" declared "raise:911"
"Elvis" declared "raise:0"
"['Yuchun']" won the round 15 (stack = {'Yuchun': 976, 'SichengZuo': 955, 'JoyoPlayer': 592, 'ZifengFoldMan': 955, 'Elvis': 1522})
player [Yuchun] gets hole card ['CQ', 'SA'], current stack 976
player [SichengZuo] gets hole card ['C5', 'CJ'], current stack 950
player [JoyoPlayer] gets hole card ['S7', 'D6'], current stack 582
player [ZifengFoldMan] gets hole card ['H6', 'DJ'], current stack 955
player [Elvis] gets hole card ['C3', 'S6'], current stack 1522
Started the round 16
Street "preflop" started. (community card = [])
"ZifengFoldMan" declared "fold:0"
"Elvis" declared "raise:15"
"Yuchun" declared "call:15"
"SichengZuo" declared "fold:0"
"JoyoPlayer" declared "fold:0"
Street "flop" started. (community card = ['C2', 'CA', 'SQ'])
"Elvis" declared "raise:10"
"Yuchun" declared "raise:961"
"Elvis" declared "raise:0"
"['Yuchun']" won the round 16 (stack = {'Yuchun': 1016, 'SichengZuo': 950, 'JoyoPlayer': 582, 'ZifengFoldMan': 955, 'Elvis': 1497})
player [Yuchun] gets hole card ['HK', 'C9'], current stack 1016
player [SichengZuo] gets hole card ['HQ', 'H4'], current stack 950
player [JoyoPlayer] gets hole card ['D2', 'DQ'], current stack 577
player [ZifengFoldMan] gets hole card ['D4', 'HA'], current stack 945
player [Elvis] gets hole card ['C5', 'H8'], current stack 1497
Started the round 17
Street "preflop" started. (community card = [])
"Elvis" declared "raise:15"
"Yuchun" declared "call:15"
"SichengZuo" declared "fold:0"
"JoyoPlayer" declared "fold:0"
"ZifengFoldMan" declared "fold:0"
Street "flop" started. (community card = ['CQ', 'H5', 'CT'])
"Elvis" declared "raise:1111"
"Yuchun" declared "fold:0"
"['Elvis']" won the round 17 (stack = {'Yuchun': 1001, 'SichengZuo': 950, 'JoyoPlayer': 577, 'ZifengFoldMan': 945, 'Elvis': 1527})
player [Yuchun] gets hole card ['C3', 'S8'], current stack 1001
player [SichengZuo] gets hole card ['H5', 'D8'], current stack 950
player [JoyoPlayer] gets hole card ['S4', 'S6'], current stack 577
player [ZifengFoldMan] gets hole card ['D6', 'C5'], current stack 940
player [Elvis] gets hole card ['S2', 'S3'], current stack 1517
Started the round 18
Street "preflop" started. (community card = [])
"Yuchun" declared "call:10"
"SichengZuo" declared "fold:0"
"JoyoPlayer" declared "raise:15"
"ZifengFoldMan" declared "fold:0"
"Elvis" declared "raise:20"
"Yuchun" declared "call:20"
"JoyoPlayer" declared "fold:0"
Street "flop" started. (community card = ['C6', 'D5', 'DQ'])
"Elvis" declared "raise:10"
"Yuchun" declared "call:10"
Street "turn" started. (community card = ['C6', 'D5', 'DQ', 'DK'])
"Elvis" declared "raise:10"
"Yuchun" declared "fold:0"
"['Elvis']" won the round 18 (stack = {'Yuchun': 971, 'SichengZuo': 950, 'JoyoPlayer': 562, 'ZifengFoldMan': 940, 'Elvis': 1577})
player [Yuchun] gets hole card ['S3', 'H4'], current stack 961
player [SichengZuo] gets hole card ['DA', 'SJ'], current stack 950
player [JoyoPlayer] gets hole card ['C2', 'S8'], current stack 562
player [ZifengFoldMan] gets hole card ['H3', 'C3'], current stack 940
player [Elvis] gets hole card ['D2', 'DJ'], current stack 1572
Started the round 19
Street "preflop" started. (community card = [])
"SichengZuo" declared "fold:0"
"JoyoPlayer" declared "raise:15"
"ZifengFoldMan" declared "fold:0"
"Elvis" declared "raise:30"
"Yuchun" declared "call:30"
"JoyoPlayer" declared "fold:0"
Street "flop" started. (community card = ['D4', 'CT', 'S6'])
"Elvis" declared "raise:10"
"Yuchun" declared "call:10"
Street "turn" started. (community card = ['D4', 'CT', 'S6', 'CQ'])
"Elvis" declared "raise:10"
"Yuchun" declared "call:10"
Street "river" started. (community card = ['D4', 'CT', 'S6', 'CQ', 'S9'])
"Elvis" declared "raise:10"
"Yuchun" declared "call:10"
"['Yuchun']" won the round 19 (stack = {'Yuchun': 1046, 'SichengZuo': 950, 'JoyoPlayer': 547, 'ZifengFoldMan': 940, 'Elvis': 1517})
player [Yuchun] gets hole card ['C2', 'H2'], current stack 1041
player [SichengZuo] gets hole card ['CJ', 'ST'], current stack 940
player [JoyoPlayer] gets hole card ['H6', 'HQ'], current stack 547
player [ZifengFoldMan] gets hole card ['S8', 'H9'], current stack 940
player [Elvis] gets hole card ['SJ', 'H3'], current stack 1517
Started the round 20
Street "preflop" started. (community card = [])
"JoyoPlayer" declared "fold:0"
"ZifengFoldMan" declared "fold:0"
"Elvis" declared "raise:15"
"Yuchun" declared "call:15"
"SichengZuo" declared "fold:0"
Street "flop" started. (community card = ['S6', 'H8', 'D7'])
"Yuchun" declared "call:0"
"Elvis" declared "raise:10"
"Yuchun" declared "call:10"
Street "turn" started. (community card = ['S6', 'H8', 'D7', 'H4'])
"Yuchun" declared "call:0"
"Elvis" declared "raise:10"
"Yuchun" declared "call:10"
Street "river" started. (community card = ['S6', 'H8', 'D7', 'H4', 'D8'])
"Yuchun" declared "call:0"
"Elvis" declared "raise:10"
"Yuchun" declared "call:10"
"['Yuchun']" won the round 20 (stack = {'Yuchun': 1101, 'SichengZuo': 940, 'JoyoPlayer': 547, 'ZifengFoldMan': 940, 'Elvis': 1472})
player [Yuchun] gets hole card ['D3', 'D7'], current stack 1101
player [SichengZuo] gets hole card ['HA', 'DK'], current stack 935
player [JoyoPlayer] gets hole card ['C5', 'H2'], current stack 537
player [ZifengFoldMan] gets hole card ['S2', 'S4'], current stack 940
player [Elvis] gets hole card ['C4', 'SA'], current stack 1472
Started the round 21
Street "preflop" started. (community card = [])
"ZifengFoldMan" declared "fold:0"
"Elvis" declared "raise:15"
"Yuchun" declared "call:15"
"SichengZuo" declared "fold:0"
"JoyoPlayer" declared "raise:20"
"Elvis" declared "raise:132"
"Yuchun" declared "call:132"
"JoyoPlayer" declared "raise:244"
"Elvis" declared "raise:356"
"Yuchun" declared "fold:0"
"JoyoPlayer" declared "fold:0"
"['Elvis']" won the round 21 (stack = {'Yuchun': 969, 'SichengZuo': 935, 'JoyoPlayer': 303, 'ZifengFoldMan': 940, 'Elvis': 1853})
player [Yuchun] gets hole card ['DJ', 'S7'], current stack 969
player [SichengZuo] gets hole card ['C2', 'S9'], current stack 935
player [JoyoPlayer] gets hole card ['SK', 'D8'], current stack 298
player [ZifengFoldMan] gets hole card ['D9', 'H8'], current stack 930
player [Elvis] gets hole card ['DQ', 'S6'], current stack 1853
Started the round 22
Street "preflop" started. (community card = [])
"Elvis" declared "raise:15"
"Yuchun" declared "call:15"
"SichengZuo" declared "fold:0"
"JoyoPlayer" declared "fold:0"
"ZifengFoldMan" declared "fold:0"
Street "flop" started. (community card = ['HK', 'SA', 'H7'])
"Elvis" declared "raise:1378"
"Yuchun" declared "fold:0"
"['Elvis']" won the round 22 (stack = {'Yuchun': 954, 'SichengZuo': 935, 'JoyoPlayer': 298, 'ZifengFoldMan': 930, 'Elvis': 1883})
player [Yuchun] gets hole card ['S8', 'H5'], current stack 954
player [SichengZuo] gets hole card ['HK', 'S2'], current stack 935
player [JoyoPlayer] gets hole card ['D2', 'C3'], current stack 298
player [ZifengFoldMan] gets hole card ['CT', 'H9'], current stack 925
player [Elvis] gets hole card ['D4', 'D3'], current stack 1873
Started the round 23
Street "preflop" started. (community card = [])
"Yuchun" declared "call:10"
"SichengZuo" declared "fold:0"
"JoyoPlayer" declared "fold:0"
"ZifengFoldMan" declared "fold:0"
"Elvis" declared "raise:191"
"Yuchun" declared "call:191"
Street "flop" started. (community card = ['C2', 'CQ', 'C4'])
"Elvis" declared "raise:10"
"Yuchun" declared "call:10"
Street "turn" started. (community card = ['C2', 'CQ', 'C4', 'HJ'])
"Elvis" declared "raise:10"
"Yuchun" declared "fold:0"
"['Elvis']" won the round 23 (stack = {'Yuchun': 753, 'SichengZuo': 935, 'JoyoPlayer': 298, 'ZifengFoldMan': 925, 'Elvis': 2089})
player [Yuchun] gets hole card ['H2', 'H7'], current stack 743
player [SichengZuo] gets hole card ['D6', 'S7'], current stack 935
player [JoyoPlayer] gets hole card ['HK', 'C2'], current stack 298
player [ZifengFoldMan] gets hole card ['ST', 'DA'], current stack 925
player [Elvis] gets hole card ['C3', 'S5'], current stack 2084
Started the round 24
Street "preflop" started. (community card = [])
"SichengZuo" declared "fold:0"
"JoyoPlayer" declared "fold:0"
"ZifengFoldMan" declared "fold:0"
"Elvis" declared "raise:53"
"Yuchun" declared "call:53"
Street "flop" started. (community card = ['H5', 'D5', 'SQ'])
"Elvis" declared "raise:2036"
"Yuchun" declared "fold:0"
"['Elvis']" won the round 24 (stack = {'Yuchun': 700, 'SichengZuo': 935, 'JoyoPlayer': 298, 'ZifengFoldMan': 925, 'Elvis': 2142})
player [Yuchun] gets hole card ['CA', 'D4'], current stack 695
player [SichengZuo] gets hole card ['D6', 'C3'], current stack 925
player [JoyoPlayer] gets hole card ['CK', 'D2'], current stack 298
player [ZifengFoldMan] gets hole card ['DK', 'H8'], current stack 925
player [Elvis] gets hole card ['C2', 'HJ'], current stack 2142
Started the round 25
Street "preflop" started. (community card = [])
"JoyoPlayer" declared "raise:15"
"ZifengFoldMan" declared "fold:0"
"Elvis" declared "raise:20"
"Yuchun" declared "call:20"
"SichengZuo" declared "fold:0"
"JoyoPlayer" declared "raise:25"
"Elvis" declared "raise:97"
"Yuchun" declared "call:97"
"JoyoPlayer" declared "fold:0"
Street "flop" started. (community card = ['SA', 'C8', 'D8'])
"Yuchun" declared "raise:40"
"Elvis" declared "raise:436"
"Yuchun" declared "call:436"
Street "turn" started. (community card = ['SA', 'C8', 'D8', 'C5'])
"Yuchun" declared "raise:167"
"Elvis" declared "raise:334"
Street "river" started. (community card = ['SA', 'C8', 'D8', 'C5', 'H6'])
"['Yuchun']" won the round 25 (stack = {'Yuchun': 1435, 'SichengZuo': 925, 'JoyoPlayer': 273, 'ZifengFoldMan': 925, 'Elvis': 1442})
player [Yuchun] gets hole card ['H8', 'C7'], current stack 1435
player [SichengZuo] gets hole card ['CQ', 'D9'], current stack 920
player [JoyoPlayer] gets hole card ['HQ', 'HK'], current stack 263
player [ZifengFoldMan] gets hole card ['HJ', 'D6'], current stack 925
player [Elvis] gets hole card ['C4', 'SA'], current stack 1442
Started the round 26
Street "preflop" started. (community card = [])
"ZifengFoldMan" declared "fold:0"
"Elvis" declared "raise:15"
"Yuchun" declared "call:15"
"SichengZuo" declared "fold:0"
"JoyoPlayer" declared "raise:20"
"Elvis" declared "raise:131"
"Yuchun" declared "call:131"
"JoyoPlayer" declared "fold:0"
Street "flop" started. (community card = ['CT', 'DJ', 'SQ'])
"Elvis" declared "raise:10"
"Yuchun" declared "call:10"
Street "turn" started. (community card = ['CT', 'DJ', 'SQ', 'HA'])
"Elvis" declared "raise:1301"
"Yuchun" declared "fold:0"
"['Elvis']" won the round 26 (stack = {'Yuchun': 1294, 'SichengZuo': 920, 'JoyoPlayer': 253, 'ZifengFoldMan': 925, 'Elvis': 1608})
player [Yuchun] gets hole card ['CK', 'SA'], current stack 1294
player [SichengZuo] gets hole card ['S7', 'H3'], current stack 920
player [JoyoPlayer] gets hole card ['SK', 'C4'], current stack 248
player [ZifengFoldMan] gets hole card ['H4', 'S3'], current stack 915
player [Elvis] gets hole card ['D7', 'D6'], current stack 1608
Started the round 27
Street "preflop" started. (community card = [])
"Elvis" declared "raise:15"
"Yuchun" declared "call:15"
"SichengZuo" declared "fold:0"
"JoyoPlayer" declared "raise:20"
"ZifengFoldMan" declared "fold:0"
"Elvis" declared "raise:115"
"Yuchun" declared "call:115"
"JoyoPlayer" declared "fold:0"
Street "flop" started. (community card = ['DK', 'SJ', 'SQ'])
"Elvis" declared "raise:10"
"Yuchun" declared "raise:1179"
"Elvis" declared "raise:0"
"['Yuchun']" won the round 27 (stack = {'Yuchun': 1449, 'SichengZuo': 920, 'JoyoPlayer': 233, 'ZifengFoldMan': 915, 'Elvis': 1483})
player [Yuchun] gets hole card ['D8', 'D9'], current stack 1449
player [SichengZuo] gets hole card ['CT', 'CJ'], current stack 920
player [JoyoPlayer] gets hole card ['SJ', 'D7'], current stack 233
player [ZifengFoldMan] gets hole card ['S3', 'CK'], current stack 910
player [Elvis] gets hole card ['S2', 'H9'], current stack 1473
Started the round 28
Street "preflop" started. (community card = [])
"Yuchun" declared "call:10"
"SichengZuo" declared "fold:0"
"JoyoPlayer" declared "fold:0"
"ZifengFoldMan" declared "fold:0"
"Elvis" declared "raise:140"
"Yuchun" declared "call:140"
Street "flop" started. (community card = ['CA', 'S8', 'SA'])
"Elvis" declared "raise:10"
"Yuchun" declared "raise:80"
"Elvis" declared "raise:186"
"Yuchun" declared "call:186"
Street "turn" started. (community card = ['CA', 'S8', 'SA', 'H3'])
"Elvis" declared "raise:10"
"Yuchun" declared "call:10"
Street "river" started. (community card = ['CA', 'S8', 'SA', 'H3', 'S4'])
"Elvis" declared "raise:10"
"Yuchun" declared "call:10"
"['Yuchun']" won the round 28 (stack = {'Yuchun': 1800, 'SichengZuo': 920, 'JoyoPlayer': 233, 'ZifengFoldMan': 910, 'Elvis': 1137})
player [Yuchun] gets hole card ['D9', 'D5'], current stack 1790
player [SichengZuo] gets hole card ['CA', 'HK'], current stack 920
player [JoyoPlayer] gets hole card ['S7', 'HQ'], current stack 233
player [ZifengFoldMan] gets hole card ['S6', 'CT'], current stack 910
player [Elvis] gets hole card ['DA', 'D4'], current stack 1132
Started the round 29
Street "preflop" started. (community card = [])
"SichengZuo" declared "fold:0"
"JoyoPlayer" declared "fold:0"
"ZifengFoldMan" declared "fold:0"
"Elvis" declared "raise:123"
"Yuchun" declared "call:123"
Street "flop" started. (community card = ['D8', 'C3', 'S9'])
"Elvis" declared "raise:760"
"Yuchun" declared "call:760"
Street "turn" started. (community card = ['D8', 'C3', 'S9', 'ST'])
"Elvis" declared "raise:10"
"Yuchun" declared "call:10"
Street "river" started. (community card = ['D8', 'C3', 'S9', 'ST', 'HJ'])
"Elvis" declared "raise:10"
"Yuchun" declared "call:10"
"['Yuchun']" won the round 29 (stack = {'Yuchun': 2703, 'SichengZuo': 920, 'JoyoPlayer': 233, 'ZifengFoldMan': 910, 'Elvis': 234})
player [Yuchun] gets hole card ['HK', 'D9'], current stack 2698
player [SichengZuo] gets hole card ['C8', 'H4'], current stack 910
player [JoyoPlayer] gets hole card ['S2', 'DQ'], current stack 233
player [ZifengFoldMan] gets hole card ['H9', 'D4'], current stack 910
player [Elvis] gets hole card ['SJ', 'HJ'], current stack 234
Started the round 30
Street "preflop" started. (community card = [])
"JoyoPlayer" declared "raise:15"
"ZifengFoldMan" declared "fold:0"
"Elvis" declared "raise:27"
"Yuchun" declared "call:27"
"SichengZuo" declared "fold:0"
"JoyoPlayer" declared "fold:0"
Street "flop" started. (community card = ['SK', 'H8', 'ST'])
"Yuchun" declared "raise:40"
"Elvis" declared "raise:207"
"Yuchun" declared "call:207"
Street "turn" started. (community card = ['SK', 'H8', 'ST', 'D3'])
Street "river" started. (community card = ['SK', 'H8', 'ST', 'D3', 'C6'])
"['Yuchun']" won the round 30 (stack = {'Yuchun': 2962, 'SichengZuo': 910, 'JoyoPlayer': 218, 'ZifengFoldMan': 910, 'Elvis': 0})
player [Yuchun] gets hole card ['H2', 'C2'], current stack 2962
player [SichengZuo] gets hole card ['D6', 'H8'], current stack 905
player [JoyoPlayer] gets hole card ['H5', 'H7'], current stack 208
player [ZifengFoldMan] gets hole card ['HK', 'CJ'], current stack 910
Started the round 31
Street "preflop" started. (community card = [])
"ZifengFoldMan" declared "fold:0"
"Yuchun" declared "call:10"
"SichengZuo" declared "fold:0"
"JoyoPlayer" declared "raise:15"
"Yuchun" declared "call:15"
Street "flop" started. (community card = ['SJ', 'S2', 'HA'])
"JoyoPlayer" declared "fold:0"
"['Yuchun']" won the round 31 (stack = {'Yuchun': 2982, 'SichengZuo': 905, 'JoyoPlayer': 203, 'ZifengFoldMan': 910, 'Elvis': 0})
player [Yuchun] gets hole card ['H5', 'S9'], current stack 2982
player [SichengZuo] gets hole card ['D7', 'SQ'], current stack 905
player [JoyoPlayer] gets hole card ['CJ', 'H2'], current stack 198
player [ZifengFoldMan] gets hole card ['CT', 'S7'], current stack 900
Started the round 32
Street "preflop" started. (community card = [])
"Yuchun" declared "call:10"
"SichengZuo" declared "fold:0"
"JoyoPlayer" declared "fold:0"
"ZifengFoldMan" declared "fold:0"
"['Yuchun']" won the round 32 (stack = {'Yuchun': 2997, 'SichengZuo': 905, 'JoyoPlayer': 198, 'ZifengFoldMan': 900, 'Elvis': 0})
player [Yuchun] gets hole card ['D5', 'C7'], current stack 2987
player [SichengZuo] gets hole card ['S6', 'C6'], current stack 905
player [JoyoPlayer] gets hole card ['S8', 'H2'], current stack 198
player [ZifengFoldMan] gets hole card ['SQ', 'S2'], current stack 895
Started the round 33
Street "preflop" started. (community card = [])
"SichengZuo" declared "fold:0"
"JoyoPlayer" declared "fold:0"
"ZifengFoldMan" declared "fold:0"
"['Yuchun']" won the round 33 (stack = {'Yuchun': 3002, 'SichengZuo': 905, 'JoyoPlayer': 198, 'ZifengFoldMan': 895, 'Elvis': 0})
player [Yuchun] gets hole card ['C7', 'C9'], current stack 2997
player [SichengZuo] gets hole card ['HT', 'D8'], current stack 895
player [JoyoPlayer] gets hole card ['CT', 'SA'], current stack 198
player [ZifengFoldMan] gets hole card ['C6', 'C8'], current stack 895
Started the round 34
Street "preflop" started. (community card = [])
"JoyoPlayer" declared "raise:15"
"ZifengFoldMan" declared "fold:0"
"Yuchun" declared "call:15"
"SichengZuo" declared "fold:0"
Street "flop" started. (community card = ['H8', 'CQ', 'C3'])
"Yuchun" declared "call:0"
"JoyoPlayer" declared "raise:10"
"Yuchun" declared "call:10"
Street "turn" started. (community card = ['H8', 'CQ', 'C3', 'CJ'])
"Yuchun" declared "raise:2977"
"JoyoPlayer" declared "call:2977"
Street "river" started. (community card = ['H8', 'CQ', 'C3', 'CJ', 'S5'])
"['Yuchun']" won the round 34 (stack = {'Yuchun': 3210, 'SichengZuo': 895, 'JoyoPlayer': 0, 'ZifengFoldMan': 895, 'Elvis': 0})
player [Yuchun] gets hole card ['S2', 'S7'], current stack 3210
player [SichengZuo] gets hole card ['CA', 'D5'], current stack 890
player [ZifengFoldMan] gets hole card ['D4', 'SK'], current stack 885
Started the round 35
Street "preflop" started. (community card = [])
"Yuchun" declared "call:10"
"SichengZuo" declared "fold:0"
"ZifengFoldMan" declared "fold:0"
"['Yuchun']" won the round 35 (stack = {'Yuchun': 3225, 'SichengZuo': 890, 'JoyoPlayer': 0, 'ZifengFoldMan': 885, 'Elvis': 0})
player [Yuchun] gets hole card ['S2', 'H9'], current stack 3215
player [SichengZuo] gets hole card ['HK', 'C9'], current stack 890
player [ZifengFoldMan] gets hole card ['DA', 'C2'], current stack 880
Started the round 36
Street "preflop" started. (community card = [])
"SichengZuo" declared "fold:0"
"ZifengFoldMan" declared "fold:0"
"['Yuchun']" won the round 36 (stack = {'Yuchun': 3230, 'SichengZuo': 890, 'JoyoPlayer': 0, 'ZifengFoldMan': 880, 'Elvis': 0})
player [Yuchun] gets hole card ['H9', 'S2'], current stack 3225
player [SichengZuo] gets hole card ['C4', 'SQ'], current stack 880
player [ZifengFoldMan] gets hole card ['H3', 'D4'], current stack 880
Started the round 37
Street "preflop" started. (community card = [])
"ZifengFoldMan" declared "fold:0"
"Yuchun" declared "call:10"
"SichengZuo" declared "fold:0"
"['Yuchun']" won the round 37 (stack = {'Yuchun': 3240, 'SichengZuo': 880, 'JoyoPlayer': 0, 'ZifengFoldMan': 880, 'Elvis': 0})
player [Yuchun] gets hole card ['C3', 'CK'], current stack 3240
player [SichengZuo] gets hole card ['S8', 'DA'], current stack 875
player [ZifengFoldMan] gets hole card ['DT', 'DJ'], current stack 870
Started the round 38
Street "preflop" started. (community card = [])
"Yuchun" declared "call:10"
"SichengZuo" declared "fold:0"
"ZifengFoldMan" declared "fold:0"
"['Yuchun']" won the round 38 (stack = {'Yuchun': 3255, 'SichengZuo': 875, 'JoyoPlayer': 0, 'ZifengFoldMan': 870, 'Elvis': 0})
player [Yuchun] gets hole card ['S4', 'HT'], current stack 3245
player [SichengZuo] gets hole card ['HJ', 'C9'], current stack 875
player [ZifengFoldMan] gets hole card ['D7', 'S2'], current stack 865
Started the round 39
Street "preflop" started. (community card = [])
"SichengZuo" declared "fold:0"
"ZifengFoldMan" declared "fold:0"
"['Yuchun']" won the round 39 (stack = {'Yuchun': 3260, 'SichengZuo': 875, 'JoyoPlayer': 0, 'ZifengFoldMan': 865, 'Elvis': 0})
player [Yuchun] gets hole card ['S6', 'C8'], current stack 3255
player [SichengZuo] gets hole card ['SJ', 'D9'], current stack 865
player [ZifengFoldMan] gets hole card ['H9', 'D8'], current stack 865
Started the round 40
Street "preflop" started. (community card = [])
"ZifengFoldMan" declared "fold:0"
"Yuchun" declared "call:10"
"SichengZuo" declared "fold:0"
"['Yuchun']" won the round 40 (stack = {'Yuchun': 3270, 'SichengZuo': 865, 'JoyoPlayer': 0, 'ZifengFoldMan': 865, 'Elvis': 0})
player [Yuchun] gets hole card ['HQ', 'S8'], current stack 3270
player [SichengZuo] gets hole card ['C2', 'C7'], current stack 860
player [ZifengFoldMan] gets hole card ['H6', 'CA'], current stack 855
Started the round 41
Street "preflop" started. (community card = [])
"Yuchun" declared "fold:0"
"SichengZuo" declared "fold:0"
"['ZifengFoldMan']" won the round 41 (stack = {'Yuchun': 3270, 'SichengZuo': 860, 'JoyoPlayer': 0, 'ZifengFoldMan': 870, 'Elvis': 0})
player [Yuchun] gets hole card ['D2', 'H7'], current stack 3260
player [SichengZuo] gets hole card ['S5', 'HK'], current stack 860
player [ZifengFoldMan] gets hole card ['HT', 'DT'], current stack 865
Started the round 42
Street "preflop" started. (community card = [])
"SichengZuo" declared "fold:0"
"ZifengFoldMan" declared "fold:0"
"['Yuchun']" won the round 42 (stack = {'Yuchun': 3275, 'SichengZuo': 860, 'JoyoPlayer': 0, 'ZifengFoldMan': 865, 'Elvis': 0})
player [Yuchun] gets hole card ['C9', 'SJ'], current stack 3270
player [SichengZuo] gets hole card ['D5', 'S7'], current stack 850
player [ZifengFoldMan] gets hole card ['D7', 'C6'], current stack 865
Started the round 43
Street "preflop" started. (community card = [])
"ZifengFoldMan" declared "fold:0"
"Yuchun" declared "call:10"
"SichengZuo" declared "fold:0"
"['Yuchun']" won the round 43 (stack = {'Yuchun': 3285, 'SichengZuo': 850, 'JoyoPlayer': 0, 'ZifengFoldMan': 865, 'Elvis': 0})
player [Yuchun] gets hole card ['CQ', 'C6'], current stack 3285
player [SichengZuo] gets hole card ['HT', 'DT'], current stack 845
player [ZifengFoldMan] gets hole card ['DQ', 'SA'], current stack 855
Started the round 44
Street "preflop" started. (community card = [])
"Yuchun" declared "fold:0"
"SichengZuo" declared "fold:0"
"['ZifengFoldMan']" won the round 44 (stack = {'Yuchun': 3285, 'SichengZuo': 845, 'JoyoPlayer': 0, 'ZifengFoldMan': 870, 'Elvis': 0})
player [Yuchun] gets hole card ['D6', 'H4'], current stack 3275
player [SichengZuo] gets hole card ['CA', 'SQ'], current stack 845
player [ZifengFoldMan] gets hole card ['CK', 'C9'], current stack 865
Started the round 45
Street "preflop" started. (community card = [])
"SichengZuo" declared "fold:0"
"ZifengFoldMan" declared "fold:0"
"['Yuchun']" won the round 45 (stack = {'Yuchun': 3290, 'SichengZuo': 845, 'JoyoPlayer': 0, 'ZifengFoldMan': 865, 'Elvis': 0})
player [Yuchun] gets hole card ['CQ', 'SQ'], current stack 3285
player [SichengZuo] gets hole card ['H2', 'ST'], current stack 835
player [ZifengFoldMan] gets hole card ['SA', 'SK'], current stack 865
Started the round 46
Street "preflop" started. (community card = [])
"ZifengFoldMan" declared "fold:0"
"Yuchun" declared "call:10"
"SichengZuo" declared "fold:0"
"['Yuchun']" won the round 46 (stack = {'Yuchun': 3300, 'SichengZuo': 835, 'JoyoPlayer': 0, 'ZifengFoldMan': 865, 'Elvis': 0})
player [Yuchun] gets hole card ['CK', 'C4'], current stack 3300
player [SichengZuo] gets hole card ['D6', 'DA'], current stack 830
player [ZifengFoldMan] gets hole card ['DJ', 'HQ'], current stack 855
Started the round 47
Street "preflop" started. (community card = [])
"Yuchun" declared "fold:0"
"SichengZuo" declared "fold:0"
"['ZifengFoldMan']" won the round 47 (stack = {'Yuchun': 3300, 'SichengZuo': 830, 'JoyoPlayer': 0, 'ZifengFoldMan': 870, 'Elvis': 0})
player [Yuchun] gets hole card ['H7', 'CA'], current stack 3290
player [SichengZuo] gets hole card ['D5', 'SK'], current stack 830
player [ZifengFoldMan] gets hole card ['D6', 'S2'], current stack 865
Started the round 48
Street "preflop" started. (community card = [])
"SichengZuo" declared "fold:0"
"ZifengFoldMan" declared "fold:0"
"['Yuchun']" won the round 48 (stack = {'Yuchun': 3305, 'SichengZuo': 830, 'JoyoPlayer': 0, 'ZifengFoldMan': 865, 'Elvis': 0})
player [Yuchun] gets hole card ['H3', 'S8'], current stack 3300
player [SichengZuo] gets hole card ['CT', 'D6'], current stack 820
player [ZifengFoldMan] gets hole card ['CQ', 'CA'], current stack 865
Started the round 49
Street "preflop" started. (community card = [])
"ZifengFoldMan" declared "fold:0"
"Yuchun" declared "fold:0"
"['SichengZuo']" won the round 49 (stack = {'Yuchun': 3300, 'SichengZuo': 835, 'JoyoPlayer': 0, 'ZifengFoldMan': 865, 'Elvis': 0})
player [Yuchun] gets hole card ['D5', 'C2'], current stack 3300
player [SichengZuo] gets hole card ['H4', 'D4'], current stack 830
player [ZifengFoldMan] gets hole card ['DT', 'C6'], current stack 855
Started the round 50
Street "preflop" started. (community card = [])
"Yuchun" declared "fold:0"
"SichengZuo" declared "fold:0"
"['ZifengFoldMan']" won the round 50 (stack = {'Yuchun': 3300, 'SichengZuo': 830, 'JoyoPlayer': 0, 'ZifengFoldMan': 870, 'Elvis': 0})

Game Results:
------------------------------------------------------------
Game 1:
Winner: Yuchun (stack: 3300)
All players' stacks:
  Yuchun: 3300
  SichengZuo: 830
  JoyoPlayer: 0
  ZifengFoldMan: 870
  Elvis: 0
------------------------------------------------------------
