player [Yuchun] gets hole card ['CA', 'SQ'], current stack 1000
player [SichengZuo] gets hole card ['S7', 'S6'], current stack 995
player [JoyoPlayer] gets hole card ['DT', 'H8'], current stack 990
player [ZifengFoldMan] gets hole card ['D8', 'D5'], current stack 1000
player [Elvis] gets hole card ['DA', 'C3'], current stack 1000
Started the round 1
Street "preflop" started. (community card = [])
"ZifengFoldMan" declared "fold:0"
"Elvis" declared "fold:0"
"Yuchun" declared "fold:0"
"SichengZuo" declared "fold:0"
"['JoyoPlayer']" won the round 1 (stack = {'Yuchun': 1000, 'SichengZuo': 995, 'JoyoPlayer': 1005, 'ZifengFoldMan': 1000, 'Elvis': 1000})
player [Yuchun] gets hole card ['D6', 'HQ'], current stack 1000
player [SichengZuo] gets hole card ['H9', 'DK'], current stack 995
player [JoyoPlayer] gets hole card ['C6', 'SA'], current stack 1000
player [ZifengFoldMan] gets hole card ['DT', 'DA'], current stack 990
player [Elvis] gets hole card ['D5', 'S7'], current stack 1000
Started the round 2
Street "preflop" started. (community card = [])
"Elvis" declared "raise:15"
"Yuchun" declared "fold:0"
"SichengZuo" declared "fold:0"
"JoyoPlayer" declared "fold:0"
"ZifengFoldMan" declared "fold:0"
"['Elvis']" won the round 2 (stack = {'Yuchun': 1000, 'SichengZuo': 995, 'JoyoPlayer': 1000, 'ZifengFoldMan': 990, 'Elvis': 1015})
player [Yuchun] gets hole card ['SK', 'DJ'], current stack 1000
player [SichengZuo] gets hole card ['H8', 'DQ'], current stack 995
player [JoyoPlayer] gets hole card ['H6', 'C3'], current stack 1000
player [ZifengFoldMan] gets hole card ['CK', 'C7'], current stack 985
player [Elvis] gets hole card ['D4', 'H9'], current stack 1005
Started the round 3
Street "preflop" started. (community card = [])
"Yuchun" declared "fold:0"
"SichengZuo" declared "fold:0"
"JoyoPlayer" declared "fold:0"
"ZifengFoldMan" declared "fold:0"
"['Elvis']" won the round 3 (stack = {'Yuchun': 1000, 'SichengZuo': 995, 'JoyoPlayer': 1000, 'ZifengFoldMan': 985, 'Elvis': 1020})
player [Yuchun] gets hole card ['DJ', 'HQ'], current stack 990
player [SichengZuo] gets hole card ['D8', 'H9'], current stack 995
player [JoyoPlayer] gets hole card ['C5', 'S8'], current stack 1000
player [ZifengFoldMan] gets hole card ['D2', 'SK'], current stack 985
player [Elvis] gets hole card ['HK', 'C3'], current stack 1015
Started the round 4
Street "preflop" started. (community card = [])
"SichengZuo" declared "fold:0"
"JoyoPlayer" declared "fold:0"
"ZifengFoldMan" declared "fold:0"
"Elvis" declared "raise:113"
"Yuchun" declared "fold:0"
"['Elvis']" won the round 4 (stack = {'Yuchun': 990, 'SichengZuo': 995, 'JoyoPlayer': 1000, 'ZifengFoldMan': 985, 'Elvis': 1030})
player [Yuchun] gets hole card ['DJ', 'HQ'], current stack 985
player [SichengZuo] gets hole card ['DK', 'S7'], current stack 985
player [JoyoPlayer] gets hole card ['H9', 'S2'], current stack 1000
player [ZifengFoldMan] gets hole card ['CA', 'DQ'], current stack 985
player [Elvis] gets hole card ['S6', 'HK'], current stack 1030
Started the round 5
Street "preflop" started. (community card = [])
"JoyoPlayer" declared "raise:15"
"ZifengFoldMan" declared "fold:0"
"Elvis" declared "raise:20"
"Yuchun" declared "fold:0"
"SichengZuo" declared "fold:0"
"JoyoPlayer" declared "raise:25"
"Elvis" declared "call:25"
Street "flop" started. (community card = ['C5', 'C9', 'HA'])
"JoyoPlayer" declared "raise:20"
"Elvis" declared "raise:133"
"JoyoPlayer" declared "call:133"
Street "turn" started. (community card = ['C5', 'C9', 'HA', 'S9'])
"JoyoPlayer" declared "raise:824"
"Elvis" declared "call:824"
Street "river" started. (community card = ['C5', 'C9', 'HA', 'S9', 'CJ'])
"JoyoPlayer" declared "raise:10"
"Elvis" declared "raise:48"
"JoyoPlayer" declared "call:48"
"['JoyoPlayer']" won the round 5 (stack = {'Yuchun': 985, 'SichengZuo': 985, 'JoyoPlayer': 2015, 'ZifengFoldMan': 985, 'Elvis': 30})
player [Yuchun] gets hole card ['D9', 'C5'], current stack 985
player [SichengZuo] gets hole card ['D3', 'ST'], current stack 980
player [JoyoPlayer] gets hole card ['DQ', 'H9'], current stack 2005
player [ZifengFoldMan] gets hole card ['DT', 'S3'], current stack 985
player [Elvis] gets hole card ['SA', 'SK'], current stack 30
Started the round 6
Street "preflop" started. (community card = [])
"ZifengFoldMan" declared "fold:0"
"Elvis" declared "fold:0"
"Yuchun" declared "fold:0"
"SichengZuo" declared "fold:0"
"['JoyoPlayer']" won the round 6 (stack = {'Yuchun': 985, 'SichengZuo': 980, 'JoyoPlayer': 2020, 'ZifengFoldMan': 985, 'Elvis': 30})
player [Yuchun] gets hole card ['HT', 'S5'], current stack 985
player [SichengZuo] gets hole card ['CT', 'H2'], current stack 980
player [JoyoPlayer] gets hole card ['H7', 'DJ'], current stack 2015
player [ZifengFoldMan] gets hole card ['HJ', 'CQ'], current stack 975
player [Elvis] gets hole card ['C3', 'CJ'], current stack 30
Started the round 7
Street "preflop" started. (community card = [])
"Elvis" declared "fold:0"
"Yuchun" declared "fold:0"
"SichengZuo" declared "fold:0"
"JoyoPlayer" declared "fold:0"
"['ZifengFoldMan']" won the round 7 (stack = {'Yuchun': 985, 'SichengZuo': 980, 'JoyoPlayer': 2015, 'ZifengFoldMan': 990, 'Elvis': 30})
player [Yuchun] gets hole card ['C4', 'D7'], current stack 985
player [SichengZuo] gets hole card ['C6', 'ST'], current stack 980
player [JoyoPlayer] gets hole card ['D8', 'S4'], current stack 2015
player [ZifengFoldMan] gets hole card ['H4', 'DQ'], current stack 985
player [Elvis] gets hole card ['H3', 'SA'], current stack 20
Started the round 8
Street "preflop" started. (community card = [])
"Yuchun" declared "fold:0"
"SichengZuo" declared "fold:0"
"JoyoPlayer" declared "fold:0"
"ZifengFoldMan" declared "fold:0"
"['Elvis']" won the round 8 (stack = {'Yuchun': 985, 'SichengZuo': 980, 'JoyoPlayer': 2015, 'ZifengFoldMan': 985, 'Elvis': 35})
player [Yuchun] gets hole card ['C8', 'C3'], current stack 975
player [SichengZuo] gets hole card ['D7', 'S3'], current stack 980
player [JoyoPlayer] gets hole card ['D3', 'H5'], current stack 2015
player [ZifengFoldMan] gets hole card ['D4', 'HJ'], current stack 985
player [Elvis] gets hole card ['S4', 'SK'], current stack 30
Started the round 9
Street "preflop" started. (community card = [])
"SichengZuo" declared "fold:0"
"JoyoPlayer" declared "raise:15"
"ZifengFoldMan" declared "fold:0"
"Elvis" declared "fold:0"
"Yuchun" declared "fold:0"
"['JoyoPlayer']" won the round 9 (stack = {'Yuchun': 975, 'SichengZuo': 980, 'JoyoPlayer': 2030, 'ZifengFoldMan': 985, 'Elvis': 30})
player [Yuchun] gets hole card ['SJ', 'C4'], current stack 970
player [SichengZuo] gets hole card ['S4', 'DA'], current stack 970
player [JoyoPlayer] gets hole card ['S7', 'CT'], current stack 2030
player [ZifengFoldMan] gets hole card ['C3', 'C8'], current stack 985
player [Elvis] gets hole card ['DQ', 'C2'], current stack 30
Started the round 10
Street "preflop" started. (community card = [])
"JoyoPlayer" declared "raise:15"
"ZifengFoldMan" declared "fold:0"
"Elvis" declared "fold:0"
"Yuchun" declared "call:15"
"SichengZuo" declared "fold:0"
Street "flop" started. (community card = ['DJ', 'S3', 'SA'])
"Yuchun" declared "raise:40"
"JoyoPlayer" declared "fold:0"
"['Yuchun']" won the round 10 (stack = {'Yuchun': 1000, 'SichengZuo': 970, 'JoyoPlayer': 2015, 'ZifengFoldMan': 985, 'Elvis': 30})
player [Yuchun] gets hole card ['SQ', 'C9'], current stack 1000
player [SichengZuo] gets hole card ['H6', 'H5'], current stack 965
player [JoyoPlayer] gets hole card ['D4', 'HT'], current stack 2005
player [ZifengFoldMan] gets hole card ['DA', 'S4'], current stack 985
player [Elvis] gets hole card ['D6', 'HK'], current stack 30
Started the round 11
Street "preflop" started. (community card = [])
"ZifengFoldMan" declared "fold:0"
"Elvis" declared "raise:15"
"Yuchun" declared "call:15"
"SichengZuo" declared "fold:0"
"JoyoPlayer" declared "fold:0"
Street "flop" started. (community card = ['CA', 'H7', 'HQ'])
"Elvis" declared "raise:10"
"Yuchun" declared "raise:80"
"Elvis" declared "call:80"
Street "turn" started. (community card = ['CA', 'H7', 'HQ', 'S5'])
Street "river" started. (community card = ['CA', 'H7', 'HQ', 'S5', 'DK'])
"['Elvis']" won the round 11 (stack = {'Yuchun': 970, 'SichengZuo': 965, 'JoyoPlayer': 2005, 'ZifengFoldMan': 985, 'Elvis': 75})
player [Yuchun] gets hole card ['S4', 'SK'], current stack 970
player [SichengZuo] gets hole card ['D4', 'C8'], current stack 965
player [JoyoPlayer] gets hole card ['CA', 'DQ'], current stack 2000
player [ZifengFoldMan] gets hole card ['C9', 'S9'], current stack 975
player [Elvis] gets hole card ['H2', 'C7'], current stack 75
Started the round 12
Street "preflop" started. (community card = [])
"Elvis" declared "raise:15"
"Yuchun" declared "call:15"
"SichengZuo" declared "fold:0"
"JoyoPlayer" declared "raise:20"
"ZifengFoldMan" declared "fold:0"
"Elvis" declared "raise:25"
"Yuchun" declared "call:25"
"JoyoPlayer" declared "raise:30"
"Elvis" declared "raise:35"
"Yuchun" declared "call:35"
"JoyoPlayer" declared "fold:0"
Street "flop" started. (community card = ['D2', 'D5', 'SA'])
"Elvis" declared "raise:10"
"Yuchun" declared "call:10"
Street "turn" started. (community card = ['D2', 'D5', 'SA', 'S8'])
"Elvis" declared "raise:10"
"Yuchun" declared "call:10"
Street "river" started. (community card = ['D2', 'D5', 'SA', 'S8', 'DK'])
"Elvis" declared "raise:10"
"Yuchun" declared "raise:80"
"Elvis" declared "call:80"
"['Yuchun']" won the round 12 (stack = {'Yuchun': 1085, 'SichengZuo': 965, 'JoyoPlayer': 1975, 'ZifengFoldMan': 975, 'Elvis': 0})
player [Yuchun] gets hole card ['H3', 'D6'], current stack 1075
player [SichengZuo] gets hole card ['S5', 'D3'], current stack 965
player [JoyoPlayer] gets hole card ['H9', 'H7'], current stack 1975
player [ZifengFoldMan] gets hole card ['C2', 'C3'], current stack 970
Started the round 13
Street "preflop" started. (community card = [])
"SichengZuo" declared "fold:0"
"JoyoPlayer" declared "raise:15"
"ZifengFoldMan" declared "fold:0"
"Yuchun" declared "call:15"
Street "flop" started. (community card = ['HA', 'H5', 'H6'])
"Yuchun" declared "call:0"
"JoyoPlayer" declared "raise:1839"
"Yuchun" declared "fold:0"
"['JoyoPlayer']" won the round 13 (stack = {'Yuchun': 1070, 'SichengZuo': 965, 'JoyoPlayer': 1995, 'ZifengFoldMan': 970, 'Elvis': 0})
player [Yuchun] gets hole card ['ST', 'CT'], current stack 1065
player [SichengZuo] gets hole card ['D6', 'D4'], current stack 955
player [JoyoPlayer] gets hole card ['DJ', 'D9'], current stack 1995
player [ZifengFoldMan] gets hole card ['DT', 'H5'], current stack 970
Started the round 14
Street "preflop" started. (community card = [])
"JoyoPlayer" declared "fold:0"
"ZifengFoldMan" declared "fold:0"
"Yuchun" declared "call:10"
"SichengZuo" declared "fold:0"
"['Yuchun']" won the round 14 (stack = {'Yuchun': 1080, 'SichengZuo': 955, 'JoyoPlayer': 1995, 'ZifengFoldMan': 970, 'Elvis': 0})
player [Yuchun] gets hole card ['H6', 'H8'], current stack 1080
player [SichengZuo] gets hole card ['S7', 'C6'], current stack 950
player [JoyoPlayer] gets hole card ['ST', 'CA'], current stack 1985
player [ZifengFoldMan] gets hole card ['C4', 'S2'], current stack 970
Started the round 15
Street "preflop" started. (community card = [])
"ZifengFoldMan" declared "fold:0"
"Yuchun" declared "call:10"
"SichengZuo" declared "fold:0"
"JoyoPlayer" declared "raise:15"
"Yuchun" declared "call:15"
Street "flop" started. (community card = ['C7', 'S6', 'D2'])
"JoyoPlayer" declared "raise:10"
"Yuchun" declared "call:10"
Street "turn" started. (community card = ['C7', 'S6', 'D2', 'D6'])
"JoyoPlayer" declared "call:0"
"Yuchun" declared "raise:1055"
"JoyoPlayer" declared "call:1055"
Street "river" started. (community card = ['C7', 'S6', 'D2', 'D6', 'HQ'])
"['Yuchun']" won the round 15 (stack = {'Yuchun': 2165, 'SichengZuo': 950, 'JoyoPlayer': 915, 'ZifengFoldMan': 970, 'Elvis': 0})
player [Yuchun] gets hole card ['H4', 'CK'], current stack 2165
player [SichengZuo] gets hole card ['SK', 'DT'], current stack 950
player [JoyoPlayer] gets hole card ['DK', 'SQ'], current stack 910
player [ZifengFoldMan] gets hole card ['C6', 'SA'], current stack 960
Started the round 16
Street "preflop" started. (community card = [])
"Yuchun" declared "call:10"
"SichengZuo" declared "fold:0"
"JoyoPlayer" declared "raise:15"
"ZifengFoldMan" declared "fold:0"
"Yuchun" declared "call:15"
Street "flop" started. (community card = ['S7', 'D5', 'S3'])
"JoyoPlayer" declared "fold:0"
"['Yuchun']" won the round 16 (stack = {'Yuchun': 2190, 'SichengZuo': 950, 'JoyoPlayer': 900, 'ZifengFoldMan': 960, 'Elvis': 0})
player [Yuchun] gets hole card ['SJ', 'C4'], current stack 2180
player [SichengZuo] gets hole card ['S4', 'S6'], current stack 950
player [JoyoPlayer] gets hole card ['H7', 'HA'], current stack 900
player [ZifengFoldMan] gets hole card ['S8', 'CK'], current stack 955
Started the round 17
Street "preflop" started. (community card = [])
"SichengZuo" declared "fold:0"
"JoyoPlayer" declared "fold:0"
"ZifengFoldMan" declared "fold:0"
"['Yuchun']" won the round 17 (stack = {'Yuchun': 2195, 'SichengZuo': 950, 'JoyoPlayer': 900, 'ZifengFoldMan': 955, 'Elvis': 0})
player [Yuchun] gets hole card ['SJ', 'D2'], current stack 2190
player [SichengZuo] gets hole card ['H9', 'DA'], current stack 940
player [JoyoPlayer] gets hole card ['HK', 'DT'], current stack 900
player [ZifengFoldMan] gets hole card ['C5', 'S6'], current stack 955
Started the round 18
Street "preflop" started. (community card = [])
"JoyoPlayer" declared "fold:0"
"ZifengFoldMan" declared "fold:0"
"Yuchun" declared "call:10"
"SichengZuo" declared "fold:0"
"['Yuchun']" won the round 18 (stack = {'Yuchun': 2205, 'SichengZuo': 940, 'JoyoPlayer': 900, 'ZifengFoldMan': 955, 'Elvis': 0})
player [Yuchun] gets hole card ['D9', 'HJ'], current stack 2205
player [SichengZuo] gets hole card ['CJ', 'ST'], current stack 935
player [JoyoPlayer] gets hole card ['H9', 'S8'], current stack 890
player [ZifengFoldMan] gets hole card ['SQ', 'H2'], current stack 955
Started the round 19
Street "preflop" started. (community card = [])
"ZifengFoldMan" declared "fold:0"
"Yuchun" declared "call:10"
"SichengZuo" declared "fold:0"
"JoyoPlayer" declared "raise:15"
"Yuchun" declared "call:15"
Street "flop" started. (community card = ['S2', 'C7', 'C4'])
"JoyoPlayer" declared "raise:10"
"Yuchun" declared "call:10"
Street "turn" started. (community card = ['S2', 'C7', 'C4', 'CT'])
"JoyoPlayer" declared "fold:0"
"['Yuchun']" won the round 19 (stack = {'Yuchun': 2235, 'SichengZuo': 935, 'JoyoPlayer': 875, 'ZifengFoldMan': 955, 'Elvis': 0})
player [Yuchun] gets hole card ['C4', 'S5'], current stack 2235
player [SichengZuo] gets hole card ['S7', 'HJ'], current stack 935
player [JoyoPlayer] gets hole card ['H5', 'CK'], current stack 870
player [ZifengFoldMan] gets hole card ['SQ', 'C3'], current stack 945
Started the round 20
Street "preflop" started. (community card = [])
"Yuchun" declared "call:10"
"SichengZuo" declared "fold:0"
"JoyoPlayer" declared "raise:15"
"ZifengFoldMan" declared "fold:0"
"Yuchun" declared "call:15"
Street "flop" started. (community card = ['DQ', 'DJ', 'C8'])
"JoyoPlayer" declared "fold:0"
"['Yuchun']" won the round 20 (stack = {'Yuchun': 2260, 'SichengZuo': 935, 'JoyoPlayer': 860, 'ZifengFoldMan': 945, 'Elvis': 0})
player [Yuchun] gets hole card ['SK', 'S5'], current stack 2250
player [SichengZuo] gets hole card ['C5', 'S4'], current stack 935
player [JoyoPlayer] gets hole card ['SQ', 'CQ'], current stack 860
player [ZifengFoldMan] gets hole card ['S8', 'D4'], current stack 940
Started the round 21
Street "preflop" started. (community card = [])
"SichengZuo" declared "fold:0"
"JoyoPlayer" declared "call:10"
"ZifengFoldMan" declared "fold:0"
"Yuchun" declared "call:10"
Street "flop" started. (community card = ['HA', 'D8', 'D6'])
"Yuchun" declared "call:0"
"JoyoPlayer" declared "raise:20"
"Yuchun" declared "call:20"
Street "turn" started. (community card = ['HA', 'D8', 'D6', 'H5'])
"Yuchun" declared "call:0"
"JoyoPlayer" declared "raise:20"
"Yuchun" declared "call:20"
Street "river" started. (community card = ['HA', 'D8', 'D6', 'H5', 'HT'])
"Yuchun" declared "call:0"
"JoyoPlayer" declared "raise:20"
"Yuchun" declared "call:20"
"['JoyoPlayer']" won the round 21 (stack = {'Yuchun': 2190, 'SichengZuo': 935, 'JoyoPlayer': 935, 'ZifengFoldMan': 940, 'Elvis': 0})
player [Yuchun] gets hole card ['C3', 'D5'], current stack 2185
player [SichengZuo] gets hole card ['CA', 'CQ'], current stack 925
player [JoyoPlayer] gets hole card ['CK', 'H2'], current stack 935
player [ZifengFoldMan] gets hole card ['S3', 'C4'], current stack 940
Started the round 22
Street "preflop" started. (community card = [])
"JoyoPlayer" declared "fold:0"
"ZifengFoldMan" declared "fold:0"
"Yuchun" declared "call:10"
"SichengZuo" declared "fold:0"
"['Yuchun']" won the round 22 (stack = {'Yuchun': 2200, 'SichengZuo': 925, 'JoyoPlayer': 935, 'ZifengFoldMan': 940, 'Elvis': 0})
player [Yuchun] gets hole card ['HJ', 'H6'], current stack 2200
player [SichengZuo] gets hole card ['D9', 'H7'], current stack 920
player [JoyoPlayer] gets hole card ['D8', 'S6'], current stack 925
player [ZifengFoldMan] gets hole card ['C3', 'SA'], current stack 940
Started the round 23
Street "preflop" started. (community card = [])
"ZifengFoldMan" declared "fold:0"
"Yuchun" declared "call:10"
"SichengZuo" declared "fold:0"
"JoyoPlayer" declared "raise:15"
"Yuchun" declared "call:15"
Street "flop" started. (community card = ['C4', 'S2', 'S4'])
"JoyoPlayer" declared "raise:10"
"Yuchun" declared "call:10"
Street "turn" started. (community card = ['C4', 'S2', 'S4', 'DQ'])
"JoyoPlayer" declared "fold:0"
"['Yuchun']" won the round 23 (stack = {'Yuchun': 2230, 'SichengZuo': 920, 'JoyoPlayer': 910, 'ZifengFoldMan': 940, 'Elvis': 0})
player [Yuchun] gets hole card ['SQ', 'HT'], current stack 2230
player [SichengZuo] gets hole card ['DA', 'C8'], current stack 920
player [JoyoPlayer] gets hole card ['H4', 'HA'], current stack 905
player [ZifengFoldMan] gets hole card ['C7', 'D2'], current stack 930
Started the round 24
Street "preflop" started. (community card = [])
"Yuchun" declared "call:10"
"SichengZuo" declared "fold:0"
"JoyoPlayer" declared "fold:0"
"ZifengFoldMan" declared "fold:0"
"['Yuchun']" won the round 24 (stack = {'Yuchun': 2245, 'SichengZuo': 920, 'JoyoPlayer': 905, 'ZifengFoldMan': 930, 'Elvis': 0})
player [Yuchun] gets hole card ['S5', 'D3'], current stack 2235
player [SichengZuo] gets hole card ['SA', 'HJ'], current stack 920
player [JoyoPlayer] gets hole card ['H5', 'C2'], current stack 905
player [ZifengFoldMan] gets hole card ['D4', 'S3'], current stack 925
Started the round 25
Street "preflop" started. (community card = [])
"SichengZuo" declared "fold:0"
"JoyoPlayer" declared "fold:0"
"ZifengFoldMan" declared "fold:0"
"['Yuchun']" won the round 25 (stack = {'Yuchun': 2250, 'SichengZuo': 920, 'JoyoPlayer': 905, 'ZifengFoldMan': 925, 'Elvis': 0})
player [Yuchun] gets hole card ['D5', 'H5'], current stack 2245
player [SichengZuo] gets hole card ['HJ', 'CA'], current stack 910
player [JoyoPlayer] gets hole card ['C2', 'S3'], current stack 905
player [ZifengFoldMan] gets hole card ['S7', 'S4'], current stack 925
Started the round 26
Street "preflop" started. (community card = [])
"JoyoPlayer" declared "fold:0"
"ZifengFoldMan" declared "fold:0"
"Yuchun" declared "call:10"
"SichengZuo" declared "fold:0"
"['Yuchun']" won the round 26 (stack = {'Yuchun': 2260, 'SichengZuo': 910, 'JoyoPlayer': 905, 'ZifengFoldMan': 925, 'Elvis': 0})
player [Yuchun] gets hole card ['S9', 'S8'], current stack 2260
player [SichengZuo] gets hole card ['D2', 'C6'], current stack 905
player [JoyoPlayer] gets hole card ['HQ', 'H9'], current stack 895
player [ZifengFoldMan] gets hole card ['H5', 'HT'], current stack 925
Started the round 27
Street "preflop" started. (community card = [])
"ZifengFoldMan" declared "fold:0"
"Yuchun" declared "call:10"
"SichengZuo" declared "fold:0"
"JoyoPlayer" declared "call:10"
Street "flop" started. (community card = ['ST', 'S2', 'D4'])
"JoyoPlayer" declared "fold:0"
"['Yuchun']" won the round 27 (stack = {'Yuchun': 2275, 'SichengZuo': 905, 'JoyoPlayer': 895, 'ZifengFoldMan': 925, 'Elvis': 0})
player [Yuchun] gets hole card ['ST', 'C5'], current stack 2275
player [SichengZuo] gets hole card ['SJ', 'C7'], current stack 905
player [JoyoPlayer] gets hole card ['H4', 'CJ'], current stack 890
player [ZifengFoldMan] gets hole card ['SK', 'DT'], current stack 915
Started the round 28
Street "preflop" started. (community card = [])
"Yuchun" declared "call:10"
"SichengZuo" declared "fold:0"
"JoyoPlayer" declared "fold:0"
"ZifengFoldMan" declared "fold:0"
"['Yuchun']" won the round 28 (stack = {'Yuchun': 2290, 'SichengZuo': 905, 'JoyoPlayer': 890, 'ZifengFoldMan': 915, 'Elvis': 0})
player [Yuchun] gets hole card ['D3', 'C7'], current stack 2280
player [SichengZuo] gets hole card ['H4', 'C3'], current stack 905
player [JoyoPlayer] gets hole card ['D6', 'H6'], current stack 890
player [ZifengFoldMan] gets hole card ['C8', 'DT'], current stack 910
Started the round 29
Street "preflop" started. (community card = [])
"SichengZuo" declared "fold:0"
"JoyoPlayer" declared "fold:0"
"ZifengFoldMan" declared "fold:0"
"['Yuchun']" won the round 29 (stack = {'Yuchun': 2295, 'SichengZuo': 905, 'JoyoPlayer': 890, 'ZifengFoldMan': 910, 'Elvis': 0})
player [Yuchun] gets hole card ['CA', 'D5'], current stack 2290
player [SichengZuo] gets hole card ['D9', 'C6'], current stack 895
player [JoyoPlayer] gets hole card ['C9', 'CK'], current stack 890
player [ZifengFoldMan] gets hole card ['HQ', 'SA'], current stack 910
Started the round 30
Street "preflop" started. (community card = [])
"JoyoPlayer" declared "raise:15"
"ZifengFoldMan" declared "fold:0"
"Yuchun" declared "call:15"
"SichengZuo" declared "fold:0"
Street "flop" started. (community card = ['HA', 'H2', 'DA'])
"Yuchun" declared "raise:2280"
"JoyoPlayer" declared "call:2280"
Street "turn" started. (community card = ['HA', 'H2', 'DA', 'CT'])
Street "river" started. (community card = ['HA', 'H2', 'DA', 'CT', 'H4'])
"['Yuchun']" won the round 30 (stack = {'Yuchun': 3195, 'SichengZuo': 895, 'JoyoPlayer': 0, 'ZifengFoldMan': 910, 'Elvis': 0})
player [Yuchun] gets hole card ['DJ', 'S6'], current stack 3195
player [SichengZuo] gets hole card ['C9', 'HJ'], current stack 890
player [ZifengFoldMan] gets hole card ['CA', 'H9'], current stack 900
Started the round 31
Street "preflop" started. (community card = [])
"Yuchun" declared "call:10"
"SichengZuo" declared "fold:0"
"ZifengFoldMan" declared "fold:0"
"['Yuchun']" won the round 31 (stack = {'Yuchun': 3210, 'SichengZuo': 890, 'JoyoPlayer': 0, 'ZifengFoldMan': 900, 'Elvis': 0})
player [Yuchun] gets hole card ['S7', 'HT'], current stack 3200
player [SichengZuo] gets hole card ['C2', 'DQ'], current stack 890
player [ZifengFoldMan] gets hole card ['C9', 'D4'], current stack 895
Started the round 32
Street "preflop" started. (community card = [])
"SichengZuo" declared "fold:0"
"ZifengFoldMan" declared "fold:0"
"['Yuchun']" won the round 32 (stack = {'Yuchun': 3215, 'SichengZuo': 890, 'JoyoPlayer': 0, 'ZifengFoldMan': 895, 'Elvis': 0})
player [Yuchun] gets hole card ['CK', 'D8'], current stack 3210
player [SichengZuo] gets hole card ['H5', 'HT'], current stack 880
player [ZifengFoldMan] gets hole card ['H7', 'D4'], current stack 895
Started the round 33
Street "preflop" started. (community card = [])
"ZifengFoldMan" declared "fold:0"
"Yuchun" declared "call:10"
"SichengZuo" declared "fold:0"
"['Yuchun']" won the round 33 (stack = {'Yuchun': 3225, 'SichengZuo': 880, 'JoyoPlayer': 0, 'ZifengFoldMan': 895, 'Elvis': 0})
player [Yuchun] gets hole card ['SA', 'S6'], current stack 3225
player [SichengZuo] gets hole card ['S7', 'C5'], current stack 875
player [ZifengFoldMan] gets hole card ['D3', 'H7'], current stack 885
Started the round 34
Street "preflop" started. (community card = [])
"Yuchun" declared "call:10"
"SichengZuo" declared "fold:0"
"ZifengFoldMan" declared "fold:0"
"['Yuchun']" won the round 34 (stack = {'Yuchun': 3240, 'SichengZuo': 875, 'JoyoPlayer': 0, 'ZifengFoldMan': 885, 'Elvis': 0})
player [Yuchun] gets hole card ['H7', 'D2'], current stack 3230
player [SichengZuo] gets hole card ['CT', 'D3'], current stack 875
player [ZifengFoldMan] gets hole card ['HQ', 'S4'], current stack 880
Started the round 35
Street "preflop" started. (community card = [])
"SichengZuo" declared "fold:0"
"ZifengFoldMan" declared "fold:0"
"['Yuchun']" won the round 35 (stack = {'Yuchun': 3245, 'SichengZuo': 875, 'JoyoPlayer': 0, 'ZifengFoldMan': 880, 'Elvis': 0})
player [Yuchun] gets hole card ['DT', 'C2'], current stack 3240
player [SichengZuo] gets hole card ['D7', 'HJ'], current stack 865
player [ZifengFoldMan] gets hole card ['H9', 'CQ'], current stack 880
Started the round 36
Street "preflop" started. (community card = [])
"ZifengFoldMan" declared "fold:0"
"Yuchun" declared "call:10"
"SichengZuo" declared "fold:0"
"['Yuchun']" won the round 36 (stack = {'Yuchun': 3255, 'SichengZuo': 865, 'JoyoPlayer': 0, 'ZifengFoldMan': 880, 'Elvis': 0})
player [Yuchun] gets hole card ['D3', 'S5'], current stack 3255
player [SichengZuo] gets hole card ['H4', 'C7'], current stack 860
player [ZifengFoldMan] gets hole card ['D4', 'C4'], current stack 870
Started the round 37
Street "preflop" started. (community card = [])
"Yuchun" declared "call:10"
"SichengZuo" declared "fold:0"
"ZifengFoldMan" declared "fold:0"
"['Yuchun']" won the round 37 (stack = {'Yuchun': 3270, 'SichengZuo': 860, 'JoyoPlayer': 0, 'ZifengFoldMan': 870, 'Elvis': 0})
player [Yuchun] gets hole card ['S8', 'S7'], current stack 3260
player [SichengZuo] gets hole card ['S5', 'D2'], current stack 860
player [ZifengFoldMan] gets hole card ['C5', 'HQ'], current stack 865
Started the round 38
Street "preflop" started. (community card = [])
"SichengZuo" declared "fold:0"
"ZifengFoldMan" declared "fold:0"
"['Yuchun']" won the round 38 (stack = {'Yuchun': 3275, 'SichengZuo': 860, 'JoyoPlayer': 0, 'ZifengFoldMan': 865, 'Elvis': 0})
player [Yuchun] gets hole card ['DT', 'S2'], current stack 3270
player [SichengZuo] gets hole card ['HJ', 'HQ'], current stack 850
player [ZifengFoldMan] gets hole card ['S7', 'SA'], current stack 865
Started the round 39
Street "preflop" started. (community card = [])
"ZifengFoldMan" declared "fold:0"
"Yuchun" declared "call:10"
"SichengZuo" declared "fold:0"
"['Yuchun']" won the round 39 (stack = {'Yuchun': 3285, 'SichengZuo': 850, 'JoyoPlayer': 0, 'ZifengFoldMan': 865, 'Elvis': 0})
player [Yuchun] gets hole card ['HJ', 'S9'], current stack 3285
player [SichengZuo] gets hole card ['S3', 'H8'], current stack 845
player [ZifengFoldMan] gets hole card ['H4', 'H9'], current stack 855
Started the round 40
Street "preflop" started. (community card = [])
"Yuchun" declared "call:10"
"SichengZuo" declared "fold:0"
"ZifengFoldMan" declared "fold:0"
"['Yuchun']" won the round 40 (stack = {'Yuchun': 3300, 'SichengZuo': 845, 'JoyoPlayer': 0, 'ZifengFoldMan': 855, 'Elvis': 0})
player [Yuchun] gets hole card ['S8', 'HJ'], current stack 3290
player [SichengZuo] gets hole card ['C3', 'D4'], current stack 845
player [ZifengFoldMan] gets hole card ['H4', 'D5'], current stack 850
Started the round 41
Street "preflop" started. (community card = [])
"SichengZuo" declared "fold:0"
"ZifengFoldMan" declared "fold:0"
"['Yuchun']" won the round 41 (stack = {'Yuchun': 3305, 'SichengZuo': 845, 'JoyoPlayer': 0, 'ZifengFoldMan': 850, 'Elvis': 0})
player [Yuchun] gets hole card ['S8', 'H9'], current stack 3300
player [SichengZuo] gets hole card ['D5', 'D2'], current stack 835
player [ZifengFoldMan] gets hole card ['S4', 'C5'], current stack 850
Started the round 42
Street "preflop" started. (community card = [])
"ZifengFoldMan" declared "fold:0"
"Yuchun" declared "call:10"
"SichengZuo" declared "fold:0"
"['Yuchun']" won the round 42 (stack = {'Yuchun': 3315, 'SichengZuo': 835, 'JoyoPlayer': 0, 'ZifengFoldMan': 850, 'Elvis': 0})
player [Yuchun] gets hole card ['S6', 'CK'], current stack 3315
player [SichengZuo] gets hole card ['DQ', 'D7'], current stack 830
player [ZifengFoldMan] gets hole card ['DJ', 'SK'], current stack 840
Started the round 43
Street "preflop" started. (community card = [])
"Yuchun" declared "fold:0"
"SichengZuo" declared "fold:0"
"['ZifengFoldMan']" won the round 43 (stack = {'Yuchun': 3315, 'SichengZuo': 830, 'JoyoPlayer': 0, 'ZifengFoldMan': 855, 'Elvis': 0})
player [Yuchun] gets hole card ['CQ', 'SA'], current stack 3305
player [SichengZuo] gets hole card ['D8', 'C5'], current stack 830
player [ZifengFoldMan] gets hole card ['D2', 'S4'], current stack 850
Started the round 44
Street "preflop" started. (community card = [])
"SichengZuo" declared "fold:0"
"ZifengFoldMan" declared "fold:0"
"['Yuchun']" won the round 44 (stack = {'Yuchun': 3320, 'SichengZuo': 830, 'JoyoPlayer': 0, 'ZifengFoldMan': 850, 'Elvis': 0})
player [Yuchun] gets hole card ['HA', 'SJ'], current stack 3315
player [SichengZuo] gets hole card ['DT', 'C7'], current stack 820
player [ZifengFoldMan] gets hole card ['CJ', 'H5'], current stack 850
Started the round 45
Street "preflop" started. (community card = [])
"ZifengFoldMan" declared "fold:0"
"Yuchun" declared "call:10"
"SichengZuo" declared "fold:0"
"['Yuchun']" won the round 45 (stack = {'Yuchun': 3330, 'SichengZuo': 820, 'JoyoPlayer': 0, 'ZifengFoldMan': 850, 'Elvis': 0})
player [Yuchun] gets hole card ['S9', 'DJ'], current stack 3330
player [SichengZuo] gets hole card ['D2', 'SA'], current stack 815
player [ZifengFoldMan] gets hole card ['HJ', 'D7'], current stack 840
Started the round 46
Street "preflop" started. (community card = [])
"Yuchun" declared "fold:0"
"SichengZuo" declared "fold:0"
"['ZifengFoldMan']" won the round 46 (stack = {'Yuchun': 3330, 'SichengZuo': 815, 'JoyoPlayer': 0, 'ZifengFoldMan': 855, 'Elvis': 0})
player [Yuchun] gets hole card ['S4', 'C7'], current stack 3320
player [SichengZuo] gets hole card ['SK', 'S6'], current stack 815
player [ZifengFoldMan] gets hole card ['HQ', 'DJ'], current stack 850
Started the round 47
Street "preflop" started. (community card = [])
"SichengZuo" declared "fold:0"
"ZifengFoldMan" declared "fold:0"
"['Yuchun']" won the round 47 (stack = {'Yuchun': 3335, 'SichengZuo': 815, 'JoyoPlayer': 0, 'ZifengFoldMan': 850, 'Elvis': 0})
player [Yuchun] gets hole card ['DJ', 'H8'], current stack 3330
player [SichengZuo] gets hole card ['CQ', 'S9'], current stack 805
player [ZifengFoldMan] gets hole card ['S6', 'SK'], current stack 850
Started the round 48
Street "preflop" started. (community card = [])
"ZifengFoldMan" declared "fold:0"
"Yuchun" declared "call:10"
"SichengZuo" declared "fold:0"
"['Yuchun']" won the round 48 (stack = {'Yuchun': 3345, 'SichengZuo': 805, 'JoyoPlayer': 0, 'ZifengFoldMan': 850, 'Elvis': 0})
player [Yuchun] gets hole card ['D4', 'H2'], current stack 3345
player [SichengZuo] gets hole card ['S5', 'CA'], current stack 800
player [ZifengFoldMan] gets hole card ['C9', 'CJ'], current stack 840
Started the round 49
Street "preflop" started. (community card = [])
"Yuchun" declared "fold:0"
"SichengZuo" declared "fold:0"
"['ZifengFoldMan']" won the round 49 (stack = {'Yuchun': 3345, 'SichengZuo': 800, 'JoyoPlayer': 0, 'ZifengFoldMan': 855, 'Elvis': 0})
player [Yuchun] gets hole card ['ST', 'D5'], current stack 3335
player [SichengZuo] gets hole card ['DK', 'DQ'], current stack 800
player [ZifengFoldMan] gets hole card ['D4', 'D9'], current stack 850
Started the round 50
Street "preflop" started. (community card = [])
"SichengZuo" declared "fold:0"
"ZifengFoldMan" declared "fold:0"
"['Yuchun']" won the round 50 (stack = {'Yuchun': 3350, 'SichengZuo': 800, 'JoyoPlayer': 0, 'ZifengFoldMan': 850, 'Elvis': 0})

Game Results:
------------------------------------------------------------
Game 1:
Winner: Yuchun (stack: 3350)
All players' stacks:
  Yuchun: 3350
  SichengZuo: 800
  JoyoPlayer: 0
  ZifengFoldMan: 850
  Elvis: 0
------------------------------------------------------------
