player [Yuchun] gets hole card ['C9', 'HJ'], current stack 1000
player [SichengZuo] gets hole card ['S7', 'ST'], current stack 995
player [JoyoPlayer] gets hole card ['CQ', 'S5'], current stack 990
player [ZifengFoldMan] gets hole card ['HT', 'H5'], current stack 1000
player [Elvis] gets hole card ['C3', 'D8'], current stack 1000
Started the round 1
Street "preflop" started. (community card = [])
"ZifengFoldMan" declared "fold:0"
"Elvis" declared "raise:15"
"Yuchun" declared "fold:0"
"SichengZuo" declared "fold:0"
"JoyoPlayer" declared "call:15"
Street "flop" started. (community card = ['S2', 'H3', 'SJ'])
"JoyoPlayer" declared "fold:0"
"['Elvis']" won the round 1 (stack = {'Yuchun': 1000, 'SichengZuo': 995, 'JoyoPlayer': 985, 'ZifengFoldMan': 1000, 'Elvis': 1020})
player [Yuchun] gets hole card ['CT', 'SQ'], current stack 1000
player [SichengZuo] gets hole card ['S8', 'ST'], current stack 995
player [JoyoPlayer] gets hole card ['C8', 'S7'], current stack 980
player [ZifengFoldMan] gets hole card ['H6', 'H7'], current stack 990
player [Elvis] gets hole card ['SK', 'D2'], current stack 1020
Started the round 2
Street "preflop" started. (community card = [])
"Elvis" declared "raise:15"
"Yuchun" declared "fold:0"
"SichengZuo" declared "fold:0"
"JoyoPlayer" declared "raise:20"
"ZifengFoldMan" declared "fold:0"
"Elvis" declared "raise:765"
"JoyoPlayer" declared "fold:0"
"['Elvis']" won the round 2 (stack = {'Yuchun': 1000, 'SichengZuo': 995, 'JoyoPlayer': 965, 'ZifengFoldMan': 990, 'Elvis': 1050})
player [Yuchun] gets hole card ['DQ', 'C6'], current stack 1000
player [SichengZuo] gets hole card ['HK', 'D9'], current stack 995
player [JoyoPlayer] gets hole card ['D8', 'C8'], current stack 965
player [ZifengFoldMan] gets hole card ['DA', 'CT'], current stack 985
player [Elvis] gets hole card ['D7', 'H3'], current stack 1040
Started the round 3
Street "preflop" started. (community card = [])
"Yuchun" declared "fold:0"
"SichengZuo" declared "fold:0"
"JoyoPlayer" declared "call:10"
"ZifengFoldMan" declared "fold:0"
"Elvis" declared "raise:99"
"JoyoPlayer" declared "call:99"
Street "flop" started. (community card = ['DT', 'H9', 'D3'])
"Elvis" declared "call:0"
"JoyoPlayer" declared "raise:20"
"Elvis" declared "raise:306"
"JoyoPlayer" declared "fold:0"
"['Elvis']" won the round 3 (stack = {'Yuchun': 1000, 'SichengZuo': 995, 'JoyoPlayer': 846, 'ZifengFoldMan': 985, 'Elvis': 1174})
player [Yuchun] gets hole card ['ST', 'D2'], current stack 990
player [SichengZuo] gets hole card ['DT', 'D8'], current stack 995
player [JoyoPlayer] gets hole card ['C9', 'CT'], current stack 846
player [ZifengFoldMan] gets hole card ['HA', 'S4'], current stack 985
player [Elvis] gets hole card ['S9', 'C8'], current stack 1169
Started the round 4
Street "preflop" started. (community card = [])
"SichengZuo" declared "fold:0"
"JoyoPlayer" declared "raise:15"
"ZifengFoldMan" declared "fold:0"
"Elvis" declared "fold:0"
"Yuchun" declared "fold:0"
"['JoyoPlayer']" won the round 4 (stack = {'Yuchun': 990, 'SichengZuo': 995, 'JoyoPlayer': 861, 'ZifengFoldMan': 985, 'Elvis': 1169})
player [Yuchun] gets hole card ['DJ', 'H3'], current stack 985
player [SichengZuo] gets hole card ['DQ', 'C2'], current stack 985
player [JoyoPlayer] gets hole card ['SA', 'HA'], current stack 861
player [ZifengFoldMan] gets hole card ['CK', 'C6'], current stack 985
player [Elvis] gets hole card ['H7', 'HT'], current stack 1169
Started the round 5
Street "preflop" started. (community card = [])
"JoyoPlayer" declared "call:10"
"ZifengFoldMan" declared "fold:0"
"Elvis" declared "raise:15"
"Yuchun" declared "fold:0"
"SichengZuo" declared "fold:0"
"JoyoPlayer" declared "raise:40"
"Elvis" declared "call:40"
Street "flop" started. (community card = ['H5', 'H8', 'S4'])
"JoyoPlayer" declared "raise:501"
"Elvis" declared "raise:1002"
"JoyoPlayer" declared "call:1002"
Street "turn" started. (community card = ['H5', 'H8', 'S4', 'D4'])
Street "river" started. (community card = ['H5', 'H8', 'S4', 'D4', 'D3'])
"['JoyoPlayer']" won the round 5 (stack = {'Yuchun': 985, 'SichengZuo': 985, 'JoyoPlayer': 1737, 'ZifengFoldMan': 985, 'Elvis': 308})
player [Yuchun] gets hole card ['C9', 'S5'], current stack 985
player [SichengZuo] gets hole card ['H7', 'C8'], current stack 980
player [JoyoPlayer] gets hole card ['CT', 'D8'], current stack 1727
player [ZifengFoldMan] gets hole card ['S6', 'HA'], current stack 985
player [Elvis] gets hole card ['D9', 'HQ'], current stack 308
Started the round 6
Street "preflop" started. (community card = [])
"ZifengFoldMan" declared "fold:0"
"Elvis" declared "raise:15"
"Yuchun" declared "fold:0"
"SichengZuo" declared "fold:0"
"JoyoPlayer" declared "call:15"
Street "flop" started. (community card = ['HJ', 'DT', 'SK'])
"JoyoPlayer" declared "call:0"
"Elvis" declared "raise:293"
"JoyoPlayer" declared "call:293"
Street "turn" started. (community card = ['HJ', 'DT', 'SK', 'D5'])
Street "river" started. (community card = ['HJ', 'DT', 'SK', 'D5', 'SJ'])
"['Elvis']" won the round 6 (stack = {'Yuchun': 985, 'SichengZuo': 980, 'JoyoPlayer': 1429, 'ZifengFoldMan': 985, 'Elvis': 621})
player [Yuchun] gets hole card ['DA', 'C4'], current stack 985
player [SichengZuo] gets hole card ['CA', 'HJ'], current stack 980
player [JoyoPlayer] gets hole card ['H9', 'S8'], current stack 1424
player [ZifengFoldMan] gets hole card ['D8', 'C5'], current stack 975
player [Elvis] gets hole card ['C7', 'D3'], current stack 621
Started the round 7
Street "preflop" started. (community card = [])
"Elvis" declared "raise:15"
"Yuchun" declared "fold:0"
"SichengZuo" declared "fold:0"
"JoyoPlayer" declared "fold:0"
"ZifengFoldMan" declared "fold:0"
"['Elvis']" won the round 7 (stack = {'Yuchun': 985, 'SichengZuo': 980, 'JoyoPlayer': 1424, 'ZifengFoldMan': 975, 'Elvis': 636})
player [Yuchun] gets hole card ['S5', 'H3'], current stack 985
player [SichengZuo] gets hole card ['SJ', 'DK'], current stack 980
player [JoyoPlayer] gets hole card ['CQ', 'C3'], current stack 1424
player [ZifengFoldMan] gets hole card ['S7', 'S3'], current stack 970
player [Elvis] gets hole card ['D5', 'C9'], current stack 626
Started the round 8
Street "preflop" started. (community card = [])
"Yuchun" declared "fold:0"
"SichengZuo" declared "fold:0"
"JoyoPlayer" declared "fold:0"
"ZifengFoldMan" declared "fold:0"
"['Elvis']" won the round 8 (stack = {'Yuchun': 985, 'SichengZuo': 980, 'JoyoPlayer': 1424, 'ZifengFoldMan': 970, 'Elvis': 641})
player [Yuchun] gets hole card ['D8', 'H2'], current stack 975
player [SichengZuo] gets hole card ['C5', 'HK'], current stack 980
player [JoyoPlayer] gets hole card ['HJ', 'D2'], current stack 1424
player [ZifengFoldMan] gets hole card ['C9', 'D3'], current stack 970
player [Elvis] gets hole card ['D5', 'S8'], current stack 636
Started the round 9
Street "preflop" started. (community card = [])
"SichengZuo" declared "fold:0"
"JoyoPlayer" declared "fold:0"
"ZifengFoldMan" declared "fold:0"
"Elvis" declared "raise:480"
"Yuchun" declared "fold:0"
"['Elvis']" won the round 9 (stack = {'Yuchun': 975, 'SichengZuo': 980, 'JoyoPlayer': 1424, 'ZifengFoldMan': 970, 'Elvis': 651})
player [Yuchun] gets hole card ['D4', 'ST'], current stack 970
player [SichengZuo] gets hole card ['S3', 'C4'], current stack 970
player [JoyoPlayer] gets hole card ['SA', 'H8'], current stack 1424
player [ZifengFoldMan] gets hole card ['DA', 'HK'], current stack 970
player [Elvis] gets hole card ['C7', 'DT'], current stack 651
Started the round 10
Street "preflop" started. (community card = [])
"JoyoPlayer" declared "fold:0"
"ZifengFoldMan" declared "fold:0"
"Elvis" declared "fold:0"
"Yuchun" declared "call:10"
"SichengZuo" declared "fold:0"
"['Yuchun']" won the round 10 (stack = {'Yuchun': 985, 'SichengZuo': 970, 'JoyoPlayer': 1424, 'ZifengFoldMan': 970, 'Elvis': 651})
player [Yuchun] gets hole card ['D7', 'HQ'], current stack 985
player [SichengZuo] gets hole card ['SJ', 'CJ'], current stack 965
player [JoyoPlayer] gets hole card ['C8', 'H5'], current stack 1414
player [ZifengFoldMan] gets hole card ['H7', 'SA'], current stack 970
player [Elvis] gets hole card ['D6', 'DT'], current stack 651
Started the round 11
Street "preflop" started. (community card = [])
"ZifengFoldMan" declared "fold:0"
"Elvis" declared "fold:0"
"Yuchun" declared "call:10"
"SichengZuo" declared "fold:0"
"JoyoPlayer" declared "fold:0"
"['Yuchun']" won the round 11 (stack = {'Yuchun': 1000, 'SichengZuo': 965, 'JoyoPlayer': 1414, 'ZifengFoldMan': 970, 'Elvis': 651})
player [Yuchun] gets hole card ['D2', 'S7'], current stack 1000
player [SichengZuo] gets hole card ['CJ', 'H4'], current stack 965
player [JoyoPlayer] gets hole card ['D4', 'CK'], current stack 1409
player [ZifengFoldMan] gets hole card ['C9', 'S5'], current stack 960
player [Elvis] gets hole card ['H5', 'H6'], current stack 651
Started the round 12
Street "preflop" started. (community card = [])
"Elvis" declared "fold:0"
"Yuchun" declared "call:10"
"SichengZuo" declared "fold:0"
"JoyoPlayer" declared "raise:15"
"ZifengFoldMan" declared "fold:0"
"Yuchun" declared "call:15"
Street "flop" started. (community card = ['CT', 'H3', 'H9'])
"JoyoPlayer" declared "fold:0"
"['Yuchun']" won the round 12 (stack = {'Yuchun': 1025, 'SichengZuo': 965, 'JoyoPlayer': 1399, 'ZifengFoldMan': 960, 'Elvis': 651})
player [Yuchun] gets hole card ['S7', 'D5'], current stack 1025
player [SichengZuo] gets hole card ['C3', 'C4'], current stack 965
player [JoyoPlayer] gets hole card ['HT', 'HQ'], current stack 1399
player [ZifengFoldMan] gets hole card ['C8', 'HA'], current stack 955
player [Elvis] gets hole card ['SJ', 'D8'], current stack 641
Started the round 13
Street "preflop" started. (community card = [])
"Yuchun" declared "call:10"
"SichengZuo" declared "fold:0"
"JoyoPlayer" declared "fold:0"
"ZifengFoldMan" declared "fold:0"
"Elvis" declared "call:10"
Street "flop" started. (community card = ['DJ', 'DT', 'CA'])
"Elvis" declared "raise:384"
"Yuchun" declared "fold:0"
"['Elvis']" won the round 13 (stack = {'Yuchun': 1015, 'SichengZuo': 965, 'JoyoPlayer': 1399, 'ZifengFoldMan': 955, 'Elvis': 666})
player [Yuchun] gets hole card ['CA', 'HJ'], current stack 1005
player [SichengZuo] gets hole card ['DQ', 'SK'], current stack 965
player [JoyoPlayer] gets hole card ['C2', 'SQ'], current stack 1399
player [ZifengFoldMan] gets hole card ['ST', 'H6'], current stack 955
player [Elvis] gets hole card ['S7', 'SA'], current stack 661
Started the round 14
Street "preflop" started. (community card = [])
"SichengZuo" declared "fold:0"
"JoyoPlayer" declared "fold:0"
"ZifengFoldMan" declared "fold:0"
"Elvis" declared "call:10"
"Yuchun" declared "call:10"
Street "flop" started. (community card = ['H9', 'D6', 'H2'])
"Elvis" declared "call:0"
"Yuchun" declared "call:0"
Street "turn" started. (community card = ['H9', 'D6', 'H2', 'C5'])
"Elvis" declared "call:0"
"Yuchun" declared "call:0"
Street "river" started. (community card = ['H9', 'D6', 'H2', 'C5', 'CJ'])
"Elvis" declared "fold:0"
"['Yuchun']" won the round 14 (stack = {'Yuchun': 1025, 'SichengZuo': 965, 'JoyoPlayer': 1399, 'ZifengFoldMan': 955, 'Elvis': 656})
player [Yuchun] gets hole card ['D7', 'DJ'], current stack 1020
player [SichengZuo] gets hole card ['S8', 'HQ'], current stack 955
player [JoyoPlayer] gets hole card ['SA', 'HJ'], current stack 1399
player [ZifengFoldMan] gets hole card ['S3', 'D3'], current stack 955
player [Elvis] gets hole card ['D8', 'S7'], current stack 656
Started the round 15
Street "preflop" started. (community card = [])
"JoyoPlayer" declared "fold:0"
"ZifengFoldMan" declared "fold:0"
"Elvis" declared "call:10"
"Yuchun" declared "call:10"
"SichengZuo" declared "fold:0"
Street "flop" started. (community card = ['DQ', 'CA', 'C9'])
"Yuchun" declared "call:0"
"Elvis" declared "call:0"
Street "turn" started. (community card = ['DQ', 'CA', 'C9', 'CQ'])
"Yuchun" declared "call:0"
"Elvis" declared "fold:0"
"['Yuchun']" won the round 15 (stack = {'Yuchun': 1045, 'SichengZuo': 955, 'JoyoPlayer': 1399, 'ZifengFoldMan': 955, 'Elvis': 646})
player [Yuchun] gets hole card ['DJ', 'CA'], current stack 1045
player [SichengZuo] gets hole card ['HT', 'C7'], current stack 950
player [JoyoPlayer] gets hole card ['CK', 'H6'], current stack 1389
player [ZifengFoldMan] gets hole card ['DA', 'H3'], current stack 955
player [Elvis] gets hole card ['SK', 'DQ'], current stack 646
Started the round 16
Street "preflop" started. (community card = [])
"ZifengFoldMan" declared "fold:0"
"Elvis" declared "fold:0"
"Yuchun" declared "call:10"
"SichengZuo" declared "fold:0"
"JoyoPlayer" declared "raise:15"
"Yuchun" declared "call:15"
Street "flop" started. (community card = ['C6', 'SQ', 'C3'])
"JoyoPlayer" declared "raise:20"
"Yuchun" declared "call:20"
Street "turn" started. (community card = ['C6', 'SQ', 'C3', 'C2'])
"JoyoPlayer" declared "raise:20"
"Yuchun" declared "call:20"
Street "river" started. (community card = ['C6', 'SQ', 'C3', 'C2', 'H4'])
"JoyoPlayer" declared "call:0"
"Yuchun" declared "call:0"
"['JoyoPlayer']" won the round 16 (stack = {'Yuchun': 990, 'SichengZuo': 950, 'JoyoPlayer': 1459, 'ZifengFoldMan': 955, 'Elvis': 646})
player [Yuchun] gets hole card ['S2', 'D3'], current stack 990
player [SichengZuo] gets hole card ['C6', 'S6'], current stack 950
player [JoyoPlayer] gets hole card ['DJ', 'HJ'], current stack 1454
player [ZifengFoldMan] gets hole card ['H2', 'S4'], current stack 945
player [Elvis] gets hole card ['H3', 'HQ'], current stack 646
Started the round 17
Street "preflop" started. (community card = [])
"Elvis" declared "fold:0"
"Yuchun" declared "call:10"
"SichengZuo" declared "fold:0"
"JoyoPlayer" declared "call:10"
"ZifengFoldMan" declared "fold:0"
Street "flop" started. (community card = ['S9', 'SQ', 'DT'])
"JoyoPlayer" declared "raise:20"
"Yuchun" declared "call:20"
Street "turn" started. (community card = ['S9', 'SQ', 'DT', 'SJ'])
"JoyoPlayer" declared "raise:20"
"Yuchun" declared "call:20"
Street "river" started. (community card = ['S9', 'SQ', 'DT', 'SJ', 'C4'])
"JoyoPlayer" declared "raise:20"
"Yuchun" declared "fold:0"
"['JoyoPlayer']" won the round 17 (stack = {'Yuchun': 940, 'SichengZuo': 950, 'JoyoPlayer': 1519, 'ZifengFoldMan': 945, 'Elvis': 646})
player [Yuchun] gets hole card ['ST', 'H9'], current stack 940
player [SichengZuo] gets hole card ['S3', 'S7'], current stack 950
player [JoyoPlayer] gets hole card ['DK', 'C2'], current stack 1519
player [ZifengFoldMan] gets hole card ['C4', 'CQ'], current stack 940
player [Elvis] gets hole card ['HQ', 'SQ'], current stack 636
Started the round 18
Street "preflop" started. (community card = [])
"Yuchun" declared "call:10"
"SichengZuo" declared "fold:0"
"JoyoPlayer" declared "fold:0"
"ZifengFoldMan" declared "fold:0"
"Elvis" declared "raise:581"
"Yuchun" declared "fold:0"
"['Elvis']" won the round 18 (stack = {'Yuchun': 930, 'SichengZuo': 950, 'JoyoPlayer': 1519, 'ZifengFoldMan': 940, 'Elvis': 661})
player [Yuchun] gets hole card ['H6', 'SA'], current stack 920
player [SichengZuo] gets hole card ['DK', 'S3'], current stack 950
player [JoyoPlayer] gets hole card ['D5', 'HQ'], current stack 1519
player [ZifengFoldMan] gets hole card ['C6', 'C2'], current stack 940
player [Elvis] gets hole card ['D6', 'CA'], current stack 656
Started the round 19
Street "preflop" started. (community card = [])
"SichengZuo" declared "fold:0"
"JoyoPlayer" declared "fold:0"
"ZifengFoldMan" declared "fold:0"
"Elvis" declared "raise:61"
"Yuchun" declared "call:61"
Street "flop" started. (community card = ['ST', 'DT', 'CJ'])
"Elvis" declared "raise:10"
"Yuchun" declared "call:10"
Street "turn" started. (community card = ['ST', 'DT', 'CJ', 'D3'])
"Elvis" declared "call:0"
"Yuchun" declared "call:0"
Street "river" started. (community card = ['ST', 'DT', 'CJ', 'D3', 'C9'])
"Elvis" declared "call:0"
"Yuchun" declared "call:0"
"['Yuchun', 'Elvis']" won the round 19 (stack = {'Yuchun': 930, 'SichengZuo': 950, 'JoyoPlayer': 1519, 'ZifengFoldMan': 940, 'Elvis': 661})
player [Yuchun] gets hole card ['S8', 'S9'], current stack 925
player [SichengZuo] gets hole card ['DK', 'SA'], current stack 940
player [JoyoPlayer] gets hole card ['S3', 'DT'], current stack 1519
player [ZifengFoldMan] gets hole card ['D2', 'DJ'], current stack 940
player [Elvis] gets hole card ['DQ', 'H8'], current stack 661
Started the round 20
Street "preflop" started. (community card = [])
"JoyoPlayer" declared "fold:0"
"ZifengFoldMan" declared "fold:0"
"Elvis" declared "fold:0"
"Yuchun" declared "call:10"
"SichengZuo" declared "fold:0"
"['Yuchun']" won the round 20 (stack = {'Yuchun': 940, 'SichengZuo': 940, 'JoyoPlayer': 1519, 'ZifengFoldMan': 940, 'Elvis': 661})
player [Yuchun] gets hole card ['HA', 'SJ'], current stack 940
player [SichengZuo] gets hole card ['H9', 'S5'], current stack 935
player [JoyoPlayer] gets hole card ['DJ', 'C2'], current stack 1509
player [ZifengFoldMan] gets hole card ['CT', 'D6'], current stack 940
player [Elvis] gets hole card ['HK', 'S7'], current stack 661
Started the round 21
Street "preflop" started. (community card = [])
"ZifengFoldMan" declared "fold:0"
"Elvis" declared "fold:0"
"Yuchun" declared "call:10"
"SichengZuo" declared "fold:0"
"JoyoPlayer" declared "fold:0"
"['Yuchun']" won the round 21 (stack = {'Yuchun': 955, 'SichengZuo': 935, 'JoyoPlayer': 1509, 'ZifengFoldMan': 940, 'Elvis': 661})
player [Yuchun] gets hole card ['C9', 'DA'], current stack 955
player [SichengZuo] gets hole card ['H6', 'C8'], current stack 935
player [JoyoPlayer] gets hole card ['D4', 'S2'], current stack 1504
player [ZifengFoldMan] gets hole card ['DQ', 'HJ'], current stack 930
player [Elvis] gets hole card ['HA', 'S5'], current stack 661
Started the round 22
Street "preflop" started. (community card = [])
"Elvis" declared "raise:198"
"Yuchun" declared "call:198"
"SichengZuo" declared "fold:0"
"JoyoPlayer" declared "fold:0"
"ZifengFoldMan" declared "fold:0"
Street "flop" started. (community card = ['H7', 'S6', 'C6'])
"Elvis" declared "call:0"
"Yuchun" declared "call:0"
Street "turn" started. (community card = ['H7', 'S6', 'C6', 'C7'])
"Elvis" declared "raise:138"
"Yuchun" declared "call:138"
Street "river" started. (community card = ['H7', 'S6', 'C6', 'C7', 'SQ'])
"Elvis" declared "call:0"
"Yuchun" declared "call:0"
"['Yuchun', 'Elvis']" won the round 22 (stack = {'Yuchun': 962, 'SichengZuo': 935, 'JoyoPlayer': 1504, 'ZifengFoldMan': 930, 'Elvis': 668})
player [Yuchun] gets hole card ['D9', 'SQ'], current stack 962
player [SichengZuo] gets hole card ['HK', 'C3'], current stack 935
player [JoyoPlayer] gets hole card ['SK', 'HJ'], current stack 1504
player [ZifengFoldMan] gets hole card ['CK', 'C4'], current stack 925
player [Elvis] gets hole card ['H9', 'C7'], current stack 658
Started the round 23
Street "preflop" started. (community card = [])
"Yuchun" declared "call:10"
"SichengZuo" declared "fold:0"
"JoyoPlayer" declared "raise:15"
"ZifengFoldMan" declared "fold:0"
"Elvis" declared "raise:20"
"Yuchun" declared "call:20"
"JoyoPlayer" declared "fold:0"
Street "flop" started. (community card = ['DJ', 'S6', 'DA'])
"Elvis" declared "raise:10"
"Yuchun" declared "call:10"
Street "turn" started. (community card = ['DJ', 'S6', 'DA', 'CT'])
"Elvis" declared "raise:10"
"Yuchun" declared "call:10"
Street "river" started. (community card = ['DJ', 'S6', 'DA', 'CT', 'CA'])
"Elvis" declared "fold:0"
"['Yuchun']" won the round 23 (stack = {'Yuchun': 1022, 'SichengZuo': 935, 'JoyoPlayer': 1489, 'ZifengFoldMan': 925, 'Elvis': 628})
player [Yuchun] gets hole card ['D6', 'DA'], current stack 1012
player [SichengZuo] gets hole card ['ST', 'HQ'], current stack 935
player [JoyoPlayer] gets hole card ['DK', 'SK'], current stack 1489
player [ZifengFoldMan] gets hole card ['H8', 'CA'], current stack 925
player [Elvis] gets hole card ['C9', 'S4'], current stack 623
Started the round 24
Street "preflop" started. (community card = [])
"SichengZuo" declared "fold:0"
"JoyoPlayer" declared "raise:15"
"ZifengFoldMan" declared "fold:0"
"Elvis" declared "fold:0"
"Yuchun" declared "call:15"
Street "flop" started. (community card = ['CQ', 'S3', 'D2'])
"Yuchun" declared "call:0"
"JoyoPlayer" declared "raise:885"
"Yuchun" declared "fold:0"
"['JoyoPlayer']" won the round 24 (stack = {'Yuchun': 1007, 'SichengZuo': 935, 'JoyoPlayer': 1509, 'ZifengFoldMan': 925, 'Elvis': 623})
player [Yuchun] gets hole card ['D9', 'CJ'], current stack 1002
player [SichengZuo] gets hole card ['DA', 'S5'], current stack 925
player [JoyoPlayer] gets hole card ['D5', 'C3'], current stack 1509
player [ZifengFoldMan] gets hole card ['D4', 'SJ'], current stack 925
player [Elvis] gets hole card ['D7', 'CT'], current stack 623
Started the round 25
Street "preflop" started. (community card = [])
"JoyoPlayer" declared "raise:15"
"ZifengFoldMan" declared "fold:0"
"Elvis" declared "fold:0"
"Yuchun" declared "call:15"
"SichengZuo" declared "fold:0"
Street "flop" started. (community card = ['H6', 'HQ', 'C7'])
"Yuchun" declared "call:0"
"JoyoPlayer" declared "fold:0"
"['Yuchun']" won the round 25 (stack = {'Yuchun': 1032, 'SichengZuo': 925, 'JoyoPlayer': 1494, 'ZifengFoldMan': 925, 'Elvis': 623})
player [Yuchun] gets hole card ['CJ', 'D8'], current stack 1032
player [SichengZuo] gets hole card ['SA', 'HK'], current stack 920
player [JoyoPlayer] gets hole card ['C6', 'DJ'], current stack 1484
player [ZifengFoldMan] gets hole card ['SQ', 'C7'], current stack 925
player [Elvis] gets hole card ['S6', 'D9'], current stack 623
Started the round 26
Street "preflop" started. (community card = [])
"ZifengFoldMan" declared "fold:0"
"Elvis" declared "raise:186"
"Yuchun" declared "call:186"
"SichengZuo" declared "fold:0"
"JoyoPlayer" declared "raise:362"
"Elvis" declared "raise:538"
"Yuchun" declared "fold:0"
"JoyoPlayer" declared "raise:714"
"Elvis" declared "fold:0"
"['JoyoPlayer']" won the round 26 (stack = {'Yuchun': 846, 'SichengZuo': 920, 'JoyoPlayer': 2223, 'ZifengFoldMan': 925, 'Elvis': 85})
player [Yuchun] gets hole card ['D6', 'DA'], current stack 846
player [SichengZuo] gets hole card ['CQ', 'H5'], current stack 920
player [JoyoPlayer] gets hole card ['D8', 'H8'], current stack 2218
player [ZifengFoldMan] gets hole card ['DJ', 'H7'], current stack 915
player [Elvis] gets hole card ['DQ', 'H3'], current stack 85
Started the round 27
Street "preflop" started. (community card = [])
"Elvis" declared "raise:15"
"Yuchun" declared "call:15"
"SichengZuo" declared "fold:0"
"JoyoPlayer" declared "raise:20"
"ZifengFoldMan" declared "fold:0"
"Elvis" declared "raise:25"
"Yuchun" declared "call:25"
"JoyoPlayer" declared "call:25"
Street "flop" started. (community card = ['C5', 'HJ', 'C9'])
"JoyoPlayer" declared "fold:0"
"Elvis" declared "raise:10"
"Yuchun" declared "call:10"
Street "turn" started. (community card = ['C5', 'HJ', 'C9', 'S4'])
"Elvis" declared "raise:10"
"Yuchun" declared "call:10"
Street "river" started. (community card = ['C5', 'HJ', 'C9', 'S4', 'S2'])
"Elvis" declared "raise:10"
"Yuchun" declared "call:10"
"['Yuchun']" won the round 27 (stack = {'Yuchun': 936, 'SichengZuo': 920, 'JoyoPlayer': 2198, 'ZifengFoldMan': 915, 'Elvis': 30})
player [Yuchun] gets hole card ['D8', 'SJ'], current stack 936
player [SichengZuo] gets hole card ['C8', 'D5'], current stack 920
player [JoyoPlayer] gets hole card ['SK', 'C7'], current stack 2198
player [ZifengFoldMan] gets hole card ['S4', 'CT'], current stack 910
player [Elvis] gets hole card ['H6', 'CJ'], current stack 20
Started the round 28
Street "preflop" started. (community card = [])
"Yuchun" declared "call:10"
"SichengZuo" declared "fold:0"
"JoyoPlayer" declared "raise:15"
"ZifengFoldMan" declared "fold:0"
"Elvis" declared "fold:0"
"Yuchun" declared "call:15"
Street "flop" started. (community card = ['SA', 'S8', 'S3'])
"Yuchun" declared "raise:40"
"JoyoPlayer" declared "raise:80"
"Yuchun" declared "call:80"
Street "turn" started. (community card = ['SA', 'S8', 'S3', 'C4'])
"Yuchun" declared "raise:40"
"JoyoPlayer" declared "fold:0"
"['Yuchun']" won the round 28 (stack = {'Yuchun': 1046, 'SichengZuo': 920, 'JoyoPlayer': 2103, 'ZifengFoldMan': 910, 'Elvis': 20})
player [Yuchun] gets hole card ['S9', 'HQ'], current stack 1036
player [SichengZuo] gets hole card ['CA', 'S4'], current stack 920
player [JoyoPlayer] gets hole card ['D5', 'D4'], current stack 2103
player [ZifengFoldMan] gets hole card ['D9', 'D8'], current stack 910
player [Elvis] gets hole card ['C6', 'C5'], current stack 15
Started the round 29
Street "preflop" started. (community card = [])
"SichengZuo" declared "fold:0"
"JoyoPlayer" declared "fold:0"
"ZifengFoldMan" declared "fold:0"
"Elvis" declared "raise:15"
"Yuchun" declared "call:15"
Street "flop" started. (community card = ['C2', 'S8', 'C8'])
"Elvis" declared "raise:0"
"['Yuchun']" won the round 29 (stack = {'Yuchun': 1061, 'SichengZuo': 920, 'JoyoPlayer': 2103, 'ZifengFoldMan': 910, 'Elvis': 5})
player [Yuchun] gets hole card ['SK', 'HK'], current stack 1056
player [SichengZuo] gets hole card ['HQ', 'H7'], current stack 910
player [JoyoPlayer] gets hole card ['S4', 'H4'], current stack 2103
player [ZifengFoldMan] gets hole card ['S3', 'CJ'], current stack 910
player [Elvis] gets hole card ['HA', 'CK'], current stack 5
Started the round 30
Street "preflop" started. (community card = [])
"JoyoPlayer" declared "fold:0"
"ZifengFoldMan" declared "fold:0"
"Elvis" declared "fold:0"
"Yuchun" declared "call:10"
"SichengZuo" declared "fold:0"
"['Yuchun']" won the round 30 (stack = {'Yuchun': 1071, 'SichengZuo': 910, 'JoyoPlayer': 2103, 'ZifengFoldMan': 910, 'Elvis': 5})
player [Yuchun] gets hole card ['HJ', 'HA'], current stack 1071
player [SichengZuo] gets hole card ['CQ', 'H4'], current stack 905
player [JoyoPlayer] gets hole card ['C2', 'H5'], current stack 2093
player [ZifengFoldMan] gets hole card ['D9', 'S2'], current stack 910
player [Elvis] gets hole card ['H2', 'H7'], current stack 5
Started the round 31
Street "preflop" started. (community card = [])
"ZifengFoldMan" declared "fold:0"
"Elvis" declared "fold:0"
"Yuchun" declared "call:10"
"SichengZuo" declared "fold:0"
"JoyoPlayer" declared "raise:15"
"Yuchun" declared "call:15"
Street "flop" started. (community card = ['C8', 'S8', 'S7'])
"JoyoPlayer" declared "fold:0"
"['Yuchun']" won the round 31 (stack = {'Yuchun': 1091, 'SichengZuo': 905, 'JoyoPlayer': 2088, 'ZifengFoldMan': 910, 'Elvis': 5})
player [Yuchun] gets hole card ['D9', 'H4'], current stack 1091
player [SichengZuo] gets hole card ['D3', 'CQ'], current stack 905
player [JoyoPlayer] gets hole card ['HK', 'DT'], current stack 2083
player [ZifengFoldMan] gets hole card ['S3', 'DA'], current stack 900
player [Elvis] gets hole card ['D4', 'C9'], current stack 5
Started the round 32
Street "preflop" started. (community card = [])
"Elvis" declared "fold:0"
"Yuchun" declared "call:10"
"SichengZuo" declared "fold:0"
"JoyoPlayer" declared "raise:15"
"ZifengFoldMan" declared "fold:0"
"Yuchun" declared "call:15"
Street "flop" started. (community card = ['C4', 'S4', 'DQ'])
"JoyoPlayer" declared "call:0"
"Yuchun" declared "raise:1076"
"JoyoPlayer" declared "call:1076"
Street "turn" started. (community card = ['C4', 'S4', 'DQ', 'DK'])
Street "river" started. (community card = ['C4', 'S4', 'DQ', 'DK', 'H3'])
"['Yuchun']" won the round 32 (stack = {'Yuchun': 2192, 'SichengZuo': 905, 'JoyoPlayer': 997, 'ZifengFoldMan': 900, 'Elvis': 5})
player [Yuchun] gets hole card ['CQ', 'H5'], current stack 2182
player [SichengZuo] gets hole card ['D4', 'DQ'], current stack 905
player [JoyoPlayer] gets hole card ['SA', 'S2'], current stack 997
player [ZifengFoldMan] gets hole card ['DA', 'S4'], current stack 895
Started the round 33
Street "preflop" started. (community card = [])
"SichengZuo" declared "fold:0"
"JoyoPlayer" declared "fold:0"
"ZifengFoldMan" declared "fold:0"
"['Yuchun']" won the round 33 (stack = {'Yuchun': 2197, 'SichengZuo': 905, 'JoyoPlayer': 997, 'ZifengFoldMan': 895, 'Elvis': 0})
player [Yuchun] gets hole card ['D8', 'D3'], current stack 2192
player [SichengZuo] gets hole card ['DJ', 'HT'], current stack 895
player [JoyoPlayer] gets hole card ['D6', 'C8'], current stack 997
player [ZifengFoldMan] gets hole card ['S2', 'SJ'], current stack 895
Started the round 34
Street "preflop" started. (community card = [])
"JoyoPlayer" declared "fold:0"
"ZifengFoldMan" declared "fold:0"
"Yuchun" declared "call:10"
"SichengZuo" declared "fold:0"
"['Yuchun']" won the round 34 (stack = {'Yuchun': 2207, 'SichengZuo': 895, 'JoyoPlayer': 997, 'ZifengFoldMan': 895, 'Elvis': 0})
player [Yuchun] gets hole card ['CT', 'S7'], current stack 2207
player [SichengZuo] gets hole card ['D5', 'D9'], current stack 890
player [JoyoPlayer] gets hole card ['S5', 'DQ'], current stack 987
player [ZifengFoldMan] gets hole card ['DK', 'SA'], current stack 895
Started the round 35
Street "preflop" started. (community card = [])
"ZifengFoldMan" declared "fold:0"
"Yuchun" declared "call:10"
"SichengZuo" declared "fold:0"
"JoyoPlayer" declared "raise:15"
"Yuchun" declared "call:15"
Street "flop" started. (community card = ['D8', 'C4', 'SK'])
"JoyoPlayer" declared "raise:10"
"Yuchun" declared "call:10"
Street "turn" started. (community card = ['D8', 'C4', 'SK', 'CQ'])
"JoyoPlayer" declared "raise:20"
"Yuchun" declared "call:20"
Street "river" started. (community card = ['D8', 'C4', 'SK', 'CQ', 'H9'])
"JoyoPlayer" declared "raise:20"
"Yuchun" declared "fold:0"
"['JoyoPlayer']" won the round 35 (stack = {'Yuchun': 2162, 'SichengZuo': 890, 'JoyoPlayer': 1047, 'ZifengFoldMan': 895, 'Elvis': 0})
player [Yuchun] gets hole card ['H6', 'CA'], current stack 2162
player [SichengZuo] gets hole card ['D3', 'S3'], current stack 890
player [JoyoPlayer] gets hole card ['CT', 'H3'], current stack 1042
player [ZifengFoldMan] gets hole card ['C3', 'H2'], current stack 885
Started the round 36
Street "preflop" started. (community card = [])
"Yuchun" declared "call:10"
"SichengZuo" declared "fold:0"
"JoyoPlayer" declared "fold:0"
"ZifengFoldMan" declared "fold:0"
"['Yuchun']" won the round 36 (stack = {'Yuchun': 2177, 'SichengZuo': 890, 'JoyoPlayer': 1042, 'ZifengFoldMan': 885, 'Elvis': 0})
player [Yuchun] gets hole card ['D2', 'S6'], current stack 2167
player [SichengZuo] gets hole card ['SA', 'CJ'], current stack 890
player [JoyoPlayer] gets hole card ['D5', 'SQ'], current stack 1042
player [ZifengFoldMan] gets hole card ['CQ', 'C2'], current stack 880
Started the round 37
Street "preflop" started. (community card = [])
"SichengZuo" declared "fold:0"
"JoyoPlayer" declared "fold:0"
"ZifengFoldMan" declared "fold:0"
"['Yuchun']" won the round 37 (stack = {'Yuchun': 2182, 'SichengZuo': 890, 'JoyoPlayer': 1042, 'ZifengFoldMan': 880, 'Elvis': 0})
player [Yuchun] gets hole card ['CT', 'S2'], current stack 2177
player [SichengZuo] gets hole card ['CA', 'D8'], current stack 880
player [JoyoPlayer] gets hole card ['H3', 'C4'], current stack 1042
player [ZifengFoldMan] gets hole card ['H2', 'HA'], current stack 880
Started the round 38
Street "preflop" started. (community card = [])
"JoyoPlayer" declared "fold:0"
"ZifengFoldMan" declared "fold:0"
"Yuchun" declared "call:10"
"SichengZuo" declared "fold:0"
"['Yuchun']" won the round 38 (stack = {'Yuchun': 2192, 'SichengZuo': 880, 'JoyoPlayer': 1042, 'ZifengFoldMan': 880, 'Elvis': 0})
player [Yuchun] gets hole card ['DK', 'D9'], current stack 2192
player [SichengZuo] gets hole card ['H2', 'DJ'], current stack 875
player [JoyoPlayer] gets hole card ['D3', 'D6'], current stack 1032
player [ZifengFoldMan] gets hole card ['SK', 'SA'], current stack 880
Started the round 39
Street "preflop" started. (community card = [])
"ZifengFoldMan" declared "fold:0"
"Yuchun" declared "call:10"
"SichengZuo" declared "fold:0"
"JoyoPlayer" declared "raise:15"
"Yuchun" declared "call:15"
Street "flop" started. (community card = ['HA', 'C2', 'S3'])
"JoyoPlayer" declared "call:0"
"Yuchun" declared "call:0"
Street "turn" started. (community card = ['HA', 'C2', 'S3', 'CQ'])
"JoyoPlayer" declared "call:0"
"Yuchun" declared "call:0"
Street "river" started. (community card = ['HA', 'C2', 'S3', 'CQ', 'S7'])
"JoyoPlayer" declared "call:0"
"Yuchun" declared "call:0"
"['JoyoPlayer']" won the round 39 (stack = {'Yuchun': 2177, 'SichengZuo': 875, 'JoyoPlayer': 1062, 'ZifengFoldMan': 880, 'Elvis': 0})
player [Yuchun] gets hole card ['CQ', 'CK'], current stack 2177
player [SichengZuo] gets hole card ['SA', 'CJ'], current stack 875
player [JoyoPlayer] gets hole card ['HJ', 'CT'], current stack 1057
player [ZifengFoldMan] gets hole card ['SK', 'D8'], current stack 870
Started the round 40
Street "preflop" started. (community card = [])
"Yuchun" declared "call:10"
"SichengZuo" declared "fold:0"
"JoyoPlayer" declared "raise:15"
"ZifengFoldMan" declared "fold:0"
"Yuchun" declared "call:15"
Street "flop" started. (community card = ['H2', 'C9', 'H6'])
"JoyoPlayer" declared "fold:0"
"['Yuchun']" won the round 40 (stack = {'Yuchun': 2202, 'SichengZuo': 875, 'JoyoPlayer': 1047, 'ZifengFoldMan': 870, 'Elvis': 0})
player [Yuchun] gets hole card ['SJ', 'C5'], current stack 2192
player [SichengZuo] gets hole card ['S6', 'D4'], current stack 875
player [JoyoPlayer] gets hole card ['DK', 'HK'], current stack 1047
player [ZifengFoldMan] gets hole card ['H8', 'H9'], current stack 865
Started the round 41
Street "preflop" started. (community card = [])
"SichengZuo" declared "fold:0"
"JoyoPlayer" declared "call:10"
"ZifengFoldMan" declared "fold:0"
"Yuchun" declared "fold:0"
"['JoyoPlayer']" won the round 41 (stack = {'Yuchun': 2192, 'SichengZuo': 875, 'JoyoPlayer': 1062, 'ZifengFoldMan': 865, 'Elvis': 0})
player [Yuchun] gets hole card ['HJ', 'DT'], current stack 2187
player [SichengZuo] gets hole card ['H4', 'DA'], current stack 865
player [JoyoPlayer] gets hole card ['DQ', 'S9'], current stack 1062
player [ZifengFoldMan] gets hole card ['D5', 'H9'], current stack 865
Started the round 42
Street "preflop" started. (community card = [])
"JoyoPlayer" declared "raise:15"
"ZifengFoldMan" declared "fold:0"
"Yuchun" declared "fold:0"
"SichengZuo" declared "fold:0"
"['JoyoPlayer']" won the round 42 (stack = {'Yuchun': 2187, 'SichengZuo': 865, 'JoyoPlayer': 1077, 'ZifengFoldMan': 865, 'Elvis': 0})
player [Yuchun] gets hole card ['ST', 'D6'], current stack 2187
player [SichengZuo] gets hole card ['H9', 'D3'], current stack 860
player [JoyoPlayer] gets hole card ['S7', 'S5'], current stack 1067
player [ZifengFoldMan] gets hole card ['CT', 'H2'], current stack 865
Started the round 43
Street "preflop" started. (community card = [])
"ZifengFoldMan" declared "fold:0"
"Yuchun" declared "fold:0"
"SichengZuo" declared "fold:0"
"['JoyoPlayer']" won the round 43 (stack = {'Yuchun': 2187, 'SichengZuo': 860, 'JoyoPlayer': 1082, 'ZifengFoldMan': 865, 'Elvis': 0})
player [Yuchun] gets hole card ['D3', 'HJ'], current stack 2187
player [SichengZuo] gets hole card ['H5', 'HA'], current stack 860
player [JoyoPlayer] gets hole card ['C4', 'CQ'], current stack 1077
player [ZifengFoldMan] gets hole card ['C6', 'S7'], current stack 855
Started the round 44
Street "preflop" started. (community card = [])
"Yuchun" declared "fold:0"
"SichengZuo" declared "fold:0"
"JoyoPlayer" declared "call:10"
"ZifengFoldMan" declared "fold:0"
"['JoyoPlayer']" won the round 44 (stack = {'Yuchun': 2187, 'SichengZuo': 860, 'JoyoPlayer': 1092, 'ZifengFoldMan': 855, 'Elvis': 0})
player [Yuchun] gets hole card ['C8', 'SA'], current stack 2177
player [SichengZuo] gets hole card ['CK', 'D5'], current stack 860
player [JoyoPlayer] gets hole card ['HK', 'S5'], current stack 1092
player [ZifengFoldMan] gets hole card ['SQ', 'H6'], current stack 850
Started the round 45
Street "preflop" started. (community card = [])
"SichengZuo" declared "fold:0"
"JoyoPlayer" declared "fold:0"
"ZifengFoldMan" declared "fold:0"
"['Yuchun']" won the round 45 (stack = {'Yuchun': 2192, 'SichengZuo': 860, 'JoyoPlayer': 1092, 'ZifengFoldMan': 850, 'Elvis': 0})
player [Yuchun] gets hole card ['D9', 'S2'], current stack 2187
player [SichengZuo] gets hole card ['H3', 'CQ'], current stack 850
player [JoyoPlayer] gets hole card ['HJ', 'D6'], current stack 1092
player [ZifengFoldMan] gets hole card ['HT', 'CJ'], current stack 850
Started the round 46
Street "preflop" started. (community card = [])
"JoyoPlayer" declared "fold:0"
"ZifengFoldMan" declared "fold:0"
"Yuchun" declared "fold:0"
"['SichengZuo']" won the round 46 (stack = {'Yuchun': 2187, 'SichengZuo': 865, 'JoyoPlayer': 1092, 'ZifengFoldMan': 850, 'Elvis': 0})
player [Yuchun] gets hole card ['C5', 'H6'], current stack 2187
player [SichengZuo] gets hole card ['H9', 'H2'], current stack 860
player [JoyoPlayer] gets hole card ['D5', 'D9'], current stack 1082
player [ZifengFoldMan] gets hole card ['D4', 'C3'], current stack 850
Started the round 47
Street "preflop" started. (community card = [])
"ZifengFoldMan" declared "fold:0"
"Yuchun" declared "fold:0"
"SichengZuo" declared "fold:0"
"['JoyoPlayer']" won the round 47 (stack = {'Yuchun': 2187, 'SichengZuo': 860, 'JoyoPlayer': 1097, 'ZifengFoldMan': 850, 'Elvis': 0})
player [Yuchun] gets hole card ['S3', 'S6'], current stack 2187
player [SichengZuo] gets hole card ['D4', 'H8'], current stack 860
player [JoyoPlayer] gets hole card ['SA', 'D9'], current stack 1092
player [ZifengFoldMan] gets hole card ['HJ', 'S9'], current stack 840
Started the round 48
Street "preflop" started. (community card = [])
"Yuchun" declared "fold:0"
"SichengZuo" declared "fold:0"
"JoyoPlayer" declared "raise:15"
"ZifengFoldMan" declared "fold:0"
"['JoyoPlayer']" won the round 48 (stack = {'Yuchun': 2187, 'SichengZuo': 860, 'JoyoPlayer': 1107, 'ZifengFoldMan': 840, 'Elvis': 0})
player [Yuchun] gets hole card ['ST', 'HT'], current stack 2177
player [SichengZuo] gets hole card ['D9', 'DJ'], current stack 860
player [JoyoPlayer] gets hole card ['SK', 'S5'], current stack 1107
player [ZifengFoldMan] gets hole card ['HJ', 'CA'], current stack 835
Started the round 49
Street "preflop" started. (community card = [])
"SichengZuo" declared "fold:0"
"JoyoPlayer" declared "fold:0"
"ZifengFoldMan" declared "fold:0"
"['Yuchun']" won the round 49 (stack = {'Yuchun': 2192, 'SichengZuo': 860, 'JoyoPlayer': 1107, 'ZifengFoldMan': 835, 'Elvis': 0})
player [Yuchun] gets hole card ['H8', 'H2'], current stack 2187
player [SichengZuo] gets hole card ['SQ', 'C5'], current stack 850
player [JoyoPlayer] gets hole card ['S6', 'SJ'], current stack 1107
player [ZifengFoldMan] gets hole card ['SA', 'HT'], current stack 835
Started the round 50
Street "preflop" started. (community card = [])
"JoyoPlayer" declared "raise:15"
"ZifengFoldMan" declared "fold:0"
"Yuchun" declared "fold:0"
"SichengZuo" declared "fold:0"
"['JoyoPlayer']" won the round 50 (stack = {'Yuchun': 2187, 'SichengZuo': 850, 'JoyoPlayer': 1122, 'ZifengFoldMan': 835, 'Elvis': 0})

Game Results:
------------------------------------------------------------
Game 1:
Winner: Yuchun (stack: 2187)
All players' stacks:
  Yuchun: 2187
  SichengZuo: 850
  JoyoPlayer: 1122
  ZifengFoldMan: 835
  Elvis: 0
------------------------------------------------------------
