player [Yuchun] gets hole card ['C9', 'H2'], current stack 1000
player [SichengZuo] gets hole card ['C4', 'S6'], current stack 995
player [JoyoPlayer] gets hole card ['S4', 'C2'], current stack 990
player [ZifengFoldMan] gets hole card ['DK', 'D8'], current stack 1000
player [Elvis] gets hole card ['D6', 'CT'], current stack 1000
Started the round 1
Street "preflop" started. (community card = [])
"ZifengFoldMan" declared "fold:0"
"Elvis" declared "fold:0"
"Yuchun" declared "fold:0"
"SichengZuo" declared "fold:0"
"['JoyoPlayer']" won the round 1 (stack = {'Yuchun': 1000, 'SichengZuo': 995, 'JoyoPlayer': 1005, 'ZifengFoldMan': 1000, 'Elvis': 1000})
player [Yuchun] gets hole card ['DK', 'D4'], current stack 1000
player [SichengZuo] gets hole card ['H7', 'C9'], current stack 995
player [JoyoPlayer] gets hole card ['S6', 'S4'], current stack 1000
player [ZifengFoldMan] gets hole card ['S7', 'D6'], current stack 990
player [Elvis] gets hole card ['H8', 'D5'], current stack 1000
Started the round 2
Street "preflop" started. (community card = [])
"Elvis" declared "raise:300"
"Yuchun" declared "fold:0"
"SichengZuo" declared "fold:0"
"JoyoPlayer" declared "raise:590"
"ZifengFoldMan" declared "fold:0"
"Elvis" declared "raise:880"
"JoyoPlayer" declared "fold:0"
"['Elvis']" won the round 2 (stack = {'Yuchun': 1000, 'SichengZuo': 995, 'JoyoPlayer': 415, 'ZifengFoldMan': 990, 'Elvis': 1600})
player [Yuchun] gets hole card ['SJ', 'DQ'], current stack 1000
player [SichengZuo] gets hole card ['S4', 'DK'], current stack 995
player [JoyoPlayer] gets hole card ['H4', 'D8'], current stack 415
player [ZifengFoldMan] gets hole card ['C4', 'SK'], current stack 985
player [Elvis] gets hole card ['SQ', 'H3'], current stack 1590
Started the round 3
Street "preflop" started. (community card = [])
"Yuchun" declared "fold:0"
"SichengZuo" declared "fold:0"
"JoyoPlayer" declared "raise:15"
"ZifengFoldMan" declared "fold:0"
"Elvis" declared "call:15"
Street "flop" started. (community card = ['DJ', 'S8', 'D7'])
"Elvis" declared "fold:0"
"['JoyoPlayer']" won the round 3 (stack = {'Yuchun': 1000, 'SichengZuo': 995, 'JoyoPlayer': 435, 'ZifengFoldMan': 985, 'Elvis': 1585})
player [Yuchun] gets hole card ['C8', 'D6'], current stack 990
player [SichengZuo] gets hole card ['S8', 'C7'], current stack 995
player [JoyoPlayer] gets hole card ['H3', 'HJ'], current stack 435
player [ZifengFoldMan] gets hole card ['S9', 'DJ'], current stack 985
player [Elvis] gets hole card ['C2', 'HA'], current stack 1580
Started the round 4
Street "preflop" started. (community card = [])
"SichengZuo" declared "fold:0"
"JoyoPlayer" declared "fold:0"
"ZifengFoldMan" declared "fold:0"
"Elvis" declared "raise:181"
"Yuchun" declared "fold:0"
"['Elvis']" won the round 4 (stack = {'Yuchun': 990, 'SichengZuo': 995, 'JoyoPlayer': 435, 'ZifengFoldMan': 985, 'Elvis': 1595})
player [Yuchun] gets hole card ['HK', 'H7'], current stack 985
player [SichengZuo] gets hole card ['CJ', 'H4'], current stack 985
player [JoyoPlayer] gets hole card ['CK', 'S3'], current stack 435
player [ZifengFoldMan] gets hole card ['S4', 'DJ'], current stack 985
player [Elvis] gets hole card ['H6', 'SK'], current stack 1595
Started the round 5
Street "preflop" started. (community card = [])
"JoyoPlayer" declared "fold:0"
"ZifengFoldMan" declared "fold:0"
"Elvis" declared "raise:41"
"Yuchun" declared "fold:0"
"SichengZuo" declared "fold:0"
"['Elvis']" won the round 5 (stack = {'Yuchun': 985, 'SichengZuo': 985, 'JoyoPlayer': 435, 'ZifengFoldMan': 985, 'Elvis': 1610})
player [Yuchun] gets hole card ['H5', 'HJ'], current stack 985
player [SichengZuo] gets hole card ['HQ', 'DT'], current stack 980
player [JoyoPlayer] gets hole card ['C6', 'H2'], current stack 425
player [ZifengFoldMan] gets hole card ['C8', 'S3'], current stack 985
player [Elvis] gets hole card ['C4', 'H7'], current stack 1610
Started the round 6
Street "preflop" started. (community card = [])
"ZifengFoldMan" declared "fold:0"
"Elvis" declared "raise:15"
"Yuchun" declared "fold:0"
"SichengZuo" declared "fold:0"
"JoyoPlayer" declared "fold:0"
"['Elvis']" won the round 6 (stack = {'Yuchun': 985, 'SichengZuo': 980, 'JoyoPlayer': 425, 'ZifengFoldMan': 985, 'Elvis': 1625})
player [Yuchun] gets hole card ['H3', 'H7'], current stack 985
player [SichengZuo] gets hole card ['SK', 'C5'], current stack 980
player [JoyoPlayer] gets hole card ['D3', 'D5'], current stack 420
player [ZifengFoldMan] gets hole card ['C3', 'HK'], current stack 975
player [Elvis] gets hole card ['C9', 'DQ'], current stack 1625
Started the round 7
Street "preflop" started. (community card = [])
"Elvis" declared "fold:0"
"Yuchun" declared "fold:0"
"SichengZuo" declared "fold:0"
"JoyoPlayer" declared "raise:15"
"ZifengFoldMan" declared "fold:0"
"['JoyoPlayer']" won the round 7 (stack = {'Yuchun': 985, 'SichengZuo': 980, 'JoyoPlayer': 435, 'ZifengFoldMan': 975, 'Elvis': 1625})
player [Yuchun] gets hole card ['D6', 'S2'], current stack 985
player [SichengZuo] gets hole card ['HK', 'CA'], current stack 980
player [JoyoPlayer] gets hole card ['H3', 'S9'], current stack 435
player [ZifengFoldMan] gets hole card ['C8', 'SJ'], current stack 970
player [Elvis] gets hole card ['C9', 'H6'], current stack 1615
Started the round 8
Street "preflop" started. (community card = [])
"Yuchun" declared "fold:0"
"SichengZuo" declared "fold:0"
"JoyoPlayer" declared "fold:0"
"ZifengFoldMan" declared "fold:0"
"['Elvis']" won the round 8 (stack = {'Yuchun': 985, 'SichengZuo': 980, 'JoyoPlayer': 435, 'ZifengFoldMan': 970, 'Elvis': 1630})
player [Yuchun] gets hole card ['H5', 'CQ'], current stack 975
player [SichengZuo] gets hole card ['C8', 'DK'], current stack 980
player [JoyoPlayer] gets hole card ['C2', 'H3'], current stack 435
player [ZifengFoldMan] gets hole card ['CK', 'D9'], current stack 970
player [Elvis] gets hole card ['S7', 'D2'], current stack 1625
Started the round 9
Street "preflop" started. (community card = [])
"SichengZuo" declared "fold:0"
"JoyoPlayer" declared "fold:0"
"ZifengFoldMan" declared "fold:0"
"Elvis" declared "fold:0"
"['Yuchun']" won the round 9 (stack = {'Yuchun': 990, 'SichengZuo': 980, 'JoyoPlayer': 435, 'ZifengFoldMan': 970, 'Elvis': 1625})
player [Yuchun] gets hole card ['S3', 'D2'], current stack 985
player [SichengZuo] gets hole card ['S5', 'S4'], current stack 970
player [JoyoPlayer] gets hole card ['D3', 'DK'], current stack 435
player [ZifengFoldMan] gets hole card ['H6', 'H9'], current stack 970
player [Elvis] gets hole card ['DT', 'D7'], current stack 1625
Started the round 10
Street "preflop" started. (community card = [])
"JoyoPlayer" declared "fold:0"
"ZifengFoldMan" declared "fold:0"
"Elvis" declared "raise:15"
"Yuchun" declared "call:15"
"SichengZuo" declared "fold:0"
Street "flop" started. (community card = ['HJ', 'H5', 'D6'])
"Yuchun" declared "call:0"
"Elvis" declared "raise:10"
"Yuchun" declared "call:10"
Street "turn" started. (community card = ['HJ', 'H5', 'D6', 'HA'])
"Yuchun" declared "call:0"
"Elvis" declared "raise:10"
"Yuchun" declared "fold:0"
"['Elvis']" won the round 10 (stack = {'Yuchun': 965, 'SichengZuo': 970, 'JoyoPlayer': 435, 'ZifengFoldMan': 970, 'Elvis': 1660})
player [Yuchun] gets hole card ['C5', 'D2'], current stack 965
player [SichengZuo] gets hole card ['CQ', 'DJ'], current stack 965
player [JoyoPlayer] gets hole card ['H9', 'DQ'], current stack 425
player [ZifengFoldMan] gets hole card ['H2', 'H3'], current stack 970
player [Elvis] gets hole card ['H7', 'CA'], current stack 1660
Started the round 11
Street "preflop" started. (community card = [])
"ZifengFoldMan" declared "fold:0"
"Elvis" declared "raise:15"
"Yuchun" declared "call:15"
"SichengZuo" declared "fold:0"
"JoyoPlayer" declared "fold:0"
Street "flop" started. (community card = ['S7', 'HQ', 'S8'])
"Elvis" declared "raise:10"
"Yuchun" declared "call:10"
Street "turn" started. (community card = ['S7', 'HQ', 'S8', 'ST'])
"Elvis" declared "raise:10"
"Yuchun" declared "fold:0"
"['Elvis']" won the round 11 (stack = {'Yuchun': 940, 'SichengZuo': 965, 'JoyoPlayer': 425, 'ZifengFoldMan': 970, 'Elvis': 1700})
player [Yuchun] gets hole card ['H5', 'SQ'], current stack 940
player [SichengZuo] gets hole card ['SA', 'C7'], current stack 965
player [JoyoPlayer] gets hole card ['DQ', 'D9'], current stack 420
player [ZifengFoldMan] gets hole card ['HJ', 'S9'], current stack 960
player [Elvis] gets hole card ['H6', 'C2'], current stack 1700
Started the round 12
Street "preflop" started. (community card = [])
"Elvis" declared "raise:15"
"Yuchun" declared "call:15"
"SichengZuo" declared "fold:0"
"JoyoPlayer" declared "fold:0"
"ZifengFoldMan" declared "fold:0"
Street "flop" started. (community card = ['D3', 'H2', 'DJ'])
"Elvis" declared "raise:10"
"Yuchun" declared "call:10"
Street "turn" started. (community card = ['D3', 'H2', 'DJ', 'H8'])
"Elvis" declared "raise:10"
"Yuchun" declared "call:10"
Street "river" started. (community card = ['D3', 'H2', 'DJ', 'H8', 'S4'])
"Elvis" declared "raise:10"
"Yuchun" declared "fold:0"
"['Elvis']" won the round 12 (stack = {'Yuchun': 905, 'SichengZuo': 965, 'JoyoPlayer': 420, 'ZifengFoldMan': 960, 'Elvis': 1750})
player [Yuchun] gets hole card ['S5', 'SA'], current stack 905
player [SichengZuo] gets hole card ['H3', 'C4'], current stack 965
player [JoyoPlayer] gets hole card ['S9', 'CQ'], current stack 420
player [ZifengFoldMan] gets hole card ['S3', 'HQ'], current stack 955
player [Elvis] gets hole card ['S4', 'H9'], current stack 1740
Started the round 13
Street "preflop" started. (community card = [])
"Yuchun" declared "call:10"
"SichengZuo" declared "fold:0"
"JoyoPlayer" declared "fold:0"
"ZifengFoldMan" declared "fold:0"
"Elvis" declared "raise:125"
"Yuchun" declared "call:125"
Street "flop" started. (community card = ['S2', 'S6', 'CK'])
"Elvis" declared "raise:10"
"Yuchun" declared "call:10"
Street "turn" started. (community card = ['S2', 'S6', 'CK', 'D3'])
"Elvis" declared "raise:10"
"Yuchun" declared "call:10"
Street "river" started. (community card = ['S2', 'S6', 'CK', 'D3', 'DA'])
"Elvis" declared "raise:10"
"Yuchun" declared "raise:760"
"Elvis" declared "raise:1510"
"['Yuchun']" won the round 13 (stack = {'Yuchun': 1815, 'SichengZuo': 965, 'JoyoPlayer': 420, 'ZifengFoldMan': 955, 'Elvis': 845})
player [Yuchun] gets hole card ['D8', 'S3'], current stack 1805
player [SichengZuo] gets hole card ['H3', 'H2'], current stack 965
player [JoyoPlayer] gets hole card ['S2', 'DA'], current stack 420
player [ZifengFoldMan] gets hole card ['HT', 'D3'], current stack 955
player [Elvis] gets hole card ['HQ', 'C2'], current stack 840
Started the round 14
Street "preflop" started. (community card = [])
"SichengZuo" declared "fold:0"
"JoyoPlayer" declared "raise:15"
"ZifengFoldMan" declared "fold:0"
"Elvis" declared "raise:20"
"Yuchun" declared "call:20"
"JoyoPlayer" declared "fold:0"
Street "flop" started. (community card = ['S9', 'S4', 'D4'])
"Elvis" declared "raise:10"
"Yuchun" declared "call:10"
Street "turn" started. (community card = ['S9', 'S4', 'D4', 'S5'])
"Elvis" declared "raise:10"
"Yuchun" declared "call:10"
Street "river" started. (community card = ['S9', 'S4', 'D4', 'S5', 'H9'])
"Elvis" declared "raise:10"
"Yuchun" declared "fold:0"
"['Elvis']" won the round 14 (stack = {'Yuchun': 1775, 'SichengZuo': 965, 'JoyoPlayer': 405, 'ZifengFoldMan': 955, 'Elvis': 900})
player [Yuchun] gets hole card ['CJ', 'SA'], current stack 1770
player [SichengZuo] gets hole card ['D4', 'C3'], current stack 955
player [JoyoPlayer] gets hole card ['S9', 'C8'], current stack 405
player [ZifengFoldMan] gets hole card ['HA', 'CK'], current stack 955
player [Elvis] gets hole card ['H5', 'H4'], current stack 900
Started the round 15
Street "preflop" started. (community card = [])
"JoyoPlayer" declared "fold:0"
"ZifengFoldMan" declared "fold:0"
"Elvis" declared "raise:15"
"Yuchun" declared "call:15"
"SichengZuo" declared "fold:0"
Street "flop" started. (community card = ['HQ', 'C5', 'CT'])
"Yuchun" declared "call:0"
"Elvis" declared "raise:10"
"Yuchun" declared "call:10"
Street "turn" started. (community card = ['HQ', 'C5', 'CT', 'D7'])
"Yuchun" declared "call:0"
"Elvis" declared "raise:10"
"Yuchun" declared "call:10"
Street "river" started. (community card = ['HQ', 'C5', 'CT', 'D7', 'C4'])
"Yuchun" declared "call:0"
"Elvis" declared "raise:865"
"Yuchun" declared "fold:0"
"['Elvis']" won the round 15 (stack = {'Yuchun': 1740, 'SichengZuo': 955, 'JoyoPlayer': 405, 'ZifengFoldMan': 955, 'Elvis': 945})
player [Yuchun] gets hole card ['H3', 'S8'], current stack 1740
player [SichengZuo] gets hole card ['HK', 'S7'], current stack 950
player [JoyoPlayer] gets hole card ['H9', 'S5'], current stack 395
player [ZifengFoldMan] gets hole card ['DJ', 'D2'], current stack 955
player [Elvis] gets hole card ['H2', 'D5'], current stack 945
Started the round 16
Street "preflop" started. (community card = [])
"ZifengFoldMan" declared "fold:0"
"Elvis" declared "raise:15"
"Yuchun" declared "call:15"
"SichengZuo" declared "fold:0"
"JoyoPlayer" declared "raise:20"
"Elvis" declared "raise:25"
"Yuchun" declared "call:25"
"JoyoPlayer" declared "fold:0"
Street "flop" started. (community card = ['HQ', 'C7', 'S2'])
"Elvis" declared "raise:10"
"Yuchun" declared "fold:0"
"['Elvis']" won the round 16 (stack = {'Yuchun': 1715, 'SichengZuo': 950, 'JoyoPlayer': 385, 'ZifengFoldMan': 955, 'Elvis': 995})
player [Yuchun] gets hole card ['S8', 'CQ'], current stack 1715
player [SichengZuo] gets hole card ['DJ', 'D9'], current stack 950
player [JoyoPlayer] gets hole card ['C8', 'S2'], current stack 380
player [ZifengFoldMan] gets hole card ['S3', 'D2'], current stack 945
player [Elvis] gets hole card ['HJ', 'H4'], current stack 995
Started the round 17
Street "preflop" started. (community card = [])
"Elvis" declared "raise:15"
"Yuchun" declared "call:15"
"SichengZuo" declared "fold:0"
"JoyoPlayer" declared "fold:0"
"ZifengFoldMan" declared "fold:0"
Street "flop" started. (community card = ['S9', 'C3', 'S5'])
"Elvis" declared "raise:10"
"Yuchun" declared "call:10"
Street "turn" started. (community card = ['S9', 'C3', 'S5', 'CA'])
"Elvis" declared "raise:10"
"Yuchun" declared "call:10"
Street "river" started. (community card = ['S9', 'C3', 'S5', 'CA', 'SA'])
"Elvis" declared "raise:10"
"Yuchun" declared "call:10"
"['Yuchun']" won the round 17 (stack = {'Yuchun': 1775, 'SichengZuo': 950, 'JoyoPlayer': 380, 'ZifengFoldMan': 945, 'Elvis': 950})
player [Yuchun] gets hole card ['HJ', 'S9'], current stack 1775
player [SichengZuo] gets hole card ['S6', 'C8'], current stack 950
player [JoyoPlayer] gets hole card ['HK', 'SQ'], current stack 380
player [ZifengFoldMan] gets hole card ['S8', 'DA'], current stack 940
player [Elvis] gets hole card ['H7', 'DQ'], current stack 940
Started the round 18
Street "preflop" started. (community card = [])
"Yuchun" declared "call:10"
"SichengZuo" declared "fold:0"
"JoyoPlayer" declared "fold:0"
"ZifengFoldMan" declared "fold:0"
"Elvis" declared "raise:149"
"Yuchun" declared "call:149"
Street "flop" started. (community card = ['CQ', 'C3', 'DJ'])
"Elvis" declared "raise:801"
"Yuchun" declared "call:801"
Street "turn" started. (community card = ['CQ', 'C3', 'DJ', 'CJ'])
Street "river" started. (community card = ['CQ', 'C3', 'DJ', 'CJ', 'SA'])
"['Yuchun']" won the round 18 (stack = {'Yuchun': 2730, 'SichengZuo': 950, 'JoyoPlayer': 380, 'ZifengFoldMan': 940, 'Elvis': 0})
player [Yuchun] gets hole card ['H8', 'C4'], current stack 2725
player [SichengZuo] gets hole card ['DJ', 'CJ'], current stack 940
player [JoyoPlayer] gets hole card ['H4', 'H9'], current stack 380
player [ZifengFoldMan] gets hole card ['S4', 'S9'], current stack 940
Started the round 19
Street "preflop" started. (community card = [])
"JoyoPlayer" declared "fold:0"
"ZifengFoldMan" declared "fold:0"
"Yuchun" declared "call:10"
"SichengZuo" declared "fold:0"
"['Yuchun']" won the round 19 (stack = {'Yuchun': 2740, 'SichengZuo': 940, 'JoyoPlayer': 380, 'ZifengFoldMan': 940, 'Elvis': 0})
player [Yuchun] gets hole card ['D9', 'D5'], current stack 2740
player [SichengZuo] gets hole card ['DT', 'H6'], current stack 935
player [JoyoPlayer] gets hole card ['D4', 'DJ'], current stack 370
player [ZifengFoldMan] gets hole card ['D8', 'S7'], current stack 940
Started the round 20
Street "preflop" started. (community card = [])
"ZifengFoldMan" declared "fold:0"
"Yuchun" declared "call:10"
"SichengZuo" declared "fold:0"
"JoyoPlayer" declared "call:10"
Street "flop" started. (community card = ['HA', 'D7', 'DK'])
"JoyoPlayer" declared "raise:10"
"Yuchun" declared "call:10"
Street "turn" started. (community card = ['HA', 'D7', 'DK', 'SJ'])
"JoyoPlayer" declared "raise:20"
"Yuchun" declared "call:20"
Street "river" started. (community card = ['HA', 'D7', 'DK', 'SJ', 'D3'])
"JoyoPlayer" declared "raise:336"
"Yuchun" declared "raise:2700"
"JoyoPlayer" declared "call:2700"
"['JoyoPlayer']" won the round 20 (stack = {'Yuchun': 2360, 'SichengZuo': 935, 'JoyoPlayer': 765, 'ZifengFoldMan': 940, 'Elvis': 0})
player [Yuchun] gets hole card ['CJ', 'H9'], current stack 2360
player [SichengZuo] gets hole card ['D6', 'SA'], current stack 935
player [JoyoPlayer] gets hole card ['D2', 'CT'], current stack 760
player [ZifengFoldMan] gets hole card ['S8', 'S4'], current stack 930
Started the round 21
Street "preflop" started. (community card = [])
"Yuchun" declared "call:10"
"SichengZuo" declared "fold:0"
"JoyoPlayer" declared "fold:0"
"ZifengFoldMan" declared "fold:0"
"['Yuchun']" won the round 21 (stack = {'Yuchun': 2375, 'SichengZuo': 935, 'JoyoPlayer': 760, 'ZifengFoldMan': 930, 'Elvis': 0})
player [Yuchun] gets hole card ['C8', 'H3'], current stack 2365
player [SichengZuo] gets hole card ['C7', 'S5'], current stack 935
player [JoyoPlayer] gets hole card ['S4', 'S7'], current stack 760
player [ZifengFoldMan] gets hole card ['DK', 'D3'], current stack 925
Started the round 22
Street "preflop" started. (community card = [])
"SichengZuo" declared "fold:0"
"JoyoPlayer" declared "raise:15"
"ZifengFoldMan" declared "fold:0"
"Yuchun" declared "call:15"
Street "flop" started. (community card = ['CK', 'HQ', 'SA'])
"Yuchun" declared "call:0"
"JoyoPlayer" declared "fold:0"
"['Yuchun']" won the round 22 (stack = {'Yuchun': 2395, 'SichengZuo': 935, 'JoyoPlayer': 745, 'ZifengFoldMan': 925, 'Elvis': 0})
player [Yuchun] gets hole card ['DK', 'DA'], current stack 2390
player [SichengZuo] gets hole card ['CT', 'HT'], current stack 925
player [JoyoPlayer] gets hole card ['D2', 'C7'], current stack 745
player [ZifengFoldMan] gets hole card ['S8', 'DQ'], current stack 925
Started the round 23
Street "preflop" started. (community card = [])
"JoyoPlayer" declared "raise:15"
"ZifengFoldMan" declared "fold:0"
"Yuchun" declared "call:15"
"SichengZuo" declared "fold:0"
Street "flop" started. (community card = ['HJ', 'C6', 'CA'])
"Yuchun" declared "raise:2380"
"JoyoPlayer" declared "call:2380"
Street "turn" started. (community card = ['HJ', 'C6', 'CA', 'CQ'])
Street "river" started. (community card = ['HJ', 'C6', 'CA', 'CQ', 'D3'])
"['Yuchun']" won the round 23 (stack = {'Yuchun': 3150, 'SichengZuo': 925, 'JoyoPlayer': 0, 'ZifengFoldMan': 925, 'Elvis': 0})
player [Yuchun] gets hole card ['D8', 'C9'], current stack 3150
player [SichengZuo] gets hole card ['D5', 'CA'], current stack 920
player [ZifengFoldMan] gets hole card ['C2', 'S7'], current stack 915
Started the round 24
Street "preflop" started. (community card = [])
"Yuchun" declared "call:10"
"SichengZuo" declared "fold:0"
"ZifengFoldMan" declared "fold:0"
"['Yuchun']" won the round 24 (stack = {'Yuchun': 3165, 'SichengZuo': 920, 'JoyoPlayer': 0, 'ZifengFoldMan': 915, 'Elvis': 0})
player [Yuchun] gets hole card ['C9', 'D2'], current stack 3155
player [SichengZuo] gets hole card ['S4', 'C3'], current stack 920
player [ZifengFoldMan] gets hole card ['CT', 'H5'], current stack 910
Started the round 25
Street "preflop" started. (community card = [])
"SichengZuo" declared "fold:0"
"ZifengFoldMan" declared "fold:0"
"['Yuchun']" won the round 25 (stack = {'Yuchun': 3170, 'SichengZuo': 920, 'JoyoPlayer': 0, 'ZifengFoldMan': 910, 'Elvis': 0})
player [Yuchun] gets hole card ['D5', 'DQ'], current stack 3165
player [SichengZuo] gets hole card ['DT', 'H3'], current stack 910
player [ZifengFoldMan] gets hole card ['S6', 'S3'], current stack 910
Started the round 26
Street "preflop" started. (community card = [])
"ZifengFoldMan" declared "fold:0"
"Yuchun" declared "call:10"
"SichengZuo" declared "fold:0"
"['Yuchun']" won the round 26 (stack = {'Yuchun': 3180, 'SichengZuo': 910, 'JoyoPlayer': 0, 'ZifengFoldMan': 910, 'Elvis': 0})
player [Yuchun] gets hole card ['HK', 'CA'], current stack 3180
player [SichengZuo] gets hole card ['H8', 'D5'], current stack 905
player [ZifengFoldMan] gets hole card ['S5', 'HQ'], current stack 900
Started the round 27
Street "preflop" started. (community card = [])
"Yuchun" declared "call:10"
"SichengZuo" declared "fold:0"
"ZifengFoldMan" declared "fold:0"
"['Yuchun']" won the round 27 (stack = {'Yuchun': 3195, 'SichengZuo': 905, 'JoyoPlayer': 0, 'ZifengFoldMan': 900, 'Elvis': 0})
player [Yuchun] gets hole card ['C2', 'CK'], current stack 3185
player [SichengZuo] gets hole card ['H8', 'S7'], current stack 905
player [ZifengFoldMan] gets hole card ['C4', 'H4'], current stack 895
Started the round 28
Street "preflop" started. (community card = [])
"SichengZuo" declared "fold:0"
"ZifengFoldMan" declared "fold:0"
"['Yuchun']" won the round 28 (stack = {'Yuchun': 3200, 'SichengZuo': 905, 'JoyoPlayer': 0, 'ZifengFoldMan': 895, 'Elvis': 0})
player [Yuchun] gets hole card ['HQ', 'D8'], current stack 3195
player [SichengZuo] gets hole card ['H4', 'D4'], current stack 895
player [ZifengFoldMan] gets hole card ['HT', 'H5'], current stack 895
Started the round 29
Street "preflop" started. (community card = [])
"ZifengFoldMan" declared "fold:0"
"Yuchun" declared "call:10"
"SichengZuo" declared "fold:0"
"['Yuchun']" won the round 29 (stack = {'Yuchun': 3210, 'SichengZuo': 895, 'JoyoPlayer': 0, 'ZifengFoldMan': 895, 'Elvis': 0})
player [Yuchun] gets hole card ['D2', 'ST'], current stack 3210
player [SichengZuo] gets hole card ['HT', 'D8'], current stack 890
player [ZifengFoldMan] gets hole card ['S5', 'C3'], current stack 885
Started the round 30
Street "preflop" started. (community card = [])
"Yuchun" declared "call:10"
"SichengZuo" declared "fold:0"
"ZifengFoldMan" declared "fold:0"
"['Yuchun']" won the round 30 (stack = {'Yuchun': 3225, 'SichengZuo': 890, 'JoyoPlayer': 0, 'ZifengFoldMan': 885, 'Elvis': 0})
player [Yuchun] gets hole card ['HK', 'H8'], current stack 3215
player [SichengZuo] gets hole card ['S4', 'DK'], current stack 890
player [ZifengFoldMan] gets hole card ['D6', 'H5'], current stack 880
Started the round 31
Street "preflop" started. (community card = [])
"SichengZuo" declared "fold:0"
"ZifengFoldMan" declared "fold:0"
"['Yuchun']" won the round 31 (stack = {'Yuchun': 3230, 'SichengZuo': 890, 'JoyoPlayer': 0, 'ZifengFoldMan': 880, 'Elvis': 0})
player [Yuchun] gets hole card ['S7', 'CT'], current stack 3225
player [SichengZuo] gets hole card ['DK', 'D2'], current stack 880
player [ZifengFoldMan] gets hole card ['D8', 'C7'], current stack 880
Started the round 32
Street "preflop" started. (community card = [])
"ZifengFoldMan" declared "fold:0"
"Yuchun" declared "call:10"
"SichengZuo" declared "fold:0"
"['Yuchun']" won the round 32 (stack = {'Yuchun': 3240, 'SichengZuo': 880, 'JoyoPlayer': 0, 'ZifengFoldMan': 880, 'Elvis': 0})
player [Yuchun] gets hole card ['S8', 'S4'], current stack 3240
player [SichengZuo] gets hole card ['SK', 'D6'], current stack 875
player [ZifengFoldMan] gets hole card ['C5', 'ST'], current stack 870
Started the round 33
Street "preflop" started. (community card = [])
"Yuchun" declared "call:10"
"SichengZuo" declared "fold:0"
"ZifengFoldMan" declared "fold:0"
"['Yuchun']" won the round 33 (stack = {'Yuchun': 3255, 'SichengZuo': 875, 'JoyoPlayer': 0, 'ZifengFoldMan': 870, 'Elvis': 0})
player [Yuchun] gets hole card ['HJ', 'SK'], current stack 3245
player [SichengZuo] gets hole card ['H6', 'CK'], current stack 875
player [ZifengFoldMan] gets hole card ['D7', 'S9'], current stack 865
Started the round 34
Street "preflop" started. (community card = [])
"SichengZuo" declared "fold:0"
"ZifengFoldMan" declared "fold:0"
"['Yuchun']" won the round 34 (stack = {'Yuchun': 3260, 'SichengZuo': 875, 'JoyoPlayer': 0, 'ZifengFoldMan': 865, 'Elvis': 0})
player [Yuchun] gets hole card ['C4', 'SQ'], current stack 3255
player [SichengZuo] gets hole card ['C6', 'H4'], current stack 865
player [ZifengFoldMan] gets hole card ['DT', 'S9'], current stack 865
Started the round 35
Street "preflop" started. (community card = [])
"ZifengFoldMan" declared "fold:0"
"Yuchun" declared "call:10"
"SichengZuo" declared "fold:0"
"['Yuchun']" won the round 35 (stack = {'Yuchun': 3270, 'SichengZuo': 865, 'JoyoPlayer': 0, 'ZifengFoldMan': 865, 'Elvis': 0})
player [Yuchun] gets hole card ['DT', 'CQ'], current stack 3270
player [SichengZuo] gets hole card ['S9', 'CJ'], current stack 860
player [ZifengFoldMan] gets hole card ['C3', 'SQ'], current stack 855
Started the round 36
Street "preflop" started. (community card = [])
"Yuchun" declared "call:10"
"SichengZuo" declared "fold:0"
"ZifengFoldMan" declared "fold:0"
"['Yuchun']" won the round 36 (stack = {'Yuchun': 3285, 'SichengZuo': 860, 'JoyoPlayer': 0, 'ZifengFoldMan': 855, 'Elvis': 0})
player [Yuchun] gets hole card ['S2', 'C6'], current stack 3275
player [SichengZuo] gets hole card ['DJ', 'D7'], current stack 860
player [ZifengFoldMan] gets hole card ['D4', 'S4'], current stack 850
Started the round 37
Street "preflop" started. (community card = [])
"SichengZuo" declared "fold:0"
"ZifengFoldMan" declared "fold:0"
"['Yuchun']" won the round 37 (stack = {'Yuchun': 3290, 'SichengZuo': 860, 'JoyoPlayer': 0, 'ZifengFoldMan': 850, 'Elvis': 0})
player [Yuchun] gets hole card ['DA', 'HJ'], current stack 3285
player [SichengZuo] gets hole card ['DK', 'C7'], current stack 850
player [ZifengFoldMan] gets hole card ['DT', 'C2'], current stack 850
Started the round 38
Street "preflop" started. (community card = [])
"ZifengFoldMan" declared "fold:0"
"Yuchun" declared "call:10"
"SichengZuo" declared "fold:0"
"['Yuchun']" won the round 38 (stack = {'Yuchun': 3300, 'SichengZuo': 850, 'JoyoPlayer': 0, 'ZifengFoldMan': 850, 'Elvis': 0})
player [Yuchun] gets hole card ['H3', 'S3'], current stack 3300
player [SichengZuo] gets hole card ['C5', 'HQ'], current stack 845
player [ZifengFoldMan] gets hole card ['D6', 'S7'], current stack 840
Started the round 39
Street "preflop" started. (community card = [])
"Yuchun" declared "call:10"
"SichengZuo" declared "fold:0"
"ZifengFoldMan" declared "fold:0"
"['Yuchun']" won the round 39 (stack = {'Yuchun': 3315, 'SichengZuo': 845, 'JoyoPlayer': 0, 'ZifengFoldMan': 840, 'Elvis': 0})
player [Yuchun] gets hole card ['S5', 'D2'], current stack 3305
player [SichengZuo] gets hole card ['HJ', 'DK'], current stack 845
player [ZifengFoldMan] gets hole card ['H8', 'S4'], current stack 835
Started the round 40
Street "preflop" started. (community card = [])
"SichengZuo" declared "fold:0"
"ZifengFoldMan" declared "fold:0"
"['Yuchun']" won the round 40 (stack = {'Yuchun': 3320, 'SichengZuo': 845, 'JoyoPlayer': 0, 'ZifengFoldMan': 835, 'Elvis': 0})
player [Yuchun] gets hole card ['H7', 'DA'], current stack 3315
player [SichengZuo] gets hole card ['D3', 'DJ'], current stack 835
player [ZifengFoldMan] gets hole card ['ST', 'HA'], current stack 835
Started the round 41
Street "preflop" started. (community card = [])
"ZifengFoldMan" declared "fold:0"
"Yuchun" declared "call:10"
"SichengZuo" declared "fold:0"
"['Yuchun']" won the round 41 (stack = {'Yuchun': 3330, 'SichengZuo': 835, 'JoyoPlayer': 0, 'ZifengFoldMan': 835, 'Elvis': 0})
player [Yuchun] gets hole card ['H3', 'C7'], current stack 3330
player [SichengZuo] gets hole card ['S6', 'C5'], current stack 830
player [ZifengFoldMan] gets hole card ['DT', 'S5'], current stack 825
Started the round 42
Street "preflop" started. (community card = [])
"Yuchun" declared "fold:0"
"SichengZuo" declared "fold:0"
"['ZifengFoldMan']" won the round 42 (stack = {'Yuchun': 3330, 'SichengZuo': 830, 'JoyoPlayer': 0, 'ZifengFoldMan': 840, 'Elvis': 0})
player [Yuchun] gets hole card ['S7', 'C8'], current stack 3320
player [SichengZuo] gets hole card ['D9', 'H5'], current stack 830
player [ZifengFoldMan] gets hole card ['H3', 'HK'], current stack 835
Started the round 43
Street "preflop" started. (community card = [])
"SichengZuo" declared "fold:0"
"ZifengFoldMan" declared "fold:0"
"['Yuchun']" won the round 43 (stack = {'Yuchun': 3335, 'SichengZuo': 830, 'JoyoPlayer': 0, 'ZifengFoldMan': 835, 'Elvis': 0})
player [Yuchun] gets hole card ['D5', 'SQ'], current stack 3330
player [SichengZuo] gets hole card ['HT', 'D4'], current stack 820
player [ZifengFoldMan] gets hole card ['SK', 'C9'], current stack 835
Started the round 44
Street "preflop" started. (community card = [])
"ZifengFoldMan" declared "fold:0"
"Yuchun" declared "call:10"
"SichengZuo" declared "fold:0"
"['Yuchun']" won the round 44 (stack = {'Yuchun': 3345, 'SichengZuo': 820, 'JoyoPlayer': 0, 'ZifengFoldMan': 835, 'Elvis': 0})
player [Yuchun] gets hole card ['H2', 'SA'], current stack 3345
player [SichengZuo] gets hole card ['DQ', 'DJ'], current stack 815
player [ZifengFoldMan] gets hole card ['S4', 'ST'], current stack 825
Started the round 45
Street "preflop" started. (community card = [])
"Yuchun" declared "fold:0"
"SichengZuo" declared "fold:0"
"['ZifengFoldMan']" won the round 45 (stack = {'Yuchun': 3345, 'SichengZuo': 815, 'JoyoPlayer': 0, 'ZifengFoldMan': 840, 'Elvis': 0})
player [Yuchun] gets hole card ['S4', 'D5'], current stack 3335
player [SichengZuo] gets hole card ['D4', 'C4'], current stack 815
player [ZifengFoldMan] gets hole card ['SQ', 'CT'], current stack 835
Started the round 46
Street "preflop" started. (community card = [])
"SichengZuo" declared "fold:0"
"ZifengFoldMan" declared "fold:0"
"['Yuchun']" won the round 46 (stack = {'Yuchun': 3350, 'SichengZuo': 815, 'JoyoPlayer': 0, 'ZifengFoldMan': 835, 'Elvis': 0})
player [Yuchun] gets hole card ['C4', 'H9'], current stack 3345
player [SichengZuo] gets hole card ['D6', 'C5'], current stack 805
player [ZifengFoldMan] gets hole card ['CQ', 'S9'], current stack 835
Started the round 47
Street "preflop" started. (community card = [])
"ZifengFoldMan" declared "fold:0"
"Yuchun" declared "fold:0"
"['SichengZuo']" won the round 47 (stack = {'Yuchun': 3345, 'SichengZuo': 820, 'JoyoPlayer': 0, 'ZifengFoldMan': 835, 'Elvis': 0})
player [Yuchun] gets hole card ['C2', 'SA'], current stack 3345
player [SichengZuo] gets hole card ['C9', 'CJ'], current stack 815
player [ZifengFoldMan] gets hole card ['ST', 'S4'], current stack 825
Started the round 48
Street "preflop" started. (community card = [])
"Yuchun" declared "fold:0"
"SichengZuo" declared "fold:0"
"['ZifengFoldMan']" won the round 48 (stack = {'Yuchun': 3345, 'SichengZuo': 815, 'JoyoPlayer': 0, 'ZifengFoldMan': 840, 'Elvis': 0})
player [Yuchun] gets hole card ['S6', 'C9'], current stack 3335
player [SichengZuo] gets hole card ['S9', 'SJ'], current stack 815
player [ZifengFoldMan] gets hole card ['H9', 'CQ'], current stack 835
Started the round 49
Street "preflop" started. (community card = [])
"SichengZuo" declared "fold:0"
"ZifengFoldMan" declared "fold:0"
"['Yuchun']" won the round 49 (stack = {'Yuchun': 3350, 'SichengZuo': 815, 'JoyoPlayer': 0, 'ZifengFoldMan': 835, 'Elvis': 0})
player [Yuchun] gets hole card ['SA', 'S8'], current stack 3345
player [SichengZuo] gets hole card ['HT', 'SQ'], current stack 805
player [ZifengFoldMan] gets hole card ['H2', 'H5'], current stack 835
Started the round 50
Street "preflop" started. (community card = [])
"ZifengFoldMan" declared "fold:0"
"Yuchun" declared "call:10"
"SichengZuo" declared "fold:0"
"['Yuchun']" won the round 50 (stack = {'Yuchun': 3360, 'SichengZuo': 805, 'JoyoPlayer': 0, 'ZifengFoldMan': 835, 'Elvis': 0})

Game Results:
------------------------------------------------------------
Game 1:
Winner: Yuchun (stack: 3360)
All players' stacks:
  Yuchun: 3360
  SichengZuo: 805
  JoyoPlayer: 0
  ZifengFoldMan: 835
  Elvis: 0
------------------------------------------------------------
