player [Yuchun] gets hole card ['DJ', 'S5'], current stack 1000
player [SichengZuo] gets hole card ['S8', 'DA'], current stack 995
player [JoyoPlayer] gets hole card ['H5', 'CK'], current stack 990
player [ZifengFoldMan] gets hole card ['S6', 'D2'], current stack 1000
player [Elvis] gets hole card ['C8', 'HA'], current stack 1000
Started the round 1
Street "preflop" started. (community card = [])
"ZifengFoldMan" declared "fold:0"
"Elvis" declared "raise:15"
"Yuchun" declared "fold:0"
"SichengZuo" declared "fold:0"
"JoyoPlayer" declared "call:15"
Street "flop" started. (community card = ['D9', 'D3', 'C9'])
"JoyoPlayer" declared "call:0"
"Elvis" declared "call:0"
Street "turn" started. (community card = ['D9', 'D3', 'C9', 'CJ'])
"JoyoPlayer" declared "fold:0"
"['Elvis']" won the round 1 (stack = {'Yuchun': 1000, 'SichengZuo': 995, 'JoyoPlayer': 985, 'ZifengFoldMan': 1000, 'Elvis': 1020})
player [Yuchun] gets hole card ['S3', 'H5'], current stack 1000
player [SichengZuo] gets hole card ['S2', 'HA'], current stack 995
player [JoyoPlayer] gets hole card ['H7', 'S4'], current stack 980
player [ZifengFoldMan] gets hole card ['D6', 'D3'], current stack 990
player [Elvis] gets hole card ['H6', 'HQ'], current stack 1020
Started the round 2
Street "preflop" started. (community card = [])
"Elvis" declared "fold:0"
"Yuchun" declared "fold:0"
"SichengZuo" declared "fold:0"
"JoyoPlayer" declared "raise:15"
"ZifengFoldMan" declared "fold:0"
"['JoyoPlayer']" won the round 2 (stack = {'Yuchun': 1000, 'SichengZuo': 995, 'JoyoPlayer': 995, 'ZifengFoldMan': 990, 'Elvis': 1020})
player [Yuchun] gets hole card ['D5', 'S9'], current stack 1000
player [SichengZuo] gets hole card ['CQ', 'C7'], current stack 995
player [JoyoPlayer] gets hole card ['S7', 'D6'], current stack 995
player [ZifengFoldMan] gets hole card ['SA', 'C3'], current stack 985
player [Elvis] gets hole card ['S8', 'DJ'], current stack 1010
Started the round 3
Street "preflop" started. (community card = [])
"Yuchun" declared "fold:0"
"SichengZuo" declared "fold:0"
"JoyoPlayer" declared "fold:0"
"ZifengFoldMan" declared "fold:0"
"['Elvis']" won the round 3 (stack = {'Yuchun': 1000, 'SichengZuo': 995, 'JoyoPlayer': 995, 'ZifengFoldMan': 985, 'Elvis': 1025})
player [Yuchun] gets hole card ['DT', 'CQ'], current stack 990
player [SichengZuo] gets hole card ['DK', 'H4'], current stack 995
player [JoyoPlayer] gets hole card ['CK', 'S7'], current stack 995
player [ZifengFoldMan] gets hole card ['D8', 'DA'], current stack 985
player [Elvis] gets hole card ['SA', 'S9'], current stack 1020
Started the round 4
Street "preflop" started. (community card = [])
"SichengZuo" declared "fold:0"
"JoyoPlayer" declared "fold:0"
"ZifengFoldMan" declared "fold:0"
"Elvis" declared "raise:177"
"Yuchun" declared "fold:0"
"['Elvis']" won the round 4 (stack = {'Yuchun': 990, 'SichengZuo': 995, 'JoyoPlayer': 995, 'ZifengFoldMan': 985, 'Elvis': 1035})
player [Yuchun] gets hole card ['DT', 'H2'], current stack 985
player [SichengZuo] gets hole card ['H7', 'C6'], current stack 985
player [JoyoPlayer] gets hole card ['DQ', 'HQ'], current stack 995
player [ZifengFoldMan] gets hole card ['D8', 'H6'], current stack 985
player [Elvis] gets hole card ['C7', 'D2'], current stack 1035
Started the round 5
Street "preflop" started. (community card = [])
"JoyoPlayer" declared "fold:0"
"ZifengFoldMan" declared "fold:0"
"Elvis" declared "raise:15"
"Yuchun" declared "fold:0"
"SichengZuo" declared "fold:0"
"['Elvis']" won the round 5 (stack = {'Yuchun': 985, 'SichengZuo': 985, 'JoyoPlayer': 995, 'ZifengFoldMan': 985, 'Elvis': 1050})
player [Yuchun] gets hole card ['HA', 'S5'], current stack 985
player [SichengZuo] gets hole card ['HK', 'C4'], current stack 980
player [JoyoPlayer] gets hole card ['ST', 'D2'], current stack 985
player [ZifengFoldMan] gets hole card ['H6', 'C7'], current stack 985
player [Elvis] gets hole card ['HT', 'SA'], current stack 1050
Started the round 6
Street "preflop" started. (community card = [])
"ZifengFoldMan" declared "fold:0"
"Elvis" declared "raise:15"
"Yuchun" declared "fold:0"
"SichengZuo" declared "fold:0"
"JoyoPlayer" declared "fold:0"
"['Elvis']" won the round 6 (stack = {'Yuchun': 985, 'SichengZuo': 980, 'JoyoPlayer': 985, 'ZifengFoldMan': 985, 'Elvis': 1065})
player [Yuchun] gets hole card ['DQ', 'HA'], current stack 985
player [SichengZuo] gets hole card ['C7', 'DJ'], current stack 980
player [JoyoPlayer] gets hole card ['D3', 'H7'], current stack 980
player [ZifengFoldMan] gets hole card ['H2', 'DK'], current stack 975
player [Elvis] gets hole card ['H9', 'HT'], current stack 1065
Started the round 7
Street "preflop" started. (community card = [])
"Elvis" declared "raise:15"
"Yuchun" declared "fold:0"
"SichengZuo" declared "fold:0"
"JoyoPlayer" declared "fold:0"
"ZifengFoldMan" declared "fold:0"
"['Elvis']" won the round 7 (stack = {'Yuchun': 985, 'SichengZuo': 980, 'JoyoPlayer': 980, 'ZifengFoldMan': 975, 'Elvis': 1080})
player [Yuchun] gets hole card ['HQ', 'D9'], current stack 985
player [SichengZuo] gets hole card ['H5', 'D7'], current stack 980
player [JoyoPlayer] gets hole card ['CT', 'C6'], current stack 980
player [ZifengFoldMan] gets hole card ['DJ', 'DK'], current stack 970
player [Elvis] gets hole card ['C4', 'D4'], current stack 1070
Started the round 8
Street "preflop" started. (community card = [])
"Yuchun" declared "fold:0"
"SichengZuo" declared "fold:0"
"JoyoPlayer" declared "raise:15"
"ZifengFoldMan" declared "fold:0"
"Elvis" declared "call:15"
Street "flop" started. (community card = ['H8', 'H3', 'DT'])
"Elvis" declared "raise:10"
"JoyoPlayer" declared "raise:40"
"Elvis" declared "fold:0"
"['JoyoPlayer']" won the round 8 (stack = {'Yuchun': 985, 'SichengZuo': 980, 'JoyoPlayer': 1010, 'ZifengFoldMan': 970, 'Elvis': 1055})
player [Yuchun] gets hole card ['CA', 'S5'], current stack 975
player [SichengZuo] gets hole card ['S9', 'C3'], current stack 980
player [JoyoPlayer] gets hole card ['C6', 'HK'], current stack 1010
player [ZifengFoldMan] gets hole card ['CJ', 'S4'], current stack 970
player [Elvis] gets hole card ['S3', 'SA'], current stack 1050
Started the round 9
Street "preflop" started. (community card = [])
"SichengZuo" declared "fold:0"
"JoyoPlayer" declared "fold:0"
"ZifengFoldMan" declared "fold:0"
"Elvis" declared "raise:103"
"Yuchun" declared "fold:0"
"['Elvis']" won the round 9 (stack = {'Yuchun': 975, 'SichengZuo': 980, 'JoyoPlayer': 1010, 'ZifengFoldMan': 970, 'Elvis': 1065})
player [Yuchun] gets hole card ['HA', 'D9'], current stack 970
player [SichengZuo] gets hole card ['S2', 'H9'], current stack 970
player [JoyoPlayer] gets hole card ['S4', 'HT'], current stack 1010
player [ZifengFoldMan] gets hole card ['S9', 'D3'], current stack 970
player [Elvis] gets hole card ['C4', 'C9'], current stack 1065
Started the round 10
Street "preflop" started. (community card = [])
"JoyoPlayer" declared "fold:0"
"ZifengFoldMan" declared "fold:0"
"Elvis" declared "raise:15"
"Yuchun" declared "call:15"
"SichengZuo" declared "fold:0"
Street "flop" started. (community card = ['DJ', 'CA', 'DT'])
"Yuchun" declared "raise:40"
"Elvis" declared "raise:80"
"Yuchun" declared "call:80"
Street "turn" started. (community card = ['DJ', 'CA', 'DT', 'H2'])
"Yuchun" declared "raise:40"
"Elvis" declared "raise:80"
"Yuchun" declared "raise:880"
"Elvis" declared "fold:0"
"['Yuchun']" won the round 10 (stack = {'Yuchun': 1160, 'SichengZuo': 970, 'JoyoPlayer': 1010, 'ZifengFoldMan': 970, 'Elvis': 890})
player [Yuchun] gets hole card ['H7', 'C3'], current stack 1160
player [SichengZuo] gets hole card ['HJ', 'H9'], current stack 965
player [JoyoPlayer] gets hole card ['H5', 'D6'], current stack 1000
player [ZifengFoldMan] gets hole card ['S7', 'CT'], current stack 970
player [Elvis] gets hole card ['D4', 'SQ'], current stack 890
Started the round 11
Street "preflop" started. (community card = [])
"ZifengFoldMan" declared "fold:0"
"Elvis" declared "fold:0"
"Yuchun" declared "call:10"
"SichengZuo" declared "fold:0"
"JoyoPlayer" declared "raise:15"
"Yuchun" declared "call:15"
Street "flop" started. (community card = ['D8', 'C4', 'CK'])
"JoyoPlayer" declared "fold:0"
"['Yuchun']" won the round 11 (stack = {'Yuchun': 1180, 'SichengZuo': 965, 'JoyoPlayer': 995, 'ZifengFoldMan': 970, 'Elvis': 890})
player [Yuchun] gets hole card ['C6', 'HJ'], current stack 1180
player [SichengZuo] gets hole card ['CJ', 'CT'], current stack 965
player [JoyoPlayer] gets hole card ['CK', 'C7'], current stack 990
player [ZifengFoldMan] gets hole card ['C9', 'D2'], current stack 960
player [Elvis] gets hole card ['H4', 'SK'], current stack 890
Started the round 12
Street "preflop" started. (community card = [])
"Elvis" declared "raise:15"
"Yuchun" declared "call:15"
"SichengZuo" declared "fold:0"
"JoyoPlayer" declared "fold:0"
"ZifengFoldMan" declared "fold:0"
Street "flop" started. (community card = ['HQ', 'H7', 'D4'])
"Elvis" declared "raise:10"
"Yuchun" declared "call:10"
Street "turn" started. (community card = ['HQ', 'H7', 'D4', 'DA'])
"Elvis" declared "raise:10"
"Yuchun" declared "call:10"
Street "river" started. (community card = ['HQ', 'H7', 'D4', 'DA', 'S2'])
"Elvis" declared "raise:10"
"Yuchun" declared "call:10"
"['Elvis']" won the round 12 (stack = {'Yuchun': 1135, 'SichengZuo': 965, 'JoyoPlayer': 990, 'ZifengFoldMan': 960, 'Elvis': 950})
player [Yuchun] gets hole card ['DJ', 'H4'], current stack 1135
player [SichengZuo] gets hole card ['D6', 'C6'], current stack 965
player [JoyoPlayer] gets hole card ['CJ', 'D7'], current stack 990
player [ZifengFoldMan] gets hole card ['S6', 'H2'], current stack 955
player [Elvis] gets hole card ['S8', 'SA'], current stack 940
Started the round 13
Street "preflop" started. (community card = [])
"Yuchun" declared "call:10"
"SichengZuo" declared "fold:0"
"JoyoPlayer" declared "raise:15"
"ZifengFoldMan" declared "fold:0"
"Elvis" declared "raise:75"
"Yuchun" declared "call:75"
"JoyoPlayer" declared "fold:0"
Street "flop" started. (community card = ['DK', 'CQ', 'DA'])
"Elvis" declared "raise:875"
"Yuchun" declared "fold:0"
"['Elvis']" won the round 13 (stack = {'Yuchun': 1060, 'SichengZuo': 965, 'JoyoPlayer': 975, 'ZifengFoldMan': 955, 'Elvis': 1045})
player [Yuchun] gets hole card ['S3', 'HJ'], current stack 1050
player [SichengZuo] gets hole card ['DK', 'SQ'], current stack 965
player [JoyoPlayer] gets hole card ['SK', 'DT'], current stack 975
player [ZifengFoldMan] gets hole card ['H4', 'H6'], current stack 955
player [Elvis] gets hole card ['H9', 'CJ'], current stack 1040
Started the round 14
Street "preflop" started. (community card = [])
"SichengZuo" declared "fold:0"
"JoyoPlayer" declared "fold:0"
"ZifengFoldMan" declared "fold:0"
"Elvis" declared "raise:72"
"Yuchun" declared "call:72"
Street "flop" started. (community card = ['C3', 'D2', 'H8'])
"Elvis" declared "raise:10"
"Yuchun" declared "call:10"
Street "turn" started. (community card = ['C3', 'D2', 'H8', 'C2'])
"Elvis" declared "raise:10"
"Yuchun" declared "call:10"
Street "river" started. (community card = ['C3', 'D2', 'H8', 'C2', 'CK'])
"Elvis" declared "raise:10"
"Yuchun" declared "call:10"
"['Yuchun']" won the round 14 (stack = {'Yuchun': 1162, 'SichengZuo': 965, 'JoyoPlayer': 975, 'ZifengFoldMan': 955, 'Elvis': 943})
player [Yuchun] gets hole card ['DA', 'D5'], current stack 1157
player [SichengZuo] gets hole card ['S4', 'D8'], current stack 955
player [JoyoPlayer] gets hole card ['C9', 'H6'], current stack 975
player [ZifengFoldMan] gets hole card ['H2', 'C8'], current stack 955
player [Elvis] gets hole card ['DQ', 'S7'], current stack 943
Started the round 15
Street "preflop" started. (community card = [])
"JoyoPlayer" declared "fold:0"
"ZifengFoldMan" declared "fold:0"
"Elvis" declared "raise:15"
"Yuchun" declared "call:15"
"SichengZuo" declared "fold:0"
Street "flop" started. (community card = ['D3', 'H7', 'S2'])
"Yuchun" declared "call:0"
"Elvis" declared "raise:10"
"Yuchun" declared "call:10"
Street "turn" started. (community card = ['D3', 'H7', 'S2', 'H9'])
"Yuchun" declared "call:0"
"Elvis" declared "raise:10"
"Yuchun" declared "call:10"
Street "river" started. (community card = ['D3', 'H7', 'S2', 'H9', 'S8'])
"Yuchun" declared "call:0"
"Elvis" declared "raise:10"
"Yuchun" declared "call:10"
"['Elvis']" won the round 15 (stack = {'Yuchun': 1117, 'SichengZuo': 955, 'JoyoPlayer': 975, 'ZifengFoldMan': 955, 'Elvis': 998})
player [Yuchun] gets hole card ['D2', 'S2'], current stack 1117
player [SichengZuo] gets hole card ['CA', 'H9'], current stack 950
player [JoyoPlayer] gets hole card ['C5', 'CJ'], current stack 965
player [ZifengFoldMan] gets hole card ['H3', 'D8'], current stack 955
player [Elvis] gets hole card ['C9', 'DA'], current stack 998
Started the round 16
Street "preflop" started. (community card = [])
"ZifengFoldMan" declared "fold:0"
"Elvis" declared "raise:15"
"Yuchun" declared "call:15"
"SichengZuo" declared "fold:0"
"JoyoPlayer" declared "raise:20"
"Elvis" declared "raise:90"
"Yuchun" declared "call:90"
"JoyoPlayer" declared "raise:160"
"Elvis" declared "raise:230"
"Yuchun" declared "fold:0"
"JoyoPlayer" declared "call:230"
Street "flop" started. (community card = ['SJ', 'H6', 'SA'])
"JoyoPlayer" declared "raise:20"
"Elvis" declared "raise:768"
"JoyoPlayer" declared "raise:-2"
"['Elvis']" won the round 16 (stack = {'Yuchun': 1027, 'SichengZuo': 950, 'JoyoPlayer': 725, 'ZifengFoldMan': 955, 'Elvis': 1343})
player [Yuchun] gets hole card ['D7', 'H8'], current stack 1027
player [SichengZuo] gets hole card ['SK', 'C3'], current stack 950
player [JoyoPlayer] gets hole card ['D4', 'D2'], current stack 720
player [ZifengFoldMan] gets hole card ['SJ', 'D5'], current stack 945
player [Elvis] gets hole card ['H9', 'H3'], current stack 1343
Started the round 17
Street "preflop" started. (community card = [])
"Elvis" declared "raise:15"
"Yuchun" declared "call:15"
"SichengZuo" declared "fold:0"
"JoyoPlayer" declared "fold:0"
"ZifengFoldMan" declared "fold:0"
Street "flop" started. (community card = ['CA', 'C7', 'S7'])
"Elvis" declared "raise:10"
"Yuchun" declared "raise:1012"
"Elvis" declared "raise:0"
"['Yuchun']" won the round 17 (stack = {'Yuchun': 1067, 'SichengZuo': 950, 'JoyoPlayer': 720, 'ZifengFoldMan': 945, 'Elvis': 1318})
player [Yuchun] gets hole card ['S4', 'H9'], current stack 1067
player [SichengZuo] gets hole card ['H7', 'CA'], current stack 950
player [JoyoPlayer] gets hole card ['SQ', 'ST'], current stack 720
player [ZifengFoldMan] gets hole card ['H3', 'D6'], current stack 940
player [Elvis] gets hole card ['D8', 'C6'], current stack 1308
Started the round 18
Street "preflop" started. (community card = [])
"Yuchun" declared "call:10"
"SichengZuo" declared "fold:0"
"JoyoPlayer" declared "fold:0"
"ZifengFoldMan" declared "fold:0"
"Elvis" declared "raise:102"
"Yuchun" declared "call:102"
Street "flop" started. (community card = ['C4', 'C3', 'D3'])
"Elvis" declared "raise:10"
"Yuchun" declared "call:10"
Street "turn" started. (community card = ['C4', 'C3', 'D3', 'H6'])
"Elvis" declared "raise:10"
"Yuchun" declared "call:10"
Street "river" started. (community card = ['C4', 'C3', 'D3', 'H6', 'CT'])
"Elvis" declared "raise:10"
"Yuchun" declared "call:10"
"['Elvis']" won the round 18 (stack = {'Yuchun': 935, 'SichengZuo': 950, 'JoyoPlayer': 720, 'ZifengFoldMan': 940, 'Elvis': 1455})
player [Yuchun] gets hole card ['CJ', 'HT'], current stack 925
player [SichengZuo] gets hole card ['H4', 'H9'], current stack 950
player [JoyoPlayer] gets hole card ['HJ', 'H5'], current stack 720
player [ZifengFoldMan] gets hole card ['C5', 'H8'], current stack 940
player [Elvis] gets hole card ['H2', 'S2'], current stack 1450
Started the round 19
Street "preflop" started. (community card = [])
"SichengZuo" declared "fold:0"
"JoyoPlayer" declared "fold:0"
"ZifengFoldMan" declared "fold:0"
"Elvis" declared "raise:68"
"Yuchun" declared "call:68"
Street "flop" started. (community card = ['S7', 'DA', 'SJ'])
"Elvis" declared "raise:10"
"Yuchun" declared "raise:80"
"Elvis" declared "raise:153"
"Yuchun" declared "call:153"
Street "turn" started. (community card = ['S7', 'DA', 'SJ', 'C4'])
"Elvis" declared "raise:10"
"Yuchun" declared "call:10"
Street "river" started. (community card = ['S7', 'DA', 'SJ', 'C4', 'S6'])
"Elvis" declared "raise:10"
"Yuchun" declared "call:10"
"['Yuchun']" won the round 19 (stack = {'Yuchun': 1176, 'SichengZuo': 950, 'JoyoPlayer': 720, 'ZifengFoldMan': 940, 'Elvis': 1214})
player [Yuchun] gets hole card ['CA', 'HJ'], current stack 1171
player [SichengZuo] gets hole card ['CT', 'C4'], current stack 940
player [JoyoPlayer] gets hole card ['C8', 'S3'], current stack 720
player [ZifengFoldMan] gets hole card ['H2', 'S2'], current stack 940
player [Elvis] gets hole card ['D7', 'H4'], current stack 1214
Started the round 20
Street "preflop" started. (community card = [])
"JoyoPlayer" declared "fold:0"
"ZifengFoldMan" declared "fold:0"
"Elvis" declared "raise:15"
"Yuchun" declared "call:15"
"SichengZuo" declared "fold:0"
Street "flop" started. (community card = ['D8', 'S4', 'H9'])
"Yuchun" declared "call:0"
"Elvis" declared "raise:10"
"Yuchun" declared "call:10"
Street "turn" started. (community card = ['D8', 'S4', 'H9', 'C9'])
"Yuchun" declared "call:0"
"Elvis" declared "raise:10"
"Yuchun" declared "call:10"
Street "river" started. (community card = ['D8', 'S4', 'H9', 'C9', 'H7'])
"Yuchun" declared "call:0"
"Elvis" declared "raise:10"
"Yuchun" declared "call:10"
"['Elvis']" won the round 20 (stack = {'Yuchun': 1131, 'SichengZuo': 940, 'JoyoPlayer': 720, 'ZifengFoldMan': 940, 'Elvis': 1269})
player [Yuchun] gets hole card ['DA', 'S2'], current stack 1131
player [SichengZuo] gets hole card ['H3', 'HJ'], current stack 935
player [JoyoPlayer] gets hole card ['S3', 'ST'], current stack 710
player [ZifengFoldMan] gets hole card ['C6', 'D2'], current stack 940
player [Elvis] gets hole card ['HA', 'D8'], current stack 1269
Started the round 21
Street "preflop" started. (community card = [])
"ZifengFoldMan" declared "fold:0"
"Elvis" declared "raise:15"
"Yuchun" declared "call:15"
"SichengZuo" declared "fold:0"
"JoyoPlayer" declared "raise:20"
"Elvis" declared "raise:106"
"Yuchun" declared "call:106"
"JoyoPlayer" declared "raise:192"
"Elvis" declared "raise:278"
"Yuchun" declared "fold:0"
"JoyoPlayer" declared "raise:364"
"Elvis" declared "raise:450"
"JoyoPlayer" declared "fold:0"
"['Elvis']" won the round 21 (stack = {'Yuchun': 1025, 'SichengZuo': 935, 'JoyoPlayer': 356, 'ZifengFoldMan': 940, 'Elvis': 1744})
player [Yuchun] gets hole card ['DA', 'SQ'], current stack 1025
player [SichengZuo] gets hole card ['C4', 'HJ'], current stack 935
player [JoyoPlayer] gets hole card ['C3', 'H2'], current stack 351
player [ZifengFoldMan] gets hole card ['D9', 'C7'], current stack 930
player [Elvis] gets hole card ['H4', 'SK'], current stack 1744
Started the round 22
Street "preflop" started. (community card = [])
"Elvis" declared "raise:15"
"Yuchun" declared "call:15"
"SichengZuo" declared "fold:0"
"JoyoPlayer" declared "fold:0"
"ZifengFoldMan" declared "fold:0"
Street "flop" started. (community card = ['S5', 'H7', 'S3'])
"Elvis" declared "raise:10"
"Yuchun" declared "call:10"
Street "turn" started. (community card = ['S5', 'H7', 'S3', 'S6'])
"Elvis" declared "raise:1719"
"Yuchun" declared "fold:0"
"['Elvis']" won the round 22 (stack = {'Yuchun': 1000, 'SichengZuo': 935, 'JoyoPlayer': 351, 'ZifengFoldMan': 930, 'Elvis': 1784})
player [Yuchun] gets hole card ['DJ', 'S3'], current stack 1000
player [SichengZuo] gets hole card ['S8', 'H5'], current stack 935
player [JoyoPlayer] gets hole card ['D7', 'C9'], current stack 351
player [ZifengFoldMan] gets hole card ['D3', 'D2'], current stack 925
player [Elvis] gets hole card ['CT', 'SA'], current stack 1774
Started the round 23
Street "preflop" started. (community card = [])
"Yuchun" declared "call:10"
"SichengZuo" declared "fold:0"
"JoyoPlayer" declared "raise:15"
"ZifengFoldMan" declared "fold:0"
"Elvis" declared "raise:150"
"Yuchun" declared "call:150"
"JoyoPlayer" declared "raise:285"
"Elvis" declared "raise:420"
"Yuchun" declared "fold:0"
"JoyoPlayer" declared "fold:0"
"['Elvis']" won the round 23 (stack = {'Yuchun': 850, 'SichengZuo': 935, 'JoyoPlayer': 66, 'ZifengFoldMan': 925, 'Elvis': 2224})
player [Yuchun] gets hole card ['ST', 'DT'], current stack 840
player [SichengZuo] gets hole card ['D5', 'SQ'], current stack 935
player [JoyoPlayer] gets hole card ['S5', 'CJ'], current stack 66
player [ZifengFoldMan] gets hole card ['DK', 'H4'], current stack 925
player [Elvis] gets hole card ['H5', 'S6'], current stack 2219
Started the round 24
Street "preflop" started. (community card = [])
"SichengZuo" declared "fold:0"
"JoyoPlayer" declared "fold:0"
"ZifengFoldMan" declared "fold:0"
"Elvis" declared "raise:42"
"Yuchun" declared "call:42"
Street "flop" started. (community card = ['DJ', 'S2', 'CT'])
"Elvis" declared "raise:10"
"Yuchun" declared "raise:808"
"Elvis" declared "raise:1606"
Street "turn" started. (community card = ['DJ', 'S2', 'CT', 'C3'])
Street "river" started. (community card = ['DJ', 'S2', 'CT', 'C3', 'S3'])
"['Yuchun']" won the round 24 (stack = {'Yuchun': 1700, 'SichengZuo': 935, 'JoyoPlayer': 66, 'ZifengFoldMan': 925, 'Elvis': 1374})
player [Yuchun] gets hole card ['HT', 'D5'], current stack 1695
player [SichengZuo] gets hole card ['HA', 'H5'], current stack 925
player [JoyoPlayer] gets hole card ['S7', 'CQ'], current stack 66
player [ZifengFoldMan] gets hole card ['C5', 'H6'], current stack 925
player [Elvis] gets hole card ['DK', 'S2'], current stack 1374
Started the round 25
Street "preflop" started. (community card = [])
"JoyoPlayer" declared "raise:15"
"ZifengFoldMan" declared "fold:0"
"Elvis" declared "raise:20"
"Yuchun" declared "call:20"
"SichengZuo" declared "fold:0"
"JoyoPlayer" declared "raise:25"
"Elvis" declared "raise:53"
"Yuchun" declared "call:53"
"JoyoPlayer" declared "fold:0"
Street "flop" started. (community card = ['CA', 'D8', 'D3'])
"Yuchun" declared "call:0"
"Elvis" declared "raise:10"
"Yuchun" declared "call:10"
Street "turn" started. (community card = ['CA', 'D8', 'D3', 'S8'])
"Yuchun" declared "call:0"
"Elvis" declared "raise:10"
"Yuchun" declared "call:10"
Street "river" started. (community card = ['CA', 'D8', 'D3', 'S8', 'C9'])
"Yuchun" declared "call:0"
"Elvis" declared "raise:10"
"Yuchun" declared "call:10"
"['Elvis']" won the round 25 (stack = {'Yuchun': 1617, 'SichengZuo': 925, 'JoyoPlayer': 41, 'ZifengFoldMan': 925, 'Elvis': 1492})
player [Yuchun] gets hole card ['H7', 'D5'], current stack 1617
player [SichengZuo] gets hole card ['DA', 'C2'], current stack 920
player [JoyoPlayer] gets hole card ['CK', 'DT'], current stack 31
player [ZifengFoldMan] gets hole card ['SA', 'SQ'], current stack 925
player [Elvis] gets hole card ['H8', 'HT'], current stack 1492
Started the round 26
Street "preflop" started. (community card = [])
"ZifengFoldMan" declared "fold:0"
"Elvis" declared "raise:15"
"Yuchun" declared "call:15"
"SichengZuo" declared "fold:0"
"JoyoPlayer" declared "fold:0"
Street "flop" started. (community card = ['D9', 'SK', 'SJ'])
"Elvis" declared "raise:10"
"Yuchun" declared "call:10"
Street "turn" started. (community card = ['D9', 'SK', 'SJ', 'S7'])
"Elvis" declared "raise:1467"
"Yuchun" declared "fold:0"
"['Elvis']" won the round 26 (stack = {'Yuchun': 1592, 'SichengZuo': 920, 'JoyoPlayer': 31, 'ZifengFoldMan': 925, 'Elvis': 1532})
player [Yuchun] gets hole card ['H5', 'C2'], current stack 1592
player [SichengZuo] gets hole card ['CJ', 'D4'], current stack 920
player [JoyoPlayer] gets hole card ['CQ', 'D7'], current stack 26
player [ZifengFoldMan] gets hole card ['D3', 'HT'], current stack 915
player [Elvis] gets hole card ['SJ', 'CT'], current stack 1532
Started the round 27
Street "preflop" started. (community card = [])
"Elvis" declared "raise:15"
"Yuchun" declared "call:15"
"SichengZuo" declared "fold:0"
"JoyoPlayer" declared "fold:0"
"ZifengFoldMan" declared "fold:0"
Street "flop" started. (community card = ['D5', 'S3', 'H9'])
"Elvis" declared "raise:10"
"Yuchun" declared "call:10"
Street "turn" started. (community card = ['D5', 'S3', 'H9', 'C8'])
"Elvis" declared "raise:10"
"Yuchun" declared "call:10"
Street "river" started. (community card = ['D5', 'S3', 'H9', 'C8', 'HQ'])
"Elvis" declared "raise:1497"
"Yuchun" declared "fold:0"
"['Elvis']" won the round 27 (stack = {'Yuchun': 1557, 'SichengZuo': 920, 'JoyoPlayer': 26, 'ZifengFoldMan': 915, 'Elvis': 1582})
player [Yuchun] gets hole card ['C6', 'S4'], current stack 1557
player [SichengZuo] gets hole card ['CK', 'H7'], current stack 920
player [JoyoPlayer] gets hole card ['D9', 'H8'], current stack 26
player [ZifengFoldMan] gets hole card ['C9', 'C4'], current stack 910
player [Elvis] gets hole card ['H5', 'C7'], current stack 1572
Started the round 28
Street "preflop" started. (community card = [])
"Yuchun" declared "call:10"
"SichengZuo" declared "fold:0"
"JoyoPlayer" declared "raise:15"
"ZifengFoldMan" declared "fold:0"
"Elvis" declared "raise:20"
"Yuchun" declared "call:20"
"JoyoPlayer" declared "fold:0"
Street "flop" started. (community card = ['CQ', 'HT', 'D4'])
"Elvis" declared "raise:10"
"Yuchun" declared "call:10"
Street "turn" started. (community card = ['CQ', 'HT', 'D4', 'SJ'])
"Elvis" declared "raise:10"
"Yuchun" declared "call:10"
Street "river" started. (community card = ['CQ', 'HT', 'D4', 'SJ', 'S5'])
"Elvis" declared "raise:10"
"Yuchun" declared "call:10"
"['Elvis']" won the round 28 (stack = {'Yuchun': 1507, 'SichengZuo': 920, 'JoyoPlayer': 11, 'ZifengFoldMan': 910, 'Elvis': 1652})
player [Yuchun] gets hole card ['C7', 'DA'], current stack 1497
player [SichengZuo] gets hole card ['S7', 'C5'], current stack 920
player [JoyoPlayer] gets hole card ['SJ', 'C2'], current stack 11
player [ZifengFoldMan] gets hole card ['DJ', 'S2'], current stack 910
player [Elvis] gets hole card ['CA', 'CQ'], current stack 1647
Started the round 29
Street "preflop" started. (community card = [])
"SichengZuo" declared "fold:0"
"JoyoPlayer" declared "fold:0"
"ZifengFoldMan" declared "fold:0"
"Elvis" declared "raise:243"
"Yuchun" declared "call:243"
Street "flop" started. (community card = ['SK', 'H5', 'HJ'])
"Elvis" declared "raise:10"
"Yuchun" declared "call:10"
Street "turn" started. (community card = ['SK', 'H5', 'HJ', 'DQ'])
"Elvis" declared "raise:10"
"Yuchun" declared "call:10"
Street "river" started. (community card = ['SK', 'H5', 'HJ', 'DQ', 'S3'])
"Elvis" declared "raise:10"
"Yuchun" declared "call:10"
"['Elvis']" won the round 29 (stack = {'Yuchun': 1234, 'SichengZuo': 920, 'JoyoPlayer': 11, 'ZifengFoldMan': 910, 'Elvis': 1925})
player [Yuchun] gets hole card ['D4', 'C6'], current stack 1229
player [SichengZuo] gets hole card ['S5', 'HA'], current stack 910
player [JoyoPlayer] gets hole card ['C5', 'CJ'], current stack 11
player [ZifengFoldMan] gets hole card ['HQ', 'C9'], current stack 910
player [Elvis] gets hole card ['SQ', 'CA'], current stack 1925
Started the round 30
Street "preflop" started. (community card = [])
"JoyoPlayer" declared "fold:0"
"ZifengFoldMan" declared "fold:0"
"Elvis" declared "raise:96"
"Yuchun" declared "call:96"
"SichengZuo" declared "fold:0"
Street "flop" started. (community card = ['C3', 'CK', 'D6'])
"Yuchun" declared "call:0"
"Elvis" declared "raise:10"
"Yuchun" declared "call:10"
Street "turn" started. (community card = ['C3', 'CK', 'D6', 'D9'])
"Yuchun" declared "call:0"
"Elvis" declared "raise:10"
"Yuchun" declared "call:10"
Street "river" started. (community card = ['C3', 'CK', 'D6', 'D9', 'D5'])
"Yuchun" declared "call:0"
"Elvis" declared "raise:10"
"Yuchun" declared "call:10"
"['Yuchun']" won the round 30 (stack = {'Yuchun': 1370, 'SichengZuo': 910, 'JoyoPlayer': 11, 'ZifengFoldMan': 910, 'Elvis': 1799})
player [Yuchun] gets hole card ['D7', 'S3'], current stack 1370
player [SichengZuo] gets hole card ['CQ', 'H7'], current stack 905
player [JoyoPlayer] gets hole card ['H4', 'DT'], current stack 1
player [ZifengFoldMan] gets hole card ['S4', 'H2'], current stack 910
player [Elvis] gets hole card ['HQ', 'D4'], current stack 1799
Started the round 31
Street "preflop" started. (community card = [])
"ZifengFoldMan" declared "fold:0"
"Elvis" declared "raise:15"
"Yuchun" declared "call:15"
"SichengZuo" declared "fold:0"
"JoyoPlayer" declared "fold:0"
Street "flop" started. (community card = ['DJ', 'CT', 'SQ'])
"Elvis" declared "raise:10"
"Yuchun" declared "call:10"
Street "turn" started. (community card = ['DJ', 'CT', 'SQ', 'S8'])
"Elvis" declared "raise:10"
"Yuchun" declared "call:10"
Street "river" started. (community card = ['DJ', 'CT', 'SQ', 'S8', 'DK'])
"Elvis" declared "raise:10"
"Yuchun" declared "fold:0"
"['Elvis']" won the round 31 (stack = {'Yuchun': 1335, 'SichengZuo': 905, 'JoyoPlayer': 1, 'ZifengFoldMan': 910, 'Elvis': 1849})
player [Yuchun] gets hole card ['H6', 'H9'], current stack 1335
player [SichengZuo] gets hole card ['D3', 'S2'], current stack 905
player [ZifengFoldMan] gets hole card ['C2', 'HQ'], current stack 905
player [Elvis] gets hole card ['H2', 'C3'], current stack 1839
Started the round 32
Street "preflop" started. (community card = [])
"Yuchun" declared "call:10"
"SichengZuo" declared "fold:0"
"ZifengFoldMan" declared "fold:0"
"Elvis" declared "raise:91"
"Yuchun" declared "call:91"
Street "flop" started. (community card = ['DQ', 'H5', 'D6'])
"Elvis" declared "raise:10"
"Yuchun" declared "raise:80"
"Elvis" declared "raise:150"
"Yuchun" declared "call:150"
Street "turn" started. (community card = ['DQ', 'H5', 'D6', 'S9'])
"Elvis" declared "raise:10"
"Yuchun" declared "raise:1094"
"Elvis" declared "raise:0"
"['Yuchun']" won the round 32 (stack = {'Yuchun': 1591, 'SichengZuo': 905, 'JoyoPlayer': 0, 'ZifengFoldMan': 905, 'Elvis': 1598})
player [Yuchun] gets hole card ['DK', 'ST'], current stack 1581
player [SichengZuo] gets hole card ['SA', 'HQ'], current stack 905
player [ZifengFoldMan] gets hole card ['S8', 'C2'], current stack 905
player [Elvis] gets hole card ['C3', 'D9'], current stack 1593
Started the round 33
Street "preflop" started. (community card = [])
"SichengZuo" declared "fold:0"
"ZifengFoldMan" declared "fold:0"
"Elvis" declared "raise:15"
"Yuchun" declared "call:15"
Street "flop" started. (community card = ['HJ', 'CK', 'D8'])
"Elvis" declared "raise:10"
"Yuchun" declared "raise:1576"
"Elvis" declared "raise:0"
"['Yuchun']" won the round 33 (stack = {'Yuchun': 1616, 'SichengZuo': 905, 'JoyoPlayer': 0, 'ZifengFoldMan': 905, 'Elvis': 1573})
player [Yuchun] gets hole card ['SJ', 'C3'], current stack 1611
player [SichengZuo] gets hole card ['CK', 'H4'], current stack 895
player [ZifengFoldMan] gets hole card ['DA', 'S9'], current stack 905
player [Elvis] gets hole card ['H9', 'H7'], current stack 1573
Started the round 34
Street "preflop" started. (community card = [])
"ZifengFoldMan" declared "fold:0"
"Elvis" declared "raise:15"
"Yuchun" declared "call:15"
"SichengZuo" declared "fold:0"
Street "flop" started. (community card = ['C5', 'S4', 'DJ'])
"Yuchun" declared "raise:40"
"Elvis" declared "raise:80"
"Yuchun" declared "call:80"
Street "turn" started. (community card = ['C5', 'S4', 'DJ', 'SA'])
"Yuchun" declared "raise:40"
"Elvis" declared "raise:80"
"Yuchun" declared "call:80"
Street "river" started. (community card = ['C5', 'S4', 'DJ', 'SA', 'C2'])
"Yuchun" declared "raise:1441"
"Elvis" declared "raise:0"
"['Yuchun']" won the round 34 (stack = {'Yuchun': 1801, 'SichengZuo': 895, 'JoyoPlayer': 0, 'ZifengFoldMan': 905, 'Elvis': 1398})
player [Yuchun] gets hole card ['C9', 'S3'], current stack 1801
player [SichengZuo] gets hole card ['HK', 'S4'], current stack 890
player [ZifengFoldMan] gets hole card ['C4', 'D7'], current stack 895
player [Elvis] gets hole card ['S6', 'S8'], current stack 1398
Started the round 35
Street "preflop" started. (community card = [])
"Elvis" declared "raise:15"
"Yuchun" declared "call:15"
"SichengZuo" declared "fold:0"
"ZifengFoldMan" declared "fold:0"
Street "flop" started. (community card = ['S9', 'C6', 'ST'])
"Elvis" declared "raise:10"
"Yuchun" declared "raise:80"
"Elvis" declared "raise:292"
"Yuchun" declared "call:292"
Street "turn" started. (community card = ['S9', 'C6', 'ST', 'H6'])
"Elvis" declared "raise:1091"
"Yuchun" declared "fold:0"
"['Elvis']" won the round 35 (stack = {'Yuchun': 1494, 'SichengZuo': 890, 'JoyoPlayer': 0, 'ZifengFoldMan': 895, 'Elvis': 1720})
player [Yuchun] gets hole card ['H9', 'HK'], current stack 1494
player [SichengZuo] gets hole card ['S4', 'ST'], current stack 890
player [ZifengFoldMan] gets hole card ['D6', 'HT'], current stack 890
player [Elvis] gets hole card ['C4', 'D2'], current stack 1710
Started the round 36
Street "preflop" started. (community card = [])
"Yuchun" declared "call:10"
"SichengZuo" declared "fold:0"
"ZifengFoldMan" declared "fold:0"
"Elvis" declared "raise:72"
"Yuchun" declared "call:72"
Street "flop" started. (community card = ['SA', 'S3', 'CQ'])
"Elvis" declared "raise:10"
"Yuchun" declared "call:10"
Street "turn" started. (community card = ['SA', 'S3', 'CQ', 'DK'])
"Elvis" declared "raise:10"
"Yuchun" declared "raise:80"
"Elvis" declared "raise:150"
"Yuchun" declared "call:150"
Street "river" started. (community card = ['SA', 'S3', 'CQ', 'DK', 'HQ'])
"Elvis" declared "call:0"
"Yuchun" declared "call:0"
"['Yuchun']" won the round 36 (stack = {'Yuchun': 1731, 'SichengZuo': 890, 'JoyoPlayer': 0, 'ZifengFoldMan': 890, 'Elvis': 1488})
player [Yuchun] gets hole card ['C2', 'CJ'], current stack 1721
player [SichengZuo] gets hole card ['D4', 'DJ'], current stack 890
player [ZifengFoldMan] gets hole card ['S5', 'H6'], current stack 890
player [Elvis] gets hole card ['D6', 'C5'], current stack 1483
Started the round 37
Street "preflop" started. (community card = [])
"SichengZuo" declared "fold:0"
"ZifengFoldMan" declared "fold:0"
"Elvis" declared "raise:15"
"Yuchun" declared "call:15"
Street "flop" started. (community card = ['HJ', 'C4', 'CT'])
"Elvis" declared "raise:10"
"Yuchun" declared "raise:80"
"Elvis" declared "raise:150"
"Yuchun" declared "call:150"
Street "turn" started. (community card = ['HJ', 'C4', 'CT', 'C3'])
"Elvis" declared "raise:10"
"Yuchun" declared "raise:1566"
"Elvis" declared "raise:0"
"['Yuchun']" won the round 37 (stack = {'Yuchun': 1906, 'SichengZuo': 890, 'JoyoPlayer': 0, 'ZifengFoldMan': 890, 'Elvis': 1313})
player [Yuchun] gets hole card ['CK', 'SK'], current stack 1901
player [SichengZuo] gets hole card ['DJ', 'SQ'], current stack 880
player [ZifengFoldMan] gets hole card ['H3', 'D5'], current stack 890
player [Elvis] gets hole card ['D8', 'S2'], current stack 1313
Started the round 38
Street "preflop" started. (community card = [])
"ZifengFoldMan" declared "fold:0"
"Elvis" declared "raise:15"
"Yuchun" declared "call:15"
"SichengZuo" declared "fold:0"
Street "flop" started. (community card = ['CT', 'H8', 'S5'])
"Yuchun" declared "raise:40"
"Elvis" declared "raise:220"
"Yuchun" declared "call:220"
Street "turn" started. (community card = ['CT', 'H8', 'S5', 'S3'])
"Yuchun" declared "call:0"
"Elvis" declared "raise:10"
"Yuchun" declared "raise:1671"
"Elvis" declared "call:1671"
Street "river" started. (community card = ['CT', 'H8', 'S5', 'S3', 'H9'])
"['Yuchun']" won the round 38 (stack = {'Yuchun': 3229, 'SichengZuo': 880, 'JoyoPlayer': 0, 'ZifengFoldMan': 890, 'Elvis': 0})
player [Yuchun] gets hole card ['D5', 'DT'], current stack 3229
player [SichengZuo] gets hole card ['D8', 'HQ'], current stack 875
player [ZifengFoldMan] gets hole card ['SJ', 'S3'], current stack 880
Started the round 39
Street "preflop" started. (community card = [])
"Yuchun" declared "call:10"
"SichengZuo" declared "fold:0"
"ZifengFoldMan" declared "fold:0"
"['Yuchun']" won the round 39 (stack = {'Yuchun': 3244, 'SichengZuo': 875, 'JoyoPlayer': 0, 'ZifengFoldMan': 880, 'Elvis': 0})
player [Yuchun] gets hole card ['C4', 'C3'], current stack 3234
player [SichengZuo] gets hole card ['CT', 'D2'], current stack 875
player [ZifengFoldMan] gets hole card ['DQ', 'C7'], current stack 875
Started the round 40
Street "preflop" started. (community card = [])
"SichengZuo" declared "fold:0"
"ZifengFoldMan" declared "fold:0"
"['Yuchun']" won the round 40 (stack = {'Yuchun': 3249, 'SichengZuo': 875, 'JoyoPlayer': 0, 'ZifengFoldMan': 875, 'Elvis': 0})
player [Yuchun] gets hole card ['DK', 'C9'], current stack 3244
player [SichengZuo] gets hole card ['H7', 'H3'], current stack 865
player [ZifengFoldMan] gets hole card ['S7', 'C7'], current stack 875
Started the round 41
Street "preflop" started. (community card = [])
"ZifengFoldMan" declared "fold:0"
"Yuchun" declared "call:10"
"SichengZuo" declared "fold:0"
"['Yuchun']" won the round 41 (stack = {'Yuchun': 3259, 'SichengZuo': 865, 'JoyoPlayer': 0, 'ZifengFoldMan': 875, 'Elvis': 0})
player [Yuchun] gets hole card ['D3', 'CA'], current stack 3259
player [SichengZuo] gets hole card ['D8', 'H3'], current stack 860
player [ZifengFoldMan] gets hole card ['SK', 'CK'], current stack 865
Started the round 42
Street "preflop" started. (community card = [])
"Yuchun" declared "fold:0"
"SichengZuo" declared "fold:0"
"['ZifengFoldMan']" won the round 42 (stack = {'Yuchun': 3259, 'SichengZuo': 860, 'JoyoPlayer': 0, 'ZifengFoldMan': 880, 'Elvis': 0})
player [Yuchun] gets hole card ['C7', 'DQ'], current stack 3249
player [SichengZuo] gets hole card ['ST', 'CQ'], current stack 860
player [ZifengFoldMan] gets hole card ['H8', 'SJ'], current stack 875
Started the round 43
Street "preflop" started. (community card = [])
"SichengZuo" declared "fold:0"
"ZifengFoldMan" declared "fold:0"
"['Yuchun']" won the round 43 (stack = {'Yuchun': 3264, 'SichengZuo': 860, 'JoyoPlayer': 0, 'ZifengFoldMan': 875, 'Elvis': 0})
player [Yuchun] gets hole card ['SK', 'H7'], current stack 3259
player [SichengZuo] gets hole card ['C5', 'H4'], current stack 850
player [ZifengFoldMan] gets hole card ['S2', 'H2'], current stack 875
Started the round 44
Street "preflop" started. (community card = [])
"ZifengFoldMan" declared "fold:0"
"Yuchun" declared "call:10"
"SichengZuo" declared "fold:0"
"['Yuchun']" won the round 44 (stack = {'Yuchun': 3274, 'SichengZuo': 850, 'JoyoPlayer': 0, 'ZifengFoldMan': 875, 'Elvis': 0})
player [Yuchun] gets hole card ['HQ', 'C3'], current stack 3274
player [SichengZuo] gets hole card ['D8', 'S7'], current stack 845
player [ZifengFoldMan] gets hole card ['DJ', 'C2'], current stack 865
Started the round 45
Street "preflop" started. (community card = [])
"Yuchun" declared "fold:0"
"SichengZuo" declared "fold:0"
"['ZifengFoldMan']" won the round 45 (stack = {'Yuchun': 3274, 'SichengZuo': 845, 'JoyoPlayer': 0, 'ZifengFoldMan': 880, 'Elvis': 0})
player [Yuchun] gets hole card ['C2', 'D3'], current stack 3264
player [SichengZuo] gets hole card ['DQ', 'S7'], current stack 845
player [ZifengFoldMan] gets hole card ['H8', 'C9'], current stack 875
Started the round 46
Street "preflop" started. (community card = [])
"SichengZuo" declared "fold:0"
"ZifengFoldMan" declared "fold:0"
"['Yuchun']" won the round 46 (stack = {'Yuchun': 3279, 'SichengZuo': 845, 'JoyoPlayer': 0, 'ZifengFoldMan': 875, 'Elvis': 0})
player [Yuchun] gets hole card ['SA', 'HQ'], current stack 3274
player [SichengZuo] gets hole card ['CQ', 'C7'], current stack 835
player [ZifengFoldMan] gets hole card ['S3', 'H9'], current stack 875
Started the round 47
Street "preflop" started. (community card = [])
"ZifengFoldMan" declared "fold:0"
"Yuchun" declared "call:10"
"SichengZuo" declared "fold:0"
"['Yuchun']" won the round 47 (stack = {'Yuchun': 3289, 'SichengZuo': 835, 'JoyoPlayer': 0, 'ZifengFoldMan': 875, 'Elvis': 0})
player [Yuchun] gets hole card ['S6', 'CQ'], current stack 3289
player [SichengZuo] gets hole card ['SA', 'H6'], current stack 830
player [ZifengFoldMan] gets hole card ['C3', 'D9'], current stack 865
Started the round 48
Street "preflop" started. (community card = [])
"Yuchun" declared "fold:0"
"SichengZuo" declared "fold:0"
"['ZifengFoldMan']" won the round 48 (stack = {'Yuchun': 3289, 'SichengZuo': 830, 'JoyoPlayer': 0, 'ZifengFoldMan': 880, 'Elvis': 0})
player [Yuchun] gets hole card ['CQ', 'HA'], current stack 3279
player [SichengZuo] gets hole card ['HK', 'C6'], current stack 830
player [ZifengFoldMan] gets hole card ['D7', 'D2'], current stack 875
Started the round 49
Street "preflop" started. (community card = [])
"SichengZuo" declared "fold:0"
"ZifengFoldMan" declared "fold:0"
"['Yuchun']" won the round 49 (stack = {'Yuchun': 3294, 'SichengZuo': 830, 'JoyoPlayer': 0, 'ZifengFoldMan': 875, 'Elvis': 0})
player [Yuchun] gets hole card ['D6', 'D7'], current stack 3289
player [SichengZuo] gets hole card ['D2', 'D9'], current stack 820
player [ZifengFoldMan] gets hole card ['D8', 'H5'], current stack 875
Started the round 50
Street "preflop" started. (community card = [])
"ZifengFoldMan" declared "fold:0"
"Yuchun" declared "fold:0"
"['SichengZuo']" won the round 50 (stack = {'Yuchun': 3289, 'SichengZuo': 835, 'JoyoPlayer': 0, 'ZifengFoldMan': 875, 'Elvis': 0})

Game Results:
------------------------------------------------------------
Game 1:
Winner: Yuchun (stack: 3289)
All players' stacks:
  Yuchun: 3289
  SichengZuo: 835
  JoyoPlayer: 0
  ZifengFoldMan: 875
  Elvis: 0
------------------------------------------------------------
