player [Yuchun] gets hole card ['H8', 'ST'], current stack 1000
player [SichengZuo] gets hole card ['C2', 'H3'], current stack 995
player [JoyoPlayer] gets hole card ['S7', 'HT'], current stack 990
player [ZifengFoldMan] gets hole card ['D7', 'SJ'], current stack 1000
player [Elvis] gets hole card ['D4', 'H4'], current stack 1000
Started the round 1
Street "preflop" started. (community card = [])
"ZifengFoldMan" declared "fold:0"
"Elvis" declared "raise:15"
"Yuchun" declared "fold:0"
"SichengZuo" declared "fold:0"
"JoyoPlayer" declared "call:15"
Street "flop" started. (community card = ['S3', 'C7', 'SQ'])
"JoyoPlayer" declared "raise:20"
"Elvis" declared "call:20"
Street "turn" started. (community card = ['S3', 'C7', 'SQ', 'H2'])
"JoyoPlayer" declared "raise:20"
"Elvis" declared "raise:723"
"JoyoPlayer" declared "raise:-2"
"['Elvis']" won the round 1 (stack = {'Yuchun': 1000, 'SichengZuo': 995, 'JoyoPlayer': 945, 'ZifengFoldMan': 1000, 'Elvis': 1060})
player [Yuchun] gets hole card ['H7', 'CJ'], current stack 1000
player [SichengZuo] gets hole card ['HK', 'HT'], current stack 995
player [JoyoPlayer] gets hole card ['H6', 'D8'], current stack 940
player [ZifengFoldMan] gets hole card ['D2', 'S6'], current stack 990
player [Elvis] gets hole card ['DA', 'S8'], current stack 1060
Started the round 2
Street "preflop" started. (community card = [])
"Elvis" declared "fold:0"
"Yuchun" declared "fold:0"
"SichengZuo" declared "fold:0"
"JoyoPlayer" declared "fold:0"
"['ZifengFoldMan']" won the round 2 (stack = {'Yuchun': 1000, 'SichengZuo': 995, 'JoyoPlayer': 940, 'ZifengFoldMan': 1005, 'Elvis': 1060})
player [Yuchun] gets hole card ['D7', 'C7'], current stack 1000
player [SichengZuo] gets hole card ['S7', 'C9'], current stack 995
player [JoyoPlayer] gets hole card ['DT', 'C6'], current stack 940
player [ZifengFoldMan] gets hole card ['HQ', 'CT'], current stack 1000
player [Elvis] gets hole card ['H8', 'S8'], current stack 1050
Started the round 3
Street "preflop" started. (community card = [])
"Yuchun" declared "fold:0"
"SichengZuo" declared "fold:0"
"JoyoPlayer" declared "fold:0"
"ZifengFoldMan" declared "fold:0"
"['Elvis']" won the round 3 (stack = {'Yuchun': 1000, 'SichengZuo': 995, 'JoyoPlayer': 940, 'ZifengFoldMan': 1000, 'Elvis': 1065})
player [Yuchun] gets hole card ['HA', 'D9'], current stack 990
player [SichengZuo] gets hole card ['CT', 'SJ'], current stack 995
player [JoyoPlayer] gets hole card ['H9', 'SA'], current stack 940
player [ZifengFoldMan] gets hole card ['C6', 'H5'], current stack 1000
player [Elvis] gets hole card ['H4', 'DK'], current stack 1060
Started the round 4
Street "preflop" started. (community card = [])
"SichengZuo" declared "fold:0"
"JoyoPlayer" declared "raise:15"
"ZifengFoldMan" declared "fold:0"
"Elvis" declared "fold:0"
"Yuchun" declared "call:15"
Street "flop" started. (community card = ['SK', 'S5', 'D8'])
"Yuchun" declared "fold:0"
"['JoyoPlayer']" won the round 4 (stack = {'Yuchun': 985, 'SichengZuo': 995, 'JoyoPlayer': 960, 'ZifengFoldMan': 1000, 'Elvis': 1060})
player [Yuchun] gets hole card ['H9', 'S7'], current stack 980
player [SichengZuo] gets hole card ['CK', 'CQ'], current stack 985
player [JoyoPlayer] gets hole card ['D7', 'H7'], current stack 960
player [ZifengFoldMan] gets hole card ['C6', 'DK'], current stack 1000
player [Elvis] gets hole card ['S9', 'DQ'], current stack 1060
Started the round 5
Street "preflop" started. (community card = [])
"JoyoPlayer" declared "raise:15"
"ZifengFoldMan" declared "fold:0"
"Elvis" declared "raise:20"
"Yuchun" declared "fold:0"
"SichengZuo" declared "fold:0"
"JoyoPlayer" declared "call:20"
Street "flop" started. (community card = ['HA', 'DT', 'H5'])
"JoyoPlayer" declared "call:0"
"Elvis" declared "call:0"
Street "turn" started. (community card = ['HA', 'DT', 'H5', 'D2'])
"JoyoPlayer" declared "call:0"
"Elvis" declared "fold:0"
"['JoyoPlayer']" won the round 5 (stack = {'Yuchun': 980, 'SichengZuo': 985, 'JoyoPlayer': 995, 'ZifengFoldMan': 1000, 'Elvis': 1040})
player [Yuchun] gets hole card ['D7', 'C2'], current stack 980
player [SichengZuo] gets hole card ['S2', 'DT'], current stack 980
player [JoyoPlayer] gets hole card ['CQ', 'S6'], current stack 985
player [ZifengFoldMan] gets hole card ['H6', 'H8'], current stack 1000
player [Elvis] gets hole card ['S9', 'DQ'], current stack 1040
Started the round 6
Street "preflop" started. (community card = [])
"ZifengFoldMan" declared "fold:0"
"Elvis" declared "raise:15"
"Yuchun" declared "fold:0"
"SichengZuo" declared "fold:0"
"JoyoPlayer" declared "raise:20"
"Elvis" declared "raise:173"
"JoyoPlayer" declared "raise:326"
"Elvis" declared "raise:479"
"JoyoPlayer" declared "fold:0"
"['Elvis']" won the round 6 (stack = {'Yuchun': 980, 'SichengZuo': 980, 'JoyoPlayer': 669, 'ZifengFoldMan': 1000, 'Elvis': 1371})
player [Yuchun] gets hole card ['S9', 'DK'], current stack 980
player [SichengZuo] gets hole card ['SK', 'H7'], current stack 980
player [JoyoPlayer] gets hole card ['D3', 'S8'], current stack 664
player [ZifengFoldMan] gets hole card ['S4', 'D2'], current stack 990
player [Elvis] gets hole card ['CT', 'D9'], current stack 1371
Started the round 7
Street "preflop" started. (community card = [])
"Elvis" declared "raise:15"
"Yuchun" declared "fold:0"
"SichengZuo" declared "fold:0"
"JoyoPlayer" declared "fold:0"
"ZifengFoldMan" declared "fold:0"
"['Elvis']" won the round 7 (stack = {'Yuchun': 980, 'SichengZuo': 980, 'JoyoPlayer': 664, 'ZifengFoldMan': 990, 'Elvis': 1386})
player [Yuchun] gets hole card ['C2', 'D6'], current stack 980
player [SichengZuo] gets hole card ['H5', 'C6'], current stack 980
player [JoyoPlayer] gets hole card ['S9', 'D4'], current stack 664
player [ZifengFoldMan] gets hole card ['S7', 'HJ'], current stack 985
player [Elvis] gets hole card ['CK', 'D9'], current stack 1376
Started the round 8
Street "preflop" started. (community card = [])
"Yuchun" declared "fold:0"
"SichengZuo" declared "fold:0"
"JoyoPlayer" declared "fold:0"
"ZifengFoldMan" declared "fold:0"
"['Elvis']" won the round 8 (stack = {'Yuchun': 980, 'SichengZuo': 980, 'JoyoPlayer': 664, 'ZifengFoldMan': 985, 'Elvis': 1391})
player [Yuchun] gets hole card ['HA', 'CA'], current stack 970
player [SichengZuo] gets hole card ['ST', 'D2'], current stack 980
player [JoyoPlayer] gets hole card ['H5', 'CK'], current stack 664
player [ZifengFoldMan] gets hole card ['C9', 'CQ'], current stack 985
player [Elvis] gets hole card ['DJ', 'S2'], current stack 1386
Started the round 9
Street "preflop" started. (community card = [])
"SichengZuo" declared "fold:0"
"JoyoPlayer" declared "raise:15"
"ZifengFoldMan" declared "fold:0"
"Elvis" declared "fold:0"
"Yuchun" declared "call:15"
Street "flop" started. (community card = ['D9', 'HT', 'D6'])
"Yuchun" declared "call:0"
"JoyoPlayer" declared "fold:0"
"['Yuchun']" won the round 9 (stack = {'Yuchun': 1000, 'SichengZuo': 980, 'JoyoPlayer': 649, 'ZifengFoldMan': 985, 'Elvis': 1386})
player [Yuchun] gets hole card ['SK', 'DK'], current stack 995
player [SichengZuo] gets hole card ['C8', 'S6'], current stack 970
player [JoyoPlayer] gets hole card ['H7', 'DA'], current stack 649
player [ZifengFoldMan] gets hole card ['DT', 'C5'], current stack 985
player [Elvis] gets hole card ['CK', 'HK'], current stack 1386
Started the round 10
Street "preflop" started. (community card = [])
"JoyoPlayer" declared "fold:0"
"ZifengFoldMan" declared "fold:0"
"Elvis" declared "raise:274"
"Yuchun" declared "call:274"
"SichengZuo" declared "fold:0"
Street "flop" started. (community card = ['D6', 'ST', 'SA'])
"Yuchun" declared "call:0"
"Elvis" declared "raise:834"
"Yuchun" declared "call:834"
Street "turn" started. (community card = ['D6', 'ST', 'SA', 'H4'])
Street "river" started. (community card = ['D6', 'ST', 'SA', 'H4', 'S3'])
"['Yuchun', 'Elvis']" won the round 10 (stack = {'Yuchun': 1005, 'SichengZuo': 970, 'JoyoPlayer': 649, 'ZifengFoldMan': 985, 'Elvis': 1391})
player [Yuchun] gets hole card ['S8', 'C6'], current stack 1005
player [SichengZuo] gets hole card ['C8', 'D3'], current stack 965
player [JoyoPlayer] gets hole card ['D5', 'D2'], current stack 639
player [ZifengFoldMan] gets hole card ['H2', 'H5'], current stack 985
player [Elvis] gets hole card ['SK', 'S9'], current stack 1391
Started the round 11
Street "preflop" started. (community card = [])
"ZifengFoldMan" declared "fold:0"
"Elvis" declared "raise:15"
"Yuchun" declared "call:15"
"SichengZuo" declared "fold:0"
"JoyoPlayer" declared "fold:0"
Street "flop" started. (community card = ['HT', 'S3', 'DT'])
"Elvis" declared "raise:10"
"Yuchun" declared "call:10"
Street "turn" started. (community card = ['HT', 'S3', 'DT', 'D7'])
"Elvis" declared "raise:10"
"Yuchun" declared "call:10"
Street "river" started. (community card = ['HT', 'S3', 'DT', 'D7', 'C9'])
"Elvis" declared "raise:1356"
"Yuchun" declared "call:1356"
"['Yuchun']" won the round 11 (stack = {'Yuchun': 2025, 'SichengZuo': 965, 'JoyoPlayer': 639, 'ZifengFoldMan': 985, 'Elvis': 386})
player [Yuchun] gets hole card ['DK', 'CK'], current stack 2025
player [SichengZuo] gets hole card ['HK', 'HQ'], current stack 965
player [JoyoPlayer] gets hole card ['S4', 'H3'], current stack 634
player [ZifengFoldMan] gets hole card ['CA', 'DJ'], current stack 975
player [Elvis] gets hole card ['C2', 'S7'], current stack 386
Started the round 12
Street "preflop" started. (community card = [])
"Elvis" declared "raise:15"
"Yuchun" declared "call:15"
"SichengZuo" declared "fold:0"
"JoyoPlayer" declared "fold:0"
"ZifengFoldMan" declared "fold:0"
Street "flop" started. (community card = ['C9', 'H6', 'H7'])
"Elvis" declared "raise:278"
"Yuchun" declared "call:278"
Street "turn" started. (community card = ['C9', 'H6', 'H7', 'H9'])
"Elvis" declared "raise:69"
"Yuchun" declared "call:69"
Street "river" started. (community card = ['C9', 'H6', 'H7', 'H9', 'C5'])
"Elvis" declared "raise:10"
"Yuchun" declared "call:10"
"['Yuchun']" won the round 12 (stack = {'Yuchun': 2412, 'SichengZuo': 965, 'JoyoPlayer': 634, 'ZifengFoldMan': 975, 'Elvis': 14})
player [Yuchun] gets hole card ['C8', 'C6'], current stack 2412
player [SichengZuo] gets hole card ['H2', 'SJ'], current stack 965
player [JoyoPlayer] gets hole card ['C4', 'SA'], current stack 634
player [ZifengFoldMan] gets hole card ['S7', 'HK'], current stack 970
player [Elvis] gets hole card ['H5', 'CT'], current stack 4
Started the round 13
Street "preflop" started. (community card = [])
"Yuchun" declared "call:10"
"SichengZuo" declared "fold:0"
"JoyoPlayer" declared "raise:15"
"ZifengFoldMan" declared "fold:0"
"Elvis" declared "fold:0"
"Yuchun" declared "call:15"
Street "flop" started. (community card = ['D7', 'CK', 'C9'])
"Yuchun" declared "call:0"
"JoyoPlayer" declared "fold:0"
"['Yuchun']" won the round 13 (stack = {'Yuchun': 2442, 'SichengZuo': 965, 'JoyoPlayer': 619, 'ZifengFoldMan': 970, 'Elvis': 4})
player [Yuchun] gets hole card ['DQ', 'HQ'], current stack 2437
player [SichengZuo] gets hole card ['D9', 'D6'], current stack 955
player [JoyoPlayer] gets hole card ['H2', 'HJ'], current stack 619
player [ZifengFoldMan] gets hole card ['HA', 'H5'], current stack 970
Started the round 14
Street "preflop" started. (community card = [])
"JoyoPlayer" declared "raise:15"
"ZifengFoldMan" declared "fold:0"
"Yuchun" declared "call:15"
"SichengZuo" declared "fold:0"
Street "flop" started. (community card = ['D8', 'S5', 'C4'])
"Yuchun" declared "raise:40"
"JoyoPlayer" declared "fold:0"
"['Yuchun']" won the round 14 (stack = {'Yuchun': 2467, 'SichengZuo': 955, 'JoyoPlayer': 604, 'ZifengFoldMan': 970, 'Elvis': 0})
player [Yuchun] gets hole card ['D7', 'S6'], current stack 2467
player [SichengZuo] gets hole card ['S4', 'CT'], current stack 950
player [JoyoPlayer] gets hole card ['C8', 'D3'], current stack 594
player [ZifengFoldMan] gets hole card ['H6', 'HA'], current stack 970
Started the round 15
Street "preflop" started. (community card = [])
"ZifengFoldMan" declared "fold:0"
"Yuchun" declared "call:10"
"SichengZuo" declared "fold:0"
"JoyoPlayer" declared "fold:0"
"['Yuchun']" won the round 15 (stack = {'Yuchun': 2482, 'SichengZuo': 950, 'JoyoPlayer': 594, 'ZifengFoldMan': 970, 'Elvis': 0})
player [Yuchun] gets hole card ['D6', 'SQ'], current stack 2482
player [SichengZuo] gets hole card ['DA', 'D5'], current stack 950
player [JoyoPlayer] gets hole card ['HT', 'D7'], current stack 589
player [ZifengFoldMan] gets hole card ['D9', 'C5'], current stack 960
Started the round 16
Street "preflop" started. (community card = [])
"Yuchun" declared "call:10"
"SichengZuo" declared "fold:0"
"JoyoPlayer" declared "fold:0"
"ZifengFoldMan" declared "fold:0"
"['Yuchun']" won the round 16 (stack = {'Yuchun': 2497, 'SichengZuo': 950, 'JoyoPlayer': 589, 'ZifengFoldMan': 960, 'Elvis': 0})
player [Yuchun] gets hole card ['DA', 'D4'], current stack 2487
player [SichengZuo] gets hole card ['ST', 'D9'], current stack 950
player [JoyoPlayer] gets hole card ['H4', 'DQ'], current stack 589
player [ZifengFoldMan] gets hole card ['S7', 'CK'], current stack 955
Started the round 17
Street "preflop" started. (community card = [])
"SichengZuo" declared "fold:0"
"JoyoPlayer" declared "fold:0"
"ZifengFoldMan" declared "fold:0"
"['Yuchun']" won the round 17 (stack = {'Yuchun': 2502, 'SichengZuo': 950, 'JoyoPlayer': 589, 'ZifengFoldMan': 955, 'Elvis': 0})
player [Yuchun] gets hole card ['SK', 'HK'], current stack 2497
player [SichengZuo] gets hole card ['ST', 'DA'], current stack 940
player [JoyoPlayer] gets hole card ['S5', 'S6'], current stack 589
player [ZifengFoldMan] gets hole card ['S4', 'H2'], current stack 955
Started the round 18
Street "preflop" started. (community card = [])
"JoyoPlayer" declared "fold:0"
"ZifengFoldMan" declared "fold:0"
"Yuchun" declared "call:10"
"SichengZuo" declared "fold:0"
"['Yuchun']" won the round 18 (stack = {'Yuchun': 2512, 'SichengZuo': 940, 'JoyoPlayer': 589, 'ZifengFoldMan': 955, 'Elvis': 0})
player [Yuchun] gets hole card ['D6', 'D9'], current stack 2512
player [SichengZuo] gets hole card ['CJ', 'CT'], current stack 935
player [JoyoPlayer] gets hole card ['HJ', 'DK'], current stack 579
player [ZifengFoldMan] gets hole card ['CK', 'H5'], current stack 955
Started the round 19
Street "preflop" started. (community card = [])
"ZifengFoldMan" declared "fold:0"
"Yuchun" declared "call:10"
"SichengZuo" declared "fold:0"
"JoyoPlayer" declared "call:10"
Street "flop" started. (community card = ['H7', 'C5', 'D2'])
"JoyoPlayer" declared "raise:10"
"Yuchun" declared "call:10"
Street "turn" started. (community card = ['H7', 'C5', 'D2', 'S9'])
"JoyoPlayer" declared "fold:0"
"['Yuchun']" won the round 19 (stack = {'Yuchun': 2537, 'SichengZuo': 935, 'JoyoPlayer': 569, 'ZifengFoldMan': 955, 'Elvis': 0})
player [Yuchun] gets hole card ['H7', 'H9'], current stack 2537
player [SichengZuo] gets hole card ['DQ', 'C4'], current stack 935
player [JoyoPlayer] gets hole card ['CK', 'D2'], current stack 564
player [ZifengFoldMan] gets hole card ['H8', 'HT'], current stack 945
Started the round 20
Street "preflop" started. (community card = [])
"Yuchun" declared "call:10"
"SichengZuo" declared "fold:0"
"JoyoPlayer" declared "fold:0"
"ZifengFoldMan" declared "fold:0"
"['Yuchun']" won the round 20 (stack = {'Yuchun': 2552, 'SichengZuo': 935, 'JoyoPlayer': 564, 'ZifengFoldMan': 945, 'Elvis': 0})
player [Yuchun] gets hole card ['HA', 'H7'], current stack 2542
player [SichengZuo] gets hole card ['S4', 'C2'], current stack 935
player [JoyoPlayer] gets hole card ['DJ', 'S9'], current stack 564
player [ZifengFoldMan] gets hole card ['S2', 'D2'], current stack 940
Started the round 21
Street "preflop" started. (community card = [])
"SichengZuo" declared "fold:0"
"JoyoPlayer" declared "fold:0"
"ZifengFoldMan" declared "fold:0"
"['Yuchun']" won the round 21 (stack = {'Yuchun': 2557, 'SichengZuo': 935, 'JoyoPlayer': 564, 'ZifengFoldMan': 940, 'Elvis': 0})
player [Yuchun] gets hole card ['C4', 'DQ'], current stack 2552
player [SichengZuo] gets hole card ['CQ', 'S6'], current stack 925
player [JoyoPlayer] gets hole card ['CT', 'H2'], current stack 564
player [ZifengFoldMan] gets hole card ['DT', 'D5'], current stack 940
Started the round 22
Street "preflop" started. (community card = [])
"JoyoPlayer" declared "raise:15"
"ZifengFoldMan" declared "fold:0"
"Yuchun" declared "call:15"
"SichengZuo" declared "fold:0"
Street "flop" started. (community card = ['DK', 'S8', 'C9'])
"Yuchun" declared "call:0"
"JoyoPlayer" declared "fold:0"
"['Yuchun']" won the round 22 (stack = {'Yuchun': 2582, 'SichengZuo': 925, 'JoyoPlayer': 549, 'ZifengFoldMan': 940, 'Elvis': 0})
player [Yuchun] gets hole card ['DQ', 'D8'], current stack 2582
player [SichengZuo] gets hole card ['CJ', 'SJ'], current stack 920
player [JoyoPlayer] gets hole card ['D7', 'HA'], current stack 539
player [ZifengFoldMan] gets hole card ['C6', 'H9'], current stack 940
Started the round 23
Street "preflop" started. (community card = [])
"ZifengFoldMan" declared "fold:0"
"Yuchun" declared "call:10"
"SichengZuo" declared "fold:0"
"JoyoPlayer" declared "call:10"
Street "flop" started. (community card = ['D6', 'S4', 'D3'])
"JoyoPlayer" declared "call:0"
"Yuchun" declared "call:0"
Street "turn" started. (community card = ['D6', 'S4', 'D3', 'C9'])
"JoyoPlayer" declared "fold:0"
"['Yuchun']" won the round 23 (stack = {'Yuchun': 2597, 'SichengZuo': 920, 'JoyoPlayer': 539, 'ZifengFoldMan': 940, 'Elvis': 0})
player [Yuchun] gets hole card ['S4', 'CQ'], current stack 2597
player [SichengZuo] gets hole card ['S5', 'SJ'], current stack 920
player [JoyoPlayer] gets hole card ['ST', 'HT'], current stack 534
player [ZifengFoldMan] gets hole card ['D2', 'CT'], current stack 930
Started the round 24
Street "preflop" started. (community card = [])
"Yuchun" declared "call:10"
"SichengZuo" declared "fold:0"
"JoyoPlayer" declared "raise:15"
"ZifengFoldMan" declared "fold:0"
"Yuchun" declared "call:15"
Street "flop" started. (community card = ['DK', 'D6', 'HJ'])
"JoyoPlayer" declared "raise:20"
"Yuchun" declared "call:20"
Street "turn" started. (community card = ['DK', 'D6', 'HJ', 'H3'])
"JoyoPlayer" declared "raise:20"
"Yuchun" declared "call:20"
Street "river" started. (community card = ['DK', 'D6', 'HJ', 'H3', 'C6'])
"JoyoPlayer" declared "raise:20"
"Yuchun" declared "call:20"
"['JoyoPlayer']" won the round 24 (stack = {'Yuchun': 2522, 'SichengZuo': 920, 'JoyoPlayer': 624, 'ZifengFoldMan': 930, 'Elvis': 0})
player [Yuchun] gets hole card ['C8', 'DK'], current stack 2512
player [SichengZuo] gets hole card ['DQ', 'ST'], current stack 920
player [JoyoPlayer] gets hole card ['C4', 'C9'], current stack 624
player [ZifengFoldMan] gets hole card ['DJ', 'H3'], current stack 925
Started the round 25
Street "preflop" started. (community card = [])
"SichengZuo" declared "fold:0"
"JoyoPlayer" declared "raise:15"
"ZifengFoldMan" declared "fold:0"
"Yuchun" declared "call:15"
Street "flop" started. (community card = ['D9', 'SQ', 'D8'])
"Yuchun" declared "call:0"
"JoyoPlayer" declared "raise:20"
"Yuchun" declared "call:20"
Street "turn" started. (community card = ['D9', 'SQ', 'D8', 'C5'])
"Yuchun" declared "call:0"
"JoyoPlayer" declared "raise:20"
"Yuchun" declared "call:20"
Street "river" started. (community card = ['D9', 'SQ', 'D8', 'C5', 'D7'])
"Yuchun" declared "call:0"
"JoyoPlayer" declared "call:0"
"['JoyoPlayer']" won the round 25 (stack = {'Yuchun': 2467, 'SichengZuo': 920, 'JoyoPlayer': 684, 'ZifengFoldMan': 925, 'Elvis': 0})
player [Yuchun] gets hole card ['S5', 'D5'], current stack 2462
player [SichengZuo] gets hole card ['CA', 'CQ'], current stack 910
player [JoyoPlayer] gets hole card ['H5', 'C5'], current stack 684
player [ZifengFoldMan] gets hole card ['C2', 'DK'], current stack 925
Started the round 26
Street "preflop" started. (community card = [])
"JoyoPlayer" declared "fold:0"
"ZifengFoldMan" declared "fold:0"
"Yuchun" declared "call:10"
"SichengZuo" declared "fold:0"
"['Yuchun']" won the round 26 (stack = {'Yuchun': 2477, 'SichengZuo': 910, 'JoyoPlayer': 684, 'ZifengFoldMan': 925, 'Elvis': 0})
player [Yuchun] gets hole card ['S6', 'SJ'], current stack 2477
player [SichengZuo] gets hole card ['HT', 'C4'], current stack 905
player [JoyoPlayer] gets hole card ['S9', 'DQ'], current stack 674
player [ZifengFoldMan] gets hole card ['D9', 'S3'], current stack 925
Started the round 27
Street "preflop" started. (community card = [])
"ZifengFoldMan" declared "fold:0"
"Yuchun" declared "call:10"
"SichengZuo" declared "fold:0"
"JoyoPlayer" declared "raise:15"
"Yuchun" declared "call:15"
Street "flop" started. (community card = ['H8', 'D2', 'S4'])
"JoyoPlayer" declared "fold:0"
"['Yuchun']" won the round 27 (stack = {'Yuchun': 2497, 'SichengZuo': 905, 'JoyoPlayer': 669, 'ZifengFoldMan': 925, 'Elvis': 0})
player [Yuchun] gets hole card ['H3', 'C7'], current stack 2497
player [SichengZuo] gets hole card ['CT', 'D7'], current stack 905
player [JoyoPlayer] gets hole card ['SK', 'S6'], current stack 664
player [ZifengFoldMan] gets hole card ['S3', 'D9'], current stack 915
Started the round 28
Street "preflop" started. (community card = [])
"Yuchun" declared "call:10"
"SichengZuo" declared "fold:0"
"JoyoPlayer" declared "raise:15"
"ZifengFoldMan" declared "fold:0"
"Yuchun" declared "call:15"
Street "flop" started. (community card = ['S2', 'D8', 'HK'])
"JoyoPlayer" declared "raise:494"
"Yuchun" declared "fold:0"
"['JoyoPlayer']" won the round 28 (stack = {'Yuchun': 2482, 'SichengZuo': 905, 'JoyoPlayer': 694, 'ZifengFoldMan': 915, 'Elvis': 0})
player [Yuchun] gets hole card ['S7', 'H9'], current stack 2472
player [SichengZuo] gets hole card ['DA', 'DQ'], current stack 905
player [JoyoPlayer] gets hole card ['S8', 'H4'], current stack 694
player [ZifengFoldMan] gets hole card ['H6', 'H3'], current stack 910
Started the round 29
Street "preflop" started. (community card = [])
"SichengZuo" declared "fold:0"
"JoyoPlayer" declared "fold:0"
"ZifengFoldMan" declared "fold:0"
"['Yuchun']" won the round 29 (stack = {'Yuchun': 2487, 'SichengZuo': 905, 'JoyoPlayer': 694, 'ZifengFoldMan': 910, 'Elvis': 0})
player [Yuchun] gets hole card ['C7', 'H4'], current stack 2482
player [SichengZuo] gets hole card ['SQ', 'CK'], current stack 895
player [JoyoPlayer] gets hole card ['DA', 'S7'], current stack 694
player [ZifengFoldMan] gets hole card ['D9', 'SJ'], current stack 910
Started the round 30
Street "preflop" started. (community card = [])
"JoyoPlayer" declared "raise:15"
"ZifengFoldMan" declared "fold:0"
"Yuchun" declared "call:15"
"SichengZuo" declared "fold:0"
Street "flop" started. (community card = ['DJ', 'S4', 'HQ'])
"Yuchun" declared "call:0"
"JoyoPlayer" declared "fold:0"
"['Yuchun']" won the round 30 (stack = {'Yuchun': 2512, 'SichengZuo': 895, 'JoyoPlayer': 679, 'ZifengFoldMan': 910, 'Elvis': 0})
player [Yuchun] gets hole card ['D7', 'H6'], current stack 2512
player [SichengZuo] gets hole card ['D3', 'S4'], current stack 890
player [JoyoPlayer] gets hole card ['SK', 'S7'], current stack 669
player [ZifengFoldMan] gets hole card ['H7', 'C5'], current stack 910
Started the round 31
Street "preflop" started. (community card = [])
"ZifengFoldMan" declared "fold:0"
"Yuchun" declared "call:10"
"SichengZuo" declared "fold:0"
"JoyoPlayer" declared "raise:15"
"Yuchun" declared "call:15"
Street "flop" started. (community card = ['HQ', 'CA', 'HT'])
"JoyoPlayer" declared "call:0"
"Yuchun" declared "call:0"
Street "turn" started. (community card = ['HQ', 'CA', 'HT', 'SJ'])
"JoyoPlayer" declared "raise:662"
"Yuchun" declared "fold:0"
"['JoyoPlayer']" won the round 31 (stack = {'Yuchun': 2497, 'SichengZuo': 890, 'JoyoPlayer': 699, 'ZifengFoldMan': 910, 'Elvis': 0})
player [Yuchun] gets hole card ['D8', 'H6'], current stack 2497
player [SichengZuo] gets hole card ['H5', 'H3'], current stack 890
player [JoyoPlayer] gets hole card ['CQ', 'CJ'], current stack 694
player [ZifengFoldMan] gets hole card ['C5', 'C6'], current stack 900
Started the round 32
Street "preflop" started. (community card = [])
"Yuchun" declared "call:10"
"SichengZuo" declared "fold:0"
"JoyoPlayer" declared "fold:0"
"ZifengFoldMan" declared "fold:0"
"['Yuchun']" won the round 32 (stack = {'Yuchun': 2512, 'SichengZuo': 890, 'JoyoPlayer': 694, 'ZifengFoldMan': 900, 'Elvis': 0})
player [Yuchun] gets hole card ['H7', 'ST'], current stack 2502
player [SichengZuo] gets hole card ['D8', 'H3'], current stack 890
player [JoyoPlayer] gets hole card ['D4', 'CQ'], current stack 694
player [ZifengFoldMan] gets hole card ['HK', 'S2'], current stack 895
Started the round 33
Street "preflop" started. (community card = [])
"SichengZuo" declared "fold:0"
"JoyoPlayer" declared "raise:15"
"ZifengFoldMan" declared "fold:0"
"Yuchun" declared "call:15"
Street "flop" started. (community card = ['S5', 'D3', 'HJ'])
"Yuchun" declared "call:0"
"JoyoPlayer" declared "fold:0"
"['Yuchun']" won the round 33 (stack = {'Yuchun': 2532, 'SichengZuo': 890, 'JoyoPlayer': 679, 'ZifengFoldMan': 895, 'Elvis': 0})
player [Yuchun] gets hole card ['C6', 'S6'], current stack 2527
player [SichengZuo] gets hole card ['HQ', 'D6'], current stack 880
player [JoyoPlayer] gets hole card ['C5', 'H6'], current stack 679
player [ZifengFoldMan] gets hole card ['S7', 'HK'], current stack 895
Started the round 34
Street "preflop" started. (community card = [])
"JoyoPlayer" declared "fold:0"
"ZifengFoldMan" declared "fold:0"
"Yuchun" declared "call:10"
"SichengZuo" declared "fold:0"
"['Yuchun']" won the round 34 (stack = {'Yuchun': 2542, 'SichengZuo': 880, 'JoyoPlayer': 679, 'ZifengFoldMan': 895, 'Elvis': 0})
player [Yuchun] gets hole card ['HK', 'D3'], current stack 2542
player [SichengZuo] gets hole card ['CQ', 'S7'], current stack 875
player [JoyoPlayer] gets hole card ['SA', 'DA'], current stack 669
player [ZifengFoldMan] gets hole card ['CK', 'D6'], current stack 895
Started the round 35
Street "preflop" started. (community card = [])
"ZifengFoldMan" declared "fold:0"
"Yuchun" declared "call:10"
"SichengZuo" declared "fold:0"
"JoyoPlayer" declared "raise:30"
"Yuchun" declared "call:30"
Street "flop" started. (community card = ['H6', 'D9', 'S3'])
"JoyoPlayer" declared "raise:601"
"Yuchun" declared "fold:0"
"['JoyoPlayer']" won the round 35 (stack = {'Yuchun': 2512, 'SichengZuo': 875, 'JoyoPlayer': 714, 'ZifengFoldMan': 895, 'Elvis': 0})
player [Yuchun] gets hole card ['DK', 'DA'], current stack 2512
player [SichengZuo] gets hole card ['C3', 'H3'], current stack 875
player [JoyoPlayer] gets hole card ['S6', 'DQ'], current stack 709
player [ZifengFoldMan] gets hole card ['DJ', 'SA'], current stack 885
Started the round 36
Street "preflop" started. (community card = [])
"Yuchun" declared "call:10"
"SichengZuo" declared "fold:0"
"JoyoPlayer" declared "raise:15"
"ZifengFoldMan" declared "fold:0"
"Yuchun" declared "call:15"
Street "flop" started. (community card = ['DT', 'H9', 'S5'])
"JoyoPlayer" declared "fold:0"
"['Yuchun']" won the round 36 (stack = {'Yuchun': 2537, 'SichengZuo': 875, 'JoyoPlayer': 699, 'ZifengFoldMan': 885, 'Elvis': 0})
player [Yuchun] gets hole card ['CQ', 'H3'], current stack 2527
player [SichengZuo] gets hole card ['SK', 'C2'], current stack 875
player [JoyoPlayer] gets hole card ['HJ', 'H2'], current stack 699
player [ZifengFoldMan] gets hole card ['H5', 'D8'], current stack 880
Started the round 37
Street "preflop" started. (community card = [])
"SichengZuo" declared "fold:0"
"JoyoPlayer" declared "raise:15"
"ZifengFoldMan" declared "fold:0"
"Yuchun" declared "call:15"
Street "flop" started. (community card = ['HA', 'C5', 'SJ'])
"Yuchun" declared "call:0"
"JoyoPlayer" declared "raise:20"
"Yuchun" declared "call:20"
Street "turn" started. (community card = ['HA', 'C5', 'SJ', 'S9'])
"Yuchun" declared "call:0"
"JoyoPlayer" declared "raise:20"
"Yuchun" declared "call:20"
Street "river" started. (community card = ['HA', 'C5', 'SJ', 'S9', 'H9'])
"Yuchun" declared "call:0"
"JoyoPlayer" declared "raise:20"
"Yuchun" declared "call:20"
"['JoyoPlayer']" won the round 37 (stack = {'Yuchun': 2462, 'SichengZuo': 875, 'JoyoPlayer': 779, 'ZifengFoldMan': 880, 'Elvis': 0})
player [Yuchun] gets hole card ['S7', 'H8'], current stack 2457
player [SichengZuo] gets hole card ['H2', 'HT'], current stack 865
player [JoyoPlayer] gets hole card ['DQ', 'ST'], current stack 779
player [ZifengFoldMan] gets hole card ['C4', 'H5'], current stack 880
Started the round 38
Street "preflop" started. (community card = [])
"JoyoPlayer" declared "fold:0"
"ZifengFoldMan" declared "fold:0"
"Yuchun" declared "call:10"
"SichengZuo" declared "fold:0"
"['Yuchun']" won the round 38 (stack = {'Yuchun': 2472, 'SichengZuo': 865, 'JoyoPlayer': 779, 'ZifengFoldMan': 880, 'Elvis': 0})
player [Yuchun] gets hole card ['DA', 'S2'], current stack 2472
player [SichengZuo] gets hole card ['S7', 'CK'], current stack 860
player [JoyoPlayer] gets hole card ['S8', 'ST'], current stack 769
player [ZifengFoldMan] gets hole card ['HK', 'C2'], current stack 880
Started the round 39
Street "preflop" started. (community card = [])
"ZifengFoldMan" declared "fold:0"
"Yuchun" declared "call:10"
"SichengZuo" declared "fold:0"
"JoyoPlayer" declared "call:10"
Street "flop" started. (community card = ['DJ', 'C4', 'CJ'])
"JoyoPlayer" declared "raise:10"
"Yuchun" declared "call:10"
Street "turn" started. (community card = ['DJ', 'C4', 'CJ', 'D8'])
"JoyoPlayer" declared "raise:20"
"Yuchun" declared "call:20"
Street "river" started. (community card = ['DJ', 'C4', 'CJ', 'D8', 'CT'])
"JoyoPlayer" declared "raise:20"
"Yuchun" declared "call:20"
"['JoyoPlayer']" won the round 39 (stack = {'Yuchun': 2412, 'SichengZuo': 860, 'JoyoPlayer': 844, 'ZifengFoldMan': 880, 'Elvis': 0})
player [Yuchun] gets hole card ['DK', 'D5'], current stack 2412
player [SichengZuo] gets hole card ['C6', 'C9'], current stack 860
player [JoyoPlayer] gets hole card ['S4', 'D8'], current stack 839
player [ZifengFoldMan] gets hole card ['S9', 'H9'], current stack 870
Started the round 40
Street "preflop" started. (community card = [])
"Yuchun" declared "call:10"
"SichengZuo" declared "fold:0"
"JoyoPlayer" declared "fold:0"
"ZifengFoldMan" declared "fold:0"
"['Yuchun']" won the round 40 (stack = {'Yuchun': 2427, 'SichengZuo': 860, 'JoyoPlayer': 839, 'ZifengFoldMan': 870, 'Elvis': 0})
player [Yuchun] gets hole card ['C5', 'D4'], current stack 2417
player [SichengZuo] gets hole card ['H4', 'C8'], current stack 860
player [JoyoPlayer] gets hole card ['H9', 'D3'], current stack 839
player [ZifengFoldMan] gets hole card ['HT', 'DT'], current stack 865
Started the round 41
Street "preflop" started. (community card = [])
"SichengZuo" declared "fold:0"
"JoyoPlayer" declared "raise:15"
"ZifengFoldMan" declared "fold:0"
"Yuchun" declared "fold:0"
"['JoyoPlayer']" won the round 41 (stack = {'Yuchun': 2417, 'SichengZuo': 860, 'JoyoPlayer': 854, 'ZifengFoldMan': 865, 'Elvis': 0})
player [Yuchun] gets hole card ['S6', 'SA'], current stack 2412
player [SichengZuo] gets hole card ['DQ', 'D4'], current stack 850
player [JoyoPlayer] gets hole card ['CQ', 'SQ'], current stack 854
player [ZifengFoldMan] gets hole card ['H4', 'S9'], current stack 865
Started the round 42
Street "preflop" started. (community card = [])
"JoyoPlayer" declared "call:10"
"ZifengFoldMan" declared "fold:0"
"Yuchun" declared "fold:0"
"SichengZuo" declared "fold:0"
"['JoyoPlayer']" won the round 42 (stack = {'Yuchun': 2412, 'SichengZuo': 850, 'JoyoPlayer': 869, 'ZifengFoldMan': 865, 'Elvis': 0})
player [Yuchun] gets hole card ['H5', 'DQ'], current stack 2412
player [SichengZuo] gets hole card ['SA', 'H8'], current stack 845
player [JoyoPlayer] gets hole card ['C8', 'S3'], current stack 859
player [ZifengFoldMan] gets hole card ['CA', 'CT'], current stack 865
Started the round 43
Street "preflop" started. (community card = [])
"ZifengFoldMan" declared "fold:0"
"Yuchun" declared "fold:0"
"SichengZuo" declared "fold:0"
"['JoyoPlayer']" won the round 43 (stack = {'Yuchun': 2412, 'SichengZuo': 845, 'JoyoPlayer': 874, 'ZifengFoldMan': 865, 'Elvis': 0})
player [Yuchun] gets hole card ['C4', 'DT'], current stack 2412
player [SichengZuo] gets hole card ['HJ', 'ST'], current stack 845
player [JoyoPlayer] gets hole card ['SK', 'HQ'], current stack 869
player [ZifengFoldMan] gets hole card ['SA', 'D9'], current stack 855
Started the round 44
Street "preflop" started. (community card = [])
"Yuchun" declared "fold:0"
"SichengZuo" declared "fold:0"
"JoyoPlayer" declared "call:10"
"ZifengFoldMan" declared "fold:0"
"['JoyoPlayer']" won the round 44 (stack = {'Yuchun': 2412, 'SichengZuo': 845, 'JoyoPlayer': 884, 'ZifengFoldMan': 855, 'Elvis': 0})
player [Yuchun] gets hole card ['SK', 'S2'], current stack 2402
player [SichengZuo] gets hole card ['SJ', 'D7'], current stack 845
player [JoyoPlayer] gets hole card ['C5', 'HQ'], current stack 884
player [ZifengFoldMan] gets hole card ['D9', 'C3'], current stack 850
Started the round 45
Street "preflop" started. (community card = [])
"SichengZuo" declared "fold:0"
"JoyoPlayer" declared "fold:0"
"ZifengFoldMan" declared "fold:0"
"['Yuchun']" won the round 45 (stack = {'Yuchun': 2417, 'SichengZuo': 845, 'JoyoPlayer': 884, 'ZifengFoldMan': 850, 'Elvis': 0})
player [Yuchun] gets hole card ['HK', 'S9'], current stack 2412
player [SichengZuo] gets hole card ['C8', 'HA'], current stack 835
player [JoyoPlayer] gets hole card ['C4', 'S6'], current stack 884
player [ZifengFoldMan] gets hole card ['D6', 'SA'], current stack 850
Started the round 46
Street "preflop" started. (community card = [])
"JoyoPlayer" declared "fold:0"
"ZifengFoldMan" declared "fold:0"
"Yuchun" declared "call:10"
"SichengZuo" declared "fold:0"
"['Yuchun']" won the round 46 (stack = {'Yuchun': 2427, 'SichengZuo': 835, 'JoyoPlayer': 884, 'ZifengFoldMan': 850, 'Elvis': 0})
player [Yuchun] gets hole card ['D8', 'D9'], current stack 2427
player [SichengZuo] gets hole card ['S5', 'H5'], current stack 830
player [JoyoPlayer] gets hole card ['DK', 'SK'], current stack 874
player [ZifengFoldMan] gets hole card ['SA', 'D4'], current stack 850
Started the round 47
Street "preflop" started. (community card = [])
"ZifengFoldMan" declared "fold:0"
"Yuchun" declared "fold:0"
"SichengZuo" declared "fold:0"
"['JoyoPlayer']" won the round 47 (stack = {'Yuchun': 2427, 'SichengZuo': 830, 'JoyoPlayer': 889, 'ZifengFoldMan': 850, 'Elvis': 0})
player [Yuchun] gets hole card ['CK', 'H6'], current stack 2427
player [SichengZuo] gets hole card ['H4', 'D7'], current stack 830
player [JoyoPlayer] gets hole card ['C3', 'HK'], current stack 884
player [ZifengFoldMan] gets hole card ['DA', 'HA'], current stack 840
Started the round 48
Street "preflop" started. (community card = [])
"Yuchun" declared "fold:0"
"SichengZuo" declared "fold:0"
"JoyoPlayer" declared "call:10"
"ZifengFoldMan" declared "fold:0"
"['JoyoPlayer']" won the round 48 (stack = {'Yuchun': 2427, 'SichengZuo': 830, 'JoyoPlayer': 899, 'ZifengFoldMan': 840, 'Elvis': 0})
player [Yuchun] gets hole card ['C5', 'S6'], current stack 2417
player [SichengZuo] gets hole card ['C7', 'DK'], current stack 830
player [JoyoPlayer] gets hole card ['CA', 'DQ'], current stack 899
player [ZifengFoldMan] gets hole card ['CJ', 'D6'], current stack 835
Started the round 49
Street "preflop" started. (community card = [])
"SichengZuo" declared "fold:0"
"JoyoPlayer" declared "fold:0"
"ZifengFoldMan" declared "fold:0"
"['Yuchun']" won the round 49 (stack = {'Yuchun': 2432, 'SichengZuo': 830, 'JoyoPlayer': 899, 'ZifengFoldMan': 835, 'Elvis': 0})
player [Yuchun] gets hole card ['C8', 'HT'], current stack 2427
player [SichengZuo] gets hole card ['DK', 'D2'], current stack 820
player [JoyoPlayer] gets hole card ['DQ', 'H8'], current stack 899
player [ZifengFoldMan] gets hole card ['D8', 'SJ'], current stack 835
Started the round 50
Street "preflop" started. (community card = [])
"JoyoPlayer" declared "raise:15"
"ZifengFoldMan" declared "fold:0"
"Yuchun" declared "fold:0"
"SichengZuo" declared "fold:0"
"['JoyoPlayer']" won the round 50 (stack = {'Yuchun': 2427, 'SichengZuo': 820, 'JoyoPlayer': 914, 'ZifengFoldMan': 835, 'Elvis': 0})

Game Results:
------------------------------------------------------------
Game 1:
Winner: Yuchun (stack: 2427)
All players' stacks:
  Yuchun: 2427
  SichengZuo: 820
  JoyoPlayer: 914
  ZifengFoldMan: 835
  Elvis: 0
------------------------------------------------------------
