player [Yuchun] gets hole card ['S5', 'C3'], current stack 1000
player [SichengZuo] gets hole card ['D2', 'S8'], current stack 995
player [JoyoPlayer] gets hole card ['C9', 'C8'], current stack 990
player [ZifengFoldMan] gets hole card ['D8', 'D3'], current stack 1000
player [Elvis] gets hole card ['C4', 'C6'], current stack 1000
Started the round 1
Street "preflop" started. (community card = [])
"ZifengFoldMan" declared "fold:0"
"Elvis" declared "fold:0"
"Yuchun" declared "fold:0"
"SichengZuo" declared "fold:0"
"['JoyoPlayer']" won the round 1 (stack = {'Yuchun': 1000, 'SichengZuo': 995, 'JoyoPlayer': 1005, 'ZifengFoldMan': 1000, 'Elvis': 1000})
player [Yuchun] gets hole card ['C3', 'D3'], current stack 1000
player [SichengZuo] gets hole card ['DK', 'CT'], current stack 995
player [JoyoPlayer] gets hole card ['D8', 'CQ'], current stack 1000
player [ZifengFoldMan] gets hole card ['C5', 'D5'], current stack 990
player [Elvis] gets hole card ['S2', 'S8'], current stack 1000
Started the round 2
Street "preflop" started. (community card = [])
"Elvis" declared "raise:15"
"Yuchun" declared "fold:0"
"SichengZuo" declared "fold:0"
"JoyoPlayer" declared "fold:0"
"ZifengFoldMan" declared "fold:0"
"['Elvis']" won the round 2 (stack = {'Yuchun': 1000, 'SichengZuo': 995, 'JoyoPlayer': 1000, 'ZifengFoldMan': 990, 'Elvis': 1015})
player [Yuchun] gets hole card ['S5', 'C5'], current stack 1000
player [SichengZuo] gets hole card ['S9', 'HT'], current stack 995
player [JoyoPlayer] gets hole card ['S3', 'C3'], current stack 1000
player [ZifengFoldMan] gets hole card ['C6', 'D4'], current stack 985
player [Elvis] gets hole card ['HK', 'DT'], current stack 1005
Started the round 3
Street "preflop" started. (community card = [])
"Yuchun" declared "fold:0"
"SichengZuo" declared "fold:0"
"JoyoPlayer" declared "raise:15"
"ZifengFoldMan" declared "fold:0"
"Elvis" declared "raise:150"
"JoyoPlayer" declared "call:150"
Street "flop" started. (community card = ['S4', 'CA', 'H6'])
"Elvis" declared "call:0"
"JoyoPlayer" declared "fold:0"
"['Elvis']" won the round 3 (stack = {'Yuchun': 1000, 'SichengZuo': 995, 'JoyoPlayer': 850, 'ZifengFoldMan': 985, 'Elvis': 1170})
player [Yuchun] gets hole card ['H2', 'H8'], current stack 990
player [SichengZuo] gets hole card ['H5', 'C5'], current stack 995
player [JoyoPlayer] gets hole card ['DQ', 'CJ'], current stack 850
player [ZifengFoldMan] gets hole card ['DA', 'DJ'], current stack 985
player [Elvis] gets hole card ['S6', 'DK'], current stack 1165
Started the round 4
Street "preflop" started. (community card = [])
"SichengZuo" declared "fold:0"
"JoyoPlayer" declared "fold:0"
"ZifengFoldMan" declared "fold:0"
"Elvis" declared "raise:150"
"Yuchun" declared "fold:0"
"['Elvis']" won the round 4 (stack = {'Yuchun': 990, 'SichengZuo': 995, 'JoyoPlayer': 850, 'ZifengFoldMan': 985, 'Elvis': 1180})
player [Yuchun] gets hole card ['H2', 'HK'], current stack 985
player [SichengZuo] gets hole card ['H4', 'DJ'], current stack 985
player [JoyoPlayer] gets hole card ['CT', 'H7'], current stack 850
player [ZifengFoldMan] gets hole card ['DA', 'S9'], current stack 985
player [Elvis] gets hole card ['H6', 'C6'], current stack 1180
Started the round 5
Street "preflop" started. (community card = [])
"JoyoPlayer" declared "fold:0"
"ZifengFoldMan" declared "fold:0"
"Elvis" declared "raise:55"
"Yuchun" declared "fold:0"
"SichengZuo" declared "fold:0"
"['Elvis']" won the round 5 (stack = {'Yuchun': 985, 'SichengZuo': 985, 'JoyoPlayer': 850, 'ZifengFoldMan': 985, 'Elvis': 1195})
player [Yuchun] gets hole card ['S5', 'S2'], current stack 985
player [SichengZuo] gets hole card ['D8', 'C7'], current stack 980
player [JoyoPlayer] gets hole card ['DK', 'H9'], current stack 840
player [ZifengFoldMan] gets hole card ['HQ', 'D3'], current stack 985
player [Elvis] gets hole card ['C9', 'CK'], current stack 1195
Started the round 6
Street "preflop" started. (community card = [])
"ZifengFoldMan" declared "fold:0"
"Elvis" declared "fold:0"
"Yuchun" declared "fold:0"
"SichengZuo" declared "fold:0"
"['JoyoPlayer']" won the round 6 (stack = {'Yuchun': 985, 'SichengZuo': 980, 'JoyoPlayer': 855, 'ZifengFoldMan': 985, 'Elvis': 1195})
player [Yuchun] gets hole card ['C7', 'S9'], current stack 985
player [SichengZuo] gets hole card ['H2', 'C3'], current stack 980
player [JoyoPlayer] gets hole card ['C5', 'D2'], current stack 850
player [ZifengFoldMan] gets hole card ['CQ', 'HA'], current stack 975
player [Elvis] gets hole card ['H6', 'S4'], current stack 1195
Started the round 7
Street "preflop" started. (community card = [])
"Elvis" declared "raise:15"
"Yuchun" declared "fold:0"
"SichengZuo" declared "fold:0"
"JoyoPlayer" declared "fold:0"
"ZifengFoldMan" declared "fold:0"
"['Elvis']" won the round 7 (stack = {'Yuchun': 985, 'SichengZuo': 980, 'JoyoPlayer': 850, 'ZifengFoldMan': 975, 'Elvis': 1210})
player [Yuchun] gets hole card ['S8', 'DK'], current stack 985
player [SichengZuo] gets hole card ['ST', 'CT'], current stack 980
player [JoyoPlayer] gets hole card ['H6', 'D3'], current stack 850
player [ZifengFoldMan] gets hole card ['HT', 'D9'], current stack 970
player [Elvis] gets hole card ['S7', 'H9'], current stack 1200
Started the round 8
Street "preflop" started. (community card = [])
"Yuchun" declared "fold:0"
"SichengZuo" declared "fold:0"
"JoyoPlayer" declared "raise:15"
"ZifengFoldMan" declared "fold:0"
"Elvis" declared "raise:143"
"JoyoPlayer" declared "raise:271"
"Elvis" declared "raise:907"
"JoyoPlayer" declared "fold:0"
"['Elvis']" won the round 8 (stack = {'Yuchun': 985, 'SichengZuo': 980, 'JoyoPlayer': 579, 'ZifengFoldMan': 970, 'Elvis': 1486})
player [Yuchun] gets hole card ['DJ', 'S8'], current stack 975
player [SichengZuo] gets hole card ['SK', 'D3'], current stack 980
player [JoyoPlayer] gets hole card ['DK', 'HT'], current stack 579
player [ZifengFoldMan] gets hole card ['S5', 'D6'], current stack 970
player [Elvis] gets hole card ['CJ', 'S9'], current stack 1481
Started the round 9
Street "preflop" started. (community card = [])
"SichengZuo" declared "fold:0"
"JoyoPlayer" declared "raise:15"
"ZifengFoldMan" declared "fold:0"
"Elvis" declared "fold:0"
"Yuchun" declared "call:15"
Street "flop" started. (community card = ['S6', 'HQ', 'S4'])
"Yuchun" declared "fold:0"
"['JoyoPlayer']" won the round 9 (stack = {'Yuchun': 970, 'SichengZuo': 980, 'JoyoPlayer': 599, 'ZifengFoldMan': 970, 'Elvis': 1481})
player [Yuchun] gets hole card ['S6', 'S2'], current stack 965
player [SichengZuo] gets hole card ['ST', 'H2'], current stack 970
player [JoyoPlayer] gets hole card ['SQ', 'CA'], current stack 599
player [ZifengFoldMan] gets hole card ['H7', 'HJ'], current stack 970
player [Elvis] gets hole card ['DA', 'D4'], current stack 1481
Started the round 10
Street "preflop" started. (community card = [])
"JoyoPlayer" declared "fold:0"
"ZifengFoldMan" declared "fold:0"
"Elvis" declared "raise:17"
"Yuchun" declared "call:17"
"SichengZuo" declared "fold:0"
Street "flop" started. (community card = ['D3', 'D5', 'C9'])
"Yuchun" declared "call:0"
"Elvis" declared "raise:439"
"Yuchun" declared "fold:0"
"['Elvis']" won the round 10 (stack = {'Yuchun': 953, 'SichengZuo': 970, 'JoyoPlayer': 599, 'ZifengFoldMan': 970, 'Elvis': 1508})
player [Yuchun] gets hole card ['DQ', 'D3'], current stack 953
player [SichengZuo] gets hole card ['HT', 'S9'], current stack 965
player [JoyoPlayer] gets hole card ['CK', 'H3'], current stack 589
player [ZifengFoldMan] gets hole card ['H2', 'C4'], current stack 970
player [Elvis] gets hole card ['C5', 'S5'], current stack 1508
Started the round 11
Street "preflop" started. (community card = [])
"ZifengFoldMan" declared "fold:0"
"Elvis" declared "raise:15"
"Yuchun" declared "call:15"
"SichengZuo" declared "fold:0"
"JoyoPlayer" declared "fold:0"
Street "flop" started. (community card = ['H5', 'HA', 'CT'])
"Elvis" declared "raise:1493"
"Yuchun" declared "fold:0"
"['Elvis']" won the round 11 (stack = {'Yuchun': 938, 'SichengZuo': 965, 'JoyoPlayer': 589, 'ZifengFoldMan': 970, 'Elvis': 1538})
player [Yuchun] gets hole card ['SA', 'H6'], current stack 938
player [SichengZuo] gets hole card ['ST', 'D2'], current stack 965
player [JoyoPlayer] gets hole card ['D9', 'S8'], current stack 584
player [ZifengFoldMan] gets hole card ['C8', 'C3'], current stack 960
player [Elvis] gets hole card ['C5', 'DT'], current stack 1538
Started the round 12
Street "preflop" started. (community card = [])
"Elvis" declared "raise:15"
"Yuchun" declared "call:15"
"SichengZuo" declared "fold:0"
"JoyoPlayer" declared "fold:0"
"ZifengFoldMan" declared "fold:0"
Street "flop" started. (community card = ['HT', 'DA', 'S7'])
"Elvis" declared "raise:1142"
"Yuchun" declared "call:1142"
Street "turn" started. (community card = ['HT', 'DA', 'S7', 'DQ'])
Street "river" started. (community card = ['HT', 'DA', 'S7', 'DQ', 'H2'])
"['Yuchun']" won the round 12 (stack = {'Yuchun': 1891, 'SichengZuo': 965, 'JoyoPlayer': 584, 'ZifengFoldMan': 960, 'Elvis': 600})
player [Yuchun] gets hole card ['D2', 'S7'], current stack 1891
player [SichengZuo] gets hole card ['S2', 'C4'], current stack 965
player [JoyoPlayer] gets hole card ['H4', 'S9'], current stack 584
player [ZifengFoldMan] gets hole card ['D3', 'CT'], current stack 955
player [Elvis] gets hole card ['C6', 'CK'], current stack 590
Started the round 13
Street "preflop" started. (community card = [])
"Yuchun" declared "call:10"
"SichengZuo" declared "fold:0"
"JoyoPlayer" declared "raise:15"
"ZifengFoldMan" declared "fold:0"
"Elvis" declared "fold:0"
"Yuchun" declared "call:15"
Street "flop" started. (community card = ['DJ', 'DQ', 'C9'])
"Yuchun" declared "call:0"
"JoyoPlayer" declared "call:0"
Street "turn" started. (community card = ['DJ', 'DQ', 'C9', 'HQ'])
"Yuchun" declared "call:0"
"JoyoPlayer" declared "call:0"
Street "river" started. (community card = ['DJ', 'DQ', 'C9', 'HQ', 'H9'])
"Yuchun" declared "call:0"
"JoyoPlayer" declared "raise:426"
"Yuchun" declared "fold:0"
"['JoyoPlayer']" won the round 13 (stack = {'Yuchun': 1876, 'SichengZuo': 965, 'JoyoPlayer': 614, 'ZifengFoldMan': 955, 'Elvis': 590})
player [Yuchun] gets hole card ['C8', 'C2'], current stack 1866
player [SichengZuo] gets hole card ['HJ', 'C4'], current stack 965
player [JoyoPlayer] gets hole card ['H4', 'CK'], current stack 614
player [ZifengFoldMan] gets hole card ['CT', 'SK'], current stack 955
player [Elvis] gets hole card ['ST', 'H7'], current stack 585
Started the round 14
Street "preflop" started. (community card = [])
"SichengZuo" declared "fold:0"
"JoyoPlayer" declared "raise:15"
"ZifengFoldMan" declared "fold:0"
"Elvis" declared "fold:0"
"Yuchun" declared "call:15"
Street "flop" started. (community card = ['S3', 'SA', 'CA'])
"Yuchun" declared "call:0"
"JoyoPlayer" declared "call:0"
Street "turn" started. (community card = ['S3', 'SA', 'CA', 'SJ'])
"Yuchun" declared "call:0"
"JoyoPlayer" declared "fold:0"
"['Yuchun']" won the round 14 (stack = {'Yuchun': 1896, 'SichengZuo': 965, 'JoyoPlayer': 599, 'ZifengFoldMan': 955, 'Elvis': 585})
player [Yuchun] gets hole card ['H6', 'S3'], current stack 1891
player [SichengZuo] gets hole card ['D6', 'DK'], current stack 955
player [JoyoPlayer] gets hole card ['HQ', 'D9'], current stack 599
player [ZifengFoldMan] gets hole card ['HT', 'SK'], current stack 955
player [Elvis] gets hole card ['D3', 'HK'], current stack 585
Started the round 15
Street "preflop" started. (community card = [])
"JoyoPlayer" declared "fold:0"
"ZifengFoldMan" declared "fold:0"
"Elvis" declared "fold:0"
"Yuchun" declared "call:10"
"SichengZuo" declared "fold:0"
"['Yuchun']" won the round 15 (stack = {'Yuchun': 1906, 'SichengZuo': 955, 'JoyoPlayer': 599, 'ZifengFoldMan': 955, 'Elvis': 585})
player [Yuchun] gets hole card ['D2', 'HQ'], current stack 1906
player [SichengZuo] gets hole card ['CA', 'HT'], current stack 950
player [JoyoPlayer] gets hole card ['S6', 'C9'], current stack 589
player [ZifengFoldMan] gets hole card ['SK', 'C2'], current stack 955
player [Elvis] gets hole card ['S9', 'HK'], current stack 585
Started the round 16
Street "preflop" started. (community card = [])
"ZifengFoldMan" declared "fold:0"
"Elvis" declared "fold:0"
"Yuchun" declared "call:10"
"SichengZuo" declared "fold:0"
"JoyoPlayer" declared "raise:15"
"Yuchun" declared "call:15"
Street "flop" started. (community card = ['D4', 'H2', 'C3'])
"JoyoPlayer" declared "raise:10"
"Yuchun" declared "call:10"
Street "turn" started. (community card = ['D4', 'H2', 'C3', 'H5'])
"JoyoPlayer" declared "raise:373"
"Yuchun" declared "fold:0"
"['JoyoPlayer']" won the round 16 (stack = {'Yuchun': 1881, 'SichengZuo': 950, 'JoyoPlayer': 629, 'ZifengFoldMan': 955, 'Elvis': 585})
player [Yuchun] gets hole card ['CA', 'H9'], current stack 1881
player [SichengZuo] gets hole card ['DK', 'HK'], current stack 950
player [JoyoPlayer] gets hole card ['DQ', 'H7'], current stack 624
player [ZifengFoldMan] gets hole card ['C6', 'H6'], current stack 945
player [Elvis] gets hole card ['S9', 'D8'], current stack 585
Started the round 17
Street "preflop" started. (community card = [])
"Elvis" declared "fold:0"
"Yuchun" declared "call:10"
"SichengZuo" declared "raise:950"
"JoyoPlayer" declared "call:950"
"ZifengFoldMan" declared "fold:0"
"Yuchun" declared "fold:0"
Street "flop" started. (community card = ['C8', 'CQ', 'C2'])
Street "turn" started. (community card = ['C8', 'CQ', 'C2', 'H3'])
Street "river" started. (community card = ['C8', 'CQ', 'C2', 'H3', 'D2'])
"['SichengZuo']" won the round 17 (stack = {'Yuchun': 1871, 'SichengZuo': 1599, 'JoyoPlayer': 0, 'ZifengFoldMan': 945, 'Elvis': 585})
player [Yuchun] gets hole card ['H8', 'DA'], current stack 1861
player [SichengZuo] gets hole card ['S7', 'CK'], current stack 1599
player [ZifengFoldMan] gets hole card ['ST', 'H5'], current stack 945
player [Elvis] gets hole card ['D9', 'CQ'], current stack 580
Started the round 18
Street "preflop" started. (community card = [])
"SichengZuo" declared "fold:0"
"ZifengFoldMan" declared "fold:0"
"Elvis" declared "call:10"
"Yuchun" declared "call:10"
Street "flop" started. (community card = ['DK', 'HJ', 'S4'])
"Elvis" declared "call:0"
"Yuchun" declared "call:0"
Street "turn" started. (community card = ['DK', 'HJ', 'S4', 'CT'])
"Elvis" declared "raise:575"
"Yuchun" declared "fold:0"
"['Elvis']" won the round 18 (stack = {'Yuchun': 1861, 'SichengZuo': 1599, 'JoyoPlayer': 0, 'ZifengFoldMan': 945, 'Elvis': 595})
player [Yuchun] gets hole card ['S6', 'H2'], current stack 1856
player [SichengZuo] gets hole card ['D4', 'S4'], current stack 1589
player [ZifengFoldMan] gets hole card ['C2', 'HK'], current stack 945
player [Elvis] gets hole card ['SK', 'D2'], current stack 595
Started the round 19
Street "preflop" started. (community card = [])
"ZifengFoldMan" declared "fold:0"
"Elvis" declared "fold:0"
"Yuchun" declared "call:10"
"SichengZuo" declared "fold:0"
"['Yuchun']" won the round 19 (stack = {'Yuchun': 1871, 'SichengZuo': 1589, 'JoyoPlayer': 0, 'ZifengFoldMan': 945, 'Elvis': 595})
player [Yuchun] gets hole card ['H6', 'H5'], current stack 1871
player [SichengZuo] gets hole card ['DQ', 'C4'], current stack 1584
player [ZifengFoldMan] gets hole card ['D3', 'C7'], current stack 935
player [Elvis] gets hole card ['CA', 'S9'], current stack 595
Started the round 20
Street "preflop" started. (community card = [])
"Elvis" declared "fold:0"
"Yuchun" declared "call:10"
"SichengZuo" declared "fold:0"
"ZifengFoldMan" declared "fold:0"
"['Yuchun']" won the round 20 (stack = {'Yuchun': 1886, 'SichengZuo': 1584, 'JoyoPlayer': 0, 'ZifengFoldMan': 935, 'Elvis': 595})
player [Yuchun] gets hole card ['DK', 'D5'], current stack 1886
player [SichengZuo] gets hole card ['SQ', 'HT'], current stack 1584
player [ZifengFoldMan] gets hole card ['DQ', 'CQ'], current stack 930
player [Elvis] gets hole card ['D8', 'C9'], current stack 585
Started the round 21
Street "preflop" started. (community card = [])
"Yuchun" declared "call:10"
"SichengZuo" declared "fold:0"
"ZifengFoldMan" declared "fold:0"
"Elvis" declared "raise:81"
"Yuchun" declared "call:81"
Street "flop" started. (community card = ['H9', 'S8', 'HJ'])
"Elvis" declared "raise:385"
"Yuchun" declared "fold:0"
"['Elvis']" won the round 21 (stack = {'Yuchun': 1805, 'SichengZuo': 1584, 'JoyoPlayer': 0, 'ZifengFoldMan': 930, 'Elvis': 681})
player [Yuchun] gets hole card ['SA', 'CJ'], current stack 1795
player [SichengZuo] gets hole card ['DT', 'D8'], current stack 1584
player [ZifengFoldMan] gets hole card ['S5', 'D6'], current stack 930
player [Elvis] gets hole card ['C4', 'H2'], current stack 676
Started the round 22
Street "preflop" started. (community card = [])
"SichengZuo" declared "fold:0"
"ZifengFoldMan" declared "fold:0"
"Elvis" declared "raise:15"
"Yuchun" declared "call:15"
Street "flop" started. (community card = ['D3', 'SJ', 'H5'])
"Elvis" declared "raise:10"
"Yuchun" declared "raise:80"
"Elvis" declared "raise:150"
"Yuchun" declared "call:150"
Street "turn" started. (community card = ['D3', 'SJ', 'H5', 'CT'])
"Elvis" declared "raise:10"
"Yuchun" declared "raise:1640"
"Elvis" declared "raise:0"
"['Yuchun']" won the round 22 (stack = {'Yuchun': 1980, 'SichengZuo': 1584, 'JoyoPlayer': 0, 'ZifengFoldMan': 930, 'Elvis': 506})
player [Yuchun] gets hole card ['H6', 'D8'], current stack 1975
player [SichengZuo] gets hole card ['S8', 'CT'], current stack 1574
player [ZifengFoldMan] gets hole card ['C5', 'C9'], current stack 930
player [Elvis] gets hole card ['SJ', 'H3'], current stack 506
Started the round 23
Street "preflop" started. (community card = [])
"ZifengFoldMan" declared "fold:0"
"Elvis" declared "fold:0"
"Yuchun" declared "call:10"
"SichengZuo" declared "fold:0"
"['Yuchun']" won the round 23 (stack = {'Yuchun': 1990, 'SichengZuo': 1574, 'JoyoPlayer': 0, 'ZifengFoldMan': 930, 'Elvis': 506})
player [Yuchun] gets hole card ['D7', 'D3'], current stack 1990
player [SichengZuo] gets hole card ['HJ', 'H8'], current stack 1569
player [ZifengFoldMan] gets hole card ['HK', 'CA'], current stack 920
player [Elvis] gets hole card ['CT', 'D2'], current stack 506
Started the round 24
Street "preflop" started. (community card = [])
"Elvis" declared "fold:0"
"Yuchun" declared "call:10"
"SichengZuo" declared "fold:0"
"ZifengFoldMan" declared "fold:0"
"['Yuchun']" won the round 24 (stack = {'Yuchun': 2005, 'SichengZuo': 1569, 'JoyoPlayer': 0, 'ZifengFoldMan': 920, 'Elvis': 506})
player [Yuchun] gets hole card ['CT', 'C3'], current stack 2005
player [SichengZuo] gets hole card ['CA', 'D3'], current stack 1569
player [ZifengFoldMan] gets hole card ['C4', 'SA'], current stack 915
player [Elvis] gets hole card ['D7', 'S2'], current stack 496
Started the round 25
Street "preflop" started. (community card = [])
"Yuchun" declared "call:10"
"SichengZuo" declared "fold:0"
"ZifengFoldMan" declared "fold:0"
"Elvis" declared "fold:0"
"['Yuchun']" won the round 25 (stack = {'Yuchun': 2020, 'SichengZuo': 1569, 'JoyoPlayer': 0, 'ZifengFoldMan': 915, 'Elvis': 496})
player [Yuchun] gets hole card ['HK', 'H2'], current stack 2010
player [SichengZuo] gets hole card ['C7', 'ST'], current stack 1569
player [ZifengFoldMan] gets hole card ['C8', 'H9'], current stack 915
player [Elvis] gets hole card ['S6', 'CT'], current stack 491
Started the round 26
Street "preflop" started. (community card = [])
"SichengZuo" declared "fold:0"
"ZifengFoldMan" declared "fold:0"
"Elvis" declared "fold:0"
"['Yuchun']" won the round 26 (stack = {'Yuchun': 2025, 'SichengZuo': 1569, 'JoyoPlayer': 0, 'ZifengFoldMan': 915, 'Elvis': 491})
player [Yuchun] gets hole card ['C8', 'H7'], current stack 2020
player [SichengZuo] gets hole card ['DA', 'S3'], current stack 1559
player [ZifengFoldMan] gets hole card ['DT', 'S9'], current stack 915
player [Elvis] gets hole card ['S7', 'DK'], current stack 491
Started the round 27
Street "preflop" started. (community card = [])
"ZifengFoldMan" declared "fold:0"
"Elvis" declared "fold:0"
"Yuchun" declared "call:10"
"SichengZuo" declared "fold:0"
"['Yuchun']" won the round 27 (stack = {'Yuchun': 2035, 'SichengZuo': 1559, 'JoyoPlayer': 0, 'ZifengFoldMan': 915, 'Elvis': 491})
player [Yuchun] gets hole card ['SQ', 'DK'], current stack 2035
player [SichengZuo] gets hole card ['S3', 'DA'], current stack 1554
player [ZifengFoldMan] gets hole card ['D7', 'S5'], current stack 905
player [Elvis] gets hole card ['HK', 'HJ'], current stack 491
Started the round 28
Street "preflop" started. (community card = [])
"Elvis" declared "fold:0"
"Yuchun" declared "call:10"
"SichengZuo" declared "fold:0"
"ZifengFoldMan" declared "fold:0"
"['Yuchun']" won the round 28 (stack = {'Yuchun': 2050, 'SichengZuo': 1554, 'JoyoPlayer': 0, 'ZifengFoldMan': 905, 'Elvis': 491})
player [Yuchun] gets hole card ['S2', 'SQ'], current stack 2050
player [SichengZuo] gets hole card ['S3', 'H9'], current stack 1554
player [ZifengFoldMan] gets hole card ['HJ', 'DQ'], current stack 900
player [Elvis] gets hole card ['CK', 'C8'], current stack 481
Started the round 29
Street "preflop" started. (community card = [])
"Yuchun" declared "call:10"
"SichengZuo" declared "fold:0"
"ZifengFoldMan" declared "fold:0"
"Elvis" declared "call:10"
Street "flop" started. (community card = ['H4', 'D5', 'H3'])
"Elvis" declared "fold:0"
"['Yuchun']" won the round 29 (stack = {'Yuchun': 2065, 'SichengZuo': 1554, 'JoyoPlayer': 0, 'ZifengFoldMan': 900, 'Elvis': 481})
player [Yuchun] gets hole card ['C9', 'D7'], current stack 2055
player [SichengZuo] gets hole card ['DK', 'HJ'], current stack 1554
player [ZifengFoldMan] gets hole card ['S7', 'S3'], current stack 900
player [Elvis] gets hole card ['S5', 'H6'], current stack 476
Started the round 30
Street "preflop" started. (community card = [])
"SichengZuo" declared "fold:0"
"ZifengFoldMan" declared "fold:0"
"Elvis" declared "fold:0"
"['Yuchun']" won the round 30 (stack = {'Yuchun': 2070, 'SichengZuo': 1554, 'JoyoPlayer': 0, 'ZifengFoldMan': 900, 'Elvis': 476})
player [Yuchun] gets hole card ['D4', 'H2'], current stack 2065
player [SichengZuo] gets hole card ['H4', 'H7'], current stack 1544
player [ZifengFoldMan] gets hole card ['DQ', 'HJ'], current stack 900
player [Elvis] gets hole card ['D3', 'S2'], current stack 476
Started the round 31
Street "preflop" started. (community card = [])
"ZifengFoldMan" declared "fold:0"
"Elvis" declared "fold:0"
"Yuchun" declared "call:10"
"SichengZuo" declared "fold:0"
"['Yuchun']" won the round 31 (stack = {'Yuchun': 2080, 'SichengZuo': 1544, 'JoyoPlayer': 0, 'ZifengFoldMan': 900, 'Elvis': 476})
player [Yuchun] gets hole card ['HK', 'D9'], current stack 2080
player [SichengZuo] gets hole card ['D4', 'H5'], current stack 1539
player [ZifengFoldMan] gets hole card ['D3', 'H3'], current stack 890
player [Elvis] gets hole card ['SQ', 'CQ'], current stack 476
Started the round 32
Street "preflop" started. (community card = [])
"Elvis" declared "fold:0"
"Yuchun" declared "call:10"
"SichengZuo" declared "fold:0"
"ZifengFoldMan" declared "fold:0"
"['Yuchun']" won the round 32 (stack = {'Yuchun': 2095, 'SichengZuo': 1539, 'JoyoPlayer': 0, 'ZifengFoldMan': 890, 'Elvis': 476})
player [Yuchun] gets hole card ['C2', 'CT'], current stack 2095
player [SichengZuo] gets hole card ['S7', 'SQ'], current stack 1539
player [ZifengFoldMan] gets hole card ['SK', 'CK'], current stack 885
player [Elvis] gets hole card ['C4', 'D2'], current stack 466
Started the round 33
Street "preflop" started. (community card = [])
"Yuchun" declared "call:10"
"SichengZuo" declared "fold:0"
"ZifengFoldMan" declared "fold:0"
"Elvis" declared "fold:0"
"['Yuchun']" won the round 33 (stack = {'Yuchun': 2110, 'SichengZuo': 1539, 'JoyoPlayer': 0, 'ZifengFoldMan': 885, 'Elvis': 466})
player [Yuchun] gets hole card ['S5', 'C3'], current stack 2100
player [SichengZuo] gets hole card ['SQ', 'ST'], current stack 1539
player [ZifengFoldMan] gets hole card ['CT', 'H5'], current stack 885
player [Elvis] gets hole card ['HA', 'S6'], current stack 461
Started the round 34
Street "preflop" started. (community card = [])
"SichengZuo" declared "fold:0"
"ZifengFoldMan" declared "fold:0"
"Elvis" declared "call:10"
"Yuchun" declared "call:10"
Street "flop" started. (community card = ['D7', 'D8', 'H9'])
"Elvis" declared "call:0"
"Yuchun" declared "call:0"
Street "turn" started. (community card = ['D7', 'D8', 'H9', 'C4'])
"Elvis" declared "call:0"
"Yuchun" declared "call:0"
Street "river" started. (community card = ['D7', 'D8', 'H9', 'C4', 'DA'])
"Elvis" declared "raise:136"
"Yuchun" declared "fold:0"
"['Elvis']" won the round 34 (stack = {'Yuchun': 2100, 'SichengZuo': 1539, 'JoyoPlayer': 0, 'ZifengFoldMan': 885, 'Elvis': 476})
player [Yuchun] gets hole card ['HT', 'S9'], current stack 2095
player [SichengZuo] gets hole card ['DQ', 'CQ'], current stack 1529
player [ZifengFoldMan] gets hole card ['HQ', 'SA'], current stack 885
player [Elvis] gets hole card ['C9', 'DK'], current stack 476
Started the round 35
Street "preflop" started. (community card = [])
"ZifengFoldMan" declared "fold:0"
"Elvis" declared "fold:0"
"Yuchun" declared "call:10"
"SichengZuo" declared "fold:0"
"['Yuchun']" won the round 35 (stack = {'Yuchun': 2110, 'SichengZuo': 1529, 'JoyoPlayer': 0, 'ZifengFoldMan': 885, 'Elvis': 476})
player [Yuchun] gets hole card ['C5', 'D8'], current stack 2110
player [SichengZuo] gets hole card ['HT', 'C8'], current stack 1524
player [ZifengFoldMan] gets hole card ['S5', 'H7'], current stack 875
player [Elvis] gets hole card ['HJ', 'DQ'], current stack 476
Started the round 36
Street "preflop" started. (community card = [])
"Elvis" declared "fold:0"
"Yuchun" declared "call:10"
"SichengZuo" declared "fold:0"
"ZifengFoldMan" declared "fold:0"
"['Yuchun']" won the round 36 (stack = {'Yuchun': 2125, 'SichengZuo': 1524, 'JoyoPlayer': 0, 'ZifengFoldMan': 875, 'Elvis': 476})
player [Yuchun] gets hole card ['CA', 'DJ'], current stack 2125
player [SichengZuo] gets hole card ['C2', 'H8'], current stack 1524
player [ZifengFoldMan] gets hole card ['C4', 'HA'], current stack 870
player [Elvis] gets hole card ['S7', 'S3'], current stack 466
Started the round 37
Street "preflop" started. (community card = [])
"Yuchun" declared "call:10"
"SichengZuo" declared "fold:0"
"ZifengFoldMan" declared "fold:0"
"Elvis" declared "fold:0"
"['Yuchun']" won the round 37 (stack = {'Yuchun': 2140, 'SichengZuo': 1524, 'JoyoPlayer': 0, 'ZifengFoldMan': 870, 'Elvis': 466})
player [Yuchun] gets hole card ['SK', 'D4'], current stack 2130
player [SichengZuo] gets hole card ['H8', 'S7'], current stack 1524
player [ZifengFoldMan] gets hole card ['H2', 'C8'], current stack 870
player [Elvis] gets hole card ['CK', 'S9'], current stack 461
Started the round 38
Street "preflop" started. (community card = [])
"SichengZuo" declared "fold:0"
"ZifengFoldMan" declared "fold:0"
"Elvis" declared "call:10"
"Yuchun" declared "call:10"
Street "flop" started. (community card = ['H6', 'S3', 'DJ'])
"Elvis" declared "call:0"
"Yuchun" declared "call:0"
Street "turn" started. (community card = ['H6', 'S3', 'DJ', 'H5'])
"Elvis" declared "fold:0"
"['Yuchun']" won the round 38 (stack = {'Yuchun': 2150, 'SichengZuo': 1524, 'JoyoPlayer': 0, 'ZifengFoldMan': 870, 'Elvis': 456})
player [Yuchun] gets hole card ['SJ', 'H8'], current stack 2145
player [SichengZuo] gets hole card ['SA', 'C8'], current stack 1514
player [ZifengFoldMan] gets hole card ['CA', 'ST'], current stack 870
player [Elvis] gets hole card ['SK', 'CQ'], current stack 456
Started the round 39
Street "preflop" started. (community card = [])
"ZifengFoldMan" declared "fold:0"
"Elvis" declared "fold:0"
"Yuchun" declared "call:10"
"SichengZuo" declared "fold:0"
"['Yuchun']" won the round 39 (stack = {'Yuchun': 2160, 'SichengZuo': 1514, 'JoyoPlayer': 0, 'ZifengFoldMan': 870, 'Elvis': 456})
player [Yuchun] gets hole card ['H8', 'C2'], current stack 2160
player [SichengZuo] gets hole card ['CA', 'SJ'], current stack 1509
player [ZifengFoldMan] gets hole card ['C3', 'DA'], current stack 860
player [Elvis] gets hole card ['C6', 'D7'], current stack 456
Started the round 40
Street "preflop" started. (community card = [])
"Elvis" declared "fold:0"
"Yuchun" declared "call:10"
"SichengZuo" declared "fold:0"
"ZifengFoldMan" declared "fold:0"
"['Yuchun']" won the round 40 (stack = {'Yuchun': 2175, 'SichengZuo': 1509, 'JoyoPlayer': 0, 'ZifengFoldMan': 860, 'Elvis': 456})
player [Yuchun] gets hole card ['C8', 'C5'], current stack 2175
player [SichengZuo] gets hole card ['DQ', 'D2'], current stack 1509
player [ZifengFoldMan] gets hole card ['H2', 'SA'], current stack 855
player [Elvis] gets hole card ['SJ', 'S6'], current stack 446
Started the round 41
Street "preflop" started. (community card = [])
"Yuchun" declared "fold:0"
"SichengZuo" declared "fold:0"
"ZifengFoldMan" declared "fold:0"
"['Elvis']" won the round 41 (stack = {'Yuchun': 2175, 'SichengZuo': 1509, 'JoyoPlayer': 0, 'ZifengFoldMan': 855, 'Elvis': 461})
player [Yuchun] gets hole card ['D7', 'D4'], current stack 2165
player [SichengZuo] gets hole card ['SK', 'HT'], current stack 1509
player [ZifengFoldMan] gets hole card ['C8', 'ST'], current stack 855
player [Elvis] gets hole card ['C4', 'S6'], current stack 456
Started the round 42
Street "preflop" started. (community card = [])
"SichengZuo" declared "fold:0"
"ZifengFoldMan" declared "fold:0"
"Elvis" declared "fold:0"
"['Yuchun']" won the round 42 (stack = {'Yuchun': 2180, 'SichengZuo': 1509, 'JoyoPlayer': 0, 'ZifengFoldMan': 855, 'Elvis': 456})
player [Yuchun] gets hole card ['D3', 'D2'], current stack 2175
player [SichengZuo] gets hole card ['S7', 'CT'], current stack 1499
player [ZifengFoldMan] gets hole card ['D7', 'CK'], current stack 855
player [Elvis] gets hole card ['H7', 'SJ'], current stack 456
Started the round 43
Street "preflop" started. (community card = [])
"ZifengFoldMan" declared "fold:0"
"Elvis" declared "fold:0"
"Yuchun" declared "fold:0"
"['SichengZuo']" won the round 43 (stack = {'Yuchun': 2175, 'SichengZuo': 1514, 'JoyoPlayer': 0, 'ZifengFoldMan': 855, 'Elvis': 456})
player [Yuchun] gets hole card ['C2', 'CK'], current stack 2175
player [SichengZuo] gets hole card ['HQ', 'DJ'], current stack 1509
player [ZifengFoldMan] gets hole card ['SQ', 'C3'], current stack 845
player [Elvis] gets hole card ['HK', 'S4'], current stack 456
Started the round 44
Street "preflop" started. (community card = [])
"Elvis" declared "fold:0"
"Yuchun" declared "fold:0"
"SichengZuo" declared "fold:0"
"['ZifengFoldMan']" won the round 44 (stack = {'Yuchun': 2175, 'SichengZuo': 1509, 'JoyoPlayer': 0, 'ZifengFoldMan': 860, 'Elvis': 456})
player [Yuchun] gets hole card ['SA', 'HJ'], current stack 2175
player [SichengZuo] gets hole card ['DQ', 'C2'], current stack 1509
player [ZifengFoldMan] gets hole card ['S2', 'C3'], current stack 855
player [Elvis] gets hole card ['DA', 'C8'], current stack 446
Started the round 45
Street "preflop" started. (community card = [])
"Yuchun" declared "fold:0"
"SichengZuo" declared "fold:0"
"ZifengFoldMan" declared "fold:0"
"['Elvis']" won the round 45 (stack = {'Yuchun': 2175, 'SichengZuo': 1509, 'JoyoPlayer': 0, 'ZifengFoldMan': 855, 'Elvis': 461})
player [Yuchun] gets hole card ['S9', 'CK'], current stack 2165
player [SichengZuo] gets hole card ['DK', 'C5'], current stack 1509
player [ZifengFoldMan] gets hole card ['S8', 'D7'], current stack 855
player [Elvis] gets hole card ['HJ', 'C3'], current stack 456
Started the round 46
Street "preflop" started. (community card = [])
"SichengZuo" declared "fold:0"
"ZifengFoldMan" declared "fold:0"
"Elvis" declared "fold:0"
"['Yuchun']" won the round 46 (stack = {'Yuchun': 2180, 'SichengZuo': 1509, 'JoyoPlayer': 0, 'ZifengFoldMan': 855, 'Elvis': 456})
player [Yuchun] gets hole card ['CA', 'SK'], current stack 2175
player [SichengZuo] gets hole card ['C3', 'CK'], current stack 1499
player [ZifengFoldMan] gets hole card ['S3', 'HK'], current stack 855
player [Elvis] gets hole card ['DT', 'D7'], current stack 456
Started the round 47
Street "preflop" started. (community card = [])
"ZifengFoldMan" declared "fold:0"
"Elvis" declared "fold:0"
"Yuchun" declared "call:10"
"SichengZuo" declared "fold:0"
"['Yuchun']" won the round 47 (stack = {'Yuchun': 2190, 'SichengZuo': 1499, 'JoyoPlayer': 0, 'ZifengFoldMan': 855, 'Elvis': 456})
player [Yuchun] gets hole card ['S5', 'H7'], current stack 2190
player [SichengZuo] gets hole card ['S2', 'D5'], current stack 1494
player [ZifengFoldMan] gets hole card ['CJ', 'CA'], current stack 845
player [Elvis] gets hole card ['SJ', 'DA'], current stack 456
Started the round 48
Street "preflop" started. (community card = [])
"Elvis" declared "fold:0"
"Yuchun" declared "fold:0"
"SichengZuo" declared "fold:0"
"['ZifengFoldMan']" won the round 48 (stack = {'Yuchun': 2190, 'SichengZuo': 1494, 'JoyoPlayer': 0, 'ZifengFoldMan': 860, 'Elvis': 456})
player [Yuchun] gets hole card ['C6', 'HT'], current stack 2190
player [SichengZuo] gets hole card ['SJ', 'D8'], current stack 1494
player [ZifengFoldMan] gets hole card ['H6', 'H5'], current stack 855
player [Elvis] gets hole card ['DA', 'D2'], current stack 446
Started the round 49
Street "preflop" started. (community card = [])
"Yuchun" declared "fold:0"
"SichengZuo" declared "fold:0"
"ZifengFoldMan" declared "fold:0"
"['Elvis']" won the round 49 (stack = {'Yuchun': 2190, 'SichengZuo': 1494, 'JoyoPlayer': 0, 'ZifengFoldMan': 855, 'Elvis': 461})
player [Yuchun] gets hole card ['ST', 'S5'], current stack 2180
player [SichengZuo] gets hole card ['CQ', 'HK'], current stack 1494
player [ZifengFoldMan] gets hole card ['DK', 'S2'], current stack 855
player [Elvis] gets hole card ['D4', 'C8'], current stack 456
Started the round 50
Street "preflop" started. (community card = [])
"SichengZuo" declared "fold:0"
"ZifengFoldMan" declared "fold:0"
"Elvis" declared "fold:0"
"['Yuchun']" won the round 50 (stack = {'Yuchun': 2195, 'SichengZuo': 1494, 'JoyoPlayer': 0, 'ZifengFoldMan': 855, 'Elvis': 456})

Game Results:
------------------------------------------------------------
Game 1:
Winner: Yuchun (stack: 2195)
All players' stacks:
  Yuchun: 2195
  SichengZuo: 1494
  JoyoPlayer: 0
  ZifengFoldMan: 855
  Elvis: 456
------------------------------------------------------------
