player [Yuchun] gets hole card ['D5', 'H7'], current stack 1000
player [SichengZuo] gets hole card ['S4', 'D3'], current stack 995
player [JoyoPlayer] gets hole card ['S2', 'C4'], current stack 990
player [ZifengFoldMan] gets hole card ['DK', 'C6'], current stack 1000
player [Elvis] gets hole card ['CJ', 'SA'], current stack 1000
Started the round 1
Street "preflop" started. (community card = [])
"ZifengFoldMan" declared "fold:0"
"Elvis" declared "raise:750"
"Yuchun" declared "fold:0"
"SichengZuo" declared "fold:0"
"JoyoPlayer" declared "call:750"
Street "flop" started. (community card = ['S9', 'CK', 'C7'])
"JoyoPlayer" declared "raise:10"
"Elvis" declared "call:10"
Street "turn" started. (community card = ['S9', 'CK', 'C7', 'S8'])
"JoyoPlayer" declared "fold:0"
"['Elvis']" won the round 1 (stack = {'Yuchun': 1000, 'SichengZuo': 995, 'JoyoPlayer': 240, 'ZifengFoldMan': 1000, 'Elvis': 1765})
player [Yuchun] gets hole card ['CK', 'CQ'], current stack 1000
player [SichengZuo] gets hole card ['CT', 'SA'], current stack 995
player [JoyoPlayer] gets hole card ['C9', 'DK'], current stack 235
player [ZifengFoldMan] gets hole card ['C4', 'D4'], current stack 990
player [Elvis] gets hole card ['S2', 'C7'], current stack 1765
Started the round 2
Street "preflop" started. (community card = [])
"Elvis" declared "raise:15"
"Yuchun" declared "fold:0"
"SichengZuo" declared "fold:0"
"JoyoPlayer" declared "fold:0"
"ZifengFoldMan" declared "fold:0"
"['Elvis']" won the round 2 (stack = {'Yuchun': 1000, 'SichengZuo': 995, 'JoyoPlayer': 235, 'ZifengFoldMan': 990, 'Elvis': 1780})
player [Yuchun] gets hole card ['S6', 'H4'], current stack 1000
player [SichengZuo] gets hole card ['S7', 'H8'], current stack 995
player [JoyoPlayer] gets hole card ['CQ', 'D2'], current stack 235
player [ZifengFoldMan] gets hole card ['DT', 'D6'], current stack 985
player [Elvis] gets hole card ['H6', 'C8'], current stack 1770
Started the round 3
Street "preflop" started. (community card = [])
"Yuchun" declared "fold:0"
"SichengZuo" declared "fold:0"
"JoyoPlayer" declared "fold:0"
"ZifengFoldMan" declared "fold:0"
"['Elvis']" won the round 3 (stack = {'Yuchun': 1000, 'SichengZuo': 995, 'JoyoPlayer': 235, 'ZifengFoldMan': 985, 'Elvis': 1785})
player [Yuchun] gets hole card ['CQ', 'S3'], current stack 990
player [SichengZuo] gets hole card ['S8', 'C5'], current stack 995
player [JoyoPlayer] gets hole card ['D6', 'C4'], current stack 235
player [ZifengFoldMan] gets hole card ['HA', 'C3'], current stack 985
player [Elvis] gets hole card ['D5', 'H4'], current stack 1780
Started the round 4
Street "preflop" started. (community card = [])
"SichengZuo" declared "fold:0"
"JoyoPlayer" declared "fold:0"
"ZifengFoldMan" declared "fold:0"
"Elvis" declared "raise:1338"
"Yuchun" declared "fold:0"
"['Elvis']" won the round 4 (stack = {'Yuchun': 990, 'SichengZuo': 995, 'JoyoPlayer': 235, 'ZifengFoldMan': 985, 'Elvis': 1795})
player [Yuchun] gets hole card ['SQ', 'H3'], current stack 985
player [SichengZuo] gets hole card ['S4', 'D8'], current stack 985
player [JoyoPlayer] gets hole card ['D7', 'C5'], current stack 235
player [ZifengFoldMan] gets hole card ['H7', 'CT'], current stack 985
player [Elvis] gets hole card ['DT', 'D3'], current stack 1795
Started the round 5
Street "preflop" started. (community card = [])
"JoyoPlayer" declared "fold:0"
"ZifengFoldMan" declared "fold:0"
"Elvis" declared "fold:0"
"Yuchun" declared "call:10"
"SichengZuo" declared "fold:0"
"['Yuchun']" won the round 5 (stack = {'Yuchun': 1000, 'SichengZuo': 985, 'JoyoPlayer': 235, 'ZifengFoldMan': 985, 'Elvis': 1795})
player [Yuchun] gets hole card ['H7', 'DJ'], current stack 1000
player [SichengZuo] gets hole card ['HT', 'S2'], current stack 980
player [JoyoPlayer] gets hole card ['D6', 'S6'], current stack 225
player [ZifengFoldMan] gets hole card ['S5', 'C9'], current stack 985
player [Elvis] gets hole card ['DQ', 'S7'], current stack 1795
Started the round 6
Street "preflop" started. (community card = [])
"ZifengFoldMan" declared "fold:0"
"Elvis" declared "fold:0"
"Yuchun" declared "fold:0"
"SichengZuo" declared "fold:0"
"['JoyoPlayer']" won the round 6 (stack = {'Yuchun': 1000, 'SichengZuo': 980, 'JoyoPlayer': 240, 'ZifengFoldMan': 985, 'Elvis': 1795})
player [Yuchun] gets hole card ['D8', 'H7'], current stack 1000
player [SichengZuo] gets hole card ['S3', 'D7'], current stack 980
player [JoyoPlayer] gets hole card ['S2', 'HJ'], current stack 235
player [ZifengFoldMan] gets hole card ['H5', 'DA'], current stack 975
player [Elvis] gets hole card ['C5', 'DT'], current stack 1795
Started the round 7
Street "preflop" started. (community card = [])
"Elvis" declared "call:10"
"Yuchun" declared "fold:0"
"SichengZuo" declared "fold:0"
"JoyoPlayer" declared "raise:15"
"ZifengFoldMan" declared "fold:0"
"Elvis" declared "fold:0"
"['JoyoPlayer']" won the round 7 (stack = {'Yuchun': 1000, 'SichengZuo': 980, 'JoyoPlayer': 260, 'ZifengFoldMan': 975, 'Elvis': 1785})
player [Yuchun] gets hole card ['D4', 'C5'], current stack 1000
player [SichengZuo] gets hole card ['C3', 'ST'], current stack 980
player [JoyoPlayer] gets hole card ['H9', 'CQ'], current stack 260
player [ZifengFoldMan] gets hole card ['CT', 'HA'], current stack 970
player [Elvis] gets hole card ['C8', 'HT'], current stack 1775
Started the round 8
Street "preflop" started. (community card = [])
"Yuchun" declared "fold:0"
"SichengZuo" declared "fold:0"
"JoyoPlayer" declared "fold:0"
"ZifengFoldMan" declared "fold:0"
"['Elvis']" won the round 8 (stack = {'Yuchun': 1000, 'SichengZuo': 980, 'JoyoPlayer': 260, 'ZifengFoldMan': 970, 'Elvis': 1790})
player [Yuchun] gets hole card ['C2', 'D9'], current stack 990
player [SichengZuo] gets hole card ['HQ', 'S3'], current stack 980
player [JoyoPlayer] gets hole card ['SJ', 'H7'], current stack 260
player [ZifengFoldMan] gets hole card ['ST', 'HJ'], current stack 970
player [Elvis] gets hole card ['C4', 'SA'], current stack 1785
Started the round 9
Street "preflop" started. (community card = [])
"SichengZuo" declared "fold:0"
"JoyoPlayer" declared "raise:15"
"ZifengFoldMan" declared "fold:0"
"Elvis" declared "raise:52"
"Yuchun" declared "fold:0"
"JoyoPlayer" declared "raise:89"
"Elvis" declared "raise:193"
"JoyoPlayer" declared "call:193"
Street "flop" started. (community card = ['HA', 'S7', 'H6'])
"Elvis" declared "raise:1437"
"JoyoPlayer" declared "raise:-2"
"['Elvis']" won the round 9 (stack = {'Yuchun': 990, 'SichengZuo': 980, 'JoyoPlayer': 67, 'ZifengFoldMan': 970, 'Elvis': 1993})
player [Yuchun] gets hole card ['ST', 'DQ'], current stack 985
player [SichengZuo] gets hole card ['C7', 'S9'], current stack 970
player [JoyoPlayer] gets hole card ['SQ', 'HJ'], current stack 67
player [ZifengFoldMan] gets hole card ['S3', 'D6'], current stack 970
player [Elvis] gets hole card ['HK', 'C8'], current stack 1993
Started the round 10
Street "preflop" started. (community card = [])
"JoyoPlayer" declared "fold:0"
"ZifengFoldMan" declared "fold:0"
"Elvis" declared "fold:0"
"Yuchun" declared "call:10"
"SichengZuo" declared "fold:0"
"['Yuchun']" won the round 10 (stack = {'Yuchun': 1000, 'SichengZuo': 970, 'JoyoPlayer': 67, 'ZifengFoldMan': 970, 'Elvis': 1993})
player [Yuchun] gets hole card ['S3', 'SK'], current stack 1000
player [SichengZuo] gets hole card ['CK', 'S7'], current stack 965
player [JoyoPlayer] gets hole card ['HQ', 'CA'], current stack 57
player [ZifengFoldMan] gets hole card ['DJ', 'S2'], current stack 970
player [Elvis] gets hole card ['D7', 'CT'], current stack 1993
Started the round 11
Street "preflop" started. (community card = [])
"ZifengFoldMan" declared "fold:0"
"Elvis" declared "fold:0"
"Yuchun" declared "call:10"
"SichengZuo" declared "fold:0"
"JoyoPlayer" declared "call:10"
Street "flop" started. (community card = ['D5', 'C7', 'H5'])
"JoyoPlayer" declared "raise:10"
"Yuchun" declared "call:10"
Street "turn" started. (community card = ['D5', 'C7', 'H5', 'D4'])
"JoyoPlayer" declared "call:0"
"Yuchun" declared "call:0"
Street "river" started. (community card = ['D5', 'C7', 'H5', 'D4', 'CJ'])
"JoyoPlayer" declared "fold:0"
"['Yuchun']" won the round 11 (stack = {'Yuchun': 1025, 'SichengZuo': 965, 'JoyoPlayer': 47, 'ZifengFoldMan': 970, 'Elvis': 1993})
player [Yuchun] gets hole card ['DK', 'S8'], current stack 1025
player [SichengZuo] gets hole card ['DQ', 'SJ'], current stack 965
player [JoyoPlayer] gets hole card ['S5', 'CQ'], current stack 42
player [ZifengFoldMan] gets hole card ['HK', 'C3'], current stack 960
player [Elvis] gets hole card ['DJ', 'CA'], current stack 1993
Started the round 12
Street "preflop" started. (community card = [])
"Elvis" declared "fold:0"
"Yuchun" declared "call:10"
"SichengZuo" declared "fold:0"
"JoyoPlayer" declared "raise:15"
"ZifengFoldMan" declared "fold:0"
"Yuchun" declared "call:15"
Street "flop" started. (community card = ['C9', 'H9', 'S3'])
"JoyoPlayer" declared "raise:10"
"Yuchun" declared "call:10"
Street "turn" started. (community card = ['C9', 'H9', 'S3', 'CJ'])
"JoyoPlayer" declared "fold:0"
"['Yuchun']" won the round 12 (stack = {'Yuchun': 1060, 'SichengZuo': 965, 'JoyoPlayer': 22, 'ZifengFoldMan': 960, 'Elvis': 1993})
player [Yuchun] gets hole card ['DT', 'ST'], current stack 1060
player [SichengZuo] gets hole card ['D2', 'D7'], current stack 965
player [JoyoPlayer] gets hole card ['S8', 'CA'], current stack 22
player [ZifengFoldMan] gets hole card ['DK', 'HJ'], current stack 955
player [Elvis] gets hole card ['SA', 'D6'], current stack 1983
Started the round 13
Street "preflop" started. (community card = [])
"Yuchun" declared "call:10"
"SichengZuo" declared "fold:0"
"JoyoPlayer" declared "fold:0"
"ZifengFoldMan" declared "fold:0"
"Elvis" declared "raise:1195"
"Yuchun" declared "call:1195"
Street "flop" started. (community card = ['C7', 'SJ', 'C8'])
Street "turn" started. (community card = ['C7', 'SJ', 'C8', 'DQ'])
Street "river" started. (community card = ['C7', 'SJ', 'C8', 'DQ', 'S9'])
"['Yuchun']" won the round 13 (stack = {'Yuchun': 2125, 'SichengZuo': 965, 'JoyoPlayer': 22, 'ZifengFoldMan': 955, 'Elvis': 933})
player [Yuchun] gets hole card ['DT', 'D7'], current stack 2115
player [SichengZuo] gets hole card ['CQ', 'S3'], current stack 965
player [JoyoPlayer] gets hole card ['H7', 'HT'], current stack 22
player [ZifengFoldMan] gets hole card ['SA', 'D9'], current stack 955
player [Elvis] gets hole card ['SK', 'DK'], current stack 928
Started the round 14
Street "preflop" started. (community card = [])
"SichengZuo" declared "fold:0"
"JoyoPlayer" declared "fold:0"
"ZifengFoldMan" declared "fold:0"
"Elvis" declared "raise:839"
"Yuchun" declared "fold:0"
"['Elvis']" won the round 14 (stack = {'Yuchun': 2115, 'SichengZuo': 965, 'JoyoPlayer': 22, 'ZifengFoldMan': 955, 'Elvis': 943})
player [Yuchun] gets hole card ['ST', 'S8'], current stack 2110
player [SichengZuo] gets hole card ['CQ', 'H3'], current stack 955
player [JoyoPlayer] gets hole card ['H7', 'S9'], current stack 22
player [ZifengFoldMan] gets hole card ['DJ', 'DA'], current stack 955
player [Elvis] gets hole card ['DT', 'DQ'], current stack 943
Started the round 15
Street "preflop" started. (community card = [])
"JoyoPlayer" declared "fold:0"
"ZifengFoldMan" declared "fold:0"
"Elvis" declared "fold:0"
"Yuchun" declared "call:10"
"SichengZuo" declared "fold:0"
"['Yuchun']" won the round 15 (stack = {'Yuchun': 2125, 'SichengZuo': 955, 'JoyoPlayer': 22, 'ZifengFoldMan': 955, 'Elvis': 943})
player [Yuchun] gets hole card ['SK', 'S3'], current stack 2125
player [SichengZuo] gets hole card ['DJ', 'CT'], current stack 950
player [JoyoPlayer] gets hole card ['H2', 'HK'], current stack 12
player [ZifengFoldMan] gets hole card ['D4', 'DK'], current stack 955
player [Elvis] gets hole card ['DT', 'HA'], current stack 943
Started the round 16
Street "preflop" started. (community card = [])
"ZifengFoldMan" declared "fold:0"
"Elvis" declared "fold:0"
"Yuchun" declared "call:10"
"SichengZuo" declared "fold:0"
"JoyoPlayer" declared "raise:15"
"Yuchun" declared "call:15"
Street "flop" started. (community card = ['H6', 'H8', 'HQ'])
"JoyoPlayer" declared "call:0"
"Yuchun" declared "call:0"
Street "turn" started. (community card = ['H6', 'H8', 'HQ', 'D7'])
"JoyoPlayer" declared "call:0"
"Yuchun" declared "call:0"
Street "river" started. (community card = ['H6', 'H8', 'HQ', 'D7', 'SJ'])
"JoyoPlayer" declared "call:0"
"Yuchun" declared "call:0"
"['JoyoPlayer']" won the round 16 (stack = {'Yuchun': 2110, 'SichengZuo': 950, 'JoyoPlayer': 42, 'ZifengFoldMan': 955, 'Elvis': 943})
player [Yuchun] gets hole card ['HJ', 'S3'], current stack 2110
player [SichengZuo] gets hole card ['CA', 'H2'], current stack 950
player [JoyoPlayer] gets hole card ['D9', 'S2'], current stack 37
player [ZifengFoldMan] gets hole card ['H9', 'DT'], current stack 945
player [Elvis] gets hole card ['H6', 'CT'], current stack 943
Started the round 17
Street "preflop" started. (community card = [])
"Elvis" declared "fold:0"
"Yuchun" declared "call:10"
"SichengZuo" declared "fold:0"
"JoyoPlayer" declared "fold:0"
"ZifengFoldMan" declared "fold:0"
"['Yuchun']" won the round 17 (stack = {'Yuchun': 2125, 'SichengZuo': 950, 'JoyoPlayer': 37, 'ZifengFoldMan': 945, 'Elvis': 943})
player [Yuchun] gets hole card ['D6', 'CT'], current stack 2125
player [SichengZuo] gets hole card ['CJ', 'C2'], current stack 950
player [JoyoPlayer] gets hole card ['DQ', 'SA'], current stack 37
player [ZifengFoldMan] gets hole card ['HQ', 'HK'], current stack 940
player [Elvis] gets hole card ['SJ', 'HJ'], current stack 933
Started the round 18
Street "preflop" started. (community card = [])
"Yuchun" declared "call:10"
"SichengZuo" declared "fold:0"
"JoyoPlayer" declared "raise:15"
"ZifengFoldMan" declared "fold:0"
"Elvis" declared "call:15"
"Yuchun" declared "call:15"
Street "flop" started. (community card = ['S4', 'CA', 'S3'])
"Elvis" declared "call:0"
"Yuchun" declared "call:0"
"JoyoPlayer" declared "raise:20"
"Elvis" declared "fold:0"
"Yuchun" declared "call:20"
Street "turn" started. (community card = ['S4', 'CA', 'S3', 'S9'])
"Yuchun" declared "call:0"
"JoyoPlayer" declared "call:0"
Street "river" started. (community card = ['S4', 'CA', 'S3', 'S9', 'SK'])
"Yuchun" declared "call:0"
"JoyoPlayer" declared "call:0"
"['JoyoPlayer']" won the round 18 (stack = {'Yuchun': 2090, 'SichengZuo': 950, 'JoyoPlayer': 92, 'ZifengFoldMan': 940, 'Elvis': 928})
player [Yuchun] gets hole card ['H2', 'H8'], current stack 2080
player [SichengZuo] gets hole card ['D2', 'HK'], current stack 950
player [JoyoPlayer] gets hole card ['ST', 'C4'], current stack 92
player [ZifengFoldMan] gets hole card ['HA', 'SK'], current stack 940
player [Elvis] gets hole card ['D6', 'CJ'], current stack 923
Started the round 19
Street "preflop" started. (community card = [])
"SichengZuo" declared "fold:0"
"JoyoPlayer" declared "fold:0"
"ZifengFoldMan" declared "fold:0"
"Elvis" declared "fold:0"
"['Yuchun']" won the round 19 (stack = {'Yuchun': 2095, 'SichengZuo': 950, 'JoyoPlayer': 92, 'ZifengFoldMan': 940, 'Elvis': 923})
player [Yuchun] gets hole card ['D9', 'CJ'], current stack 2090
player [SichengZuo] gets hole card ['S4', 'SJ'], current stack 940
player [JoyoPlayer] gets hole card ['S2', 'H4'], current stack 92
player [ZifengFoldMan] gets hole card ['H5', 'S5'], current stack 940
player [Elvis] gets hole card ['DJ', 'C7'], current stack 923
Started the round 20
Street "preflop" started. (community card = [])
"JoyoPlayer" declared "raise:15"
"ZifengFoldMan" declared "fold:0"
"Elvis" declared "fold:0"
"Yuchun" declared "call:15"
"SichengZuo" declared "fold:0"
Street "flop" started. (community card = ['DA', 'HQ', 'H7'])
"Yuchun" declared "call:0"
"JoyoPlayer" declared "fold:0"
"['Yuchun']" won the round 20 (stack = {'Yuchun': 2120, 'SichengZuo': 940, 'JoyoPlayer': 77, 'ZifengFoldMan': 940, 'Elvis': 923})
player [Yuchun] gets hole card ['C3', 'H2'], current stack 2120
player [SichengZuo] gets hole card ['C9', 'C4'], current stack 935
player [JoyoPlayer] gets hole card ['D2', 'SK'], current stack 67
player [ZifengFoldMan] gets hole card ['S3', 'S7'], current stack 940
player [Elvis] gets hole card ['H3', 'DA'], current stack 923
Started the round 21
Street "preflop" started. (community card = [])
"ZifengFoldMan" declared "fold:0"
"Elvis" declared "fold:0"
"Yuchun" declared "call:10"
"SichengZuo" declared "fold:0"
"JoyoPlayer" declared "call:10"
Street "flop" started. (community card = ['H8', 'HT', 'C5'])
"JoyoPlayer" declared "fold:0"
"['Yuchun']" won the round 21 (stack = {'Yuchun': 2135, 'SichengZuo': 935, 'JoyoPlayer': 67, 'ZifengFoldMan': 940, 'Elvis': 923})
player [Yuchun] gets hole card ['H6', 'H2'], current stack 2135
player [SichengZuo] gets hole card ['DK', 'C8'], current stack 935
player [JoyoPlayer] gets hole card ['H5', 'SA'], current stack 62
player [ZifengFoldMan] gets hole card ['HT', 'HK'], current stack 930
player [Elvis] gets hole card ['H4', 'C7'], current stack 923
Started the round 22
Street "preflop" started. (community card = [])
"Elvis" declared "fold:0"
"Yuchun" declared "call:10"
"SichengZuo" declared "fold:0"
"JoyoPlayer" declared "raise:15"
"ZifengFoldMan" declared "fold:0"
"Yuchun" declared "call:15"
Street "flop" started. (community card = ['DJ', 'D4', 'C3'])
"JoyoPlayer" declared "call:0"
"Yuchun" declared "call:0"
Street "turn" started. (community card = ['DJ', 'D4', 'C3', 'C4'])
"JoyoPlayer" declared "call:0"
"Yuchun" declared "call:0"
Street "river" started. (community card = ['DJ', 'D4', 'C3', 'C4', 'CA'])
"JoyoPlayer" declared "raise:41"
"Yuchun" declared "fold:0"
"['JoyoPlayer']" won the round 22 (stack = {'Yuchun': 2120, 'SichengZuo': 935, 'JoyoPlayer': 92, 'ZifengFoldMan': 930, 'Elvis': 923})
player [Yuchun] gets hole card ['DK', 'CK'], current stack 2120
player [SichengZuo] gets hole card ['SJ', 'D2'], current stack 935
player [JoyoPlayer] gets hole card ['C5', 'S4'], current stack 92
player [ZifengFoldMan] gets hole card ['H6', 'SQ'], current stack 925
player [Elvis] gets hole card ['H2', 'D8'], current stack 913
Started the round 23
Street "preflop" started. (community card = [])
"Yuchun" declared "call:10"
"SichengZuo" declared "fold:0"
"JoyoPlayer" declared "fold:0"
"ZifengFoldMan" declared "fold:0"
"Elvis" declared "fold:0"
"['Yuchun']" won the round 23 (stack = {'Yuchun': 2135, 'SichengZuo': 935, 'JoyoPlayer': 92, 'ZifengFoldMan': 925, 'Elvis': 913})
player [Yuchun] gets hole card ['D7', 'D3'], current stack 2125
player [SichengZuo] gets hole card ['CQ', 'S3'], current stack 935
player [JoyoPlayer] gets hole card ['H2', 'H6'], current stack 92
player [ZifengFoldMan] gets hole card ['HQ', 'S7'], current stack 925
player [Elvis] gets hole card ['H8', 'HA'], current stack 908
Started the round 24
Street "preflop" started. (community card = [])
"SichengZuo" declared "fold:0"
"JoyoPlayer" declared "fold:0"
"ZifengFoldMan" declared "fold:0"
"Elvis" declared "call:10"
"Yuchun" declared "call:10"
Street "flop" started. (community card = ['D6', 'CT', 'S5'])
"Elvis" declared "call:0"
"Yuchun" declared "call:0"
Street "turn" started. (community card = ['D6', 'CT', 'S5', 'C2'])
"Elvis" declared "call:0"
"Yuchun" declared "call:0"
Street "river" started. (community card = ['D6', 'CT', 'S5', 'C2', 'HT'])
"Elvis" declared "call:0"
"Yuchun" declared "call:0"
"['Elvis']" won the round 24 (stack = {'Yuchun': 2125, 'SichengZuo': 935, 'JoyoPlayer': 92, 'ZifengFoldMan': 925, 'Elvis': 923})
player [Yuchun] gets hole card ['H6', 'HJ'], current stack 2120
player [SichengZuo] gets hole card ['HT', 'C9'], current stack 925
player [JoyoPlayer] gets hole card ['D2', 'S3'], current stack 92
player [ZifengFoldMan] gets hole card ['D7', 'S8'], current stack 925
player [Elvis] gets hole card ['C2', 'C6'], current stack 923
Started the round 25
Street "preflop" started. (community card = [])
"JoyoPlayer" declared "fold:0"
"ZifengFoldMan" declared "fold:0"
"Elvis" declared "fold:0"
"Yuchun" declared "call:10"
"SichengZuo" declared "fold:0"
"['Yuchun']" won the round 25 (stack = {'Yuchun': 2135, 'SichengZuo': 925, 'JoyoPlayer': 92, 'ZifengFoldMan': 925, 'Elvis': 923})
player [Yuchun] gets hole card ['H6', 'C8'], current stack 2135
player [SichengZuo] gets hole card ['HK', 'C9'], current stack 920
player [JoyoPlayer] gets hole card ['C2', 'SK'], current stack 82
player [ZifengFoldMan] gets hole card ['H4', 'CT'], current stack 925
player [Elvis] gets hole card ['H2', 'CA'], current stack 923
Started the round 26
Street "preflop" started. (community card = [])
"ZifengFoldMan" declared "fold:0"
"Elvis" declared "fold:0"
"Yuchun" declared "call:10"
"SichengZuo" declared "fold:0"
"JoyoPlayer" declared "call:10"
Street "flop" started. (community card = ['DJ', 'D9', 'H5'])
"JoyoPlayer" declared "fold:0"
"['Yuchun']" won the round 26 (stack = {'Yuchun': 2150, 'SichengZuo': 920, 'JoyoPlayer': 82, 'ZifengFoldMan': 925, 'Elvis': 923})
player [Yuchun] gets hole card ['D8', 'H7'], current stack 2150
player [SichengZuo] gets hole card ['S5', 'S3'], current stack 920
player [JoyoPlayer] gets hole card ['H2', 'ST'], current stack 77
player [ZifengFoldMan] gets hole card ['D9', 'H6'], current stack 915
player [Elvis] gets hole card ['C2', 'DA'], current stack 923
Started the round 27
Street "preflop" started. (community card = [])
"Elvis" declared "fold:0"
"Yuchun" declared "call:10"
"SichengZuo" declared "fold:0"
"JoyoPlayer" declared "fold:0"
"ZifengFoldMan" declared "fold:0"
"['Yuchun']" won the round 27 (stack = {'Yuchun': 2165, 'SichengZuo': 920, 'JoyoPlayer': 77, 'ZifengFoldMan': 915, 'Elvis': 923})
player [Yuchun] gets hole card ['S8', 'DK'], current stack 2165
player [SichengZuo] gets hole card ['HK', 'S2'], current stack 920
player [JoyoPlayer] gets hole card ['CT', 'H2'], current stack 77
player [ZifengFoldMan] gets hole card ['S7', 'ST'], current stack 910
player [Elvis] gets hole card ['DA', 'HJ'], current stack 913
Started the round 28
Street "preflop" started. (community card = [])
"Yuchun" declared "call:10"
"SichengZuo" declared "fold:0"
"JoyoPlayer" declared "raise:15"
"ZifengFoldMan" declared "fold:0"
"Elvis" declared "raise:127"
"Yuchun" declared "call:127"
"JoyoPlayer" declared "fold:0"
Street "flop" started. (community card = ['H7', 'S9', 'CJ'])
"Elvis" declared "raise:796"
"Yuchun" declared "fold:0"
"['Elvis']" won the round 28 (stack = {'Yuchun': 2038, 'SichengZuo': 920, 'JoyoPlayer': 62, 'ZifengFoldMan': 910, 'Elvis': 1070})
player [Yuchun] gets hole card ['S3', 'H2'], current stack 2028
player [SichengZuo] gets hole card ['CT', 'S7'], current stack 920
player [JoyoPlayer] gets hole card ['H4', 'C8'], current stack 62
player [ZifengFoldMan] gets hole card ['S2', 'HK'], current stack 910
player [Elvis] gets hole card ['DJ', 'C4'], current stack 1065
Started the round 29
Street "preflop" started. (community card = [])
"SichengZuo" declared "fold:0"
"JoyoPlayer" declared "fold:0"
"ZifengFoldMan" declared "fold:0"
"Elvis" declared "raise:73"
"Yuchun" declared "call:73"
Street "flop" started. (community card = ['D9', 'C5', 'D5'])
"Elvis" declared "raise:10"
"Yuchun" declared "call:10"
Street "turn" started. (community card = ['D9', 'C5', 'D5', 'C7'])
"Elvis" declared "raise:10"
"Yuchun" declared "fold:0"
"['Elvis']" won the round 29 (stack = {'Yuchun': 1955, 'SichengZuo': 920, 'JoyoPlayer': 62, 'ZifengFoldMan': 910, 'Elvis': 1153})
player [Yuchun] gets hole card ['C2', 'CK'], current stack 1950
player [SichengZuo] gets hole card ['CQ', 'DK'], current stack 910
player [JoyoPlayer] gets hole card ['H3', 'SA'], current stack 62
player [ZifengFoldMan] gets hole card ['C9', 'HK'], current stack 910
player [Elvis] gets hole card ['HT', 'HQ'], current stack 1153
Started the round 30
Street "preflop" started. (community card = [])
"JoyoPlayer" declared "fold:0"
"ZifengFoldMan" declared "fold:0"
"Elvis" declared "raise:69"
"Yuchun" declared "call:69"
"SichengZuo" declared "fold:0"
Street "flop" started. (community card = ['SJ', 'C3', 'SK'])
"Yuchun" declared "raise:40"
"Elvis" declared "raise:297"
"Yuchun" declared "call:297"
Street "turn" started. (community card = ['SJ', 'C3', 'SK', 'C5'])
"Yuchun" declared "raise:1589"
"Elvis" declared "call:1589"
Street "river" started. (community card = ['SJ', 'C3', 'SK', 'C5', 'C7'])
"['Yuchun']" won the round 30 (stack = {'Yuchun': 3118, 'SichengZuo': 910, 'JoyoPlayer': 62, 'ZifengFoldMan': 910, 'Elvis': 0})
player [Yuchun] gets hole card ['H4', 'D3'], current stack 3118
player [SichengZuo] gets hole card ['D4', 'SQ'], current stack 905
player [JoyoPlayer] gets hole card ['S5', 'D7'], current stack 52
player [ZifengFoldMan] gets hole card ['S9', 'SK'], current stack 910
Started the round 31
Street "preflop" started. (community card = [])
"ZifengFoldMan" declared "fold:0"
"Yuchun" declared "call:10"
"SichengZuo" declared "fold:0"
"JoyoPlayer" declared "fold:0"
"['Yuchun']" won the round 31 (stack = {'Yuchun': 3133, 'SichengZuo': 905, 'JoyoPlayer': 52, 'ZifengFoldMan': 910, 'Elvis': 0})
player [Yuchun] gets hole card ['DA', 'H3'], current stack 3133
player [SichengZuo] gets hole card ['S3', 'HA'], current stack 905
player [JoyoPlayer] gets hole card ['C2', 'C5'], current stack 47
player [ZifengFoldMan] gets hole card ['HK', 'C3'], current stack 900
Started the round 32
Street "preflop" started. (community card = [])
"Yuchun" declared "call:10"
"SichengZuo" declared "fold:0"
"JoyoPlayer" declared "fold:0"
"ZifengFoldMan" declared "fold:0"
"['Yuchun']" won the round 32 (stack = {'Yuchun': 3148, 'SichengZuo': 905, 'JoyoPlayer': 47, 'ZifengFoldMan': 900, 'Elvis': 0})
player [Yuchun] gets hole card ['S9', 'ST'], current stack 3138
player [SichengZuo] gets hole card ['HT', 'CK'], current stack 905
player [JoyoPlayer] gets hole card ['C8', 'HQ'], current stack 47
player [ZifengFoldMan] gets hole card ['CT', 'S2'], current stack 895
Started the round 33
Street "preflop" started. (community card = [])
"SichengZuo" declared "fold:0"
"JoyoPlayer" declared "raise:15"
"ZifengFoldMan" declared "fold:0"
"Yuchun" declared "call:15"
Street "flop" started. (community card = ['DA', 'DK', 'SA'])
"Yuchun" declared "call:0"
"JoyoPlayer" declared "call:0"
Street "turn" started. (community card = ['DA', 'DK', 'SA', 'H3'])
"Yuchun" declared "call:0"
"JoyoPlayer" declared "call:0"
Street "river" started. (community card = ['DA', 'DK', 'SA', 'H3', 'HK'])
"Yuchun" declared "call:0"
"JoyoPlayer" declared "raise:25"
"Yuchun" declared "call:25"
"['JoyoPlayer']" won the round 33 (stack = {'Yuchun': 3108, 'SichengZuo': 905, 'JoyoPlayer': 92, 'ZifengFoldMan': 895, 'Elvis': 0})
player [Yuchun] gets hole card ['S5', 'S3'], current stack 3103
player [SichengZuo] gets hole card ['S7', 'D7'], current stack 895
player [JoyoPlayer] gets hole card ['S8', 'ST'], current stack 92
player [ZifengFoldMan] gets hole card ['C4', 'HA'], current stack 895
Started the round 34
Street "preflop" started. (community card = [])
"JoyoPlayer" declared "fold:0"
"ZifengFoldMan" declared "fold:0"
"Yuchun" declared "call:10"
"SichengZuo" declared "fold:0"
"['Yuchun']" won the round 34 (stack = {'Yuchun': 3118, 'SichengZuo': 895, 'JoyoPlayer': 92, 'ZifengFoldMan': 895, 'Elvis': 0})
player [Yuchun] gets hole card ['HK', 'DJ'], current stack 3118
player [SichengZuo] gets hole card ['DQ', 'SJ'], current stack 890
player [JoyoPlayer] gets hole card ['H8', 'SA'], current stack 82
player [ZifengFoldMan] gets hole card ['S5', 'S2'], current stack 895
Started the round 35
Street "preflop" started. (community card = [])
"ZifengFoldMan" declared "fold:0"
"Yuchun" declared "call:10"
"SichengZuo" declared "fold:0"
"JoyoPlayer" declared "call:10"
Street "flop" started. (community card = ['C4', 'C8', 'HQ'])
"JoyoPlayer" declared "raise:20"
"Yuchun" declared "call:20"
Street "turn" started. (community card = ['C4', 'C8', 'HQ', 'D9'])
"JoyoPlayer" declared "raise:20"
"Yuchun" declared "call:20"
Street "river" started. (community card = ['C4', 'C8', 'HQ', 'D9', 'S6'])
"JoyoPlayer" declared "call:0"
"Yuchun" declared "call:0"
"['JoyoPlayer']" won the round 35 (stack = {'Yuchun': 3068, 'SichengZuo': 890, 'JoyoPlayer': 147, 'ZifengFoldMan': 895, 'Elvis': 0})
player [Yuchun] gets hole card ['CJ', 'S8'], current stack 3068
player [SichengZuo] gets hole card ['H7', 'C8'], current stack 890
player [JoyoPlayer] gets hole card ['D4', 'S9'], current stack 142
player [ZifengFoldMan] gets hole card ['CT', 'D9'], current stack 885
Started the round 36
Street "preflop" started. (community card = [])
"Yuchun" declared "call:10"
"SichengZuo" declared "fold:0"
"JoyoPlayer" declared "fold:0"
"ZifengFoldMan" declared "fold:0"
"['Yuchun']" won the round 36 (stack = {'Yuchun': 3083, 'SichengZuo': 890, 'JoyoPlayer': 142, 'ZifengFoldMan': 885, 'Elvis': 0})
player [Yuchun] gets hole card ['S9', 'D2'], current stack 3073
player [SichengZuo] gets hole card ['SJ', 'D4'], current stack 890
player [JoyoPlayer] gets hole card ['H2', 'C2'], current stack 142
player [ZifengFoldMan] gets hole card ['H7', 'SA'], current stack 880
Started the round 37
Street "preflop" started. (community card = [])
"SichengZuo" declared "fold:0"
"JoyoPlayer" declared "fold:0"
"ZifengFoldMan" declared "fold:0"
"['Yuchun']" won the round 37 (stack = {'Yuchun': 3088, 'SichengZuo': 890, 'JoyoPlayer': 142, 'ZifengFoldMan': 880, 'Elvis': 0})
player [Yuchun] gets hole card ['SA', 'DT'], current stack 3083
player [SichengZuo] gets hole card ['D9', 'C2'], current stack 880
player [JoyoPlayer] gets hole card ['DA', 'DK'], current stack 142
player [ZifengFoldMan] gets hole card ['HT', 'CQ'], current stack 880
Started the round 38
Street "preflop" started. (community card = [])
"JoyoPlayer" declared "fold:0"
"ZifengFoldMan" declared "fold:0"
"Yuchun" declared "call:10"
"SichengZuo" declared "fold:0"
"['Yuchun']" won the round 38 (stack = {'Yuchun': 3098, 'SichengZuo': 880, 'JoyoPlayer': 142, 'ZifengFoldMan': 880, 'Elvis': 0})
player [Yuchun] gets hole card ['SA', 'D7'], current stack 3098
player [SichengZuo] gets hole card ['C8', 'SJ'], current stack 875
player [JoyoPlayer] gets hole card ['D8', 'HQ'], current stack 132
player [ZifengFoldMan] gets hole card ['ST', 'DT'], current stack 880
Started the round 39
Street "preflop" started. (community card = [])
"ZifengFoldMan" declared "fold:0"
"Yuchun" declared "call:10"
"SichengZuo" declared "fold:0"
"JoyoPlayer" declared "call:10"
Street "flop" started. (community card = ['HA', 'DQ', 'C3'])
"JoyoPlayer" declared "raise:20"
"Yuchun" declared "raise:3088"
"JoyoPlayer" declared "raise:-2"
"['Yuchun']" won the round 39 (stack = {'Yuchun': 3133, 'SichengZuo': 875, 'JoyoPlayer': 112, 'ZifengFoldMan': 880, 'Elvis': 0})
player [Yuchun] gets hole card ['SJ', 'H7'], current stack 3133
player [SichengZuo] gets hole card ['S8', 'DA'], current stack 875
player [JoyoPlayer] gets hole card ['DJ', 'C3'], current stack 107
player [ZifengFoldMan] gets hole card ['C2', 'C6'], current stack 870
Started the round 40
Street "preflop" started. (community card = [])
"Yuchun" declared "call:10"
"SichengZuo" declared "fold:0"
"JoyoPlayer" declared "fold:0"
"ZifengFoldMan" declared "fold:0"
"['Yuchun']" won the round 40 (stack = {'Yuchun': 3148, 'SichengZuo': 875, 'JoyoPlayer': 107, 'ZifengFoldMan': 870, 'Elvis': 0})
player [Yuchun] gets hole card ['D8', 'ST'], current stack 3138
player [SichengZuo] gets hole card ['C8', 'HT'], current stack 875
player [JoyoPlayer] gets hole card ['D7', 'S2'], current stack 107
player [ZifengFoldMan] gets hole card ['H8', 'SQ'], current stack 865
Started the round 41
Street "preflop" started. (community card = [])
"SichengZuo" declared "fold:0"
"JoyoPlayer" declared "raise:15"
"ZifengFoldMan" declared "fold:0"
"Yuchun" declared "call:15"
Street "flop" started. (community card = ['HA', 'H3', 'H6'])
"Yuchun" declared "fold:0"
"['JoyoPlayer']" won the round 41 (stack = {'Yuchun': 3133, 'SichengZuo': 875, 'JoyoPlayer': 127, 'ZifengFoldMan': 865, 'Elvis': 0})
player [Yuchun] gets hole card ['D9', 'DQ'], current stack 3128
player [SichengZuo] gets hole card ['SK', 'D3'], current stack 865
player [JoyoPlayer] gets hole card ['HA', 'DA'], current stack 127
player [ZifengFoldMan] gets hole card ['DT', 'C6'], current stack 865
Started the round 42
Street "preflop" started. (community card = [])
"JoyoPlayer" declared "call:10"
"ZifengFoldMan" declared "fold:0"
"Yuchun" declared "fold:0"
"SichengZuo" declared "fold:0"
"['JoyoPlayer']" won the round 42 (stack = {'Yuchun': 3128, 'SichengZuo': 865, 'JoyoPlayer': 142, 'ZifengFoldMan': 865, 'Elvis': 0})
player [Yuchun] gets hole card ['CJ', 'H2'], current stack 3128
player [SichengZuo] gets hole card ['C5', 'H4'], current stack 860
player [JoyoPlayer] gets hole card ['SJ', 'HA'], current stack 132
player [ZifengFoldMan] gets hole card ['S7', 'S2'], current stack 865
Started the round 43
Street "preflop" started. (community card = [])
"ZifengFoldMan" declared "fold:0"
"Yuchun" declared "fold:0"
"SichengZuo" declared "fold:0"
"['JoyoPlayer']" won the round 43 (stack = {'Yuchun': 3128, 'SichengZuo': 860, 'JoyoPlayer': 147, 'ZifengFoldMan': 865, 'Elvis': 0})
player [Yuchun] gets hole card ['C2', 'H4'], current stack 3128
player [SichengZuo] gets hole card ['S6', 'C8'], current stack 860
player [JoyoPlayer] gets hole card ['H5', 'ST'], current stack 142
player [ZifengFoldMan] gets hole card ['HJ', 'C7'], current stack 855
Started the round 44
Street "preflop" started. (community card = [])
"Yuchun" declared "fold:0"
"SichengZuo" declared "fold:0"
"JoyoPlayer" declared "fold:0"
"['ZifengFoldMan']" won the round 44 (stack = {'Yuchun': 3128, 'SichengZuo': 860, 'JoyoPlayer': 142, 'ZifengFoldMan': 870, 'Elvis': 0})
player [Yuchun] gets hole card ['S8', 'DJ'], current stack 3118
player [SichengZuo] gets hole card ['D9', 'H9'], current stack 860
player [JoyoPlayer] gets hole card ['S5', 'C3'], current stack 142
player [ZifengFoldMan] gets hole card ['DK', 'C5'], current stack 865
Started the round 45
Street "preflop" started. (community card = [])
"SichengZuo" declared "fold:0"
"JoyoPlayer" declared "fold:0"
"ZifengFoldMan" declared "fold:0"
"['Yuchun']" won the round 45 (stack = {'Yuchun': 3133, 'SichengZuo': 860, 'JoyoPlayer': 142, 'ZifengFoldMan': 865, 'Elvis': 0})
player [Yuchun] gets hole card ['C2', 'CQ'], current stack 3128
player [SichengZuo] gets hole card ['D8', 'H8'], current stack 850
player [JoyoPlayer] gets hole card ['HT', 'HK'], current stack 142
player [ZifengFoldMan] gets hole card ['CT', 'HA'], current stack 865
Started the round 46
Street "preflop" started. (community card = [])
"JoyoPlayer" declared "fold:0"
"ZifengFoldMan" declared "fold:0"
"Yuchun" declared "call:10"
"SichengZuo" declared "fold:0"
"['Yuchun']" won the round 46 (stack = {'Yuchun': 3143, 'SichengZuo': 850, 'JoyoPlayer': 142, 'ZifengFoldMan': 865, 'Elvis': 0})
player [Yuchun] gets hole card ['D3', 'DQ'], current stack 3143
player [SichengZuo] gets hole card ['HK', 'D6'], current stack 845
player [JoyoPlayer] gets hole card ['HT', 'S9'], current stack 132
player [ZifengFoldMan] gets hole card ['HA', 'DA'], current stack 865
Started the round 47
Street "preflop" started. (community card = [])
"ZifengFoldMan" declared "fold:0"
"Yuchun" declared "fold:0"
"SichengZuo" declared "fold:0"
"['JoyoPlayer']" won the round 47 (stack = {'Yuchun': 3143, 'SichengZuo': 845, 'JoyoPlayer': 147, 'ZifengFoldMan': 865, 'Elvis': 0})
player [Yuchun] gets hole card ['HT', 'DK'], current stack 3143
player [SichengZuo] gets hole card ['C2', 'HQ'], current stack 845
player [JoyoPlayer] gets hole card ['CJ', 'H6'], current stack 142
player [ZifengFoldMan] gets hole card ['CK', 'CA'], current stack 855
Started the round 48
Street "preflop" started. (community card = [])
"Yuchun" declared "fold:0"
"SichengZuo" declared "fold:0"
"JoyoPlayer" declared "fold:0"
"['ZifengFoldMan']" won the round 48 (stack = {'Yuchun': 3143, 'SichengZuo': 845, 'JoyoPlayer': 142, 'ZifengFoldMan': 870, 'Elvis': 0})
player [Yuchun] gets hole card ['DT', 'S8'], current stack 3133
player [SichengZuo] gets hole card ['HT', 'ST'], current stack 845
player [JoyoPlayer] gets hole card ['C3', 'DK'], current stack 142
player [ZifengFoldMan] gets hole card ['S6', 'CQ'], current stack 865
Started the round 49
Street "preflop" started. (community card = [])
"SichengZuo" declared "fold:0"
"JoyoPlayer" declared "raise:15"
"ZifengFoldMan" declared "fold:0"
"Yuchun" declared "call:15"
Street "flop" started. (community card = ['C2', 'CK', 'H5'])
"Yuchun" declared "fold:0"
"['JoyoPlayer']" won the round 49 (stack = {'Yuchun': 3128, 'SichengZuo': 845, 'JoyoPlayer': 162, 'ZifengFoldMan': 865, 'Elvis': 0})
player [Yuchun] gets hole card ['H6', 'S8'], current stack 3123
player [SichengZuo] gets hole card ['S4', 'C6'], current stack 835
player [JoyoPlayer] gets hole card ['D6', 'SQ'], current stack 162
player [ZifengFoldMan] gets hole card ['S3', 'C5'], current stack 865
Started the round 50
Street "preflop" started. (community card = [])
"JoyoPlayer" declared "raise:15"
"ZifengFoldMan" declared "fold:0"
"Yuchun" declared "fold:0"
"SichengZuo" declared "fold:0"
"['JoyoPlayer']" won the round 50 (stack = {'Yuchun': 3123, 'SichengZuo': 835, 'JoyoPlayer': 177, 'ZifengFoldMan': 865, 'Elvis': 0})

Game Results:
------------------------------------------------------------
Game 1:
Winner: Yuchun (stack: 3123)
All players' stacks:
  Yuchun: 3123
  SichengZuo: 835
  JoyoPlayer: 177
  ZifengFoldMan: 865
  Elvis: 0
------------------------------------------------------------
