player [Zheng] gets hole card ['C6', 'D5'], current stack 1000
player [RaphaelPlayer] gets hole card ['DJ', 'D2'], current stack 995
player [EvanPlayer] gets hole card ['H5', 'D4'], current stack 990
player [ZheyuX] gets hole card ['CJ', 'C9'], current stack 1000
player [KLChen2PokerPlayer] gets hole card ['S7', 'HT'], current stack 1000
Started the round 1
Street "preflop" started. (community card = [])
"ZheyuX" declared "call:10"
"KLChen2PokerPlayer" declared "call:10"
"Zheng" declared "call:10"
"RaphaelPlayer" declared "fold:0"
"EvanPlayer" declared "fold:10"
Street "flop" started. (community card = ['CA', 'C4', 'HJ'])
"ZheyuX" declared "raise:10"
"KLChen2PokerPlayer" declared "fold:0"
"Zheng" declared "call:10"
Street "turn" started. (community card = ['CA', 'C4', 'HJ', 'H6'])
"ZheyuX" declared "raise:10"
"Zheng" declared "call:10"
Street "river" started. (community card = ['CA', 'C4', 'HJ', 'H6', 'CQ'])
"ZheyuX" declared "raise:10"
"Zheng" declared "call:10"
"['ZheyuX']" won the round 1 (stack = {'Zheng': 960, 'RaphaelPlayer': 995, 'EvanPlayer': 990, 'ZheyuX': 1065, 'KLChen2PokerPlayer': 990})
player [Zheng] gets hole card ['HK', 'S9'], current stack 960
player [RaphaelPlayer] gets hole card ['H5', 'CA'], current stack 995
player [EvanPlayer] gets hole card ['S7', 'S5'], current stack 985
player [ZheyuX] gets hole card ['S8', 'C5'], current stack 1055
player [KLChen2PokerPlayer] gets hole card ['S2', 'DT'], current stack 990
Started the round 2
Street "preflop" started. (community card = [])
"KLChen2PokerPlayer" declared "fold:0"
"Zheng" declared "call:10"
"RaphaelPlayer" declared "call:10"
"EvanPlayer" declared "fold:10"
"ZheyuX" declared "call:10"
Street "flop" started. (community card = ['ST', 'H9', 'DJ'])
"ZheyuX" declared "call:0"
"Zheng" declared "call:0"
"RaphaelPlayer" declared "call:0"
Street "turn" started. (community card = ['ST', 'H9', 'DJ', 'D4'])
"ZheyuX" declared "call:0"
"Zheng" declared "call:0"
"RaphaelPlayer" declared "call:0"
Street "river" started. (community card = ['ST', 'H9', 'DJ', 'D4', 'C8'])
"ZheyuX" declared "call:0"
"Zheng" declared "call:0"
"RaphaelPlayer" declared "call:0"
"['Zheng']" won the round 2 (stack = {'Zheng': 985, 'RaphaelPlayer': 985, 'EvanPlayer': 985, 'ZheyuX': 1055, 'KLChen2PokerPlayer': 990})
player [Zheng] gets hole card ['S3', 'D7'], current stack 985
player [RaphaelPlayer] gets hole card ['H5', 'C7'], current stack 985
player [EvanPlayer] gets hole card ['S8', 'C3'], current stack 985
player [ZheyuX] gets hole card ['DK', 'H9'], current stack 1050
player [KLChen2PokerPlayer] gets hole card ['SA', 'SK'], current stack 980
Started the round 3
Street "preflop" started. (community card = [])
"Zheng" declared "call:10"
"RaphaelPlayer" declared "fold:0"
"EvanPlayer" declared "fold:10"
"ZheyuX" declared "call:10"
"KLChen2PokerPlayer" declared "raise:19"
"Zheng" declared "fold:0"
"ZheyuX" declared "raise:28"
"KLChen2PokerPlayer" declared "call:28"
Street "flop" started. (community card = ['HJ', 'CQ', 'CK'])
"ZheyuX" declared "raise:10"
"KLChen2PokerPlayer" declared "raise:20"
"ZheyuX" declared "raise:30"
"KLChen2PokerPlayer" declared "raise:40"
"ZheyuX" declared "raise:50"
"KLChen2PokerPlayer" declared "call:50"
Street "turn" started. (community card = ['HJ', 'CQ', 'CK', 'S4'])
"ZheyuX" declared "raise:10"
"KLChen2PokerPlayer" declared "raise:130"
"ZheyuX" declared "raise:250"
"KLChen2PokerPlayer" declared "call:250"
Street "river" started. (community card = ['HJ', 'CQ', 'CK', 'S4', 'C6'])
"ZheyuX" declared "raise:10"
"KLChen2PokerPlayer" declared "raise:115"
"ZheyuX" declared "raise:220"
"KLChen2PokerPlayer" declared "fold:0"
"['ZheyuX']" won the round 3 (stack = {'Zheng': 975, 'RaphaelPlayer': 985, 'EvanPlayer': 985, 'ZheyuX': 1508, 'KLChen2PokerPlayer': 547})
player [Zheng] gets hole card ['HQ', 'S9'], current stack 965
player [RaphaelPlayer] gets hole card ['C9', 'D2'], current stack 985
player [EvanPlayer] gets hole card ['H8', 'DA'], current stack 985
player [ZheyuX] gets hole card ['C5', 'DJ'], current stack 1508
player [KLChen2PokerPlayer] gets hole card ['S4', 'C8'], current stack 542
Started the round 4
Street "preflop" started. (community card = [])
"RaphaelPlayer" declared "fold:0"
"EvanPlayer" declared "fold:10"
"ZheyuX" declared "call:10"
"KLChen2PokerPlayer" declared "fold:0"
"Zheng" declared "call:10"
Street "flop" started. (community card = ['DQ', 'CK', 'H3'])
"Zheng" declared "raise:487"
"ZheyuX" declared "call:487"
Street "turn" started. (community card = ['DQ', 'CK', 'H3', 'S5'])
"Zheng" declared "raise:244"
"ZheyuX" declared "raise:488"
"Zheng" declared "call:488"
Street "river" started. (community card = ['DQ', 'CK', 'H3', 'S5', 'CT'])
"['Zheng']" won the round 4 (stack = {'Zheng': 1955, 'RaphaelPlayer': 985, 'EvanPlayer': 985, 'ZheyuX': 533, 'KLChen2PokerPlayer': 542})
player [Zheng] gets hole card ['H2', 'DJ'], current stack 1950
player [RaphaelPlayer] gets hole card ['CJ', 'C7'], current stack 975
player [EvanPlayer] gets hole card ['HQ', 'C4'], current stack 985
player [ZheyuX] gets hole card ['H8', 'D2'], current stack 533
player [KLChen2PokerPlayer] gets hole card ['CQ', 'C6'], current stack 542
Started the round 5
Street "preflop" started. (community card = [])
"EvanPlayer" declared "fold:10"
"ZheyuX" declared "call:10"
"KLChen2PokerPlayer" declared "raise:18"
"Zheng" declared "fold:0"
"RaphaelPlayer" declared "call:18"
"ZheyuX" declared "call:18"
Street "flop" started. (community card = ['D7', 'HA', 'DK'])
"RaphaelPlayer" declared "call:0"
"ZheyuX" declared "call:0"
"KLChen2PokerPlayer" declared "call:0"
Street "turn" started. (community card = ['D7', 'HA', 'DK', 'ST'])
"RaphaelPlayer" declared "call:0"
"ZheyuX" declared "call:0"
"KLChen2PokerPlayer" declared "call:0"
Street "river" started. (community card = ['D7', 'HA', 'DK', 'ST', 'S7'])
"RaphaelPlayer" declared "raise:69"
"ZheyuX" declared "call:69"
"KLChen2PokerPlayer" declared "fold:0"
"['RaphaelPlayer']" won the round 5 (stack = {'Zheng': 1950, 'RaphaelPlayer': 1095, 'EvanPlayer': 985, 'ZheyuX': 446, 'KLChen2PokerPlayer': 524})
player [Zheng] gets hole card ['S4', 'DJ'], current stack 1950
player [RaphaelPlayer] gets hole card ['HT', 'S5'], current stack 1090
player [EvanPlayer] gets hole card ['D7', 'ST'], current stack 975
player [ZheyuX] gets hole card ['DK', 'H3'], current stack 446
player [KLChen2PokerPlayer] gets hole card ['C9', 'DQ'], current stack 524
Started the round 6
Street "preflop" started. (community card = [])
"ZheyuX" declared "call:10"
"KLChen2PokerPlayer" declared "raise:21"
"Zheng" declared "fold:0"
"RaphaelPlayer" declared "fold:0"
"EvanPlayer" declared "fold:21"
"ZheyuX" declared "raise:32"
"KLChen2PokerPlayer" declared "fold:0"
"['ZheyuX']" won the round 6 (stack = {'Zheng': 1950, 'RaphaelPlayer': 1090, 'EvanPlayer': 975, 'ZheyuX': 482, 'KLChen2PokerPlayer': 503})
player [Zheng] gets hole card ['SA', 'SK'], current stack 1950
player [RaphaelPlayer] gets hole card ['S4', 'S3'], current stack 1090
player [EvanPlayer] gets hole card ['S6', 'SJ'], current stack 970
player [ZheyuX] gets hole card ['CT', 'C7'], current stack 472
player [KLChen2PokerPlayer] gets hole card ['D4', 'D6'], current stack 503
Started the round 7
Street "preflop" started. (community card = [])
"KLChen2PokerPlayer" declared "call:10"
"Zheng" declared "call:10"
"RaphaelPlayer" declared "fold:0"
"EvanPlayer" declared "fold:10"
"ZheyuX" declared "call:10"
Street "flop" started. (community card = ['HQ', 'H4', 'C9'])
"ZheyuX" declared "call:0"
"KLChen2PokerPlayer" declared "raise:17"
"Zheng" declared "fold:0"
"ZheyuX" declared "call:17"
Street "turn" started. (community card = ['HQ', 'H4', 'C9', 'H3'])
"ZheyuX" declared "call:0"
"KLChen2PokerPlayer" declared "call:0"
Street "river" started. (community card = ['HQ', 'H4', 'C9', 'H3', 'DK'])
"ZheyuX" declared "call:0"
"KLChen2PokerPlayer" declared "call:0"
"['KLChen2PokerPlayer']" won the round 7 (stack = {'Zheng': 1940, 'RaphaelPlayer': 1090, 'EvanPlayer': 970, 'ZheyuX': 455, 'KLChen2PokerPlayer': 545})
player [Zheng] gets hole card ['S9', 'D9'], current stack 1940
player [RaphaelPlayer] gets hole card ['H4', 'D4'], current stack 1090
player [EvanPlayer] gets hole card ['S3', 'DJ'], current stack 970
player [ZheyuX] gets hole card ['S2', 'D5'], current stack 450
player [KLChen2PokerPlayer] gets hole card ['DK', 'DA'], current stack 535
Started the round 8
Street "preflop" started. (community card = [])
"Zheng" declared "call:10"
"RaphaelPlayer" declared "call:10"
"EvanPlayer" declared "fold:10"
"ZheyuX" declared "call:10"
"KLChen2PokerPlayer" declared "raise:16"
"Zheng" declared "fold:0"
"RaphaelPlayer" declared "call:16"
"ZheyuX" declared "call:16"
Street "flop" started. (community card = ['CQ', 'D2', 'HT'])
"ZheyuX" declared "call:0"
"KLChen2PokerPlayer" declared "raise:25"
"RaphaelPlayer" declared "fold:0"
"ZheyuX" declared "raise:50"
"KLChen2PokerPlayer" declared "fold:0"
"['ZheyuX']" won the round 8 (stack = {'Zheng': 1930, 'RaphaelPlayer': 1074, 'EvanPlayer': 970, 'ZheyuX': 522, 'KLChen2PokerPlayer': 504})
player [Zheng] gets hole card ['H8', 'CK'], current stack 1920
player [RaphaelPlayer] gets hole card ['SQ', 'H5'], current stack 1074
player [EvanPlayer] gets hole card ['ST', 'C7'], current stack 970
player [ZheyuX] gets hole card ['D7', 'D9'], current stack 522
player [KLChen2PokerPlayer] gets hole card ['CQ', 'H9'], current stack 499
Started the round 9
Street "preflop" started. (community card = [])
"RaphaelPlayer" declared "fold:0"
"EvanPlayer" declared "fold:10"
"ZheyuX" declared "call:10"
"KLChen2PokerPlayer" declared "raise:15"
"Zheng" declared "call:15"
"ZheyuX" declared "call:15"
Street "flop" started. (community card = ['DK', 'C3', 'C9'])
"KLChen2PokerPlayer" declared "raise:23"
"Zheng" declared "fold:0"
"ZheyuX" declared "raise:46"
"KLChen2PokerPlayer" declared "fold:0"
"['ZheyuX']" won the round 9 (stack = {'Zheng': 1915, 'RaphaelPlayer': 1074, 'EvanPlayer': 970, 'ZheyuX': 575, 'KLChen2PokerPlayer': 466})
player [Zheng] gets hole card ['CK', 'CJ'], current stack 1910
player [RaphaelPlayer] gets hole card ['HT', 'D8'], current stack 1064
player [EvanPlayer] gets hole card ['D5', 'C2'], current stack 970
player [ZheyuX] gets hole card ['ST', 'CA'], current stack 575
player [KLChen2PokerPlayer] gets hole card ['D2', 'DA'], current stack 466
Started the round 10
Street "preflop" started. (community card = [])
"EvanPlayer" declared "fold:10"
"ZheyuX" declared "call:10"
"KLChen2PokerPlayer" declared "raise:16"
"Zheng" declared "fold:0"
"RaphaelPlayer" declared "call:16"
"ZheyuX" declared "raise:22"
"KLChen2PokerPlayer" declared "fold:0"
"RaphaelPlayer" declared "call:22"
Street "flop" started. (community card = ['H8', 'S2', 'H4'])
"RaphaelPlayer" declared "raise:75"
"ZheyuX" declared "raise:150"
"RaphaelPlayer" declared "call:150"
Street "turn" started. (community card = ['H8', 'S2', 'H4', 'C3'])
"RaphaelPlayer" declared "raise:375"
"ZheyuX" declared "call:375"
Street "river" started. (community card = ['H8', 'S2', 'H4', 'C3', 'S6'])
"RaphaelPlayer" declared "raise:527"
"ZheyuX" declared "fold:0"
"['RaphaelPlayer']" won the round 10 (stack = {'Zheng': 1910, 'RaphaelPlayer': 1642, 'EvanPlayer': 970, 'ZheyuX': 28, 'KLChen2PokerPlayer': 450})
player [Zheng] gets hole card ['D9', 'DK'], current stack 1910
player [RaphaelPlayer] gets hole card ['SK', 'D8'], current stack 1637
player [EvanPlayer] gets hole card ['S6', 'C3'], current stack 960
player [ZheyuX] gets hole card ['H5', 'S8'], current stack 28
player [KLChen2PokerPlayer] gets hole card ['S5', 'S3'], current stack 450
Started the round 11
Street "preflop" started. (community card = [])
"ZheyuX" declared "call:10"
"KLChen2PokerPlayer" declared "fold:0"
"Zheng" declared "call:10"
"RaphaelPlayer" declared "call:10"
"EvanPlayer" declared "raise:970"
"ZheyuX" declared "fold:0"
"Zheng" declared "fold:0"
"RaphaelPlayer" declared "fold:0"
"['EvanPlayer']" won the round 11 (stack = {'Zheng': 1900, 'RaphaelPlayer': 1632, 'EvanPlayer': 1000, 'ZheyuX': 18, 'KLChen2PokerPlayer': 450})
player [Zheng] gets hole card ['DQ', 'S4'], current stack 1900
player [RaphaelPlayer] gets hole card ['S2', 'SA'], current stack 1632
player [EvanPlayer] gets hole card ['DT', 'D8'], current stack 995
player [ZheyuX] gets hole card ['SJ', 'C3'], current stack 8
player [KLChen2PokerPlayer] gets hole card ['S3', 'SQ'], current stack 450
Started the round 12
Street "preflop" started. (community card = [])
"KLChen2PokerPlayer" declared "call:10"
"Zheng" declared "call:10"
"RaphaelPlayer" declared "raise:30"
"EvanPlayer" declared "fold:30"
"ZheyuX" declared "fold:0"
"KLChen2PokerPlayer" declared "fold:0"
"Zheng" declared "fold:0"
"['RaphaelPlayer']" won the round 12 (stack = {'Zheng': 1890, 'RaphaelPlayer': 1667, 'EvanPlayer': 995, 'ZheyuX': 8, 'KLChen2PokerPlayer': 440})
player [Zheng] gets hole card ['H4', 'DJ'], current stack 1890
player [RaphaelPlayer] gets hole card ['C8', 'D7'], current stack 1667
player [EvanPlayer] gets hole card ['C4', 'S3'], current stack 995
player [ZheyuX] gets hole card ['S4', 'C6'], current stack 3
player [KLChen2PokerPlayer] gets hole card ['S2', 'DT'], current stack 430
Started the round 13
Street "preflop" started. (community card = [])
"Zheng" declared "call:10"
"RaphaelPlayer" declared "fold:0"
"EvanPlayer" declared "fold:10"
"ZheyuX" declared "fold:0"
"KLChen2PokerPlayer" declared "raise:17"
"Zheng" declared "fold:0"
"['KLChen2PokerPlayer']" won the round 13 (stack = {'Zheng': 1880, 'RaphaelPlayer': 1667, 'EvanPlayer': 995, 'ZheyuX': 3, 'KLChen2PokerPlayer': 455})
player [Zheng] gets hole card ['H8', 'CT'], current stack 1870
player [RaphaelPlayer] gets hole card ['D8', 'H5'], current stack 1667
player [EvanPlayer] gets hole card ['D6', 'C7'], current stack 995
player [ZheyuX] gets hole card ['SA', 'D9'], current stack 3
player [KLChen2PokerPlayer] gets hole card ['C3', 'HK'], current stack 450
Started the round 14
Street "preflop" started. (community card = [])
"RaphaelPlayer" declared "fold:0"
"EvanPlayer" declared "fold:10"
"ZheyuX" declared "call:10"
"KLChen2PokerPlayer" declared "raise:19"
"Zheng" declared "fold:0"
Street "flop" started. (community card = ['C4', 'SK', 'S8'])
Street "turn" started. (community card = ['C4', 'SK', 'S8', 'D4'])
Street "river" started. (community card = ['C4', 'SK', 'S8', 'D4', 'CJ'])
"['KLChen2PokerPlayer']" won the round 14 (stack = {'Zheng': 1870, 'RaphaelPlayer': 1667, 'EvanPlayer': 995, 'ZheyuX': 0, 'KLChen2PokerPlayer': 468})
player [Zheng] gets hole card ['H9', 'C3'], current stack 1865
player [RaphaelPlayer] gets hole card ['D6', 'HQ'], current stack 1657
player [EvanPlayer] gets hole card ['CA', 'SJ'], current stack 995
player [KLChen2PokerPlayer] gets hole card ['S4', 'D9'], current stack 468
Started the round 15
Street "preflop" started. (community card = [])
"EvanPlayer" declared "fold:10"
"KLChen2PokerPlayer" declared "fold:0"
"Zheng" declared "call:10"
"RaphaelPlayer" declared "call:10"
Street "flop" started. (community card = ['C2', 'DJ', 'SQ'])
"Zheng" declared "call:0"
"RaphaelPlayer" declared "raise:30"
"Zheng" declared "fold:0"
"['RaphaelPlayer']" won the round 15 (stack = {'Zheng': 1860, 'RaphaelPlayer': 1677, 'EvanPlayer': 995, 'ZheyuX': 0, 'KLChen2PokerPlayer': 468})
player [Zheng] gets hole card ['D6', 'H9'], current stack 1860
player [RaphaelPlayer] gets hole card ['DT', 'S4'], current stack 1672
player [EvanPlayer] gets hole card ['CK', 'DQ'], current stack 985
player [KLChen2PokerPlayer] gets hole card ['HJ', 'D9'], current stack 468
Started the round 16
Street "preflop" started. (community card = [])
"KLChen2PokerPlayer" declared "raise:15"
"Zheng" declared "call:15"
"RaphaelPlayer" declared "fold:0"
"EvanPlayer" declared "fold:15"
Street "flop" started. (community card = ['C2', 'C8', 'SQ'])
"KLChen2PokerPlayer" declared "call:0"
"Zheng" declared "call:0"
Street "turn" started. (community card = ['C2', 'C8', 'SQ', 'HQ'])
"KLChen2PokerPlayer" declared "call:0"
"Zheng" declared "call:0"
Street "river" started. (community card = ['C2', 'C8', 'SQ', 'HQ', 'CQ'])
"KLChen2PokerPlayer" declared "call:0"
"Zheng" declared "call:0"
"['KLChen2PokerPlayer']" won the round 16 (stack = {'Zheng': 1845, 'RaphaelPlayer': 1672, 'EvanPlayer': 985, 'ZheyuX': 0, 'KLChen2PokerPlayer': 498})
player [Zheng] gets hole card ['H4', 'SA'], current stack 1845
player [RaphaelPlayer] gets hole card ['C9', 'D3'], current stack 1672
player [EvanPlayer] gets hole card ['CT', 'S6'], current stack 980
player [KLChen2PokerPlayer] gets hole card ['HJ', 'S5'], current stack 488
Started the round 17
Street "preflop" started. (community card = [])
"Zheng" declared "call:10"
"RaphaelPlayer" declared "fold:0"
"EvanPlayer" declared "fold:10"
"KLChen2PokerPlayer" declared "call:10"
Street "flop" started. (community card = ['S2', 'C7', 'SQ'])
"KLChen2PokerPlayer" declared "call:0"
"Zheng" declared "call:0"
Street "turn" started. (community card = ['S2', 'C7', 'SQ', 'H2'])
"KLChen2PokerPlayer" declared "call:0"
"Zheng" declared "call:0"
Street "river" started. (community card = ['S2', 'C7', 'SQ', 'H2', 'HQ'])
"KLChen2PokerPlayer" declared "call:0"
"Zheng" declared "call:0"
"['Zheng']" won the round 17 (stack = {'Zheng': 1860, 'RaphaelPlayer': 1672, 'EvanPlayer': 980, 'ZheyuX': 0, 'KLChen2PokerPlayer': 488})
player [Zheng] gets hole card ['C2', 'CJ'], current stack 1850
player [RaphaelPlayer] gets hole card ['D2', 'H3'], current stack 1672
player [EvanPlayer] gets hole card ['C4', 'CT'], current stack 980
player [KLChen2PokerPlayer] gets hole card ['H7', 'H5'], current stack 483
Started the round 18
Street "preflop" started. (community card = [])
"RaphaelPlayer" declared "fold:0"
"EvanPlayer" declared "fold:10"
"KLChen2PokerPlayer" declared "raise:16"
"Zheng" declared "fold:0"
"['KLChen2PokerPlayer']" won the round 18 (stack = {'Zheng': 1850, 'RaphaelPlayer': 1672, 'EvanPlayer': 980, 'ZheyuX': 0, 'KLChen2PokerPlayer': 498})
player [Zheng] gets hole card ['C7', 'CQ'], current stack 1845
player [RaphaelPlayer] gets hole card ['H3', 'S4'], current stack 1662
player [EvanPlayer] gets hole card ['D7', 'DQ'], current stack 980
player [KLChen2PokerPlayer] gets hole card ['C8', 'D5'], current stack 498
Started the round 19
Street "preflop" started. (community card = [])
"EvanPlayer" declared "fold:10"
"KLChen2PokerPlayer" declared "fold:0"
"Zheng" declared "call:10"
"RaphaelPlayer" declared "fold:0"
"['Zheng']" won the round 19 (stack = {'Zheng': 1860, 'RaphaelPlayer': 1662, 'EvanPlayer': 980, 'ZheyuX': 0, 'KLChen2PokerPlayer': 498})
player [Zheng] gets hole card ['S4', 'D6'], current stack 1860
player [RaphaelPlayer] gets hole card ['C8', 'DA'], current stack 1657
player [EvanPlayer] gets hole card ['D5', 'C2'], current stack 970
player [KLChen2PokerPlayer] gets hole card ['C9', 'S7'], current stack 498
Started the round 20
Street "preflop" started. (community card = [])
"KLChen2PokerPlayer" declared "raise:15"
"Zheng" declared "call:15"
"RaphaelPlayer" declared "raise:45"
"EvanPlayer" declared "raise:980"
"KLChen2PokerPlayer" declared "fold:0"
"Zheng" declared "fold:0"
"RaphaelPlayer" declared "fold:0"
"['EvanPlayer']" won the round 20 (stack = {'Zheng': 1845, 'RaphaelPlayer': 1617, 'EvanPlayer': 1055, 'ZheyuX': 0, 'KLChen2PokerPlayer': 483})
player [Zheng] gets hole card ['D7', 'C4'], current stack 1845
player [RaphaelPlayer] gets hole card ['D5', 'HT'], current stack 1617
player [EvanPlayer] gets hole card ['H7', 'H9'], current stack 1050
player [KLChen2PokerPlayer] gets hole card ['C5', 'CQ'], current stack 473
Started the round 21
Street "preflop" started. (community card = [])
"Zheng" declared "call:10"
"RaphaelPlayer" declared "fold:0"
"EvanPlayer" declared "fold:10"
"KLChen2PokerPlayer" declared "raise:15"
"Zheng" declared "call:15"
Street "flop" started. (community card = ['C7', 'D9', 'S4'])
"KLChen2PokerPlayer" declared "call:0"
"Zheng" declared "raise:920"
"KLChen2PokerPlayer" declared "fold:0"
"['Zheng']" won the round 21 (stack = {'Zheng': 1865, 'RaphaelPlayer': 1617, 'EvanPlayer': 1050, 'ZheyuX': 0, 'KLChen2PokerPlayer': 468})
player [Zheng] gets hole card ['H7', 'C2'], current stack 1855
player [RaphaelPlayer] gets hole card ['D2', 'D9'], current stack 1617
player [EvanPlayer] gets hole card ['D7', 'ST'], current stack 1050
player [KLChen2PokerPlayer] gets hole card ['SA', 'HT'], current stack 463
Started the round 22
Street "preflop" started. (community card = [])
"RaphaelPlayer" declared "fold:0"
"EvanPlayer" declared "fold:10"
"KLChen2PokerPlayer" declared "raise:15"
"Zheng" declared "call:15"
Street "flop" started. (community card = ['S5', 'H4', 'S6'])
"KLChen2PokerPlayer" declared "call:0"
"Zheng" declared "call:0"
Street "turn" started. (community card = ['S5', 'H4', 'S6', 'D4'])
"KLChen2PokerPlayer" declared "call:0"
"Zheng" declared "call:0"
Street "river" started. (community card = ['S5', 'H4', 'S6', 'D4', 'C5'])
"KLChen2PokerPlayer" declared "call:0"
"Zheng" declared "call:0"
"['KLChen2PokerPlayer']" won the round 22 (stack = {'Zheng': 1850, 'RaphaelPlayer': 1617, 'EvanPlayer': 1050, 'ZheyuX': 0, 'KLChen2PokerPlayer': 483})
player [Zheng] gets hole card ['C3', 'DA'], current stack 1845
player [RaphaelPlayer] gets hole card ['S3', 'D2'], current stack 1607
player [EvanPlayer] gets hole card ['D3', 'H5'], current stack 1050
player [KLChen2PokerPlayer] gets hole card ['DT', 'CK'], current stack 483
Started the round 23
Street "preflop" started. (community card = [])
"EvanPlayer" declared "fold:10"
"KLChen2PokerPlayer" declared "raise:18"
"Zheng" declared "call:18"
"RaphaelPlayer" declared "fold:0"
Street "flop" started. (community card = ['C8', 'S2', 'C2'])
"Zheng" declared "call:0"
"KLChen2PokerPlayer" declared "raise:18"
"Zheng" declared "call:18"
Street "turn" started. (community card = ['C8', 'S2', 'C2', 'HA'])
"Zheng" declared "raise:912"
"KLChen2PokerPlayer" declared "fold:0"
"['Zheng']" won the round 23 (stack = {'Zheng': 1896, 'RaphaelPlayer': 1607, 'EvanPlayer': 1050, 'ZheyuX': 0, 'KLChen2PokerPlayer': 447})
player [Zheng] gets hole card ['H9', 'C4'], current stack 1896
player [RaphaelPlayer] gets hole card ['D3', 'CJ'], current stack 1602
player [EvanPlayer] gets hole card ['SA', 'CQ'], current stack 1040
player [KLChen2PokerPlayer] gets hole card ['HA', 'HK'], current stack 447
Started the round 24
Street "preflop" started. (community card = [])
"KLChen2PokerPlayer" declared "raise:17"
"Zheng" declared "call:17"
"RaphaelPlayer" declared "fold:0"
"EvanPlayer" declared "fold:17"
Street "flop" started. (community card = ['CT', 'C6', 'SQ'])
"KLChen2PokerPlayer" declared "raise:18"
"Zheng" declared "call:18"
Street "turn" started. (community card = ['CT', 'C6', 'SQ', 'C3'])
"KLChen2PokerPlayer" declared "call:0"
"Zheng" declared "call:0"
Street "river" started. (community card = ['CT', 'C6', 'SQ', 'C3', 'HT'])
"KLChen2PokerPlayer" declared "call:0"
"Zheng" declared "call:0"
"['KLChen2PokerPlayer']" won the round 24 (stack = {'Zheng': 1861, 'RaphaelPlayer': 1602, 'EvanPlayer': 1040, 'ZheyuX': 0, 'KLChen2PokerPlayer': 497})
player [Zheng] gets hole card ['C5', 'C8'], current stack 1861
player [RaphaelPlayer] gets hole card ['HK', 'CA'], current stack 1602
player [EvanPlayer] gets hole card ['S4', 'H6'], current stack 1035
player [KLChen2PokerPlayer] gets hole card ['DQ', 'CJ'], current stack 487
Started the round 25
Street "preflop" started. (community card = [])
"Zheng" declared "call:10"
"RaphaelPlayer" declared "raise:30"
"EvanPlayer" declared "fold:30"
"KLChen2PokerPlayer" declared "fold:0"
"Zheng" declared "call:30"
Street "flop" started. (community card = ['DT', 'D5', 'H2'])
"Zheng" declared "call:0"
"RaphaelPlayer" declared "call:0"
Street "turn" started. (community card = ['DT', 'D5', 'H2', 'H9'])
"Zheng" declared "call:0"
"RaphaelPlayer" declared "call:0"
Street "river" started. (community card = ['DT', 'D5', 'H2', 'H9', 'ST'])
"Zheng" declared "call:0"
"RaphaelPlayer" declared "raise:85"
"Zheng" declared "call:85"
"['Zheng']" won the round 25 (stack = {'Zheng': 1991, 'RaphaelPlayer': 1487, 'EvanPlayer': 1035, 'ZheyuX': 0, 'KLChen2PokerPlayer': 487})
player [Zheng] gets hole card ['ST', 'HJ'], current stack 1981
player [RaphaelPlayer] gets hole card ['S5', 'HT'], current stack 1487
player [EvanPlayer] gets hole card ['C8', 'D3'], current stack 1035
player [KLChen2PokerPlayer] gets hole card ['HK', 'HA'], current stack 482
Started the round 26
Street "preflop" started. (community card = [])
"RaphaelPlayer" declared "fold:0"
"EvanPlayer" declared "fold:10"
"KLChen2PokerPlayer" declared "raise:17"
"Zheng" declared "call:17"
Street "flop" started. (community card = ['SK', 'S7', 'D6'])
"KLChen2PokerPlayer" declared "raise:20"
"Zheng" declared "call:20"
Street "turn" started. (community card = ['SK', 'S7', 'D6', 'DJ'])
"KLChen2PokerPlayer" declared "raise:163"
"Zheng" declared "fold:0"
"['KLChen2PokerPlayer']" won the round 26 (stack = {'Zheng': 1954, 'RaphaelPlayer': 1487, 'EvanPlayer': 1035, 'ZheyuX': 0, 'KLChen2PokerPlayer': 524})
player [Zheng] gets hole card ['CQ', 'C4'], current stack 1949
player [RaphaelPlayer] gets hole card ['D6', 'H5'], current stack 1477
player [EvanPlayer] gets hole card ['D9', 'D7'], current stack 1035
player [KLChen2PokerPlayer] gets hole card ['H2', 'DK'], current stack 524
Started the round 27
Street "preflop" started. (community card = [])
"EvanPlayer" declared "fold:10"
"KLChen2PokerPlayer" declared "call:10"
"Zheng" declared "call:10"
"RaphaelPlayer" declared "fold:0"
Street "flop" started. (community card = ['C5', 'HQ', 'HJ'])
"Zheng" declared "call:0"
"KLChen2PokerPlayer" declared "call:0"
Street "turn" started. (community card = ['C5', 'HQ', 'HJ', 'SK'])
"Zheng" declared "call:0"
"KLChen2PokerPlayer" declared "raise:99"
"Zheng" declared "call:99"
Street "river" started. (community card = ['C5', 'HQ', 'HJ', 'SK', 'SJ'])
"Zheng" declared "call:0"
"KLChen2PokerPlayer" declared "raise:101"
"Zheng" declared "call:101"
"['KLChen2PokerPlayer']" won the round 27 (stack = {'Zheng': 1744, 'RaphaelPlayer': 1477, 'EvanPlayer': 1035, 'ZheyuX': 0, 'KLChen2PokerPlayer': 744})
player [Zheng] gets hole card ['C9', 'S4'], current stack 1744
player [RaphaelPlayer] gets hole card ['S8', 'CJ'], current stack 1472
player [EvanPlayer] gets hole card ['D5', 'H2'], current stack 1025
player [KLChen2PokerPlayer] gets hole card ['HT', 'D9'], current stack 744
Started the round 28
Street "preflop" started. (community card = [])
"KLChen2PokerPlayer" declared "raise:17"
"Zheng" declared "call:17"
"RaphaelPlayer" declared "call:17"
"EvanPlayer" declared "fold:17"
Street "flop" started. (community card = ['H6', 'C5', 'C3'])
"RaphaelPlayer" declared "call:0"
"KLChen2PokerPlayer" declared "call:0"
"Zheng" declared "call:0"
Street "turn" started. (community card = ['H6', 'C5', 'C3', 'CA'])
"RaphaelPlayer" declared "call:0"
"KLChen2PokerPlayer" declared "call:0"
"Zheng" declared "call:0"
Street "river" started. (community card = ['H6', 'C5', 'C3', 'CA', 'SJ'])
"RaphaelPlayer" declared "call:0"
"KLChen2PokerPlayer" declared "call:0"
"Zheng" declared "call:0"
"['RaphaelPlayer']" won the round 28 (stack = {'Zheng': 1727, 'RaphaelPlayer': 1521, 'EvanPlayer': 1025, 'ZheyuX': 0, 'KLChen2PokerPlayer': 727})
player [Zheng] gets hole card ['CA', 'HK'], current stack 1727
player [RaphaelPlayer] gets hole card ['D2', 'S4'], current stack 1521
player [EvanPlayer] gets hole card ['CJ', 'C6'], current stack 1020
player [KLChen2PokerPlayer] gets hole card ['D3', 'H5'], current stack 717
Started the round 29
Street "preflop" started. (community card = [])
"Zheng" declared "call:10"
"RaphaelPlayer" declared "fold:0"
"EvanPlayer" declared "fold:10"
"KLChen2PokerPlayer" declared "call:10"
Street "flop" started. (community card = ['H8', 'H6', 'H4'])
"KLChen2PokerPlayer" declared "raise:12"
"Zheng" declared "call:12"
Street "turn" started. (community card = ['H8', 'H6', 'H4', 'C4'])
"KLChen2PokerPlayer" declared "call:0"
"Zheng" declared "call:0"
Street "river" started. (community card = ['H8', 'H6', 'H4', 'C4', 'DJ'])
"KLChen2PokerPlayer" declared "call:0"
"Zheng" declared "call:0"
"['Zheng']" won the round 29 (stack = {'Zheng': 1754, 'RaphaelPlayer': 1521, 'EvanPlayer': 1020, 'ZheyuX': 0, 'KLChen2PokerPlayer': 705})
player [Zheng] gets hole card ['S4', 'H9'], current stack 1744
player [RaphaelPlayer] gets hole card ['H7', 'D5'], current stack 1521
player [EvanPlayer] gets hole card ['HQ', 'D8'], current stack 1020
player [KLChen2PokerPlayer] gets hole card ['SQ', 'S8'], current stack 700
Started the round 30
Street "preflop" started. (community card = [])
"RaphaelPlayer" declared "fold:0"
"EvanPlayer" declared "fold:10"
"KLChen2PokerPlayer" declared "raise:27"
"Zheng" declared "call:27"
Street "flop" started. (community card = ['DK', 'H4', 'DA'])
"KLChen2PokerPlayer" declared "call:0"
"Zheng" declared "call:0"
Street "turn" started. (community card = ['DK', 'H4', 'DA', 'C5'])
"KLChen2PokerPlayer" declared "call:0"
"Zheng" declared "call:0"
Street "river" started. (community card = ['DK', 'H4', 'DA', 'C5', 'C7'])
"KLChen2PokerPlayer" declared "call:0"
"Zheng" declared "call:0"
"['Zheng']" won the round 30 (stack = {'Zheng': 1781, 'RaphaelPlayer': 1521, 'EvanPlayer': 1020, 'ZheyuX': 0, 'KLChen2PokerPlayer': 678})
player [Zheng] gets hole card ['H4', 'H7'], current stack 1776
player [RaphaelPlayer] gets hole card ['SA', 'SK'], current stack 1511
player [EvanPlayer] gets hole card ['SQ', 'H8'], current stack 1020
player [KLChen2PokerPlayer] gets hole card ['H5', 'S2'], current stack 678
Started the round 31
Street "preflop" started. (community card = [])
"EvanPlayer" declared "fold:10"
"KLChen2PokerPlayer" declared "fold:0"
"Zheng" declared "call:10"
"RaphaelPlayer" declared "raise:30"
"Zheng" declared "call:30"
Street "flop" started. (community card = ['DJ', 'S3', 'H6'])
"Zheng" declared "call:0"
"RaphaelPlayer" declared "raise:70"
"Zheng" declared "call:70"
Street "turn" started. (community card = ['DJ', 'S3', 'H6', 'S8'])
"Zheng" declared "call:0"
"RaphaelPlayer" declared "raise:210"
"Zheng" declared "fold:0"
"['RaphaelPlayer']" won the round 31 (stack = {'Zheng': 1681, 'RaphaelPlayer': 1621, 'EvanPlayer': 1020, 'ZheyuX': 0, 'KLChen2PokerPlayer': 678})
player [Zheng] gets hole card ['H3', 'D2'], current stack 1681
player [RaphaelPlayer] gets hole card ['C8', 'HQ'], current stack 1616
player [EvanPlayer] gets hole card ['H7', 'SA'], current stack 1010
player [KLChen2PokerPlayer] gets hole card ['H4', 'D3'], current stack 678
Started the round 32
Street "preflop" started. (community card = [])
"KLChen2PokerPlayer" declared "fold:0"
"Zheng" declared "call:10"
"RaphaelPlayer" declared "call:10"
"EvanPlayer" declared "fold:10"
Street "flop" started. (community card = ['C7', 'S8', 'C9'])
"RaphaelPlayer" declared "raise:40"
"Zheng" declared "call:40"
Street "turn" started. (community card = ['C7', 'S8', 'C9', 'CA'])
"RaphaelPlayer" declared "raise:120"
"Zheng" declared "call:120"
Street "river" started. (community card = ['C7', 'S8', 'C9', 'CA', 'S3'])
"RaphaelPlayer" declared "raise:360"
"Zheng" declared "fold:0"
"['RaphaelPlayer']" won the round 32 (stack = {'Zheng': 1511, 'RaphaelPlayer': 1801, 'EvanPlayer': 1010, 'ZheyuX': 0, 'KLChen2PokerPlayer': 678})
player [Zheng] gets hole card ['H3', 'HK'], current stack 1511
player [RaphaelPlayer] gets hole card ['S7', 'C3'], current stack 1801
player [EvanPlayer] gets hole card ['H2', 'S4'], current stack 1005
player [KLChen2PokerPlayer] gets hole card ['D4', 'H9'], current stack 668
Started the round 33
Street "preflop" started. (community card = [])
"Zheng" declared "call:10"
"RaphaelPlayer" declared "fold:0"
"EvanPlayer" declared "fold:10"
"KLChen2PokerPlayer" declared "raise:16"
"Zheng" declared "call:16"
Street "flop" started. (community card = ['C4', 'C5', 'D5'])
"KLChen2PokerPlayer" declared "raise:17"
"Zheng" declared "call:17"
Street "turn" started. (community card = ['C4', 'C5', 'D5', 'CQ'])
"KLChen2PokerPlayer" declared "call:0"
"Zheng" declared "call:0"
Street "river" started. (community card = ['C4', 'C5', 'D5', 'CQ', 'C9'])
"KLChen2PokerPlayer" declared "call:0"
"Zheng" declared "call:0"
"['KLChen2PokerPlayer']" won the round 33 (stack = {'Zheng': 1478, 'RaphaelPlayer': 1801, 'EvanPlayer': 1005, 'ZheyuX': 0, 'KLChen2PokerPlayer': 716})
player [Zheng] gets hole card ['CA', 'DA'], current stack 1468
player [RaphaelPlayer] gets hole card ['C5', 'ST'], current stack 1801
player [EvanPlayer] gets hole card ['D7', 'H8'], current stack 1005
player [KLChen2PokerPlayer] gets hole card ['SA', 'C7'], current stack 711
Started the round 34
Street "preflop" started. (community card = [])
"RaphaelPlayer" declared "fold:0"
"EvanPlayer" declared "fold:10"
"KLChen2PokerPlayer" declared "raise:16"
"Zheng" declared "raise:750"
"KLChen2PokerPlayer" declared "fold:0"
"['Zheng']" won the round 34 (stack = {'Zheng': 1494, 'RaphaelPlayer': 1801, 'EvanPlayer': 1005, 'ZheyuX': 0, 'KLChen2PokerPlayer': 700})
player [Zheng] gets hole card ['DK', 'C7'], current stack 1489
player [RaphaelPlayer] gets hole card ['H5', 'SK'], current stack 1791
player [EvanPlayer] gets hole card ['S2', 'SA'], current stack 1005
player [KLChen2PokerPlayer] gets hole card ['D2', 'D3'], current stack 700
Started the round 35
Street "preflop" started. (community card = [])
"EvanPlayer" declared "fold:10"
"KLChen2PokerPlayer" declared "fold:0"
"Zheng" declared "call:10"
"RaphaelPlayer" declared "call:10"
Street "flop" started. (community card = ['S9', 'C2', 'C8'])
"Zheng" declared "call:0"
"RaphaelPlayer" declared "call:0"
Street "turn" started. (community card = ['S9', 'C2', 'C8', 'C5'])
"Zheng" declared "call:0"
"RaphaelPlayer" declared "raise:30"
"Zheng" declared "call:30"
Street "river" started. (community card = ['S9', 'C2', 'C8', 'C5', 'H2'])
"Zheng" declared "call:0"
"RaphaelPlayer" declared "raise:90"
"Zheng" declared "call:90"
"['RaphaelPlayer']" won the round 35 (stack = {'Zheng': 1364, 'RaphaelPlayer': 1931, 'EvanPlayer': 1005, 'ZheyuX': 0, 'KLChen2PokerPlayer': 700})
player [Zheng] gets hole card ['ST', 'C3'], current stack 1364
player [RaphaelPlayer] gets hole card ['H2', 'DK'], current stack 1926
player [EvanPlayer] gets hole card ['S5', 'D8'], current stack 995
player [KLChen2PokerPlayer] gets hole card ['C6', 'DA'], current stack 700
Started the round 36
Street "preflop" started. (community card = [])
"KLChen2PokerPlayer" declared "raise:15"
"Zheng" declared "call:15"
"RaphaelPlayer" declared "call:15"
"EvanPlayer" declared "fold:15"
Street "flop" started. (community card = ['H6', 'D2', 'S4'])
"RaphaelPlayer" declared "call:0"
"KLChen2PokerPlayer" declared "raise:29"
"Zheng" declared "call:29"
"RaphaelPlayer" declared "call:29"
Street "turn" started. (community card = ['H6', 'D2', 'S4', 'C2'])
"RaphaelPlayer" declared "raise:152"
"KLChen2PokerPlayer" declared "fold:0"
"Zheng" declared "fold:0"
"['RaphaelPlayer']" won the round 36 (stack = {'Zheng': 1320, 'RaphaelPlayer': 2029, 'EvanPlayer': 995, 'ZheyuX': 0, 'KLChen2PokerPlayer': 656})
player [Zheng] gets hole card ['C7', 'CJ'], current stack 1320
player [RaphaelPlayer] gets hole card ['SK', 'C9'], current stack 2029
player [EvanPlayer] gets hole card ['S4', 'H5'], current stack 990
player [KLChen2PokerPlayer] gets hole card ['D6', 'D4'], current stack 646
Started the round 37
Street "preflop" started. (community card = [])
"Zheng" declared "call:10"
"RaphaelPlayer" declared "call:10"
"EvanPlayer" declared "fold:10"
"KLChen2PokerPlayer" declared "call:10"
Street "flop" started. (community card = ['SJ', 'D7', 'C3'])
"KLChen2PokerPlayer" declared "call:0"
"Zheng" declared "raise:660"
"RaphaelPlayer" declared "fold:0"
"KLChen2PokerPlayer" declared "fold:0"
"['Zheng']" won the round 37 (stack = {'Zheng': 1345, 'RaphaelPlayer': 2019, 'EvanPlayer': 990, 'ZheyuX': 0, 'KLChen2PokerPlayer': 646})
player [Zheng] gets hole card ['ST', 'H3'], current stack 1335
player [RaphaelPlayer] gets hole card ['C7', 'S7'], current stack 2019
player [EvanPlayer] gets hole card ['CT', 'H5'], current stack 990
player [KLChen2PokerPlayer] gets hole card ['CK', 'D3'], current stack 641
Started the round 38
Street "preflop" started. (community card = [])
"RaphaelPlayer" declared "raise:30"
"EvanPlayer" declared "fold:30"
"KLChen2PokerPlayer" declared "fold:0"
"Zheng" declared "call:30"
Street "flop" started. (community card = ['C4', 'C8', 'C9'])
"Zheng" declared "call:0"
"RaphaelPlayer" declared "raise:75"
"Zheng" declared "call:75"
Street "turn" started. (community card = ['C4', 'C8', 'C9', 'C3'])
"Zheng" declared "call:0"
"RaphaelPlayer" declared "raise:225"
"Zheng" declared "fold:0"
"['RaphaelPlayer']" won the round 38 (stack = {'Zheng': 1240, 'RaphaelPlayer': 2129, 'EvanPlayer': 990, 'ZheyuX': 0, 'KLChen2PokerPlayer': 641})
player [Zheng] gets hole card ['C4', 'S2'], current stack 1235
player [RaphaelPlayer] gets hole card ['DA', 'D6'], current stack 2119
player [EvanPlayer] gets hole card ['C5', 'HK'], current stack 990
player [KLChen2PokerPlayer] gets hole card ['S7', 'SK'], current stack 641
Started the round 39
Street "preflop" started. (community card = [])
"EvanPlayer" declared "fold:10"
"KLChen2PokerPlayer" declared "raise:15"
"Zheng" declared "call:15"
"RaphaelPlayer" declared "call:15"
Street "flop" started. (community card = ['DK', 'ST', 'D7'])
"Zheng" declared "call:0"
"RaphaelPlayer" declared "call:0"
"KLChen2PokerPlayer" declared "raise:20"
"Zheng" declared "call:20"
"RaphaelPlayer" declared "call:20"
Street "turn" started. (community card = ['DK', 'ST', 'D7', 'C9'])
"Zheng" declared "call:0"
"RaphaelPlayer" declared "call:0"
"KLChen2PokerPlayer" declared "raise:99"
"Zheng" declared "call:99"
"RaphaelPlayer" declared "fold:0"
Street "river" started. (community card = ['DK', 'ST', 'D7', 'C9', 'SQ'])
"Zheng" declared "call:0"
"KLChen2PokerPlayer" declared "call:0"
"['KLChen2PokerPlayer']" won the round 39 (stack = {'Zheng': 1106, 'RaphaelPlayer': 2094, 'EvanPlayer': 990, 'ZheyuX': 0, 'KLChen2PokerPlayer': 810})
player [Zheng] gets hole card ['DJ', 'C4'], current stack 1106
player [RaphaelPlayer] gets hole card ['HJ', 'CJ'], current stack 2089
player [EvanPlayer] gets hole card ['C3', 'CA'], current stack 980
player [KLChen2PokerPlayer] gets hole card ['DQ', 'HK'], current stack 810
Started the round 40
Street "preflop" started. (community card = [])
"KLChen2PokerPlayer" declared "raise:18"
"Zheng" declared "call:18"
"RaphaelPlayer" declared "raise:72"
"EvanPlayer" declared "fold:72"
"KLChen2PokerPlayer" declared "fold:0"
"Zheng" declared "call:72"
Street "flop" started. (community card = ['H3', 'D8', 'D7'])
"RaphaelPlayer" declared "raise:182"
"Zheng" declared "fold:0"
"['RaphaelPlayer']" won the round 40 (stack = {'Zheng': 1034, 'RaphaelPlayer': 2194, 'EvanPlayer': 980, 'ZheyuX': 0, 'KLChen2PokerPlayer': 792})
player [Zheng] gets hole card ['HA', 'HQ'], current stack 1034
player [RaphaelPlayer] gets hole card ['DA', 'S7'], current stack 2194
player [EvanPlayer] gets hole card ['D5', 'C2'], current stack 975
player [KLChen2PokerPlayer] gets hole card ['D4', 'HT'], current stack 782
Started the round 41
Street "preflop" started. (community card = [])
"Zheng" declared "call:10"
"RaphaelPlayer" declared "call:10"
"EvanPlayer" declared "fold:10"
"KLChen2PokerPlayer" declared "fold:0"
Street "flop" started. (community card = ['D6', 'D2', 'C6'])
"Zheng" declared "call:0"
"RaphaelPlayer" declared "raise:45"
"Zheng" declared "call:45"
Street "turn" started. (community card = ['D6', 'D2', 'C6', 'SQ'])
"Zheng" declared "raise:494"
"RaphaelPlayer" declared "call:494"
Street "river" started. (community card = ['D6', 'D2', 'C6', 'SQ', 'S6'])
"Zheng" declared "raise:485"
"RaphaelPlayer" declared "raise:1645"
"['Zheng']" won the round 41 (stack = {'Zheng': 2083, 'RaphaelPlayer': 1160, 'EvanPlayer': 975, 'ZheyuX': 0, 'KLChen2PokerPlayer': 782})
player [Zheng] gets hole card ['D6', 'H7'], current stack 2073
player [RaphaelPlayer] gets hole card ['CQ', 'H8'], current stack 1160
player [EvanPlayer] gets hole card ['C9', 'S7'], current stack 975
player [KLChen2PokerPlayer] gets hole card ['HJ', 'S5'], current stack 777
Started the round 42
Street "preflop" started. (community card = [])
"RaphaelPlayer" declared "call:10"
"EvanPlayer" declared "fold:10"
"KLChen2PokerPlayer" declared "call:10"
"Zheng" declared "call:10"
Street "flop" started. (community card = ['CK', 'D5', 'DK'])
"KLChen2PokerPlayer" declared "raise:34"
"Zheng" declared "call:34"
"RaphaelPlayer" declared "fold:0"
Street "turn" started. (community card = ['CK', 'D5', 'DK', 'D2'])
"KLChen2PokerPlayer" declared "raise:66"
"Zheng" declared "call:66"
Street "river" started. (community card = ['CK', 'D5', 'DK', 'D2', 'D3'])
"KLChen2PokerPlayer" declared "call:0"
"Zheng" declared "call:0"
"['Zheng']" won the round 42 (stack = {'Zheng': 2203, 'RaphaelPlayer': 1150, 'EvanPlayer': 975, 'ZheyuX': 0, 'KLChen2PokerPlayer': 672})
player [Zheng] gets hole card ['D2', 'C7'], current stack 2198
player [RaphaelPlayer] gets hole card ['D6', 'DJ'], current stack 1140
player [EvanPlayer] gets hole card ['H4', 'H6'], current stack 975
player [KLChen2PokerPlayer] gets hole card ['D3', 'DT'], current stack 672
Started the round 43
Street "preflop" started. (community card = [])
"EvanPlayer" declared "fold:10"
"KLChen2PokerPlayer" declared "call:10"
"Zheng" declared "call:10"
"RaphaelPlayer" declared "call:10"
Street "flop" started. (community card = ['DA', 'CA', 'CT'])
"Zheng" declared "call:0"
"RaphaelPlayer" declared "call:0"
"KLChen2PokerPlayer" declared "raise:24"
"Zheng" declared "call:24"
"RaphaelPlayer" declared "fold:0"
Street "turn" started. (community card = ['DA', 'CA', 'CT', 'D9'])
"Zheng" declared "call:0"
"KLChen2PokerPlayer" declared "raise:314"
"Zheng" declared "fold:0"
"['KLChen2PokerPlayer']" won the round 43 (stack = {'Zheng': 2169, 'RaphaelPlayer': 1140, 'EvanPlayer': 975, 'ZheyuX': 0, 'KLChen2PokerPlayer': 716})
player [Zheng] gets hole card ['HK', 'D7'], current stack 2169
player [RaphaelPlayer] gets hole card ['H9', 'DJ'], current stack 1135
player [EvanPlayer] gets hole card ['D5', 'HQ'], current stack 965
player [KLChen2PokerPlayer] gets hole card ['CT', 'C9'], current stack 716
Started the round 44
Street "preflop" started. (community card = [])
"KLChen2PokerPlayer" declared "raise:15"
"Zheng" declared "call:15"
"RaphaelPlayer" declared "call:15"
"EvanPlayer" declared "raise:975"
"KLChen2PokerPlayer" declared "fold:0"
"Zheng" declared "fold:0"
"RaphaelPlayer" declared "fold:0"
"['EvanPlayer']" won the round 44 (stack = {'Zheng': 2154, 'RaphaelPlayer': 1125, 'EvanPlayer': 1020, 'ZheyuX': 0, 'KLChen2PokerPlayer': 701})
player [Zheng] gets hole card ['SK', 'C5'], current stack 2154
player [RaphaelPlayer] gets hole card ['H2', 'C7'], current stack 1125
player [EvanPlayer] gets hole card ['HA', 'CJ'], current stack 1015
player [KLChen2PokerPlayer] gets hole card ['S7', 'H8'], current stack 691
Started the round 45
Street "preflop" started. (community card = [])
"Zheng" declared "call:10"
"RaphaelPlayer" declared "fold:0"
"EvanPlayer" declared "raise:1020"
"KLChen2PokerPlayer" declared "fold:0"
"Zheng" declared "fold:0"
"['EvanPlayer']" won the round 45 (stack = {'Zheng': 2144, 'RaphaelPlayer': 1125, 'EvanPlayer': 1040, 'ZheyuX': 0, 'KLChen2PokerPlayer': 691})
player [Zheng] gets hole card ['CA', 'CJ'], current stack 2134
player [RaphaelPlayer] gets hole card ['H7', 'D8'], current stack 1125
player [EvanPlayer] gets hole card ['HA', 'H3'], current stack 1040
player [KLChen2PokerPlayer] gets hole card ['S4', 'DA'], current stack 686
Started the round 46
Street "preflop" started. (community card = [])
"RaphaelPlayer" declared "fold:0"
"EvanPlayer" declared "fold:10"
"KLChen2PokerPlayer" declared "raise:15"
"Zheng" declared "call:15"
Street "flop" started. (community card = ['HT', 'S8', 'CQ'])
"KLChen2PokerPlayer" declared "call:0"
"Zheng" declared "call:0"
Street "turn" started. (community card = ['HT', 'S8', 'CQ', 'C9'])
"KLChen2PokerPlayer" declared "call:0"
"Zheng" declared "raise:2129"
"KLChen2PokerPlayer" declared "fold:0"
"['Zheng']" won the round 46 (stack = {'Zheng': 2159, 'RaphaelPlayer': 1125, 'EvanPlayer': 1040, 'ZheyuX': 0, 'KLChen2PokerPlayer': 676})
player [Zheng] gets hole card ['ST', 'SQ'], current stack 2154
player [RaphaelPlayer] gets hole card ['DQ', 'S9'], current stack 1115
player [EvanPlayer] gets hole card ['SK', 'C3'], current stack 1040
player [KLChen2PokerPlayer] gets hole card ['C7', 'H4'], current stack 676
Started the round 47
Street "preflop" started. (community card = [])
"EvanPlayer" declared "fold:10"
"KLChen2PokerPlayer" declared "call:10"
"Zheng" declared "call:10"
"RaphaelPlayer" declared "call:10"
Street "flop" started. (community card = ['CA', 'CQ', 'D5'])
"Zheng" declared "call:0"
"RaphaelPlayer" declared "raise:40"
"KLChen2PokerPlayer" declared "fold:0"
"Zheng" declared "call:40"
Street "turn" started. (community card = ['CA', 'CQ', 'D5', 'D2'])
"Zheng" declared "call:0"
"RaphaelPlayer" declared "raise:120"
"Zheng" declared "call:120"
Street "river" started. (community card = ['CA', 'CQ', 'D5', 'D2', 'HQ'])
"Zheng" declared "raise:1989"
"RaphaelPlayer" declared "call:1989"
"['Zheng']" won the round 47 (stack = {'Zheng': 3294, 'RaphaelPlayer': 0, 'EvanPlayer': 1040, 'ZheyuX': 0, 'KLChen2PokerPlayer': 666})
player [Zheng] gets hole card ['CK', 'H8'], current stack 3294
player [EvanPlayer] gets hole card ['H4', 'CJ'], current stack 1035
player [KLChen2PokerPlayer] gets hole card ['S9', 'H3'], current stack 656
Started the round 48
Street "preflop" started. (community card = [])
"Zheng" declared "call:10"
"EvanPlayer" declared "fold:10"
"KLChen2PokerPlayer" declared "fold:0"
"['Zheng']" won the round 48 (stack = {'Zheng': 3309, 'RaphaelPlayer': 0, 'EvanPlayer': 1035, 'ZheyuX': 0, 'KLChen2PokerPlayer': 656})
player [Zheng] gets hole card ['C9', 'S3'], current stack 3299
player [EvanPlayer] gets hole card ['C7', 'D7'], current stack 1035
player [KLChen2PokerPlayer] gets hole card ['DK', 'H5'], current stack 651
Started the round 49
Street "preflop" started. (community card = [])
"EvanPlayer" declared "raise:1035"
"KLChen2PokerPlayer" declared "fold:0"
"Zheng" declared "fold:0"
"['EvanPlayer']" won the round 49 (stack = {'Zheng': 3299, 'RaphaelPlayer': 0, 'EvanPlayer': 1050, 'ZheyuX': 0, 'KLChen2PokerPlayer': 651})
player [Zheng] gets hole card ['S5', 'CQ'], current stack 3294
player [EvanPlayer] gets hole card ['SJ', 'C7'], current stack 1040
player [KLChen2PokerPlayer] gets hole card ['H9', 'ST'], current stack 651
Started the round 50
Street "preflop" started. (community card = [])
"KLChen2PokerPlayer" declared "raise:15"
"Zheng" declared "call:15"
"EvanPlayer" declared "raise:1050"
"KLChen2PokerPlayer" declared "fold:0"
"Zheng" declared "fold:0"
"['EvanPlayer']" won the round 50 (stack = {'Zheng': 3284, 'RaphaelPlayer': 0, 'EvanPlayer': 1080, 'ZheyuX': 0, 'KLChen2PokerPlayer': 636})

Game Results:
------------------------------------------------------------
Game 1:
Winner: Zheng (stack: 3284)
All players' stacks:
  Zheng: 3284
  RaphaelPlayer: 0
  EvanPlayer: 1080
  ZheyuX: 0
  KLChen2PokerPlayer: 636
------------------------------------------------------------
