player [Zheng] gets hole card ['H8', 'D9'], current stack 1000
player [RaphaelPlayer] gets hole card ['CJ', 'H5'], current stack 995
player [EvanPlayer] gets hole card ['SA', 'D7'], current stack 990
player [ZheyuX] gets hole card ['D8', 'SQ'], current stack 1000
player [KLChen2PokerPlayer] gets hole card ['S6', 'C3'], current stack 1000
Started the round 1
Street "preflop" started. (community card = [])
"ZheyuX" declared "call:10"
"KLChen2PokerPlayer" declared "fold:0"
"Zheng" declared "call:10"
"RaphaelPlayer" declared "fold:0"
"EvanPlayer" declared "raise:1000"
"ZheyuX" declared "call:1000"
"Zheng" declared "fold:0"
Street "flop" started. (community card = ['DJ', 'H3', 'HQ'])
Street "turn" started. (community card = ['DJ', 'H3', 'HQ', 'C8'])
Street "river" started. (community card = ['DJ', 'H3', 'HQ', 'C8', 'S4'])
"['ZheyuX']" won the round 1 (stack = {'Zheng': 990, 'RaphaelPlayer': 995, 'EvanPlayer': 0, 'ZheyuX': 2015, 'KLChen2PokerPlayer': 1000})
player [Zheng] gets hole card ['H5', 'DA'], current stack 990
player [RaphaelPlayer] gets hole card ['C3', 'S8'], current stack 995
player [ZheyuX] gets hole card ['D4', 'C2'], current stack 2010
player [KLChen2PokerPlayer] gets hole card ['C4', 'DT'], current stack 990
Started the round 2
Street "preflop" started. (community card = [])
"Zheng" declared "call:10"
"RaphaelPlayer" declared "fold:0"
"ZheyuX" declared "call:10"
"KLChen2PokerPlayer" declared "fold:0"
Street "flop" started. (community card = ['D8', 'S5', 'HK'])
"ZheyuX" declared "call:0"
"Zheng" declared "call:0"
Street "turn" started. (community card = ['D8', 'S5', 'HK', 'SJ'])
"ZheyuX" declared "call:0"
"Zheng" declared "call:0"
Street "river" started. (community card = ['D8', 'S5', 'HK', 'SJ', 'D9'])
"ZheyuX" declared "call:0"
"Zheng" declared "call:0"
"['Zheng']" won the round 2 (stack = {'Zheng': 1010, 'RaphaelPlayer': 995, 'EvanPlayer': 0, 'ZheyuX': 2005, 'KLChen2PokerPlayer': 990})
player [Zheng] gets hole card ['SQ', 'D2'], current stack 1000
player [RaphaelPlayer] gets hole card ['D3', 'S2'], current stack 995
player [ZheyuX] gets hole card ['CJ', 'HT'], current stack 2005
player [KLChen2PokerPlayer] gets hole card ['C6', 'HK'], current stack 985
Started the round 3
Street "preflop" started. (community card = [])
"RaphaelPlayer" declared "fold:0"
"ZheyuX" declared "call:10"
"KLChen2PokerPlayer" declared "raise:15"
"Zheng" declared "call:15"
"ZheyuX" declared "call:15"
Street "flop" started. (community card = ['ST', 'C9', 'C5'])
"KLChen2PokerPlayer" declared "call:0"
"Zheng" declared "call:0"
"ZheyuX" declared "raise:10"
"KLChen2PokerPlayer" declared "fold:0"
"Zheng" declared "call:10"
Street "turn" started. (community card = ['ST', 'C9', 'C5', 'CK'])
"Zheng" declared "call:0"
"ZheyuX" declared "raise:10"
"Zheng" declared "call:10"
Street "river" started. (community card = ['ST', 'C9', 'C5', 'CK', 'C7'])
"Zheng" declared "call:0"
"ZheyuX" declared "raise:10"
"Zheng" declared "call:10"
"['ZheyuX']" won the round 3 (stack = {'Zheng': 965, 'RaphaelPlayer': 995, 'EvanPlayer': 0, 'ZheyuX': 2065, 'KLChen2PokerPlayer': 975})
player [Zheng] gets hole card ['HT', 'C7'], current stack 960
player [RaphaelPlayer] gets hole card ['DA', 'D9'], current stack 985
player [ZheyuX] gets hole card ['DQ', 'S9'], current stack 2065
player [KLChen2PokerPlayer] gets hole card ['CQ', 'DJ'], current stack 975
Started the round 4
Street "preflop" started. (community card = [])
"ZheyuX" declared "call:10"
"KLChen2PokerPlayer" declared "raise:22"
"Zheng" declared "fold:0"
"RaphaelPlayer" declared "call:22"
"ZheyuX" declared "call:22"
Street "flop" started. (community card = ['SK', 'S3', 'HA'])
"RaphaelPlayer" declared "raise:81"
"ZheyuX" declared "call:81"
"KLChen2PokerPlayer" declared "fold:0"
Street "turn" started. (community card = ['SK', 'S3', 'HA', 'HQ'])
"RaphaelPlayer" declared "raise:243"
"ZheyuX" declared "raise:486"
"RaphaelPlayer" declared "call:486"
Street "river" started. (community card = ['SK', 'S3', 'HA', 'HQ', 'CA'])
"RaphaelPlayer" declared "raise:406"
"ZheyuX" declared "raise:812"
"['RaphaelPlayer']" won the round 4 (stack = {'Zheng': 960, 'RaphaelPlayer': 2017, 'EvanPlayer': 0, 'ZheyuX': 1070, 'KLChen2PokerPlayer': 953})
player [Zheng] gets hole card ['H7', 'H4'], current stack 960
player [RaphaelPlayer] gets hole card ['DJ', 'DQ'], current stack 2012
player [ZheyuX] gets hole card ['C2', 'S6'], current stack 1060
player [KLChen2PokerPlayer] gets hole card ['D9', 'S3'], current stack 953
Started the round 5
Street "preflop" started. (community card = [])
"KLChen2PokerPlayer" declared "fold:0"
"Zheng" declared "call:10"
"RaphaelPlayer" declared "call:10"
"ZheyuX" declared "call:10"
Street "flop" started. (community card = ['D2', 'CJ', 'D6'])
"RaphaelPlayer" declared "raise:40"
"ZheyuX" declared "raise:80"
"Zheng" declared "fold:0"
"RaphaelPlayer" declared "call:80"
Street "turn" started. (community card = ['D2', 'CJ', 'D6', 'CK'])
"RaphaelPlayer" declared "raise:200"
"ZheyuX" declared "raise:400"
"RaphaelPlayer" declared "call:400"
Street "river" started. (community card = ['D2', 'CJ', 'D6', 'CK', 'H5'])
"RaphaelPlayer" declared "raise:1000"
"ZheyuX" declared "call:1000"
"['ZheyuX']" won the round 5 (stack = {'Zheng': 950, 'RaphaelPlayer': 947, 'EvanPlayer': 0, 'ZheyuX': 2150, 'KLChen2PokerPlayer': 953})
player [Zheng] gets hole card ['HA', 'ST'], current stack 950
player [RaphaelPlayer] gets hole card ['DT', 'DA'], current stack 947
player [ZheyuX] gets hole card ['D3', 'H4'], current stack 2145
player [KLChen2PokerPlayer] gets hole card ['C7', 'H3'], current stack 943
Started the round 6
Street "preflop" started. (community card = [])
"Zheng" declared "call:10"
"RaphaelPlayer" declared "raise:30"
"ZheyuX" declared "call:30"
"KLChen2PokerPlayer" declared "fold:0"
"Zheng" declared "fold:0"
Street "flop" started. (community card = ['S6', 'C6', 'H2'])
"ZheyuX" declared "call:0"
"RaphaelPlayer" declared "raise:90"
"ZheyuX" declared "call:90"
Street "turn" started. (community card = ['S6', 'C6', 'H2', 'D8'])
"ZheyuX" declared "call:0"
"RaphaelPlayer" declared "raise:270"
"ZheyuX" declared "call:270"
Street "river" started. (community card = ['S6', 'C6', 'H2', 'D8', 'H6'])
"ZheyuX" declared "call:0"
"RaphaelPlayer" declared "raise:557"
"ZheyuX" declared "call:557"
"['RaphaelPlayer']" won the round 6 (stack = {'Zheng': 940, 'RaphaelPlayer': 1914, 'EvanPlayer': 0, 'ZheyuX': 1203, 'KLChen2PokerPlayer': 943})
player [Zheng] gets hole card ['CJ', 'S9'], current stack 930
player [RaphaelPlayer] gets hole card ['H9', 'C3'], current stack 1914
player [ZheyuX] gets hole card ['SK', 'H4'], current stack 1203
player [KLChen2PokerPlayer] gets hole card ['C2', 'H8'], current stack 938
Started the round 7
Street "preflop" started. (community card = [])
"RaphaelPlayer" declared "fold:0"
"ZheyuX" declared "call:10"
"KLChen2PokerPlayer" declared "fold:0"
"Zheng" declared "call:10"
Street "flop" started. (community card = ['C7', 'H2', 'D9'])
"Zheng" declared "call:0"
"ZheyuX" declared "call:0"
Street "turn" started. (community card = ['C7', 'H2', 'D9', 'HK'])
"Zheng" declared "call:0"
"ZheyuX" declared "raise:10"
"Zheng" declared "call:10"
Street "river" started. (community card = ['C7', 'H2', 'D9', 'HK', 'H7'])
"Zheng" declared "call:0"
"ZheyuX" declared "raise:10"
"Zheng" declared "call:10"
"['ZheyuX']" won the round 7 (stack = {'Zheng': 910, 'RaphaelPlayer': 1914, 'EvanPlayer': 0, 'ZheyuX': 1238, 'KLChen2PokerPlayer': 938})
player [Zheng] gets hole card ['C7', 'S7'], current stack 905
player [RaphaelPlayer] gets hole card ['C3', 'SQ'], current stack 1904
player [ZheyuX] gets hole card ['HT', 'S8'], current stack 1238
player [KLChen2PokerPlayer] gets hole card ['D8', 'S5'], current stack 938
Started the round 8
Street "preflop" started. (community card = [])
"ZheyuX" declared "call:10"
"KLChen2PokerPlayer" declared "call:10"
"Zheng" declared "call:10"
"RaphaelPlayer" declared "fold:0"
Street "flop" started. (community card = ['DK', 'H2', 'CJ'])
"Zheng" declared "call:0"
"ZheyuX" declared "call:0"
"KLChen2PokerPlayer" declared "call:0"
Street "turn" started. (community card = ['DK', 'H2', 'CJ', 'H7'])
"Zheng" declared "raise:900"
"ZheyuX" declared "fold:0"
"KLChen2PokerPlayer" declared "fold:0"
"['Zheng']" won the round 8 (stack = {'Zheng': 940, 'RaphaelPlayer': 1904, 'EvanPlayer': 0, 'ZheyuX': 1228, 'KLChen2PokerPlayer': 928})
player [Zheng] gets hole card ['S4', 'HQ'], current stack 940
player [RaphaelPlayer] gets hole card ['HK', 'HT'], current stack 1899
player [ZheyuX] gets hole card ['CJ', 'S5'], current stack 1218
player [KLChen2PokerPlayer] gets hole card ['D7', 'ST'], current stack 928
Started the round 9
Street "preflop" started. (community card = [])
"KLChen2PokerPlayer" declared "call:10"
"Zheng" declared "call:10"
"RaphaelPlayer" declared "raise:30"
"ZheyuX" declared "call:30"
"KLChen2PokerPlayer" declared "fold:0"
"Zheng" declared "fold:0"
Street "flop" started. (community card = ['H5', 'C5', 'H2'])
"RaphaelPlayer" declared "raise:90"
"ZheyuX" declared "raise:180"
"RaphaelPlayer" declared "call:180"
Street "turn" started. (community card = ['H5', 'C5', 'H2', 'C2'])
"RaphaelPlayer" declared "raise:450"
"ZheyuX" declared "raise:900"
"RaphaelPlayer" declared "call:900"
Street "river" started. (community card = ['H5', 'C5', 'H2', 'C2', 'C3'])
"RaphaelPlayer" declared "raise:794"
"ZheyuX" declared "call:794"
"['ZheyuX']" won the round 9 (stack = {'Zheng': 930, 'RaphaelPlayer': 676, 'EvanPlayer': 0, 'ZheyuX': 2476, 'KLChen2PokerPlayer': 918})
player [Zheng] gets hole card ['C9', 'CA'], current stack 930
player [RaphaelPlayer] gets hole card ['CT', 'HA'], current stack 676
player [ZheyuX] gets hole card ['C6', 'HT'], current stack 2471
player [KLChen2PokerPlayer] gets hole card ['D8', 'H4'], current stack 908
Started the round 10
Street "preflop" started. (community card = [])
"Zheng" declared "call:10"
"RaphaelPlayer" declared "call:10"
"ZheyuX" declared "call:10"
"KLChen2PokerPlayer" declared "fold:0"
Street "flop" started. (community card = ['CJ', 'SJ', 'S9'])
"ZheyuX" declared "call:0"
"Zheng" declared "call:0"
"RaphaelPlayer" declared "call:0"
Street "turn" started. (community card = ['CJ', 'SJ', 'S9', 'SQ'])
"ZheyuX" declared "call:0"
"Zheng" declared "call:0"
"RaphaelPlayer" declared "call:0"
Street "river" started. (community card = ['CJ', 'SJ', 'S9', 'SQ', 'H8'])
"ZheyuX" declared "raise:10"
"Zheng" declared "call:10"
"RaphaelPlayer" declared "raise:80"
"ZheyuX" declared "raise:150"
"Zheng" declared "fold:0"
"RaphaelPlayer" declared "call:150"
"['RaphaelPlayer', 'ZheyuX']" won the round 10 (stack = {'Zheng': 910, 'RaphaelPlayer': 691, 'EvanPlayer': 0, 'ZheyuX': 2491, 'KLChen2PokerPlayer': 908})
player [Zheng] gets hole card ['DT', 'H5'], current stack 900
player [RaphaelPlayer] gets hole card ['S4', 'SJ'], current stack 691
player [ZheyuX] gets hole card ['S3', 'H4'], current stack 2491
player [KLChen2PokerPlayer] gets hole card ['C8', 'CT'], current stack 903
Started the round 11
Street "preflop" started. (community card = [])
"RaphaelPlayer" declared "call:10"
"ZheyuX" declared "call:10"
"KLChen2PokerPlayer" declared "raise:29"
"Zheng" declared "fold:0"
"RaphaelPlayer" declared "fold:0"
"ZheyuX" declared "call:29"
Street "flop" started. (community card = ['H2', 'H9', 'C5'])
"KLChen2PokerPlayer" declared "call:0"
"ZheyuX" declared "call:0"
Street "turn" started. (community card = ['H2', 'H9', 'C5', 'HA'])
"KLChen2PokerPlayer" declared "call:0"
"ZheyuX" declared "raise:10"
"KLChen2PokerPlayer" declared "fold:0"
"['ZheyuX']" won the round 11 (stack = {'Zheng': 900, 'RaphaelPlayer': 681, 'EvanPlayer': 0, 'ZheyuX': 2540, 'KLChen2PokerPlayer': 879})
player [Zheng] gets hole card ['S5', 'D2'], current stack 895
player [RaphaelPlayer] gets hole card ['ST', 'D5'], current stack 671
player [ZheyuX] gets hole card ['DQ', 'D8'], current stack 2540
player [KLChen2PokerPlayer] gets hole card ['D4', 'DJ'], current stack 879
Started the round 12
Street "preflop" started. (community card = [])
"ZheyuX" declared "call:10"
"KLChen2PokerPlayer" declared "call:10"
"Zheng" declared "call:10"
"RaphaelPlayer" declared "fold:0"
Street "flop" started. (community card = ['HT', 'SK', 'HK'])
"Zheng" declared "call:0"
"ZheyuX" declared "call:0"
"KLChen2PokerPlayer" declared "call:0"
Street "turn" started. (community card = ['HT', 'SK', 'HK', 'CA'])
"Zheng" declared "call:0"
"ZheyuX" declared "call:0"
"KLChen2PokerPlayer" declared "call:0"
Street "river" started. (community card = ['HT', 'SK', 'HK', 'CA', 'C9'])
"Zheng" declared "call:0"
"ZheyuX" declared "call:0"
"KLChen2PokerPlayer" declared "call:0"
"['ZheyuX']" won the round 12 (stack = {'Zheng': 890, 'RaphaelPlayer': 671, 'EvanPlayer': 0, 'ZheyuX': 2570, 'KLChen2PokerPlayer': 869})
player [Zheng] gets hole card ['C6', 'D5'], current stack 890
player [RaphaelPlayer] gets hole card ['H6', 'D7'], current stack 666
player [ZheyuX] gets hole card ['H3', 'S7'], current stack 2560
player [KLChen2PokerPlayer] gets hole card ['D4', 'C4'], current stack 869
Started the round 13
Street "preflop" started. (community card = [])
"KLChen2PokerPlayer" declared "raise:15"
"Zheng" declared "call:15"
"RaphaelPlayer" declared "fold:0"
"ZheyuX" declared "call:15"
Street "flop" started. (community card = ['SQ', 'H8', 'D3'])
"ZheyuX" declared "call:0"
"KLChen2PokerPlayer" declared "raise:17"
"Zheng" declared "fold:0"
"ZheyuX" declared "raise:34"
"KLChen2PokerPlayer" declared "fold:0"
"['ZheyuX']" won the round 13 (stack = {'Zheng': 875, 'RaphaelPlayer': 666, 'EvanPlayer': 0, 'ZheyuX': 2622, 'KLChen2PokerPlayer': 837})
player [Zheng] gets hole card ['S6', 'D5'], current stack 875
player [RaphaelPlayer] gets hole card ['C8', 'C6'], current stack 666
player [ZheyuX] gets hole card ['H2', 'ST'], current stack 2617
player [KLChen2PokerPlayer] gets hole card ['S2', 'HT'], current stack 827
Started the round 14
Street "preflop" started. (community card = [])
"Zheng" declared "call:10"
"RaphaelPlayer" declared "fold:0"
"ZheyuX" declared "call:10"
"KLChen2PokerPlayer" declared "call:10"
Street "flop" started. (community card = ['HQ', 'SA', 'CJ'])
"ZheyuX" declared "call:0"
"KLChen2PokerPlayer" declared "call:0"
"Zheng" declared "call:0"
Street "turn" started. (community card = ['HQ', 'SA', 'CJ', 'H9'])
"ZheyuX" declared "call:0"
"KLChen2PokerPlayer" declared "call:0"
"Zheng" declared "call:0"
Street "river" started. (community card = ['HQ', 'SA', 'CJ', 'H9', 'C2'])
"ZheyuX" declared "call:0"
"KLChen2PokerPlayer" declared "call:0"
"Zheng" declared "call:0"
"['ZheyuX', 'KLChen2PokerPlayer']" won the round 14 (stack = {'Zheng': 865, 'RaphaelPlayer': 666, 'EvanPlayer': 0, 'ZheyuX': 2627, 'KLChen2PokerPlayer': 842})
player [Zheng] gets hole card ['D8', 'S4'], current stack 855
player [RaphaelPlayer] gets hole card ['HK', 'CQ'], current stack 666
player [ZheyuX] gets hole card ['H9', 'D7'], current stack 2627
player [KLChen2PokerPlayer] gets hole card ['H4', 'H3'], current stack 837
Started the round 15
Street "preflop" started. (community card = [])
"RaphaelPlayer" declared "call:10"
"ZheyuX" declared "call:10"
"KLChen2PokerPlayer" declared "fold:0"
"Zheng" declared "call:10"
Street "flop" started. (community card = ['S8', 'CJ', 'C7'])
"Zheng" declared "call:0"
"RaphaelPlayer" declared "call:0"
"ZheyuX" declared "call:0"
Street "turn" started. (community card = ['S8', 'CJ', 'C7', 'CA'])
"Zheng" declared "call:0"
"RaphaelPlayer" declared "call:0"
"ZheyuX" declared "call:0"
Street "river" started. (community card = ['S8', 'CJ', 'C7', 'CA', 'SA'])
"Zheng" declared "call:0"
"RaphaelPlayer" declared "call:0"
"ZheyuX" declared "call:0"
"['Zheng']" won the round 15 (stack = {'Zheng': 890, 'RaphaelPlayer': 656, 'EvanPlayer': 0, 'ZheyuX': 2617, 'KLChen2PokerPlayer': 837})
player [Zheng] gets hole card ['DK', 'D8'], current stack 885
player [RaphaelPlayer] gets hole card ['DT', 'D2'], current stack 646
player [ZheyuX] gets hole card ['S5', 'C2'], current stack 2617
player [KLChen2PokerPlayer] gets hole card ['SJ', 'CK'], current stack 837
Started the round 16
Street "preflop" started. (community card = [])
"ZheyuX" declared "call:10"
"KLChen2PokerPlayer" declared "raise:29"
"Zheng" declared "fold:0"
"RaphaelPlayer" declared "fold:0"
"ZheyuX" declared "call:29"
Street "flop" started. (community card = ['S6', 'C8', 'H8'])
"ZheyuX" declared "call:0"
"KLChen2PokerPlayer" declared "raise:10"
"ZheyuX" declared "call:10"
Street "turn" started. (community card = ['S6', 'C8', 'H8', 'D9'])
"ZheyuX" declared "call:0"
"KLChen2PokerPlayer" declared "call:0"
Street "river" started. (community card = ['S6', 'C8', 'H8', 'D9', 'DQ'])
"ZheyuX" declared "call:0"
"KLChen2PokerPlayer" declared "call:0"
"['KLChen2PokerPlayer']" won the round 16 (stack = {'Zheng': 885, 'RaphaelPlayer': 646, 'EvanPlayer': 0, 'ZheyuX': 2578, 'KLChen2PokerPlayer': 891})
player [Zheng] gets hole card ['DJ', 'D8'], current stack 885
player [RaphaelPlayer] gets hole card ['D6', 'H2'], current stack 641
player [ZheyuX] gets hole card ['CA', 'HT'], current stack 2568
player [KLChen2PokerPlayer] gets hole card ['S3', 'H4'], current stack 891
Started the round 17
Street "preflop" started. (community card = [])
"KLChen2PokerPlayer" declared "fold:0"
"Zheng" declared "call:10"
"RaphaelPlayer" declared "fold:0"
"ZheyuX" declared "raise:15"
"Zheng" declared "call:15"
Street "flop" started. (community card = ['S2', 'H8', 'HA'])
"ZheyuX" declared "raise:10"
"Zheng" declared "call:10"
Street "turn" started. (community card = ['S2', 'H8', 'HA', 'H9'])
"ZheyuX" declared "raise:10"
"Zheng" declared "call:10"
Street "river" started. (community card = ['S2', 'H8', 'HA', 'H9', 'S5'])
"ZheyuX" declared "raise:10"
"Zheng" declared "call:10"
"['ZheyuX']" won the round 17 (stack = {'Zheng': 840, 'RaphaelPlayer': 641, 'EvanPlayer': 0, 'ZheyuX': 2628, 'KLChen2PokerPlayer': 891})
player [Zheng] gets hole card ['C3', 'CQ'], current stack 840
player [RaphaelPlayer] gets hole card ['D5', 'H7'], current stack 641
player [ZheyuX] gets hole card ['D3', 'ST'], current stack 2623
player [KLChen2PokerPlayer] gets hole card ['D6', 'HA'], current stack 881
Started the round 18
Street "preflop" started. (community card = [])
"Zheng" declared "call:10"
"RaphaelPlayer" declared "fold:0"
"ZheyuX" declared "call:10"
"KLChen2PokerPlayer" declared "raise:19"
"Zheng" declared "fold:0"
"ZheyuX" declared "call:19"
Street "flop" started. (community card = ['SA', 'HJ', 'HK'])
"ZheyuX" declared "raise:10"
"KLChen2PokerPlayer" declared "raise:36"
"ZheyuX" declared "raise:62"
"KLChen2PokerPlayer" declared "call:62"
Street "turn" started. (community card = ['SA', 'HJ', 'HK', 'S9'])
"ZheyuX" declared "call:0"
"KLChen2PokerPlayer" declared "raise:238"
"ZheyuX" declared "call:238"
Street "river" started. (community card = ['SA', 'HJ', 'HK', 'S9', 'H6'])
"ZheyuX" declared "call:0"
"KLChen2PokerPlayer" declared "raise:108"
"ZheyuX" declared "call:108"
"['KLChen2PokerPlayer']" won the round 18 (stack = {'Zheng': 830, 'RaphaelPlayer': 641, 'EvanPlayer': 0, 'ZheyuX': 2201, 'KLChen2PokerPlayer': 1328})
player [Zheng] gets hole card ['S2', 'S5'], current stack 820
player [RaphaelPlayer] gets hole card ['S7', 'D4'], current stack 641
player [ZheyuX] gets hole card ['C9', 'CK'], current stack 2201
player [KLChen2PokerPlayer] gets hole card ['D3', 'CA'], current stack 1323
Started the round 19
Street "preflop" started. (community card = [])
"RaphaelPlayer" declared "fold:0"
"ZheyuX" declared "call:10"
"KLChen2PokerPlayer" declared "raise:27"
"Zheng" declared "fold:0"
"ZheyuX" declared "raise:44"
"KLChen2PokerPlayer" declared "fold:0"
"['ZheyuX']" won the round 19 (stack = {'Zheng': 820, 'RaphaelPlayer': 641, 'EvanPlayer': 0, 'ZheyuX': 2238, 'KLChen2PokerPlayer': 1301})
player [Zheng] gets hole card ['HJ', 'D8'], current stack 815
player [RaphaelPlayer] gets hole card ['ST', 'H2'], current stack 631
player [ZheyuX] gets hole card ['CT', 'CK'], current stack 2238
player [KLChen2PokerPlayer] gets hole card ['HT', 'D9'], current stack 1301
Started the round 20
Street "preflop" started. (community card = [])
"ZheyuX" declared "call:10"
"KLChen2PokerPlayer" declared "raise:18"
"Zheng" declared "call:18"
"RaphaelPlayer" declared "fold:0"
"ZheyuX" declared "call:18"
Street "flop" started. (community card = ['DQ', 'D7', 'C3'])
"Zheng" declared "call:0"
"ZheyuX" declared "call:0"
"KLChen2PokerPlayer" declared "call:0"
Street "turn" started. (community card = ['DQ', 'D7', 'C3', 'S9'])
"Zheng" declared "call:0"
"ZheyuX" declared "call:0"
"KLChen2PokerPlayer" declared "call:0"
Street "river" started. (community card = ['DQ', 'D7', 'C3', 'S9', 'C6'])
"Zheng" declared "call:0"
"ZheyuX" declared "call:0"
"KLChen2PokerPlayer" declared "call:0"
"['KLChen2PokerPlayer']" won the round 20 (stack = {'Zheng': 802, 'RaphaelPlayer': 631, 'EvanPlayer': 0, 'ZheyuX': 2220, 'KLChen2PokerPlayer': 1347})
player [Zheng] gets hole card ['H8', 'H2'], current stack 802
player [RaphaelPlayer] gets hole card ['C3', 'D9'], current stack 626
player [ZheyuX] gets hole card ['C5', 'H4'], current stack 2210
player [KLChen2PokerPlayer] gets hole card ['SK', 'H5'], current stack 1347
Started the round 21
Street "preflop" started. (community card = [])
"KLChen2PokerPlayer" declared "call:10"
"Zheng" declared "call:10"
"RaphaelPlayer" declared "fold:0"
"ZheyuX" declared "call:10"
Street "flop" started. (community card = ['D6', 'CQ', 'SJ'])
"ZheyuX" declared "call:0"
"KLChen2PokerPlayer" declared "call:0"
"Zheng" declared "call:0"
Street "turn" started. (community card = ['D6', 'CQ', 'SJ', 'S7'])
"ZheyuX" declared "call:0"
"KLChen2PokerPlayer" declared "call:0"
"Zheng" declared "call:0"
Street "river" started. (community card = ['D6', 'CQ', 'SJ', 'S7', 'S2'])
"ZheyuX" declared "fold:0"
"KLChen2PokerPlayer" declared "call:0"
"Zheng" declared "call:0"
"['Zheng']" won the round 21 (stack = {'Zheng': 827, 'RaphaelPlayer': 626, 'EvanPlayer': 0, 'ZheyuX': 2210, 'KLChen2PokerPlayer': 1337})
player [Zheng] gets hole card ['D8', 'D7'], current stack 827
player [RaphaelPlayer] gets hole card ['CK', 'D9'], current stack 626
player [ZheyuX] gets hole card ['C7', 'D5'], current stack 2205
player [KLChen2PokerPlayer] gets hole card ['S9', 'H2'], current stack 1327
Started the round 22
Street "preflop" started. (community card = [])
"Zheng" declared "call:10"
"RaphaelPlayer" declared "call:10"
"ZheyuX" declared "call:10"
"KLChen2PokerPlayer" declared "call:10"
Street "flop" started. (community card = ['C9', 'CQ', 'CA'])
"ZheyuX" declared "call:0"
"KLChen2PokerPlayer" declared "call:0"
"Zheng" declared "call:0"
"RaphaelPlayer" declared "raise:50"
"ZheyuX" declared "call:50"
"KLChen2PokerPlayer" declared "fold:0"
"Zheng" declared "call:50"
Street "turn" started. (community card = ['C9', 'CQ', 'CA', 'H4'])
"ZheyuX" declared "call:0"
"Zheng" declared "call:0"
"RaphaelPlayer" declared "raise:200"
"ZheyuX" declared "call:200"
"Zheng" declared "fold:0"
Street "river" started. (community card = ['C9', 'CQ', 'CA', 'H4', 'S7'])
"ZheyuX" declared "raise:10"
"RaphaelPlayer" declared "raise:366"
"ZheyuX" declared "raise:722"
"['RaphaelPlayer']" won the round 22 (stack = {'Zheng': 767, 'RaphaelPlayer': 1322, 'EvanPlayer': 0, 'ZheyuX': 1584, 'KLChen2PokerPlayer': 1327})
player [Zheng] gets hole card ['H4', 'DT'], current stack 757
player [RaphaelPlayer] gets hole card ['H7', 'C6'], current stack 1322
player [ZheyuX] gets hole card ['H2', 'S4'], current stack 1584
player [KLChen2PokerPlayer] gets hole card ['DK', 'HQ'], current stack 1322
Started the round 23
Street "preflop" started. (community card = [])
"RaphaelPlayer" declared "fold:0"
"ZheyuX" declared "call:10"
"KLChen2PokerPlayer" declared "raise:15"
"Zheng" declared "call:15"
"ZheyuX" declared "call:15"
Street "flop" started. (community card = ['ST', 'D4', 'DJ'])
"KLChen2PokerPlayer" declared "raise:20"
"Zheng" declared "call:20"
"ZheyuX" declared "call:20"
Street "turn" started. (community card = ['ST', 'D4', 'DJ', 'CJ'])
"KLChen2PokerPlayer" declared "call:0"
"Zheng" declared "call:0"
"ZheyuX" declared "call:0"
Street "river" started. (community card = ['ST', 'D4', 'DJ', 'CJ', 'C9'])
"KLChen2PokerPlayer" declared "raise:403"
"Zheng" declared "fold:0"
"ZheyuX" declared "raise:806"
"KLChen2PokerPlayer" declared "call:806"
"['KLChen2PokerPlayer']" won the round 23 (stack = {'Zheng': 732, 'RaphaelPlayer': 1322, 'EvanPlayer': 0, 'ZheyuX': 743, 'KLChen2PokerPlayer': 2203})
player [Zheng] gets hole card ['H4', 'S6'], current stack 727
player [RaphaelPlayer] gets hole card ['H9', 'C4'], current stack 1312
player [ZheyuX] gets hole card ['C3', 'DA'], current stack 743
player [KLChen2PokerPlayer] gets hole card ['S9', 'HT'], current stack 2203
Started the round 24
Street "preflop" started. (community card = [])
"ZheyuX" declared "call:10"
"KLChen2PokerPlayer" declared "raise:16"
"Zheng" declared "call:16"
"RaphaelPlayer" declared "fold:0"
"ZheyuX" declared "call:16"
Street "flop" started. (community card = ['SA', 'H3', 'CT'])
"Zheng" declared "call:0"
"ZheyuX" declared "raise:10"
"KLChen2PokerPlayer" declared "raise:21"
"Zheng" declared "call:21"
"ZheyuX" declared "raise:32"
"KLChen2PokerPlayer" declared "call:32"
"Zheng" declared "call:32"
Street "turn" started. (community card = ['SA', 'H3', 'CT', 'HA'])
"Zheng" declared "call:0"
"ZheyuX" declared "raise:10"
"KLChen2PokerPlayer" declared "raise:150"
"Zheng" declared "call:150"
"ZheyuX" declared "raise:290"
"KLChen2PokerPlayer" declared "fold:0"
"Zheng" declared "fold:0"
"['ZheyuX']" won the round 24 (stack = {'Zheng': 534, 'RaphaelPlayer': 1312, 'EvanPlayer': 0, 'ZheyuX': 1149, 'KLChen2PokerPlayer': 2005})
player [Zheng] gets hole card ['H7', 'HT'], current stack 534
player [RaphaelPlayer] gets hole card ['D4', 'S2'], current stack 1307
player [ZheyuX] gets hole card ['DJ', 'C6'], current stack 1139
player [KLChen2PokerPlayer] gets hole card ['H3', 'DT'], current stack 2005
Started the round 25
Street "preflop" started. (community card = [])
"KLChen2PokerPlayer" declared "fold:0"
"Zheng" declared "call:10"
"RaphaelPlayer" declared "fold:0"
"ZheyuX" declared "raise:15"
"Zheng" declared "call:15"
Street "flop" started. (community card = ['D7', 'D3', 'CQ'])
"ZheyuX" declared "call:0"
"Zheng" declared "call:0"
Street "turn" started. (community card = ['D7', 'D3', 'CQ', 'DQ'])
"ZheyuX" declared "call:0"
"Zheng" declared "call:0"
Street "river" started. (community card = ['D7', 'D3', 'CQ', 'DQ', 'H9'])
"ZheyuX" declared "call:0"
"Zheng" declared "call:0"
"['Zheng']" won the round 25 (stack = {'Zheng': 554, 'RaphaelPlayer': 1307, 'EvanPlayer': 0, 'ZheyuX': 1134, 'KLChen2PokerPlayer': 2005})
player [Zheng] gets hole card ['S9', 'DK'], current stack 554
player [RaphaelPlayer] gets hole card ['HJ', 'S5'], current stack 1307
player [ZheyuX] gets hole card ['C2', 'DJ'], current stack 1129
player [KLChen2PokerPlayer] gets hole card ['ST', 'H4'], current stack 1995
Started the round 26
Street "preflop" started. (community card = [])
"Zheng" declared "call:10"
"RaphaelPlayer" declared "fold:0"
"ZheyuX" declared "call:10"
"KLChen2PokerPlayer" declared "fold:0"
Street "flop" started. (community card = ['D6', 'C9', 'S2'])
"ZheyuX" declared "raise:10"
"Zheng" declared "call:10"
Street "turn" started. (community card = ['D6', 'C9', 'S2', 'H6'])
"ZheyuX" declared "raise:10"
"Zheng" declared "call:10"
Street "river" started. (community card = ['D6', 'C9', 'S2', 'H6', 'D3'])
"ZheyuX" declared "raise:10"
"Zheng" declared "raise:272"
"ZheyuX" declared "raise:534"
"Zheng" declared "call:534"
"['Zheng']" won the round 26 (stack = {'Zheng': 1118, 'RaphaelPlayer': 1307, 'EvanPlayer': 0, 'ZheyuX': 580, 'KLChen2PokerPlayer': 1995})
player [Zheng] gets hole card ['C3', 'HJ'], current stack 1108
player [RaphaelPlayer] gets hole card ['C4', 'CK'], current stack 1307
player [ZheyuX] gets hole card ['S6', 'D5'], current stack 580
player [KLChen2PokerPlayer] gets hole card ['D8', 'H2'], current stack 1990
Started the round 27
Street "preflop" started. (community card = [])
"RaphaelPlayer" declared "call:10"
"ZheyuX" declared "call:10"
"KLChen2PokerPlayer" declared "fold:0"
"Zheng" declared "call:10"
Street "flop" started. (community card = ['H5', 'CA', 'S3'])
"Zheng" declared "call:0"
"RaphaelPlayer" declared "call:0"
"ZheyuX" declared "call:0"
Street "turn" started. (community card = ['H5', 'CA', 'S3', 'S7'])
"Zheng" declared "call:0"
"RaphaelPlayer" declared "call:0"
"ZheyuX" declared "call:0"
Street "river" started. (community card = ['H5', 'CA', 'S3', 'S7', 'DK'])
"Zheng" declared "call:0"
"RaphaelPlayer" declared "raise:45"
"ZheyuX" declared "call:45"
"Zheng" declared "call:45"
"['RaphaelPlayer']" won the round 27 (stack = {'Zheng': 1063, 'RaphaelPlayer': 1422, 'EvanPlayer': 0, 'ZheyuX': 525, 'KLChen2PokerPlayer': 1990})
player [Zheng] gets hole card ['C7', 'S5'], current stack 1058
player [RaphaelPlayer] gets hole card ['S7', 'D4'], current stack 1412
player [ZheyuX] gets hole card ['CQ', 'S2'], current stack 525
player [KLChen2PokerPlayer] gets hole card ['H9', 'C4'], current stack 1990
Started the round 28
Street "preflop" started. (community card = [])
"ZheyuX" declared "call:10"
"KLChen2PokerPlayer" declared "fold:0"
"Zheng" declared "call:10"
"RaphaelPlayer" declared "fold:0"
Street "flop" started. (community card = ['S8', 'SA', 'C2'])
"Zheng" declared "call:0"
"ZheyuX" declared "raise:10"
"Zheng" declared "call:10"
Street "turn" started. (community card = ['S8', 'SA', 'C2', 'C8'])
"Zheng" declared "call:0"
"ZheyuX" declared "raise:10"
"Zheng" declared "call:10"
Street "river" started. (community card = ['S8', 'SA', 'C2', 'C8', 'D2'])
"Zheng" declared "call:0"
"ZheyuX" declared "raise:10"
"Zheng" declared "call:10"
"['ZheyuX']" won the round 28 (stack = {'Zheng': 1023, 'RaphaelPlayer': 1412, 'EvanPlayer': 0, 'ZheyuX': 575, 'KLChen2PokerPlayer': 1990})
player [Zheng] gets hole card ['CA', 'S7'], current stack 1023
player [RaphaelPlayer] gets hole card ['CK', 'D6'], current stack 1407
player [ZheyuX] gets hole card ['H9', 'SK'], current stack 565
player [KLChen2PokerPlayer] gets hole card ['H4', 'C8'], current stack 1990
Started the round 29
Street "preflop" started. (community card = [])
"KLChen2PokerPlayer" declared "fold:0"
"Zheng" declared "call:10"
"RaphaelPlayer" declared "call:10"
"ZheyuX" declared "call:10"
Street "flop" started. (community card = ['HQ', 'HA', 'S2'])
"RaphaelPlayer" declared "call:0"
"ZheyuX" declared "call:0"
"Zheng" declared "call:0"
Street "turn" started. (community card = ['HQ', 'HA', 'S2', 'D8'])
"RaphaelPlayer" declared "call:0"
"ZheyuX" declared "call:0"
"Zheng" declared "call:0"
Street "river" started. (community card = ['HQ', 'HA', 'S2', 'D8', 'HT'])
"RaphaelPlayer" declared "call:0"
"ZheyuX" declared "call:0"
"Zheng" declared "call:0"
"['Zheng']" won the round 29 (stack = {'Zheng': 1043, 'RaphaelPlayer': 1402, 'EvanPlayer': 0, 'ZheyuX': 565, 'KLChen2PokerPlayer': 1990})
player [Zheng] gets hole card ['HT', 'DK'], current stack 1043
player [RaphaelPlayer] gets hole card ['DT', 'D7'], current stack 1402
player [ZheyuX] gets hole card ['C8', 'H2'], current stack 560
player [KLChen2PokerPlayer] gets hole card ['D5', 'C2'], current stack 1980
Started the round 30
Street "preflop" started. (community card = [])
"Zheng" declared "call:10"
"RaphaelPlayer" declared "call:10"
"ZheyuX" declared "call:10"
"KLChen2PokerPlayer" declared "fold:0"
Street "flop" started. (community card = ['C5', 'H3', 'S3'])
"ZheyuX" declared "call:0"
"Zheng" declared "call:0"
"RaphaelPlayer" declared "call:0"
Street "turn" started. (community card = ['C5', 'H3', 'S3', 'H6'])
"ZheyuX" declared "call:0"
"Zheng" declared "call:0"
"RaphaelPlayer" declared "call:0"
Street "river" started. (community card = ['C5', 'H3', 'S3', 'H6', 'DJ'])
"ZheyuX" declared "fold:0"
"Zheng" declared "call:0"
"RaphaelPlayer" declared "call:0"
"['Zheng']" won the round 30 (stack = {'Zheng': 1073, 'RaphaelPlayer': 1392, 'EvanPlayer': 0, 'ZheyuX': 555, 'KLChen2PokerPlayer': 1980})
player [Zheng] gets hole card ['HA', 'H2'], current stack 1063
player [RaphaelPlayer] gets hole card ['C6', 'H8'], current stack 1392
player [ZheyuX] gets hole card ['C3', 'HT'], current stack 555
player [KLChen2PokerPlayer] gets hole card ['S9', 'C9'], current stack 1975
Started the round 31
Street "preflop" started. (community card = [])
"RaphaelPlayer" declared "fold:0"
"ZheyuX" declared "call:10"
"KLChen2PokerPlayer" declared "raise:18"
"Zheng" declared "call:18"
"ZheyuX" declared "call:18"
Street "flop" started. (community card = ['H6', 'CK', 'CQ'])
"KLChen2PokerPlayer" declared "raise:28"
"Zheng" declared "call:28"
"ZheyuX" declared "call:28"
Street "turn" started. (community card = ['H6', 'CK', 'CQ', 'S2'])
"KLChen2PokerPlayer" declared "call:0"
"Zheng" declared "call:0"
"ZheyuX" declared "call:0"
Street "river" started. (community card = ['H6', 'CK', 'CQ', 'S2', 'SQ'])
"KLChen2PokerPlayer" declared "call:0"
"Zheng" declared "call:0"
"ZheyuX" declared "call:0"
"['KLChen2PokerPlayer']" won the round 31 (stack = {'Zheng': 1027, 'RaphaelPlayer': 1392, 'EvanPlayer': 0, 'ZheyuX': 509, 'KLChen2PokerPlayer': 2072})
player [Zheng] gets hole card ['CJ', 'H6'], current stack 1022
player [RaphaelPlayer] gets hole card ['H7', 'DJ'], current stack 1382
player [ZheyuX] gets hole card ['SK', 'H2'], current stack 509
player [KLChen2PokerPlayer] gets hole card ['D6', 'S6'], current stack 2072
Started the round 32
Street "preflop" started. (community card = [])
"ZheyuX" declared "call:10"
"KLChen2PokerPlayer" declared "raise:15"
"Zheng" declared "call:15"
"RaphaelPlayer" declared "fold:0"
"ZheyuX" declared "call:15"
Street "flop" started. (community card = ['D9', 'S7', 'SJ'])
"Zheng" declared "call:0"
"ZheyuX" declared "call:0"
"KLChen2PokerPlayer" declared "call:0"
Street "turn" started. (community card = ['D9', 'S7', 'SJ', 'D3'])
"Zheng" declared "call:0"
"ZheyuX" declared "call:0"
"KLChen2PokerPlayer" declared "call:0"
Street "river" started. (community card = ['D9', 'S7', 'SJ', 'D3', 'HJ'])
"Zheng" declared "raise:511"
"ZheyuX" declared "fold:0"
"KLChen2PokerPlayer" declared "fold:0"
"['Zheng']" won the round 32 (stack = {'Zheng': 1067, 'RaphaelPlayer': 1382, 'EvanPlayer': 0, 'ZheyuX': 494, 'KLChen2PokerPlayer': 2057})
player [Zheng] gets hole card ['D6', 'CT'], current stack 1067
player [RaphaelPlayer] gets hole card ['CA', 'H4'], current stack 1377
player [ZheyuX] gets hole card ['S7', 'DK'], current stack 484
player [KLChen2PokerPlayer] gets hole card ['D3', 'DT'], current stack 2057
Started the round 33
Street "preflop" started. (community card = [])
"KLChen2PokerPlayer" declared "raise:16"
"Zheng" declared "call:16"
"RaphaelPlayer" declared "call:16"
"ZheyuX" declared "call:16"
Street "flop" started. (community card = ['D4', 'DA', 'D2'])
"RaphaelPlayer" declared "call:0"
"ZheyuX" declared "call:0"
"KLChen2PokerPlayer" declared "raise:28"
"Zheng" declared "call:28"
"RaphaelPlayer" declared "call:28"
"ZheyuX" declared "call:28"
Street "turn" started. (community card = ['D4', 'DA', 'D2', 'H8'])
"RaphaelPlayer" declared "call:0"
"ZheyuX" declared "call:0"
"KLChen2PokerPlayer" declared "raise:668"
"Zheng" declared "fold:0"
"RaphaelPlayer" declared "call:668"
"ZheyuX" declared "fold:0"
Street "river" started. (community card = ['D4', 'DA', 'D2', 'H8', 'CJ'])
"RaphaelPlayer" declared "raise:670"
"KLChen2PokerPlayer" declared "call:670"
"['KLChen2PokerPlayer']" won the round 33 (stack = {'Zheng': 1023, 'RaphaelPlayer': 0, 'EvanPlayer': 0, 'ZheyuX': 450, 'KLChen2PokerPlayer': 3527})
player [Zheng] gets hole card ['S9', 'S8'], current stack 1013
player [ZheyuX] gets hole card ['CA', 'DA'], current stack 450
player [KLChen2PokerPlayer] gets hole card ['D9', 'H7'], current stack 3522
Started the round 34
Street "preflop" started. (community card = [])
"ZheyuX" declared "raise:15"
"KLChen2PokerPlayer" declared "fold:0"
"Zheng" declared "call:15"
Street "flop" started. (community card = ['CT', 'S2', 'S3'])
"Zheng" declared "call:0"
"ZheyuX" declared "raise:10"
"Zheng" declared "call:10"
Street "turn" started. (community card = ['CT', 'S2', 'S3', 'C5'])
"Zheng" declared "call:0"
"ZheyuX" declared "raise:10"
"Zheng" declared "call:10"
Street "river" started. (community card = ['CT', 'S2', 'S3', 'C5', 'D4'])
"Zheng" declared "call:0"
"ZheyuX" declared "raise:10"
"Zheng" declared "call:10"
"['ZheyuX']" won the round 34 (stack = {'Zheng': 978, 'RaphaelPlayer': 0, 'EvanPlayer': 0, 'ZheyuX': 500, 'KLChen2PokerPlayer': 3522})
player [Zheng] gets hole card ['CQ', 'DQ'], current stack 973
player [ZheyuX] gets hole card ['C7', 'C6'], current stack 490
player [KLChen2PokerPlayer] gets hole card ['DJ', 'C5'], current stack 3522
Started the round 35
Street "preflop" started. (community card = [])
"KLChen2PokerPlayer" declared "fold:0"
"Zheng" declared "call:10"
"ZheyuX" declared "call:10"
Street "flop" started. (community card = ['S6', 'C3', 'H5'])
"Zheng" declared "call:0"
"ZheyuX" declared "raise:10"
"Zheng" declared "call:10"
Street "turn" started. (community card = ['S6', 'C3', 'H5', 'SJ'])
"Zheng" declared "call:0"
"ZheyuX" declared "raise:10"
"Zheng" declared "call:10"
Street "river" started. (community card = ['S6', 'C3', 'H5', 'SJ', 'H3'])
"Zheng" declared "call:0"
"ZheyuX" declared "raise:10"
"Zheng" declared "call:10"
"['Zheng']" won the round 35 (stack = {'Zheng': 1018, 'RaphaelPlayer': 0, 'EvanPlayer': 0, 'ZheyuX': 460, 'KLChen2PokerPlayer': 3522})
player [Zheng] gets hole card ['CQ', 'C9'], current stack 1018
player [ZheyuX] gets hole card ['C5', 'H8'], current stack 455
player [KLChen2PokerPlayer] gets hole card ['CT', 'C3'], current stack 3512
Started the round 36
Street "preflop" started. (community card = [])
"Zheng" declared "call:10"
"ZheyuX" declared "call:10"
"KLChen2PokerPlayer" declared "fold:0"
Street "flop" started. (community card = ['H4', 'D6', 'H5'])
"ZheyuX" declared "raise:10"
"Zheng" declared "call:10"
Street "turn" started. (community card = ['H4', 'D6', 'H5', 'CJ'])
"ZheyuX" declared "raise:10"
"Zheng" declared "call:10"
Street "river" started. (community card = ['H4', 'D6', 'H5', 'CJ', 'HJ'])
"ZheyuX" declared "raise:10"
"Zheng" declared "call:10"
"['ZheyuX']" won the round 36 (stack = {'Zheng': 978, 'RaphaelPlayer': 0, 'EvanPlayer': 0, 'ZheyuX': 510, 'KLChen2PokerPlayer': 3512})
player [Zheng] gets hole card ['H8', 'HK'], current stack 968
player [ZheyuX] gets hole card ['CA', 'HA'], current stack 510
player [KLChen2PokerPlayer] gets hole card ['S9', 'C3'], current stack 3507
Started the round 37
Street "preflop" started. (community card = [])
"ZheyuX" declared "raise:15"
"KLChen2PokerPlayer" declared "fold:0"
"Zheng" declared "call:15"
Street "flop" started. (community card = ['DT', 'C9', 'C7'])
"Zheng" declared "call:0"
"ZheyuX" declared "raise:10"
"Zheng" declared "call:10"
Street "turn" started. (community card = ['DT', 'C9', 'C7', 'S3'])
"Zheng" declared "call:0"
"ZheyuX" declared "raise:10"
"Zheng" declared "call:10"
Street "river" started. (community card = ['DT', 'C9', 'C7', 'S3', 'C8'])
"Zheng" declared "call:0"
"ZheyuX" declared "raise:10"
"Zheng" declared "call:10"
"['ZheyuX']" won the round 37 (stack = {'Zheng': 933, 'RaphaelPlayer': 0, 'EvanPlayer': 0, 'ZheyuX': 560, 'KLChen2PokerPlayer': 3507})
player [Zheng] gets hole card ['H2', 'D2'], current stack 928
player [ZheyuX] gets hole card ['H3', 'ST'], current stack 550
player [KLChen2PokerPlayer] gets hole card ['H4', 'H7'], current stack 3507
Started the round 38
Street "preflop" started. (community card = [])
"KLChen2PokerPlayer" declared "fold:0"
"Zheng" declared "call:10"
"ZheyuX" declared "call:10"
Street "flop" started. (community card = ['HQ', 'D9', 'C4'])
"Zheng" declared "call:0"
"ZheyuX" declared "call:0"
Street "turn" started. (community card = ['HQ', 'D9', 'C4', 'C8'])
"Zheng" declared "call:0"
"ZheyuX" declared "call:0"
Street "river" started. (community card = ['HQ', 'D9', 'C4', 'C8', 'HK'])
"Zheng" declared "call:0"
"ZheyuX" declared "call:0"
"['Zheng']" won the round 38 (stack = {'Zheng': 943, 'RaphaelPlayer': 0, 'EvanPlayer': 0, 'ZheyuX': 550, 'KLChen2PokerPlayer': 3507})
player [Zheng] gets hole card ['S2', 'H8'], current stack 943
player [ZheyuX] gets hole card ['CA', 'CQ'], current stack 545
player [KLChen2PokerPlayer] gets hole card ['C6', 'H3'], current stack 3497
Started the round 39
Street "preflop" started. (community card = [])
"Zheng" declared "call:10"
"ZheyuX" declared "raise:15"
"KLChen2PokerPlayer" declared "fold:0"
"Zheng" declared "call:15"
Street "flop" started. (community card = ['HJ', 'D5', 'S4'])
"ZheyuX" declared "raise:10"
"Zheng" declared "call:10"
Street "turn" started. (community card = ['HJ', 'D5', 'S4', 'C9'])
"ZheyuX" declared "call:0"
"Zheng" declared "call:0"
Street "river" started. (community card = ['HJ', 'D5', 'S4', 'C9', 'S5'])
"ZheyuX" declared "raise:10"
"Zheng" declared "call:10"
"['ZheyuX']" won the round 39 (stack = {'Zheng': 908, 'RaphaelPlayer': 0, 'EvanPlayer': 0, 'ZheyuX': 595, 'KLChen2PokerPlayer': 3497})
player [Zheng] gets hole card ['SK', 'H6'], current stack 898
player [ZheyuX] gets hole card ['HJ', 'SA'], current stack 595
player [KLChen2PokerPlayer] gets hole card ['CA', 'S8'], current stack 3492
Started the round 40
Street "preflop" started. (community card = [])
"ZheyuX" declared "call:10"
"KLChen2PokerPlayer" declared "fold:0"
"Zheng" declared "call:10"
Street "flop" started. (community card = ['C8', 'C5', 'CT'])
"Zheng" declared "call:0"
"ZheyuX" declared "call:0"
Street "turn" started. (community card = ['C8', 'C5', 'CT', 'ST'])
"Zheng" declared "call:0"
"ZheyuX" declared "raise:10"
"Zheng" declared "call:10"
Street "river" started. (community card = ['C8', 'C5', 'CT', 'ST', 'H2'])
"Zheng" declared "call:0"
"ZheyuX" declared "call:0"
"['ZheyuX']" won the round 40 (stack = {'Zheng': 888, 'RaphaelPlayer': 0, 'EvanPlayer': 0, 'ZheyuX': 620, 'KLChen2PokerPlayer': 3492})
player [Zheng] gets hole card ['HQ', 'C9'], current stack 883
player [ZheyuX] gets hole card ['D9', 'S5'], current stack 610
player [KLChen2PokerPlayer] gets hole card ['H8', 'CK'], current stack 3492
Started the round 41
Street "preflop" started. (community card = [])
"KLChen2PokerPlayer" declared "fold:0"
"Zheng" declared "call:10"
"ZheyuX" declared "call:10"
Street "flop" started. (community card = ['CJ', 'CT', 'H6'])
"Zheng" declared "call:0"
"ZheyuX" declared "call:0"
Street "turn" started. (community card = ['CJ', 'CT', 'H6', 'HJ'])
"Zheng" declared "call:0"
"ZheyuX" declared "call:0"
Street "river" started. (community card = ['CJ', 'CT', 'H6', 'HJ', 'C6'])
"Zheng" declared "call:0"
"ZheyuX" declared "call:0"
"['Zheng']" won the round 41 (stack = {'Zheng': 898, 'RaphaelPlayer': 0, 'EvanPlayer': 0, 'ZheyuX': 610, 'KLChen2PokerPlayer': 3492})
player [Zheng] gets hole card ['S8', 'D2'], current stack 898
player [ZheyuX] gets hole card ['CA', 'SK'], current stack 605
player [KLChen2PokerPlayer] gets hole card ['D4', 'HK'], current stack 3482
Started the round 42
Street "preflop" started. (community card = [])
"Zheng" declared "call:10"
"ZheyuX" declared "raise:15"
"KLChen2PokerPlayer" declared "fold:0"
"Zheng" declared "call:15"
Street "flop" started. (community card = ['D5', 'H5', 'HJ'])
"ZheyuX" declared "raise:10"
"Zheng" declared "call:10"
Street "turn" started. (community card = ['D5', 'H5', 'HJ', 'CK'])
"ZheyuX" declared "raise:10"
"Zheng" declared "call:10"
Street "river" started. (community card = ['D5', 'H5', 'HJ', 'CK', 'H9'])
"ZheyuX" declared "raise:10"
"Zheng" declared "call:10"
"['ZheyuX']" won the round 42 (stack = {'Zheng': 853, 'RaphaelPlayer': 0, 'EvanPlayer': 0, 'ZheyuX': 665, 'KLChen2PokerPlayer': 3482})
player [Zheng] gets hole card ['C4', 'H9'], current stack 843
player [ZheyuX] gets hole card ['S7', 'DT'], current stack 665
player [KLChen2PokerPlayer] gets hole card ['C9', 'ST'], current stack 3477
Started the round 43
Street "preflop" started. (community card = [])
"ZheyuX" declared "call:10"
"KLChen2PokerPlayer" declared "fold:0"
"Zheng" declared "call:10"
Street "flop" started. (community card = ['H3', 'D5', 'D6'])
"Zheng" declared "call:0"
"ZheyuX" declared "call:0"
Street "turn" started. (community card = ['H3', 'D5', 'D6', 'D7'])
"Zheng" declared "call:0"
"ZheyuX" declared "raise:10"
"Zheng" declared "call:10"
Street "river" started. (community card = ['H3', 'D5', 'D6', 'D7', 'D3'])
"Zheng" declared "call:0"
"ZheyuX" declared "raise:10"
"Zheng" declared "call:10"
"['ZheyuX']" won the round 43 (stack = {'Zheng': 823, 'RaphaelPlayer': 0, 'EvanPlayer': 0, 'ZheyuX': 700, 'KLChen2PokerPlayer': 3477})
player [Zheng] gets hole card ['D6', 'S3'], current stack 818
player [ZheyuX] gets hole card ['H9', 'C7'], current stack 690
player [KLChen2PokerPlayer] gets hole card ['S6', 'DJ'], current stack 3477
Started the round 44
Street "preflop" started. (community card = [])
"KLChen2PokerPlayer" declared "fold:0"
"Zheng" declared "call:10"
"ZheyuX" declared "call:10"
Street "flop" started. (community card = ['HQ', 'CT', 'HJ'])
"Zheng" declared "call:0"
"ZheyuX" declared "raise:10"
"Zheng" declared "call:10"
Street "turn" started. (community card = ['HQ', 'CT', 'HJ', 'D4'])
"Zheng" declared "call:0"
"ZheyuX" declared "call:0"
Street "river" started. (community card = ['HQ', 'CT', 'HJ', 'D4', 'D9'])
"Zheng" declared "call:0"
"ZheyuX" declared "call:0"
"['ZheyuX']" won the round 44 (stack = {'Zheng': 803, 'RaphaelPlayer': 0, 'EvanPlayer': 0, 'ZheyuX': 720, 'KLChen2PokerPlayer': 3477})
player [Zheng] gets hole card ['ST', 'HA'], current stack 803
player [ZheyuX] gets hole card ['C7', 'S7'], current stack 715
player [KLChen2PokerPlayer] gets hole card ['DK', 'D9'], current stack 3467
Started the round 45
Street "preflop" started. (community card = [])
"Zheng" declared "call:10"
"ZheyuX" declared "call:10"
"KLChen2PokerPlayer" declared "fold:0"
Street "flop" started. (community card = ['D8', 'S6', 'S5'])
"ZheyuX" declared "raise:10"
"Zheng" declared "call:10"
Street "turn" started. (community card = ['D8', 'S6', 'S5', 'DQ'])
"ZheyuX" declared "raise:10"
"Zheng" declared "call:10"
Street "river" started. (community card = ['D8', 'S6', 'S5', 'DQ', 'C4'])
"ZheyuX" declared "raise:10"
"Zheng" declared "call:10"
"['ZheyuX']" won the round 45 (stack = {'Zheng': 763, 'RaphaelPlayer': 0, 'EvanPlayer': 0, 'ZheyuX': 770, 'KLChen2PokerPlayer': 3467})
player [Zheng] gets hole card ['CK', 'S4'], current stack 753
player [ZheyuX] gets hole card ['C6', 'D9'], current stack 770
player [KLChen2PokerPlayer] gets hole card ['HJ', 'C4'], current stack 3462
Started the round 46
Street "preflop" started. (community card = [])
"ZheyuX" declared "call:10"
"KLChen2PokerPlayer" declared "fold:0"
"Zheng" declared "call:10"
Street "flop" started. (community card = ['H7', 'C5', 'DT'])
"Zheng" declared "call:0"
"ZheyuX" declared "call:0"
Street "turn" started. (community card = ['H7', 'C5', 'DT', 'H6'])
"Zheng" declared "call:0"
"ZheyuX" declared "raise:10"
"Zheng" declared "call:10"
Street "river" started. (community card = ['H7', 'C5', 'DT', 'H6', 'S7'])
"Zheng" declared "call:0"
"ZheyuX" declared "raise:10"
"Zheng" declared "call:10"
"['ZheyuX']" won the round 46 (stack = {'Zheng': 733, 'RaphaelPlayer': 0, 'EvanPlayer': 0, 'ZheyuX': 805, 'KLChen2PokerPlayer': 3462})
player [Zheng] gets hole card ['CA', 'D8'], current stack 728
player [ZheyuX] gets hole card ['ST', 'DJ'], current stack 795
player [KLChen2PokerPlayer] gets hole card ['C7', 'S6'], current stack 3462
Started the round 47
Street "preflop" started. (community card = [])
"KLChen2PokerPlayer" declared "fold:0"
"Zheng" declared "call:10"
"ZheyuX" declared "raise:15"
"Zheng" declared "call:15"
Street "flop" started. (community card = ['C8', 'HT', 'S8'])
"Zheng" declared "raise:364"
"ZheyuX" declared "raise:728"
"Zheng" declared "call:728"
Street "turn" started. (community card = ['C8', 'HT', 'S8', 'C6'])
Street "river" started. (community card = ['C8', 'HT', 'S8', 'C6', 'H3'])
"['Zheng']" won the round 47 (stack = {'Zheng': 1466, 'RaphaelPlayer': 0, 'EvanPlayer': 0, 'ZheyuX': 72, 'KLChen2PokerPlayer': 3462})
player [Zheng] gets hole card ['SJ', 'H8'], current stack 1466
player [ZheyuX] gets hole card ['D9', 'H7'], current stack 67
player [KLChen2PokerPlayer] gets hole card ['D3', 'CA'], current stack 3452
Started the round 48
Street "preflop" started. (community card = [])
"Zheng" declared "call:10"
"ZheyuX" declared "call:10"
"KLChen2PokerPlayer" declared "fold:0"
Street "flop" started. (community card = ['D8', 'S9', 'DA'])
"ZheyuX" declared "raise:10"
"Zheng" declared "call:10"
Street "turn" started. (community card = ['D8', 'S9', 'DA', 'HT'])
"ZheyuX" declared "raise:10"
"Zheng" declared "call:10"
Street "river" started. (community card = ['D8', 'S9', 'DA', 'HT', 'S4'])
"ZheyuX" declared "raise:10"
"Zheng" declared "call:10"
"['ZheyuX']" won the round 48 (stack = {'Zheng': 1426, 'RaphaelPlayer': 0, 'EvanPlayer': 0, 'ZheyuX': 122, 'KLChen2PokerPlayer': 3452})
player [Zheng] gets hole card ['DQ', 'D9'], current stack 1416
player [ZheyuX] gets hole card ['HK', 'H3'], current stack 122
player [KLChen2PokerPlayer] gets hole card ['H6', 'DA'], current stack 3447
Started the round 49
Street "preflop" started. (community card = [])
"ZheyuX" declared "call:10"
"KLChen2PokerPlayer" declared "fold:0"
"Zheng" declared "call:10"
Street "flop" started. (community card = ['H9', 'H4', 'HJ'])
"Zheng" declared "call:0"
"ZheyuX" declared "raise:10"
"Zheng" declared "call:10"
Street "turn" started. (community card = ['H9', 'H4', 'HJ', 'DJ'])
"Zheng" declared "call:0"
"ZheyuX" declared "raise:10"
"Zheng" declared "call:10"
Street "river" started. (community card = ['H9', 'H4', 'HJ', 'DJ', 'CQ'])
"Zheng" declared "call:0"
"ZheyuX" declared "raise:10"
"Zheng" declared "call:10"
"['ZheyuX']" won the round 49 (stack = {'Zheng': 1386, 'RaphaelPlayer': 0, 'EvanPlayer': 0, 'ZheyuX': 167, 'KLChen2PokerPlayer': 3447})
player [Zheng] gets hole card ['C6', 'CK'], current stack 1381
player [ZheyuX] gets hole card ['H2', 'C2'], current stack 157
player [KLChen2PokerPlayer] gets hole card ['H7', 'CJ'], current stack 3447
Started the round 50
Street "preflop" started. (community card = [])
"KLChen2PokerPlayer" declared "fold:0"
"Zheng" declared "call:10"
"ZheyuX" declared "raise:15"
"Zheng" declared "call:15"
Street "flop" started. (community card = ['C9', 'HK', 'DJ'])
"Zheng" declared "call:0"
"ZheyuX" declared "call:0"
Street "turn" started. (community card = ['C9', 'HK', 'DJ', 'H5'])
"Zheng" declared "call:0"
"ZheyuX" declared "call:0"
Street "river" started. (community card = ['C9', 'HK', 'DJ', 'H5', 'DK'])
"Zheng" declared "raise:1371"
"ZheyuX" declared "call:1371"
"['Zheng']" won the round 50 (stack = {'Zheng': 1553, 'RaphaelPlayer': 0, 'EvanPlayer': 0, 'ZheyuX': 0, 'KLChen2PokerPlayer': 3447})

Game Results:
------------------------------------------------------------
Game 1:
Winner: KLChen2PokerPlayer (stack: 3447)
All players' stacks:
  Zheng: 1553
  RaphaelPlayer: 0
  EvanPlayer: 0
  ZheyuX: 0
  KLChen2PokerPlayer: 3447
------------------------------------------------------------
