player [Zheng] gets hole card ['C8', 'D9'], current stack 1000
player [RaphaelPlayer] gets hole card ['C6', 'H3'], current stack 995
player [EvanPlayer] gets hole card ['C7', 'D2'], current stack 990
player [ZheyuX] gets hole card ['S3', 'ST'], current stack 1000
player [KLChen2PokerPlayer] gets hole card ['SQ', 'C5'], current stack 1000
Started the round 1
Street "preflop" started. (community card = [])
"ZheyuX" declared "call:10"
"KLChen2PokerPlayer" declared "fold:0"
"Zheng" declared "call:10"
"RaphaelPlayer" declared "fold:0"
"EvanPlayer" declared "fold:10"
Street "flop" started. (community card = ['HK', 'CA', 'H8'])
"ZheyuX" declared "call:0"
"Zheng" declared "call:0"
Street "turn" started. (community card = ['HK', 'CA', 'H8', 'HT'])
"ZheyuX" declared "raise:10"
"Zheng" declared "call:10"
Street "river" started. (community card = ['HK', 'CA', 'H8', 'HT', 'H4'])
"ZheyuX" declared "call:0"
"Zheng" declared "call:0"
"['ZheyuX']" won the round 1 (stack = {'Zheng': 980, 'RaphaelPlayer': 995, 'EvanPlayer': 990, 'ZheyuX': 1035, 'KLChen2PokerPlayer': 1000})
player [Zheng] gets hole card ['D9', 'D3'], current stack 980
player [RaphaelPlayer] gets hole card ['S6', 'D2'], current stack 995
player [EvanPlayer] gets hole card ['H7', 'H4'], current stack 985
player [ZheyuX] gets hole card ['C5', 'D7'], current stack 1025
player [KLChen2PokerPlayer] gets hole card ['CK', 'DT'], current stack 1000
Started the round 2
Street "preflop" started. (community card = [])
"KLChen2PokerPlayer" declared "raise:21"
"Zheng" declared "fold:0"
"RaphaelPlayer" declared "fold:0"
"EvanPlayer" declared "fold:21"
"ZheyuX" declared "call:21"
Street "flop" started. (community card = ['C8', 'C7', 'HT'])
"ZheyuX" declared "raise:10"
"KLChen2PokerPlayer" declared "raise:20"
"ZheyuX" declared "raise:30"
"KLChen2PokerPlayer" declared "fold:0"
"['ZheyuX']" won the round 2 (stack = {'Zheng': 980, 'RaphaelPlayer': 995, 'EvanPlayer': 985, 'ZheyuX': 1081, 'KLChen2PokerPlayer': 959})
player [Zheng] gets hole card ['S6', 'DK'], current stack 980
player [RaphaelPlayer] gets hole card ['CQ', 'C3'], current stack 995
player [EvanPlayer] gets hole card ['C9', 'S2'], current stack 985
player [ZheyuX] gets hole card ['SK', 'DJ'], current stack 1076
player [KLChen2PokerPlayer] gets hole card ['H9', 'CT'], current stack 949
Started the round 3
Street "preflop" started. (community card = [])
"Zheng" declared "call:10"
"RaphaelPlayer" declared "fold:0"
"EvanPlayer" declared "raise:985"
"ZheyuX" declared "fold:0"
"KLChen2PokerPlayer" declared "fold:0"
"Zheng" declared "fold:0"
"['EvanPlayer']" won the round 3 (stack = {'Zheng': 970, 'RaphaelPlayer': 995, 'EvanPlayer': 1010, 'ZheyuX': 1076, 'KLChen2PokerPlayer': 949})
player [Zheng] gets hole card ['HT', 'SA'], current stack 960
player [RaphaelPlayer] gets hole card ['D2', 'D3'], current stack 995
player [EvanPlayer] gets hole card ['HA', 'C4'], current stack 1010
player [ZheyuX] gets hole card ['S5', 'HK'], current stack 1076
player [KLChen2PokerPlayer] gets hole card ['S8', 'DA'], current stack 944
Started the round 4
Street "preflop" started. (community card = [])
"RaphaelPlayer" declared "fold:0"
"EvanPlayer" declared "fold:10"
"ZheyuX" declared "call:10"
"KLChen2PokerPlayer" declared "raise:18"
"Zheng" declared "fold:0"
"ZheyuX" declared "raise:26"
"KLChen2PokerPlayer" declared "fold:0"
"['ZheyuX']" won the round 4 (stack = {'Zheng': 960, 'RaphaelPlayer': 995, 'EvanPlayer': 1010, 'ZheyuX': 1104, 'KLChen2PokerPlayer': 931})
player [Zheng] gets hole card ['HA', 'D6'], current stack 955
player [RaphaelPlayer] gets hole card ['CT', 'D9'], current stack 985
player [EvanPlayer] gets hole card ['H6', 'S7'], current stack 1010
player [ZheyuX] gets hole card ['SK', 'H3'], current stack 1104
player [KLChen2PokerPlayer] gets hole card ['S6', 'HQ'], current stack 931
Started the round 5
Street "preflop" started. (community card = [])
"EvanPlayer" declared "fold:10"
"ZheyuX" declared "call:10"
"KLChen2PokerPlayer" declared "call:10"
"Zheng" declared "call:10"
"RaphaelPlayer" declared "call:10"
Street "flop" started. (community card = ['C9', 'CA', 'CK'])
"Zheng" declared "call:0"
"RaphaelPlayer" declared "call:0"
"ZheyuX" declared "call:0"
"KLChen2PokerPlayer" declared "call:0"
Street "turn" started. (community card = ['C9', 'CA', 'CK', 'HJ'])
"Zheng" declared "call:0"
"RaphaelPlayer" declared "call:0"
"ZheyuX" declared "call:0"
"KLChen2PokerPlayer" declared "call:0"
Street "river" started. (community card = ['C9', 'CA', 'CK', 'HJ', 'CQ'])
"Zheng" declared "call:0"
"RaphaelPlayer" declared "raise:50"
"ZheyuX" declared "call:50"
"KLChen2PokerPlayer" declared "fold:0"
"Zheng" declared "fold:0"
"['RaphaelPlayer']" won the round 5 (stack = {'Zheng': 950, 'RaphaelPlayer': 1075, 'EvanPlayer': 1010, 'ZheyuX': 1044, 'KLChen2PokerPlayer': 921})
player [Zheng] gets hole card ['DT', 'DQ'], current stack 950
player [RaphaelPlayer] gets hole card ['H5', 'SJ'], current stack 1070
player [EvanPlayer] gets hole card ['DJ', 'S3'], current stack 1000
player [ZheyuX] gets hole card ['CJ', 'H2'], current stack 1044
player [KLChen2PokerPlayer] gets hole card ['HQ', 'DA'], current stack 921
Started the round 6
Street "preflop" started. (community card = [])
"ZheyuX" declared "call:10"
"KLChen2PokerPlayer" declared "raise:18"
"Zheng" declared "fold:0"
"RaphaelPlayer" declared "fold:0"
"EvanPlayer" declared "fold:18"
"ZheyuX" declared "raise:26"
"KLChen2PokerPlayer" declared "fold:0"
"['ZheyuX']" won the round 6 (stack = {'Zheng': 950, 'RaphaelPlayer': 1070, 'EvanPlayer': 1000, 'ZheyuX': 1077, 'KLChen2PokerPlayer': 903})
player [Zheng] gets hole card ['HK', 'C7'], current stack 950
player [RaphaelPlayer] gets hole card ['ST', 'D4'], current stack 1070
player [EvanPlayer] gets hole card ['HT', 'H7'], current stack 995
player [ZheyuX] gets hole card ['C4', 'D6'], current stack 1067
player [KLChen2PokerPlayer] gets hole card ['H2', 'S7'], current stack 903
Started the round 7
Street "preflop" started. (community card = [])
"KLChen2PokerPlayer" declared "fold:0"
"Zheng" declared "call:10"
"RaphaelPlayer" declared "fold:0"
"EvanPlayer" declared "fold:10"
"ZheyuX" declared "call:10"
Street "flop" started. (community card = ['D8', 'S6', 'H4'])
"ZheyuX" declared "raise:10"
"Zheng" declared "call:10"
Street "turn" started. (community card = ['D8', 'S6', 'H4', 'SJ'])
"ZheyuX" declared "raise:10"
"Zheng" declared "call:10"
Street "river" started. (community card = ['D8', 'S6', 'H4', 'SJ', 'DJ'])
"ZheyuX" declared "raise:10"
"Zheng" declared "call:10"
"['ZheyuX']" won the round 7 (stack = {'Zheng': 910, 'RaphaelPlayer': 1070, 'EvanPlayer': 995, 'ZheyuX': 1122, 'KLChen2PokerPlayer': 903})
player [Zheng] gets hole card ['SQ', 'C3'], current stack 910
player [RaphaelPlayer] gets hole card ['C6', 'H8'], current stack 1070
player [EvanPlayer] gets hole card ['SK', 'C5'], current stack 995
player [ZheyuX] gets hole card ['SA', 'HK'], current stack 1117
player [KLChen2PokerPlayer] gets hole card ['HA', 'CJ'], current stack 893
Started the round 8
Street "preflop" started. (community card = [])
"Zheng" declared "call:10"
"RaphaelPlayer" declared "fold:0"
"EvanPlayer" declared "raise:995"
"ZheyuX" declared "fold:0"
"KLChen2PokerPlayer" declared "fold:0"
"Zheng" declared "fold:0"
"['EvanPlayer']" won the round 8 (stack = {'Zheng': 900, 'RaphaelPlayer': 1070, 'EvanPlayer': 1020, 'ZheyuX': 1117, 'KLChen2PokerPlayer': 893})
player [Zheng] gets hole card ['CK', 'D5'], current stack 890
player [RaphaelPlayer] gets hole card ['D6', 'D8'], current stack 1070
player [EvanPlayer] gets hole card ['H2', 'C5'], current stack 1020
player [ZheyuX] gets hole card ['C4', 'HJ'], current stack 1117
player [KLChen2PokerPlayer] gets hole card ['SJ', 'DA'], current stack 888
Started the round 9
Street "preflop" started. (community card = [])
"RaphaelPlayer" declared "fold:0"
"EvanPlayer" declared "fold:10"
"ZheyuX" declared "call:10"
"KLChen2PokerPlayer" declared "raise:15"
"Zheng" declared "call:15"
"ZheyuX" declared "call:15"
Street "flop" started. (community card = ['S5', 'H4', 'S9'])
"KLChen2PokerPlayer" declared "call:0"
"Zheng" declared "call:0"
"ZheyuX" declared "call:0"
Street "turn" started. (community card = ['S5', 'H4', 'S9', 'C9'])
"KLChen2PokerPlayer" declared "call:0"
"Zheng" declared "call:0"
"ZheyuX" declared "call:0"
Street "river" started. (community card = ['S5', 'H4', 'S9', 'C9', 'H3'])
"KLChen2PokerPlayer" declared "call:0"
"Zheng" declared "call:0"
"ZheyuX" declared "call:0"
"['Zheng']" won the round 9 (stack = {'Zheng': 930, 'RaphaelPlayer': 1070, 'EvanPlayer': 1020, 'ZheyuX': 1102, 'KLChen2PokerPlayer': 878})
player [Zheng] gets hole card ['HJ', 'S6'], current stack 925
player [RaphaelPlayer] gets hole card ['CT', 'S4'], current stack 1060
player [EvanPlayer] gets hole card ['D5', 'HA'], current stack 1020
player [ZheyuX] gets hole card ['D4', 'C4'], current stack 1102
player [KLChen2PokerPlayer] gets hole card ['CJ', 'H4'], current stack 878
Started the round 10
Street "preflop" started. (community card = [])
"EvanPlayer" declared "fold:10"
"ZheyuX" declared "call:10"
"KLChen2PokerPlayer" declared "fold:0"
"Zheng" declared "call:10"
"RaphaelPlayer" declared "fold:0"
Street "flop" started. (community card = ['S8', 'C5', 'D2'])
"Zheng" declared "call:0"
"ZheyuX" declared "raise:10"
"Zheng" declared "call:10"
Street "turn" started. (community card = ['S8', 'C5', 'D2', 'HT'])
"Zheng" declared "call:0"
"ZheyuX" declared "raise:10"
"Zheng" declared "call:10"
Street "river" started. (community card = ['S8', 'C5', 'D2', 'HT', 'H8'])
"Zheng" declared "call:0"
"ZheyuX" declared "raise:10"
"Zheng" declared "call:10"
"['ZheyuX']" won the round 10 (stack = {'Zheng': 890, 'RaphaelPlayer': 1060, 'EvanPlayer': 1020, 'ZheyuX': 1152, 'KLChen2PokerPlayer': 878})
player [Zheng] gets hole card ['D6', 'CT'], current stack 890
player [RaphaelPlayer] gets hole card ['S4', 'DK'], current stack 1055
player [EvanPlayer] gets hole card ['CA', 'D7'], current stack 1010
player [ZheyuX] gets hole card ['DT', 'D2'], current stack 1152
player [KLChen2PokerPlayer] gets hole card ['S3', 'H6'], current stack 878
Started the round 11
Street "preflop" started. (community card = [])
"ZheyuX" declared "call:10"
"KLChen2PokerPlayer" declared "fold:0"
"Zheng" declared "call:10"
"RaphaelPlayer" declared "fold:0"
"EvanPlayer" declared "fold:10"
Street "flop" started. (community card = ['S8', 'H2', 'C7'])
"ZheyuX" declared "raise:10"
"Zheng" declared "call:10"
Street "turn" started. (community card = ['S8', 'H2', 'C7', 'HQ'])
"ZheyuX" declared "raise:10"
"Zheng" declared "call:10"
Street "river" started. (community card = ['S8', 'H2', 'C7', 'HQ', 'DJ'])
"ZheyuX" declared "raise:10"
"Zheng" declared "call:10"
"['ZheyuX']" won the round 11 (stack = {'Zheng': 850, 'RaphaelPlayer': 1055, 'EvanPlayer': 1010, 'ZheyuX': 1207, 'KLChen2PokerPlayer': 878})
player [Zheng] gets hole card ['H2', 'H4'], current stack 850
player [RaphaelPlayer] gets hole card ['C9', 'H5'], current stack 1055
player [EvanPlayer] gets hole card ['S2', 'C3'], current stack 1005
player [ZheyuX] gets hole card ['H6', 'H9'], current stack 1197
player [KLChen2PokerPlayer] gets hole card ['DK', 'D2'], current stack 878
Started the round 12
Street "preflop" started. (community card = [])
"KLChen2PokerPlayer" declared "raise:24"
"Zheng" declared "fold:0"
"RaphaelPlayer" declared "fold:0"
"EvanPlayer" declared "raise:1010"
"ZheyuX" declared "fold:0"
"KLChen2PokerPlayer" declared "fold:0"
"['EvanPlayer']" won the round 12 (stack = {'Zheng': 850, 'RaphaelPlayer': 1055, 'EvanPlayer': 1044, 'ZheyuX': 1197, 'KLChen2PokerPlayer': 854})
player [Zheng] gets hole card ['CJ', 'HT'], current stack 850
player [RaphaelPlayer] gets hole card ['D6', 'DQ'], current stack 1055
player [EvanPlayer] gets hole card ['S9', 'D3'], current stack 1044
player [ZheyuX] gets hole card ['S8', 'D8'], current stack 1192
player [KLChen2PokerPlayer] gets hole card ['HA', 'HJ'], current stack 844
Started the round 13
Street "preflop" started. (community card = [])
"Zheng" declared "call:10"
"RaphaelPlayer" declared "call:10"
"EvanPlayer" declared "fold:10"
"ZheyuX" declared "call:10"
"KLChen2PokerPlayer" declared "raise:21"
"Zheng" declared "fold:0"
"RaphaelPlayer" declared "call:21"
"ZheyuX" declared "raise:32"
"KLChen2PokerPlayer" declared "fold:0"
"RaphaelPlayer" declared "call:32"
Street "flop" started. (community card = ['DT', 'C6', 'C9'])
"ZheyuX" declared "raise:10"
"RaphaelPlayer" declared "raise:125"
"ZheyuX" declared "raise:240"
"RaphaelPlayer" declared "call:240"
Street "turn" started. (community card = ['DT', 'C6', 'C9', 'C7'])
"ZheyuX" declared "raise:10"
"RaphaelPlayer" declared "call:10"
Street "river" started. (community card = ['DT', 'C6', 'C9', 'C7', 'DA'])
"ZheyuX" declared "raise:10"
"RaphaelPlayer" declared "call:10"
"['ZheyuX']" won the round 13 (stack = {'Zheng': 840, 'RaphaelPlayer': 763, 'EvanPlayer': 1044, 'ZheyuX': 1520, 'KLChen2PokerPlayer': 833})
player [Zheng] gets hole card ['C3', 'H8'], current stack 830
player [RaphaelPlayer] gets hole card ['DA', 'C5'], current stack 763
player [EvanPlayer] gets hole card ['H7', 'CQ'], current stack 1044
player [ZheyuX] gets hole card ['C6', 'H3'], current stack 1520
player [KLChen2PokerPlayer] gets hole card ['D2', 'S3'], current stack 828
Started the round 14
Street "preflop" started. (community card = [])
"RaphaelPlayer" declared "call:10"
"EvanPlayer" declared "fold:10"
"ZheyuX" declared "call:10"
"KLChen2PokerPlayer" declared "fold:0"
"Zheng" declared "call:10"
Street "flop" started. (community card = ['ST', 'DJ', 'CJ'])
"Zheng" declared "call:0"
"RaphaelPlayer" declared "call:0"
"ZheyuX" declared "call:0"
Street "turn" started. (community card = ['ST', 'DJ', 'CJ', 'S6'])
"Zheng" declared "call:0"
"RaphaelPlayer" declared "call:0"
"ZheyuX" declared "call:0"
Street "river" started. (community card = ['ST', 'DJ', 'CJ', 'S6', 'C7'])
"Zheng" declared "call:0"
"RaphaelPlayer" declared "call:0"
"ZheyuX" declared "call:0"
"['ZheyuX']" won the round 14 (stack = {'Zheng': 830, 'RaphaelPlayer': 753, 'EvanPlayer': 1044, 'ZheyuX': 1545, 'KLChen2PokerPlayer': 828})
player [Zheng] gets hole card ['D5', 'H5'], current stack 825
player [RaphaelPlayer] gets hole card ['S8', 'S9'], current stack 743
player [EvanPlayer] gets hole card ['DT', 'C2'], current stack 1044
player [ZheyuX] gets hole card ['CT', 'H6'], current stack 1545
player [KLChen2PokerPlayer] gets hole card ['HQ', 'S4'], current stack 828
Started the round 15
Street "preflop" started. (community card = [])
"EvanPlayer" declared "fold:10"
"ZheyuX" declared "call:10"
"KLChen2PokerPlayer" declared "call:10"
"Zheng" declared "call:10"
"RaphaelPlayer" declared "call:10"
Street "flop" started. (community card = ['C3', 'CK', 'S7'])
"Zheng" declared "call:0"
"RaphaelPlayer" declared "call:0"
"ZheyuX" declared "call:0"
"KLChen2PokerPlayer" declared "call:0"
Street "turn" started. (community card = ['C3', 'CK', 'S7', 'HT'])
"Zheng" declared "call:0"
"RaphaelPlayer" declared "call:0"
"ZheyuX" declared "call:0"
"KLChen2PokerPlayer" declared "call:0"
Street "river" started. (community card = ['C3', 'CK', 'S7', 'HT', 'HJ'])
"Zheng" declared "call:0"
"RaphaelPlayer" declared "raise:50"
"ZheyuX" declared "call:50"
"KLChen2PokerPlayer" declared "fold:0"
"Zheng" declared "fold:0"
"['RaphaelPlayer']" won the round 15 (stack = {'Zheng': 820, 'RaphaelPlayer': 833, 'EvanPlayer': 1044, 'ZheyuX': 1485, 'KLChen2PokerPlayer': 818})
player [Zheng] gets hole card ['CK', 'H3'], current stack 820
player [RaphaelPlayer] gets hole card ['H7', 'C7'], current stack 828
player [EvanPlayer] gets hole card ['S6', 'C4'], current stack 1034
player [ZheyuX] gets hole card ['HT', 'D3'], current stack 1485
player [KLChen2PokerPlayer] gets hole card ['SQ', 'HK'], current stack 818
Started the round 16
Street "preflop" started. (community card = [])
"ZheyuX" declared "call:10"
"KLChen2PokerPlayer" declared "raise:20"
"Zheng" declared "fold:0"
"RaphaelPlayer" declared "call:20"
"EvanPlayer" declared "fold:20"
"ZheyuX" declared "call:20"
Street "flop" started. (community card = ['C5', 'C2', 'C8'])
"RaphaelPlayer" declared "call:0"
"ZheyuX" declared "call:0"
"KLChen2PokerPlayer" declared "call:0"
Street "turn" started. (community card = ['C5', 'C2', 'C8', 'D9'])
"RaphaelPlayer" declared "call:0"
"ZheyuX" declared "call:0"
"KLChen2PokerPlayer" declared "call:0"
Street "river" started. (community card = ['C5', 'C2', 'C8', 'D9', 'SK'])
"RaphaelPlayer" declared "call:0"
"ZheyuX" declared "call:0"
"KLChen2PokerPlayer" declared "call:0"
"['KLChen2PokerPlayer']" won the round 16 (stack = {'Zheng': 820, 'RaphaelPlayer': 813, 'EvanPlayer': 1034, 'ZheyuX': 1465, 'KLChen2PokerPlayer': 868})
player [Zheng] gets hole card ['HA', 'HT'], current stack 820
player [RaphaelPlayer] gets hole card ['C8', 'DA'], current stack 813
player [EvanPlayer] gets hole card ['C2', 'S3'], current stack 1029
player [ZheyuX] gets hole card ['H9', 'D7'], current stack 1455
player [KLChen2PokerPlayer] gets hole card ['D3', 'S5'], current stack 868
Started the round 17
Street "preflop" started. (community card = [])
"KLChen2PokerPlayer" declared "call:10"
"Zheng" declared "call:10"
"RaphaelPlayer" declared "call:10"
"EvanPlayer" declared "fold:10"
"ZheyuX" declared "call:10"
Street "flop" started. (community card = ['D5', 'HK', 'C7'])
"ZheyuX" declared "call:0"
"KLChen2PokerPlayer" declared "raise:16"
"Zheng" declared "fold:0"
"RaphaelPlayer" declared "call:16"
"ZheyuX" declared "raise:32"
"KLChen2PokerPlayer" declared "fold:0"
"RaphaelPlayer" declared "call:32"
Street "turn" started. (community card = ['D5', 'HK', 'C7', 'DK'])
"ZheyuX" declared "raise:10"
"RaphaelPlayer" declared "raise:155"
"ZheyuX" declared "raise:300"
"RaphaelPlayer" declared "call:300"
Street "river" started. (community card = ['D5', 'HK', 'C7', 'DK', 'CJ'])
"ZheyuX" declared "raise:10"
"RaphaelPlayer" declared "raise:471"
"ZheyuX" declared "raise:932"
"['ZheyuX']" won the round 17 (stack = {'Zheng': 810, 'RaphaelPlayer': 0, 'EvanPlayer': 1029, 'ZheyuX': 2319, 'KLChen2PokerPlayer': 842})
player [Zheng] gets hole card ['S3', 'C9'], current stack 810
player [EvanPlayer] gets hole card ['H3', 'C4'], current stack 1029
player [ZheyuX] gets hole card ['D4', 'H9'], current stack 2314
player [KLChen2PokerPlayer] gets hole card ['C6', 'HQ'], current stack 832
Started the round 18
Street "preflop" started. (community card = [])
"Zheng" declared "call:10"
"EvanPlayer" declared "raise:1029"
"ZheyuX" declared "call:1029"
"KLChen2PokerPlayer" declared "fold:0"
"Zheng" declared "fold:0"
Street "flop" started. (community card = ['S6', 'D3', 'SA'])
Street "turn" started. (community card = ['S6', 'D3', 'SA', 'C3'])
Street "river" started. (community card = ['S6', 'D3', 'SA', 'C3', 'C2'])
"['EvanPlayer']" won the round 18 (stack = {'Zheng': 800, 'RaphaelPlayer': 0, 'EvanPlayer': 2078, 'ZheyuX': 1290, 'KLChen2PokerPlayer': 832})
player [Zheng] gets hole card ['H6', 'DQ'], current stack 790
player [EvanPlayer] gets hole card ['DT', 'SA'], current stack 2078
player [ZheyuX] gets hole card ['C8', 'S7'], current stack 1290
player [KLChen2PokerPlayer] gets hole card ['CK', 'HJ'], current stack 827
Started the round 19
Street "preflop" started. (community card = [])
"EvanPlayer" declared "fold:10"
"ZheyuX" declared "call:10"
"KLChen2PokerPlayer" declared "raise:15"
"Zheng" declared "call:15"
"ZheyuX" declared "call:15"
Street "flop" started. (community card = ['C3', 'S6', 'C4'])
"KLChen2PokerPlayer" declared "call:0"
"Zheng" declared "call:0"
"ZheyuX" declared "call:0"
Street "turn" started. (community card = ['C3', 'S6', 'C4', 'H5'])
"KLChen2PokerPlayer" declared "call:0"
"Zheng" declared "call:0"
"ZheyuX" declared "raise:10"
"KLChen2PokerPlayer" declared "fold:0"
"Zheng" declared "call:10"
Street "river" started. (community card = ['C3', 'S6', 'C4', 'H5', 'D4'])
"Zheng" declared "call:0"
"ZheyuX" declared "raise:10"
"Zheng" declared "call:10"
"['ZheyuX']" won the round 19 (stack = {'Zheng': 765, 'RaphaelPlayer': 0, 'EvanPlayer': 2078, 'ZheyuX': 1340, 'KLChen2PokerPlayer': 817})
player [Zheng] gets hole card ['DA', 'S8'], current stack 760
player [EvanPlayer] gets hole card ['DQ', 'DK'], current stack 2068
player [ZheyuX] gets hole card ['CK', 'H9'], current stack 1340
player [KLChen2PokerPlayer] gets hole card ['C5', 'HJ'], current stack 817
Started the round 20
Street "preflop" started. (community card = [])
"ZheyuX" declared "call:10"
"KLChen2PokerPlayer" declared "fold:0"
"Zheng" declared "call:10"
"EvanPlayer" declared "fold:10"
Street "flop" started. (community card = ['S3', 'S4', 'CT'])
"Zheng" declared "call:0"
"ZheyuX" declared "call:0"
Street "turn" started. (community card = ['S3', 'S4', 'CT', 'D5'])
"Zheng" declared "call:0"
"ZheyuX" declared "call:0"
Street "river" started. (community card = ['S3', 'S4', 'CT', 'D5', 'ST'])
"Zheng" declared "call:0"
"ZheyuX" declared "call:0"
"['Zheng']" won the round 20 (stack = {'Zheng': 785, 'RaphaelPlayer': 0, 'EvanPlayer': 2068, 'ZheyuX': 1330, 'KLChen2PokerPlayer': 817})
player [Zheng] gets hole card ['CK', 'H6'], current stack 785
player [EvanPlayer] gets hole card ['H5', 'D5'], current stack 2063
player [ZheyuX] gets hole card ['DK', 'D2'], current stack 1320
player [KLChen2PokerPlayer] gets hole card ['DQ', 'SQ'], current stack 817
Started the round 21
Street "preflop" started. (community card = [])
"KLChen2PokerPlayer" declared "raise:24"
"Zheng" declared "call:24"
"EvanPlayer" declared "fold:24"
"ZheyuX" declared "call:24"
Street "flop" started. (community card = ['DT', 'HQ', 'CJ'])
"ZheyuX" declared "call:0"
"KLChen2PokerPlayer" declared "raise:32"
"Zheng" declared "call:32"
"ZheyuX" declared "call:32"
Street "turn" started. (community card = ['DT', 'HQ', 'CJ', 'H4'])
"ZheyuX" declared "call:0"
"KLChen2PokerPlayer" declared "raise:171"
"Zheng" declared "fold:0"
"ZheyuX" declared "call:171"
Street "river" started. (community card = ['DT', 'HQ', 'CJ', 'H4', 'C6'])
"ZheyuX" declared "call:0"
"KLChen2PokerPlayer" declared "raise:130"
"ZheyuX" declared "call:130"
"['KLChen2PokerPlayer']" won the round 21 (stack = {'Zheng': 729, 'RaphaelPlayer': 0, 'EvanPlayer': 2063, 'ZheyuX': 973, 'KLChen2PokerPlayer': 1235})
player [Zheng] gets hole card ['SQ', 'CJ'], current stack 729
player [EvanPlayer] gets hole card ['CT', 'S2'], current stack 2063
player [ZheyuX] gets hole card ['HK', 'HA'], current stack 968
player [KLChen2PokerPlayer] gets hole card ['D3', 'S3'], current stack 1225
Started the round 22
Street "preflop" started. (community card = [])
"Zheng" declared "call:10"
"EvanPlayer" declared "fold:10"
"ZheyuX" declared "raise:15"
"KLChen2PokerPlayer" declared "fold:0"
"Zheng" declared "call:15"
Street "flop" started. (community card = ['D7', 'D6', 'DQ'])
"ZheyuX" declared "raise:10"
"Zheng" declared "call:10"
Street "turn" started. (community card = ['D7', 'D6', 'DQ', 'C7'])
"ZheyuX" declared "raise:10"
"Zheng" declared "call:10"
Street "river" started. (community card = ['D7', 'D6', 'DQ', 'C7', 'H6'])
"ZheyuX" declared "raise:10"
"Zheng" declared "call:10"
"['Zheng']" won the round 22 (stack = {'Zheng': 784, 'RaphaelPlayer': 0, 'EvanPlayer': 2063, 'ZheyuX': 928, 'KLChen2PokerPlayer': 1225})
player [Zheng] gets hole card ['DK', 'CQ'], current stack 774
player [EvanPlayer] gets hole card ['H3', 'CJ'], current stack 2063
player [ZheyuX] gets hole card ['D5', 'SK'], current stack 928
player [KLChen2PokerPlayer] gets hole card ['CK', 'S4'], current stack 1220
Started the round 23
Street "preflop" started. (community card = [])
"EvanPlayer" declared "fold:10"
"ZheyuX" declared "call:10"
"KLChen2PokerPlayer" declared "call:10"
"Zheng" declared "call:10"
Street "flop" started. (community card = ['HT', 'H2', 'H5'])
"KLChen2PokerPlayer" declared "call:0"
"Zheng" declared "call:0"
"ZheyuX" declared "call:0"
Street "turn" started. (community card = ['HT', 'H2', 'H5', 'DA'])
"KLChen2PokerPlayer" declared "call:0"
"Zheng" declared "call:0"
"ZheyuX" declared "call:0"
Street "river" started. (community card = ['HT', 'H2', 'H5', 'DA', 'SA'])
"KLChen2PokerPlayer" declared "call:0"
"Zheng" declared "call:0"
"ZheyuX" declared "raise:10"
"KLChen2PokerPlayer" declared "fold:0"
"Zheng" declared "call:10"
"['ZheyuX']" won the round 23 (stack = {'Zheng': 764, 'RaphaelPlayer': 0, 'EvanPlayer': 2063, 'ZheyuX': 958, 'KLChen2PokerPlayer': 1215})
player [Zheng] gets hole card ['DJ', 'C9'], current stack 759
player [EvanPlayer] gets hole card ['D5', 'D2'], current stack 2053
player [ZheyuX] gets hole card ['H4', 'HJ'], current stack 958
player [KLChen2PokerPlayer] gets hole card ['S3', 'H6'], current stack 1215
Started the round 24
Street "preflop" started. (community card = [])
"ZheyuX" declared "call:10"
"KLChen2PokerPlayer" declared "fold:0"
"Zheng" declared "call:10"
"EvanPlayer" declared "raise:2063"
"ZheyuX" declared "fold:0"
"Zheng" declared "fold:0"
"['EvanPlayer']" won the round 24 (stack = {'Zheng': 754, 'RaphaelPlayer': 0, 'EvanPlayer': 2083, 'ZheyuX': 948, 'KLChen2PokerPlayer': 1215})
player [Zheng] gets hole card ['HK', 'H5'], current stack 754
player [EvanPlayer] gets hole card ['D8', 'S3'], current stack 2078
player [ZheyuX] gets hole card ['SQ', 'H9'], current stack 938
player [KLChen2PokerPlayer] gets hole card ['S7', 'C6'], current stack 1215
Started the round 25
Street "preflop" started. (community card = [])
"KLChen2PokerPlayer" declared "call:10"
"Zheng" declared "call:10"
"EvanPlayer" declared "fold:10"
"ZheyuX" declared "call:10"
Street "flop" started. (community card = ['H7', 'HT', 'D6'])
"ZheyuX" declared "call:0"
"KLChen2PokerPlayer" declared "raise:33"
"Zheng" declared "call:33"
"ZheyuX" declared "call:33"
Street "turn" started. (community card = ['H7', 'HT', 'D6', 'C2'])
"ZheyuX" declared "call:0"
"KLChen2PokerPlayer" declared "raise:223"
"Zheng" declared "fold:0"
"ZheyuX" declared "call:223"
Street "river" started. (community card = ['H7', 'HT', 'D6', 'C2', 'ST'])
"ZheyuX" declared "call:0"
"KLChen2PokerPlayer" declared "raise:189"
"ZheyuX" declared "call:189"
"['KLChen2PokerPlayer']" won the round 25 (stack = {'Zheng': 711, 'RaphaelPlayer': 0, 'EvanPlayer': 2078, 'ZheyuX': 493, 'KLChen2PokerPlayer': 1718})
player [Zheng] gets hole card ['DT', 'D3'], current stack 711
player [EvanPlayer] gets hole card ['C3', 'CQ'], current stack 2078
player [ZheyuX] gets hole card ['S9', 'SJ'], current stack 488
player [KLChen2PokerPlayer] gets hole card ['C8', 'SA'], current stack 1708
Started the round 26
Street "preflop" started. (community card = [])
"Zheng" declared "call:10"
"EvanPlayer" declared "fold:10"
"ZheyuX" declared "call:10"
"KLChen2PokerPlayer" declared "raise:27"
"Zheng" declared "call:27"
"ZheyuX" declared "call:27"
Street "flop" started. (community card = ['HK', 'CA', 'H6'])
"ZheyuX" declared "call:0"
"KLChen2PokerPlayer" declared "raise:36"
"Zheng" declared "call:36"
"ZheyuX" declared "call:36"
Street "turn" started. (community card = ['HK', 'CA', 'H6', 'CJ'])
"ZheyuX" declared "raise:10"
"KLChen2PokerPlayer" declared "raise:313"
"Zheng" declared "fold:0"
"ZheyuX" declared "call:313"
Street "river" started. (community card = ['HK', 'CA', 'H6', 'CJ', 'H9'])
"ZheyuX" declared "raise:10"
"KLChen2PokerPlayer" declared "raise:300"
"ZheyuX" declared "call:300"
"['ZheyuX']" won the round 26 (stack = {'Zheng': 648, 'RaphaelPlayer': 0, 'EvanPlayer': 2078, 'ZheyuX': 1049, 'KLChen2PokerPlayer': 1225})
player [Zheng] gets hole card ['SA', 'DA'], current stack 638
player [EvanPlayer] gets hole card ['C7', 'C4'], current stack 2078
player [ZheyuX] gets hole card ['D4', 'CK'], current stack 1049
player [KLChen2PokerPlayer] gets hole card ['SK', 'SJ'], current stack 1220
Started the round 27
Street "preflop" started. (community card = [])
"EvanPlayer" declared "fold:10"
"ZheyuX" declared "call:10"
"KLChen2PokerPlayer" declared "raise:19"
"Zheng" declared "call:19"
"ZheyuX" declared "call:19"
Street "flop" started. (community card = ['HT', 'C6', 'C8'])
"KLChen2PokerPlayer" declared "call:0"
"Zheng" declared "call:0"
"ZheyuX" declared "call:0"
Street "turn" started. (community card = ['HT', 'C6', 'C8', 'H7'])
"KLChen2PokerPlayer" declared "call:0"
"Zheng" declared "call:0"
"ZheyuX" declared "call:0"
Street "river" started. (community card = ['HT', 'C6', 'C8', 'H7', 'C2'])
"KLChen2PokerPlayer" declared "call:0"
"Zheng" declared "call:0"
"ZheyuX" declared "call:0"
"['Zheng']" won the round 27 (stack = {'Zheng': 686, 'RaphaelPlayer': 0, 'EvanPlayer': 2078, 'ZheyuX': 1030, 'KLChen2PokerPlayer': 1206})
player [Zheng] gets hole card ['C8', 'CK'], current stack 681
player [EvanPlayer] gets hole card ['HK', 'CA'], current stack 2068
player [ZheyuX] gets hole card ['C2', 'CJ'], current stack 1030
player [KLChen2PokerPlayer] gets hole card ['SA', 'S9'], current stack 1206
Started the round 28
Street "preflop" started. (community card = [])
"ZheyuX" declared "call:10"
"KLChen2PokerPlayer" declared "raise:27"
"Zheng" declared "call:27"
"EvanPlayer" declared "fold:27"
"ZheyuX" declared "call:27"
Street "flop" started. (community card = ['C9', 'H7', 'H6'])
"Zheng" declared "call:0"
"ZheyuX" declared "call:0"
"KLChen2PokerPlayer" declared "raise:28"
"Zheng" declared "call:28"
"ZheyuX" declared "call:28"
Street "turn" started. (community card = ['C9', 'H7', 'H6', 'D7'])
"Zheng" declared "call:0"
"ZheyuX" declared "call:0"
"KLChen2PokerPlayer" declared "call:0"
Street "river" started. (community card = ['C9', 'H7', 'H6', 'D7', 'HT'])
"Zheng" declared "raise:320"
"ZheyuX" declared "call:320"
"KLChen2PokerPlayer" declared "fold:0"
"['Zheng']" won the round 28 (stack = {'Zheng': 1126, 'RaphaelPlayer': 0, 'EvanPlayer': 2068, 'ZheyuX': 655, 'KLChen2PokerPlayer': 1151})
player [Zheng] gets hole card ['H2', 'DA'], current stack 1126
player [EvanPlayer] gets hole card ['CQ', 'D6'], current stack 2063
player [ZheyuX] gets hole card ['S5', 'D2'], current stack 645
player [KLChen2PokerPlayer] gets hole card ['H5', 'S3'], current stack 1151
Started the round 29
Street "preflop" started. (community card = [])
"KLChen2PokerPlayer" declared "call:10"
"Zheng" declared "call:10"
"EvanPlayer" declared "fold:10"
"ZheyuX" declared "call:10"
Street "flop" started. (community card = ['D8', 'HA', 'HT'])
"ZheyuX" declared "call:0"
"KLChen2PokerPlayer" declared "call:0"
"Zheng" declared "call:0"
Street "turn" started. (community card = ['D8', 'HA', 'HT', 'H3'])
"ZheyuX" declared "call:0"
"KLChen2PokerPlayer" declared "call:0"
"Zheng" declared "call:0"
Street "river" started. (community card = ['D8', 'HA', 'HT', 'H3', 'DK'])
"ZheyuX" declared "call:0"
"KLChen2PokerPlayer" declared "call:0"
"Zheng" declared "call:0"
"['Zheng']" won the round 29 (stack = {'Zheng': 1151, 'RaphaelPlayer': 0, 'EvanPlayer': 2063, 'ZheyuX': 645, 'KLChen2PokerPlayer': 1141})
player [Zheng] gets hole card ['C2', 'D2'], current stack 1151
player [EvanPlayer] gets hole card ['DK', 'ST'], current stack 2063
player [ZheyuX] gets hole card ['S7', 'D5'], current stack 640
player [KLChen2PokerPlayer] gets hole card ['D9', 'CA'], current stack 1131
Started the round 30
Street "preflop" started. (community card = [])
"Zheng" declared "call:10"
"EvanPlayer" declared "fold:10"
"ZheyuX" declared "call:10"
"KLChen2PokerPlayer" declared "raise:29"
"Zheng" declared "call:29"
"ZheyuX" declared "call:29"
Street "flop" started. (community card = ['C7', 'SK', 'D8'])
"ZheyuX" declared "raise:10"
"KLChen2PokerPlayer" declared "call:10"
"Zheng" declared "call:10"
Street "turn" started. (community card = ['C7', 'SK', 'D8', 'S6'])
"ZheyuX" declared "call:0"
"KLChen2PokerPlayer" declared "call:0"
"Zheng" declared "call:0"
Street "river" started. (community card = ['C7', 'SK', 'D8', 'S6', 'C3'])
"ZheyuX" declared "call:0"
"KLChen2PokerPlayer" declared "call:0"
"Zheng" declared "call:0"
"['ZheyuX']" won the round 30 (stack = {'Zheng': 1112, 'RaphaelPlayer': 0, 'EvanPlayer': 2063, 'ZheyuX': 723, 'KLChen2PokerPlayer': 1102})
player [Zheng] gets hole card ['HJ', 'C9'], current stack 1102
player [EvanPlayer] gets hole card ['S7', 'H7'], current stack 2063
player [ZheyuX] gets hole card ['CT', 'CQ'], current stack 723
player [KLChen2PokerPlayer] gets hole card ['D8', 'C8'], current stack 1097
Started the round 31
Street "preflop" started. (community card = [])
"EvanPlayer" declared "fold:10"
"ZheyuX" declared "raise:15"
"KLChen2PokerPlayer" declared "raise:23"
"Zheng" declared "call:23"
"ZheyuX" declared "call:23"
Street "flop" started. (community card = ['H8', 'C3', 'C7'])
"KLChen2PokerPlayer" declared "raise:20"
"Zheng" declared "call:20"
"ZheyuX" declared "raise:40"
"KLChen2PokerPlayer" declared "call:40"
"Zheng" declared "call:40"
Street "turn" started. (community card = ['H8', 'C3', 'C7', 'S4'])
"KLChen2PokerPlayer" declared "raise:391"
"Zheng" declared "fold:0"
"ZheyuX" declared "call:391"
Street "river" started. (community card = ['H8', 'C3', 'C7', 'S4', 'SA'])
"KLChen2PokerPlayer" declared "raise:227"
"ZheyuX" declared "call:227"
"['KLChen2PokerPlayer']" won the round 31 (stack = {'Zheng': 1049, 'RaphaelPlayer': 0, 'EvanPlayer': 2063, 'ZheyuX': 42, 'KLChen2PokerPlayer': 1846})
player [Zheng] gets hole card ['H3', 'H8'], current stack 1044
player [EvanPlayer] gets hole card ['DK', 'C9'], current stack 2053
player [ZheyuX] gets hole card ['HT', 'S6'], current stack 42
player [KLChen2PokerPlayer] gets hole card ['HK', 'D7'], current stack 1846
Started the round 32
Street "preflop" started. (community card = [])
"ZheyuX" declared "call:10"
"KLChen2PokerPlayer" declared "raise:18"
"Zheng" declared "call:18"
"EvanPlayer" declared "fold:18"
"ZheyuX" declared "call:18"
Street "flop" started. (community card = ['C8', 'C6', 'C2'])
"Zheng" declared "call:0"
"ZheyuX" declared "call:0"
"KLChen2PokerPlayer" declared "call:0"
Street "turn" started. (community card = ['C8', 'C6', 'C2', 'H7'])
"Zheng" declared "call:0"
"ZheyuX" declared "call:0"
"KLChen2PokerPlayer" declared "call:0"
Street "river" started. (community card = ['C8', 'C6', 'C2', 'H7', 'S8'])
"Zheng" declared "call:0"
"ZheyuX" declared "call:0"
"KLChen2PokerPlayer" declared "call:0"
"['Zheng']" won the round 32 (stack = {'Zheng': 1095, 'RaphaelPlayer': 0, 'EvanPlayer': 2053, 'ZheyuX': 24, 'KLChen2PokerPlayer': 1828})
player [Zheng] gets hole card ['SK', 'HK'], current stack 1095
player [EvanPlayer] gets hole card ['D2', 'DK'], current stack 2048
player [ZheyuX] gets hole card ['DT', 'D6'], current stack 14
player [KLChen2PokerPlayer] gets hole card ['C4', 'H8'], current stack 1828
Started the round 33
Street "preflop" started. (community card = [])
"KLChen2PokerPlayer" declared "fold:0"
"Zheng" declared "call:10"
"EvanPlayer" declared "fold:10"
"ZheyuX" declared "call:10"
Street "flop" started. (community card = ['CA', 'CQ', 'D9'])
"ZheyuX" declared "call:0"
"Zheng" declared "call:0"
Street "turn" started. (community card = ['CA', 'CQ', 'D9', 'SJ'])
"ZheyuX" declared "call:0"
"Zheng" declared "call:0"
Street "river" started. (community card = ['CA', 'CQ', 'D9', 'SJ', 'SA'])
"ZheyuX" declared "call:0"
"Zheng" declared "raise:547"
"ZheyuX" declared "call:547"
"['Zheng']" won the round 33 (stack = {'Zheng': 1124, 'RaphaelPlayer': 0, 'EvanPlayer': 2048, 'ZheyuX': 0, 'KLChen2PokerPlayer': 1828})
player [Zheng] gets hole card ['CA', 'CQ'], current stack 1114
player [EvanPlayer] gets hole card ['D8', 'SQ'], current stack 2048
player [KLChen2PokerPlayer] gets hole card ['H6', 'ST'], current stack 1823
Started the round 34
Street "preflop" started. (community card = [])
"EvanPlayer" declared "fold:10"
"KLChen2PokerPlayer" declared "call:10"
"Zheng" declared "call:10"
Street "flop" started. (community card = ['D2', 'DK', 'SJ'])
"KLChen2PokerPlayer" declared "call:0"
"Zheng" declared "call:0"
Street "turn" started. (community card = ['D2', 'DK', 'SJ', 'C5'])
"KLChen2PokerPlayer" declared "call:0"
"Zheng" declared "call:0"
Street "river" started. (community card = ['D2', 'DK', 'SJ', 'C5', 'H9'])
"KLChen2PokerPlayer" declared "call:0"
"Zheng" declared "call:0"
"['Zheng']" won the round 34 (stack = {'Zheng': 1134, 'RaphaelPlayer': 0, 'EvanPlayer': 2048, 'ZheyuX': 0, 'KLChen2PokerPlayer': 1818})
player [Zheng] gets hole card ['HT', 'S8'], current stack 1129
player [EvanPlayer] gets hole card ['CK', 'H4'], current stack 2038
player [KLChen2PokerPlayer] gets hole card ['CJ', 'ST'], current stack 1818
Started the round 35
Street "preflop" started. (community card = [])
"KLChen2PokerPlayer" declared "raise:15"
"Zheng" declared "call:15"
"EvanPlayer" declared "fold:15"
Street "flop" started. (community card = ['SJ', 'C7', 'DQ'])
"Zheng" declared "call:0"
"KLChen2PokerPlayer" declared "raise:35"
"Zheng" declared "call:35"
Street "turn" started. (community card = ['SJ', 'C7', 'DQ', 'H2'])
"Zheng" declared "call:0"
"KLChen2PokerPlayer" declared "raise:297"
"Zheng" declared "fold:0"
"['KLChen2PokerPlayer']" won the round 35 (stack = {'Zheng': 1084, 'RaphaelPlayer': 0, 'EvanPlayer': 2038, 'ZheyuX': 0, 'KLChen2PokerPlayer': 1878})
player [Zheng] gets hole card ['S2', 'S4'], current stack 1084
player [EvanPlayer] gets hole card ['CJ', 'DK'], current stack 2033
player [KLChen2PokerPlayer] gets hole card ['C7', 'DT'], current stack 1868
Started the round 36
Street "preflop" started. (community card = [])
"Zheng" declared "call:10"
"EvanPlayer" declared "fold:10"
"KLChen2PokerPlayer" declared "raise:15"
"Zheng" declared "call:15"
Street "flop" started. (community card = ['S7', 'CK', 'H4'])
"KLChen2PokerPlayer" declared "raise:25"
"Zheng" declared "call:25"
Street "turn" started. (community card = ['S7', 'CK', 'H4', 'HJ'])
"KLChen2PokerPlayer" declared "raise:182"
"Zheng" declared "fold:0"
"['KLChen2PokerPlayer']" won the round 36 (stack = {'Zheng': 1044, 'RaphaelPlayer': 0, 'EvanPlayer': 2033, 'ZheyuX': 0, 'KLChen2PokerPlayer': 1923})
player [Zheng] gets hole card ['C2', 'CA'], current stack 1034
player [EvanPlayer] gets hole card ['S5', 'HJ'], current stack 2033
player [KLChen2PokerPlayer] gets hole card ['H2', 'C3'], current stack 1918
Started the round 37
Street "preflop" started. (community card = [])
"EvanPlayer" declared "fold:10"
"KLChen2PokerPlayer" declared "fold:0"
"['Zheng']" won the round 37 (stack = {'Zheng': 1049, 'RaphaelPlayer': 0, 'EvanPlayer': 2033, 'ZheyuX': 0, 'KLChen2PokerPlayer': 1918})
player [Zheng] gets hole card ['CJ', 'D9'], current stack 1044
player [EvanPlayer] gets hole card ['C5', 'DA'], current stack 2023
player [KLChen2PokerPlayer] gets hole card ['DQ', 'C7'], current stack 1918
Started the round 38
Street "preflop" started. (community card = [])
"KLChen2PokerPlayer" declared "call:10"
"Zheng" declared "call:10"
"EvanPlayer" declared "fold:10"
Street "flop" started. (community card = ['H2', 'H5', 'HQ'])
"Zheng" declared "call:0"
"KLChen2PokerPlayer" declared "raise:21"
"Zheng" declared "call:21"
Street "turn" started. (community card = ['H2', 'H5', 'HQ', 'S3'])
"Zheng" declared "call:0"
"KLChen2PokerPlayer" declared "raise:230"
"Zheng" declared "fold:0"
"['KLChen2PokerPlayer']" won the round 38 (stack = {'Zheng': 1018, 'RaphaelPlayer': 0, 'EvanPlayer': 2023, 'ZheyuX': 0, 'KLChen2PokerPlayer': 1959})
player [Zheng] gets hole card ['D3', 'C5'], current stack 1018
player [EvanPlayer] gets hole card ['H2', 'H4'], current stack 2018
player [KLChen2PokerPlayer] gets hole card ['S6', 'H5'], current stack 1949
Started the round 39
Street "preflop" started. (community card = [])
"Zheng" declared "call:10"
"EvanPlayer" declared "fold:10"
"KLChen2PokerPlayer" declared "call:10"
Street "flop" started. (community card = ['HK', 'CT', 'SA'])
"KLChen2PokerPlayer" declared "call:0"
"Zheng" declared "call:0"
Street "turn" started. (community card = ['HK', 'CT', 'SA', 'CJ'])
"KLChen2PokerPlayer" declared "call:0"
"Zheng" declared "call:0"
Street "river" started. (community card = ['HK', 'CT', 'SA', 'CJ', 'C7'])
"KLChen2PokerPlayer" declared "call:0"
"Zheng" declared "call:0"
"['Zheng', 'KLChen2PokerPlayer']" won the round 39 (stack = {'Zheng': 1020, 'RaphaelPlayer': 0, 'EvanPlayer': 2018, 'ZheyuX': 0, 'KLChen2PokerPlayer': 1961})
player [Zheng] gets hole card ['C6', 'CQ'], current stack 1010
player [EvanPlayer] gets hole card ['H6', 'H8'], current stack 2018
player [KLChen2PokerPlayer] gets hole card ['DJ', 'C3'], current stack 1956
Started the round 40
Street "preflop" started. (community card = [])
"EvanPlayer" declared "fold:10"
"KLChen2PokerPlayer" declared "call:10"
"Zheng" declared "call:10"
Street "flop" started. (community card = ['D4', 'D2', 'HA'])
"KLChen2PokerPlayer" declared "call:0"
"Zheng" declared "call:0"
Street "turn" started. (community card = ['D4', 'D2', 'HA', 'D8'])
"KLChen2PokerPlayer" declared "call:0"
"Zheng" declared "call:0"
Street "river" started. (community card = ['D4', 'D2', 'HA', 'D8', 'H7'])
"KLChen2PokerPlayer" declared "call:0"
"Zheng" declared "call:0"
"['Zheng']" won the round 40 (stack = {'Zheng': 1030, 'RaphaelPlayer': 0, 'EvanPlayer': 2018, 'ZheyuX': 0, 'KLChen2PokerPlayer': 1951})
player [Zheng] gets hole card ['SA', 'H5'], current stack 1025
player [EvanPlayer] gets hole card ['SK', 'DJ'], current stack 2008
player [KLChen2PokerPlayer] gets hole card ['S5', 'D4'], current stack 1951
Started the round 41
Street "preflop" started. (community card = [])
"KLChen2PokerPlayer" declared "fold:0"
"Zheng" declared "call:10"
"EvanPlayer" declared "fold:10"
"['Zheng']" won the round 41 (stack = {'Zheng': 1040, 'RaphaelPlayer': 0, 'EvanPlayer': 2008, 'ZheyuX': 0, 'KLChen2PokerPlayer': 1951})
player [Zheng] gets hole card ['HT', 'CJ'], current stack 1040
player [EvanPlayer] gets hole card ['CK', 'D3'], current stack 2003
player [KLChen2PokerPlayer] gets hole card ['D2', 'HQ'], current stack 1941
Started the round 42
Street "preflop" started. (community card = [])
"Zheng" declared "call:10"
"EvanPlayer" declared "fold:10"
"KLChen2PokerPlayer" declared "call:10"
Street "flop" started. (community card = ['D5', 'HA', 'H6'])
"KLChen2PokerPlayer" declared "call:0"
"Zheng" declared "call:0"
Street "turn" started. (community card = ['D5', 'HA', 'H6', 'S6'])
"KLChen2PokerPlayer" declared "call:0"
"Zheng" declared "call:0"
Street "river" started. (community card = ['D5', 'HA', 'H6', 'S6', 'ST'])
"KLChen2PokerPlayer" declared "call:0"
"Zheng" declared "call:0"
"['Zheng']" won the round 42 (stack = {'Zheng': 1055, 'RaphaelPlayer': 0, 'EvanPlayer': 2003, 'ZheyuX': 0, 'KLChen2PokerPlayer': 1941})
player [Zheng] gets hole card ['C5', 'D3'], current stack 1045
player [EvanPlayer] gets hole card ['D5', 'H8'], current stack 2003
player [KLChen2PokerPlayer] gets hole card ['C8', 'H5'], current stack 1936
Started the round 43
Street "preflop" started. (community card = [])
"EvanPlayer" declared "fold:10"
"KLChen2PokerPlayer" declared "call:10"
"Zheng" declared "call:10"
Street "flop" started. (community card = ['S3', 'CQ', 'SJ'])
"KLChen2PokerPlayer" declared "call:0"
"Zheng" declared "call:0"
Street "turn" started. (community card = ['S3', 'CQ', 'SJ', 'S8'])
"KLChen2PokerPlayer" declared "call:0"
"Zheng" declared "call:0"
Street "river" started. (community card = ['S3', 'CQ', 'SJ', 'S8', 'S6'])
"KLChen2PokerPlayer" declared "call:0"
"Zheng" declared "call:0"
"['KLChen2PokerPlayer']" won the round 43 (stack = {'Zheng': 1045, 'RaphaelPlayer': 0, 'EvanPlayer': 2003, 'ZheyuX': 0, 'KLChen2PokerPlayer': 1951})
player [Zheng] gets hole card ['DQ', 'DT'], current stack 1040
player [EvanPlayer] gets hole card ['DK', 'H5'], current stack 1993
player [KLChen2PokerPlayer] gets hole card ['HA', 'H2'], current stack 1951
Started the round 44
Street "preflop" started. (community card = [])
"KLChen2PokerPlayer" declared "raise:16"
"Zheng" declared "call:16"
"EvanPlayer" declared "fold:16"
Street "flop" started. (community card = ['C2', 'S7', 'H7'])
"Zheng" declared "call:0"
"KLChen2PokerPlayer" declared "raise:26"
"Zheng" declared "call:26"
Street "turn" started. (community card = ['C2', 'S7', 'H7', 'C4'])
"Zheng" declared "call:0"
"KLChen2PokerPlayer" declared "raise:149"
"Zheng" declared "call:149"
Street "river" started. (community card = ['C2', 'S7', 'H7', 'C4', 'C8'])
"Zheng" declared "call:0"
"KLChen2PokerPlayer" declared "call:0"
"['KLChen2PokerPlayer']" won the round 44 (stack = {'Zheng': 854, 'RaphaelPlayer': 0, 'EvanPlayer': 1993, 'ZheyuX': 0, 'KLChen2PokerPlayer': 2152})
player [Zheng] gets hole card ['C5', 'S6'], current stack 854
player [EvanPlayer] gets hole card ['CQ', 'C9'], current stack 1988
player [KLChen2PokerPlayer] gets hole card ['C7', 'D8'], current stack 2142
Started the round 45
Street "preflop" started. (community card = [])
"Zheng" declared "call:10"
"EvanPlayer" declared "fold:10"
"KLChen2PokerPlayer" declared "call:10"
Street "flop" started. (community card = ['HK', 'C8', 'HJ'])
"KLChen2PokerPlayer" declared "raise:18"
"Zheng" declared "call:18"
Street "turn" started. (community card = ['HK', 'C8', 'HJ', 'D6'])
"KLChen2PokerPlayer" declared "raise:145"
"Zheng" declared "call:145"
Street "river" started. (community card = ['HK', 'C8', 'HJ', 'D6', 'H5'])
"KLChen2PokerPlayer" declared "call:0"
"Zheng" declared "call:0"
"['Zheng']" won the round 45 (stack = {'Zheng': 1032, 'RaphaelPlayer': 0, 'EvanPlayer': 1988, 'ZheyuX': 0, 'KLChen2PokerPlayer': 1979})
player [Zheng] gets hole card ['S6', 'SQ'], current stack 1022
player [EvanPlayer] gets hole card ['DA', 'D8'], current stack 1988
player [KLChen2PokerPlayer] gets hole card ['CA', 'CK'], current stack 1974
Started the round 46
Street "preflop" started. (community card = [])
"EvanPlayer" declared "fold:10"
"KLChen2PokerPlayer" declared "raise:19"
"Zheng" declared "call:19"
Street "flop" started. (community card = ['H6', 'C5', 'HK'])
"KLChen2PokerPlayer" declared "raise:24"
"Zheng" declared "call:24"
Street "turn" started. (community card = ['H6', 'C5', 'HK', 'S2'])
"KLChen2PokerPlayer" declared "raise:605"
"Zheng" declared "fold:0"
"['KLChen2PokerPlayer']" won the round 46 (stack = {'Zheng': 989, 'RaphaelPlayer': 0, 'EvanPlayer': 1988, 'ZheyuX': 0, 'KLChen2PokerPlayer': 2022})
player [Zheng] gets hole card ['C8', 'CQ'], current stack 984
player [EvanPlayer] gets hole card ['SK', 'CT'], current stack 1978
player [KLChen2PokerPlayer] gets hole card ['D4', 'H6'], current stack 2022
Started the round 47
Street "preflop" started. (community card = [])
"KLChen2PokerPlayer" declared "fold:0"
"Zheng" declared "call:10"
"EvanPlayer" declared "fold:10"
"['Zheng']" won the round 47 (stack = {'Zheng': 999, 'RaphaelPlayer': 0, 'EvanPlayer': 1978, 'ZheyuX': 0, 'KLChen2PokerPlayer': 2022})
player [Zheng] gets hole card ['C5', 'D4'], current stack 999
player [EvanPlayer] gets hole card ['SQ', 'D5'], current stack 1973
player [KLChen2PokerPlayer] gets hole card ['S4', 'ST'], current stack 2012
Started the round 48
Street "preflop" started. (community card = [])
"Zheng" declared "call:10"
"EvanPlayer" declared "fold:10"
"KLChen2PokerPlayer" declared "call:10"
Street "flop" started. (community card = ['S3', 'C7', 'HA'])
"KLChen2PokerPlayer" declared "call:0"
"Zheng" declared "call:0"
Street "turn" started. (community card = ['S3', 'C7', 'HA', 'C2'])
"KLChen2PokerPlayer" declared "call:0"
"Zheng" declared "raise:989"
"KLChen2PokerPlayer" declared "fold:0"
"['Zheng']" won the round 48 (stack = {'Zheng': 1014, 'RaphaelPlayer': 0, 'EvanPlayer': 1973, 'ZheyuX': 0, 'KLChen2PokerPlayer': 2012})
player [Zheng] gets hole card ['D6', 'H2'], current stack 1004
player [EvanPlayer] gets hole card ['H9', 'HJ'], current stack 1973
player [KLChen2PokerPlayer] gets hole card ['DT', 'CK'], current stack 2007
Started the round 49
Street "preflop" started. (community card = [])
"EvanPlayer" declared "fold:10"
"KLChen2PokerPlayer" declared "raise:15"
"Zheng" declared "call:15"
Street "flop" started. (community card = ['H8', 'C2', 'HT'])
"KLChen2PokerPlayer" declared "raise:27"
"Zheng" declared "call:27"
Street "turn" started. (community card = ['H8', 'C2', 'HT', 'D7'])
"KLChen2PokerPlayer" declared "raise:301"
"Zheng" declared "fold:0"
"['KLChen2PokerPlayer']" won the round 49 (stack = {'Zheng': 972, 'RaphaelPlayer': 0, 'EvanPlayer': 1973, 'ZheyuX': 0, 'KLChen2PokerPlayer': 2054})
player [Zheng] gets hole card ['CJ', 'D4'], current stack 967
player [EvanPlayer] gets hole card ['C6', 'DT'], current stack 1963
player [KLChen2PokerPlayer] gets hole card ['H6', 'CQ'], current stack 2054
Started the round 50
Street "preflop" started. (community card = [])
"KLChen2PokerPlayer" declared "raise:15"
"Zheng" declared "call:15"
"EvanPlayer" declared "fold:15"
Street "flop" started. (community card = ['D9', 'D6', 'D5'])
"Zheng" declared "call:0"
"KLChen2PokerPlayer" declared "raise:14"
"Zheng" declared "call:14"
Street "turn" started. (community card = ['D9', 'D6', 'D5', 'CA'])
"Zheng" declared "call:0"
"KLChen2PokerPlayer" declared "call:0"
Street "river" started. (community card = ['D9', 'D6', 'D5', 'CA', 'D3'])
"Zheng" declared "call:0"
"KLChen2PokerPlayer" declared "call:0"
"['Zheng']" won the round 50 (stack = {'Zheng': 1011, 'RaphaelPlayer': 0, 'EvanPlayer': 1963, 'ZheyuX': 0, 'KLChen2PokerPlayer': 2025})

Game Results:
------------------------------------------------------------
Game 1:
Winner: KLChen2PokerPlayer (stack: 2025)
All players' stacks:
  Zheng: 1011
  RaphaelPlayer: 0
  EvanPlayer: 1963
  ZheyuX: 0
  KLChen2PokerPlayer: 2025
------------------------------------------------------------
