player [ZPlayer] gets hole card ['CQ', 'C4'], current stack 990
player [NitWinWin] gets hole card ['H8', 'S5'], current stack 995
Started the round 1
Street "preflop" started. (community card = [])
"NitWinWin" declared "fold:0"
"['ZPlayer']" won the round 1 (stack = {'ZPlayer': 1005, 'NitWinWin': 995})
player [ZPlayer] gets hole card ['D3', 'D2'], current stack 1000
player [NitWinWin] gets hole card ['C8', 'SK'], current stack 985
Started the round 2
Street "preflop" started. (community card = [])
"ZPlayer" declared "call:10"
"NitWinWin" declared "fold:0"
"['ZPlayer']" won the round 2 (stack = {'ZPlayer': 1015, 'NitWinWin': 985})
player [ZPlayer] gets hole card ['C5', 'H5'], current stack 1005
player [NitWinWin] gets hole card ['DQ', 'DJ'], current stack 980
Started the round 3
Street "preflop" started. (community card = [])
"NitWinWin" declared "fold:0"
"['ZPlayer']" won the round 3 (stack = {'ZPlayer': 1020, 'NitWinWin': 980})
player [ZPlayer] gets hole card ['HA', 'D8'], current stack 1015
player [NitWinWin] gets hole card ['S2', 'CQ'], current stack 970
Started the round 4
Street "preflop" started. (community card = [])
"ZPlayer" declared "raise:15"
"NitWinWin" declared "fold:0"
"['ZPlayer']" won the round 4 (stack = {'ZPlayer': 1030, 'NitWinWin': 970})
player [ZPlayer] gets hole card ['H2', 'CK'], current stack 1020
player [NitWinWin] gets hole card ['S5', 'C5'], current stack 965
Started the round 5
Street "preflop" started. (community card = [])
"NitWinWin" declared "fold:0"
"['ZPlayer']" won the round 5 (stack = {'ZPlayer': 1035, 'NitWinWin': 965})
player [ZPlayer] gets hole card ['C7', 'H2'], current stack 1030
player [NitWinWin] gets hole card ['H5', 'DJ'], current stack 955
Started the round 6
Street "preflop" started. (community card = [])
"ZPlayer" declared "call:10"
"NitWinWin" declared "fold:0"
"['ZPlayer']" won the round 6 (stack = {'ZPlayer': 1045, 'NitWinWin': 955})
player [ZPlayer] gets hole card ['C6', 'S9'], current stack 1035
player [NitWinWin] gets hole card ['CJ', 'SK'], current stack 950
Started the round 7
Street "preflop" started. (community card = [])
"NitWinWin" declared "fold:0"
"['ZPlayer']" won the round 7 (stack = {'ZPlayer': 1050, 'NitWinWin': 950})
player [ZPlayer] gets hole card ['C9', 'DT'], current stack 1045
player [NitWinWin] gets hole card ['SK', 'DJ'], current stack 940
Started the round 8
Street "preflop" started. (community card = [])
"ZPlayer" declared "raise:15"
"NitWinWin" declared "fold:0"
"['ZPlayer']" won the round 8 (stack = {'ZPlayer': 1060, 'NitWinWin': 940})
player [ZPlayer] gets hole card ['SQ', 'CJ'], current stack 1050
player [NitWinWin] gets hole card ['H6', 'DQ'], current stack 935
Started the round 9
Street "preflop" started. (community card = [])
"NitWinWin" declared "fold:0"
"['ZPlayer']" won the round 9 (stack = {'ZPlayer': 1065, 'NitWinWin': 935})
player [ZPlayer] gets hole card ['S5', 'H8'], current stack 1060
player [NitWinWin] gets hole card ['H6', 'HA'], current stack 925
Started the round 10
Street "preflop" started. (community card = [])
"ZPlayer" declared "fold:0"
"['NitWinWin']" won the round 10 (stack = {'ZPlayer': 1060, 'NitWinWin': 940})
player [ZPlayer] gets hole card ['CJ', 'D6'], current stack 1050
player [NitWinWin] gets hole card ['S2', 'C6'], current stack 935
Started the round 11
Street "preflop" started. (community card = [])
"NitWinWin" declared "fold:0"
"['ZPlayer']" won the round 11 (stack = {'ZPlayer': 1065, 'NitWinWin': 935})
player [ZPlayer] gets hole card ['S7', 'S4'], current stack 1060
player [NitWinWin] gets hole card ['SQ', 'S5'], current stack 925
Started the round 12
Street "preflop" started. (community card = [])
"ZPlayer" declared "fold:0"
"['NitWinWin']" won the round 12 (stack = {'ZPlayer': 1060, 'NitWinWin': 940})
player [ZPlayer] gets hole card ['C7', 'HA'], current stack 1050
player [NitWinWin] gets hole card ['H2', 'HQ'], current stack 935
Started the round 13
Street "preflop" started. (community card = [])
"NitWinWin" declared "fold:0"
"['ZPlayer']" won the round 13 (stack = {'ZPlayer': 1065, 'NitWinWin': 935})
player [ZPlayer] gets hole card ['H7', 'CK'], current stack 1060
player [NitWinWin] gets hole card ['H6', 'SJ'], current stack 925
Started the round 14
Street "preflop" started. (community card = [])
"ZPlayer" declared "raise:15"
"NitWinWin" declared "fold:0"
"['ZPlayer']" won the round 14 (stack = {'ZPlayer': 1075, 'NitWinWin': 925})
player [ZPlayer] gets hole card ['S3', 'D3'], current stack 1065
player [NitWinWin] gets hole card ['HQ', 'C4'], current stack 920
Started the round 15
Street "preflop" started. (community card = [])
"NitWinWin" declared "fold:0"
"['ZPlayer']" won the round 15 (stack = {'ZPlayer': 1080, 'NitWinWin': 920})
player [ZPlayer] gets hole card ['CJ', 'HK'], current stack 1075
player [NitWinWin] gets hole card ['D3', 'C8'], current stack 910
Started the round 16
Street "preflop" started. (community card = [])
"ZPlayer" declared "raise:15"
"NitWinWin" declared "fold:0"
"['ZPlayer']" won the round 16 (stack = {'ZPlayer': 1090, 'NitWinWin': 910})
player [ZPlayer] gets hole card ['H6', 'D2'], current stack 1080
player [NitWinWin] gets hole card ['C7', 'S9'], current stack 905
Started the round 17
Street "preflop" started. (community card = [])
"NitWinWin" declared "fold:0"
"['ZPlayer']" won the round 17 (stack = {'ZPlayer': 1095, 'NitWinWin': 905})
player [ZPlayer] gets hole card ['CT', 'C3'], current stack 1090
player [NitWinWin] gets hole card ['CA', 'S5'], current stack 895
Started the round 18
Street "preflop" started. (community card = [])
"ZPlayer" declared "raise:15"
"NitWinWin" declared "fold:0"
"['ZPlayer']" won the round 18 (stack = {'ZPlayer': 1105, 'NitWinWin': 895})
player [ZPlayer] gets hole card ['C6', 'DT'], current stack 1095
player [NitWinWin] gets hole card ['H9', 'DJ'], current stack 890
Started the round 19
Street "preflop" started. (community card = [])
"NitWinWin" declared "fold:0"
"['ZPlayer']" won the round 19 (stack = {'ZPlayer': 1110, 'NitWinWin': 890})
player [ZPlayer] gets hole card ['DA', 'S3'], current stack 1105
player [NitWinWin] gets hole card ['D6', 'S9'], current stack 880
Started the round 20
Street "preflop" started. (community card = [])
"ZPlayer" declared "raise:15"
"NitWinWin" declared "fold:0"
"['ZPlayer']" won the round 20 (stack = {'ZPlayer': 1120, 'NitWinWin': 880})
player [ZPlayer] gets hole card ['H9', 'CA'], current stack 1110
player [NitWinWin] gets hole card ['D4', 'HJ'], current stack 875
Started the round 21
Street "preflop" started. (community card = [])
"NitWinWin" declared "fold:0"
"['ZPlayer']" won the round 21 (stack = {'ZPlayer': 1125, 'NitWinWin': 875})
player [ZPlayer] gets hole card ['ST', 'C2'], current stack 1120
player [NitWinWin] gets hole card ['D2', 'D7'], current stack 865
Started the round 22
Street "preflop" started. (community card = [])
"ZPlayer" declared "call:10"
"NitWinWin" declared "fold:0"
"['ZPlayer']" won the round 22 (stack = {'ZPlayer': 1135, 'NitWinWin': 865})
player [ZPlayer] gets hole card ['D6', 'CA'], current stack 1125
player [NitWinWin] gets hole card ['C4', 'H5'], current stack 860
Started the round 23
Street "preflop" started. (community card = [])
"NitWinWin" declared "fold:0"
"['ZPlayer']" won the round 23 (stack = {'ZPlayer': 1140, 'NitWinWin': 860})
player [ZPlayer] gets hole card ['CA', 'D7'], current stack 1135
player [NitWinWin] gets hole card ['HJ', 'C2'], current stack 850
Started the round 24
Street "preflop" started. (community card = [])
"ZPlayer" declared "raise:15"
"NitWinWin" declared "fold:0"
"['ZPlayer']" won the round 24 (stack = {'ZPlayer': 1150, 'NitWinWin': 850})
player [ZPlayer] gets hole card ['C2', 'HQ'], current stack 1140
player [NitWinWin] gets hole card ['C4', 'C7'], current stack 845
Started the round 25
Street "preflop" started. (community card = [])
"NitWinWin" declared "fold:0"
"['ZPlayer']" won the round 25 (stack = {'ZPlayer': 1155, 'NitWinWin': 845})
player [ZPlayer] gets hole card ['C9', 'S5'], current stack 1150
player [NitWinWin] gets hole card ['C6', 'HQ'], current stack 835
Started the round 26
Street "preflop" started. (community card = [])
"ZPlayer" declared "raise:15"
"NitWinWin" declared "fold:0"
"['ZPlayer']" won the round 26 (stack = {'ZPlayer': 1165, 'NitWinWin': 835})
player [ZPlayer] gets hole card ['C2', 'CJ'], current stack 1155
player [NitWinWin] gets hole card ['ST', 'D8'], current stack 830
Started the round 27
Street "preflop" started. (community card = [])
"NitWinWin" declared "fold:0"
"['ZPlayer']" won the round 27 (stack = {'ZPlayer': 1170, 'NitWinWin': 830})
player [ZPlayer] gets hole card ['S4', 'C5'], current stack 1165
player [NitWinWin] gets hole card ['CT', 'S5'], current stack 820
Started the round 28
Street "preflop" started. (community card = [])
"ZPlayer" declared "call:10"
"NitWinWin" declared "fold:0"
"['ZPlayer']" won the round 28 (stack = {'ZPlayer': 1180, 'NitWinWin': 820})
player [ZPlayer] gets hole card ['HT', 'SJ'], current stack 1170
player [NitWinWin] gets hole card ['C8', 'H5'], current stack 815
Started the round 29
Street "preflop" started. (community card = [])
"NitWinWin" declared "fold:0"
"['ZPlayer']" won the round 29 (stack = {'ZPlayer': 1185, 'NitWinWin': 815})
player [ZPlayer] gets hole card ['DK', 'CK'], current stack 1180
player [NitWinWin] gets hole card ['DT', 'ST'], current stack 805
Started the round 30
Street "preflop" started. (community card = [])
"ZPlayer" declared "raise:15"
"NitWinWin" declared "raise:815"
"ZPlayer" declared "call:815"
Street "flop" started. (community card = ['H9', 'C8', 'CQ'])
Street "turn" started. (community card = ['H9', 'C8', 'CQ', 'C3'])
Street "river" started. (community card = ['H9', 'C8', 'CQ', 'C3', 'SQ'])
"['ZPlayer']" won the round 30 (stack = {'ZPlayer': 2000, 'NitWinWin': 0})

Game Results:
------------------------------------------------------------
Game 1:
Winner: ZPlayer (stack: 2000)
All players' stacks:
  ZPlayer: 2000
  NitWinWin: 0
------------------------------------------------------------
