player [ZPlayer] gets hole card ['DK', 'D8'], current stack 990
player [NitWinWin] gets hole card ['S8', 'H3'], current stack 995
Started the round 1
Street "preflop" started. (community card = [])
"NitWinWin" declared "fold:0"
"['ZPlayer']" won the round 1 (stack = {'ZPlayer': 1005, 'NitWinWin': 995})
player [ZPlayer] gets hole card ['CQ', 'SA'], current stack 1000
player [NitWinWin] gets hole card ['SK', 'CK'], current stack 985
Started the round 2
Street "preflop" started. (community card = [])
"ZPlayer" declared "raise:15"
"NitWinWin" declared "raise:995"
"ZPlayer" declared "fold:0"
"['NitWinWin']" won the round 2 (stack = {'ZPlayer': 990, 'NitWinWin': 1010})
player [ZPlayer] gets hole card ['ST', 'S8'], current stack 980
player [NitWinWin] gets hole card ['C2', 'C4'], current stack 1005
Started the round 3
Street "preflop" started. (community card = [])
"NitWinWin" declared "fold:0"
"['ZPlayer']" won the round 3 (stack = {'ZPlayer': 995, 'NitWinWin': 1005})
player [ZPlayer] gets hole card ['HQ', 'S9'], current stack 990
player [NitWinWin] gets hole card ['H5', 'ST'], current stack 995
Started the round 4
Street "preflop" started. (community card = [])
"ZPlayer" declared "raise:15"
"NitWinWin" declared "fold:0"
"['ZPlayer']" won the round 4 (stack = {'ZPlayer': 1005, 'NitWinWin': 995})
player [ZPlayer] gets hole card ['C3', 'HA'], current stack 995
player [NitWinWin] gets hole card ['DJ', 'CA'], current stack 990
Started the round 5
Street "preflop" started. (community card = [])
"NitWinWin" declared "fold:0"
"['ZPlayer']" won the round 5 (stack = {'ZPlayer': 1010, 'NitWinWin': 990})
player [ZPlayer] gets hole card ['S3', 'HJ'], current stack 1005
player [NitWinWin] gets hole card ['HK', 'C3'], current stack 980
Started the round 6
Street "preflop" started. (community card = [])
"ZPlayer" declared "raise:15"
"NitWinWin" declared "fold:0"
"['ZPlayer']" won the round 6 (stack = {'ZPlayer': 1020, 'NitWinWin': 980})
player [ZPlayer] gets hole card ['H4', 'HK'], current stack 1010
player [NitWinWin] gets hole card ['HQ', 'H5'], current stack 975
Started the round 7
Street "preflop" started. (community card = [])
"NitWinWin" declared "fold:0"
"['ZPlayer']" won the round 7 (stack = {'ZPlayer': 1025, 'NitWinWin': 975})
player [ZPlayer] gets hole card ['H6', 'C8'], current stack 1020
player [NitWinWin] gets hole card ['HA', 'D3'], current stack 965
Started the round 8
Street "preflop" started. (community card = [])
"ZPlayer" declared "raise:15"
"NitWinWin" declared "fold:0"
"['ZPlayer']" won the round 8 (stack = {'ZPlayer': 1035, 'NitWinWin': 965})
player [ZPlayer] gets hole card ['HQ', 'C8'], current stack 1025
player [NitWinWin] gets hole card ['SK', 'H7'], current stack 960
Started the round 9
Street "preflop" started. (community card = [])
"NitWinWin" declared "fold:0"
"['ZPlayer']" won the round 9 (stack = {'ZPlayer': 1040, 'NitWinWin': 960})
player [ZPlayer] gets hole card ['S5', 'DT'], current stack 1035
player [NitWinWin] gets hole card ['H7', 'CQ'], current stack 950
Started the round 10
Street "preflop" started. (community card = [])
"ZPlayer" declared "fold:0"
"['NitWinWin']" won the round 10 (stack = {'ZPlayer': 1035, 'NitWinWin': 965})
player [ZPlayer] gets hole card ['D6', 'C5'], current stack 1025
player [NitWinWin] gets hole card ['H2', 'HA'], current stack 960
Started the round 11
Street "preflop" started. (community card = [])
"NitWinWin" declared "fold:0"
"['ZPlayer']" won the round 11 (stack = {'ZPlayer': 1040, 'NitWinWin': 960})
player [ZPlayer] gets hole card ['H8', 'C7'], current stack 1035
player [NitWinWin] gets hole card ['S7', 'D7'], current stack 950
Started the round 12
Street "preflop" started. (community card = [])
"ZPlayer" declared "raise:15"
"NitWinWin" declared "raise:960"
"ZPlayer" declared "fold:0"
"['NitWinWin']" won the round 12 (stack = {'ZPlayer': 1025, 'NitWinWin': 975})
player [ZPlayer] gets hole card ['S4', 'D7'], current stack 1015
player [NitWinWin] gets hole card ['S9', 'H6'], current stack 970
Started the round 13
Street "preflop" started. (community card = [])
"NitWinWin" declared "fold:0"
"['ZPlayer']" won the round 13 (stack = {'ZPlayer': 1030, 'NitWinWin': 970})
player [ZPlayer] gets hole card ['S8', 'S7'], current stack 1025
player [NitWinWin] gets hole card ['SK', 'D2'], current stack 960
Started the round 14
Street "preflop" started. (community card = [])
"ZPlayer" declared "raise:15"
"NitWinWin" declared "fold:0"
"['ZPlayer']" won the round 14 (stack = {'ZPlayer': 1040, 'NitWinWin': 960})
player [ZPlayer] gets hole card ['C2', 'H4'], current stack 1030
player [NitWinWin] gets hole card ['S4', 'HA'], current stack 955
Started the round 15
Street "preflop" started. (community card = [])
"NitWinWin" declared "fold:0"
"['ZPlayer']" won the round 15 (stack = {'ZPlayer': 1045, 'NitWinWin': 955})
player [ZPlayer] gets hole card ['ST', 'H5'], current stack 1040
player [NitWinWin] gets hole card ['CT', 'SJ'], current stack 945
Started the round 16
Street "preflop" started. (community card = [])
"ZPlayer" declared "raise:15"
"NitWinWin" declared "fold:0"
"['ZPlayer']" won the round 16 (stack = {'ZPlayer': 1055, 'NitWinWin': 945})
player [ZPlayer] gets hole card ['H8', 'SA'], current stack 1045
player [NitWinWin] gets hole card ['S5', 'H7'], current stack 940
Started the round 17
Street "preflop" started. (community card = [])
"NitWinWin" declared "fold:0"
"['ZPlayer']" won the round 17 (stack = {'ZPlayer': 1060, 'NitWinWin': 940})
player [ZPlayer] gets hole card ['C9', 'D7'], current stack 1055
player [NitWinWin] gets hole card ['S9', 'SQ'], current stack 930
Started the round 18
Street "preflop" started. (community card = [])
"ZPlayer" declared "raise:15"
"NitWinWin" declared "fold:0"
"['ZPlayer']" won the round 18 (stack = {'ZPlayer': 1070, 'NitWinWin': 930})
player [ZPlayer] gets hole card ['C4', 'H7'], current stack 1060
player [NitWinWin] gets hole card ['C3', 'CA'], current stack 925
Started the round 19
Street "preflop" started. (community card = [])
"NitWinWin" declared "fold:0"
"['ZPlayer']" won the round 19 (stack = {'ZPlayer': 1075, 'NitWinWin': 925})
player [ZPlayer] gets hole card ['C2', 'S6'], current stack 1070
player [NitWinWin] gets hole card ['DT', 'DK'], current stack 915
Started the round 20
Street "preflop" started. (community card = [])
"ZPlayer" declared "call:10"
"NitWinWin" declared "fold:0"
"['ZPlayer']" won the round 20 (stack = {'ZPlayer': 1085, 'NitWinWin': 915})
player [ZPlayer] gets hole card ['CK', 'DA'], current stack 1075
player [NitWinWin] gets hole card ['CA', 'D5'], current stack 910
Started the round 21
Street "preflop" started. (community card = [])
"NitWinWin" declared "fold:0"
"['ZPlayer']" won the round 21 (stack = {'ZPlayer': 1090, 'NitWinWin': 910})
player [ZPlayer] gets hole card ['D8', 'CK'], current stack 1085
player [NitWinWin] gets hole card ['S8', 'HA'], current stack 900
Started the round 22
Street "preflop" started. (community card = [])
"ZPlayer" declared "raise:15"
"NitWinWin" declared "fold:0"
"['ZPlayer']" won the round 22 (stack = {'ZPlayer': 1100, 'NitWinWin': 900})
player [ZPlayer] gets hole card ['CA', 'S3'], current stack 1090
player [NitWinWin] gets hole card ['CK', 'H3'], current stack 895
Started the round 23
Street "preflop" started. (community card = [])
"NitWinWin" declared "fold:0"
"['ZPlayer']" won the round 23 (stack = {'ZPlayer': 1105, 'NitWinWin': 895})
player [ZPlayer] gets hole card ['C4', 'HJ'], current stack 1100
player [NitWinWin] gets hole card ['DJ', 'CT'], current stack 885
Started the round 24
Street "preflop" started. (community card = [])
"ZPlayer" declared "raise:15"
"NitWinWin" declared "fold:0"
"['ZPlayer']" won the round 24 (stack = {'ZPlayer': 1115, 'NitWinWin': 885})
player [ZPlayer] gets hole card ['S6', 'C6'], current stack 1105
player [NitWinWin] gets hole card ['H3', 'C3'], current stack 880
Started the round 25
Street "preflop" started. (community card = [])
"NitWinWin" declared "fold:0"
"['ZPlayer']" won the round 25 (stack = {'ZPlayer': 1120, 'NitWinWin': 880})
player [ZPlayer] gets hole card ['H8', 'D3'], current stack 1115
player [NitWinWin] gets hole card ['C3', 'C8'], current stack 870
Started the round 26
Street "preflop" started. (community card = [])
"ZPlayer" declared "call:10"
"NitWinWin" declared "fold:0"
"['ZPlayer']" won the round 26 (stack = {'ZPlayer': 1130, 'NitWinWin': 870})
player [ZPlayer] gets hole card ['H7', 'CA'], current stack 1120
player [NitWinWin] gets hole card ['D7', 'D8'], current stack 865
Started the round 27
Street "preflop" started. (community card = [])
"NitWinWin" declared "fold:0"
"['ZPlayer']" won the round 27 (stack = {'ZPlayer': 1135, 'NitWinWin': 865})
player [ZPlayer] gets hole card ['D8', 'H5'], current stack 1130
player [NitWinWin] gets hole card ['C2', 'S4'], current stack 855
Started the round 28
Street "preflop" started. (community card = [])
"ZPlayer" declared "call:10"
"NitWinWin" declared "fold:0"
"['ZPlayer']" won the round 28 (stack = {'ZPlayer': 1145, 'NitWinWin': 855})
player [ZPlayer] gets hole card ['HJ', 'C4'], current stack 1135
player [NitWinWin] gets hole card ['D9', 'H7'], current stack 850
Started the round 29
Street "preflop" started. (community card = [])
"NitWinWin" declared "fold:0"
"['ZPlayer']" won the round 29 (stack = {'ZPlayer': 1150, 'NitWinWin': 850})
player [ZPlayer] gets hole card ['S8', 'S6'], current stack 1145
player [NitWinWin] gets hole card ['H2', 'ST'], current stack 840
Started the round 30
Street "preflop" started. (community card = [])
"ZPlayer" declared "raise:15"
"NitWinWin" declared "fold:0"
"['ZPlayer']" won the round 30 (stack = {'ZPlayer': 1160, 'NitWinWin': 840})
player [ZPlayer] gets hole card ['S9', 'ST'], current stack 1150
player [NitWinWin] gets hole card ['DA', 'S5'], current stack 835
Started the round 31
Street "preflop" started. (community card = [])
"NitWinWin" declared "fold:0"
"['ZPlayer']" won the round 31 (stack = {'ZPlayer': 1165, 'NitWinWin': 835})
player [ZPlayer] gets hole card ['CJ', 'D4'], current stack 1160
player [NitWinWin] gets hole card ['S2', 'CT'], current stack 825
Started the round 32
Street "preflop" started. (community card = [])
"ZPlayer" declared "raise:15"
"NitWinWin" declared "fold:0"
"['ZPlayer']" won the round 32 (stack = {'ZPlayer': 1175, 'NitWinWin': 825})
player [ZPlayer] gets hole card ['SJ', 'SA'], current stack 1165
player [NitWinWin] gets hole card ['HQ', 'H4'], current stack 820
Started the round 33
Street "preflop" started. (community card = [])
"NitWinWin" declared "fold:0"
"['ZPlayer']" won the round 33 (stack = {'ZPlayer': 1180, 'NitWinWin': 820})
player [ZPlayer] gets hole card ['HK', 'H9'], current stack 1175
player [NitWinWin] gets hole card ['S2', 'HT'], current stack 810
Started the round 34
Street "preflop" started. (community card = [])
"ZPlayer" declared "raise:15"
"NitWinWin" declared "fold:0"
"['ZPlayer']" won the round 34 (stack = {'ZPlayer': 1190, 'NitWinWin': 810})
player [ZPlayer] gets hole card ['SA', 'C8'], current stack 1180
player [NitWinWin] gets hole card ['SJ', 'S4'], current stack 805
Started the round 35
Street "preflop" started. (community card = [])
"NitWinWin" declared "fold:0"
"['ZPlayer']" won the round 35 (stack = {'ZPlayer': 1195, 'NitWinWin': 805})
player [ZPlayer] gets hole card ['C8', 'HT'], current stack 1190
player [NitWinWin] gets hole card ['SJ', 'SA'], current stack 795
Started the round 36
Street "preflop" started. (community card = [])
"ZPlayer" declared "raise:15"
"NitWinWin" declared "fold:0"
"['ZPlayer']" won the round 36 (stack = {'ZPlayer': 1205, 'NitWinWin': 795})
player [ZPlayer] gets hole card ['S5', 'D3'], current stack 1195
player [NitWinWin] gets hole card ['D4', 'DA'], current stack 790
Started the round 37
Street "preflop" started. (community card = [])
"NitWinWin" declared "fold:0"
"['ZPlayer']" won the round 37 (stack = {'ZPlayer': 1210, 'NitWinWin': 790})
player [ZPlayer] gets hole card ['H3', 'H7'], current stack 1205
player [NitWinWin] gets hole card ['DK', 'SJ'], current stack 780
Started the round 38
Street "preflop" started. (community card = [])
"ZPlayer" declared "call:10"
"NitWinWin" declared "fold:0"
"['ZPlayer']" won the round 38 (stack = {'ZPlayer': 1220, 'NitWinWin': 780})
player [ZPlayer] gets hole card ['SJ', 'D3'], current stack 1210
player [NitWinWin] gets hole card ['C4', 'DQ'], current stack 775
Started the round 39
Street "preflop" started. (community card = [])
"NitWinWin" declared "fold:0"
"['ZPlayer']" won the round 39 (stack = {'ZPlayer': 1225, 'NitWinWin': 775})
player [ZPlayer] gets hole card ['D9', 'D4'], current stack 1220
player [NitWinWin] gets hole card ['SK', 'DK'], current stack 765
Started the round 40
Street "preflop" started. (community card = [])
"ZPlayer" declared "raise:15"
"NitWinWin" declared "raise:775"
"ZPlayer" declared "fold:0"
"['NitWinWin']" won the round 40 (stack = {'ZPlayer': 1210, 'NitWinWin': 790})
player [ZPlayer] gets hole card ['HA', 'S2'], current stack 1200
player [NitWinWin] gets hole card ['S9', 'C5'], current stack 785
Started the round 41
Street "preflop" started. (community card = [])
"NitWinWin" declared "fold:0"
"['ZPlayer']" won the round 41 (stack = {'ZPlayer': 1215, 'NitWinWin': 785})
player [ZPlayer] gets hole card ['DQ', 'S3'], current stack 1210
player [NitWinWin] gets hole card ['CT', 'D7'], current stack 775
Started the round 42
Street "preflop" started. (community card = [])
"ZPlayer" declared "raise:15"
"NitWinWin" declared "fold:0"
"['ZPlayer']" won the round 42 (stack = {'ZPlayer': 1225, 'NitWinWin': 775})
player [ZPlayer] gets hole card ['CA', 'H8'], current stack 1215
player [NitWinWin] gets hole card ['S3', 'CJ'], current stack 770
Started the round 43
Street "preflop" started. (community card = [])
"NitWinWin" declared "fold:0"
"['ZPlayer']" won the round 43 (stack = {'ZPlayer': 1230, 'NitWinWin': 770})
player [ZPlayer] gets hole card ['D7', 'S6'], current stack 1225
player [NitWinWin] gets hole card ['H5', 'H7'], current stack 760
Started the round 44
Street "preflop" started. (community card = [])
"ZPlayer" declared "call:10"
"NitWinWin" declared "fold:0"
"['ZPlayer']" won the round 44 (stack = {'ZPlayer': 1240, 'NitWinWin': 760})
player [ZPlayer] gets hole card ['S8', 'SA'], current stack 1230
player [NitWinWin] gets hole card ['D7', 'H4'], current stack 755
Started the round 45
Street "preflop" started. (community card = [])
"NitWinWin" declared "fold:0"
"['ZPlayer']" won the round 45 (stack = {'ZPlayer': 1245, 'NitWinWin': 755})
player [ZPlayer] gets hole card ['S6', 'H9'], current stack 1240
player [NitWinWin] gets hole card ['CT', 'HQ'], current stack 745
Started the round 46
Street "preflop" started. (community card = [])
"ZPlayer" declared "raise:15"
"NitWinWin" declared "fold:0"
"['ZPlayer']" won the round 46 (stack = {'ZPlayer': 1255, 'NitWinWin': 745})
player [ZPlayer] gets hole card ['C7', 'D6'], current stack 1245
player [NitWinWin] gets hole card ['C8', 'DK'], current stack 740
Started the round 47
Street "preflop" started. (community card = [])
"NitWinWin" declared "fold:0"
"['ZPlayer']" won the round 47 (stack = {'ZPlayer': 1260, 'NitWinWin': 740})
player [ZPlayer] gets hole card ['C3', 'H8'], current stack 1255
player [NitWinWin] gets hole card ['S6', 'D9'], current stack 730
Started the round 48
Street "preflop" started. (community card = [])
"ZPlayer" declared "call:10"
"NitWinWin" declared "fold:0"
"['ZPlayer']" won the round 48 (stack = {'ZPlayer': 1270, 'NitWinWin': 730})
player [ZPlayer] gets hole card ['HK', 'DT'], current stack 1260
player [NitWinWin] gets hole card ['SJ', 'ST'], current stack 725
Started the round 49
Street "preflop" started. (community card = [])
"NitWinWin" declared "fold:0"
"['ZPlayer']" won the round 49 (stack = {'ZPlayer': 1275, 'NitWinWin': 725})
player [ZPlayer] gets hole card ['CQ', 'C9'], current stack 1270
player [NitWinWin] gets hole card ['C6', 'HK'], current stack 715
Started the round 50
Street "preflop" started. (community card = [])
"ZPlayer" declared "raise:15"
"NitWinWin" declared "fold:0"
"['ZPlayer']" won the round 50 (stack = {'ZPlayer': 1285, 'NitWinWin': 715})

Game Results:
------------------------------------------------------------
Game 1:
Winner: ZPlayer (stack: 1285)
All players' stacks:
  ZPlayer: 1285
  NitWinWin: 715
------------------------------------------------------------
