player [ZPlayer] gets hole card ['HA', 'H6'], current stack 990
player [NitWinWin] gets hole card ['D5', 'S4'], current stack 995
Started the round 1
Street "preflop" started. (community card = [])
"NitWinWin" declared "fold:0"
"['ZPlayer']" won the round 1 (stack = {'ZPlayer': 1005, 'NitWinWin': 995})
player [ZPlayer] gets hole card ['SK', 'C9'], current stack 1000
player [NitWinWin] gets hole card ['DK', 'H3'], current stack 985
Started the round 2
Street "preflop" started. (community card = [])
"ZPlayer" declared "raise:15"
"NitWinWin" declared "fold:0"
"['ZPlayer']" won the round 2 (stack = {'ZPlayer': 1015, 'NitWinWin': 985})
player [ZPlayer] gets hole card ['CQ', 'ST'], current stack 1005
player [NitWinWin] gets hole card ['CT', 'H6'], current stack 980
Started the round 3
Street "preflop" started. (community card = [])
"NitWinWin" declared "fold:0"
"['ZPlayer']" won the round 3 (stack = {'ZPlayer': 1020, 'NitWinWin': 980})
player [ZPlayer] gets hole card ['H9', 'H6'], current stack 1015
player [NitWinWin] gets hole card ['S6', 'HA'], current stack 970
Started the round 4
Street "preflop" started. (community card = [])
"ZPlayer" declared "raise:15"
"NitWinWin" declared "fold:0"
"['ZPlayer']" won the round 4 (stack = {'ZPlayer': 1030, 'NitWinWin': 970})
player [ZPlayer] gets hole card ['C8', 'S8'], current stack 1020
player [NitWinWin] gets hole card ['H3', 'CJ'], current stack 965
Started the round 5
Street "preflop" started. (community card = [])
"NitWinWin" declared "fold:0"
"['ZPlayer']" won the round 5 (stack = {'ZPlayer': 1035, 'NitWinWin': 965})
player [ZPlayer] gets hole card ['DJ', 'S3'], current stack 1030
player [NitWinWin] gets hole card ['S9', 'H5'], current stack 955
Started the round 6
Street "preflop" started. (community card = [])
"ZPlayer" declared "raise:15"
"NitWinWin" declared "fold:0"
"['ZPlayer']" won the round 6 (stack = {'ZPlayer': 1045, 'NitWinWin': 955})
player [ZPlayer] gets hole card ['HA', 'C2'], current stack 1035
player [NitWinWin] gets hole card ['DT', 'SJ'], current stack 950
Started the round 7
Street "preflop" started. (community card = [])
"NitWinWin" declared "fold:0"
"['ZPlayer']" won the round 7 (stack = {'ZPlayer': 1050, 'NitWinWin': 950})
player [ZPlayer] gets hole card ['C4', 'C5'], current stack 1045
player [NitWinWin] gets hole card ['D8', 'SK'], current stack 940
Started the round 8
Street "preflop" started. (community card = [])
"ZPlayer" declared "call:10"
"NitWinWin" declared "fold:0"
"['ZPlayer']" won the round 8 (stack = {'ZPlayer': 1060, 'NitWinWin': 940})
player [ZPlayer] gets hole card ['DK', 'S8'], current stack 1050
player [NitWinWin] gets hole card ['S7', 'S3'], current stack 935
Started the round 9
Street "preflop" started. (community card = [])
"NitWinWin" declared "fold:0"
"['ZPlayer']" won the round 9 (stack = {'ZPlayer': 1065, 'NitWinWin': 935})
player [ZPlayer] gets hole card ['H6', 'ST'], current stack 1060
player [NitWinWin] gets hole card ['HQ', 'C5'], current stack 925
Started the round 10
Street "preflop" started. (community card = [])
"ZPlayer" declared "raise:15"
"NitWinWin" declared "fold:0"
"['ZPlayer']" won the round 10 (stack = {'ZPlayer': 1075, 'NitWinWin': 925})
player [ZPlayer] gets hole card ['H3', 'C4'], current stack 1065
player [NitWinWin] gets hole card ['C3', 'S9'], current stack 920
Started the round 11
Street "preflop" started. (community card = [])
"NitWinWin" declared "fold:0"
"['ZPlayer']" won the round 11 (stack = {'ZPlayer': 1080, 'NitWinWin': 920})
player [ZPlayer] gets hole card ['C9', 'DT'], current stack 1075
player [NitWinWin] gets hole card ['D3', 'D7'], current stack 910
Started the round 12
Street "preflop" started. (community card = [])
"ZPlayer" declared "raise:15"
"NitWinWin" declared "fold:0"
"['ZPlayer']" won the round 12 (stack = {'ZPlayer': 1090, 'NitWinWin': 910})
player [ZPlayer] gets hole card ['S2', 'C9'], current stack 1080
player [NitWinWin] gets hole card ['CJ', 'ST'], current stack 905
Started the round 13
Street "preflop" started. (community card = [])
"NitWinWin" declared "fold:0"
"['ZPlayer']" won the round 13 (stack = {'ZPlayer': 1095, 'NitWinWin': 905})
player [ZPlayer] gets hole card ['C3', 'CJ'], current stack 1090
player [NitWinWin] gets hole card ['D5', 'HK'], current stack 895
Started the round 14
Street "preflop" started. (community card = [])
"ZPlayer" declared "raise:15"
"NitWinWin" declared "fold:0"
"['ZPlayer']" won the round 14 (stack = {'ZPlayer': 1105, 'NitWinWin': 895})
player [ZPlayer] gets hole card ['D3', 'H9'], current stack 1095
player [NitWinWin] gets hole card ['S8', 'H2'], current stack 890
Started the round 15
Street "preflop" started. (community card = [])
"NitWinWin" declared "fold:0"
"['ZPlayer']" won the round 15 (stack = {'ZPlayer': 1110, 'NitWinWin': 890})
player [ZPlayer] gets hole card ['CA', 'C6'], current stack 1105
player [NitWinWin] gets hole card ['SA', 'S4'], current stack 880
Started the round 16
Street "preflop" started. (community card = [])
"ZPlayer" declared "raise:15"
"NitWinWin" declared "fold:0"
"['ZPlayer']" won the round 16 (stack = {'ZPlayer': 1120, 'NitWinWin': 880})
player [ZPlayer] gets hole card ['D4', 'H4'], current stack 1110
player [NitWinWin] gets hole card ['S8', 'DQ'], current stack 875
Started the round 17
Street "preflop" started. (community card = [])
"NitWinWin" declared "fold:0"
"['ZPlayer']" won the round 17 (stack = {'ZPlayer': 1125, 'NitWinWin': 875})
player [ZPlayer] gets hole card ['S6', 'DT'], current stack 1120
player [NitWinWin] gets hole card ['CQ', 'H8'], current stack 865
Started the round 18
Street "preflop" started. (community card = [])
"ZPlayer" declared "raise:15"
"NitWinWin" declared "fold:0"
"['ZPlayer']" won the round 18 (stack = {'ZPlayer': 1135, 'NitWinWin': 865})
player [ZPlayer] gets hole card ['CQ', 'D5'], current stack 1125
player [NitWinWin] gets hole card ['D7', 'C9'], current stack 860
Started the round 19
Street "preflop" started. (community card = [])
"NitWinWin" declared "fold:0"
"['ZPlayer']" won the round 19 (stack = {'ZPlayer': 1140, 'NitWinWin': 860})
player [ZPlayer] gets hole card ['CQ', 'H7'], current stack 1135
player [NitWinWin] gets hole card ['C3', 'D6'], current stack 850
Started the round 20
Street "preflop" started. (community card = [])
"ZPlayer" declared "raise:15"
"NitWinWin" declared "fold:0"
"['ZPlayer']" won the round 20 (stack = {'ZPlayer': 1150, 'NitWinWin': 850})
player [ZPlayer] gets hole card ['S7', 'S9'], current stack 1140
player [NitWinWin] gets hole card ['DJ', 'S2'], current stack 845
Started the round 21
Street "preflop" started. (community card = [])
"NitWinWin" declared "fold:0"
"['ZPlayer']" won the round 21 (stack = {'ZPlayer': 1155, 'NitWinWin': 845})
player [ZPlayer] gets hole card ['S6', 'CT'], current stack 1150
player [NitWinWin] gets hole card ['HQ', 'CA'], current stack 835
Started the round 22
Street "preflop" started. (community card = [])
"ZPlayer" declared "raise:15"
"NitWinWin" declared "raise:845"
"ZPlayer" declared "fold:0"
"['NitWinWin']" won the round 22 (stack = {'ZPlayer': 1140, 'NitWinWin': 860})
player [ZPlayer] gets hole card ['C7', 'C2'], current stack 1130
player [NitWinWin] gets hole card ['S3', 'H9'], current stack 855
Started the round 23
Street "preflop" started. (community card = [])
"NitWinWin" declared "fold:0"
"['ZPlayer']" won the round 23 (stack = {'ZPlayer': 1145, 'NitWinWin': 855})
player [ZPlayer] gets hole card ['DK', 'SA'], current stack 1140
player [NitWinWin] gets hole card ['HJ', 'C9'], current stack 845
Started the round 24
Street "preflop" started. (community card = [])
"ZPlayer" declared "raise:15"
"NitWinWin" declared "fold:0"
"['ZPlayer']" won the round 24 (stack = {'ZPlayer': 1155, 'NitWinWin': 845})
player [ZPlayer] gets hole card ['S4', 'H7'], current stack 1145
player [NitWinWin] gets hole card ['D9', 'DJ'], current stack 840
Started the round 25
Street "preflop" started. (community card = [])
"NitWinWin" declared "fold:0"
"['ZPlayer']" won the round 25 (stack = {'ZPlayer': 1160, 'NitWinWin': 840})
player [ZPlayer] gets hole card ['DT', 'D9'], current stack 1155
player [NitWinWin] gets hole card ['SK', 'C7'], current stack 830
Started the round 26
Street "preflop" started. (community card = [])
"ZPlayer" declared "raise:15"
"NitWinWin" declared "fold:0"
"['ZPlayer']" won the round 26 (stack = {'ZPlayer': 1170, 'NitWinWin': 830})
player [ZPlayer] gets hole card ['DA', 'D9'], current stack 1160
player [NitWinWin] gets hole card ['C4', 'HQ'], current stack 825
Started the round 27
Street "preflop" started. (community card = [])
"NitWinWin" declared "fold:0"
"['ZPlayer']" won the round 27 (stack = {'ZPlayer': 1175, 'NitWinWin': 825})
player [ZPlayer] gets hole card ['DK', 'DJ'], current stack 1170
player [NitWinWin] gets hole card ['D2', 'S2'], current stack 815
Started the round 28
Street "preflop" started. (community card = [])
"ZPlayer" declared "raise:15"
"NitWinWin" declared "fold:0"
"['ZPlayer']" won the round 28 (stack = {'ZPlayer': 1185, 'NitWinWin': 815})
player [ZPlayer] gets hole card ['H6', 'SQ'], current stack 1175
player [NitWinWin] gets hole card ['C6', 'H2'], current stack 810
Started the round 29
Street "preflop" started. (community card = [])
"NitWinWin" declared "fold:0"
"['ZPlayer']" won the round 29 (stack = {'ZPlayer': 1190, 'NitWinWin': 810})
player [ZPlayer] gets hole card ['D6', 'DT'], current stack 1185
player [NitWinWin] gets hole card ['CQ', 'HJ'], current stack 800
Started the round 30
Street "preflop" started. (community card = [])
"ZPlayer" declared "raise:15"
"NitWinWin" declared "fold:0"
"['ZPlayer']" won the round 30 (stack = {'ZPlayer': 1200, 'NitWinWin': 800})
player [ZPlayer] gets hole card ['D6', 'S6'], current stack 1190
player [NitWinWin] gets hole card ['ST', 'H9'], current stack 795
Started the round 31
Street "preflop" started. (community card = [])
"NitWinWin" declared "fold:0"
"['ZPlayer']" won the round 31 (stack = {'ZPlayer': 1205, 'NitWinWin': 795})
player [ZPlayer] gets hole card ['H4', 'H5'], current stack 1200
player [NitWinWin] gets hole card ['H8', 'SK'], current stack 785
Started the round 32
Street "preflop" started. (community card = [])
"ZPlayer" declared "call:10"
"NitWinWin" declared "fold:0"
"['ZPlayer']" won the round 32 (stack = {'ZPlayer': 1215, 'NitWinWin': 785})
player [ZPlayer] gets hole card ['C9', 'DA'], current stack 1205
player [NitWinWin] gets hole card ['ST', 'CJ'], current stack 780
Started the round 33
Street "preflop" started. (community card = [])
"NitWinWin" declared "fold:0"
"['ZPlayer']" won the round 33 (stack = {'ZPlayer': 1220, 'NitWinWin': 780})
player [ZPlayer] gets hole card ['C3', 'ST'], current stack 1215
player [NitWinWin] gets hole card ['H4', 'DK'], current stack 770
Started the round 34
Street "preflop" started. (community card = [])
"ZPlayer" declared "call:10"
"NitWinWin" declared "fold:0"
"['ZPlayer']" won the round 34 (stack = {'ZPlayer': 1230, 'NitWinWin': 770})
player [ZPlayer] gets hole card ['DQ', 'HK'], current stack 1220
player [NitWinWin] gets hole card ['SQ', 'H2'], current stack 765
Started the round 35
Street "preflop" started. (community card = [])
"NitWinWin" declared "fold:0"
"['ZPlayer']" won the round 35 (stack = {'ZPlayer': 1235, 'NitWinWin': 765})
player [ZPlayer] gets hole card ['SJ', 'HJ'], current stack 1230
player [NitWinWin] gets hole card ['C8', 'H9'], current stack 755
Started the round 36
Street "preflop" started. (community card = [])
"ZPlayer" declared "raise:15"
"NitWinWin" declared "fold:0"
"['ZPlayer']" won the round 36 (stack = {'ZPlayer': 1245, 'NitWinWin': 755})
player [ZPlayer] gets hole card ['D4', 'DA'], current stack 1235
player [NitWinWin] gets hole card ['CQ', 'H8'], current stack 750
Started the round 37
Street "preflop" started. (community card = [])
"NitWinWin" declared "fold:0"
"['ZPlayer']" won the round 37 (stack = {'ZPlayer': 1250, 'NitWinWin': 750})
player [ZPlayer] gets hole card ['H5', 'CK'], current stack 1245
player [NitWinWin] gets hole card ['HK', 'C8'], current stack 740
Started the round 38
Street "preflop" started. (community card = [])
"ZPlayer" declared "raise:15"
"NitWinWin" declared "fold:0"
"['ZPlayer']" won the round 38 (stack = {'ZPlayer': 1260, 'NitWinWin': 740})
player [ZPlayer] gets hole card ['S9', 'DA'], current stack 1250
player [NitWinWin] gets hole card ['HA', 'S7'], current stack 735
Started the round 39
Street "preflop" started. (community card = [])
"NitWinWin" declared "fold:0"
"['ZPlayer']" won the round 39 (stack = {'ZPlayer': 1265, 'NitWinWin': 735})
player [ZPlayer] gets hole card ['H6', 'S3'], current stack 1260
player [NitWinWin] gets hole card ['DT', 'D5'], current stack 725
Started the round 40
Street "preflop" started. (community card = [])
"ZPlayer" declared "fold:0"
"['NitWinWin']" won the round 40 (stack = {'ZPlayer': 1260, 'NitWinWin': 740})
player [ZPlayer] gets hole card ['ST', 'DK'], current stack 1250
player [NitWinWin] gets hole card ['D8', 'H8'], current stack 735
Started the round 41
Street "preflop" started. (community card = [])
"NitWinWin" declared "raise:740"
"ZPlayer" declared "fold:0"
"['NitWinWin']" won the round 41 (stack = {'ZPlayer': 1250, 'NitWinWin': 750})
player [ZPlayer] gets hole card ['CK', 'S9'], current stack 1245
player [NitWinWin] gets hole card ['S5', 'S4'], current stack 740
Started the round 42
Street "preflop" started. (community card = [])
"ZPlayer" declared "raise:15"
"NitWinWin" declared "fold:0"
"['ZPlayer']" won the round 42 (stack = {'ZPlayer': 1260, 'NitWinWin': 740})
player [ZPlayer] gets hole card ['H5', 'S5'], current stack 1250
player [NitWinWin] gets hole card ['D5', 'HQ'], current stack 735
Started the round 43
Street "preflop" started. (community card = [])
"NitWinWin" declared "fold:0"
"['ZPlayer']" won the round 43 (stack = {'ZPlayer': 1265, 'NitWinWin': 735})
player [ZPlayer] gets hole card ['DK', 'S8'], current stack 1260
player [NitWinWin] gets hole card ['H5', 'ST'], current stack 725
Started the round 44
Street "preflop" started. (community card = [])
"ZPlayer" declared "raise:15"
"NitWinWin" declared "fold:0"
"['ZPlayer']" won the round 44 (stack = {'ZPlayer': 1275, 'NitWinWin': 725})
player [ZPlayer] gets hole card ['D3', 'S2'], current stack 1265
player [NitWinWin] gets hole card ['C3', 'CQ'], current stack 720
Started the round 45
Street "preflop" started. (community card = [])
"NitWinWin" declared "fold:0"
"['ZPlayer']" won the round 45 (stack = {'ZPlayer': 1280, 'NitWinWin': 720})
player [ZPlayer] gets hole card ['DK', 'C8'], current stack 1275
player [NitWinWin] gets hole card ['SA', 'D8'], current stack 710
Started the round 46
Street "preflop" started. (community card = [])
"ZPlayer" declared "raise:15"
"NitWinWin" declared "fold:0"
"['ZPlayer']" won the round 46 (stack = {'ZPlayer': 1290, 'NitWinWin': 710})
player [ZPlayer] gets hole card ['C5', 'SA'], current stack 1280
player [NitWinWin] gets hole card ['C9', 'D2'], current stack 705
Started the round 47
Street "preflop" started. (community card = [])
"NitWinWin" declared "fold:0"
"['ZPlayer']" won the round 47 (stack = {'ZPlayer': 1295, 'NitWinWin': 705})
player [ZPlayer] gets hole card ['S9', 'DQ'], current stack 1290
player [NitWinWin] gets hole card ['DA', 'C8'], current stack 695
Started the round 48
Street "preflop" started. (community card = [])
"ZPlayer" declared "raise:15"
"NitWinWin" declared "fold:0"
"['ZPlayer']" won the round 48 (stack = {'ZPlayer': 1305, 'NitWinWin': 695})
player [ZPlayer] gets hole card ['HA', 'D3'], current stack 1295
player [NitWinWin] gets hole card ['C3', 'S9'], current stack 690
Started the round 49
Street "preflop" started. (community card = [])
"NitWinWin" declared "fold:0"
"['ZPlayer']" won the round 49 (stack = {'ZPlayer': 1310, 'NitWinWin': 690})
player [ZPlayer] gets hole card ['H4', 'S9'], current stack 1305
player [NitWinWin] gets hole card ['CT', 'D6'], current stack 680
Started the round 50
Street "preflop" started. (community card = [])
"ZPlayer" declared "fold:0"
"['NitWinWin']" won the round 50 (stack = {'ZPlayer': 1305, 'NitWinWin': 695})

Game Results:
------------------------------------------------------------
Game 1:
Winner: ZPlayer (stack: 1305)
All players' stacks:
  ZPlayer: 1305
  NitWinWin: 695
------------------------------------------------------------
