player [ZPlayer] gets hole card ['H4', 'H3'], current stack 990
player [NitWinWin] gets hole card ['SK', 'S3'], current stack 995
Started the round 1
Street "preflop" started. (community card = [])
"NitWinWin" declared "fold:0"
"['ZPlayer']" won the round 1 (stack = {'ZPlayer': 1005, 'NitWinWin': 995})
player [ZPlayer] gets hole card ['S8', 'H9'], current stack 1000
player [NitWinWin] gets hole card ['S3', 'H7'], current stack 985
Started the round 2
Street "preflop" started. (community card = [])
"ZPlayer" declared "raise:15"
"NitWinWin" declared "fold:0"
"['ZPlayer']" won the round 2 (stack = {'ZPlayer': 1015, 'NitWinWin': 985})
player [ZPlayer] gets hole card ['C8', 'C6'], current stack 1005
player [NitWinWin] gets hole card ['HQ', 'DK'], current stack 980
Started the round 3
Street "preflop" started. (community card = [])
"NitWinWin" declared "raise:985"
"ZPlayer" declared "fold:0"
"['NitWinWin']" won the round 3 (stack = {'ZPlayer': 1005, 'NitWinWin': 995})
player [ZPlayer] gets hole card ['H5', 'C7'], current stack 1000
player [NitWinWin] gets hole card ['C9', 'H3'], current stack 985
Started the round 4
Street "preflop" started. (community card = [])
"ZPlayer" declared "call:10"
"NitWinWin" declared "fold:0"
"['ZPlayer']" won the round 4 (stack = {'ZPlayer': 1015, 'NitWinWin': 985})
player [ZPlayer] gets hole card ['H6', 'SQ'], current stack 1005
player [NitWinWin] gets hole card ['D8', 'C9'], current stack 980
Started the round 5
Street "preflop" started. (community card = [])
"NitWinWin" declared "fold:0"
"['ZPlayer']" won the round 5 (stack = {'ZPlayer': 1020, 'NitWinWin': 980})
player [ZPlayer] gets hole card ['HQ', 'D7'], current stack 1015
player [NitWinWin] gets hole card ['H9', 'H8'], current stack 970
Started the round 6
Street "preflop" started. (community card = [])
"ZPlayer" declared "raise:15"
"NitWinWin" declared "fold:0"
"['ZPlayer']" won the round 6 (stack = {'ZPlayer': 1030, 'NitWinWin': 970})
player [ZPlayer] gets hole card ['H8', 'H7'], current stack 1020
player [NitWinWin] gets hole card ['DQ', 'C8'], current stack 965
Started the round 7
Street "preflop" started. (community card = [])
"NitWinWin" declared "fold:0"
"['ZPlayer']" won the round 7 (stack = {'ZPlayer': 1035, 'NitWinWin': 965})
player [ZPlayer] gets hole card ['S8', 'D7'], current stack 1030
player [NitWinWin] gets hole card ['D4', 'SA'], current stack 955
Started the round 8
Street "preflop" started. (community card = [])
"ZPlayer" declared "raise:15"
"NitWinWin" declared "fold:0"
"['ZPlayer']" won the round 8 (stack = {'ZPlayer': 1045, 'NitWinWin': 955})
player [ZPlayer] gets hole card ['H9', 'DA'], current stack 1035
player [NitWinWin] gets hole card ['SQ', 'DT'], current stack 950
Started the round 9
Street "preflop" started. (community card = [])
"NitWinWin" declared "fold:0"
"['ZPlayer']" won the round 9 (stack = {'ZPlayer': 1050, 'NitWinWin': 950})
player [ZPlayer] gets hole card ['D3', 'D5'], current stack 1045
player [NitWinWin] gets hole card ['H6', 'C5'], current stack 940
Started the round 10
Street "preflop" started. (community card = [])
"ZPlayer" declared "fold:0"
"['NitWinWin']" won the round 10 (stack = {'ZPlayer': 1045, 'NitWinWin': 955})
player [ZPlayer] gets hole card ['D2', 'C2'], current stack 1035
player [NitWinWin] gets hole card ['DQ', 'ST'], current stack 950
Started the round 11
Street "preflop" started. (community card = [])
"NitWinWin" declared "fold:0"
"['ZPlayer']" won the round 11 (stack = {'ZPlayer': 1050, 'NitWinWin': 950})
player [ZPlayer] gets hole card ['CA', 'DK'], current stack 1045
player [NitWinWin] gets hole card ['S2', 'S5'], current stack 940
Started the round 12
Street "preflop" started. (community card = [])
"ZPlayer" declared "raise:15"
"NitWinWin" declared "fold:0"
"['ZPlayer']" won the round 12 (stack = {'ZPlayer': 1060, 'NitWinWin': 940})
player [ZPlayer] gets hole card ['CQ', 'S8'], current stack 1050
player [NitWinWin] gets hole card ['C7', 'HT'], current stack 935
Started the round 13
Street "preflop" started. (community card = [])
"NitWinWin" declared "fold:0"
"['ZPlayer']" won the round 13 (stack = {'ZPlayer': 1065, 'NitWinWin': 935})
player [ZPlayer] gets hole card ['S4', 'S3'], current stack 1060
player [NitWinWin] gets hole card ['H5', 'S7'], current stack 925
Started the round 14
Street "preflop" started. (community card = [])
"ZPlayer" declared "call:10"
"NitWinWin" declared "fold:0"
"['ZPlayer']" won the round 14 (stack = {'ZPlayer': 1075, 'NitWinWin': 925})
player [ZPlayer] gets hole card ['H9', 'D6'], current stack 1065
player [NitWinWin] gets hole card ['S5', 'H4'], current stack 920
Started the round 15
Street "preflop" started. (community card = [])
"NitWinWin" declared "fold:0"
"['ZPlayer']" won the round 15 (stack = {'ZPlayer': 1080, 'NitWinWin': 920})
player [ZPlayer] gets hole card ['H4', 'HJ'], current stack 1075
player [NitWinWin] gets hole card ['C7', 'C9'], current stack 910
Started the round 16
Street "preflop" started. (community card = [])
"ZPlayer" declared "raise:15"
"NitWinWin" declared "fold:0"
"['ZPlayer']" won the round 16 (stack = {'ZPlayer': 1090, 'NitWinWin': 910})
player [ZPlayer] gets hole card ['D7', 'SK'], current stack 1080
player [NitWinWin] gets hole card ['DQ', 'HK'], current stack 905
Started the round 17
Street "preflop" started. (community card = [])
"NitWinWin" declared "raise:910"
"ZPlayer" declared "fold:0"
"['NitWinWin']" won the round 17 (stack = {'ZPlayer': 1080, 'NitWinWin': 920})
player [ZPlayer] gets hole card ['D8', 'D6'], current stack 1075
player [NitWinWin] gets hole card ['H6', 'D7'], current stack 910
Started the round 18
Street "preflop" started. (community card = [])
"ZPlayer" declared "raise:15"
"NitWinWin" declared "fold:0"
"['ZPlayer']" won the round 18 (stack = {'ZPlayer': 1090, 'NitWinWin': 910})
player [ZPlayer] gets hole card ['S7', 'S3'], current stack 1080
player [NitWinWin] gets hole card ['S2', 'C7'], current stack 905
Started the round 19
Street "preflop" started. (community card = [])
"NitWinWin" declared "fold:0"
"['ZPlayer']" won the round 19 (stack = {'ZPlayer': 1095, 'NitWinWin': 905})
player [ZPlayer] gets hole card ['D8', 'H6'], current stack 1090
player [NitWinWin] gets hole card ['H4', 'C2'], current stack 895
Started the round 20
Street "preflop" started. (community card = [])
"ZPlayer" declared "raise:15"
"NitWinWin" declared "fold:0"
"['ZPlayer']" won the round 20 (stack = {'ZPlayer': 1105, 'NitWinWin': 895})
player [ZPlayer] gets hole card ['D8', 'DK'], current stack 1095
player [NitWinWin] gets hole card ['SJ', 'HK'], current stack 890
Started the round 21
Street "preflop" started. (community card = [])
"NitWinWin" declared "fold:0"
"['ZPlayer']" won the round 21 (stack = {'ZPlayer': 1110, 'NitWinWin': 890})
player [ZPlayer] gets hole card ['D7', 'S2'], current stack 1105
player [NitWinWin] gets hole card ['CA', 'CJ'], current stack 880
Started the round 22
Street "preflop" started. (community card = [])
"ZPlayer" declared "call:10"
"NitWinWin" declared "fold:0"
"['ZPlayer']" won the round 22 (stack = {'ZPlayer': 1120, 'NitWinWin': 880})
player [ZPlayer] gets hole card ['S2', 'CT'], current stack 1110
player [NitWinWin] gets hole card ['D7', 'HQ'], current stack 875
Started the round 23
Street "preflop" started. (community card = [])
"NitWinWin" declared "fold:0"
"['ZPlayer']" won the round 23 (stack = {'ZPlayer': 1125, 'NitWinWin': 875})
player [ZPlayer] gets hole card ['S2', 'DT'], current stack 1120
player [NitWinWin] gets hole card ['C2', 'SK'], current stack 865
Started the round 24
Street "preflop" started. (community card = [])
"ZPlayer" declared "call:10"
"NitWinWin" declared "fold:0"
"['ZPlayer']" won the round 24 (stack = {'ZPlayer': 1135, 'NitWinWin': 865})
player [ZPlayer] gets hole card ['CT', 'CJ'], current stack 1125
player [NitWinWin] gets hole card ['H3', 'H6'], current stack 860
Started the round 25
Street "preflop" started. (community card = [])
"NitWinWin" declared "fold:0"
"['ZPlayer']" won the round 25 (stack = {'ZPlayer': 1140, 'NitWinWin': 860})
player [ZPlayer] gets hole card ['C8', 'HK'], current stack 1135
player [NitWinWin] gets hole card ['DQ', 'C5'], current stack 850
Started the round 26
Street "preflop" started. (community card = [])
"ZPlayer" declared "raise:15"
"NitWinWin" declared "fold:0"
"['ZPlayer']" won the round 26 (stack = {'ZPlayer': 1150, 'NitWinWin': 850})
player [ZPlayer] gets hole card ['H9', 'H7'], current stack 1140
player [NitWinWin] gets hole card ['H3', 'CA'], current stack 845
Started the round 27
Street "preflop" started. (community card = [])
"NitWinWin" declared "fold:0"
"['ZPlayer']" won the round 27 (stack = {'ZPlayer': 1155, 'NitWinWin': 845})
player [ZPlayer] gets hole card ['SK', 'C7'], current stack 1150
player [NitWinWin] gets hole card ['C9', 'HK'], current stack 835
Started the round 28
Street "preflop" started. (community card = [])
"ZPlayer" declared "raise:15"
"NitWinWin" declared "fold:0"
"['ZPlayer']" won the round 28 (stack = {'ZPlayer': 1165, 'NitWinWin': 835})
player [ZPlayer] gets hole card ['H7', 'S9'], current stack 1155
player [NitWinWin] gets hole card ['S2', 'H4'], current stack 830
Started the round 29
Street "preflop" started. (community card = [])
"NitWinWin" declared "fold:0"
"['ZPlayer']" won the round 29 (stack = {'ZPlayer': 1170, 'NitWinWin': 830})
player [ZPlayer] gets hole card ['D3', 'HQ'], current stack 1165
player [NitWinWin] gets hole card ['H9', 'DT'], current stack 820
Started the round 30
Street "preflop" started. (community card = [])
"ZPlayer" declared "raise:15"
"NitWinWin" declared "fold:0"
"['ZPlayer']" won the round 30 (stack = {'ZPlayer': 1180, 'NitWinWin': 820})
player [ZPlayer] gets hole card ['ST', 'CT'], current stack 1170
player [NitWinWin] gets hole card ['H5', 'C7'], current stack 815
Started the round 31
Street "preflop" started. (community card = [])
"NitWinWin" declared "fold:0"
"['ZPlayer']" won the round 31 (stack = {'ZPlayer': 1185, 'NitWinWin': 815})
player [ZPlayer] gets hole card ['S3', 'H5'], current stack 1180
player [NitWinWin] gets hole card ['S7', 'H3'], current stack 805
Started the round 32
Street "preflop" started. (community card = [])
"ZPlayer" declared "call:10"
"NitWinWin" declared "fold:0"
"['ZPlayer']" won the round 32 (stack = {'ZPlayer': 1195, 'NitWinWin': 805})
player [ZPlayer] gets hole card ['C8', 'ST'], current stack 1185
player [NitWinWin] gets hole card ['DA', 'H5'], current stack 800
Started the round 33
Street "preflop" started. (community card = [])
"NitWinWin" declared "fold:0"
"['ZPlayer']" won the round 33 (stack = {'ZPlayer': 1200, 'NitWinWin': 800})
player [ZPlayer] gets hole card ['DA', 'CT'], current stack 1195
player [NitWinWin] gets hole card ['H8', 'SK'], current stack 790
Started the round 34
Street "preflop" started. (community card = [])
"ZPlayer" declared "raise:15"
"NitWinWin" declared "fold:0"
"['ZPlayer']" won the round 34 (stack = {'ZPlayer': 1210, 'NitWinWin': 790})
player [ZPlayer] gets hole card ['D7', 'D8'], current stack 1200
player [NitWinWin] gets hole card ['HJ', 'H7'], current stack 785
Started the round 35
Street "preflop" started. (community card = [])
"NitWinWin" declared "fold:0"
"['ZPlayer']" won the round 35 (stack = {'ZPlayer': 1215, 'NitWinWin': 785})
player [ZPlayer] gets hole card ['H4', 'H9'], current stack 1210
player [NitWinWin] gets hole card ['C5', 'HJ'], current stack 775
Started the round 36
Street "preflop" started. (community card = [])
"ZPlayer" declared "raise:15"
"NitWinWin" declared "fold:0"
"['ZPlayer']" won the round 36 (stack = {'ZPlayer': 1225, 'NitWinWin': 775})
player [ZPlayer] gets hole card ['DK', 'SA'], current stack 1215
player [NitWinWin] gets hole card ['H7', 'H4'], current stack 770
Started the round 37
Street "preflop" started. (community card = [])
"NitWinWin" declared "fold:0"
"['ZPlayer']" won the round 37 (stack = {'ZPlayer': 1230, 'NitWinWin': 770})
player [ZPlayer] gets hole card ['ST', 'CA'], current stack 1225
player [NitWinWin] gets hole card ['S3', 'HQ'], current stack 760
Started the round 38
Street "preflop" started. (community card = [])
"ZPlayer" declared "raise:15"
"NitWinWin" declared "fold:0"
"['ZPlayer']" won the round 38 (stack = {'ZPlayer': 1240, 'NitWinWin': 760})
player [ZPlayer] gets hole card ['ST', 'D4'], current stack 1230
player [NitWinWin] gets hole card ['DJ', 'H2'], current stack 755
Started the round 39
Street "preflop" started. (community card = [])
"NitWinWin" declared "fold:0"
"['ZPlayer']" won the round 39 (stack = {'ZPlayer': 1245, 'NitWinWin': 755})
player [ZPlayer] gets hole card ['D2', 'H6'], current stack 1240
player [NitWinWin] gets hole card ['CA', 'D3'], current stack 745
Started the round 40
Street "preflop" started. (community card = [])
"ZPlayer" declared "call:10"
"NitWinWin" declared "fold:0"
"['ZPlayer']" won the round 40 (stack = {'ZPlayer': 1255, 'NitWinWin': 745})
player [ZPlayer] gets hole card ['H5', 'DJ'], current stack 1245
player [NitWinWin] gets hole card ['C6', 'C9'], current stack 740
Started the round 41
Street "preflop" started. (community card = [])
"NitWinWin" declared "fold:0"
"['ZPlayer']" won the round 41 (stack = {'ZPlayer': 1260, 'NitWinWin': 740})
player [ZPlayer] gets hole card ['D9', 'ST'], current stack 1255
player [NitWinWin] gets hole card ['H8', 'SQ'], current stack 730
Started the round 42
Street "preflop" started. (community card = [])
"ZPlayer" declared "raise:15"
"NitWinWin" declared "fold:0"
"['ZPlayer']" won the round 42 (stack = {'ZPlayer': 1270, 'NitWinWin': 730})
player [ZPlayer] gets hole card ['S4', 'S2'], current stack 1260
player [NitWinWin] gets hole card ['C5', 'S8'], current stack 725
Started the round 43
Street "preflop" started. (community card = [])
"NitWinWin" declared "fold:0"
"['ZPlayer']" won the round 43 (stack = {'ZPlayer': 1275, 'NitWinWin': 725})
player [ZPlayer] gets hole card ['ST', 'D5'], current stack 1270
player [NitWinWin] gets hole card ['C7', 'DQ'], current stack 715
Started the round 44
Street "preflop" started. (community card = [])
"ZPlayer" declared "raise:15"
"NitWinWin" declared "fold:0"
"['ZPlayer']" won the round 44 (stack = {'ZPlayer': 1285, 'NitWinWin': 715})
player [ZPlayer] gets hole card ['H3', 'D9'], current stack 1275
player [NitWinWin] gets hole card ['D4', 'C6'], current stack 710
Started the round 45
Street "preflop" started. (community card = [])
"NitWinWin" declared "fold:0"
"['ZPlayer']" won the round 45 (stack = {'ZPlayer': 1290, 'NitWinWin': 710})
player [ZPlayer] gets hole card ['DT', 'DQ'], current stack 1285
player [NitWinWin] gets hole card ['C7', 'CA'], current stack 700
Started the round 46
Street "preflop" started. (community card = [])
"ZPlayer" declared "raise:15"
"NitWinWin" declared "fold:0"
"['ZPlayer']" won the round 46 (stack = {'ZPlayer': 1300, 'NitWinWin': 700})
player [ZPlayer] gets hole card ['H8', 'D4'], current stack 1290
player [NitWinWin] gets hole card ['H7', 'H9'], current stack 695
Started the round 47
Street "preflop" started. (community card = [])
"NitWinWin" declared "fold:0"
"['ZPlayer']" won the round 47 (stack = {'ZPlayer': 1305, 'NitWinWin': 695})
player [ZPlayer] gets hole card ['D6', 'DT'], current stack 1300
player [NitWinWin] gets hole card ['D8', 'HT'], current stack 685
Started the round 48
Street "preflop" started. (community card = [])
"ZPlayer" declared "raise:15"
"NitWinWin" declared "fold:0"
"['ZPlayer']" won the round 48 (stack = {'ZPlayer': 1315, 'NitWinWin': 685})
player [ZPlayer] gets hole card ['DT', 'S7'], current stack 1305
player [NitWinWin] gets hole card ['C3', 'DQ'], current stack 680
Started the round 49
Street "preflop" started. (community card = [])
"NitWinWin" declared "fold:0"
"['ZPlayer']" won the round 49 (stack = {'ZPlayer': 1320, 'NitWinWin': 680})
player [ZPlayer] gets hole card ['CQ', 'H7'], current stack 1315
player [NitWinWin] gets hole card ['DJ', 'C9'], current stack 670
Started the round 50
Street "preflop" started. (community card = [])
"ZPlayer" declared "raise:15"
"NitWinWin" declared "fold:0"
"['ZPlayer']" won the round 50 (stack = {'ZPlayer': 1330, 'NitWinWin': 670})

Game Results:
------------------------------------------------------------
Game 1:
Winner: ZPlayer (stack: 1330)
All players' stacks:
  ZPlayer: 1330
  NitWinWin: 670
------------------------------------------------------------
