player [ZPlayer] gets hole card ['HT', 'C3'], current stack 990
player [NitWinWin] gets hole card ['ST', 'DT'], current stack 995
Started the round 1
Street "preflop" started. (community card = [])
"NitWinWin" declared "raise:1000"
"ZPlayer" declared "fold:0"
"['NitWinWin']" won the round 1 (stack = {'ZPlayer': 990, 'NitWinWin': 1010})
player [ZPlayer] gets hole card ['DK', 'CK'], current stack 985
player [NitWinWin] gets hole card ['C4', 'HQ'], current stack 1000
Started the round 2
Street "preflop" started. (community card = [])
"ZPlayer" declared "raise:15"
"NitWinWin" declared "fold:0"
"['ZPlayer']" won the round 2 (stack = {'ZPlayer': 1000, 'NitWinWin': 1000})
player [ZPlayer] gets hole card ['C7', 'SK'], current stack 990
player [NitWinWin] gets hole card ['C3', 'DQ'], current stack 995
Started the round 3
Street "preflop" started. (community card = [])
"NitWinWin" declared "fold:0"
"['ZPlayer']" won the round 3 (stack = {'ZPlayer': 1005, 'NitWinWin': 995})
player [ZPlayer] gets hole card ['D2', 'S2'], current stack 1000
player [NitWinWin] gets hole card ['SJ', 'S9'], current stack 985
Started the round 4
Street "preflop" started. (community card = [])
"ZPlayer" declared "raise:15"
"NitWinWin" declared "fold:0"
"['ZPlayer']" won the round 4 (stack = {'ZPlayer': 1015, 'NitWinWin': 985})
player [ZPlayer] gets hole card ['D9', 'HQ'], current stack 1005
player [NitWinWin] gets hole card ['DJ', 'D6'], current stack 980
Started the round 5
Street "preflop" started. (community card = [])
"NitWinWin" declared "fold:0"
"['ZPlayer']" won the round 5 (stack = {'ZPlayer': 1020, 'NitWinWin': 980})
player [ZPlayer] gets hole card ['C2', 'H4'], current stack 1015
player [NitWinWin] gets hole card ['CQ', 'SJ'], current stack 970
Started the round 6
Street "preflop" started. (community card = [])
"ZPlayer" declared "call:10"
"NitWinWin" declared "fold:0"
"['ZPlayer']" won the round 6 (stack = {'ZPlayer': 1030, 'NitWinWin': 970})
player [ZPlayer] gets hole card ['CT', 'S7'], current stack 1020
player [NitWinWin] gets hole card ['C3', 'SJ'], current stack 965
Started the round 7
Street "preflop" started. (community card = [])
"NitWinWin" declared "fold:0"
"['ZPlayer']" won the round 7 (stack = {'ZPlayer': 1035, 'NitWinWin': 965})
player [ZPlayer] gets hole card ['C9', 'H3'], current stack 1030
player [NitWinWin] gets hole card ['C2', 'H5'], current stack 955
Started the round 8
Street "preflop" started. (community card = [])
"ZPlayer" declared "call:10"
"NitWinWin" declared "fold:0"
"['ZPlayer']" won the round 8 (stack = {'ZPlayer': 1045, 'NitWinWin': 955})
player [ZPlayer] gets hole card ['HA', 'CJ'], current stack 1035
player [NitWinWin] gets hole card ['HT', 'C9'], current stack 950
Started the round 9
Street "preflop" started. (community card = [])
"NitWinWin" declared "fold:0"
"['ZPlayer']" won the round 9 (stack = {'ZPlayer': 1050, 'NitWinWin': 950})
player [ZPlayer] gets hole card ['HQ', 'S8'], current stack 1045
player [NitWinWin] gets hole card ['CA', 'HK'], current stack 940
Started the round 10
Street "preflop" started. (community card = [])
"ZPlayer" declared "raise:15"
"NitWinWin" declared "raise:950"
"ZPlayer" declared "fold:0"
"['NitWinWin']" won the round 10 (stack = {'ZPlayer': 1035, 'NitWinWin': 965})
player [ZPlayer] gets hole card ['D8', 'C3'], current stack 1025
player [NitWinWin] gets hole card ['H5', 'SK'], current stack 960
Started the round 11
Street "preflop" started. (community card = [])
"NitWinWin" declared "fold:0"
"['ZPlayer']" won the round 11 (stack = {'ZPlayer': 1040, 'NitWinWin': 960})
player [ZPlayer] gets hole card ['CQ', 'SQ'], current stack 1035
player [NitWinWin] gets hole card ['DK', 'C9'], current stack 950
Started the round 12
Street "preflop" started. (community card = [])
"ZPlayer" declared "raise:15"
"NitWinWin" declared "fold:0"
"['ZPlayer']" won the round 12 (stack = {'ZPlayer': 1050, 'NitWinWin': 950})
player [ZPlayer] gets hole card ['CJ', 'HJ'], current stack 1040
player [NitWinWin] gets hole card ['S9', 'S2'], current stack 945
Started the round 13
Street "preflop" started. (community card = [])
"NitWinWin" declared "fold:0"
"['ZPlayer']" won the round 13 (stack = {'ZPlayer': 1055, 'NitWinWin': 945})
player [ZPlayer] gets hole card ['S6', 'C3'], current stack 1050
player [NitWinWin] gets hole card ['CJ', 'H4'], current stack 935
Started the round 14
Street "preflop" started. (community card = [])
"ZPlayer" declared "call:10"
"NitWinWin" declared "fold:0"
"['ZPlayer']" won the round 14 (stack = {'ZPlayer': 1065, 'NitWinWin': 935})
player [ZPlayer] gets hole card ['H7', 'DA'], current stack 1055
player [NitWinWin] gets hole card ['H2', 'D7'], current stack 930
Started the round 15
Street "preflop" started. (community card = [])
"NitWinWin" declared "fold:0"
"['ZPlayer']" won the round 15 (stack = {'ZPlayer': 1070, 'NitWinWin': 930})
player [ZPlayer] gets hole card ['S7', 'H9'], current stack 1065
player [NitWinWin] gets hole card ['S5', 'S4'], current stack 920
Started the round 16
Street "preflop" started. (community card = [])
"ZPlayer" declared "raise:15"
"NitWinWin" declared "fold:0"
"['ZPlayer']" won the round 16 (stack = {'ZPlayer': 1080, 'NitWinWin': 920})
player [ZPlayer] gets hole card ['C3', 'DK'], current stack 1070
player [NitWinWin] gets hole card ['H5', 'CK'], current stack 915
Started the round 17
Street "preflop" started. (community card = [])
"NitWinWin" declared "fold:0"
"['ZPlayer']" won the round 17 (stack = {'ZPlayer': 1085, 'NitWinWin': 915})
player [ZPlayer] gets hole card ['C9', 'CT'], current stack 1080
player [NitWinWin] gets hole card ['D6', 'DQ'], current stack 905
Started the round 18
Street "preflop" started. (community card = [])
"ZPlayer" declared "raise:15"
"NitWinWin" declared "fold:0"
"['ZPlayer']" won the round 18 (stack = {'ZPlayer': 1095, 'NitWinWin': 905})
player [ZPlayer] gets hole card ['C7', 'HA'], current stack 1085
player [NitWinWin] gets hole card ['HT', 'C5'], current stack 900
Started the round 19
Street "preflop" started. (community card = [])
"NitWinWin" declared "fold:0"
"['ZPlayer']" won the round 19 (stack = {'ZPlayer': 1100, 'NitWinWin': 900})
player [ZPlayer] gets hole card ['D4', 'D5'], current stack 1095
player [NitWinWin] gets hole card ['SA', 'D3'], current stack 890
Started the round 20
Street "preflop" started. (community card = [])
"ZPlayer" declared "call:10"
"NitWinWin" declared "fold:0"
"['ZPlayer']" won the round 20 (stack = {'ZPlayer': 1110, 'NitWinWin': 890})
player [ZPlayer] gets hole card ['SA', 'CT'], current stack 1100
player [NitWinWin] gets hole card ['HJ', 'D3'], current stack 885
Started the round 21
Street "preflop" started. (community card = [])
"NitWinWin" declared "fold:0"
"['ZPlayer']" won the round 21 (stack = {'ZPlayer': 1115, 'NitWinWin': 885})
player [ZPlayer] gets hole card ['C5', 'H2'], current stack 1110
player [NitWinWin] gets hole card ['S8', 'D6'], current stack 875
Started the round 22
Street "preflop" started. (community card = [])
"ZPlayer" declared "call:10"
"NitWinWin" declared "fold:0"
"['ZPlayer']" won the round 22 (stack = {'ZPlayer': 1125, 'NitWinWin': 875})
player [ZPlayer] gets hole card ['C6', 'SA'], current stack 1115
player [NitWinWin] gets hole card ['HA', 'S3'], current stack 870
Started the round 23
Street "preflop" started. (community card = [])
"NitWinWin" declared "fold:0"
"['ZPlayer']" won the round 23 (stack = {'ZPlayer': 1130, 'NitWinWin': 870})
player [ZPlayer] gets hole card ['CT', 'D7'], current stack 1125
player [NitWinWin] gets hole card ['H8', 'DQ'], current stack 860
Started the round 24
Street "preflop" started. (community card = [])
"ZPlayer" declared "raise:15"
"NitWinWin" declared "fold:0"
"['ZPlayer']" won the round 24 (stack = {'ZPlayer': 1140, 'NitWinWin': 860})
player [ZPlayer] gets hole card ['CA', 'D7'], current stack 1130
player [NitWinWin] gets hole card ['S4', 'HK'], current stack 855
Started the round 25
Street "preflop" started. (community card = [])
"NitWinWin" declared "fold:0"
"['ZPlayer']" won the round 25 (stack = {'ZPlayer': 1145, 'NitWinWin': 855})
player [ZPlayer] gets hole card ['HJ', 'D6'], current stack 1140
player [NitWinWin] gets hole card ['S3', 'C4'], current stack 845
Started the round 26
Street "preflop" started. (community card = [])
"ZPlayer" declared "raise:15"
"NitWinWin" declared "fold:0"
"['ZPlayer']" won the round 26 (stack = {'ZPlayer': 1155, 'NitWinWin': 845})
player [ZPlayer] gets hole card ['CA', 'DK'], current stack 1145
player [NitWinWin] gets hole card ['C7', 'D5'], current stack 840
Started the round 27
Street "preflop" started. (community card = [])
"NitWinWin" declared "fold:0"
"['ZPlayer']" won the round 27 (stack = {'ZPlayer': 1160, 'NitWinWin': 840})
player [ZPlayer] gets hole card ['C6', 'D7'], current stack 1155
player [NitWinWin] gets hole card ['S4', 'DT'], current stack 830
Started the round 28
Street "preflop" started. (community card = [])
"ZPlayer" declared "call:10"
"NitWinWin" declared "fold:0"
"['ZPlayer']" won the round 28 (stack = {'ZPlayer': 1170, 'NitWinWin': 830})
player [ZPlayer] gets hole card ['DA', 'C4'], current stack 1160
player [NitWinWin] gets hole card ['DQ', 'SJ'], current stack 825
Started the round 29
Street "preflop" started. (community card = [])
"NitWinWin" declared "fold:0"
"['ZPlayer']" won the round 29 (stack = {'ZPlayer': 1175, 'NitWinWin': 825})
player [ZPlayer] gets hole card ['S5', 'H7'], current stack 1170
player [NitWinWin] gets hole card ['H4', 'SJ'], current stack 815
Started the round 30
Street "preflop" started. (community card = [])
"ZPlayer" declared "call:10"
"NitWinWin" declared "fold:0"
"['ZPlayer']" won the round 30 (stack = {'ZPlayer': 1185, 'NitWinWin': 815})
player [ZPlayer] gets hole card ['DT', 'CJ'], current stack 1175
player [NitWinWin] gets hole card ['D8', 'S8'], current stack 810
Started the round 31
Street "preflop" started. (community card = [])
"NitWinWin" declared "raise:815"
"ZPlayer" declared "fold:0"
"['NitWinWin']" won the round 31 (stack = {'ZPlayer': 1175, 'NitWinWin': 825})
player [ZPlayer] gets hole card ['D7', 'ST'], current stack 1170
player [NitWinWin] gets hole card ['D5', 'D2'], current stack 815
Started the round 32
Street "preflop" started. (community card = [])
"ZPlayer" declared "raise:15"
"NitWinWin" declared "fold:0"
"['ZPlayer']" won the round 32 (stack = {'ZPlayer': 1185, 'NitWinWin': 815})
player [ZPlayer] gets hole card ['S3', 'H3'], current stack 1175
player [NitWinWin] gets hole card ['D6', 'H8'], current stack 810
Started the round 33
Street "preflop" started. (community card = [])
"NitWinWin" declared "fold:0"
"['ZPlayer']" won the round 33 (stack = {'ZPlayer': 1190, 'NitWinWin': 810})
player [ZPlayer] gets hole card ['C3', 'D7'], current stack 1185
player [NitWinWin] gets hole card ['DA', 'S3'], current stack 800
Started the round 34
Street "preflop" started. (community card = [])
"ZPlayer" declared "call:10"
"NitWinWin" declared "fold:0"
"['ZPlayer']" won the round 34 (stack = {'ZPlayer': 1200, 'NitWinWin': 800})
player [ZPlayer] gets hole card ['CT', 'H9'], current stack 1190
player [NitWinWin] gets hole card ['S9', 'H7'], current stack 795
Started the round 35
Street "preflop" started. (community card = [])
"NitWinWin" declared "fold:0"
"['ZPlayer']" won the round 35 (stack = {'ZPlayer': 1205, 'NitWinWin': 795})
player [ZPlayer] gets hole card ['H6', 'D7'], current stack 1200
player [NitWinWin] gets hole card ['D8', 'CA'], current stack 785
Started the round 36
Street "preflop" started. (community card = [])
"ZPlayer" declared "call:10"
"NitWinWin" declared "fold:0"
"['ZPlayer']" won the round 36 (stack = {'ZPlayer': 1215, 'NitWinWin': 785})
player [ZPlayer] gets hole card ['CK', 'S8'], current stack 1205
player [NitWinWin] gets hole card ['C4', 'C9'], current stack 780
Started the round 37
Street "preflop" started. (community card = [])
"NitWinWin" declared "fold:0"
"['ZPlayer']" won the round 37 (stack = {'ZPlayer': 1220, 'NitWinWin': 780})
player [ZPlayer] gets hole card ['SQ', 'C2'], current stack 1215
player [NitWinWin] gets hole card ['D8', 'H2'], current stack 770
Started the round 38
Street "preflop" started. (community card = [])
"ZPlayer" declared "raise:15"
"NitWinWin" declared "fold:0"
"['ZPlayer']" won the round 38 (stack = {'ZPlayer': 1230, 'NitWinWin': 770})
player [ZPlayer] gets hole card ['CA', 'C3'], current stack 1220
player [NitWinWin] gets hole card ['H6', 'C9'], current stack 765
Started the round 39
Street "preflop" started. (community card = [])
"NitWinWin" declared "fold:0"
"['ZPlayer']" won the round 39 (stack = {'ZPlayer': 1235, 'NitWinWin': 765})
player [ZPlayer] gets hole card ['S6', 'HK'], current stack 1230
player [NitWinWin] gets hole card ['C5', 'DT'], current stack 755
Started the round 40
Street "preflop" started. (community card = [])
"ZPlayer" declared "raise:15"
"NitWinWin" declared "fold:0"
"['ZPlayer']" won the round 40 (stack = {'ZPlayer': 1245, 'NitWinWin': 755})
player [ZPlayer] gets hole card ['DK', 'DA'], current stack 1235
player [NitWinWin] gets hole card ['D4', 'SA'], current stack 750
Started the round 41
Street "preflop" started. (community card = [])
"NitWinWin" declared "fold:0"
"['ZPlayer']" won the round 41 (stack = {'ZPlayer': 1250, 'NitWinWin': 750})
player [ZPlayer] gets hole card ['C9', 'C3'], current stack 1245
player [NitWinWin] gets hole card ['HA', 'S6'], current stack 740
Started the round 42
Street "preflop" started. (community card = [])
"ZPlayer" declared "raise:15"
"NitWinWin" declared "fold:0"
"['ZPlayer']" won the round 42 (stack = {'ZPlayer': 1260, 'NitWinWin': 740})
player [ZPlayer] gets hole card ['HK', 'HJ'], current stack 1250
player [NitWinWin] gets hole card ['D8', 'S6'], current stack 735
Started the round 43
Street "preflop" started. (community card = [])
"NitWinWin" declared "fold:0"
"['ZPlayer']" won the round 43 (stack = {'ZPlayer': 1265, 'NitWinWin': 735})
player [ZPlayer] gets hole card ['DA', 'CT'], current stack 1260
player [NitWinWin] gets hole card ['D4', 'D5'], current stack 725
Started the round 44
Street "preflop" started. (community card = [])
"ZPlayer" declared "raise:15"
"NitWinWin" declared "fold:0"
"['ZPlayer']" won the round 44 (stack = {'ZPlayer': 1275, 'NitWinWin': 725})
player [ZPlayer] gets hole card ['HA', 'ST'], current stack 1265
player [NitWinWin] gets hole card ['D2', 'C5'], current stack 720
Started the round 45
Street "preflop" started. (community card = [])
"NitWinWin" declared "fold:0"
"['ZPlayer']" won the round 45 (stack = {'ZPlayer': 1280, 'NitWinWin': 720})
player [ZPlayer] gets hole card ['S7', 'H2'], current stack 1275
player [NitWinWin] gets hole card ['CK', 'HA'], current stack 710
Started the round 46
Street "preflop" started. (community card = [])
"ZPlayer" declared "call:10"
"NitWinWin" declared "raise:720"
"ZPlayer" declared "fold:0"
"['NitWinWin']" won the round 46 (stack = {'ZPlayer': 1270, 'NitWinWin': 730})
player [ZPlayer] gets hole card ['H9', 'D7'], current stack 1260
player [NitWinWin] gets hole card ['DQ', 'S7'], current stack 725
Started the round 47
Street "preflop" started. (community card = [])
"NitWinWin" declared "fold:0"
"['ZPlayer']" won the round 47 (stack = {'ZPlayer': 1275, 'NitWinWin': 725})
player [ZPlayer] gets hole card ['HT', 'H2'], current stack 1270
player [NitWinWin] gets hole card ['H7', 'C8'], current stack 715
Started the round 48
Street "preflop" started. (community card = [])
"ZPlayer" declared "raise:15"
"NitWinWin" declared "fold:0"
"['ZPlayer']" won the round 48 (stack = {'ZPlayer': 1285, 'NitWinWin': 715})
player [ZPlayer] gets hole card ['CJ', 'C5'], current stack 1275
player [NitWinWin] gets hole card ['HA', 'S2'], current stack 710
Started the round 49
Street "preflop" started. (community card = [])
"NitWinWin" declared "fold:0"
"['ZPlayer']" won the round 49 (stack = {'ZPlayer': 1290, 'NitWinWin': 710})
player [ZPlayer] gets hole card ['H4', 'DA'], current stack 1285
player [NitWinWin] gets hole card ['DK', 'C9'], current stack 700
Started the round 50
Street "preflop" started. (community card = [])
"ZPlayer" declared "raise:15"
"NitWinWin" declared "fold:0"
"['ZPlayer']" won the round 50 (stack = {'ZPlayer': 1300, 'NitWinWin': 700})

Game Results:
------------------------------------------------------------
Game 1:
Winner: ZPlayer (stack: 1300)
All players' stacks:
  ZPlayer: 1300
  NitWinWin: 700
------------------------------------------------------------
