player [ZPlayer] gets hole card ['C4', 'C5'], current stack 990
player [NitWinWin] gets hole card ['DK', 'HQ'], current stack 995
Started the round 1
Street "preflop" started. (community card = [])
"NitWinWin" declared "raise:1000"
"ZPlayer" declared "fold:0"
"['NitWinWin']" won the round 1 (stack = {'ZPlayer': 990, 'NitWinWin': 1010})
player [ZPlayer] gets hole card ['DQ', 'H6'], current stack 985
player [NitWinWin] gets hole card ['DA', 'DK'], current stack 1000
Started the round 2
Street "preflop" started. (community card = [])
"ZPlayer" declared "raise:15"
"NitWinWin" declared "raise:1010"
"ZPlayer" declared "fold:0"
"['NitWinWin']" won the round 2 (stack = {'ZPlayer': 975, 'NitWinWin': 1025})
player [ZPlayer] gets hole card ['S7', 'HJ'], current stack 965
player [NitWinWin] gets hole card ['D9', 'C4'], current stack 1020
Started the round 3
Street "preflop" started. (community card = [])
"NitWinWin" declared "fold:0"
"['ZPlayer']" won the round 3 (stack = {'ZPlayer': 980, 'NitWinWin': 1020})
player [ZPlayer] gets hole card ['S5', 'CK'], current stack 975
player [NitWinWin] gets hole card ['C4', 'C9'], current stack 1010
Started the round 4
Street "preflop" started. (community card = [])
"ZPlayer" declared "raise:15"
"NitWinWin" declared "fold:0"
"['ZPlayer']" won the round 4 (stack = {'ZPlayer': 990, 'NitWinWin': 1010})
player [ZPlayer] gets hole card ['S6', 'D3'], current stack 980
player [NitWinWin] gets hole card ['CQ', 'D5'], current stack 1005
Started the round 5
Street "preflop" started. (community card = [])
"NitWinWin" declared "fold:0"
"['ZPlayer']" won the round 5 (stack = {'ZPlayer': 995, 'NitWinWin': 1005})
player [ZPlayer] gets hole card ['H8', 'C7'], current stack 990
player [NitWinWin] gets hole card ['HQ', 'H3'], current stack 995
Started the round 6
Street "preflop" started. (community card = [])
"ZPlayer" declared "raise:15"
"NitWinWin" declared "fold:0"
"['ZPlayer']" won the round 6 (stack = {'ZPlayer': 1005, 'NitWinWin': 995})
player [ZPlayer] gets hole card ['HJ', 'DT'], current stack 995
player [NitWinWin] gets hole card ['D4', 'HK'], current stack 990
Started the round 7
Street "preflop" started. (community card = [])
"NitWinWin" declared "fold:0"
"['ZPlayer']" won the round 7 (stack = {'ZPlayer': 1010, 'NitWinWin': 990})
player [ZPlayer] gets hole card ['H7', 'CJ'], current stack 1005
player [NitWinWin] gets hole card ['SK', 'S5'], current stack 980
Started the round 8
Street "preflop" started. (community card = [])
"ZPlayer" declared "raise:15"
"NitWinWin" declared "fold:0"
"['ZPlayer']" won the round 8 (stack = {'ZPlayer': 1020, 'NitWinWin': 980})
player [ZPlayer] gets hole card ['CT', 'HT'], current stack 1010
player [NitWinWin] gets hole card ['HQ', 'S6'], current stack 975
Started the round 9
Street "preflop" started. (community card = [])
"NitWinWin" declared "fold:0"
"['ZPlayer']" won the round 9 (stack = {'ZPlayer': 1025, 'NitWinWin': 975})
player [ZPlayer] gets hole card ['S6', 'D2'], current stack 1020
player [NitWinWin] gets hole card ['ST', 'D4'], current stack 965
Started the round 10
Street "preflop" started. (community card = [])
"ZPlayer" declared "call:10"
"NitWinWin" declared "fold:0"
"['ZPlayer']" won the round 10 (stack = {'ZPlayer': 1035, 'NitWinWin': 965})
player [ZPlayer] gets hole card ['S8', 'DJ'], current stack 1025
player [NitWinWin] gets hole card ['H2', 'C3'], current stack 960
Started the round 11
Street "preflop" started. (community card = [])
"NitWinWin" declared "fold:0"
"['ZPlayer']" won the round 11 (stack = {'ZPlayer': 1040, 'NitWinWin': 960})
player [ZPlayer] gets hole card ['S4', 'S8'], current stack 1035
player [NitWinWin] gets hole card ['C2', 'D6'], current stack 950
Started the round 12
Street "preflop" started. (community card = [])
"ZPlayer" declared "call:10"
"NitWinWin" declared "fold:0"
"['ZPlayer']" won the round 12 (stack = {'ZPlayer': 1050, 'NitWinWin': 950})
player [ZPlayer] gets hole card ['HJ', 'H3'], current stack 1040
player [NitWinWin] gets hole card ['D2', 'CA'], current stack 945
Started the round 13
Street "preflop" started. (community card = [])
"NitWinWin" declared "fold:0"
"['ZPlayer']" won the round 13 (stack = {'ZPlayer': 1055, 'NitWinWin': 945})
player [ZPlayer] gets hole card ['D2', 'D7'], current stack 1050
player [NitWinWin] gets hole card ['DJ', 'C3'], current stack 935
Started the round 14
Street "preflop" started. (community card = [])
"ZPlayer" declared "call:10"
"NitWinWin" declared "fold:0"
"['ZPlayer']" won the round 14 (stack = {'ZPlayer': 1065, 'NitWinWin': 935})
player [ZPlayer] gets hole card ['DT', 'D6'], current stack 1055
player [NitWinWin] gets hole card ['S8', 'CJ'], current stack 930
Started the round 15
Street "preflop" started. (community card = [])
"NitWinWin" declared "fold:0"
"['ZPlayer']" won the round 15 (stack = {'ZPlayer': 1070, 'NitWinWin': 930})
player [ZPlayer] gets hole card ['S9', 'C3'], current stack 1065
player [NitWinWin] gets hole card ['H8', 'SJ'], current stack 920
Started the round 16
Street "preflop" started. (community card = [])
"ZPlayer" declared "call:10"
"NitWinWin" declared "fold:0"
"['ZPlayer']" won the round 16 (stack = {'ZPlayer': 1080, 'NitWinWin': 920})
player [ZPlayer] gets hole card ['DA', 'H9'], current stack 1070
player [NitWinWin] gets hole card ['DQ', 'S7'], current stack 915
Started the round 17
Street "preflop" started. (community card = [])
"NitWinWin" declared "fold:0"
"['ZPlayer']" won the round 17 (stack = {'ZPlayer': 1085, 'NitWinWin': 915})
player [ZPlayer] gets hole card ['D3', 'S4'], current stack 1080
player [NitWinWin] gets hole card ['DA', 'C5'], current stack 905
Started the round 18
Street "preflop" started. (community card = [])
"ZPlayer" declared "call:10"
"NitWinWin" declared "fold:0"
"['ZPlayer']" won the round 18 (stack = {'ZPlayer': 1095, 'NitWinWin': 905})
player [ZPlayer] gets hole card ['H5', 'H3'], current stack 1085
player [NitWinWin] gets hole card ['S7', 'S4'], current stack 900
Started the round 19
Street "preflop" started. (community card = [])
"NitWinWin" declared "fold:0"
"['ZPlayer']" won the round 19 (stack = {'ZPlayer': 1100, 'NitWinWin': 900})
player [ZPlayer] gets hole card ['DJ', 'H3'], current stack 1095
player [NitWinWin] gets hole card ['C6', 'C2'], current stack 890
Started the round 20
Street "preflop" started. (community card = [])
"ZPlayer" declared "raise:15"
"NitWinWin" declared "fold:0"
"['ZPlayer']" won the round 20 (stack = {'ZPlayer': 1110, 'NitWinWin': 890})
player [ZPlayer] gets hole card ['D6', 'S7'], current stack 1100
player [NitWinWin] gets hole card ['CT', 'DA'], current stack 885
Started the round 21
Street "preflop" started. (community card = [])
"NitWinWin" declared "fold:0"
"['ZPlayer']" won the round 21 (stack = {'ZPlayer': 1115, 'NitWinWin': 885})
player [ZPlayer] gets hole card ['S8', 'C2'], current stack 1110
player [NitWinWin] gets hole card ['HA', 'C5'], current stack 875
Started the round 22
Street "preflop" started. (community card = [])
"ZPlayer" declared "call:10"
"NitWinWin" declared "fold:0"
"['ZPlayer']" won the round 22 (stack = {'ZPlayer': 1125, 'NitWinWin': 875})
player [ZPlayer] gets hole card ['C9', 'H5'], current stack 1115
player [NitWinWin] gets hole card ['CK', 'S8'], current stack 870
Started the round 23
Street "preflop" started. (community card = [])
"NitWinWin" declared "fold:0"
"['ZPlayer']" won the round 23 (stack = {'ZPlayer': 1130, 'NitWinWin': 870})
player [ZPlayer] gets hole card ['H3', 'S8'], current stack 1125
player [NitWinWin] gets hole card ['CT', 'C3'], current stack 860
Started the round 24
Street "preflop" started. (community card = [])
"ZPlayer" declared "call:10"
"NitWinWin" declared "fold:0"
"['ZPlayer']" won the round 24 (stack = {'ZPlayer': 1140, 'NitWinWin': 860})
player [ZPlayer] gets hole card ['SA', 'D4'], current stack 1130
player [NitWinWin] gets hole card ['H3', 'D9'], current stack 855
Started the round 25
Street "preflop" started. (community card = [])
"NitWinWin" declared "fold:0"
"['ZPlayer']" won the round 25 (stack = {'ZPlayer': 1145, 'NitWinWin': 855})
player [ZPlayer] gets hole card ['CK', 'H2'], current stack 1140
player [NitWinWin] gets hole card ['C9', 'DT'], current stack 845
Started the round 26
Street "preflop" started. (community card = [])
"ZPlayer" declared "raise:15"
"NitWinWin" declared "fold:0"
"['ZPlayer']" won the round 26 (stack = {'ZPlayer': 1155, 'NitWinWin': 845})
player [ZPlayer] gets hole card ['D2', 'H3'], current stack 1145
player [NitWinWin] gets hole card ['HK', 'CJ'], current stack 840
Started the round 27
Street "preflop" started. (community card = [])
"NitWinWin" declared "fold:0"
"['ZPlayer']" won the round 27 (stack = {'ZPlayer': 1160, 'NitWinWin': 840})
player [ZPlayer] gets hole card ['D7', 'H6'], current stack 1155
player [NitWinWin] gets hole card ['CJ', 'D3'], current stack 830
Started the round 28
Street "preflop" started. (community card = [])
"ZPlayer" declared "fold:0"
"['NitWinWin']" won the round 28 (stack = {'ZPlayer': 1155, 'NitWinWin': 845})
player [ZPlayer] gets hole card ['DA', 'H9'], current stack 1145
player [NitWinWin] gets hole card ['C6', 'D9'], current stack 840
Started the round 29
Street "preflop" started. (community card = [])
"NitWinWin" declared "fold:0"
"['ZPlayer']" won the round 29 (stack = {'ZPlayer': 1160, 'NitWinWin': 840})
player [ZPlayer] gets hole card ['CJ', 'HJ'], current stack 1155
player [NitWinWin] gets hole card ['C3', 'DA'], current stack 830
Started the round 30
Street "preflop" started. (community card = [])
"ZPlayer" declared "raise:15"
"NitWinWin" declared "fold:0"
"['ZPlayer']" won the round 30 (stack = {'ZPlayer': 1170, 'NitWinWin': 830})
player [ZPlayer] gets hole card ['DK', 'C8'], current stack 1160
player [NitWinWin] gets hole card ['S6', 'D6'], current stack 825
Started the round 31
Street "preflop" started. (community card = [])
"NitWinWin" declared "fold:0"
"['ZPlayer']" won the round 31 (stack = {'ZPlayer': 1175, 'NitWinWin': 825})
player [ZPlayer] gets hole card ['CK', 'S6'], current stack 1170
player [NitWinWin] gets hole card ['H6', 'ST'], current stack 815
Started the round 32
Street "preflop" started. (community card = [])
"ZPlayer" declared "raise:15"
"NitWinWin" declared "fold:0"
"['ZPlayer']" won the round 32 (stack = {'ZPlayer': 1185, 'NitWinWin': 815})
player [ZPlayer] gets hole card ['H4', 'H8'], current stack 1175
player [NitWinWin] gets hole card ['DQ', 'C5'], current stack 810
Started the round 33
Street "preflop" started. (community card = [])
"NitWinWin" declared "fold:0"
"['ZPlayer']" won the round 33 (stack = {'ZPlayer': 1190, 'NitWinWin': 810})
player [ZPlayer] gets hole card ['H2', 'S2'], current stack 1185
player [NitWinWin] gets hole card ['D5', 'C9'], current stack 800
Started the round 34
Street "preflop" started. (community card = [])
"ZPlayer" declared "raise:15"
"NitWinWin" declared "fold:0"
"['ZPlayer']" won the round 34 (stack = {'ZPlayer': 1200, 'NitWinWin': 800})
player [ZPlayer] gets hole card ['C8', 'D3'], current stack 1190
player [NitWinWin] gets hole card ['HT', 'CJ'], current stack 795
Started the round 35
Street "preflop" started. (community card = [])
"NitWinWin" declared "fold:0"
"['ZPlayer']" won the round 35 (stack = {'ZPlayer': 1205, 'NitWinWin': 795})
player [ZPlayer] gets hole card ['CA', 'SA'], current stack 1200
player [NitWinWin] gets hole card ['HQ', 'CQ'], current stack 785
Started the round 36
Street "preflop" started. (community card = [])
"ZPlayer" declared "raise:15"
"NitWinWin" declared "raise:795"
"ZPlayer" declared "call:795"
Street "flop" started. (community card = ['C2', 'D7', 'S2'])
Street "turn" started. (community card = ['C2', 'D7', 'S2', 'C9'])
Street "river" started. (community card = ['C2', 'D7', 'S2', 'C9', 'SQ'])
"['NitWinWin']" won the round 36 (stack = {'ZPlayer': 410, 'NitWinWin': 1590})
player [ZPlayer] gets hole card ['S6', 'CA'], current stack 400
player [NitWinWin] gets hole card ['S2', 'HA'], current stack 1585
Started the round 37
Street "preflop" started. (community card = [])
"NitWinWin" declared "fold:0"
"['ZPlayer']" won the round 37 (stack = {'ZPlayer': 415, 'NitWinWin': 1585})
player [ZPlayer] gets hole card ['H8', 'D2'], current stack 410
player [NitWinWin] gets hole card ['S6', 'HK'], current stack 1575
Started the round 38
Street "preflop" started. (community card = [])
"ZPlayer" declared "call:10"
"NitWinWin" declared "fold:0"
"['ZPlayer']" won the round 38 (stack = {'ZPlayer': 425, 'NitWinWin': 1575})
player [ZPlayer] gets hole card ['C6', 'CQ'], current stack 415
player [NitWinWin] gets hole card ['CK', 'HJ'], current stack 1570
Started the round 39
Street "preflop" started. (community card = [])
"NitWinWin" declared "fold:0"
"['ZPlayer']" won the round 39 (stack = {'ZPlayer': 430, 'NitWinWin': 1570})
player [ZPlayer] gets hole card ['DJ', 'S3'], current stack 425
player [NitWinWin] gets hole card ['C2', 'C3'], current stack 1560
Started the round 40
Street "preflop" started. (community card = [])
"ZPlayer" declared "raise:15"
"NitWinWin" declared "fold:0"
"['ZPlayer']" won the round 40 (stack = {'ZPlayer': 440, 'NitWinWin': 1560})
player [ZPlayer] gets hole card ['D2', 'CK'], current stack 430
player [NitWinWin] gets hole card ['C6', 'HA'], current stack 1555
Started the round 41
Street "preflop" started. (community card = [])
"NitWinWin" declared "fold:0"
"['ZPlayer']" won the round 41 (stack = {'ZPlayer': 445, 'NitWinWin': 1555})
player [ZPlayer] gets hole card ['S4', 'CA'], current stack 440
player [NitWinWin] gets hole card ['SK', 'SA'], current stack 1545
Started the round 42
Street "preflop" started. (community card = [])
"ZPlayer" declared "raise:15"
"NitWinWin" declared "raise:1555"
"ZPlayer" declared "fold:0"
"['NitWinWin']" won the round 42 (stack = {'ZPlayer': 430, 'NitWinWin': 1570})
player [ZPlayer] gets hole card ['C7', 'DT'], current stack 420
player [NitWinWin] gets hole card ['S9', 'SJ'], current stack 1565
Started the round 43
Street "preflop" started. (community card = [])
"NitWinWin" declared "fold:0"
"['ZPlayer']" won the round 43 (stack = {'ZPlayer': 435, 'NitWinWin': 1565})
player [ZPlayer] gets hole card ['ST', 'S3'], current stack 430
player [NitWinWin] gets hole card ['CT', 'S8'], current stack 1555
Started the round 44
Street "preflop" started. (community card = [])
"ZPlayer" declared "raise:15"
"NitWinWin" declared "fold:0"
"['ZPlayer']" won the round 44 (stack = {'ZPlayer': 445, 'NitWinWin': 1555})
player [ZPlayer] gets hole card ['S4', 'H6'], current stack 435
player [NitWinWin] gets hole card ['CK', 'D9'], current stack 1550
Started the round 45
Street "preflop" started. (community card = [])
"NitWinWin" declared "fold:0"
"['ZPlayer']" won the round 45 (stack = {'ZPlayer': 450, 'NitWinWin': 1550})
player [ZPlayer] gets hole card ['D5', 'DK'], current stack 445
player [NitWinWin] gets hole card ['S8', 'C9'], current stack 1540
Started the round 46
Street "preflop" started. (community card = [])
"ZPlayer" declared "raise:15"
"NitWinWin" declared "fold:0"
"['ZPlayer']" won the round 46 (stack = {'ZPlayer': 460, 'NitWinWin': 1540})
player [ZPlayer] gets hole card ['S8', 'D4'], current stack 450
player [NitWinWin] gets hole card ['D6', 'ST'], current stack 1535
Started the round 47
Street "preflop" started. (community card = [])
"NitWinWin" declared "fold:0"
"['ZPlayer']" won the round 47 (stack = {'ZPlayer': 465, 'NitWinWin': 1535})
player [ZPlayer] gets hole card ['S8', 'CT'], current stack 460
player [NitWinWin] gets hole card ['HJ', 'S4'], current stack 1525
Started the round 48
Street "preflop" started. (community card = [])
"ZPlayer" declared "raise:15"
"NitWinWin" declared "fold:0"
"['ZPlayer']" won the round 48 (stack = {'ZPlayer': 475, 'NitWinWin': 1525})
player [ZPlayer] gets hole card ['H2', 'H7'], current stack 465
player [NitWinWin] gets hole card ['D8', 'H3'], current stack 1520
Started the round 49
Street "preflop" started. (community card = [])
"NitWinWin" declared "fold:0"
"['ZPlayer']" won the round 49 (stack = {'ZPlayer': 480, 'NitWinWin': 1520})
player [ZPlayer] gets hole card ['S5', 'H7'], current stack 475
player [NitWinWin] gets hole card ['C8', 'D7'], current stack 1510
Started the round 50
Street "preflop" started. (community card = [])
"ZPlayer" declared "fold:0"
"['NitWinWin']" won the round 50 (stack = {'ZPlayer': 475, 'NitWinWin': 1525})

Game Results:
------------------------------------------------------------
Game 1:
Winner: NitWinWin (stack: 1525)
All players' stacks:
  ZPlayer: 475
  NitWinWin: 1525
------------------------------------------------------------
