player [Ethan] gets hole card ['S9', 'S3'], current stack 990
player [SichengZuo] gets hole card ['C9', 'D2'], current stack 995
Started the round 1
Street "preflop" started. (community card = [])
"SichengZuo" declared "fold:0"
"['Ethan']" won the round 1 (stack = {'Ethan': 1005, 'SichengZuo': 995})
player [Ethan] gets hole card ['H9', 'D7'], current stack 1000
player [SichengZuo] gets hole card ['S2', 'D8'], current stack 985
Started the round 2
Street "preflop" started. (community card = [])
"Ethan" declared "fold:0"
"['SichengZuo']" won the round 2 (stack = {'Ethan': 1000, 'SichengZuo': 1000})
player [Ethan] gets hole card ['H4', 'HJ'], current stack 990
player [SichengZuo] gets hole card ['C9', 'D4'], current stack 995
Started the round 3
Street "preflop" started. (community card = [])
"SichengZuo" declared "fold:0"
"['Ethan']" won the round 3 (stack = {'Ethan': 1005, 'SichengZuo': 995})
player [Ethan] gets hole card ['D5', 'H2'], current stack 1000
player [SichengZuo] gets hole card ['S2', 'HT'], current stack 985
Started the round 4
Street "preflop" started. (community card = [])
"Ethan" declared "fold:0"
"['SichengZuo']" won the round 4 (stack = {'Ethan': 1000, 'SichengZuo': 1000})
player [Ethan] gets hole card ['DK', 'D2'], current stack 990
player [SichengZuo] gets hole card ['H4', 'HK'], current stack 995
Started the round 5
Street "preflop" started. (community card = [])
"SichengZuo" declared "fold:0"
"['Ethan']" won the round 5 (stack = {'Ethan': 1005, 'SichengZuo': 995})
player [Ethan] gets hole card ['HQ', 'SQ'], current stack 1000
player [SichengZuo] gets hole card ['S2', 'S6'], current stack 985
Started the round 6
Street "preflop" started. (community card = [])
"Ethan" declared "raise:301"
"SichengZuo" declared "fold:0"
"['Ethan']" won the round 6 (stack = {'Ethan': 1015, 'SichengZuo': 985})
player [Ethan] gets hole card ['DT', 'SQ'], current stack 1005
player [SichengZuo] gets hole card ['D2', 'C3'], current stack 980
Started the round 7
Street "preflop" started. (community card = [])
"SichengZuo" declared "fold:0"
"['Ethan']" won the round 7 (stack = {'Ethan': 1020, 'SichengZuo': 980})
player [Ethan] gets hole card ['S9', 'S7'], current stack 1015
player [SichengZuo] gets hole card ['H6', 'S6'], current stack 970
Started the round 8
Street "preflop" started. (community card = [])
"Ethan" declared "fold:0"
"['SichengZuo']" won the round 8 (stack = {'Ethan': 1015, 'SichengZuo': 985})
player [Ethan] gets hole card ['H7', 'S3'], current stack 1005
player [SichengZuo] gets hole card ['HJ', 'CJ'], current stack 980
Started the round 9
Street "preflop" started. (community card = [])
"SichengZuo" declared "fold:0"
"['Ethan']" won the round 9 (stack = {'Ethan': 1020, 'SichengZuo': 980})
player [Ethan] gets hole card ['SJ', 'CJ'], current stack 1015
player [SichengZuo] gets hole card ['S9', 'C4'], current stack 970
Started the round 10
Street "preflop" started. (community card = [])
"Ethan" declared "raise:306"
"SichengZuo" declared "fold:0"
"['Ethan']" won the round 10 (stack = {'Ethan': 1030, 'SichengZuo': 970})
player [Ethan] gets hole card ['H5', 'C7'], current stack 1020
player [SichengZuo] gets hole card ['HK', 'S7'], current stack 965
Started the round 11
Street "preflop" started. (community card = [])
"SichengZuo" declared "fold:0"
"['Ethan']" won the round 11 (stack = {'Ethan': 1035, 'SichengZuo': 965})
player [Ethan] gets hole card ['DT', 'C8'], current stack 1030
player [SichengZuo] gets hole card ['HA', 'H2'], current stack 955
Started the round 12
Street "preflop" started. (community card = [])
"Ethan" declared "call:10"
"SichengZuo" declared "fold:0"
"['Ethan']" won the round 12 (stack = {'Ethan': 1045, 'SichengZuo': 955})
player [Ethan] gets hole card ['SK', 'H5'], current stack 1035
player [SichengZuo] gets hole card ['SQ', 'D3'], current stack 950
Started the round 13
Street "preflop" started. (community card = [])
"SichengZuo" declared "fold:0"
"['Ethan']" won the round 13 (stack = {'Ethan': 1050, 'SichengZuo': 950})
player [Ethan] gets hole card ['S7', 'H4'], current stack 1045
player [SichengZuo] gets hole card ['HT', 'SQ'], current stack 940
Started the round 14
Street "preflop" started. (community card = [])
"Ethan" declared "fold:0"
"['SichengZuo']" won the round 14 (stack = {'Ethan': 1045, 'SichengZuo': 955})
player [Ethan] gets hole card ['H7', 'H3'], current stack 1035
player [SichengZuo] gets hole card ['HA', 'H8'], current stack 950
Started the round 15
Street "preflop" started. (community card = [])
"SichengZuo" declared "fold:0"
"['Ethan']" won the round 15 (stack = {'Ethan': 1050, 'SichengZuo': 950})
player [Ethan] gets hole card ['DK', 'S3'], current stack 1045
player [SichengZuo] gets hole card ['S4', 'C7'], current stack 940
Started the round 16
Street "preflop" started. (community card = [])
"Ethan" declared "fold:0"
"['SichengZuo']" won the round 16 (stack = {'Ethan': 1045, 'SichengZuo': 955})
player [Ethan] gets hole card ['D8', 'D2'], current stack 1035
player [SichengZuo] gets hole card ['H9', 'HJ'], current stack 950
Started the round 17
Street "preflop" started. (community card = [])
"SichengZuo" declared "fold:0"
"['Ethan']" won the round 17 (stack = {'Ethan': 1050, 'SichengZuo': 950})
player [Ethan] gets hole card ['DJ', 'S5'], current stack 1045
player [SichengZuo] gets hole card ['S6', 'ST'], current stack 940
Started the round 18
Street "preflop" started. (community card = [])
"Ethan" declared "fold:0"
"['SichengZuo']" won the round 18 (stack = {'Ethan': 1045, 'SichengZuo': 955})
player [Ethan] gets hole card ['H5', 'D4'], current stack 1035
player [SichengZuo] gets hole card ['HA', 'C5'], current stack 950
Started the round 19
Street "preflop" started. (community card = [])
"SichengZuo" declared "fold:0"
"['Ethan']" won the round 19 (stack = {'Ethan': 1050, 'SichengZuo': 950})
player [Ethan] gets hole card ['HJ', 'S4'], current stack 1045
player [SichengZuo] gets hole card ['H5', 'C8'], current stack 940
Started the round 20
Street "preflop" started. (community card = [])
"Ethan" declared "fold:0"
"['SichengZuo']" won the round 20 (stack = {'Ethan': 1045, 'SichengZuo': 955})
player [Ethan] gets hole card ['CJ', 'HA'], current stack 1035
player [SichengZuo] gets hole card ['HT', 'D9'], current stack 950
Started the round 21
Street "preflop" started. (community card = [])
"SichengZuo" declared "fold:0"
"['Ethan']" won the round 21 (stack = {'Ethan': 1050, 'SichengZuo': 950})
player [Ethan] gets hole card ['C5', 'DJ'], current stack 1045
player [SichengZuo] gets hole card ['S8', 'S2'], current stack 940
Started the round 22
Street "preflop" started. (community card = [])
"Ethan" declared "fold:0"
"['SichengZuo']" won the round 22 (stack = {'Ethan': 1045, 'SichengZuo': 955})
player [Ethan] gets hole card ['CK', 'S6'], current stack 1035
player [SichengZuo] gets hole card ['D9', 'C2'], current stack 950
Started the round 23
Street "preflop" started. (community card = [])
"SichengZuo" declared "fold:0"
"['Ethan']" won the round 23 (stack = {'Ethan': 1050, 'SichengZuo': 950})
player [Ethan] gets hole card ['DJ', 'SQ'], current stack 1045
player [SichengZuo] gets hole card ['HJ', 'SJ'], current stack 940
Started the round 24
Street "preflop" started. (community card = [])
"Ethan" declared "raise:157"
"SichengZuo" declared "fold:0"
"['Ethan']" won the round 24 (stack = {'Ethan': 1060, 'SichengZuo': 940})
player [Ethan] gets hole card ['D8', 'HT'], current stack 1050
player [SichengZuo] gets hole card ['CJ', 'H3'], current stack 935
Started the round 25
Street "preflop" started. (community card = [])
"SichengZuo" declared "fold:0"
"['Ethan']" won the round 25 (stack = {'Ethan': 1065, 'SichengZuo': 935})
player [Ethan] gets hole card ['C6', 'C3'], current stack 1060
player [SichengZuo] gets hole card ['HT', 'S4'], current stack 925
Started the round 26
Street "preflop" started. (community card = [])
"Ethan" declared "fold:0"
"['SichengZuo']" won the round 26 (stack = {'Ethan': 1060, 'SichengZuo': 940})
player [Ethan] gets hole card ['CK', 'ST'], current stack 1050
player [SichengZuo] gets hole card ['HJ', 'H8'], current stack 935
Started the round 27
Street "preflop" started. (community card = [])
"SichengZuo" declared "fold:0"
"['Ethan']" won the round 27 (stack = {'Ethan': 1065, 'SichengZuo': 935})
player [Ethan] gets hole card ['H3', 'D3'], current stack 1060
player [SichengZuo] gets hole card ['C4', 'D7'], current stack 925
Started the round 28
Street "preflop" started. (community card = [])
"Ethan" declared "fold:0"
"['SichengZuo']" won the round 28 (stack = {'Ethan': 1060, 'SichengZuo': 940})
player [Ethan] gets hole card ['SK', 'D6'], current stack 1050
player [SichengZuo] gets hole card ['SJ', 'SQ'], current stack 935
Started the round 29
Street "preflop" started. (community card = [])
"SichengZuo" declared "fold:0"
"['Ethan']" won the round 29 (stack = {'Ethan': 1065, 'SichengZuo': 935})
player [Ethan] gets hole card ['S8', 'SJ'], current stack 1060
player [SichengZuo] gets hole card ['D2', 'S5'], current stack 925
Started the round 30
Street "preflop" started. (community card = [])
"Ethan" declared "call:10"
"SichengZuo" declared "fold:0"
"['Ethan']" won the round 30 (stack = {'Ethan': 1075, 'SichengZuo': 925})
player [Ethan] gets hole card ['D9', 'S7'], current stack 1065
player [SichengZuo] gets hole card ['D6', 'ST'], current stack 920
Started the round 31
Street "preflop" started. (community card = [])
"SichengZuo" declared "fold:0"
"['Ethan']" won the round 31 (stack = {'Ethan': 1080, 'SichengZuo': 920})
player [Ethan] gets hole card ['DJ', 'H4'], current stack 1075
player [SichengZuo] gets hole card ['HK', 'H3'], current stack 910
Started the round 32
Street "preflop" started. (community card = [])
"Ethan" declared "fold:0"
"['SichengZuo']" won the round 32 (stack = {'Ethan': 1075, 'SichengZuo': 925})
player [Ethan] gets hole card ['D8', 'D9'], current stack 1065
player [SichengZuo] gets hole card ['H7', 'C3'], current stack 920
Started the round 33
Street "preflop" started. (community card = [])
"SichengZuo" declared "fold:0"
"['Ethan']" won the round 33 (stack = {'Ethan': 1080, 'SichengZuo': 920})
player [Ethan] gets hole card ['D9', 'HT'], current stack 1075
player [SichengZuo] gets hole card ['S3', 'H9'], current stack 910
Started the round 34
Street "preflop" started. (community card = [])
"Ethan" declared "call:10"
"SichengZuo" declared "fold:0"
"['Ethan']" won the round 34 (stack = {'Ethan': 1090, 'SichengZuo': 910})
player [Ethan] gets hole card ['C7', 'CJ'], current stack 1080
player [SichengZuo] gets hole card ['C5', 'S4'], current stack 905
Started the round 35
Street "preflop" started. (community card = [])
"SichengZuo" declared "fold:0"
"['Ethan']" won the round 35 (stack = {'Ethan': 1095, 'SichengZuo': 905})
player [Ethan] gets hole card ['DT', 'D6'], current stack 1090
player [SichengZuo] gets hole card ['CT', 'C5'], current stack 895
Started the round 36
Street "preflop" started. (community card = [])
"Ethan" declared "fold:0"
"['SichengZuo']" won the round 36 (stack = {'Ethan': 1090, 'SichengZuo': 910})
player [Ethan] gets hole card ['S7', 'HK'], current stack 1080
player [SichengZuo] gets hole card ['HA', 'D6'], current stack 905
Started the round 37
Street "preflop" started. (community card = [])
"SichengZuo" declared "fold:0"
"['Ethan']" won the round 37 (stack = {'Ethan': 1095, 'SichengZuo': 905})
player [Ethan] gets hole card ['C3', 'S7'], current stack 1090
player [SichengZuo] gets hole card ['HQ', 'DT'], current stack 895
Started the round 38
Street "preflop" started. (community card = [])
"Ethan" declared "fold:0"
"['SichengZuo']" won the round 38 (stack = {'Ethan': 1090, 'SichengZuo': 910})
player [Ethan] gets hole card ['H2', 'SA'], current stack 1080
player [SichengZuo] gets hole card ['CA', 'C3'], current stack 905
Started the round 39
Street "preflop" started. (community card = [])
"SichengZuo" declared "fold:0"
"['Ethan']" won the round 39 (stack = {'Ethan': 1095, 'SichengZuo': 905})
player [Ethan] gets hole card ['C2', 'C3'], current stack 1090
player [SichengZuo] gets hole card ['HJ', 'SK'], current stack 895
Started the round 40
Street "preflop" started. (community card = [])
"Ethan" declared "fold:0"
"['SichengZuo']" won the round 40 (stack = {'Ethan': 1090, 'SichengZuo': 910})
player [Ethan] gets hole card ['HK', 'HA'], current stack 1080
player [SichengZuo] gets hole card ['C8', 'S8'], current stack 905
Started the round 41
Street "preflop" started. (community card = [])
"SichengZuo" declared "fold:0"
"['Ethan']" won the round 41 (stack = {'Ethan': 1095, 'SichengZuo': 905})
player [Ethan] gets hole card ['S9', 'C2'], current stack 1090
player [SichengZuo] gets hole card ['HJ', 'HT'], current stack 895
Started the round 42
Street "preflop" started. (community card = [])
"Ethan" declared "fold:0"
"['SichengZuo']" won the round 42 (stack = {'Ethan': 1090, 'SichengZuo': 910})
player [Ethan] gets hole card ['HT', 'C5'], current stack 1080
player [SichengZuo] gets hole card ['S9', 'CJ'], current stack 905
Started the round 43
Street "preflop" started. (community card = [])
"SichengZuo" declared "fold:0"
"['Ethan']" won the round 43 (stack = {'Ethan': 1095, 'SichengZuo': 905})
player [Ethan] gets hole card ['SA', 'D9'], current stack 1090
player [SichengZuo] gets hole card ['CA', 'D6'], current stack 895
Started the round 44
Street "preflop" started. (community card = [])
"Ethan" declared "call:10"
"SichengZuo" declared "fold:0"
"['Ethan']" won the round 44 (stack = {'Ethan': 1105, 'SichengZuo': 895})
player [Ethan] gets hole card ['DK', 'C6'], current stack 1095
player [SichengZuo] gets hole card ['S3', 'HJ'], current stack 890
Started the round 45
Street "preflop" started. (community card = [])
"SichengZuo" declared "fold:0"
"['Ethan']" won the round 45 (stack = {'Ethan': 1110, 'SichengZuo': 890})
player [Ethan] gets hole card ['H3', 'S3'], current stack 1105
player [SichengZuo] gets hole card ['C3', 'DJ'], current stack 880
Started the round 46
Street "preflop" started. (community card = [])
"Ethan" declared "call:10"
"SichengZuo" declared "fold:0"
"['Ethan']" won the round 46 (stack = {'Ethan': 1120, 'SichengZuo': 880})
player [Ethan] gets hole card ['C3', 'S6'], current stack 1110
player [SichengZuo] gets hole card ['D9', 'H5'], current stack 875
Started the round 47
Street "preflop" started. (community card = [])
"SichengZuo" declared "fold:0"
"['Ethan']" won the round 47 (stack = {'Ethan': 1125, 'SichengZuo': 875})
player [Ethan] gets hole card ['H2', 'D9'], current stack 1120
player [SichengZuo] gets hole card ['HA', 'D8'], current stack 865
Started the round 48
Street "preflop" started. (community card = [])
"Ethan" declared "fold:0"
"['SichengZuo']" won the round 48 (stack = {'Ethan': 1120, 'SichengZuo': 880})
player [Ethan] gets hole card ['S4', 'C5'], current stack 1110
player [SichengZuo] gets hole card ['D2', 'S7'], current stack 875
Started the round 49
Street "preflop" started. (community card = [])
"SichengZuo" declared "fold:0"
"['Ethan']" won the round 49 (stack = {'Ethan': 1125, 'SichengZuo': 875})
player [Ethan] gets hole card ['D8', 'C7'], current stack 1120
player [SichengZuo] gets hole card ['DT', 'S8'], current stack 865
Started the round 50
Street "preflop" started. (community card = [])
"Ethan" declared "call:10"
"SichengZuo" declared "fold:0"
"['Ethan']" won the round 50 (stack = {'Ethan': 1135, 'SichengZuo': 865})

Game Results:
------------------------------------------------------------
Game 1:
Winner: Ethan (stack: 1135)
All players' stacks:
  Ethan: 1135
  SichengZuo: 865
------------------------------------------------------------
