player [Xun] gets hole card ['HA', 'SQ'], current stack 1000
player [PlayerXinZhu] gets hole card ['H3', 'H5'], current stack 995
player [Elvis] gets hole card ['C8', 'H7'], current stack 990
player [ZheyuX] gets hole card ['CT', 'S5'], current stack 1000
Started the round 1
Street "preflop" started. (community card = [])
"ZheyuX" declared "call:10"
"Xun" declared "call:10"
"PlayerXinZhu" declared "raise:15"
"Elvis" declared "fold:0"
"ZheyuX" declared "call:15"
"Xun" declared "call:15"
Street "flop" started. (community card = ['SA', 'D7', 'DJ'])
"PlayerXinZhu" declared "raise:10"
"ZheyuX" declared "call:10"
"Xun" declared "call:10"
Street "turn" started. (community card = ['SA', 'D7', 'DJ', 'HQ'])
"PlayerXinZhu" declared "raise:10"
"ZheyuX" declared "call:10"
"Xun" declared "fold:0"
Street "river" started. (community card = ['SA', 'D7', 'DJ', 'HQ', 'S6'])
"PlayerXinZhu" declared "raise:10"
"ZheyuX" declared "call:10"
"['ZheyuX']" won the round 1 (stack = {'Xun': 975, 'PlayerXinZhu': 955, 'Elvis': 990, 'ZheyuX': 1080})
player [Xun] gets hole card ['D4', 'ST'], current stack 975
player [PlayerXinZhu] gets hole card ['SA', 'SQ'], current stack 955
player [Elvis] gets hole card ['DA', 'CT'], current stack 985
player [ZheyuX] gets hole card ['D8', 'SK'], current stack 1070
Started the round 2
Street "preflop" started. (community card = [])
"Xun" declared "call:10"
"PlayerXinZhu" declared "fold:0"
"Elvis" declared "fold:0"
"ZheyuX" declared "raise:15"
"Xun" declared "call:15"
Street "flop" started. (community card = ['H6', 'C7', 'S6'])
"ZheyuX" declared "raise:10"
"Xun" declared "fold:0"
"['ZheyuX']" won the round 2 (stack = {'Xun': 960, 'PlayerXinZhu': 955, 'Elvis': 985, 'ZheyuX': 1100})
player [Xun] gets hole card ['HK', 'C2'], current stack 950
player [PlayerXinZhu] gets hole card ['HQ', 'ST'], current stack 955
player [Elvis] gets hole card ['C5', 'DJ'], current stack 985
player [ZheyuX] gets hole card ['D8', 'CK'], current stack 1095
Started the round 3
Street "preflop" started. (community card = [])
"PlayerXinZhu" declared "fold:0"
"Elvis" declared "raise:15"
"ZheyuX" declared "call:15"
"Xun" declared "call:15"
Street "flop" started. (community card = ['C3', 'S9', 'H3'])
"ZheyuX" declared "call:0"
"Xun" declared "fold:0"
"Elvis" declared "raise:10"
"ZheyuX" declared "raise:20"
"Elvis" declared "raise:30"
"ZheyuX" declared "raise:40"
"Elvis" declared "fold:0"
"['ZheyuX']" won the round 3 (stack = {'Xun': 945, 'PlayerXinZhu': 955, 'Elvis': 940, 'ZheyuX': 1160})
player [Xun] gets hole card ['D6', 'C8'], current stack 940
player [PlayerXinZhu] gets hole card ['S5', 'DJ'], current stack 945
player [Elvis] gets hole card ['D3', 'C9'], current stack 940
player [ZheyuX] gets hole card ['H6', 'H2'], current stack 1160
Started the round 4
Street "preflop" started. (community card = [])
"Elvis" declared "raise:15"
"ZheyuX" declared "call:15"
"Xun" declared "call:15"
"PlayerXinZhu" declared "raise:264"
"Elvis" declared "fold:0"
"ZheyuX" declared "call:264"
"Xun" declared "call:264"
Street "flop" started. (community card = ['H8', 'DQ', 'DA'])
"Xun" declared "call:0"
"PlayerXinZhu" declared "raise:196"
"ZheyuX" declared "call:196"
"Xun" declared "call:196"
Street "turn" started. (community card = ['H8', 'DQ', 'DA', 'S9'])
"Xun" declared "fold:0"
"PlayerXinZhu" declared "call:0"
"ZheyuX" declared "call:0"
Street "river" started. (community card = ['H8', 'DQ', 'DA', 'S9', 'S6'])
"PlayerXinZhu" declared "fold:0"
"['ZheyuX']" won the round 4 (stack = {'Xun': 485, 'PlayerXinZhu': 495, 'Elvis': 925, 'ZheyuX': 2095})
player [Xun] gets hole card ['H5', 'D2'], current stack 485
player [PlayerXinZhu] gets hole card ['C3', 'SA'], current stack 490
player [Elvis] gets hole card ['SK', 'HJ'], current stack 915
player [ZheyuX] gets hole card ['H8', 'DQ'], current stack 2095
Started the round 5
Street "preflop" started. (community card = [])
"ZheyuX" declared "call:10"
"Xun" declared "call:10"
"PlayerXinZhu" declared "raise:15"
"Elvis" declared "fold:0"
"ZheyuX" declared "call:15"
"Xun" declared "call:15"
Street "flop" started. (community card = ['CA', 'DK', 'CQ'])
"PlayerXinZhu" declared "raise:10"
"ZheyuX" declared "raise:20"
"Xun" declared "fold:0"
"PlayerXinZhu" declared "raise:30"
"ZheyuX" declared "raise:40"
"PlayerXinZhu" declared "raise:50"
"ZheyuX" declared "raise:60"
"PlayerXinZhu" declared "raise:70"
"ZheyuX" declared "raise:80"
"PlayerXinZhu" declared "raise:90"
"ZheyuX" declared "raise:100"
"PlayerXinZhu" declared "raise:110"
"ZheyuX" declared "raise:120"
"PlayerXinZhu" declared "raise:130"
"ZheyuX" declared "raise:140"
"PlayerXinZhu" declared "raise:150"
"ZheyuX" declared "raise:160"
"PlayerXinZhu" declared "raise:170"
"ZheyuX" declared "raise:180"
"PlayerXinZhu" declared "raise:190"
"ZheyuX" declared "raise:200"
"PlayerXinZhu" declared "raise:210"
"ZheyuX" declared "raise:220"
"PlayerXinZhu" declared "raise:230"
"ZheyuX" declared "raise:240"
"PlayerXinZhu" declared "fold:0"
"['ZheyuX']" won the round 5 (stack = {'Xun': 470, 'PlayerXinZhu': 250, 'Elvis': 915, 'ZheyuX': 2365})
player [Xun] gets hole card ['CT', 'C4'], current stack 470
player [PlayerXinZhu] gets hole card ['S3', 'D8'], current stack 250
player [Elvis] gets hole card ['DT', 'SJ'], current stack 910
player [ZheyuX] gets hole card ['C2', 'S8'], current stack 2355
Started the round 6
Street "preflop" started. (community card = [])
"Xun" declared "call:10"
"PlayerXinZhu" declared "fold:0"
"Elvis" declared "raise:274"
"ZheyuX" declared "call:274"
"Xun" declared "call:274"
Street "flop" started. (community card = ['S7', 'H2', 'D5'])
"Elvis" declared "raise:10"
"ZheyuX" declared "call:10"
"Xun" declared "fold:0"
Street "turn" started. (community card = ['S7', 'H2', 'D5', 'HK'])
"Elvis" declared "raise:10"
"ZheyuX" declared "raise:20"
"Elvis" declared "raise:30"
"ZheyuX" declared "raise:40"
"Elvis" declared "raise:50"
"ZheyuX" declared "raise:60"
"Elvis" declared "fold:0"
"['ZheyuX']" won the round 6 (stack = {'Xun': 196, 'PlayerXinZhu': 250, 'Elvis': 581, 'ZheyuX': 2973})
player [Xun] gets hole card ['C7', 'D7'], current stack 186
player [PlayerXinZhu] gets hole card ['H6', 'HK'], current stack 250
player [Elvis] gets hole card ['H4', 'CA'], current stack 581
player [ZheyuX] gets hole card ['C5', 'CQ'], current stack 2968
Started the round 7
Street "preflop" started. (community card = [])
"PlayerXinZhu" declared "fold:0"
"Elvis" declared "fold:0"
"ZheyuX" declared "raise:15"
"Xun" declared "call:15"
Street "flop" started. (community card = ['H7', 'S8', 'S2'])
"ZheyuX" declared "call:0"
"Xun" declared "call:0"
Street "turn" started. (community card = ['H7', 'S8', 'S2', 'H2'])
"ZheyuX" declared "call:0"
Error in respond_to_ask: 'int' object is not callable
"Xun" declared "fold:0"
"['ZheyuX']" won the round 7 (stack = {'Xun': 181, 'PlayerXinZhu': 250, 'Elvis': 581, 'ZheyuX': 2988})
player [Xun] gets hole card ['HA', 'CT'], current stack 176
player [PlayerXinZhu] gets hole card ['C2', 'C6'], current stack 240
player [Elvis] gets hole card ['H2', 'D6'], current stack 581
player [ZheyuX] gets hole card ['C4', 'DQ'], current stack 2988
Started the round 8
Street "preflop" started. (community card = [])
"Elvis" declared "fold:0"
"ZheyuX" declared "call:10"
"Xun" declared "call:10"
"PlayerXinZhu" declared "fold:0"
Street "flop" started. (community card = ['H6', 'S3', 'SA'])
"Xun" declared "call:0"
"ZheyuX" declared "call:0"
Street "turn" started. (community card = ['H6', 'S3', 'SA', 'CQ'])
"Xun" declared "call:0"
"ZheyuX" declared "raise:10"
"Xun" declared "call:10"
Street "river" started. (community card = ['H6', 'S3', 'SA', 'CQ', 'H7'])
"Xun" declared "call:0"
"ZheyuX" declared "raise:10"
"Xun" declared "call:10"
"['Xun']" won the round 8 (stack = {'Xun': 221, 'PlayerXinZhu': 240, 'Elvis': 581, 'ZheyuX': 2958})
player [Xun] gets hole card ['H8', 'S9'], current stack 221
player [PlayerXinZhu] gets hole card ['ST', 'HA'], current stack 235
player [Elvis] gets hole card ['CT', 'H4'], current stack 571
player [ZheyuX] gets hole card ['SK', 'S7'], current stack 2958
Started the round 9
Street "preflop" started. (community card = [])
"ZheyuX" declared "call:10"
"Xun" declared "call:10"
"PlayerXinZhu" declared "fold:0"
"Elvis" declared "raise:15"
"ZheyuX" declared "call:15"
"Xun" declared "call:15"
Street "flop" started. (community card = ['DK', 'H6', 'CK'])
"Elvis" declared "raise:10"
"ZheyuX" declared "raise:20"
"Xun" declared "fold:0"
"Elvis" declared "raise:53"
"ZheyuX" declared "raise:86"
"Elvis" declared "fold:0"
"['ZheyuX']" won the round 9 (stack = {'Xun': 206, 'PlayerXinZhu': 235, 'Elvis': 513, 'ZheyuX': 3046})
player [Xun] gets hole card ['DJ', 'D8'], current stack 206
player [PlayerXinZhu] gets hole card ['S7', 'H6'], current stack 235
player [Elvis] gets hole card ['SQ', 'C8'], current stack 508
player [ZheyuX] gets hole card ['CT', 'C6'], current stack 3036
Started the round 10
Street "preflop" started. (community card = [])
"Xun" declared "call:10"
"PlayerXinZhu" declared "fold:0"
"Elvis" declared "fold:0"
"ZheyuX" declared "raise:15"
"Xun" declared "call:15"
Street "flop" started. (community card = ['ST', 'H2', 'C3'])
"ZheyuX" declared "raise:10"
"Xun" declared "fold:0"
"['ZheyuX']" won the round 10 (stack = {'Xun': 191, 'PlayerXinZhu': 235, 'Elvis': 508, 'ZheyuX': 3066})
player [Xun] gets hole card ['S2', 'D4'], current stack 181
player [PlayerXinZhu] gets hole card ['ST', 'HQ'], current stack 235
player [Elvis] gets hole card ['C8', 'H4'], current stack 508
player [ZheyuX] gets hole card ['S9', 'H3'], current stack 3061
Started the round 11
Street "preflop" started. (community card = [])
"PlayerXinZhu" declared "fold:0"
"Elvis" declared "fold:0"
"ZheyuX" declared "call:10"
"Xun" declared "call:10"
Street "flop" started. (community card = ['S4', 'C4', 'D5'])
"ZheyuX" declared "call:0"
"Xun" declared "call:0"
Street "turn" started. (community card = ['S4', 'C4', 'D5', 'SK'])
"ZheyuX" declared "call:0"
"Xun" declared "call:0"
Street "river" started. (community card = ['S4', 'C4', 'D5', 'SK', 'D6'])
"ZheyuX" declared "call:0"
"Xun" declared "call:0"
"['Xun']" won the round 11 (stack = {'Xun': 201, 'PlayerXinZhu': 235, 'Elvis': 508, 'ZheyuX': 3056})
player [Xun] gets hole card ['C8', 'CA'], current stack 196
player [PlayerXinZhu] gets hole card ['H6', 'D3'], current stack 225
player [Elvis] gets hole card ['DJ', 'DQ'], current stack 508
player [ZheyuX] gets hole card ['HT', 'C6'], current stack 3056
Started the round 12
Street "preflop" started. (community card = [])
"Elvis" declared "fold:0"
"ZheyuX" declared "call:10"
"Xun" declared "call:10"
"PlayerXinZhu" declared "fold:0"
Street "flop" started. (community card = ['D4', 'H9', 'H7'])
"Xun" declared "fold:0"
"['ZheyuX']" won the round 12 (stack = {'Xun': 191, 'PlayerXinZhu': 225, 'Elvis': 508, 'ZheyuX': 3076})
player [Xun] gets hole card ['HK', 'C8'], current stack 191
player [PlayerXinZhu] gets hole card ['ST', 'CJ'], current stack 220
player [Elvis] gets hole card ['H6', 'H3'], current stack 498
player [ZheyuX] gets hole card ['D7', 'HJ'], current stack 3076
Started the round 13
Street "preflop" started. (community card = [])
"ZheyuX" declared "call:10"
"Xun" declared "call:10"
"PlayerXinZhu" declared "fold:0"
"Elvis" declared "fold:0"
Street "flop" started. (community card = ['C2', 'H5', 'S9'])
"ZheyuX" declared "call:0"
"Xun" declared "fold:0"
"['ZheyuX']" won the round 13 (stack = {'Xun': 181, 'PlayerXinZhu': 220, 'Elvis': 498, 'ZheyuX': 3101})
player [Xun] gets hole card ['HK', 'D4'], current stack 181
player [PlayerXinZhu] gets hole card ['D5', 'H6'], current stack 220
player [Elvis] gets hole card ['D6', 'HQ'], current stack 493
player [ZheyuX] gets hole card ['SK', 'S5'], current stack 3091
Started the round 14
Street "preflop" started. (community card = [])
"Xun" declared "call:10"
"PlayerXinZhu" declared "fold:0"
"Elvis" declared "fold:0"
"ZheyuX" declared "raise:15"
"Xun" declared "call:15"
Street "flop" started. (community card = ['D2', 'H3', 'C5'])
"ZheyuX" declared "raise:10"
"Xun" declared "call:10"
Street "turn" started. (community card = ['D2', 'H3', 'C5', 'S6'])
"ZheyuX" declared "raise:10"
Error in respond_to_ask: 'int' object is not callable
"Xun" declared "fold:0"
"['ZheyuX']" won the round 14 (stack = {'Xun': 156, 'PlayerXinZhu': 220, 'Elvis': 493, 'ZheyuX': 3131})
player [Xun] gets hole card ['HQ', 'DK'], current stack 146
player [PlayerXinZhu] gets hole card ['H4', 'C4'], current stack 220
player [Elvis] gets hole card ['H6', 'C9'], current stack 493
player [ZheyuX] gets hole card ['HK', 'CQ'], current stack 3126
Started the round 15
Street "preflop" started. (community card = [])
"PlayerXinZhu" declared "fold:0"
"Elvis" declared "fold:0"
"ZheyuX" declared "raise:15"
"Xun" declared "call:15"
Street "flop" started. (community card = ['DQ', 'D5', 'C3'])
"ZheyuX" declared "raise:10"
"Xun" declared "call:10"
Street "turn" started. (community card = ['DQ', 'D5', 'C3', 'H9'])
"ZheyuX" declared "raise:10"
"Xun" declared "fold:0"
"['ZheyuX']" won the round 15 (stack = {'Xun': 131, 'PlayerXinZhu': 220, 'Elvis': 493, 'ZheyuX': 3156})
player [Xun] gets hole card ['S6', 'S9'], current stack 126
player [PlayerXinZhu] gets hole card ['S2', 'D6'], current stack 210
player [Elvis] gets hole card ['D7', 'C9'], current stack 493
player [ZheyuX] gets hole card ['H4', 'C4'], current stack 3156
Started the round 16
Street "preflop" started. (community card = [])
"Elvis" declared "fold:0"
"ZheyuX" declared "call:10"
"Xun" declared "call:10"
"PlayerXinZhu" declared "fold:0"
Street "flop" started. (community card = ['DA', 'D3', 'C2'])
"Xun" declared "fold:0"
"['ZheyuX']" won the round 16 (stack = {'Xun': 121, 'PlayerXinZhu': 210, 'Elvis': 493, 'ZheyuX': 3176})
player [Xun] gets hole card ['CT', 'HT'], current stack 121
player [PlayerXinZhu] gets hole card ['D2', 'C2'], current stack 205
player [Elvis] gets hole card ['CK', 'S8'], current stack 483
player [ZheyuX] gets hole card ['D3', 'D5'], current stack 3176
Started the round 17
Street "preflop" started. (community card = [])
"ZheyuX" declared "call:10"
"Xun" declared "call:10"
"PlayerXinZhu" declared "fold:0"
"Elvis" declared "fold:0"
Street "flop" started. (community card = ['S4', 'C5', 'SA'])
"ZheyuX" declared "raise:10"
"Xun" declared "call:10"
Street "turn" started. (community card = ['S4', 'C5', 'SA', 'S5'])
"ZheyuX" declared "raise:10"
"Xun" declared "fold:0"
"['ZheyuX']" won the round 17 (stack = {'Xun': 101, 'PlayerXinZhu': 205, 'Elvis': 483, 'ZheyuX': 3211})
player [Xun] gets hole card ['C2', 'CK'], current stack 101
player [PlayerXinZhu] gets hole card ['DK', 'SQ'], current stack 205
player [Elvis] gets hole card ['ST', 'HK'], current stack 478
player [ZheyuX] gets hole card ['H2', 'HJ'], current stack 3201
Started the round 18
Street "preflop" started. (community card = [])
"Xun" declared "call:10"
"PlayerXinZhu" declared "fold:0"
"Elvis" declared "fold:0"
"ZheyuX" declared "raise:15"
"Xun" declared "call:15"
Street "flop" started. (community card = ['CQ', 'S2', 'S5'])
"ZheyuX" declared "raise:10"
"Xun" declared "call:10"
Street "turn" started. (community card = ['CQ', 'S2', 'S5', 'SJ'])
"ZheyuX" declared "raise:10"
"Xun" declared "fold:0"
"['ZheyuX']" won the round 18 (stack = {'Xun': 76, 'PlayerXinZhu': 205, 'Elvis': 478, 'ZheyuX': 3241})
player [Xun] gets hole card ['H3', 'HQ'], current stack 66
player [PlayerXinZhu] gets hole card ['D3', 'S7'], current stack 205
player [Elvis] gets hole card ['C8', 'S4'], current stack 478
player [ZheyuX] gets hole card ['C4', 'C7'], current stack 3236
Started the round 19
Street "preflop" started. (community card = [])
"PlayerXinZhu" declared "fold:0"
"Elvis" declared "fold:0"
"ZheyuX" declared "call:10"
"Xun" declared "call:10"
Street "flop" started. (community card = ['DJ', 'H5', 'SA'])
"ZheyuX" declared "call:0"
"Xun" declared "fold:0"
"['ZheyuX']" won the round 19 (stack = {'Xun': 66, 'PlayerXinZhu': 205, 'Elvis': 478, 'ZheyuX': 3251})
player [Xun] gets hole card ['C7', 'S5'], current stack 61
player [PlayerXinZhu] gets hole card ['H8', 'DQ'], current stack 195
player [Elvis] gets hole card ['CA', 'DK'], current stack 478
player [ZheyuX] gets hole card ['SA', 'H2'], current stack 3251
Started the round 20
Street "preflop" started. (community card = [])
"Elvis" declared "fold:0"
"ZheyuX" declared "call:10"
"Xun" declared "call:10"
"PlayerXinZhu" declared "fold:0"
Street "flop" started. (community card = ['CK', 'DT', 'H6'])
"Xun" declared "fold:0"
"['ZheyuX']" won the round 20 (stack = {'Xun': 56, 'PlayerXinZhu': 195, 'Elvis': 478, 'ZheyuX': 3271})
player [Xun] gets hole card ['H5', 'H8'], current stack 56
player [PlayerXinZhu] gets hole card ['H9', 'SK'], current stack 190
player [Elvis] gets hole card ['D6', 'C8'], current stack 468
player [ZheyuX] gets hole card ['S7', 'HJ'], current stack 3271
Started the round 21
Street "preflop" started. (community card = [])
"ZheyuX" declared "call:10"
"Xun" declared "call:10"
"PlayerXinZhu" declared "fold:0"
"Elvis" declared "fold:0"
Street "flop" started. (community card = ['HQ', 'C4', 'HA'])
"ZheyuX" declared "raise:10"
"Xun" declared "call:10"
Street "turn" started. (community card = ['HQ', 'C4', 'HA', 'H7'])
"ZheyuX" declared "raise:10"
"Xun" declared "call:10"
Street "river" started. (community card = ['HQ', 'C4', 'HA', 'H7', 'CT'])
"ZheyuX" declared "raise:10"
"Xun" declared "raise:20"
"ZheyuX" declared "raise:30"
"Xun" declared "call:30"
"['Xun']" won the round 21 (stack = {'Xun': 127, 'PlayerXinZhu': 190, 'Elvis': 468, 'ZheyuX': 3215})
player [Xun] gets hole card ['C6', 'D7'], current stack 127
player [PlayerXinZhu] gets hole card ['CQ', 'DK'], current stack 190
player [Elvis] gets hole card ['H7', 'DJ'], current stack 463
player [ZheyuX] gets hole card ['S5', 'D4'], current stack 3205
Started the round 22
Street "preflop" started. (community card = [])
"Xun" declared "call:10"
"PlayerXinZhu" declared "fold:0"
"Elvis" declared "fold:0"
"ZheyuX" declared "call:10"
Street "flop" started. (community card = ['HT', 'H3', 'SJ'])
"ZheyuX" declared "call:0"
"Xun" declared "fold:0"
"['ZheyuX']" won the round 22 (stack = {'Xun': 117, 'PlayerXinZhu': 190, 'Elvis': 463, 'ZheyuX': 3230})
player [Xun] gets hole card ['HK', 'C5'], current stack 107
player [PlayerXinZhu] gets hole card ['HT', 'D6'], current stack 190
player [Elvis] gets hole card ['CK', 'D5'], current stack 463
player [ZheyuX] gets hole card ['DK', 'C8'], current stack 3225
Started the round 23
Street "preflop" started. (community card = [])
"PlayerXinZhu" declared "fold:0"
"Elvis" declared "fold:0"
"ZheyuX" declared "raise:15"
"Xun" declared "call:15"
Street "flop" started. (community card = ['D2', 'DT', 'H4'])
"ZheyuX" declared "raise:10"
"Xun" declared "fold:0"
"['ZheyuX']" won the round 23 (stack = {'Xun': 102, 'PlayerXinZhu': 190, 'Elvis': 463, 'ZheyuX': 3245})
player [Xun] gets hole card ['C4', 'CK'], current stack 97
player [PlayerXinZhu] gets hole card ['S2', 'C2'], current stack 180
player [Elvis] gets hole card ['HA', 'D4'], current stack 463
player [ZheyuX] gets hole card ['C7', 'CA'], current stack 3245
Started the round 24
Street "preflop" started. (community card = [])
"Elvis" declared "fold:0"
"ZheyuX" declared "call:10"
"Xun" declared "call:10"
"PlayerXinZhu" declared "fold:0"
Street "flop" started. (community card = ['H6', 'D6', 'ST'])
"Xun" declared "fold:0"
"['ZheyuX']" won the round 24 (stack = {'Xun': 92, 'PlayerXinZhu': 180, 'Elvis': 463, 'ZheyuX': 3265})
player [Xun] gets hole card ['DK', 'CA'], current stack 92
player [PlayerXinZhu] gets hole card ['CJ', 'HJ'], current stack 175
player [Elvis] gets hole card ['DA', 'H3'], current stack 453
player [ZheyuX] gets hole card ['D7', 'S6'], current stack 3265
Started the round 25
Street "preflop" started. (community card = [])
"ZheyuX" declared "call:10"
"Xun" declared "call:10"
"PlayerXinZhu" declared "fold:0"
"Elvis" declared "fold:0"
Street "flop" started. (community card = ['DQ', 'C8', 'S2'])
"ZheyuX" declared "call:0"
"Xun" declared "call:0"
Street "turn" started. (community card = ['DQ', 'C8', 'S2', 'C5'])
"ZheyuX" declared "call:0"
"Xun" declared "fold:0"
"['ZheyuX']" won the round 25 (stack = {'Xun': 82, 'PlayerXinZhu': 175, 'Elvis': 453, 'ZheyuX': 3290})
player [Xun] gets hole card ['CJ', 'DK'], current stack 82
player [PlayerXinZhu] gets hole card ['D2', 'H2'], current stack 175
player [Elvis] gets hole card ['DT', 'DJ'], current stack 448
player [ZheyuX] gets hole card ['D8', 'HT'], current stack 3280
Started the round 26
Street "preflop" started. (community card = [])
"Xun" declared "call:10"
"PlayerXinZhu" declared "fold:0"
"Elvis" declared "fold:0"
"ZheyuX" declared "raise:15"
"Xun" declared "call:15"
Street "flop" started. (community card = ['HJ', 'HA', 'S6'])
"ZheyuX" declared "call:0"
"Xun" declared "call:0"
Street "turn" started. (community card = ['HJ', 'HA', 'S6', 'SK'])
"ZheyuX" declared "call:0"
"Xun" declared "call:0"
Street "river" started. (community card = ['HJ', 'HA', 'S6', 'SK', 'CT'])
"ZheyuX" declared "raise:10"
"Xun" declared "fold:0"
"['ZheyuX']" won the round 26 (stack = {'Xun': 67, 'PlayerXinZhu': 175, 'Elvis': 448, 'ZheyuX': 3310})
player [Xun] gets hole card ['CQ', 'D3'], current stack 57
player [PlayerXinZhu] gets hole card ['CT', 'C4'], current stack 175
player [Elvis] gets hole card ['H6', 'H8'], current stack 448
player [ZheyuX] gets hole card ['S9', 'D8'], current stack 3305
Started the round 27
Street "preflop" started. (community card = [])
"PlayerXinZhu" declared "fold:0"
"Elvis" declared "fold:0"
"ZheyuX" declared "raise:15"
"Xun" declared "call:15"
Street "flop" started. (community card = ['H3', 'CK', 'C2'])
"ZheyuX" declared "call:0"
"Xun" declared "call:0"
Street "turn" started. (community card = ['H3', 'CK', 'C2', 'CA'])
"ZheyuX" declared "call:0"
"Xun" declared "call:0"
Street "river" started. (community card = ['H3', 'CK', 'C2', 'CA', 'C3'])
"ZheyuX" declared "call:0"
"Xun" declared "raise:14"
"ZheyuX" declared "call:14"
"['Xun']" won the round 27 (stack = {'Xun': 96, 'PlayerXinZhu': 175, 'Elvis': 448, 'ZheyuX': 3281})
player [Xun] gets hole card ['SQ', 'HJ'], current stack 91
player [PlayerXinZhu] gets hole card ['D4', 'C3'], current stack 165
player [Elvis] gets hole card ['CQ', 'S7'], current stack 448
player [ZheyuX] gets hole card ['DT', 'HT'], current stack 3281
Started the round 28
Street "preflop" started. (community card = [])
"Elvis" declared "fold:0"
"ZheyuX" declared "raise:15"
"Xun" declared "call:15"
"PlayerXinZhu" declared "fold:0"
Street "flop" started. (community card = ['H3', 'C6', 'H8'])
"Xun" declared "fold:0"
"['ZheyuX']" won the round 28 (stack = {'Xun': 81, 'PlayerXinZhu': 165, 'Elvis': 448, 'ZheyuX': 3306})
player [Xun] gets hole card ['D7', 'S3'], current stack 81
player [PlayerXinZhu] gets hole card ['C8', 'D5'], current stack 160
player [Elvis] gets hole card ['C6', 'HQ'], current stack 438
player [ZheyuX] gets hole card ['HT', 'H4'], current stack 3306
Started the round 29
Street "preflop" started. (community card = [])
"ZheyuX" declared "call:10"
"Xun" declared "call:10"
"PlayerXinZhu" declared "fold:0"
"Elvis" declared "fold:0"
Street "flop" started. (community card = ['HK', 'S9', 'H7'])
"ZheyuX" declared "raise:10"
"Xun" declared "call:10"
Street "turn" started. (community card = ['HK', 'S9', 'H7', 'CT'])
"ZheyuX" declared "raise:10"
"Xun" declared "fold:0"
"['ZheyuX']" won the round 29 (stack = {'Xun': 61, 'PlayerXinZhu': 160, 'Elvis': 438, 'ZheyuX': 3341})
player [Xun] gets hole card ['H3', 'CA'], current stack 61
player [PlayerXinZhu] gets hole card ['CK', 'H9'], current stack 160
player [Elvis] gets hole card ['S8', 'S3'], current stack 433
player [ZheyuX] gets hole card ['H6', 'D8'], current stack 3331
Started the round 30
Street "preflop" started. (community card = [])
"Xun" declared "call:10"
"PlayerXinZhu" declared "fold:0"
"Elvis" declared "fold:0"
"ZheyuX" declared "raise:15"
"Xun" declared "call:15"
Street "flop" started. (community card = ['H4', 'SA', 'C7'])
"ZheyuX" declared "call:0"
"Xun" declared "call:0"
Street "turn" started. (community card = ['H4', 'SA', 'C7', 'HA'])
"ZheyuX" declared "call:0"
"Xun" declared "call:0"
Street "river" started. (community card = ['H4', 'SA', 'C7', 'HA', 'S7'])
"ZheyuX" declared "call:0"
"Xun" declared "raise:46"
"ZheyuX" declared "call:46"
"['Xun']" won the round 30 (stack = {'Xun': 127, 'PlayerXinZhu': 160, 'Elvis': 433, 'ZheyuX': 3280})
player [Xun] gets hole card ['D4', 'CQ'], current stack 117
player [PlayerXinZhu] gets hole card ['CK', 'C5'], current stack 160
player [Elvis] gets hole card ['H4', 'H5'], current stack 433
player [ZheyuX] gets hole card ['C3', 'HT'], current stack 3275
Started the round 31
Street "preflop" started. (community card = [])
"PlayerXinZhu" declared "fold:0"
"Elvis" declared "fold:0"
"ZheyuX" declared "raise:15"
"Xun" declared "call:15"
Street "flop" started. (community card = ['S4', 'S3', 'H8'])
"ZheyuX" declared "raise:10"
"Xun" declared "call:10"
Street "turn" started. (community card = ['S4', 'S3', 'H8', 'ST'])
"ZheyuX" declared "raise:10"
"Xun" declared "fold:0"
"['ZheyuX']" won the round 31 (stack = {'Xun': 102, 'PlayerXinZhu': 160, 'Elvis': 433, 'ZheyuX': 3305})
player [Xun] gets hole card ['DJ', 'H7'], current stack 97
player [PlayerXinZhu] gets hole card ['DT', 'H4'], current stack 150
player [Elvis] gets hole card ['H5', 'SJ'], current stack 433
player [ZheyuX] gets hole card ['H8', 'HT'], current stack 3305
Started the round 32
Street "preflop" started. (community card = [])
"Elvis" declared "fold:0"
"ZheyuX" declared "call:10"
"Xun" declared "call:10"
"PlayerXinZhu" declared "fold:0"
Street "flop" started. (community card = ['DK', 'S4', 'CT'])
"Xun" declared "fold:0"
"['ZheyuX']" won the round 32 (stack = {'Xun': 92, 'PlayerXinZhu': 150, 'Elvis': 433, 'ZheyuX': 3325})
player [Xun] gets hole card ['C3', 'CQ'], current stack 92
player [PlayerXinZhu] gets hole card ['HK', 'SQ'], current stack 145
player [Elvis] gets hole card ['DK', 'S6'], current stack 423
player [ZheyuX] gets hole card ['H3', 'H6'], current stack 3325
Started the round 33
Street "preflop" started. (community card = [])
"ZheyuX" declared "call:10"
"Xun" declared "call:10"
"PlayerXinZhu" declared "fold:0"
"Elvis" declared "fold:0"
Street "flop" started. (community card = ['D7', 'H7', 'CA'])
"ZheyuX" declared "call:0"
"Xun" declared "fold:0"
"['ZheyuX']" won the round 33 (stack = {'Xun': 82, 'PlayerXinZhu': 145, 'Elvis': 423, 'ZheyuX': 3350})
player [Xun] gets hole card ['D4', 'DK'], current stack 82
player [PlayerXinZhu] gets hole card ['H6', 'C5'], current stack 145
player [Elvis] gets hole card ['D8', 'S5'], current stack 418
player [ZheyuX] gets hole card ['HJ', 'S2'], current stack 3340
Started the round 34
Street "preflop" started. (community card = [])
"Xun" declared "call:10"
"PlayerXinZhu" declared "fold:0"
"Elvis" declared "fold:0"
"ZheyuX" declared "call:10"
Street "flop" started. (community card = ['H9', 'SK', 'H3'])
"ZheyuX" declared "call:0"
"Xun" declared "call:0"
Street "turn" started. (community card = ['H9', 'SK', 'H3', 'H8'])
"ZheyuX" declared "call:0"
"Xun" declared "call:0"
Street "river" started. (community card = ['H9', 'SK', 'H3', 'H8', 'S7'])
"ZheyuX" declared "call:0"
"Xun" declared "fold:0"
"['ZheyuX']" won the round 34 (stack = {'Xun': 72, 'PlayerXinZhu': 145, 'Elvis': 418, 'ZheyuX': 3365})
player [Xun] gets hole card ['HJ', 'CT'], current stack 62
player [PlayerXinZhu] gets hole card ['CA', 'S3'], current stack 145
player [Elvis] gets hole card ['S7', 'S4'], current stack 418
player [ZheyuX] gets hole card ['C3', 'SA'], current stack 3360
Started the round 35
Street "preflop" started. (community card = [])
"PlayerXinZhu" declared "fold:0"
"Elvis" declared "fold:0"
"ZheyuX" declared "raise:15"
"Xun" declared "call:15"
Street "flop" started. (community card = ['H3', 'DJ', 'DQ'])
"ZheyuX" declared "raise:10"
"Xun" declared "call:10"
Street "turn" started. (community card = ['H3', 'DJ', 'DQ', 'SK'])
"ZheyuX" declared "raise:10"
"Xun" declared "fold:0"
"['ZheyuX']" won the round 35 (stack = {'Xun': 47, 'PlayerXinZhu': 145, 'Elvis': 418, 'ZheyuX': 3390})
player [Xun] gets hole card ['S9', 'DT'], current stack 42
player [PlayerXinZhu] gets hole card ['C9', 'DJ'], current stack 135
player [Elvis] gets hole card ['D6', 'D8'], current stack 418
player [ZheyuX] gets hole card ['SK', 'H4'], current stack 3390
Started the round 36
Street "preflop" started. (community card = [])
"Elvis" declared "fold:0"
"ZheyuX" declared "call:10"
"Xun" declared "call:10"
"PlayerXinZhu" declared "fold:0"
Street "flop" started. (community card = ['C2', 'C6', 'SJ'])
"Xun" declared "fold:0"
"['ZheyuX']" won the round 36 (stack = {'Xun': 37, 'PlayerXinZhu': 135, 'Elvis': 418, 'ZheyuX': 3410})
player [Xun] gets hole card ['D4', 'HT'], current stack 37
player [PlayerXinZhu] gets hole card ['S7', 'S9'], current stack 130
player [Elvis] gets hole card ['S6', 'HA'], current stack 408
player [ZheyuX] gets hole card ['S4', 'DT'], current stack 3410
Started the round 37
Street "preflop" started. (community card = [])
"ZheyuX" declared "call:10"
"Xun" declared "call:10"
"PlayerXinZhu" declared "fold:0"
"Elvis" declared "fold:0"
Street "flop" started. (community card = ['C9', 'ST', 'S8'])
"ZheyuX" declared "raise:10"
"Xun" declared "call:10"
Street "turn" started. (community card = ['C9', 'ST', 'S8', 'H6'])
"ZheyuX" declared "raise:10"
"Xun" declared "fold:0"
"['ZheyuX']" won the round 37 (stack = {'Xun': 17, 'PlayerXinZhu': 130, 'Elvis': 408, 'ZheyuX': 3445})
player [Xun] gets hole card ['H7', 'C9'], current stack 17
player [PlayerXinZhu] gets hole card ['CA', 'D4'], current stack 130
player [Elvis] gets hole card ['C2', 'CT'], current stack 403
player [ZheyuX] gets hole card ['HK', 'DT'], current stack 3435
Started the round 38
Street "preflop" started. (community card = [])
"Xun" declared "call:10"
"PlayerXinZhu" declared "fold:0"
"Elvis" declared "fold:0"
"ZheyuX" declared "raise:15"
"Xun" declared "call:15"
Street "flop" started. (community card = ['SQ', 'SK', 'S7'])
"ZheyuX" declared "raise:10"
"Xun" declared "call:10"
Street "turn" started. (community card = ['SQ', 'SK', 'S7', 'CK'])
Street "river" started. (community card = ['SQ', 'SK', 'S7', 'CK', 'D5'])
"['ZheyuX']" won the round 38 (stack = {'Xun': 0, 'PlayerXinZhu': 130, 'Elvis': 403, 'ZheyuX': 3467})
player [PlayerXinZhu] gets hole card ['H7', 'SA'], current stack 120
player [Elvis] gets hole card ['SK', 'S6'], current stack 403
player [ZheyuX] gets hole card ['C4', 'CQ'], current stack 3462
Started the round 39
Street "preflop" started. (community card = [])
"Elvis" declared "fold:0"
"ZheyuX" declared "raise:15"
"PlayerXinZhu" declared "fold:0"
"['ZheyuX']" won the round 39 (stack = {'Xun': 0, 'PlayerXinZhu': 120, 'Elvis': 403, 'ZheyuX': 3477})
player [PlayerXinZhu] gets hole card ['HK', 'D9'], current stack 115
player [Elvis] gets hole card ['C5', 'CQ'], current stack 393
player [ZheyuX] gets hole card ['H8', 'D5'], current stack 3477
Started the round 40
Street "preflop" started. (community card = [])
"ZheyuX" declared "call:10"
"PlayerXinZhu" declared "fold:0"
"Elvis" declared "call:10"
Street "flop" started. (community card = ['HQ', 'ST', 'D3'])
"Elvis" declared "raise:353"
"ZheyuX" declared "call:353"
Street "turn" started. (community card = ['HQ', 'ST', 'D3', 'D8'])
"Elvis" declared "raise:12"
"ZheyuX" declared "raise:24"
"Elvis" declared "raise:36"
"ZheyuX" declared "raise:48"
"Elvis" declared "call:48"
Street "river" started. (community card = ['HQ', 'ST', 'D3', 'D8', 'S4'])
"['Elvis']" won the round 40 (stack = {'Xun': 0, 'PlayerXinZhu': 115, 'Elvis': 811, 'ZheyuX': 3074})
player [PlayerXinZhu] gets hole card ['DT', 'C3'], current stack 115
player [Elvis] gets hole card ['H3', 'CK'], current stack 806
player [ZheyuX] gets hole card ['S9', 'S5'], current stack 3064
Started the round 41
Street "preflop" started. (community card = [])
"PlayerXinZhu" declared "fold:0"
"Elvis" declared "fold:0"
"['ZheyuX']" won the round 41 (stack = {'Xun': 0, 'PlayerXinZhu': 115, 'Elvis': 806, 'ZheyuX': 3079})
player [PlayerXinZhu] gets hole card ['C4', 'H7'], current stack 105
player [Elvis] gets hole card ['S7', 'H2'], current stack 806
player [ZheyuX] gets hole card ['DK', 'DQ'], current stack 3074
Started the round 42
Street "preflop" started. (community card = [])
"Elvis" declared "fold:0"
"ZheyuX" declared "raise:15"
"PlayerXinZhu" declared "fold:0"
"['ZheyuX']" won the round 42 (stack = {'Xun': 0, 'PlayerXinZhu': 105, 'Elvis': 806, 'ZheyuX': 3089})
player [PlayerXinZhu] gets hole card ['CJ', 'C3'], current stack 100
player [Elvis] gets hole card ['H6', 'DQ'], current stack 796
player [ZheyuX] gets hole card ['S4', 'D3'], current stack 3089
Started the round 43
Street "preflop" started. (community card = [])
"ZheyuX" declared "call:10"
"PlayerXinZhu" declared "fold:0"
"Elvis" declared "fold:0"
"['ZheyuX']" won the round 43 (stack = {'Xun': 0, 'PlayerXinZhu': 100, 'Elvis': 796, 'ZheyuX': 3104})
player [PlayerXinZhu] gets hole card ['CQ', 'C2'], current stack 100
player [Elvis] gets hole card ['C9', 'HA'], current stack 791
player [ZheyuX] gets hole card ['DT', 'HQ'], current stack 3094
Started the round 44
Street "preflop" started. (community card = [])
"PlayerXinZhu" declared "fold:0"
"Elvis" declared "call:10"
"ZheyuX" declared "raise:15"
"Elvis" declared "call:15"
Street "flop" started. (community card = ['D3', 'C4', 'CK'])
"Elvis" declared "call:0"
"ZheyuX" declared "call:0"
Street "turn" started. (community card = ['D3', 'C4', 'CK', 'D8'])
"Elvis" declared "call:0"
"ZheyuX" declared "call:0"
Street "river" started. (community card = ['D3', 'C4', 'CK', 'D8', 'S9'])
"Elvis" declared "raise:234"
"ZheyuX" declared "call:234"
"['Elvis']" won the round 44 (stack = {'Xun': 0, 'PlayerXinZhu': 100, 'Elvis': 1045, 'ZheyuX': 2855})
player [PlayerXinZhu] gets hole card ['C6', 'S6'], current stack 90
player [Elvis] gets hole card ['C8', 'CJ'], current stack 1045
player [ZheyuX] gets hole card ['C7', 'SJ'], current stack 2850
Started the round 45
Street "preflop" started. (community card = [])
"Elvis" declared "fold:0"
"ZheyuX" declared "raise:15"
"PlayerXinZhu" declared "fold:0"
"['ZheyuX']" won the round 45 (stack = {'Xun': 0, 'PlayerXinZhu': 90, 'Elvis': 1045, 'ZheyuX': 2865})
player [PlayerXinZhu] gets hole card ['CT', 'H7'], current stack 85
player [Elvis] gets hole card ['S7', 'D3'], current stack 1035
player [ZheyuX] gets hole card ['C9', 'HA'], current stack 2865
Started the round 46
Street "preflop" started. (community card = [])
"ZheyuX" declared "call:10"
"PlayerXinZhu" declared "fold:0"
"Elvis" declared "fold:0"
"['ZheyuX']" won the round 46 (stack = {'Xun': 0, 'PlayerXinZhu': 85, 'Elvis': 1035, 'ZheyuX': 2880})
player [PlayerXinZhu] gets hole card ['S9', 'D4'], current stack 85
player [Elvis] gets hole card ['HK', 'CK'], current stack 1030
player [ZheyuX] gets hole card ['CA', 'C7'], current stack 2870
Started the round 47
Street "preflop" started. (community card = [])
"PlayerXinZhu" declared "fold:0"
"Elvis" declared "raise:931"
"ZheyuX" declared "raise:1852"
"Elvis" declared "call:1852"
Street "flop" started. (community card = ['S4', 'C3', 'DQ'])
Street "turn" started. (community card = ['S4', 'C3', 'DQ', 'H7'])
Street "river" started. (community card = ['S4', 'C3', 'DQ', 'H7', 'SA'])
"['ZheyuX']" won the round 47 (stack = {'Xun': 0, 'PlayerXinZhu': 85, 'Elvis': 0, 'ZheyuX': 3915})
player [PlayerXinZhu] gets hole card ['DA', 'HA'], current stack 80
player [ZheyuX] gets hole card ['SA', 'H2'], current stack 3905
Started the round 48
Street "preflop" started. (community card = [])
"PlayerXinZhu" declared "fold:0"
"['ZheyuX']" won the round 48 (stack = {'Xun': 0, 'PlayerXinZhu': 80, 'Elvis': 0, 'ZheyuX': 3920})
player [PlayerXinZhu] gets hole card ['HT', 'C9'], current stack 70
player [ZheyuX] gets hole card ['C7', 'C4'], current stack 3915
Started the round 49
Street "preflop" started. (community card = [])
"ZheyuX" declared "raise:15"
"PlayerXinZhu" declared "fold:0"
"['ZheyuX']" won the round 49 (stack = {'Xun': 0, 'PlayerXinZhu': 70, 'Elvis': 0, 'ZheyuX': 3930})
player [PlayerXinZhu] gets hole card ['S3', 'ST'], current stack 65
player [ZheyuX] gets hole card ['D5', 'H2'], current stack 3920
Started the round 50
Street "preflop" started. (community card = [])
"PlayerXinZhu" declared "fold:0"
"['ZheyuX']" won the round 50 (stack = {'Xun': 0, 'PlayerXinZhu': 65, 'Elvis': 0, 'ZheyuX': 3935})

Game Results:
------------------------------------------------------------
Game 1:
Winner: ZheyuX (stack: 3935)
All players' stacks:
  Xun: 0
  PlayerXinZhu: 65
  Elvis: 0
  ZheyuX: 3935
------------------------------------------------------------
