player [Xun] gets hole card ['C2', 'D4'], current stack 1000
player [PlayerXinZhu] gets hole card ['H3', 'S4'], current stack 995
player [Elvis] gets hole card ['H6', 'H2'], current stack 990
player [ZheyuX] gets hole card ['S7', 'D9'], current stack 1000
Started the round 1
Street "preflop" started. (community card = [])
"ZheyuX" declared "call:10"
"Xun" declared "call:10"
"PlayerXinZhu" declared "raise:15"
"Elvis" declared "raise:20"
"ZheyuX" declared "call:20"
"Xun" declared "call:20"
"PlayerXinZhu" declared "raise:25"
"Elvis" declared "fold:0"
"ZheyuX" declared "call:25"
"Xun" declared "call:25"
Street "flop" started. (community card = ['C9', 'C3', 'HJ'])
"PlayerXinZhu" declared "raise:10"
"ZheyuX" declared "raise:20"
"Xun" declared "fold:0"
"PlayerXinZhu" declared "raise:30"
"ZheyuX" declared "raise:40"
"PlayerXinZhu" declared "raise:50"
"ZheyuX" declared "raise:60"
"PlayerXinZhu" declared "raise:70"
"ZheyuX" declared "raise:80"
"PlayerXinZhu" declared "raise:90"
"ZheyuX" declared "raise:100"
"PlayerXinZhu" declared "raise:110"
"ZheyuX" declared "raise:120"
"PlayerXinZhu" declared "raise:130"
"ZheyuX" declared "raise:140"
"PlayerXinZhu" declared "raise:150"
"ZheyuX" declared "raise:160"
"PlayerXinZhu" declared "raise:170"
"ZheyuX" declared "raise:180"
"PlayerXinZhu" declared "raise:190"
"ZheyuX" declared "raise:200"
"PlayerXinZhu" declared "raise:210"
"ZheyuX" declared "raise:220"
"PlayerXinZhu" declared "raise:230"
"ZheyuX" declared "raise:240"
"PlayerXinZhu" declared "raise:250"
"ZheyuX" declared "raise:260"
"PlayerXinZhu" declared "raise:270"
"ZheyuX" declared "raise:280"
"PlayerXinZhu" declared "raise:290"
"ZheyuX" declared "raise:300"
"PlayerXinZhu" declared "raise:310"
"ZheyuX" declared "raise:320"
"PlayerXinZhu" declared "raise:330"
"ZheyuX" declared "raise:340"
"PlayerXinZhu" declared "raise:350"
"ZheyuX" declared "raise:360"
"PlayerXinZhu" declared "raise:370"
"ZheyuX" declared "raise:380"
"PlayerXinZhu" declared "raise:390"
"ZheyuX" declared "raise:400"
"PlayerXinZhu" declared "raise:410"
"ZheyuX" declared "raise:420"
"PlayerXinZhu" declared "raise:430"
"ZheyuX" declared "raise:440"
"PlayerXinZhu" declared "raise:450"
"ZheyuX" declared "raise:460"
"PlayerXinZhu" declared "raise:470"
"ZheyuX" declared "raise:480"
"PlayerXinZhu" declared "raise:490"
"ZheyuX" declared "raise:500"
"PlayerXinZhu" declared "raise:510"
"ZheyuX" declared "call:510"
Street "turn" started. (community card = ['C9', 'C3', 'HJ', 'D5'])
"PlayerXinZhu" declared "raise:10"
"ZheyuX" declared "raise:20"
"PlayerXinZhu" declared "raise:30"
"ZheyuX" declared "raise:40"
"PlayerXinZhu" declared "raise:50"
"ZheyuX" declared "raise:60"
"PlayerXinZhu" declared "raise:70"
"ZheyuX" declared "raise:80"
"PlayerXinZhu" declared "raise:90"
"ZheyuX" declared "raise:100"
"PlayerXinZhu" declared "raise:110"
"ZheyuX" declared "raise:120"
"PlayerXinZhu" declared "raise:130"
"ZheyuX" declared "raise:140"
"PlayerXinZhu" declared "raise:150"
"ZheyuX" declared "raise:160"
"PlayerXinZhu" declared "raise:170"
"ZheyuX" declared "raise:180"
"PlayerXinZhu" declared "raise:190"
"ZheyuX" declared "raise:200"
"PlayerXinZhu" declared "raise:210"
"ZheyuX" declared "raise:220"
"PlayerXinZhu" declared "raise:230"
"ZheyuX" declared "raise:240"
"PlayerXinZhu" declared "raise:250"
"ZheyuX" declared "raise:260"
"PlayerXinZhu" declared "raise:270"
"ZheyuX" declared "raise:280"
"PlayerXinZhu" declared "raise:290"
"ZheyuX" declared "raise:300"
"PlayerXinZhu" declared "raise:310"
"ZheyuX" declared "raise:320"
"PlayerXinZhu" declared "raise:330"
"ZheyuX" declared "raise:340"
"PlayerXinZhu" declared "raise:350"
"ZheyuX" declared "raise:360"
"PlayerXinZhu" declared "raise:370"
"ZheyuX" declared "raise:380"
"PlayerXinZhu" declared "raise:390"
"ZheyuX" declared "raise:400"
"PlayerXinZhu" declared "raise:410"
"ZheyuX" declared "raise:420"
"PlayerXinZhu" declared "raise:430"
"ZheyuX" declared "raise:440"
"PlayerXinZhu" declared "raise:450"
"ZheyuX" declared "raise:460"
"PlayerXinZhu" declared "call:460"
Street "river" started. (community card = ['C9', 'C3', 'HJ', 'D5', 'H7'])
"PlayerXinZhu" declared "call:0"
"ZheyuX" declared "call:0"
"['ZheyuX']" won the round 1 (stack = {'Xun': 975, 'PlayerXinZhu': 5, 'Elvis': 980, 'ZheyuX': 2040})
player [Xun] gets hole card ['H5', 'D2'], current stack 975
player [PlayerXinZhu] gets hole card ['DK', 'H2'], current stack 5
player [Elvis] gets hole card ['SQ', 'CK'], current stack 975
player [ZheyuX] gets hole card ['S9', 'D4'], current stack 2030
Started the round 2
Street "preflop" started. (community card = [])
"Xun" declared "call:10"
"PlayerXinZhu" declared "fold:0"
"Elvis" declared "raise:87"
"ZheyuX" declared "call:87"
"Xun" declared "call:87"
Street "flop" started. (community card = ['C2', 'CT', 'S3'])
"Elvis" declared "fold:0"
"ZheyuX" declared "call:0"
"Xun" declared "call:0"
Street "turn" started. (community card = ['C2', 'CT', 'S3', 'DT'])
"ZheyuX" declared "call:0"
"Xun" declared "fold:0"
"['ZheyuX']" won the round 2 (stack = {'Xun': 888, 'PlayerXinZhu': 5, 'Elvis': 893, 'ZheyuX': 2214})
player [Xun] gets hole card ['C4', 'H2'], current stack 878
player [PlayerXinZhu] gets hole card ['S8', 'D4'], current stack 5
player [Elvis] gets hole card ['C8', 'D3'], current stack 893
player [ZheyuX] gets hole card ['H5', 'D7'], current stack 2209
Started the round 3
Street "preflop" started. (community card = [])
"PlayerXinZhu" declared "fold:0"
"Elvis" declared "fold:0"
"ZheyuX" declared "raise:15"
"Xun" declared "call:15"
Street "flop" started. (community card = ['ST', 'S9', 'SA'])
"ZheyuX" declared "call:0"
"Xun" declared "fold:0"
"['ZheyuX']" won the round 3 (stack = {'Xun': 873, 'PlayerXinZhu': 5, 'Elvis': 893, 'ZheyuX': 2229})
player [Xun] gets hole card ['H8', 'D7'], current stack 868
player [Elvis] gets hole card ['SJ', 'C2'], current stack 883
player [ZheyuX] gets hole card ['C4', 'S2'], current stack 2229
Started the round 4
Street "preflop" started. (community card = [])
"ZheyuX" declared "call:10"
"Xun" declared "call:10"
"Elvis" declared "raise:15"
"ZheyuX" declared "call:15"
"Xun" declared "call:15"
Street "flop" started. (community card = ['DQ', 'C8', 'S6'])
"Xun" declared "call:0"
"Elvis" declared "raise:10"
"ZheyuX" declared "call:10"
"Xun" declared "call:10"
Street "turn" started. (community card = ['DQ', 'C8', 'S6', 'C9'])
"Xun" declared "fold:0"
"Elvis" declared "fold:0"
"['ZheyuX']" won the round 4 (stack = {'Xun': 848, 'PlayerXinZhu': 0, 'Elvis': 868, 'ZheyuX': 2279})
player [Xun] gets hole card ['HK', 'D6'], current stack 848
player [Elvis] gets hole card ['S3', 'CK'], current stack 863
player [ZheyuX] gets hole card ['D7', 'S9'], current stack 2269
Started the round 5
Street "preflop" started. (community card = [])
"Xun" declared "call:10"
"Elvis" declared "fold:0"
"ZheyuX" declared "raise:15"
"Xun" declared "call:15"
Street "flop" started. (community card = ['SK', 'C2', 'H4'])
"ZheyuX" declared "call:0"
"Xun" declared "call:0"
Street "turn" started. (community card = ['SK', 'C2', 'H4', 'DK'])
"ZheyuX" declared "call:0"
"Xun" declared "call:0"
Street "river" started. (community card = ['SK', 'C2', 'H4', 'DK', 'CJ'])
"ZheyuX" declared "call:0"
"Xun" declared "call:0"
"['Xun']" won the round 5 (stack = {'Xun': 868, 'PlayerXinZhu': 0, 'Elvis': 863, 'ZheyuX': 2264})
player [Xun] gets hole card ['CT', 'S7'], current stack 858
player [Elvis] gets hole card ['ST', 'H5'], current stack 863
player [ZheyuX] gets hole card ['S9', 'DQ'], current stack 2259
Started the round 6
Street "preflop" started. (community card = [])
"Elvis" declared "raise:15"
"ZheyuX" declared "call:15"
"Xun" declared "call:15"
Street "flop" started. (community card = ['H4', 'CJ', 'CQ'])
"ZheyuX" declared "raise:10"
"Xun" declared "fold:0"
"Elvis" declared "raise:93"
"ZheyuX" declared "raise:176"
"Elvis" declared "raise:259"
"ZheyuX" declared "raise:342"
"Elvis" declared "fold:0"
"['ZheyuX']" won the round 6 (stack = {'Xun': 853, 'PlayerXinZhu': 0, 'Elvis': 589, 'ZheyuX': 2553})
player [Xun] gets hole card ['DJ', 'S2'], current stack 848
player [Elvis] gets hole card ['HA', 'D9'], current stack 579
player [ZheyuX] gets hole card ['HT', 'C5'], current stack 2553
Started the round 7
Street "preflop" started. (community card = [])
"ZheyuX" declared "call:10"
"Xun" declared "call:10"
"Elvis" declared "raise:54"
"ZheyuX" declared "call:54"
"Xun" declared "call:54"
Street "flop" started. (community card = ['DT', 'S4', 'CA'])
"Xun" declared "fold:0"
"Elvis" declared "raise:535"
"ZheyuX" declared "raise:1070"
Street "turn" started. (community card = ['DT', 'S4', 'CA', 'C3'])
Street "river" started. (community card = ['DT', 'S4', 'CA', 'C3', 'C8'])
"['Elvis']" won the round 7 (stack = {'Xun': 799, 'PlayerXinZhu': 0, 'Elvis': 1232, 'ZheyuX': 1964})
player [Xun] gets hole card ['H7', 'H6'], current stack 799
player [Elvis] gets hole card ['S9', 'H5'], current stack 1227
player [ZheyuX] gets hole card ['C8', 'C5'], current stack 1954
Started the round 8
Street "preflop" started. (community card = [])
"Xun" declared "call:10"
"Elvis" declared "raise:16"
"ZheyuX" declared "call:16"
"Xun" declared "call:16"
Street "flop" started. (community card = ['H3', 'SJ', 'DT'])
"Elvis" declared "call:0"
"ZheyuX" declared "call:0"
"Xun" declared "fold:0"
Street "turn" started. (community card = ['H3', 'SJ', 'DT', 'SA'])
"Elvis" declared "fold:0"
"['ZheyuX']" won the round 8 (stack = {'Xun': 783, 'PlayerXinZhu': 0, 'Elvis': 1216, 'ZheyuX': 1996})
player [Xun] gets hole card ['DA', 'H7'], current stack 773
player [Elvis] gets hole card ['D7', 'SJ'], current stack 1216
player [ZheyuX] gets hole card ['ST', 'HJ'], current stack 1991
Started the round 9
Street "preflop" started. (community card = [])
"Elvis" declared "fold:0"
"ZheyuX" declared "raise:15"
"Xun" declared "call:15"
Street "flop" started. (community card = ['H4', 'D2', 'D6'])
"ZheyuX" declared "call:0"
"Xun" declared "call:0"
Street "turn" started. (community card = ['H4', 'D2', 'D6', 'CQ'])
"ZheyuX" declared "call:0"
"Xun" declared "fold:0"
"['ZheyuX']" won the round 9 (stack = {'Xun': 768, 'PlayerXinZhu': 0, 'Elvis': 1216, 'ZheyuX': 2011})
player [Xun] gets hole card ['S2', 'H3'], current stack 763
player [Elvis] gets hole card ['D2', 'DT'], current stack 1206
player [ZheyuX] gets hole card ['H7', 'DJ'], current stack 2011
Started the round 10
Street "preflop" started. (community card = [])
"ZheyuX" declared "call:10"
"Xun" declared "call:10"
"Elvis" declared "fold:0"
Street "flop" started. (community card = ['D5', 'CT', 'D4'])
"Xun" declared "call:0"
"ZheyuX" declared "call:0"
Street "turn" started. (community card = ['D5', 'CT', 'D4', 'S9'])
"Xun" declared "fold:0"
"['ZheyuX']" won the round 10 (stack = {'Xun': 758, 'PlayerXinZhu': 0, 'Elvis': 1206, 'ZheyuX': 2031})
player [Xun] gets hole card ['D6', 'H6'], current stack 758
player [Elvis] gets hole card ['S6', 'CK'], current stack 1201
player [ZheyuX] gets hole card ['DQ', 'H9'], current stack 2021
Started the round 11
Street "preflop" started. (community card = [])
"Xun" declared "call:10"
"Elvis" declared "raise:52"
"ZheyuX" declared "call:52"
"Xun" declared "call:52"
Street "flop" started. (community card = ['D4', 'H7', 'SQ'])
"Elvis" declared "raise:10"
"ZheyuX" declared "raise:20"
"Xun" declared "call:20"
"Elvis" declared "raise:89"
"ZheyuX" declared "raise:158"
"Xun" declared "call:158"
"Elvis" declared "raise:227"
"ZheyuX" declared "raise:296"
"Xun" declared "fold:0"
"Elvis" declared "raise:365"
"ZheyuX" declared "raise:434"
"Elvis" declared "raise:503"
"ZheyuX" declared "raise:572"
"Elvis" declared "raise:641"
"ZheyuX" declared "raise:710"
"Elvis" declared "raise:779"
"ZheyuX" declared "raise:848"
"Elvis" declared "raise:917"
"ZheyuX" declared "raise:986"
"Elvis" declared "raise:1055"
"ZheyuX" declared "call:1055"
Street "turn" started. (community card = ['D4', 'H7', 'SQ', 'C2'])
"Elvis" declared "raise:10"
"ZheyuX" declared "raise:20"
"Elvis" declared "raise:99"
"ZheyuX" declared "raise:178"
Street "river" started. (community card = ['D4', 'H7', 'SQ', 'C2', 'H2'])
"['ZheyuX']" won the round 11 (stack = {'Xun': 548, 'PlayerXinZhu': 0, 'Elvis': 0, 'ZheyuX': 3447})
player [Xun] gets hole card ['D5', 'S6'], current stack 543
player [ZheyuX] gets hole card ['HT', 'H5'], current stack 3437
Started the round 12
Street "preflop" started. (community card = [])
"Xun" declared "call:10"
"ZheyuX" declared "raise:15"
"Xun" declared "call:15"
Street "flop" started. (community card = ['H9', 'C6', 'S3'])
"Xun" declared "call:0"
"ZheyuX" declared "call:0"
Street "turn" started. (community card = ['H9', 'C6', 'S3', 'DT'])
"Xun" declared "fold:0"
"['ZheyuX']" won the round 12 (stack = {'Xun': 533, 'PlayerXinZhu': 0, 'Elvis': 0, 'ZheyuX': 3462})
player [Xun] gets hole card ['DQ', 'C2'], current stack 523
player [ZheyuX] gets hole card ['DK', 'S7'], current stack 3457
Started the round 13
Street "preflop" started. (community card = [])
"ZheyuX" declared "raise:15"
"Xun" declared "call:15"
Street "flop" started. (community card = ['S8', 'SJ', 'S4'])
"ZheyuX" declared "raise:10"
"Xun" declared "fold:0"
"['ZheyuX']" won the round 13 (stack = {'Xun': 518, 'PlayerXinZhu': 0, 'Elvis': 0, 'ZheyuX': 3477})
player [Xun] gets hole card ['DT', 'C4'], current stack 513
player [ZheyuX] gets hole card ['D3', 'D8'], current stack 3467
Started the round 14
Street "preflop" started. (community card = [])
"Xun" declared "call:10"
"ZheyuX" declared "call:10"
Street "flop" started. (community card = ['SQ', 'S3', 'C6'])
"Xun" declared "fold:0"
"['ZheyuX']" won the round 14 (stack = {'Xun': 508, 'PlayerXinZhu': 0, 'Elvis': 0, 'ZheyuX': 3487})
player [Xun] gets hole card ['H2', 'H5'], current stack 498
player [ZheyuX] gets hole card ['S5', 'D9'], current stack 3482
Started the round 15
Street "preflop" started. (community card = [])
"ZheyuX" declared "raise:15"
"Xun" declared "call:15"
Street "flop" started. (community card = ['DK', 'H8', 'DQ'])
"ZheyuX" declared "call:0"
"Xun" declared "fold:0"
"['ZheyuX']" won the round 15 (stack = {'Xun': 493, 'PlayerXinZhu': 0, 'Elvis': 0, 'ZheyuX': 3502})
player [Xun] gets hole card ['S7', 'SA'], current stack 488
player [ZheyuX] gets hole card ['DQ', 'H7'], current stack 3492
Started the round 16
Street "preflop" started. (community card = [])
"Xun" declared "call:10"
"ZheyuX" declared "raise:15"
"Xun" declared "call:15"
Street "flop" started. (community card = ['C9', 'D2', 'SQ'])
"Xun" declared "call:0"
"ZheyuX" declared "raise:10"
"Xun" declared "call:10"
Street "turn" started. (community card = ['C9', 'D2', 'SQ', 'S3'])
"Xun" declared "fold:0"
"['ZheyuX']" won the round 16 (stack = {'Xun': 468, 'PlayerXinZhu': 0, 'Elvis': 0, 'ZheyuX': 3527})
player [Xun] gets hole card ['S7', 'DA'], current stack 458
player [ZheyuX] gets hole card ['D7', 'D9'], current stack 3522
Started the round 17
Street "preflop" started. (community card = [])
"ZheyuX" declared "raise:15"
"Xun" declared "call:15"
Street "flop" started. (community card = ['C7', 'S8', 'CA'])
"ZheyuX" declared "raise:10"
"Xun" declared "call:10"
Street "turn" started. (community card = ['C7', 'S8', 'CA', 'H3'])
"ZheyuX" declared "raise:10"
"Xun" declared "fold:0"
"['ZheyuX']" won the round 17 (stack = {'Xun': 443, 'PlayerXinZhu': 0, 'Elvis': 0, 'ZheyuX': 3552})
player [Xun] gets hole card ['D2', 'C2'], current stack 438
player [ZheyuX] gets hole card ['H9', 'H7'], current stack 3542
Started the round 18
Street "preflop" started. (community card = [])
"Xun" declared "call:10"
"ZheyuX" declared "raise:15"
"Xun" declared "call:15"
Street "flop" started. (community card = ['S8', 'DJ', 'SQ'])
"Xun" declared "fold:0"
"['ZheyuX']" won the round 18 (stack = {'Xun': 428, 'PlayerXinZhu': 0, 'Elvis': 0, 'ZheyuX': 3567})
player [Xun] gets hole card ['C5', 'D3'], current stack 418
player [ZheyuX] gets hole card ['CK', 'S5'], current stack 3562
Started the round 19
Street "preflop" started. (community card = [])
"ZheyuX" declared "raise:15"
"Xun" declared "call:15"
Street "flop" started. (community card = ['C7', 'H8', 'CJ'])
"ZheyuX" declared "call:0"
"Xun" declared "fold:0"
"['ZheyuX']" won the round 19 (stack = {'Xun': 413, 'PlayerXinZhu': 0, 'Elvis': 0, 'ZheyuX': 3582})
player [Xun] gets hole card ['D8', 'C5'], current stack 408
player [ZheyuX] gets hole card ['H2', 'DQ'], current stack 3572
Started the round 20
Street "preflop" started. (community card = [])
"Xun" declared "call:10"
"ZheyuX" declared "raise:15"
"Xun" declared "call:15"
Street "flop" started. (community card = ['H7', 'D5', 'SK'])
"Xun" declared "call:0"
"ZheyuX" declared "call:0"
Street "turn" started. (community card = ['H7', 'D5', 'SK', 'D9'])
"Xun" declared "fold:0"
"['ZheyuX']" won the round 20 (stack = {'Xun': 398, 'PlayerXinZhu': 0, 'Elvis': 0, 'ZheyuX': 3597})
player [Xun] gets hole card ['CQ', 'C9'], current stack 388
player [ZheyuX] gets hole card ['H7', 'S2'], current stack 3592
Started the round 21
Street "preflop" started. (community card = [])
"ZheyuX" declared "call:10"
"Xun" declared "call:10"
Street "flop" started. (community card = ['CA', 'HA', 'S5'])
"ZheyuX" declared "call:0"
"Xun" declared "call:0"
Street "turn" started. (community card = ['CA', 'HA', 'S5', 'CJ'])
"ZheyuX" declared "call:0"
"Xun" declared "call:0"
Street "river" started. (community card = ['CA', 'HA', 'S5', 'CJ', 'D8'])
"ZheyuX" declared "call:0"
"Xun" declared "fold:0"
"['ZheyuX']" won the round 21 (stack = {'Xun': 388, 'PlayerXinZhu': 0, 'Elvis': 0, 'ZheyuX': 3607})
player [Xun] gets hole card ['CQ', 'SQ'], current stack 383
player [ZheyuX] gets hole card ['S5', 'S9'], current stack 3597
Started the round 22
Street "preflop" started. (community card = [])
"Xun" declared "call:10"
"ZheyuX" declared "raise:15"
"Xun" declared "call:15"
Street "flop" started. (community card = ['S2', 'S3', 'H2'])
"Xun" declared "call:0"
"ZheyuX" declared "raise:10"
"Xun" declared "call:10"
Street "turn" started. (community card = ['S2', 'S3', 'H2', 'CT'])
"Xun" declared "call:0"
"ZheyuX" declared "call:0"
Street "river" started. (community card = ['S2', 'S3', 'H2', 'CT', 'HA'])
"Xun" declared "fold:0"
"['ZheyuX']" won the round 22 (stack = {'Xun': 363, 'PlayerXinZhu': 0, 'Elvis': 0, 'ZheyuX': 3632})
player [Xun] gets hole card ['H6', 'D7'], current stack 353
player [ZheyuX] gets hole card ['D6', 'C5'], current stack 3627
Started the round 23
Street "preflop" started. (community card = [])
"ZheyuX" declared "call:10"
"Xun" declared "call:10"
Street "flop" started. (community card = ['C6', 'ST', 'D8'])
"ZheyuX" declared "raise:10"
"Xun" declared "call:10"
Street "turn" started. (community card = ['C6', 'ST', 'D8', 'S5'])
"ZheyuX" declared "raise:10"
"Xun" declared "call:10"
Street "river" started. (community card = ['C6', 'ST', 'D8', 'S5', 'CJ'])
"ZheyuX" declared "raise:10"
"Xun" declared "fold:0"
"['ZheyuX']" won the round 23 (stack = {'Xun': 333, 'PlayerXinZhu': 0, 'Elvis': 0, 'ZheyuX': 3662})
player [Xun] gets hole card ['SJ', 'H4'], current stack 328
player [ZheyuX] gets hole card ['HQ', 'C7'], current stack 3652
Started the round 24
Street "preflop" started. (community card = [])
"Xun" declared "call:10"
"ZheyuX" declared "raise:15"
"Xun" declared "call:15"
Street "flop" started. (community card = ['D5', 'S8', 'CK'])
"Xun" declared "fold:0"
"['ZheyuX']" won the round 24 (stack = {'Xun': 318, 'PlayerXinZhu': 0, 'Elvis': 0, 'ZheyuX': 3677})
player [Xun] gets hole card ['S2', 'C5'], current stack 308
player [ZheyuX] gets hole card ['C4', 'DK'], current stack 3672
Started the round 25
Street "preflop" started. (community card = [])
"ZheyuX" declared "raise:15"
"Xun" declared "call:15"
Street "flop" started. (community card = ['DJ', 'C7', 'SQ'])
"ZheyuX" declared "call:0"
"Xun" declared "fold:0"
"['ZheyuX']" won the round 25 (stack = {'Xun': 303, 'PlayerXinZhu': 0, 'Elvis': 0, 'ZheyuX': 3692})
player [Xun] gets hole card ['C2', 'SK'], current stack 298
player [ZheyuX] gets hole card ['HQ', 'D4'], current stack 3682
Started the round 26
Street "preflop" started. (community card = [])
"Xun" declared "call:10"
"ZheyuX" declared "raise:15"
"Xun" declared "call:15"
Street "flop" started. (community card = ['S8', 'S6', 'D8'])
"Xun" declared "fold:0"
"['ZheyuX']" won the round 26 (stack = {'Xun': 288, 'PlayerXinZhu': 0, 'Elvis': 0, 'ZheyuX': 3707})
player [Xun] gets hole card ['S2', 'H8'], current stack 278
player [ZheyuX] gets hole card ['HA', 'DA'], current stack 3702
Started the round 27
Street "preflop" started. (community card = [])
"ZheyuX" declared "raise:15"
"Xun" declared "call:15"
Street "flop" started. (community card = ['S8', 'D6', 'SA'])
"ZheyuX" declared "raise:10"
"Xun" declared "call:10"
Street "turn" started. (community card = ['S8', 'D6', 'SA', 'C6'])
"ZheyuX" declared "raise:10"
"Xun" declared "fold:0"
"['ZheyuX']" won the round 27 (stack = {'Xun': 263, 'PlayerXinZhu': 0, 'Elvis': 0, 'ZheyuX': 3732})
player [Xun] gets hole card ['C7', 'C2'], current stack 258
player [ZheyuX] gets hole card ['ST', 'C9'], current stack 3722
Started the round 28
Street "preflop" started. (community card = [])
"Xun" declared "call:10"
"ZheyuX" declared "raise:15"
"Xun" declared "call:15"
Street "flop" started. (community card = ['DA', 'HT', 'H2'])
"Xun" declared "call:0"
"ZheyuX" declared "raise:10"
"Xun" declared "call:10"
Street "turn" started. (community card = ['DA', 'HT', 'H2', 'SQ'])
"Xun" declared "fold:0"
"['ZheyuX']" won the round 28 (stack = {'Xun': 238, 'PlayerXinZhu': 0, 'Elvis': 0, 'ZheyuX': 3757})
player [Xun] gets hole card ['DJ', 'CK'], current stack 228
player [ZheyuX] gets hole card ['D6', 'HT'], current stack 3752
Started the round 29
Street "preflop" started. (community card = [])
"ZheyuX" declared "raise:15"
"Xun" declared "call:15"
Street "flop" started. (community card = ['HA', 'H2', 'D3'])
"ZheyuX" declared "call:0"
"Xun" declared "fold:0"
"['ZheyuX']" won the round 29 (stack = {'Xun': 223, 'PlayerXinZhu': 0, 'Elvis': 0, 'ZheyuX': 3772})
player [Xun] gets hole card ['HA', 'SJ'], current stack 218
player [ZheyuX] gets hole card ['C6', 'C8'], current stack 3762
Started the round 30
Street "preflop" started. (community card = [])
"Xun" declared "call:10"
"ZheyuX" declared "call:10"
Street "flop" started. (community card = ['DT', 'H5', 'C9'])
"Xun" declared "call:0"
"ZheyuX" declared "call:0"
Street "turn" started. (community card = ['DT', 'H5', 'C9', 'S4'])
"Xun" declared "fold:0"
"['ZheyuX']" won the round 30 (stack = {'Xun': 213, 'PlayerXinZhu': 0, 'Elvis': 0, 'ZheyuX': 3782})
player [Xun] gets hole card ['CA', 'C9'], current stack 203
player [ZheyuX] gets hole card ['D9', 'DK'], current stack 3777
Started the round 31
Street "preflop" started. (community card = [])
"ZheyuX" declared "raise:15"
"Xun" declared "call:15"
Street "flop" started. (community card = ['H4', 'DQ', 'C3'])
"ZheyuX" declared "call:0"
"Xun" declared "call:0"
Street "turn" started. (community card = ['H4', 'DQ', 'C3', 'S7'])
"ZheyuX" declared "call:0"
"Xun" declared "fold:0"
"['ZheyuX']" won the round 31 (stack = {'Xun': 198, 'PlayerXinZhu': 0, 'Elvis': 0, 'ZheyuX': 3797})
player [Xun] gets hole card ['DQ', 'HJ'], current stack 193
player [ZheyuX] gets hole card ['HA', 'D9'], current stack 3787
Started the round 32
Street "preflop" started. (community card = [])
"Xun" declared "call:10"
"ZheyuX" declared "raise:15"
"Xun" declared "call:15"
Street "flop" started. (community card = ['C7', 'D5', 'C4'])
"Xun" declared "fold:0"
"['ZheyuX']" won the round 32 (stack = {'Xun': 183, 'PlayerXinZhu': 0, 'Elvis': 0, 'ZheyuX': 3812})
player [Xun] gets hole card ['D2', 'H7'], current stack 173
player [ZheyuX] gets hole card ['HJ', 'H2'], current stack 3807
Started the round 33
Street "preflop" started. (community card = [])
"ZheyuX" declared "raise:15"
"Xun" declared "call:15"
Street "flop" started. (community card = ['HA', 'S2', 'C8'])
"ZheyuX" declared "raise:10"
"Xun" declared "call:10"
Street "turn" started. (community card = ['HA', 'S2', 'C8', 'C2'])
"ZheyuX" declared "raise:10"
"Xun" declared "fold:0"
"['ZheyuX']" won the round 33 (stack = {'Xun': 158, 'PlayerXinZhu': 0, 'Elvis': 0, 'ZheyuX': 3837})
player [Xun] gets hole card ['H7', 'C6'], current stack 153
player [ZheyuX] gets hole card ['D4', 'D9'], current stack 3827
Started the round 34
Street "preflop" started. (community card = [])
"Xun" declared "call:10"
"ZheyuX" declared "raise:15"
"Xun" declared "call:15"
Street "flop" started. (community card = ['DQ', 'C5', 'DK'])
"Xun" declared "fold:0"
"['ZheyuX']" won the round 34 (stack = {'Xun': 143, 'PlayerXinZhu': 0, 'Elvis': 0, 'ZheyuX': 3852})
player [Xun] gets hole card ['DT', 'C9'], current stack 133
player [ZheyuX] gets hole card ['HJ', 'S4'], current stack 3847
Started the round 35
Street "preflop" started. (community card = [])
"ZheyuX" declared "raise:15"
"Xun" declared "call:15"
Street "flop" started. (community card = ['CA', 'C7', 'D6'])
"ZheyuX" declared "call:0"
"Xun" declared "call:0"
Street "turn" started. (community card = ['CA', 'C7', 'D6', 'ST'])
"ZheyuX" declared "call:0"
"Xun" declared "call:0"
Street "river" started. (community card = ['CA', 'C7', 'D6', 'ST', 'CK'])
"ZheyuX" declared "call:0"
"Xun" declared "fold:0"
"['ZheyuX']" won the round 35 (stack = {'Xun': 128, 'PlayerXinZhu': 0, 'Elvis': 0, 'ZheyuX': 3867})
player [Xun] gets hole card ['S8', 'H3'], current stack 123
player [ZheyuX] gets hole card ['H4', 'HT'], current stack 3857
Started the round 36
Street "preflop" started. (community card = [])
"Xun" declared "call:10"
"ZheyuX" declared "raise:15"
"Xun" declared "call:15"
Street "flop" started. (community card = ['HA', 'CA', 'S9'])
"Xun" declared "fold:0"
"['ZheyuX']" won the round 36 (stack = {'Xun': 113, 'PlayerXinZhu': 0, 'Elvis': 0, 'ZheyuX': 3882})
player [Xun] gets hole card ['SA', 'D5'], current stack 103
player [ZheyuX] gets hole card ['C4', 'C5'], current stack 3877
Started the round 37
Street "preflop" started. (community card = [])
"ZheyuX" declared "raise:15"
"Xun" declared "call:15"
Street "flop" started. (community card = ['C9', 'CT', 'HJ'])
"ZheyuX" declared "raise:10"
"Xun" declared "fold:0"
"['ZheyuX']" won the round 37 (stack = {'Xun': 98, 'PlayerXinZhu': 0, 'Elvis': 0, 'ZheyuX': 3897})
player [Xun] gets hole card ['C9', 'S6'], current stack 93
player [ZheyuX] gets hole card ['H7', 'C5'], current stack 3887
Started the round 38
Street "preflop" started. (community card = [])
"Xun" declared "call:10"
"ZheyuX" declared "call:10"
Street "flop" started. (community card = ['SQ', 'SJ', 'H8'])
"Xun" declared "fold:0"
"['ZheyuX']" won the round 38 (stack = {'Xun': 88, 'PlayerXinZhu': 0, 'Elvis': 0, 'ZheyuX': 3907})
player [Xun] gets hole card ['HA', 'C2'], current stack 78
player [ZheyuX] gets hole card ['HQ', 'DQ'], current stack 3902
Started the round 39
Street "preflop" started. (community card = [])
"ZheyuX" declared "raise:15"
"Xun" declared "call:15"
Street "flop" started. (community card = ['S2', 'D9', 'C4'])
"ZheyuX" declared "raise:10"
"Xun" declared "call:10"
Street "turn" started. (community card = ['S2', 'D9', 'C4', 'S8'])
"ZheyuX" declared "raise:10"
"Xun" declared "fold:0"
"['ZheyuX']" won the round 39 (stack = {'Xun': 63, 'PlayerXinZhu': 0, 'Elvis': 0, 'ZheyuX': 3932})
player [Xun] gets hole card ['DK', 'CA'], current stack 58
player [ZheyuX] gets hole card ['H4', 'SK'], current stack 3922
Started the round 40
Street "preflop" started. (community card = [])
"Xun" declared "call:10"
"ZheyuX" declared "raise:15"
"Xun" declared "call:15"
Street "flop" started. (community card = ['S5', 'C8', 'HT'])
"Xun" declared "call:0"
"ZheyuX" declared "call:0"
Street "turn" started. (community card = ['S5', 'C8', 'HT', 'C6'])
"Xun" declared "fold:0"
"['ZheyuX']" won the round 40 (stack = {'Xun': 48, 'PlayerXinZhu': 0, 'Elvis': 0, 'ZheyuX': 3947})
player [Xun] gets hole card ['DA', 'SK'], current stack 38
player [ZheyuX] gets hole card ['CK', 'H7'], current stack 3942
Started the round 41
Street "preflop" started. (community card = [])
"ZheyuX" declared "raise:15"
"Xun" declared "call:15"
Street "flop" started. (community card = ['D7', 'SQ', 'HA'])
"ZheyuX" declared "raise:10"
"Xun" declared "call:10"
Street "turn" started. (community card = ['D7', 'SQ', 'HA', 'DK'])
"ZheyuX" declared "raise:10"
"Xun" declared "fold:0"
"['ZheyuX']" won the round 41 (stack = {'Xun': 23, 'PlayerXinZhu': 0, 'Elvis': 0, 'ZheyuX': 3972})
player [Xun] gets hole card ['SK', 'H4'], current stack 18
player [ZheyuX] gets hole card ['D8', 'D9'], current stack 3962
Started the round 42
Street "preflop" started. (community card = [])
"Xun" declared "call:10"
"ZheyuX" declared "raise:15"
"Xun" declared "call:15"
Street "flop" started. (community card = ['S9', 'S8', 'CK'])
"Xun" declared "call:0"
"ZheyuX" declared "raise:10"
"Xun" declared "call:10"
Street "turn" started. (community card = ['S9', 'S8', 'CK', 'D2'])
Street "river" started. (community card = ['S9', 'S8', 'CK', 'D2', 'HA'])
"['ZheyuX']" won the round 42 (stack = {'Xun': 0, 'PlayerXinZhu': 0, 'Elvis': 0, 'ZheyuX': 3995})

Game Results:
------------------------------------------------------------
Game 1:
Winner: ZheyuX (stack: 3995)
All players' stacks:
  Xun: 0
  PlayerXinZhu: 0
  Elvis: 0
  ZheyuX: 3995
------------------------------------------------------------
