player [Xun] gets hole card ['CQ', 'C3'], current stack 1000
player [PlayerXinZhu] gets hole card ['D4', 'H6'], current stack 995
player [Elvis] gets hole card ['D5', 'H7'], current stack 990
player [ZheyuX] gets hole card ['S5', 'HK'], current stack 1000
Started the round 1
Street "preflop" started. (community card = [])
"ZheyuX" declared "call:10"
"Xun" declared "call:10"
"PlayerXinZhu" declared "raise:15"
"Elvis" declared "fold:0"
"ZheyuX" declared "call:15"
"Xun" declared "call:15"
Street "flop" started. (community card = ['DT', 'CT', 'HJ'])
"PlayerXinZhu" declared "raise:10"
"ZheyuX" declared "call:10"
"Xun" declared "call:10"
Street "turn" started. (community card = ['DT', 'CT', 'HJ', 'HA'])
"PlayerXinZhu" declared "raise:10"
"ZheyuX" declared "call:10"
"Xun" declared "fold:0"
Street "river" started. (community card = ['DT', 'CT', 'HJ', 'HA', 'C5'])
"PlayerXinZhu" declared "raise:10"
"ZheyuX" declared "raise:20"
"PlayerXinZhu" declared "raise:30"
"ZheyuX" declared "raise:40"
"PlayerXinZhu" declared "raise:50"
"ZheyuX" declared "raise:60"
"PlayerXinZhu" declared "raise:70"
"ZheyuX" declared "raise:80"
"PlayerXinZhu" declared "raise:90"
"ZheyuX" declared "raise:100"
"PlayerXinZhu" declared "raise:110"
"ZheyuX" declared "raise:120"
"PlayerXinZhu" declared "raise:130"
"ZheyuX" declared "raise:140"
"PlayerXinZhu" declared "raise:150"
"ZheyuX" declared "raise:160"
"PlayerXinZhu" declared "raise:170"
"ZheyuX" declared "raise:180"
"PlayerXinZhu" declared "raise:190"
"ZheyuX" declared "raise:200"
"PlayerXinZhu" declared "raise:210"
"ZheyuX" declared "raise:220"
"PlayerXinZhu" declared "raise:230"
"ZheyuX" declared "raise:240"
"PlayerXinZhu" declared "raise:250"
"ZheyuX" declared "raise:260"
"PlayerXinZhu" declared "raise:270"
"ZheyuX" declared "raise:280"
"PlayerXinZhu" declared "raise:290"
"ZheyuX" declared "raise:300"
"PlayerXinZhu" declared "raise:310"
"ZheyuX" declared "raise:320"
"PlayerXinZhu" declared "raise:330"
"ZheyuX" declared "raise:340"
"PlayerXinZhu" declared "raise:350"
"ZheyuX" declared "raise:360"
"PlayerXinZhu" declared "raise:370"
"ZheyuX" declared "raise:380"
"PlayerXinZhu" declared "raise:390"
"ZheyuX" declared "raise:400"
"PlayerXinZhu" declared "raise:410"
"ZheyuX" declared "raise:420"
"PlayerXinZhu" declared "raise:430"
"ZheyuX" declared "raise:440"
"PlayerXinZhu" declared "raise:450"
"ZheyuX" declared "raise:460"
"PlayerXinZhu" declared "raise:470"
"ZheyuX" declared "raise:480"
"PlayerXinZhu" declared "raise:490"
"ZheyuX" declared "raise:500"
"PlayerXinZhu" declared "raise:510"
"ZheyuX" declared "call:510"
"['ZheyuX']" won the round 1 (stack = {'Xun': 975, 'PlayerXinZhu': 455, 'Elvis': 990, 'ZheyuX': 1580})
player [Xun] gets hole card ['CT', 'D4'], current stack 975
player [PlayerXinZhu] gets hole card ['S2', 'C9'], current stack 455
player [Elvis] gets hole card ['H9', 'HK'], current stack 985
player [ZheyuX] gets hole card ['SJ', 'SQ'], current stack 1570
Started the round 2
Street "preflop" started. (community card = [])
"Xun" declared "call:10"
"PlayerXinZhu" declared "fold:0"
"Elvis" declared "raise:297"
"ZheyuX" declared "raise:584"
"Xun" declared "call:584"
"Elvis" declared "raise:871"
"ZheyuX" declared "call:871"
"Xun" declared "call:871"
Street "flop" started. (community card = ['SA', 'D5', 'H6'])
"Elvis" declared "raise:10"
"ZheyuX" declared "call:10"
"Xun" declared "fold:0"
Street "turn" started. (community card = ['SA', 'D5', 'H6', 'S4'])
"Elvis" declared "raise:10"
"ZheyuX" declared "raise:20"
"Elvis" declared "raise:109"
"ZheyuX" declared "raise:198"
Street "river" started. (community card = ['SA', 'D5', 'H6', 'S4', 'C7'])
"['Elvis']" won the round 2 (stack = {'Xun': 104, 'PlayerXinZhu': 455, 'Elvis': 2851, 'ZheyuX': 590})
player [Xun] gets hole card ['S2', 'S9'], current stack 94
player [PlayerXinZhu] gets hole card ['HJ', 'D2'], current stack 455
player [Elvis] gets hole card ['H9', 'DK'], current stack 2851
player [ZheyuX] gets hole card ['H3', 'C5'], current stack 585
Started the round 3
Street "preflop" started. (community card = [])
"PlayerXinZhu" declared "fold:0"
"Elvis" declared "raise:15"
"ZheyuX" declared "call:15"
"Xun" declared "call:15"
Street "flop" started. (community card = ['HT', 'C2', 'SQ'])
"ZheyuX" declared "call:0"
"Xun" declared "call:0"
"Elvis" declared "fold:0"
Street "turn" started. (community card = ['HT', 'C2', 'SQ', 'D9'])
"ZheyuX" declared "call:0"
"Xun" declared "call:0"
Street "river" started. (community card = ['HT', 'C2', 'SQ', 'D9', 'HK'])
"ZheyuX" declared "call:0"
"Xun" declared "fold:0"
"['ZheyuX']" won the round 3 (stack = {'Xun': 89, 'PlayerXinZhu': 455, 'Elvis': 2836, 'ZheyuX': 620})
player [Xun] gets hole card ['ST', 'H8'], current stack 84
player [PlayerXinZhu] gets hole card ['SQ', 'DJ'], current stack 445
player [Elvis] gets hole card ['CA', 'D8'], current stack 2836
player [ZheyuX] gets hole card ['CT', 'SA'], current stack 620
Started the round 4
Street "preflop" started. (community card = [])
"Elvis" declared "fold:0"
"ZheyuX" declared "raise:15"
"Xun" declared "call:15"
"PlayerXinZhu" declared "raise:130"
"ZheyuX" declared "raise:245"
"Xun" declared "call:245"
"PlayerXinZhu" declared "call:245"
Street "flop" started. (community card = ['C6', 'S7', 'D3'])
"PlayerXinZhu" declared "raise:152"
"ZheyuX" declared "call:152"
Street "turn" started. (community card = ['C6', 'S7', 'D3', 'DQ'])
"PlayerXinZhu" declared "call:0"
"ZheyuX" declared "call:0"
Street "river" started. (community card = ['C6', 'S7', 'D3', 'DQ', 'S4'])
"PlayerXinZhu" declared "raise:46"
"ZheyuX" declared "call:46"
"['PlayerXinZhu']" won the round 4 (stack = {'Xun': 0, 'PlayerXinZhu': 987, 'Elvis': 2836, 'ZheyuX': 177})
player [PlayerXinZhu] gets hole card ['S3', 'SA'], current stack 987
player [Elvis] gets hole card ['HJ', 'S7'], current stack 2831
player [ZheyuX] gets hole card ['S2', 'H7'], current stack 167
Started the round 5
Street "preflop" started. (community card = [])
"PlayerXinZhu" declared "raise:15"
"Elvis" declared "fold:0"
"ZheyuX" declared "call:15"
Street "flop" started. (community card = ['D3', 'C4', 'C8'])
"ZheyuX" declared "call:0"
"PlayerXinZhu" declared "raise:10"
"ZheyuX" declared "call:10"
Street "turn" started. (community card = ['D3', 'C4', 'C8', 'C3'])
"ZheyuX" declared "call:0"
"PlayerXinZhu" declared "raise:10"
"ZheyuX" declared "call:10"
Street "river" started. (community card = ['D3', 'C4', 'C8', 'C3', 'ST'])
"ZheyuX" declared "call:0"
"PlayerXinZhu" declared "raise:10"
"ZheyuX" declared "call:10"
"['PlayerXinZhu']" won the round 5 (stack = {'Xun': 0, 'PlayerXinZhu': 1037, 'Elvis': 2831, 'ZheyuX': 132})
player [PlayerXinZhu] gets hole card ['S8', 'C5'], current stack 1027
player [Elvis] gets hole card ['HQ', 'C6'], current stack 2831
player [ZheyuX] gets hole card ['HK', 'C8'], current stack 127
Started the round 6
Street "preflop" started. (community card = [])
"Elvis" declared "raise:15"
"ZheyuX" declared "call:15"
"PlayerXinZhu" declared "fold:0"
Street "flop" started. (community card = ['S4', 'DQ', 'S7'])
"ZheyuX" declared "raise:10"
"Elvis" declared "raise:883"
"ZheyuX" declared "call:883"
Street "turn" started. (community card = ['S4', 'DQ', 'S7', 'D8'])
Street "river" started. (community card = ['S4', 'DQ', 'S7', 'D8', 'S9'])
"['Elvis']" won the round 6 (stack = {'Xun': 0, 'PlayerXinZhu': 1027, 'Elvis': 2973, 'ZheyuX': 0})
player [PlayerXinZhu] gets hole card ['D4', 'C8'], current stack 1017
player [Elvis] gets hole card ['SQ', 'C3'], current stack 2968
Started the round 7
Street "preflop" started. (community card = [])
"Elvis" declared "fold:0"
"['PlayerXinZhu']" won the round 7 (stack = {'Xun': 0, 'PlayerXinZhu': 1032, 'Elvis': 2968, 'ZheyuX': 0})
player [PlayerXinZhu] gets hole card ['C9', 'CK'], current stack 1027
player [Elvis] gets hole card ['CT', 'HA'], current stack 2958
Started the round 8
Street "preflop" started. (community card = [])
"PlayerXinZhu" declared "fold:0"
"['Elvis']" won the round 8 (stack = {'Xun': 0, 'PlayerXinZhu': 1027, 'Elvis': 2973, 'ZheyuX': 0})
player [PlayerXinZhu] gets hole card ['H6', 'S6'], current stack 1017
player [Elvis] gets hole card ['HK', 'S9'], current stack 2968
Started the round 9
Street "preflop" started. (community card = [])
"Elvis" declared "raise:1783"
"PlayerXinZhu" declared "fold:0"
"['Elvis']" won the round 9 (stack = {'Xun': 0, 'PlayerXinZhu': 1017, 'Elvis': 2983, 'ZheyuX': 0})
player [PlayerXinZhu] gets hole card ['S5', 'S9'], current stack 1012
player [Elvis] gets hole card ['H2', 'ST'], current stack 2973
Started the round 10
Street "preflop" started. (community card = [])
"PlayerXinZhu" declared "fold:0"
"['Elvis']" won the round 10 (stack = {'Xun': 0, 'PlayerXinZhu': 1012, 'Elvis': 2988, 'ZheyuX': 0})
player [PlayerXinZhu] gets hole card ['S4', 'H3'], current stack 1002
player [Elvis] gets hole card ['C3', 'H9'], current stack 2983
Started the round 11
Street "preflop" started. (community card = [])
"Elvis" declared "fold:0"
"['PlayerXinZhu']" won the round 11 (stack = {'Xun': 0, 'PlayerXinZhu': 1017, 'Elvis': 2983, 'ZheyuX': 0})
player [PlayerXinZhu] gets hole card ['DK', 'H4'], current stack 1012
player [Elvis] gets hole card ['D4', 'C3'], current stack 2973
Started the round 12
Street "preflop" started. (community card = [])
"PlayerXinZhu" declared "fold:0"
"['Elvis']" won the round 12 (stack = {'Xun': 0, 'PlayerXinZhu': 1012, 'Elvis': 2988, 'ZheyuX': 0})
player [PlayerXinZhu] gets hole card ['CT', 'D5'], current stack 1002
player [Elvis] gets hole card ['HA', 'H3'], current stack 2983
Started the round 13
Street "preflop" started. (community card = [])
"Elvis" declared "call:10"
"PlayerXinZhu" declared "fold:0"
"['Elvis']" won the round 13 (stack = {'Xun': 0, 'PlayerXinZhu': 1002, 'Elvis': 2998, 'ZheyuX': 0})
player [PlayerXinZhu] gets hole card ['DT', 'C5'], current stack 997
player [Elvis] gets hole card ['C3', 'C4'], current stack 2988
Started the round 14
Street "preflop" started. (community card = [])
"PlayerXinZhu" declared "fold:0"
"['Elvis']" won the round 14 (stack = {'Xun': 0, 'PlayerXinZhu': 997, 'Elvis': 3003, 'ZheyuX': 0})
player [PlayerXinZhu] gets hole card ['H8', 'CK'], current stack 987
player [Elvis] gets hole card ['SA', 'C3'], current stack 2998
Started the round 15
Street "preflop" started. (community card = [])
"Elvis" declared "raise:2252"
"PlayerXinZhu" declared "fold:0"
"['Elvis']" won the round 15 (stack = {'Xun': 0, 'PlayerXinZhu': 987, 'Elvis': 3013, 'ZheyuX': 0})
player [PlayerXinZhu] gets hole card ['DA', 'D6'], current stack 982
player [Elvis] gets hole card ['SQ', 'S3'], current stack 3003
Started the round 16
Street "preflop" started. (community card = [])
"PlayerXinZhu" declared "fold:0"
"['Elvis']" won the round 16 (stack = {'Xun': 0, 'PlayerXinZhu': 982, 'Elvis': 3018, 'ZheyuX': 0})
player [PlayerXinZhu] gets hole card ['D3', 'DT'], current stack 972
player [Elvis] gets hole card ['S6', 'D8'], current stack 3013
Started the round 17
Street "preflop" started. (community card = [])
"Elvis" declared "raise:2263"
"PlayerXinZhu" declared "fold:0"
"['Elvis']" won the round 17 (stack = {'Xun': 0, 'PlayerXinZhu': 972, 'Elvis': 3028, 'ZheyuX': 0})
player [PlayerXinZhu] gets hole card ['HT', 'ST'], current stack 967
player [Elvis] gets hole card ['DT', 'C6'], current stack 3018
Started the round 18
Street "preflop" started. (community card = [])
"PlayerXinZhu" declared "fold:0"
"['Elvis']" won the round 18 (stack = {'Xun': 0, 'PlayerXinZhu': 967, 'Elvis': 3033, 'ZheyuX': 0})
player [PlayerXinZhu] gets hole card ['HA', 'C9'], current stack 957
player [Elvis] gets hole card ['HQ', 'SA'], current stack 3028
Started the round 19
Street "preflop" started. (community card = [])
"Elvis" declared "raise:2274"
"PlayerXinZhu" declared "fold:0"
"['Elvis']" won the round 19 (stack = {'Xun': 0, 'PlayerXinZhu': 957, 'Elvis': 3043, 'ZheyuX': 0})
player [PlayerXinZhu] gets hole card ['H6', 'S8'], current stack 952
player [Elvis] gets hole card ['D9', 'C8'], current stack 3033
Started the round 20
Street "preflop" started. (community card = [])
"PlayerXinZhu" declared "fold:0"
"['Elvis']" won the round 20 (stack = {'Xun': 0, 'PlayerXinZhu': 952, 'Elvis': 3048, 'ZheyuX': 0})
player [PlayerXinZhu] gets hole card ['D7', 'DQ'], current stack 942
player [Elvis] gets hole card ['SQ', 'C9'], current stack 3043
Started the round 21
Street "preflop" started. (community card = [])
"Elvis" declared "raise:2286"
"PlayerXinZhu" declared "fold:0"
"['Elvis']" won the round 21 (stack = {'Xun': 0, 'PlayerXinZhu': 942, 'Elvis': 3058, 'ZheyuX': 0})
player [PlayerXinZhu] gets hole card ['DT', 'CA'], current stack 937
player [Elvis] gets hole card ['DA', 'D4'], current stack 3048
Started the round 22
Street "preflop" started. (community card = [])
"PlayerXinZhu" declared "fold:0"
"['Elvis']" won the round 22 (stack = {'Xun': 0, 'PlayerXinZhu': 937, 'Elvis': 3063, 'ZheyuX': 0})
player [PlayerXinZhu] gets hole card ['DT', 'D8'], current stack 927
player [Elvis] gets hole card ['H7', 'CJ'], current stack 3058
Started the round 23
Street "preflop" started. (community card = [])
"Elvis" declared "fold:0"
"['PlayerXinZhu']" won the round 23 (stack = {'Xun': 0, 'PlayerXinZhu': 942, 'Elvis': 3058, 'ZheyuX': 0})
player [PlayerXinZhu] gets hole card ['HT', 'S3'], current stack 937
player [Elvis] gets hole card ['C3', 'SJ'], current stack 3048
Started the round 24
Street "preflop" started. (community card = [])
"PlayerXinZhu" declared "fold:0"
"['Elvis']" won the round 24 (stack = {'Xun': 0, 'PlayerXinZhu': 937, 'Elvis': 3063, 'ZheyuX': 0})
player [PlayerXinZhu] gets hole card ['C5', 'SK'], current stack 927
player [Elvis] gets hole card ['S5', 'S4'], current stack 3058
Started the round 25
Street "preflop" started. (community card = [])
"Elvis" declared "fold:0"
"['PlayerXinZhu']" won the round 25 (stack = {'Xun': 0, 'PlayerXinZhu': 942, 'Elvis': 3058, 'ZheyuX': 0})
player [PlayerXinZhu] gets hole card ['C8', 'CK'], current stack 937
player [Elvis] gets hole card ['D3', 'DA'], current stack 3048
Started the round 26
Street "preflop" started. (community card = [])
"PlayerXinZhu" declared "fold:0"
"['Elvis']" won the round 26 (stack = {'Xun': 0, 'PlayerXinZhu': 937, 'Elvis': 3063, 'ZheyuX': 0})
player [PlayerXinZhu] gets hole card ['SJ', 'DJ'], current stack 927
player [Elvis] gets hole card ['HA', 'S6'], current stack 3058
Started the round 27
Street "preflop" started. (community card = [])
"Elvis" declared "call:10"
"PlayerXinZhu" declared "fold:0"
"['Elvis']" won the round 27 (stack = {'Xun': 0, 'PlayerXinZhu': 927, 'Elvis': 3073, 'ZheyuX': 0})
player [PlayerXinZhu] gets hole card ['D4', 'CT'], current stack 922
player [Elvis] gets hole card ['CQ', 'C9'], current stack 3063
Started the round 28
Street "preflop" started. (community card = [])
"PlayerXinZhu" declared "fold:0"
"['Elvis']" won the round 28 (stack = {'Xun': 0, 'PlayerXinZhu': 922, 'Elvis': 3078, 'ZheyuX': 0})
player [PlayerXinZhu] gets hole card ['CQ', 'S2'], current stack 912
player [Elvis] gets hole card ['C5', 'H4'], current stack 3073
Started the round 29
Street "preflop" started. (community card = [])
"Elvis" declared "raise:2308"
"PlayerXinZhu" declared "fold:0"
"['Elvis']" won the round 29 (stack = {'Xun': 0, 'PlayerXinZhu': 912, 'Elvis': 3088, 'ZheyuX': 0})
player [PlayerXinZhu] gets hole card ['S6', 'D2'], current stack 907
player [Elvis] gets hole card ['CJ', 'CK'], current stack 3078
Started the round 30
Street "preflop" started. (community card = [])
"PlayerXinZhu" declared "fold:0"
"['Elvis']" won the round 30 (stack = {'Xun': 0, 'PlayerXinZhu': 907, 'Elvis': 3093, 'ZheyuX': 0})
player [PlayerXinZhu] gets hole card ['HJ', 'CQ'], current stack 897
player [Elvis] gets hole card ['C6', 'SJ'], current stack 3088
Started the round 31
Street "preflop" started. (community card = [])
"Elvis" declared "call:10"
"PlayerXinZhu" declared "fold:0"
"['Elvis']" won the round 31 (stack = {'Xun': 0, 'PlayerXinZhu': 897, 'Elvis': 3103, 'ZheyuX': 0})
player [PlayerXinZhu] gets hole card ['SK', 'S6'], current stack 892
player [Elvis] gets hole card ['HA', 'H7'], current stack 3093
Started the round 32
Street "preflop" started. (community card = [])
"PlayerXinZhu" declared "fold:0"
"['Elvis']" won the round 32 (stack = {'Xun': 0, 'PlayerXinZhu': 892, 'Elvis': 3108, 'ZheyuX': 0})
player [PlayerXinZhu] gets hole card ['S8', 'SJ'], current stack 882
player [Elvis] gets hole card ['SA', 'D5'], current stack 3103
Started the round 33
Street "preflop" started. (community card = [])
"Elvis" declared "call:10"
"PlayerXinZhu" declared "fold:0"
"['Elvis']" won the round 33 (stack = {'Xun': 0, 'PlayerXinZhu': 882, 'Elvis': 3118, 'ZheyuX': 0})
player [PlayerXinZhu] gets hole card ['H5', 'H3'], current stack 877
player [Elvis] gets hole card ['S8', 'D3'], current stack 3108
Started the round 34
Street "preflop" started. (community card = [])
"PlayerXinZhu" declared "fold:0"
"['Elvis']" won the round 34 (stack = {'Xun': 0, 'PlayerXinZhu': 877, 'Elvis': 3123, 'ZheyuX': 0})
player [PlayerXinZhu] gets hole card ['H9', 'ST'], current stack 867
player [Elvis] gets hole card ['D7', 'S9'], current stack 3118
Started the round 35
Street "preflop" started. (community card = [])
"Elvis" declared "fold:0"
"['PlayerXinZhu']" won the round 35 (stack = {'Xun': 0, 'PlayerXinZhu': 882, 'Elvis': 3118, 'ZheyuX': 0})
player [PlayerXinZhu] gets hole card ['SQ', 'D6'], current stack 877
player [Elvis] gets hole card ['DT', 'SJ'], current stack 3108
Started the round 36
Street "preflop" started. (community card = [])
"PlayerXinZhu" declared "fold:0"
"['Elvis']" won the round 36 (stack = {'Xun': 0, 'PlayerXinZhu': 877, 'Elvis': 3123, 'ZheyuX': 0})
player [PlayerXinZhu] gets hole card ['SA', 'H7'], current stack 867
player [Elvis] gets hole card ['H9', 'HT'], current stack 3118
Started the round 37
Street "preflop" started. (community card = [])
"Elvis" declared "call:10"
"PlayerXinZhu" declared "fold:0"
"['Elvis']" won the round 37 (stack = {'Xun': 0, 'PlayerXinZhu': 867, 'Elvis': 3133, 'ZheyuX': 0})
player [PlayerXinZhu] gets hole card ['DK', 'C9'], current stack 862
player [Elvis] gets hole card ['S3', 'C6'], current stack 3123
Started the round 38
Street "preflop" started. (community card = [])
"PlayerXinZhu" declared "fold:0"
"['Elvis']" won the round 38 (stack = {'Xun': 0, 'PlayerXinZhu': 862, 'Elvis': 3138, 'ZheyuX': 0})
player [PlayerXinZhu] gets hole card ['HK', 'C5'], current stack 852
player [Elvis] gets hole card ['S9', 'S6'], current stack 3133
Started the round 39
Street "preflop" started. (community card = [])
"Elvis" declared "raise:2353"
"PlayerXinZhu" declared "fold:0"
"['Elvis']" won the round 39 (stack = {'Xun': 0, 'PlayerXinZhu': 852, 'Elvis': 3148, 'ZheyuX': 0})
player [PlayerXinZhu] gets hole card ['HA', 'D5'], current stack 847
player [Elvis] gets hole card ['CA', 'C5'], current stack 3138
Started the round 40
Street "preflop" started. (community card = [])
"PlayerXinZhu" declared "fold:0"
"['Elvis']" won the round 40 (stack = {'Xun': 0, 'PlayerXinZhu': 847, 'Elvis': 3153, 'ZheyuX': 0})
player [PlayerXinZhu] gets hole card ['H3', 'C6'], current stack 837
player [Elvis] gets hole card ['C8', 'S9'], current stack 3148
Started the round 41
Street "preflop" started. (community card = [])
"Elvis" declared "raise:2364"
"PlayerXinZhu" declared "fold:0"
"['Elvis']" won the round 41 (stack = {'Xun': 0, 'PlayerXinZhu': 837, 'Elvis': 3163, 'ZheyuX': 0})
player [PlayerXinZhu] gets hole card ['HK', 'H5'], current stack 832
player [Elvis] gets hole card ['CQ', 'H4'], current stack 3153
Started the round 42
Street "preflop" started. (community card = [])
"PlayerXinZhu" declared "fold:0"
"['Elvis']" won the round 42 (stack = {'Xun': 0, 'PlayerXinZhu': 832, 'Elvis': 3168, 'ZheyuX': 0})
player [PlayerXinZhu] gets hole card ['S7', 'C4'], current stack 822
player [Elvis] gets hole card ['C7', 'CQ'], current stack 3163
Started the round 43
Street "preflop" started. (community card = [])
"Elvis" declared "raise:2376"
"PlayerXinZhu" declared "fold:0"
"['Elvis']" won the round 43 (stack = {'Xun': 0, 'PlayerXinZhu': 822, 'Elvis': 3178, 'ZheyuX': 0})
player [PlayerXinZhu] gets hole card ['D3', 'S7'], current stack 817
player [Elvis] gets hole card ['D7', 'H8'], current stack 3168
Started the round 44
Street "preflop" started. (community card = [])
"PlayerXinZhu" declared "fold:0"
"['Elvis']" won the round 44 (stack = {'Xun': 0, 'PlayerXinZhu': 817, 'Elvis': 3183, 'ZheyuX': 0})
player [PlayerXinZhu] gets hole card ['C7', 'HT'], current stack 807
player [Elvis] gets hole card ['S5', 'SQ'], current stack 3178
Started the round 45
Street "preflop" started. (community card = [])
"Elvis" declared "raise:2387"
"PlayerXinZhu" declared "fold:0"
"['Elvis']" won the round 45 (stack = {'Xun': 0, 'PlayerXinZhu': 807, 'Elvis': 3193, 'ZheyuX': 0})
player [PlayerXinZhu] gets hole card ['D6', 'HK'], current stack 802
player [Elvis] gets hole card ['CA', 'SQ'], current stack 3183
Started the round 46
Street "preflop" started. (community card = [])
"PlayerXinZhu" declared "fold:0"
"['Elvis']" won the round 46 (stack = {'Xun': 0, 'PlayerXinZhu': 802, 'Elvis': 3198, 'ZheyuX': 0})
player [PlayerXinZhu] gets hole card ['H8', 'CK'], current stack 792
player [Elvis] gets hole card ['C2', 'C8'], current stack 3193
Started the round 47
Street "preflop" started. (community card = [])
"Elvis" declared "fold:0"
"['PlayerXinZhu']" won the round 47 (stack = {'Xun': 0, 'PlayerXinZhu': 807, 'Elvis': 3193, 'ZheyuX': 0})
player [PlayerXinZhu] gets hole card ['C2', 'S4'], current stack 802
player [Elvis] gets hole card ['C3', 'S8'], current stack 3183
Started the round 48
Street "preflop" started. (community card = [])
"PlayerXinZhu" declared "fold:0"
"['Elvis']" won the round 48 (stack = {'Xun': 0, 'PlayerXinZhu': 802, 'Elvis': 3198, 'ZheyuX': 0})
player [PlayerXinZhu] gets hole card ['C6', 'C8'], current stack 792
player [Elvis] gets hole card ['DQ', 'H8'], current stack 3193
Started the round 49
Street "preflop" started. (community card = [])
"Elvis" declared "raise:2398"
"PlayerXinZhu" declared "fold:0"
"['Elvis']" won the round 49 (stack = {'Xun': 0, 'PlayerXinZhu': 792, 'Elvis': 3208, 'ZheyuX': 0})
player [PlayerXinZhu] gets hole card ['H5', 'DK'], current stack 787
player [Elvis] gets hole card ['C5', 'H4'], current stack 3198
Started the round 50
Street "preflop" started. (community card = [])
"PlayerXinZhu" declared "fold:0"
"['Elvis']" won the round 50 (stack = {'Xun': 0, 'PlayerXinZhu': 787, 'Elvis': 3213, 'ZheyuX': 0})

Game Results:
------------------------------------------------------------
Game 1:
Winner: Elvis (stack: 3213)
All players' stacks:
  Xun: 0
  PlayerXinZhu: 787
  Elvis: 3213
  ZheyuX: 0
------------------------------------------------------------
