player [Xun] gets hole card ['C2', 'D2'], current stack 1000
player [PlayerXinZhu] gets hole card ['HK', 'H8'], current stack 995
player [Elvis] gets hole card ['H3', 'C4'], current stack 990
player [ZheyuX] gets hole card ['H7', 'D4'], current stack 1000
Started the round 1
Street "preflop" started. (community card = [])
"ZheyuX" declared "call:10"
"Xun" declared "call:10"
"PlayerXinZhu" declared "raise:15"
"Elvis" declared "fold:0"
"ZheyuX" declared "call:15"
"Xun" declared "call:15"
Street "flop" started. (community card = ['D9', 'S6', 'H4'])
"PlayerXinZhu" declared "raise:10"
"ZheyuX" declared "call:10"
"Xun" declared "fold:0"
Street "turn" started. (community card = ['D9', 'S6', 'H4', 'H9'])
"PlayerXinZhu" declared "raise:10"
"ZheyuX" declared "raise:20"
"PlayerXinZhu" declared "raise:30"
"ZheyuX" declared "raise:40"
"PlayerXinZhu" declared "raise:50"
"ZheyuX" declared "raise:60"
"PlayerXinZhu" declared "raise:70"
"ZheyuX" declared "raise:80"
"PlayerXinZhu" declared "raise:90"
"ZheyuX" declared "raise:100"
"PlayerXinZhu" declared "raise:110"
"ZheyuX" declared "raise:120"
"PlayerXinZhu" declared "raise:130"
"ZheyuX" declared "raise:140"
"PlayerXinZhu" declared "raise:150"
"ZheyuX" declared "raise:160"
"PlayerXinZhu" declared "raise:170"
"ZheyuX" declared "raise:180"
"PlayerXinZhu" declared "raise:190"
"ZheyuX" declared "raise:200"
"PlayerXinZhu" declared "raise:210"
"ZheyuX" declared "raise:220"
"PlayerXinZhu" declared "raise:230"
"ZheyuX" declared "raise:240"
"PlayerXinZhu" declared "raise:250"
"ZheyuX" declared "raise:260"
"PlayerXinZhu" declared "raise:270"
"ZheyuX" declared "raise:280"
"PlayerXinZhu" declared "raise:290"
"ZheyuX" declared "raise:300"
"PlayerXinZhu" declared "raise:310"
"ZheyuX" declared "raise:320"
"PlayerXinZhu" declared "raise:330"
"ZheyuX" declared "raise:340"
"PlayerXinZhu" declared "raise:350"
"ZheyuX" declared "raise:360"
"PlayerXinZhu" declared "raise:370"
"ZheyuX" declared "raise:380"
"PlayerXinZhu" declared "raise:390"
"ZheyuX" declared "raise:400"
"PlayerXinZhu" declared "raise:410"
"ZheyuX" declared "raise:420"
"PlayerXinZhu" declared "raise:430"
"ZheyuX" declared "raise:440"
"PlayerXinZhu" declared "raise:450"
"ZheyuX" declared "raise:460"
"PlayerXinZhu" declared "raise:470"
"ZheyuX" declared "raise:480"
"PlayerXinZhu" declared "raise:490"
"ZheyuX" declared "raise:500"
"PlayerXinZhu" declared "raise:510"
"ZheyuX" declared "call:510"
Street "river" started. (community card = ['D9', 'S6', 'H4', 'H9', 'C7'])
"PlayerXinZhu" declared "raise:10"
"ZheyuX" declared "raise:20"
"PlayerXinZhu" declared "raise:30"
"ZheyuX" declared "raise:40"
"PlayerXinZhu" declared "raise:50"
"ZheyuX" declared "raise:60"
"PlayerXinZhu" declared "raise:70"
"ZheyuX" declared "raise:80"
"PlayerXinZhu" declared "raise:90"
"ZheyuX" declared "raise:100"
"PlayerXinZhu" declared "raise:110"
"ZheyuX" declared "raise:120"
"PlayerXinZhu" declared "raise:130"
"ZheyuX" declared "raise:140"
"PlayerXinZhu" declared "raise:150"
"ZheyuX" declared "raise:160"
"PlayerXinZhu" declared "raise:170"
"ZheyuX" declared "raise:180"
"PlayerXinZhu" declared "raise:190"
"ZheyuX" declared "raise:200"
"PlayerXinZhu" declared "raise:210"
"ZheyuX" declared "raise:220"
"PlayerXinZhu" declared "raise:230"
"ZheyuX" declared "raise:240"
"PlayerXinZhu" declared "raise:250"
"ZheyuX" declared "raise:260"
"PlayerXinZhu" declared "raise:270"
"ZheyuX" declared "raise:280"
"PlayerXinZhu" declared "raise:290"
"ZheyuX" declared "raise:300"
"PlayerXinZhu" declared "raise:310"
"ZheyuX" declared "raise:320"
"PlayerXinZhu" declared "raise:330"
"ZheyuX" declared "raise:340"
"PlayerXinZhu" declared "raise:350"
"ZheyuX" declared "raise:360"
"PlayerXinZhu" declared "raise:370"
"ZheyuX" declared "raise:380"
"PlayerXinZhu" declared "raise:390"
"ZheyuX" declared "raise:400"
"PlayerXinZhu" declared "raise:410"
"ZheyuX" declared "raise:420"
"PlayerXinZhu" declared "raise:430"
"ZheyuX" declared "raise:440"
"PlayerXinZhu" declared "raise:450"
"ZheyuX" declared "raise:460"
"PlayerXinZhu" declared "call:460"
"['ZheyuX']" won the round 1 (stack = {'Xun': 985, 'PlayerXinZhu': 5, 'Elvis': 990, 'ZheyuX': 2020})
player [Xun] gets hole card ['HK', 'SA'], current stack 985
player [PlayerXinZhu] gets hole card ['H4', 'C6'], current stack 5
player [Elvis] gets hole card ['DK', 'C9'], current stack 985
player [ZheyuX] gets hole card ['HQ', 'H5'], current stack 2010
Started the round 2
Street "preflop" started. (community card = [])
"Xun" declared "call:10"
"PlayerXinZhu" declared "fold:0"
"Elvis" declared "raise:742"
"ZheyuX" declared "call:742"
"Xun" declared "call:742"
Street "flop" started. (community card = ['CQ', 'S2', 'S7'])
"Elvis" declared "raise:10"
"ZheyuX" declared "raise:20"
"Xun" declared "call:20"
"Elvis" declared "fold:0"
Street "turn" started. (community card = ['CQ', 'S2', 'S7', 'CK'])
"ZheyuX" declared "raise:10"
"Xun" declared "call:10"
Street "river" started. (community card = ['CQ', 'S2', 'S7', 'CK', 'S3'])
"ZheyuX" declared "raise:10"
"Xun" declared "call:10"
"['Xun']" won the round 2 (stack = {'Xun': 2519, 'PlayerXinZhu': 5, 'Elvis': 238, 'ZheyuX': 1238})
player [Xun] gets hole card ['H5', 'SA'], current stack 2509
player [PlayerXinZhu] gets hole card ['C7', 'D8'], current stack 5
player [Elvis] gets hole card ['C4', 'C8'], current stack 238
player [ZheyuX] gets hole card ['ST', 'S2'], current stack 1233
Started the round 3
Street "preflop" started. (community card = [])
"PlayerXinZhu" declared "fold:0"
"Elvis" declared "raise:15"
"ZheyuX" declared "call:15"
"Xun" declared "call:15"
Street "flop" started. (community card = ['D9', 'S4', 'SJ'])
"ZheyuX" declared "call:0"
"Xun" declared "fold:0"
"Elvis" declared "raise:10"
"ZheyuX" declared "raise:20"
"Elvis" declared "raise:45"
"ZheyuX" declared "raise:70"
"Elvis" declared "raise:95"
"ZheyuX" declared "raise:120"
"Elvis" declared "call:120"
Street "turn" started. (community card = ['D9', 'S4', 'SJ', 'S8'])
"ZheyuX" declared "raise:10"
"Elvis" declared "raise:30"
"ZheyuX" declared "raise:50"
"Elvis" declared "raise:72"
"ZheyuX" declared "raise:94"
"Elvis" declared "call:94"
Street "river" started. (community card = ['D9', 'S4', 'SJ', 'S8', 'HQ'])
"ZheyuX" declared "raise:10"
"Elvis" declared "call:10"
"['ZheyuX']" won the round 3 (stack = {'Xun': 2504, 'PlayerXinZhu': 5, 'Elvis': 0, 'ZheyuX': 1491})
player [Xun] gets hole card ['D2', 'H2'], current stack 2499
player [ZheyuX] gets hole card ['DT', 'H6'], current stack 1481
Started the round 4
Street "preflop" started. (community card = [])
"Xun" declared "call:10"
"ZheyuX" declared "call:10"
Street "flop" started. (community card = ['D4', 'DJ', 'S4'])
"Xun" declared "fold:0"
"['ZheyuX']" won the round 4 (stack = {'Xun': 2494, 'PlayerXinZhu': 0, 'Elvis': 0, 'ZheyuX': 1501})
player [Xun] gets hole card ['HT', 'H7'], current stack 2484
player [ZheyuX] gets hole card ['HK', 'D9'], current stack 1496
Started the round 5
Street "preflop" started. (community card = [])
"ZheyuX" declared "call:10"
"Xun" declared "call:10"
Street "flop" started. (community card = ['C5', 'H6', 'H5'])
"ZheyuX" declared "call:0"
"Xun" declared "call:0"
Street "turn" started. (community card = ['C5', 'H6', 'H5', 'C4'])
"ZheyuX" declared "call:0"
"Xun" declared "call:0"
Street "river" started. (community card = ['C5', 'H6', 'H5', 'C4', 'S8'])
"ZheyuX" declared "call:0"
"Xun" declared "call:0"
"['Xun']" won the round 5 (stack = {'Xun': 2504, 'PlayerXinZhu': 0, 'Elvis': 0, 'ZheyuX': 1491})
player [Xun] gets hole card ['D6', 'DA'], current stack 2499
player [ZheyuX] gets hole card ['DT', 'DK'], current stack 1481
Started the round 6
Street "preflop" started. (community card = [])
"Xun" declared "call:10"
"ZheyuX" declared "raise:15"
"Xun" declared "call:15"
Street "flop" started. (community card = ['S2', 'D8', 'D7'])
"Xun" declared "call:0"
"ZheyuX" declared "raise:10"
"Xun" declared "call:10"
Street "turn" started. (community card = ['S2', 'D8', 'D7', 'SA'])
"Xun" declared "call:0"
"ZheyuX" declared "call:0"
Street "river" started. (community card = ['S2', 'D8', 'D7', 'SA', 'S4'])
"Xun" declared "call:0"
"ZheyuX" declared "call:0"
"['Xun']" won the round 6 (stack = {'Xun': 2529, 'PlayerXinZhu': 0, 'Elvis': 0, 'ZheyuX': 1466})
player [Xun] gets hole card ['HT', 'S5'], current stack 2519
player [ZheyuX] gets hole card ['HA', 'DT'], current stack 1461
Started the round 7
Street "preflop" started. (community card = [])
"ZheyuX" declared "raise:15"
"Xun" declared "call:15"
Street "flop" started. (community card = ['HQ', 'D3', 'S4'])
"ZheyuX" declared "call:0"
"Xun" declared "fold:0"
"['ZheyuX']" won the round 7 (stack = {'Xun': 2514, 'PlayerXinZhu': 0, 'Elvis': 0, 'ZheyuX': 1481})
player [Xun] gets hole card ['H5', 'CA'], current stack 2509
player [ZheyuX] gets hole card ['C6', 'D3'], current stack 1471
Started the round 8
Street "preflop" started. (community card = [])
"Xun" declared "call:10"
"ZheyuX" declared "call:10"
Street "flop" started. (community card = ['S7', 'C4', 'SJ'])
"Xun" declared "fold:0"
"['ZheyuX']" won the round 8 (stack = {'Xun': 2504, 'PlayerXinZhu': 0, 'Elvis': 0, 'ZheyuX': 1491})
player [Xun] gets hole card ['H8', 'DA'], current stack 2494
player [ZheyuX] gets hole card ['C2', 'SA'], current stack 1486
Started the round 9
Street "preflop" started. (community card = [])
"ZheyuX" declared "raise:15"
"Xun" declared "call:15"
Street "flop" started. (community card = ['SJ', 'D3', 'CQ'])
"ZheyuX" declared "call:0"
"Xun" declared "fold:0"
"['ZheyuX']" won the round 9 (stack = {'Xun': 2489, 'PlayerXinZhu': 0, 'Elvis': 0, 'ZheyuX': 1506})
player [Xun] gets hole card ['DT', 'H2'], current stack 2484
player [ZheyuX] gets hole card ['D5', 'HA'], current stack 1496
Started the round 10
Street "preflop" started. (community card = [])
"Xun" declared "call:10"
"ZheyuX" declared "raise:15"
"Xun" declared "call:15"
Street "flop" started. (community card = ['DK', 'C7', 'C5'])
"Xun" declared "fold:0"
"['ZheyuX']" won the round 10 (stack = {'Xun': 2474, 'PlayerXinZhu': 0, 'Elvis': 0, 'ZheyuX': 1521})
player [Xun] gets hole card ['D4', 'D7'], current stack 2464
player [ZheyuX] gets hole card ['S5', 'SJ'], current stack 1516
Started the round 11
Street "preflop" started. (community card = [])
"ZheyuX" declared "call:10"
"Xun" declared "call:10"
Street "flop" started. (community card = ['S3', 'S8', 'CK'])
"ZheyuX" declared "raise:10"
"Xun" declared "fold:0"
"['ZheyuX']" won the round 11 (stack = {'Xun': 2464, 'PlayerXinZhu': 0, 'Elvis': 0, 'ZheyuX': 1531})
player [Xun] gets hole card ['DA', 'C4'], current stack 2459
player [ZheyuX] gets hole card ['D2', 'CA'], current stack 1521
Started the round 12
Street "preflop" started. (community card = [])
"Xun" declared "call:10"
"ZheyuX" declared "raise:15"
"Xun" declared "call:15"
Street "flop" started. (community card = ['D6', 'SK', 'D8'])
"Xun" declared "fold:0"
"['ZheyuX']" won the round 12 (stack = {'Xun': 2449, 'PlayerXinZhu': 0, 'Elvis': 0, 'ZheyuX': 1546})
player [Xun] gets hole card ['D8', 'D7'], current stack 2439
player [ZheyuX] gets hole card ['CK', 'C4'], current stack 1541
Started the round 13
Street "preflop" started. (community card = [])
"ZheyuX" declared "raise:15"
"Xun" declared "call:15"
Street "flop" started. (community card = ['DA', 'CT', 'H8'])
"ZheyuX" declared "call:0"
"Xun" declared "call:0"
Street "turn" started. (community card = ['DA', 'CT', 'H8', 'S2'])
"ZheyuX" declared "call:0"
"Xun" declared "call:0"
Street "river" started. (community card = ['DA', 'CT', 'H8', 'S2', 'H4'])
"ZheyuX" declared "raise:10"
"Xun" declared "fold:0"
"['ZheyuX']" won the round 13 (stack = {'Xun': 2434, 'PlayerXinZhu': 0, 'Elvis': 0, 'ZheyuX': 1561})
player [Xun] gets hole card ['CQ', 'HJ'], current stack 2429
player [ZheyuX] gets hole card ['H9', 'D5'], current stack 1551
Started the round 14
Street "preflop" started. (community card = [])
"Xun" declared "call:10"
"ZheyuX" declared "call:10"
Street "flop" started. (community card = ['DQ', 'S4', 'SQ'])
"Xun" declared "raise:58"
"ZheyuX" declared "call:58"
Street "turn" started. (community card = ['DQ', 'S4', 'SQ', 'HK'])
"Xun" declared "call:0"
"ZheyuX" declared "call:0"
Street "river" started. (community card = ['DQ', 'S4', 'SQ', 'HK', 'C9'])
"Xun" declared "raise:245"
"ZheyuX" declared "raise:490"
"Xun" declared "raise:898"
"ZheyuX" declared "call:898"
"['Xun']" won the round 14 (stack = {'Xun': 3400, 'PlayerXinZhu': 0, 'Elvis': 0, 'ZheyuX': 595})
player [Xun] gets hole card ['S8', 'DK'], current stack 3390
player [ZheyuX] gets hole card ['CQ', 'C3'], current stack 590
Started the round 15
Street "preflop" started. (community card = [])
"ZheyuX" declared "call:10"
"Xun" declared "call:10"
Street "flop" started. (community card = ['C4', 'D2', 'SQ'])
"ZheyuX" declared "raise:10"
"Xun" declared "fold:0"
"['ZheyuX']" won the round 15 (stack = {'Xun': 3390, 'PlayerXinZhu': 0, 'Elvis': 0, 'ZheyuX': 605})
player [Xun] gets hole card ['CT', 'S6'], current stack 3385
player [ZheyuX] gets hole card ['SQ', 'DQ'], current stack 595
Started the round 16
Street "preflop" started. (community card = [])
"Xun" declared "call:10"
"ZheyuX" declared "raise:15"
"Xun" declared "call:15"
Street "flop" started. (community card = ['HA', 'D6', 'D2'])
"Xun" declared "call:0"
"ZheyuX" declared "raise:10"
"Xun" declared "call:10"
Street "turn" started. (community card = ['HA', 'D6', 'D2', 'SA'])
"Xun" declared "call:0"
"ZheyuX" declared "raise:10"
"Xun" declared "fold:0"
"['ZheyuX']" won the round 16 (stack = {'Xun': 3365, 'PlayerXinZhu': 0, 'Elvis': 0, 'ZheyuX': 630})
player [Xun] gets hole card ['H6', 'D9'], current stack 3355
player [ZheyuX] gets hole card ['D3', 'CK'], current stack 625
Started the round 17
Street "preflop" started. (community card = [])
"ZheyuX" declared "raise:15"
"Xun" declared "call:15"
Street "flop" started. (community card = ['S9', 'C5', 'HA'])
"ZheyuX" declared "call:0"
"Xun" declared "call:0"
Street "turn" started. (community card = ['S9', 'C5', 'HA', 'S8'])
"ZheyuX" declared "call:0"
"Xun" declared "call:0"
Street "river" started. (community card = ['S9', 'C5', 'HA', 'S8', 'D5'])
"ZheyuX" declared "call:0"
"Xun" declared "fold:0"
"['ZheyuX']" won the round 17 (stack = {'Xun': 3350, 'PlayerXinZhu': 0, 'Elvis': 0, 'ZheyuX': 645})
player [Xun] gets hole card ['HJ', 'HA'], current stack 3345
player [ZheyuX] gets hole card ['C4', 'HT'], current stack 635
Started the round 18
Street "preflop" started. (community card = [])
"Xun" declared "call:10"
"ZheyuX" declared "call:10"
Street "flop" started. (community card = ['DQ', 'S2', 'CA'])
"Xun" declared "call:0"
"ZheyuX" declared "call:0"
Street "turn" started. (community card = ['DQ', 'S2', 'CA', 'D7'])
"Xun" declared "call:0"
"ZheyuX" declared "call:0"
Street "river" started. (community card = ['DQ', 'S2', 'CA', 'D7', 'C3'])
"Xun" declared "call:0"
"ZheyuX" declared "call:0"
"['Xun']" won the round 18 (stack = {'Xun': 3360, 'PlayerXinZhu': 0, 'Elvis': 0, 'ZheyuX': 635})
player [Xun] gets hole card ['D4', 'HT'], current stack 3350
player [ZheyuX] gets hole card ['C7', 'D8'], current stack 630
Started the round 19
Street "preflop" started. (community card = [])
"ZheyuX" declared "call:10"
"Xun" declared "call:10"
Street "flop" started. (community card = ['D9', 'H5', 'HQ'])
"ZheyuX" declared "call:0"
"Xun" declared "fold:0"
"['ZheyuX']" won the round 19 (stack = {'Xun': 3350, 'PlayerXinZhu': 0, 'Elvis': 0, 'ZheyuX': 645})
player [Xun] gets hole card ['D2', 'D5'], current stack 3345
player [ZheyuX] gets hole card ['C2', 'H6'], current stack 635
Started the round 20
Street "preflop" started. (community card = [])
"Xun" declared "call:10"
"ZheyuX" declared "call:10"
Street "flop" started. (community card = ['H7', 'C6', 'H9'])
"Xun" declared "fold:0"
"['ZheyuX']" won the round 20 (stack = {'Xun': 3340, 'PlayerXinZhu': 0, 'Elvis': 0, 'ZheyuX': 655})
player [Xun] gets hole card ['H9', 'D6'], current stack 3330
player [ZheyuX] gets hole card ['D9', 'HA'], current stack 650
Started the round 21
Street "preflop" started. (community card = [])
"ZheyuX" declared "raise:15"
"Xun" declared "call:15"
Street "flop" started. (community card = ['CT', 'H8', 'HK'])
"ZheyuX" declared "call:0"
"Xun" declared "fold:0"
"['ZheyuX']" won the round 21 (stack = {'Xun': 3325, 'PlayerXinZhu': 0, 'Elvis': 0, 'ZheyuX': 670})
player [Xun] gets hole card ['D7', 'DT'], current stack 3320
player [ZheyuX] gets hole card ['S5', 'C2'], current stack 660
Started the round 22
Street "preflop" started. (community card = [])
"Xun" declared "call:10"
"ZheyuX" declared "call:10"
Street "flop" started. (community card = ['S3', 'H9', 'H4'])
"Xun" declared "fold:0"
"['ZheyuX']" won the round 22 (stack = {'Xun': 3315, 'PlayerXinZhu': 0, 'Elvis': 0, 'ZheyuX': 680})
player [Xun] gets hole card ['C9', 'S6'], current stack 3305
player [ZheyuX] gets hole card ['HA', 'D5'], current stack 675
Started the round 23
Street "preflop" started. (community card = [])
"ZheyuX" declared "raise:15"
"Xun" declared "call:15"
Street "flop" started. (community card = ['SJ', 'H2', 'CT'])
"ZheyuX" declared "call:0"
"Xun" declared "fold:0"
"['ZheyuX']" won the round 23 (stack = {'Xun': 3300, 'PlayerXinZhu': 0, 'Elvis': 0, 'ZheyuX': 695})
player [Xun] gets hole card ['C5', 'SJ'], current stack 3295
player [ZheyuX] gets hole card ['ST', 'D3'], current stack 685
Started the round 24
Street "preflop" started. (community card = [])
"Xun" declared "call:10"
"ZheyuX" declared "call:10"
Street "flop" started. (community card = ['HA', 'S4', 'C7'])
"Xun" declared "fold:0"
"['ZheyuX']" won the round 24 (stack = {'Xun': 3290, 'PlayerXinZhu': 0, 'Elvis': 0, 'ZheyuX': 705})
player [Xun] gets hole card ['H4', 'D9'], current stack 3280
player [ZheyuX] gets hole card ['HQ', 'D7'], current stack 700
Started the round 25
Street "preflop" started. (community card = [])
"ZheyuX" declared "call:10"
"Xun" declared "call:10"
Street "flop" started. (community card = ['S5', 'S7', 'S2'])
"ZheyuX" declared "raise:10"
"Xun" declared "fold:0"
"['ZheyuX']" won the round 25 (stack = {'Xun': 3280, 'PlayerXinZhu': 0, 'Elvis': 0, 'ZheyuX': 715})
player [Xun] gets hole card ['CA', 'S5'], current stack 3275
player [ZheyuX] gets hole card ['D3', 'D5'], current stack 705
Started the round 26
Street "preflop" started. (community card = [])
"Xun" declared "call:10"
"ZheyuX" declared "call:10"
Street "flop" started. (community card = ['H4', 'HA', 'S9'])
"Xun" declared "call:0"
"ZheyuX" declared "call:0"
Street "turn" started. (community card = ['H4', 'HA', 'S9', 'CK'])
"Xun" declared "call:0"
"ZheyuX" declared "call:0"
Street "river" started. (community card = ['H4', 'HA', 'S9', 'CK', 'H6'])
"Xun" declared "call:0"
"ZheyuX" declared "fold:0"
"['Xun']" won the round 26 (stack = {'Xun': 3290, 'PlayerXinZhu': 0, 'Elvis': 0, 'ZheyuX': 705})
player [Xun] gets hole card ['HJ', 'D5'], current stack 3280
player [ZheyuX] gets hole card ['H4', 'DK'], current stack 700
Started the round 27
Street "preflop" started. (community card = [])
"ZheyuX" declared "raise:15"
"Xun" declared "call:15"
Street "flop" started. (community card = ['C4', 'C6', 'CJ'])
"ZheyuX" declared "call:0"
"Xun" declared "call:0"
Street "turn" started. (community card = ['C4', 'C6', 'CJ', 'DJ'])
"ZheyuX" declared "raise:10"
"Xun" declared "call:10"
Street "river" started. (community card = ['C4', 'C6', 'CJ', 'DJ', 'DQ'])
"ZheyuX" declared "raise:10"
"Xun" declared "call:10"
"['Xun']" won the round 27 (stack = {'Xun': 3325, 'PlayerXinZhu': 0, 'Elvis': 0, 'ZheyuX': 670})
player [Xun] gets hole card ['S3', 'CJ'], current stack 3320
player [ZheyuX] gets hole card ['DJ', 'C9'], current stack 660
Started the round 28
Street "preflop" started. (community card = [])
"Xun" declared "call:10"
"ZheyuX" declared "raise:15"
"Xun" declared "call:15"
Street "flop" started. (community card = ['DK', 'S8', 'C3'])
"Xun" declared "call:0"
"ZheyuX" declared "call:0"
Street "turn" started. (community card = ['DK', 'S8', 'C3', 'C5'])
"Xun" declared "fold:0"
"['ZheyuX']" won the round 28 (stack = {'Xun': 3310, 'PlayerXinZhu': 0, 'Elvis': 0, 'ZheyuX': 685})
player [Xun] gets hole card ['DT', 'H4'], current stack 3300
player [ZheyuX] gets hole card ['S2', 'H8'], current stack 680
Started the round 29
Street "preflop" started. (community card = [])
"ZheyuX" declared "call:10"
"Xun" declared "call:10"
Street "flop" started. (community card = ['D2', 'C8', 'H9'])
"ZheyuX" declared "raise:10"
"Xun" declared "fold:0"
"['ZheyuX']" won the round 29 (stack = {'Xun': 3300, 'PlayerXinZhu': 0, 'Elvis': 0, 'ZheyuX': 695})
player [Xun] gets hole card ['CQ', 'H9'], current stack 3295
player [ZheyuX] gets hole card ['D2', 'S3'], current stack 685
Started the round 30
Street "preflop" started. (community card = [])
"Xun" declared "call:10"
"ZheyuX" declared "call:10"
Street "flop" started. (community card = ['S5', 'C6', 'DA'])
"Xun" declared "fold:0"
"['ZheyuX']" won the round 30 (stack = {'Xun': 3290, 'PlayerXinZhu': 0, 'Elvis': 0, 'ZheyuX': 705})
player [Xun] gets hole card ['DA', 'CJ'], current stack 3280
player [ZheyuX] gets hole card ['C8', 'C7'], current stack 700
Started the round 31
Street "preflop" started. (community card = [])
"ZheyuX" declared "call:10"
"Xun" declared "call:10"
Street "flop" started. (community card = ['C2', 'C5', 'CA'])
"ZheyuX" declared "raise:10"
"Xun" declared "call:10"
Street "turn" started. (community card = ['C2', 'C5', 'CA', 'S5'])
"ZheyuX" declared "raise:10"
"Xun" declared "call:10"
Street "river" started. (community card = ['C2', 'C5', 'CA', 'S5', 'H6'])
"ZheyuX" declared "raise:10"
"Xun" declared "call:10"
"['ZheyuX']" won the round 31 (stack = {'Xun': 3250, 'PlayerXinZhu': 0, 'Elvis': 0, 'ZheyuX': 745})
player [Xun] gets hole card ['SK', 'DJ'], current stack 3245
player [ZheyuX] gets hole card ['D9', 'C8'], current stack 735
Started the round 32
Street "preflop" started. (community card = [])
"Xun" declared "call:10"
"ZheyuX" declared "call:10"
Street "flop" started. (community card = ['HA', 'S2', 'C3'])
"Xun" declared "fold:0"
"['ZheyuX']" won the round 32 (stack = {'Xun': 3240, 'PlayerXinZhu': 0, 'Elvis': 0, 'ZheyuX': 755})
player [Xun] gets hole card ['SK', 'C5'], current stack 3230
player [ZheyuX] gets hole card ['C4', 'D7'], current stack 750
Started the round 33
Street "preflop" started. (community card = [])
"ZheyuX" declared "call:10"
"Xun" declared "call:10"
Street "flop" started. (community card = ['DK', 'S7', 'D4'])
"ZheyuX" declared "raise:10"
"Xun" declared "call:10"
Street "turn" started. (community card = ['DK', 'S7', 'D4', 'H5'])
"ZheyuX" declared "raise:10"
"Xun" declared "call:10"
Street "river" started. (community card = ['DK', 'S7', 'D4', 'H5', 'C7'])
"ZheyuX" declared "raise:10"
"Xun" declared "call:10"
"['ZheyuX']" won the round 33 (stack = {'Xun': 3200, 'PlayerXinZhu': 0, 'Elvis': 0, 'ZheyuX': 795})
player [Xun] gets hole card ['DA', 'HJ'], current stack 3195
player [ZheyuX] gets hole card ['ST', 'DT'], current stack 785
Started the round 34
Street "preflop" started. (community card = [])
"Xun" declared "call:10"
"ZheyuX" declared "raise:15"
"Xun" declared "call:15"
Street "flop" started. (community card = ['HT', 'H3', 'S6'])
"Xun" declared "call:0"
"ZheyuX" declared "raise:10"
"Xun" declared "call:10"
Street "turn" started. (community card = ['HT', 'H3', 'S6', 'S9'])
"Xun" declared "fold:0"
"['ZheyuX']" won the round 34 (stack = {'Xun': 3175, 'PlayerXinZhu': 0, 'Elvis': 0, 'ZheyuX': 820})
player [Xun] gets hole card ['C4', 'HK'], current stack 3165
player [ZheyuX] gets hole card ['S3', 'D8'], current stack 815
Started the round 35
Street "preflop" started. (community card = [])
"ZheyuX" declared "call:10"
"Xun" declared "call:10"
Street "flop" started. (community card = ['H3', 'DA', 'D7'])
"ZheyuX" declared "raise:10"
"Xun" declared "fold:0"
"['ZheyuX']" won the round 35 (stack = {'Xun': 3165, 'PlayerXinZhu': 0, 'Elvis': 0, 'ZheyuX': 830})
player [Xun] gets hole card ['DA', 'S9'], current stack 3160
player [ZheyuX] gets hole card ['ST', 'DK'], current stack 820
Started the round 36
Street "preflop" started. (community card = [])
"Xun" declared "call:10"
"ZheyuX" declared "raise:15"
"Xun" declared "call:15"
Street "flop" started. (community card = ['CA', 'C7', 'C2'])
"Xun" declared "call:0"
"ZheyuX" declared "call:0"
Street "turn" started. (community card = ['CA', 'C7', 'C2', 'H9'])
"Xun" declared "call:0"
"ZheyuX" declared "call:0"
Street "river" started. (community card = ['CA', 'C7', 'C2', 'H9', 'CK'])
"Xun" declared "fold:0"
"['ZheyuX']" won the round 36 (stack = {'Xun': 3150, 'PlayerXinZhu': 0, 'Elvis': 0, 'ZheyuX': 845})
player [Xun] gets hole card ['H6', 'CJ'], current stack 3140
player [ZheyuX] gets hole card ['CT', 'DJ'], current stack 840
Started the round 37
Street "preflop" started. (community card = [])
"ZheyuX" declared "raise:15"
"Xun" declared "call:15"
Street "flop" started. (community card = ['D3', 'SQ', 'C4'])
"ZheyuX" declared "call:0"
"Xun" declared "fold:0"
"['ZheyuX']" won the round 37 (stack = {'Xun': 3135, 'PlayerXinZhu': 0, 'Elvis': 0, 'ZheyuX': 860})
player [Xun] gets hole card ['C3', 'C9'], current stack 3130
player [ZheyuX] gets hole card ['D6', 'S3'], current stack 850
Started the round 38
Street "preflop" started. (community card = [])
"Xun" declared "call:10"
"ZheyuX" declared "call:10"
Street "flop" started. (community card = ['SQ', 'SJ', 'HQ'])
"Xun" declared "fold:0"
"['ZheyuX']" won the round 38 (stack = {'Xun': 3125, 'PlayerXinZhu': 0, 'Elvis': 0, 'ZheyuX': 870})
player [Xun] gets hole card ['HQ', 'H8'], current stack 3115
player [ZheyuX] gets hole card ['D4', 'C3'], current stack 865
Started the round 39
Street "preflop" started. (community card = [])
"ZheyuX" declared "call:10"
"Xun" declared "call:10"
Street "flop" started. (community card = ['H2', 'H9', 'CK'])
"ZheyuX" declared "call:0"
"Xun" declared "call:0"
Street "turn" started. (community card = ['H2', 'H9', 'CK', 'HK'])
"ZheyuX" declared "call:0"
"Xun" declared "call:0"
Street "river" started. (community card = ['H2', 'H9', 'CK', 'HK', 'S5'])
"ZheyuX" declared "fold:0"
"['Xun']" won the round 39 (stack = {'Xun': 3135, 'PlayerXinZhu': 0, 'Elvis': 0, 'ZheyuX': 860})
player [Xun] gets hole card ['SJ', 'H8'], current stack 3130
player [ZheyuX] gets hole card ['D8', 'DJ'], current stack 850
Started the round 40
Street "preflop" started. (community card = [])
"Xun" declared "call:10"
"ZheyuX" declared "raise:15"
"Xun" declared "call:15"
Street "flop" started. (community card = ['SK', 'D2', 'D3'])
"Xun" declared "fold:0"
"['ZheyuX']" won the round 40 (stack = {'Xun': 3120, 'PlayerXinZhu': 0, 'Elvis': 0, 'ZheyuX': 875})
player [Xun] gets hole card ['S7', 'C6'], current stack 3110
player [ZheyuX] gets hole card ['C4', 'CA'], current stack 870
Started the round 41
Street "preflop" started. (community card = [])
"ZheyuX" declared "raise:15"
"Xun" declared "call:15"
Street "flop" started. (community card = ['D4', 'DK', 'HQ'])
"ZheyuX" declared "raise:10"
"Xun" declared "fold:0"
"['ZheyuX']" won the round 41 (stack = {'Xun': 3105, 'PlayerXinZhu': 0, 'Elvis': 0, 'ZheyuX': 890})
player [Xun] gets hole card ['H8', 'CJ'], current stack 3100
player [ZheyuX] gets hole card ['S8', 'DT'], current stack 880
Started the round 42
Street "preflop" started. (community card = [])
"Xun" declared "call:10"
"ZheyuX" declared "call:10"
Street "flop" started. (community card = ['D9', 'C4', 'H9'])
"Xun" declared "fold:0"
"['ZheyuX']" won the round 42 (stack = {'Xun': 3095, 'PlayerXinZhu': 0, 'Elvis': 0, 'ZheyuX': 900})
player [Xun] gets hole card ['H3', 'C5'], current stack 3085
player [ZheyuX] gets hole card ['CT', 'CA'], current stack 895
Started the round 43
Street "preflop" started. (community card = [])
"ZheyuX" declared "raise:15"
"Xun" declared "call:15"
Street "flop" started. (community card = ['HK', 'DT', 'S2'])
"ZheyuX" declared "raise:10"
"Xun" declared "fold:0"
"['ZheyuX']" won the round 43 (stack = {'Xun': 3080, 'PlayerXinZhu': 0, 'Elvis': 0, 'ZheyuX': 915})
player [Xun] gets hole card ['C4', 'S7'], current stack 3075
player [ZheyuX] gets hole card ['DJ', 'D8'], current stack 905
Started the round 44
Street "preflop" started. (community card = [])
"Xun" declared "call:10"
"ZheyuX" declared "raise:15"
"Xun" declared "call:15"
Street "flop" started. (community card = ['H3', 'HQ', 'SQ'])
"Xun" declared "fold:0"
"['ZheyuX']" won the round 44 (stack = {'Xun': 3065, 'PlayerXinZhu': 0, 'Elvis': 0, 'ZheyuX': 930})
player [Xun] gets hole card ['CT', 'SJ'], current stack 3055
player [ZheyuX] gets hole card ['H7', 'D7'], current stack 925
Started the round 45
Street "preflop" started. (community card = [])
"ZheyuX" declared "raise:15"
"Xun" declared "call:15"
Street "flop" started. (community card = ['H8', 'C2', 'HQ'])
"ZheyuX" declared "raise:10"
"Xun" declared "call:10"
Street "turn" started. (community card = ['H8', 'C2', 'HQ', 'C7'])
"ZheyuX" declared "raise:10"
"Xun" declared "fold:0"
"['ZheyuX']" won the round 45 (stack = {'Xun': 3040, 'PlayerXinZhu': 0, 'Elvis': 0, 'ZheyuX': 955})
player [Xun] gets hole card ['H4', 'CT'], current stack 3035
player [ZheyuX] gets hole card ['S6', 'C4'], current stack 945
Started the round 46
Street "preflop" started. (community card = [])
"Xun" declared "call:10"
"ZheyuX" declared "call:10"
Street "flop" started. (community card = ['HA', 'SJ', 'C6'])
"Xun" declared "fold:0"
"['ZheyuX']" won the round 46 (stack = {'Xun': 3030, 'PlayerXinZhu': 0, 'Elvis': 0, 'ZheyuX': 965})
player [Xun] gets hole card ['C8', 'HQ'], current stack 3020
player [ZheyuX] gets hole card ['C9', 'HA'], current stack 960
Started the round 47
Street "preflop" started. (community card = [])
"ZheyuX" declared "raise:15"
"Xun" declared "call:15"
Street "flop" started. (community card = ['S3', 'C3', 'C4'])
"ZheyuX" declared "raise:10"
"Xun" declared "fold:0"
"['ZheyuX']" won the round 47 (stack = {'Xun': 3015, 'PlayerXinZhu': 0, 'Elvis': 0, 'ZheyuX': 980})
player [Xun] gets hole card ['HJ', 'D5'], current stack 3010
player [ZheyuX] gets hole card ['CA', 'C3'], current stack 970
Started the round 48
Street "preflop" started. (community card = [])
"Xun" declared "call:10"
"ZheyuX" declared "raise:15"
"Xun" declared "call:15"
Street "flop" started. (community card = ['C8', 'CQ', 'SA'])
"Xun" declared "fold:0"
"['ZheyuX']" won the round 48 (stack = {'Xun': 3000, 'PlayerXinZhu': 0, 'Elvis': 0, 'ZheyuX': 995})
player [Xun] gets hole card ['SJ', 'S4'], current stack 2990
player [ZheyuX] gets hole card ['D6', 'D4'], current stack 990
Started the round 49
Street "preflop" started. (community card = [])
"ZheyuX" declared "call:10"
"Xun" declared "call:10"
Street "flop" started. (community card = ['D9', 'SA', 'D2'])
"ZheyuX" declared "call:0"
"Xun" declared "fold:0"
"['ZheyuX']" won the round 49 (stack = {'Xun': 2990, 'PlayerXinZhu': 0, 'Elvis': 0, 'ZheyuX': 1005})
player [Xun] gets hole card ['C6', 'H3'], current stack 2985
player [ZheyuX] gets hole card ['SQ', 'HT'], current stack 995
Started the round 50
Street "preflop" started. (community card = [])
"Xun" declared "call:10"
"ZheyuX" declared "raise:15"
"Xun" declared "call:15"
Street "flop" started. (community card = ['C5', 'SK', 'CQ'])
"Xun" declared "fold:0"
"['ZheyuX']" won the round 50 (stack = {'Xun': 2975, 'PlayerXinZhu': 0, 'Elvis': 0, 'ZheyuX': 1020})

Game Results:
------------------------------------------------------------
Game 1:
Winner: Xun (stack: 2975)
All players' stacks:
  Xun: 2975
  PlayerXinZhu: 0
  Elvis: 0
  ZheyuX: 1020
------------------------------------------------------------
