player [Zheng] gets hole card ['D4', 'D5'], current stack 1000
player [RaphaelPlayer] gets hole card ['HA', 'DK'], current stack 995
player [SichengZuo] gets hole card ['ST', 'CQ'], current stack 990
player [Yuchun] gets hole card ['H9', 'C9'], current stack 1000
player [HakulaPlayer] gets hole card ['CJ', 'D7'], current stack 1000
player [Ethan] gets hole card ['D3', 'C5'], current stack 1000
player [YangZ] gets hole card ['CK', 'C3'], current stack 1000
player [Finneas] gets hole card ['DJ', 'SQ'], current stack 1000
Started the round 1
Street "preflop" started. (community card = [])
"Yuchun" declared "fold:0"
"HakulaPlayer" declared "fold:0"
"Ethan" declared "fold:0"
"YangZ" declared "fold:0"
"Finneas" declared "call:10"
"Zheng" declared "call:10"
"RaphaelPlayer" declared "raise:30"
"SichengZuo" declared "fold:0"
"Finneas" declared "fold:0"
"Zheng" declared "fold:0"
"['RaphaelPlayer']" won the round 1 (stack = {'Zheng': 990, 'RaphaelPlayer': 1030, 'SichengZuo': 990, 'Yuchun': 1000, 'HakulaPlayer': 1000, 'Ethan': 1000, 'YangZ': 1000, 'Finneas': 990})
player [Zheng] gets hole card ['DT', 'S4'], current stack 990
player [RaphaelPlayer] gets hole card ['C9', 'C7'], current stack 1030
player [SichengZuo] gets hole card ['H8', 'S7'], current stack 985
player [Yuchun] gets hole card ['SK', 'H4'], current stack 990
player [HakulaPlayer] gets hole card ['D2', 'D9'], current stack 1000
player [Ethan] gets hole card ['D6', 'C2'], current stack 1000
player [YangZ] gets hole card ['S2', 'SQ'], current stack 1000
player [Finneas] gets hole card ['S8', 'HJ'], current stack 990
Started the round 2
Street "preflop" started. (community card = [])
"HakulaPlayer" declared "fold:0"
"Ethan" declared "fold:0"
"YangZ" declared "fold:0"
"Finneas" declared "call:10"
"Zheng" declared "call:10"
"RaphaelPlayer" declared "call:10"
"SichengZuo" declared "fold:0"
"Yuchun" declared "fold:0"
Street "flop" started. (community card = ['D5', 'CK', 'H2'])
"Finneas" declared "call:0"
"Zheng" declared "call:0"
"RaphaelPlayer" declared "call:0"
Street "turn" started. (community card = ['D5', 'CK', 'H2', 'HT'])
"Finneas" declared "call:0"
"Zheng" declared "call:0"
"RaphaelPlayer" declared "call:0"
Street "river" started. (community card = ['D5', 'CK', 'H2', 'HT', 'H7'])
"Finneas" declared "call:0"
"Zheng" declared "call:0"
"RaphaelPlayer" declared "call:0"
"['Zheng']" won the round 2 (stack = {'Zheng': 1025, 'RaphaelPlayer': 1020, 'SichengZuo': 985, 'Yuchun': 990, 'HakulaPlayer': 1000, 'Ethan': 1000, 'YangZ': 1000, 'Finneas': 980})
player [Zheng] gets hole card ['H4', 'D9'], current stack 1025
player [RaphaelPlayer] gets hole card ['ST', 'C5'], current stack 1020
player [SichengZuo] gets hole card ['H7', 'S4'], current stack 985
player [Yuchun] gets hole card ['S2', 'SA'], current stack 985
player [HakulaPlayer] gets hole card ['DT', 'H5'], current stack 990
player [Ethan] gets hole card ['H9', 'CT'], current stack 1000
player [YangZ] gets hole card ['CJ', 'D7'], current stack 1000
player [Finneas] gets hole card ['C9', 'SQ'], current stack 980
Started the round 3
Street "preflop" started. (community card = [])
"Ethan" declared "fold:0"
"YangZ" declared "fold:0"
"Finneas" declared "call:10"
"Zheng" declared "call:10"
"RaphaelPlayer" declared "fold:0"
"SichengZuo" declared "fold:0"
"Yuchun" declared "fold:0"
"HakulaPlayer" declared "call:10"
Street "flop" started. (community card = ['S5', 'HA', 'CQ'])
"HakulaPlayer" declared "call:0"
"Finneas" declared "call:0"
"Zheng" declared "call:0"
Street "turn" started. (community card = ['S5', 'HA', 'CQ', 'H2'])
"HakulaPlayer" declared "call:0"
"Finneas" declared "call:0"
"Zheng" declared "call:0"
Street "river" started. (community card = ['S5', 'HA', 'CQ', 'H2', 'SK'])
"HakulaPlayer" declared "call:0"
"Finneas" declared "call:0"
"Zheng" declared "call:0"
"['Finneas']" won the round 3 (stack = {'Zheng': 1015, 'RaphaelPlayer': 1020, 'SichengZuo': 985, 'Yuchun': 985, 'HakulaPlayer': 990, 'Ethan': 1000, 'YangZ': 1000, 'Finneas': 1005})
player [Zheng] gets hole card ['H3', 'CA'], current stack 1015
player [RaphaelPlayer] gets hole card ['SK', 'C8'], current stack 1020
player [SichengZuo] gets hole card ['S9', 'S6'], current stack 985
player [Yuchun] gets hole card ['H4', 'D5'], current stack 985
player [HakulaPlayer] gets hole card ['D7', 'H7'], current stack 985
player [Ethan] gets hole card ['C3', 'H6'], current stack 990
player [YangZ] gets hole card ['C2', 'CQ'], current stack 1000
player [Finneas] gets hole card ['HT', 'DA'], current stack 1005
Started the round 4
Street "preflop" started. (community card = [])
"YangZ" declared "fold:0"
"Finneas" declared "call:10"
"Zheng" declared "call:10"
"RaphaelPlayer" declared "call:10"
"SichengZuo" declared "fold:0"
"Yuchun" declared "fold:0"
"HakulaPlayer" declared "call:10"
"Ethan" declared "fold:0"
Street "flop" started. (community card = ['D3', 'H9', 'S3'])
"HakulaPlayer" declared "call:0"
"Finneas" declared "call:0"
"Zheng" declared "raise:1005"
"RaphaelPlayer" declared "fold:0"
"HakulaPlayer" declared "fold:0"
"Finneas" declared "fold:0"
"['Zheng']" won the round 4 (stack = {'Zheng': 1055, 'RaphaelPlayer': 1010, 'SichengZuo': 985, 'Yuchun': 985, 'HakulaPlayer': 980, 'Ethan': 990, 'YangZ': 1000, 'Finneas': 995})
player [Zheng] gets hole card ['C6', 'S7'], current stack 1055
player [RaphaelPlayer] gets hole card ['HQ', 'C8'], current stack 1010
player [SichengZuo] gets hole card ['H9', 'DK'], current stack 985
player [Yuchun] gets hole card ['DJ', 'C4'], current stack 985
player [HakulaPlayer] gets hole card ['D2', 'DQ'], current stack 980
player [Ethan] gets hole card ['DA', 'D8'], current stack 985
player [YangZ] gets hole card ['SQ', 'H5'], current stack 990
player [Finneas] gets hole card ['HA', 'HK'], current stack 995
Started the round 5
Street "preflop" started. (community card = [])
"Finneas" declared "raise:505"
"Zheng" declared "fold:0"
"RaphaelPlayer" declared "fold:0"
"SichengZuo" declared "fold:0"
"Yuchun" declared "fold:0"
"HakulaPlayer" declared "fold:0"
"Ethan" declared "fold:0"
"YangZ" declared "fold:0"
"['Finneas']" won the round 5 (stack = {'Zheng': 1055, 'RaphaelPlayer': 1010, 'SichengZuo': 985, 'Yuchun': 985, 'HakulaPlayer': 980, 'Ethan': 985, 'YangZ': 990, 'Finneas': 1010})
player [Zheng] gets hole card ['HJ', 'S3'], current stack 1055
player [RaphaelPlayer] gets hole card ['H3', 'S5'], current stack 1010
player [SichengZuo] gets hole card ['DA', 'D3'], current stack 985
player [Yuchun] gets hole card ['C9', 'CK'], current stack 985
player [HakulaPlayer] gets hole card ['HA', 'D7'], current stack 980
player [Ethan] gets hole card ['C2', 'HK'], current stack 985
player [YangZ] gets hole card ['C3', 'H2'], current stack 985
player [Finneas] gets hole card ['D2', 'H9'], current stack 1000
Started the round 6
Street "preflop" started. (community card = [])
"Zheng" declared "call:10"
"RaphaelPlayer" declared "fold:0"
"SichengZuo" declared "fold:0"
"Yuchun" declared "fold:0"
"HakulaPlayer" declared "call:10"
"Ethan" declared "fold:0"
"YangZ" declared "fold:0"
"Finneas" declared "call:10"
Street "flop" started. (community card = ['S8', 'HQ', 'C7'])
"Finneas" declared "call:0"
"Zheng" declared "call:0"
"HakulaPlayer" declared "raise:27"
"Finneas" declared "fold:0"
"Zheng" declared "fold:0"
"['HakulaPlayer']" won the round 6 (stack = {'Zheng': 1045, 'RaphaelPlayer': 1010, 'SichengZuo': 985, 'Yuchun': 985, 'HakulaPlayer': 1005, 'Ethan': 985, 'YangZ': 985, 'Finneas': 1000})
player [Zheng] gets hole card ['H5', 'C6'], current stack 1035
player [RaphaelPlayer] gets hole card ['C5', 'C8'], current stack 1010
player [SichengZuo] gets hole card ['SQ', 'DQ'], current stack 985
player [Yuchun] gets hole card ['D5', 'HA'], current stack 985
player [HakulaPlayer] gets hole card ['S3', 'H2'], current stack 1005
player [Ethan] gets hole card ['S4', 'D3'], current stack 985
player [YangZ] gets hole card ['SK', 'D6'], current stack 985
player [Finneas] gets hole card ['D8', 'CT'], current stack 995
Started the round 7
Street "preflop" started. (community card = [])
"RaphaelPlayer" declared "fold:0"
"SichengZuo" declared "fold:0"
"Yuchun" declared "fold:0"
"HakulaPlayer" declared "fold:0"
"Ethan" declared "fold:0"
"YangZ" declared "fold:0"
"Finneas" declared "call:10"
"Zheng" declared "call:10"
Street "flop" started. (community card = ['D7', 'D4', 'H3'])
"Finneas" declared "call:0"
"Zheng" declared "raise:1035"
"Finneas" declared "fold:0"
"['Zheng']" won the round 7 (stack = {'Zheng': 1055, 'RaphaelPlayer': 1010, 'SichengZuo': 985, 'Yuchun': 985, 'HakulaPlayer': 1005, 'Ethan': 985, 'YangZ': 985, 'Finneas': 990})
player [Zheng] gets hole card ['S4', 'H9'], current stack 1050
player [RaphaelPlayer] gets hole card ['S3', 'CJ'], current stack 1000
player [SichengZuo] gets hole card ['CK', 'HT'], current stack 985
player [Yuchun] gets hole card ['DJ', 'H4'], current stack 985
player [HakulaPlayer] gets hole card ['SJ', 'H3'], current stack 1005
player [Ethan] gets hole card ['C8', 'SK'], current stack 985
player [YangZ] gets hole card ['S9', 'HQ'], current stack 985
player [Finneas] gets hole card ['ST', 'C6'], current stack 990
Started the round 8
Street "preflop" started. (community card = [])
"SichengZuo" declared "fold:0"
"Yuchun" declared "fold:0"
"HakulaPlayer" declared "fold:0"
"Ethan" declared "fold:0"
"YangZ" declared "fold:0"
"Finneas" declared "call:10"
"Zheng" declared "call:10"
"RaphaelPlayer" declared "fold:0"
Street "flop" started. (community card = ['D4', 'D6', 'CQ'])
"Zheng" declared "call:0"
"Finneas" declared "call:0"
Street "turn" started. (community card = ['D4', 'D6', 'CQ', 'DT'])
"Zheng" declared "call:0"
"Finneas" declared "call:0"
Street "river" started. (community card = ['D4', 'D6', 'CQ', 'DT', 'SA'])
"Zheng" declared "call:0"
"Finneas" declared "call:0"
"['Finneas']" won the round 8 (stack = {'Zheng': 1045, 'RaphaelPlayer': 1000, 'SichengZuo': 985, 'Yuchun': 985, 'HakulaPlayer': 1005, 'Ethan': 985, 'YangZ': 985, 'Finneas': 1010})
player [Zheng] gets hole card ['HT', 'S8'], current stack 1045
player [RaphaelPlayer] gets hole card ['S9', 'S7'], current stack 995
player [SichengZuo] gets hole card ['S3', 'CQ'], current stack 975
player [Yuchun] gets hole card ['D8', 'H4'], current stack 985
player [HakulaPlayer] gets hole card ['D6', 'D7'], current stack 1005
player [Ethan] gets hole card ['C5', 'S4'], current stack 985
player [YangZ] gets hole card ['H3', 'CA'], current stack 985
player [Finneas] gets hole card ['DK', 'HQ'], current stack 1010
Started the round 9
Street "preflop" started. (community card = [])
"Yuchun" declared "fold:0"
"HakulaPlayer" declared "fold:0"
"Ethan" declared "fold:0"
"YangZ" declared "fold:0"
"Finneas" declared "call:10"
"Zheng" declared "call:10"
"RaphaelPlayer" declared "call:10"
"SichengZuo" declared "fold:0"
Street "flop" started. (community card = ['HK', 'D3', 'SK'])
"RaphaelPlayer" declared "call:0"
"Finneas" declared "raise:505"
"Zheng" declared "fold:0"
"RaphaelPlayer" declared "fold:0"
"['Finneas']" won the round 9 (stack = {'Zheng': 1035, 'RaphaelPlayer': 990, 'SichengZuo': 975, 'Yuchun': 985, 'HakulaPlayer': 1005, 'Ethan': 985, 'YangZ': 985, 'Finneas': 1040})
player [Zheng] gets hole card ['D9', 'CK'], current stack 1035
player [RaphaelPlayer] gets hole card ['H8', 'H2'], current stack 990
player [SichengZuo] gets hole card ['S7', 'S3'], current stack 970
player [Yuchun] gets hole card ['HQ', 'C8'], current stack 975
player [HakulaPlayer] gets hole card ['DA', 'C7'], current stack 1005
player [Ethan] gets hole card ['H9', 'D4'], current stack 985
player [YangZ] gets hole card ['CT', 'HT'], current stack 985
player [Finneas] gets hole card ['H6', 'SJ'], current stack 1040
Started the round 10
Street "preflop" started. (community card = [])
"HakulaPlayer" declared "fold:0"
"Ethan" declared "fold:0"
"YangZ" declared "fold:0"
"Finneas" declared "call:10"
"Zheng" declared "call:10"
"RaphaelPlayer" declared "fold:0"
"SichengZuo" declared "fold:0"
"Yuchun" declared "call:10"
Street "flop" started. (community card = ['C4', 'S2', 'C5'])
"Yuchun" declared "call:0"
"Finneas" declared "call:0"
"Zheng" declared "call:0"
Street "turn" started. (community card = ['C4', 'S2', 'C5', 'H7'])
"Yuchun" declared "call:0"
"Finneas" declared "call:0"
"Zheng" declared "call:0"
Street "river" started. (community card = ['C4', 'S2', 'C5', 'H7', 'H4'])
"Yuchun" declared "call:0"
"Finneas" declared "call:0"
"Zheng" declared "call:0"
"['Zheng']" won the round 10 (stack = {'Zheng': 1060, 'RaphaelPlayer': 990, 'SichengZuo': 970, 'Yuchun': 975, 'HakulaPlayer': 1005, 'Ethan': 985, 'YangZ': 985, 'Finneas': 1030})
player [Zheng] gets hole card ['H5', 'SK'], current stack 1060
player [RaphaelPlayer] gets hole card ['CT', 'S7'], current stack 990
player [SichengZuo] gets hole card ['H7', 'HJ'], current stack 970
player [Yuchun] gets hole card ['D6', 'ST'], current stack 970
player [HakulaPlayer] gets hole card ['C5', 'HA'], current stack 995
player [Ethan] gets hole card ['C4', 'HT'], current stack 985
player [YangZ] gets hole card ['HK', 'S9'], current stack 985
player [Finneas] gets hole card ['S3', 'DQ'], current stack 1030
Started the round 11
Street "preflop" started. (community card = [])
"Ethan" declared "fold:0"
"YangZ" declared "fold:0"
"Finneas" declared "call:10"
"Zheng" declared "call:10"
"RaphaelPlayer" declared "fold:0"
"SichengZuo" declared "fold:0"
"Yuchun" declared "call:10"
"HakulaPlayer" declared "call:10"
Street "flop" started. (community card = ['DT', 'DA', 'S4'])
"Yuchun" declared "call:0"
"HakulaPlayer" declared "call:0"
"Finneas" declared "call:0"
"Zheng" declared "call:0"
Street "turn" started. (community card = ['DT', 'DA', 'S4', 'C9'])
"Yuchun" declared "call:0"
"HakulaPlayer" declared "call:0"
"Finneas" declared "call:0"
"Zheng" declared "call:0"
Street "river" started. (community card = ['DT', 'DA', 'S4', 'C9', 'D5'])
"Yuchun" declared "call:0"
"HakulaPlayer" declared "raise:65"
"Finneas" declared "fold:0"
"Zheng" declared "fold:0"
"Yuchun" declared "call:65"
"['HakulaPlayer']" won the round 11 (stack = {'Zheng': 1050, 'RaphaelPlayer': 990, 'SichengZuo': 970, 'Yuchun': 900, 'HakulaPlayer': 1100, 'Ethan': 985, 'YangZ': 985, 'Finneas': 1020})
player [Zheng] gets hole card ['C4', 'H9'], current stack 1050
player [RaphaelPlayer] gets hole card ['C6', 'D5'], current stack 990
player [SichengZuo] gets hole card ['H8', 'C8'], current stack 970
player [Yuchun] gets hole card ['S9', 'S2'], current stack 900
player [HakulaPlayer] gets hole card ['HT', 'CQ'], current stack 1095
player [Ethan] gets hole card ['SJ', 'DT'], current stack 975
player [YangZ] gets hole card ['D4', 'HJ'], current stack 985
player [Finneas] gets hole card ['HA', 'CK'], current stack 1020
Started the round 12
Street "preflop" started. (community card = [])
"YangZ" declared "fold:0"
"Finneas" declared "raise:517"
"Zheng" declared "fold:0"
"RaphaelPlayer" declared "fold:0"
"SichengZuo" declared "fold:0"
"Yuchun" declared "fold:0"
"HakulaPlayer" declared "fold:0"
"Ethan" declared "fold:0"
"['Finneas']" won the round 12 (stack = {'Zheng': 1050, 'RaphaelPlayer': 990, 'SichengZuo': 970, 'Yuchun': 900, 'HakulaPlayer': 1095, 'Ethan': 975, 'YangZ': 985, 'Finneas': 1035})
player [Zheng] gets hole card ['S7', 'S3'], current stack 1050
player [RaphaelPlayer] gets hole card ['D7', 'SJ'], current stack 990
player [SichengZuo] gets hole card ['DT', 'SK'], current stack 970
player [Yuchun] gets hole card ['S8', 'D8'], current stack 900
player [HakulaPlayer] gets hole card ['H4', 'CT'], current stack 1095
player [Ethan] gets hole card ['H2', 'CK'], current stack 970
player [YangZ] gets hole card ['S9', 'SQ'], current stack 975
player [Finneas] gets hole card ['C4', 'DQ'], current stack 1035
Started the round 13
Street "preflop" started. (community card = [])
"Finneas" declared "call:10"
"Zheng" declared "call:10"
"RaphaelPlayer" declared "fold:0"
"SichengZuo" declared "fold:0"
"Yuchun" declared "call:10"
"HakulaPlayer" declared "call:10"
"Ethan" declared "fold:0"
"YangZ" declared "fold:0"
Street "flop" started. (community card = ['HA', 'C9', 'S5'])
"Finneas" declared "call:0"
"Zheng" declared "call:0"
"Yuchun" declared "call:0"
"HakulaPlayer" declared "call:0"
Street "turn" started. (community card = ['HA', 'C9', 'S5', 'DK'])
"Finneas" declared "call:0"
"Zheng" declared "call:0"
"Yuchun" declared "call:0"
"HakulaPlayer" declared "call:0"
Street "river" started. (community card = ['HA', 'C9', 'S5', 'DK', 'S2'])
"Finneas" declared "call:0"
"Zheng" declared "call:0"
"Yuchun" declared "call:0"
"HakulaPlayer" declared "call:0"
"['Yuchun']" won the round 13 (stack = {'Zheng': 1040, 'RaphaelPlayer': 990, 'SichengZuo': 970, 'Yuchun': 945, 'HakulaPlayer': 1085, 'Ethan': 970, 'YangZ': 975, 'Finneas': 1025})
player [Zheng] gets hole card ['D2', 'D8'], current stack 1040
player [RaphaelPlayer] gets hole card ['H4', 'CT'], current stack 990
player [SichengZuo] gets hole card ['S6', 'H6'], current stack 970
player [Yuchun] gets hole card ['H3', 'DQ'], current stack 945
player [HakulaPlayer] gets hole card ['C3', 'SJ'], current stack 1085
player [Ethan] gets hole card ['S3', 'DK'], current stack 970
player [YangZ] gets hole card ['CA', 'S4'], current stack 970
player [Finneas] gets hole card ['DJ', 'CK'], current stack 1015
Started the round 14
Street "preflop" started. (community card = [])
"Zheng" declared "call:10"
"RaphaelPlayer" declared "fold:0"
"SichengZuo" declared "fold:0"
"Yuchun" declared "call:10"
"HakulaPlayer" declared "call:10"
"Ethan" declared "fold:0"
"YangZ" declared "fold:0"
"Finneas" declared "call:10"
Street "flop" started. (community card = ['H9', 'DA', 'HQ'])
"Finneas" declared "call:0"
"Zheng" declared "call:0"
"Yuchun" declared "call:0"
"HakulaPlayer" declared "call:0"
Street "turn" started. (community card = ['H9', 'DA', 'HQ', 'DT'])
"Finneas" declared "call:0"
"Zheng" declared "call:0"
"Yuchun" declared "call:0"
"HakulaPlayer" declared "raise:27"
"Finneas" declared "fold:0"
"Zheng" declared "fold:0"
"Yuchun" declared "call:27"
Street "river" started. (community card = ['H9', 'DA', 'HQ', 'DT', 'C9'])
"Yuchun" declared "raise:40"
"HakulaPlayer" declared "fold:0"
"['Yuchun']" won the round 14 (stack = {'Zheng': 1030, 'RaphaelPlayer': 990, 'SichengZuo': 970, 'Yuchun': 1007, 'HakulaPlayer': 1048, 'Ethan': 970, 'YangZ': 970, 'Finneas': 1015})
player [Zheng] gets hole card ['HA', 'HJ'], current stack 1020
player [RaphaelPlayer] gets hole card ['C2', 'H3'], current stack 990
player [SichengZuo] gets hole card ['H8', 'SJ'], current stack 970
player [Yuchun] gets hole card ['D4', 'S6'], current stack 1007
player [HakulaPlayer] gets hole card ['CT', 'S9'], current stack 1048
player [Ethan] gets hole card ['C7', 'HQ'], current stack 970
player [YangZ] gets hole card ['SA', 'H4'], current stack 970
player [Finneas] gets hole card ['D7', 'DA'], current stack 1010
Started the round 15
Street "preflop" started. (community card = [])
"RaphaelPlayer" declared "fold:0"
"SichengZuo" declared "fold:0"
"Yuchun" declared "call:10"
"HakulaPlayer" declared "call:10"
"Ethan" declared "fold:0"
"YangZ" declared "fold:0"
"Finneas" declared "call:10"
"Zheng" declared "call:10"
Street "flop" started. (community card = ['H9', 'H6', 'CQ'])
"Finneas" declared "call:0"
"Zheng" declared "call:0"
"Yuchun" declared "call:0"
"HakulaPlayer" declared "raise:32"
"Finneas" declared "fold:0"
"Zheng" declared "fold:0"
"Yuchun" declared "call:32"
Street "turn" started. (community card = ['H9', 'H6', 'CQ', 'D3'])
"Yuchun" declared "call:0"
"HakulaPlayer" declared "raise:115"
"Yuchun" declared "call:115"
Street "river" started. (community card = ['H9', 'H6', 'CQ', 'D3', 'HT'])
"Yuchun" declared "call:0"
"HakulaPlayer" declared "raise:458"
"Yuchun" declared "fold:0"
"['HakulaPlayer']" won the round 15 (stack = {'Zheng': 1020, 'RaphaelPlayer': 990, 'SichengZuo': 970, 'Yuchun': 850, 'HakulaPlayer': 1225, 'Ethan': 970, 'YangZ': 970, 'Finneas': 1005})
player [Zheng] gets hole card ['H2', 'D8'], current stack 1015
player [RaphaelPlayer] gets hole card ['D4', 'HQ'], current stack 980
player [SichengZuo] gets hole card ['DK', 'D9'], current stack 970
player [Yuchun] gets hole card ['D7', 'C2'], current stack 850
player [HakulaPlayer] gets hole card ['D2', 'D3'], current stack 1225
player [Ethan] gets hole card ['H4', 'HA'], current stack 970
player [YangZ] gets hole card ['CT', 'S3'], current stack 970
player [Finneas] gets hole card ['DQ', 'DT'], current stack 1005
Started the round 16
Street "preflop" started. (community card = [])
"SichengZuo" declared "fold:0"
"Yuchun" declared "call:10"
"HakulaPlayer" declared "fold:0"
"Ethan" declared "fold:0"
"YangZ" declared "fold:0"
"Finneas" declared "call:10"
"Zheng" declared "call:10"
"RaphaelPlayer" declared "fold:0"
Street "flop" started. (community card = ['H7', 'CQ', 'S5'])
"Zheng" declared "call:0"
"Yuchun" declared "call:0"
"Finneas" declared "call:0"
Street "turn" started. (community card = ['H7', 'CQ', 'S5', 'DJ'])
"Zheng" declared "call:0"
"Yuchun" declared "call:0"
"Finneas" declared "call:0"
Street "river" started. (community card = ['H7', 'CQ', 'S5', 'DJ', 'D5'])
"Zheng" declared "call:0"
"Yuchun" declared "call:0"
"Finneas" declared "call:0"
"['Finneas']" won the round 16 (stack = {'Zheng': 1010, 'RaphaelPlayer': 980, 'SichengZuo': 970, 'Yuchun': 840, 'HakulaPlayer': 1225, 'Ethan': 970, 'YangZ': 970, 'Finneas': 1035})
player [Zheng] gets hole card ['DK', 'S4'], current stack 1010
player [RaphaelPlayer] gets hole card ['D3', 'C4'], current stack 975
player [SichengZuo] gets hole card ['S8', 'DJ'], current stack 960
player [Yuchun] gets hole card ['SJ', 'DA'], current stack 840
player [HakulaPlayer] gets hole card ['C2', 'C6'], current stack 1225
player [Ethan] gets hole card ['S6', 'S7'], current stack 970
player [YangZ] gets hole card ['D9', 'CK'], current stack 970
player [Finneas] gets hole card ['H2', 'S2'], current stack 1035
Started the round 17
Street "preflop" started. (community card = [])
"Yuchun" declared "call:10"
"HakulaPlayer" declared "fold:0"
"Ethan" declared "fold:0"
"YangZ" declared "fold:0"
"Finneas" declared "call:10"
"Zheng" declared "call:10"
"RaphaelPlayer" declared "fold:0"
"SichengZuo" declared "fold:0"
Street "flop" started. (community card = ['C9', 'D6', 'HT'])
"Yuchun" declared "call:0"
"Finneas" declared "call:0"
"Zheng" declared "call:0"
Street "turn" started. (community card = ['C9', 'D6', 'HT', 'ST'])
"Yuchun" declared "call:0"
"Finneas" declared "call:0"
"Zheng" declared "call:0"
Street "river" started. (community card = ['C9', 'D6', 'HT', 'ST', 'D4'])
"Yuchun" declared "call:0"
"Finneas" declared "call:0"
"Zheng" declared "call:0"
"['Zheng']" won the round 17 (stack = {'Zheng': 1045, 'RaphaelPlayer': 975, 'SichengZuo': 960, 'Yuchun': 830, 'HakulaPlayer': 1225, 'Ethan': 970, 'YangZ': 970, 'Finneas': 1025})
player [Zheng] gets hole card ['C6', 'H2'], current stack 1045
player [RaphaelPlayer] gets hole card ['SK', 'H9'], current stack 975
player [SichengZuo] gets hole card ['S5', 'HA'], current stack 955
player [Yuchun] gets hole card ['C7', 'C5'], current stack 820
player [HakulaPlayer] gets hole card ['S4', 'S7'], current stack 1225
player [Ethan] gets hole card ['H5', 'H4'], current stack 970
player [YangZ] gets hole card ['S8', 'H8'], current stack 970
player [Finneas] gets hole card ['HK', 'HT'], current stack 1025
Started the round 18
Street "preflop" started. (community card = [])
"HakulaPlayer" declared "fold:0"
"Ethan" declared "fold:0"
"YangZ" declared "fold:0"
"Finneas" declared "call:10"
"Zheng" declared "call:10"
"RaphaelPlayer" declared "call:10"
"SichengZuo" declared "fold:0"
"Yuchun" declared "call:10"
Street "flop" started. (community card = ['S2', 'D7', 'ST'])
"Yuchun" declared "call:0"
"Finneas" declared "call:0"
"Zheng" declared "call:0"
"RaphaelPlayer" declared "call:0"
Street "turn" started. (community card = ['S2', 'D7', 'ST', 'S9'])
"Yuchun" declared "call:0"
"Finneas" declared "call:0"
"Zheng" declared "call:0"
"RaphaelPlayer" declared "call:0"
Street "river" started. (community card = ['S2', 'D7', 'ST', 'S9', 'D3'])
"Yuchun" declared "call:0"
"Finneas" declared "call:0"
"Zheng" declared "call:0"
"RaphaelPlayer" declared "call:0"
"['Finneas']" won the round 18 (stack = {'Zheng': 1035, 'RaphaelPlayer': 965, 'SichengZuo': 955, 'Yuchun': 820, 'HakulaPlayer': 1225, 'Ethan': 970, 'YangZ': 970, 'Finneas': 1060})
player [Zheng] gets hole card ['S6', 'DK'], current stack 1035
player [RaphaelPlayer] gets hole card ['DA', 'CA'], current stack 965
player [SichengZuo] gets hole card ['H7', 'DJ'], current stack 955
player [Yuchun] gets hole card ['S8', 'C3'], current stack 815
player [HakulaPlayer] gets hole card ['D3', 'CQ'], current stack 1215
player [Ethan] gets hole card ['D2', 'DT'], current stack 970
player [YangZ] gets hole card ['C4', 'HK'], current stack 970
player [Finneas] gets hole card ['C8', 'HJ'], current stack 1060
Started the round 19
Street "preflop" started. (community card = [])
"Ethan" declared "fold:0"
"YangZ" declared "fold:0"
"Finneas" declared "call:10"
"Zheng" declared "call:10"
"RaphaelPlayer" declared "raise:40"
"SichengZuo" declared "fold:0"
"Yuchun" declared "call:40"
"HakulaPlayer" declared "fold:0"
"Finneas" declared "fold:0"
"Zheng" declared "fold:0"
Street "flop" started. (community card = ['H5', 'D8', 'H9'])
"Yuchun" declared "call:0"
"RaphaelPlayer" declared "raise:120"
"Yuchun" declared "call:120"
Street "turn" started. (community card = ['H5', 'D8', 'H9', 'C7'])
"Yuchun" declared "call:0"
"RaphaelPlayer" declared "raise:360"
"Yuchun" declared "call:360"
Street "river" started. (community card = ['H5', 'D8', 'H9', 'C7', 'HA'])
"Yuchun" declared "call:0"
"RaphaelPlayer" declared "raise:445"
"Yuchun" declared "fold:0"
"['RaphaelPlayer']" won the round 19 (stack = {'Zheng': 1025, 'RaphaelPlayer': 1515, 'SichengZuo': 955, 'Yuchun': 300, 'HakulaPlayer': 1215, 'Ethan': 970, 'YangZ': 970, 'Finneas': 1050})
player [Zheng] gets hole card ['D4', 'S4'], current stack 1025
player [RaphaelPlayer] gets hole card ['S2', 'D6'], current stack 1515
player [SichengZuo] gets hole card ['H8', 'H2'], current stack 955
player [Yuchun] gets hole card ['H5', 'D9'], current stack 300
player [HakulaPlayer] gets hole card ['CK', 'ST'], current stack 1210
player [Ethan] gets hole card ['HJ', 'SA'], current stack 960
player [YangZ] gets hole card ['DA', 'D2'], current stack 970
player [Finneas] gets hole card ['SK', 'S7'], current stack 1050
Started the round 20
Street "preflop" started. (community card = [])
"YangZ" declared "fold:0"
"Finneas" declared "call:10"
"Zheng" declared "call:10"
"RaphaelPlayer" declared "fold:0"
"SichengZuo" declared "fold:0"
"Yuchun" declared "call:10"
"HakulaPlayer" declared "call:10"
"Ethan" declared "raise:145"
"Finneas" declared "fold:0"
"Zheng" declared "call:145"
"Yuchun" declared "call:145"
"HakulaPlayer" declared "fold:0"
Street "flop" started. (community card = ['SQ', 'S8', 'CQ'])
"Ethan" declared "call:0"
"Zheng" declared "call:0"
"Yuchun" declared "call:0"
Street "turn" started. (community card = ['SQ', 'S8', 'CQ', 'C6'])
"Ethan" declared "call:0"
"Zheng" declared "call:0"
"Yuchun" declared "call:0"
Street "river" started. (community card = ['SQ', 'S8', 'CQ', 'C6', 'SJ'])
"Ethan" declared "call:0"
"Zheng" declared "call:0"
"Yuchun" declared "call:0"
"['Ethan']" won the round 20 (stack = {'Zheng': 880, 'RaphaelPlayer': 1515, 'SichengZuo': 955, 'Yuchun': 155, 'HakulaPlayer': 1205, 'Ethan': 1280, 'YangZ': 970, 'Finneas': 1040})
player [Zheng] gets hole card ['D8', 'C2'], current stack 880
player [RaphaelPlayer] gets hole card ['S5', 'HA'], current stack 1515
player [SichengZuo] gets hole card ['CT', 'H5'], current stack 955
player [Yuchun] gets hole card ['DK', 'SK'], current stack 155
player [HakulaPlayer] gets hole card ['D9', 'SJ'], current stack 1205
player [Ethan] gets hole card ['D5', 'S6'], current stack 1275
player [YangZ] gets hole card ['SA', 'H4'], current stack 960
player [Finneas] gets hole card ['C5', 'C6'], current stack 1040
Started the round 21
Street "preflop" started. (community card = [])
"Finneas" declared "call:10"
"Zheng" declared "call:10"
"RaphaelPlayer" declared "call:10"
"SichengZuo" declared "fold:0"
"Yuchun" declared "call:10"
"HakulaPlayer" declared "call:10"
"Ethan" declared "fold:0"
"YangZ" declared "fold:0"
Street "flop" started. (community card = ['HJ', 'CJ', 'H6'])
"Finneas" declared "call:0"
"Zheng" declared "call:0"
"RaphaelPlayer" declared "call:0"
"Yuchun" declared "call:0"
"HakulaPlayer" declared "raise:102"
"Finneas" declared "fold:0"
"Zheng" declared "call:102"
"RaphaelPlayer" declared "fold:0"
"Yuchun" declared "call:102"
Street "turn" started. (community card = ['HJ', 'CJ', 'H6', 'C9'])
"Zheng" declared "call:0"
"Yuchun" declared "call:0"
"HakulaPlayer" declared "raise:763"
"Zheng" declared "fold:0"
"Yuchun" declared "call:763"
Street "river" started. (community card = ['HJ', 'CJ', 'H6', 'C9', 'S3'])
"['HakulaPlayer']" won the round 21 (stack = {'Zheng': 768, 'RaphaelPlayer': 1505, 'SichengZuo': 955, 'Yuchun': 0, 'HakulaPlayer': 1507, 'Ethan': 1275, 'YangZ': 960, 'Finneas': 1030})
player [Zheng] gets hole card ['C9', 'C8'], current stack 768
player [RaphaelPlayer] gets hole card ['C5', 'DQ'], current stack 1505
player [SichengZuo] gets hole card ['S8', 'HJ'], current stack 955
player [HakulaPlayer] gets hole card ['C4', 'HK'], current stack 1507
player [Ethan] gets hole card ['CT', 'SA'], current stack 1275
player [YangZ] gets hole card ['DK', 'S7'], current stack 955
player [Finneas] gets hole card ['C2', 'DJ'], current stack 1020
Started the round 22
Street "preflop" started. (community card = [])
"Zheng" declared "call:10"
"RaphaelPlayer" declared "fold:0"
"SichengZuo" declared "fold:0"
"HakulaPlayer" declared "call:10"
"Ethan" declared "call:10"
"YangZ" declared "fold:0"
"Finneas" declared "call:10"
Street "flop" started. (community card = ['D7', 'D4', 'HA'])
"Finneas" declared "call:0"
"Zheng" declared "call:0"
"HakulaPlayer" declared "call:0"
"Ethan" declared "call:0"
Street "turn" started. (community card = ['D7', 'D4', 'HA', 'DA'])
"Finneas" declared "call:0"
"Zheng" declared "call:0"
"HakulaPlayer" declared "call:0"
"Ethan" declared "raise:455"
"Finneas" declared "fold:0"
"Zheng" declared "fold:0"
"HakulaPlayer" declared "fold:0"
"['Ethan']" won the round 22 (stack = {'Zheng': 758, 'RaphaelPlayer': 1505, 'SichengZuo': 955, 'Yuchun': 0, 'HakulaPlayer': 1497, 'Ethan': 1310, 'YangZ': 955, 'Finneas': 1020})
player [Zheng] gets hole card ['H7', 'DQ'], current stack 748
player [RaphaelPlayer] gets hole card ['HA', 'C6'], current stack 1505
player [SichengZuo] gets hole card ['S9', 'D5'], current stack 955
player [HakulaPlayer] gets hole card ['SK', 'ST'], current stack 1497
player [Ethan] gets hole card ['CT', 'SJ'], current stack 1310
player [YangZ] gets hole card ['SQ', 'HK'], current stack 955
player [Finneas] gets hole card ['D2', 'C3'], current stack 1015
Started the round 23
Street "preflop" started. (community card = [])
"RaphaelPlayer" declared "call:10"
"SichengZuo" declared "fold:0"
"HakulaPlayer" declared "raise:36"
"Ethan" declared "call:36"
"YangZ" declared "fold:0"
"Finneas" declared "fold:0"
"Zheng" declared "call:36"
"RaphaelPlayer" declared "call:36"
Street "flop" started. (community card = ['DA', 'DT', 'S7'])
"Zheng" declared "call:0"
"RaphaelPlayer" declared "call:0"
"HakulaPlayer" declared "call:0"
"Ethan" declared "call:0"
Street "turn" started. (community card = ['DA', 'DT', 'S7', 'DJ'])
"Zheng" declared "call:0"
"RaphaelPlayer" declared "call:0"
"HakulaPlayer" declared "raise:96"
"Ethan" declared "call:96"
"Zheng" declared "call:96"
"RaphaelPlayer" declared "call:96"
Street "river" started. (community card = ['DA', 'DT', 'S7', 'DJ', 'D9'])
"Zheng" declared "raise:318"
"RaphaelPlayer" declared "fold:0"
"HakulaPlayer" declared "fold:0"
"Ethan" declared "call:318"
"['Zheng']" won the round 23 (stack = {'Zheng': 1477, 'RaphaelPlayer': 1373, 'SichengZuo': 955, 'Yuchun': 0, 'HakulaPlayer': 1365, 'Ethan': 860, 'YangZ': 955, 'Finneas': 1015})
player [Zheng] gets hole card ['DT', 'D9'], current stack 1472
player [RaphaelPlayer] gets hole card ['S3', 'D2'], current stack 1363
player [SichengZuo] gets hole card ['DA', 'S5'], current stack 955
player [HakulaPlayer] gets hole card ['HA', 'H2'], current stack 1365
player [Ethan] gets hole card ['S7', 'D3'], current stack 860
player [YangZ] gets hole card ['D7', 'D8'], current stack 955
player [Finneas] gets hole card ['SK', 'C2'], current stack 1015
Started the round 24
Street "preflop" started. (community card = [])
"SichengZuo" declared "fold:0"
"HakulaPlayer" declared "call:10"
"Ethan" declared "fold:0"
"YangZ" declared "fold:0"
"Finneas" declared "call:10"
"Zheng" declared "call:10"
"RaphaelPlayer" declared "fold:0"
Street "flop" started. (community card = ['C4', 'DK', 'S2'])
"Zheng" declared "call:0"
"HakulaPlayer" declared "call:0"
"Finneas" declared "call:0"
Street "turn" started. (community card = ['C4', 'DK', 'S2', 'SQ'])
"Zheng" declared "call:0"
"HakulaPlayer" declared "call:0"
"Finneas" declared "call:0"
Street "river" started. (community card = ['C4', 'DK', 'S2', 'SQ', 'C3'])
"Zheng" declared "call:0"
"HakulaPlayer" declared "call:0"
"Finneas" declared "call:0"
"['Finneas']" won the round 24 (stack = {'Zheng': 1467, 'RaphaelPlayer': 1363, 'SichengZuo': 955, 'Yuchun': 0, 'HakulaPlayer': 1355, 'Ethan': 860, 'YangZ': 955, 'Finneas': 1045})
player [Zheng] gets hole card ['C7', 'C3'], current stack 1467
player [RaphaelPlayer] gets hole card ['H8', 'DQ'], current stack 1358
player [SichengZuo] gets hole card ['ST', 'S9'], current stack 945
player [HakulaPlayer] gets hole card ['HJ', 'SK'], current stack 1355
player [Ethan] gets hole card ['D2', 'S5'], current stack 860
player [YangZ] gets hole card ['D3', 'CQ'], current stack 955
player [Finneas] gets hole card ['H3', 'S4'], current stack 1045
Started the round 25
Street "preflop" started. (community card = [])
"HakulaPlayer" declared "call:10"
"Ethan" declared "fold:0"
"YangZ" declared "fold:0"
"Finneas" declared "call:10"
"Zheng" declared "call:10"
"RaphaelPlayer" declared "call:10"
"SichengZuo" declared "fold:0"
Street "flop" started. (community card = ['HK', 'SA', 'C8'])
"RaphaelPlayer" declared "call:0"
"HakulaPlayer" declared "call:0"
"Finneas" declared "call:0"
"Zheng" declared "call:0"
Street "turn" started. (community card = ['HK', 'SA', 'C8', 'CJ'])
"RaphaelPlayer" declared "call:0"
"HakulaPlayer" declared "raise:74"
"Finneas" declared "fold:0"
"Zheng" declared "call:74"
"RaphaelPlayer" declared "call:74"
Street "river" started. (community card = ['HK', 'SA', 'C8', 'CJ', 'C6'])
"RaphaelPlayer" declared "call:0"
"HakulaPlayer" declared "raise:447"
"Zheng" declared "raise:1383"
"RaphaelPlayer" declared "fold:0"
"HakulaPlayer" declared "call:1383"
"['Zheng']" won the round 25 (stack = {'Zheng': 2926, 'RaphaelPlayer': 1279, 'SichengZuo': 945, 'Yuchun': 0, 'HakulaPlayer': 0, 'Ethan': 860, 'YangZ': 955, 'Finneas': 1035})
player [Zheng] gets hole card ['SA', 'S8'], current stack 2926
player [RaphaelPlayer] gets hole card ['HQ', 'S4'], current stack 1279
player [SichengZuo] gets hole card ['ST', 'CJ'], current stack 940
player [Ethan] gets hole card ['CQ', 'H8'], current stack 850
player [YangZ] gets hole card ['C6', 'H6'], current stack 955
player [Finneas] gets hole card ['HJ', 'S7'], current stack 1035
Started the round 26
Street "preflop" started. (community card = [])
"YangZ" declared "fold:0"
"Finneas" declared "call:10"
"Zheng" declared "call:10"
"RaphaelPlayer" declared "fold:0"
"SichengZuo" declared "fold:0"
"Ethan" declared "call:10"
Street "flop" started. (community card = ['D6', 'D7', 'C9'])
"Ethan" declared "call:0"
"Finneas" declared "call:0"
"Zheng" declared "call:0"
Street "turn" started. (community card = ['D6', 'D7', 'C9', 'C5'])
"Ethan" declared "raise:35"
"Finneas" declared "fold:0"
"Zheng" declared "raise:2916"
"Ethan" declared "call:2916"
Street "river" started. (community card = ['D6', 'D7', 'C9', 'C5', 'CT'])
"['Zheng', 'Ethan']" won the round 26 (stack = {'Zheng': 2933, 'RaphaelPlayer': 1279, 'SichengZuo': 940, 'Yuchun': 0, 'HakulaPlayer': 0, 'Ethan': 867, 'YangZ': 955, 'Finneas': 1025})
player [Zheng] gets hole card ['S2', 'C3'], current stack 2933
player [RaphaelPlayer] gets hole card ['D8', 'SA'], current stack 1279
player [SichengZuo] gets hole card ['SQ', 'CK'], current stack 940
player [Ethan] gets hole card ['DK', 'DJ'], current stack 862
player [YangZ] gets hole card ['D4', 'H9'], current stack 945
player [Finneas] gets hole card ['ST', 'H2'], current stack 1025
Started the round 27
Street "preflop" started. (community card = [])
"Finneas" declared "call:10"
"Zheng" declared "call:10"
"RaphaelPlayer" declared "raise:30"
"SichengZuo" declared "fold:0"
"Ethan" declared "raise:130"
"YangZ" declared "fold:0"
"Finneas" declared "fold:0"
"Zheng" declared "call:130"
"RaphaelPlayer" declared "call:130"
Street "flop" started. (community card = ['HT', 'S8', 'C9'])
"Ethan" declared "call:0"
"Zheng" declared "call:0"
"RaphaelPlayer" declared "call:0"
Street "turn" started. (community card = ['HT', 'S8', 'C9', 'DQ'])
"Ethan" declared "raise:410"
"Zheng" declared "fold:0"
"RaphaelPlayer" declared "call:410"
Street "river" started. (community card = ['HT', 'S8', 'C9', 'DQ', 'D3'])
"Ethan" declared "raise:327"
"RaphaelPlayer" declared "raise:739"
"['Ethan']" won the round 27 (stack = {'Zheng': 2803, 'RaphaelPlayer': 412, 'SichengZuo': 940, 'Yuchun': 0, 'HakulaPlayer': 0, 'Ethan': 1884, 'YangZ': 945, 'Finneas': 1015})
player [Zheng] gets hole card ['H5', 'DK'], current stack 2803
player [RaphaelPlayer] gets hole card ['S3', 'HQ'], current stack 412
player [SichengZuo] gets hole card ['DA', 'H2'], current stack 940
player [Ethan] gets hole card ['D4', 'D3'], current stack 1884
player [YangZ] gets hole card ['SQ', 'C6'], current stack 940
player [Finneas] gets hole card ['HA', 'S2'], current stack 1005
Started the round 28
Street "preflop" started. (community card = [])
"Zheng" declared "call:10"
"RaphaelPlayer" declared "fold:0"
"SichengZuo" declared "fold:0"
"Ethan" declared "fold:0"
"YangZ" declared "fold:0"
"Finneas" declared "call:10"
Street "flop" started. (community card = ['S5', 'DJ', 'S9'])
"Finneas" declared "call:0"
"Zheng" declared "call:0"
Street "turn" started. (community card = ['S5', 'DJ', 'S9', 'CJ'])
"Finneas" declared "call:0"
"Zheng" declared "call:0"
Street "river" started. (community card = ['S5', 'DJ', 'S9', 'CJ', 'HJ'])
"Finneas" declared "raise:507"
"Zheng" declared "fold:0"
"['Finneas']" won the round 28 (stack = {'Zheng': 2793, 'RaphaelPlayer': 412, 'SichengZuo': 940, 'Yuchun': 0, 'HakulaPlayer': 0, 'Ethan': 1884, 'YangZ': 940, 'Finneas': 1030})
player [Zheng] gets hole card ['D2', 'CT'], current stack 2783
player [RaphaelPlayer] gets hole card ['S4', 'D9'], current stack 412
player [SichengZuo] gets hole card ['S8', 'C2'], current stack 940
player [Ethan] gets hole card ['D4', 'H2'], current stack 1884
player [YangZ] gets hole card ['ST', 'C7'], current stack 940
player [Finneas] gets hole card ['H6', 'SK'], current stack 1025
Started the round 29
Street "preflop" started. (community card = [])
"RaphaelPlayer" declared "fold:0"
"SichengZuo" declared "fold:0"
"Ethan" declared "fold:0"
"YangZ" declared "fold:0"
"Finneas" declared "call:10"
"Zheng" declared "call:10"
Street "flop" started. (community card = ['S7', 'H3', 'D7'])
"Finneas" declared "call:0"
"Zheng" declared "call:0"
Street "turn" started. (community card = ['S7', 'H3', 'D7', 'H8'])
"Finneas" declared "call:0"
"Zheng" declared "call:0"
Street "river" started. (community card = ['S7', 'H3', 'D7', 'H8', 'DQ'])
"Finneas" declared "call:0"
"Zheng" declared "call:0"
"['Finneas']" won the round 29 (stack = {'Zheng': 2783, 'RaphaelPlayer': 412, 'SichengZuo': 940, 'Yuchun': 0, 'HakulaPlayer': 0, 'Ethan': 1884, 'YangZ': 940, 'Finneas': 1040})
player [Zheng] gets hole card ['D8', 'D2'], current stack 2778
player [RaphaelPlayer] gets hole card ['DA', 'DQ'], current stack 402
player [SichengZuo] gets hole card ['SA', 'D6'], current stack 940
player [Ethan] gets hole card ['S4', 'CA'], current stack 1884
player [YangZ] gets hole card ['H9', 'C7'], current stack 940
player [Finneas] gets hole card ['HQ', 'CT'], current stack 1040
Started the round 30
Street "preflop" started. (community card = [])
"SichengZuo" declared "fold:0"
"Ethan" declared "fold:0"
"YangZ" declared "fold:0"
"Finneas" declared "call:10"
"Zheng" declared "call:10"
"RaphaelPlayer" declared "raise:30"
"Finneas" declared "fold:0"
"Zheng" declared "call:30"
Street "flop" started. (community card = ['D7', 'S6', 'SJ'])
"Zheng" declared "call:0"
"RaphaelPlayer" declared "raise:80"
"Zheng" declared "call:80"
Street "turn" started. (community card = ['D7', 'S6', 'SJ', 'SK'])
"Zheng" declared "call:0"
"RaphaelPlayer" declared "call:0"
Street "river" started. (community card = ['D7', 'S6', 'SJ', 'SK', 'CK'])
"Zheng" declared "call:0"
"RaphaelPlayer" declared "call:0"
"['RaphaelPlayer']" won the round 30 (stack = {'Zheng': 2673, 'RaphaelPlayer': 532, 'SichengZuo': 940, 'Yuchun': 0, 'HakulaPlayer': 0, 'Ethan': 1884, 'YangZ': 940, 'Finneas': 1030})
player [Zheng] gets hole card ['HQ', 'H9'], current stack 2673
player [RaphaelPlayer] gets hole card ['DK', 'H8'], current stack 527
player [SichengZuo] gets hole card ['HJ', 'H4'], current stack 930
player [Ethan] gets hole card ['D7', 'H6'], current stack 1884
player [YangZ] gets hole card ['S5', 'D5'], current stack 940
player [Finneas] gets hole card ['SJ', 'D4'], current stack 1030
Started the round 31
Street "preflop" started. (community card = [])
"Ethan" declared "fold:0"
"YangZ" declared "fold:0"
"Finneas" declared "call:10"
"Zheng" declared "call:10"
"RaphaelPlayer" declared "call:10"
"SichengZuo" declared "fold:0"
Street "flop" started. (community card = ['C8', 'CA', 'S7'])
"RaphaelPlayer" declared "call:0"
"Finneas" declared "call:0"
"Zheng" declared "call:0"
Street "turn" started. (community card = ['C8', 'CA', 'S7', 'D8'])
"RaphaelPlayer" declared "raise:50"
"Finneas" declared "fold:0"
"Zheng" declared "call:50"
Street "river" started. (community card = ['C8', 'CA', 'S7', 'D8', 'C9'])
"RaphaelPlayer" declared "raise:150"
"Zheng" declared "call:150"
"['RaphaelPlayer']" won the round 31 (stack = {'Zheng': 2463, 'RaphaelPlayer': 762, 'SichengZuo': 930, 'Yuchun': 0, 'HakulaPlayer': 0, 'Ethan': 1884, 'YangZ': 940, 'Finneas': 1020})
player [Zheng] gets hole card ['D7', 'DK'], current stack 2463
player [RaphaelPlayer] gets hole card ['C9', 'S8'], current stack 762
player [SichengZuo] gets hole card ['CA', 'D3'], current stack 925
player [Ethan] gets hole card ['S7', 'D9'], current stack 1874
player [YangZ] gets hole card ['CT', 'HQ'], current stack 940
player [Finneas] gets hole card ['C5', 'D4'], current stack 1020
Started the round 32
Street "preflop" started. (community card = [])
"YangZ" declared "fold:0"
"Finneas" declared "call:10"
"Zheng" declared "call:10"
"RaphaelPlayer" declared "fold:0"
"SichengZuo" declared "fold:0"
"Ethan" declared "fold:0"
Street "flop" started. (community card = ['DT', 'SJ', 'H8'])
"Finneas" declared "call:0"
"Zheng" declared "call:0"
Street "turn" started. (community card = ['DT', 'SJ', 'H8', 'DA'])
"Finneas" declared "call:0"
"Zheng" declared "call:0"
Street "river" started. (community card = ['DT', 'SJ', 'H8', 'DA', 'H2'])
"Finneas" declared "call:0"
"Zheng" declared "call:0"
"['Zheng']" won the round 32 (stack = {'Zheng': 2488, 'RaphaelPlayer': 762, 'SichengZuo': 925, 'Yuchun': 0, 'HakulaPlayer': 0, 'Ethan': 1874, 'YangZ': 940, 'Finneas': 1010})
player [Zheng] gets hole card ['HK', 'C8'], current stack 2488
player [RaphaelPlayer] gets hole card ['H9', 'C9'], current stack 762
player [SichengZuo] gets hole card ['H7', 'S3'], current stack 925
player [Ethan] gets hole card ['S8', 'SA'], current stack 1869
player [YangZ] gets hole card ['C3', 'DJ'], current stack 930
player [Finneas] gets hole card ['C4', 'S9'], current stack 1010
Started the round 33
Street "preflop" started. (community card = [])
"Finneas" declared "call:10"
"Zheng" declared "call:10"
"RaphaelPlayer" declared "raise:30"
"SichengZuo" declared "fold:0"
"Ethan" declared "fold:0"
"YangZ" declared "fold:0"
"Finneas" declared "fold:0"
"Zheng" declared "call:30"
Street "flop" started. (community card = ['D7', 'CQ', 'CT'])
"Zheng" declared "call:0"
"RaphaelPlayer" declared "raise:95"
"Zheng" declared "call:95"
Street "turn" started. (community card = ['D7', 'CQ', 'CT', 'H5'])
"Zheng" declared "call:0"
"RaphaelPlayer" declared "raise:285"
"Zheng" declared "fold:0"
"['RaphaelPlayer']" won the round 33 (stack = {'Zheng': 2363, 'RaphaelPlayer': 912, 'SichengZuo': 925, 'Yuchun': 0, 'HakulaPlayer': 0, 'Ethan': 1869, 'YangZ': 930, 'Finneas': 1000})
player [Zheng] gets hole card ['H3', 'CA'], current stack 2363
player [RaphaelPlayer] gets hole card ['D6', 'SQ'], current stack 912
player [SichengZuo] gets hole card ['HJ', 'D2'], current stack 925
player [Ethan] gets hole card ['HT', 'C5'], current stack 1869
player [YangZ] gets hole card ['C2', 'S7'], current stack 925
player [Finneas] gets hole card ['DT', 'S4'], current stack 990
Started the round 34
Street "preflop" started. (community card = [])
"Zheng" declared "call:10"
"RaphaelPlayer" declared "fold:0"
"SichengZuo" declared "fold:0"
"Ethan" declared "fold:0"
"YangZ" declared "fold:0"
"Finneas" declared "call:10"
Street "flop" started. (community card = ['CQ', 'DJ', 'H4'])
"Finneas" declared "call:0"
"Zheng" declared "call:0"
Street "turn" started. (community card = ['CQ', 'DJ', 'H4', 'SA'])
"Finneas" declared "call:0"
"Zheng" declared "call:0"
Street "river" started. (community card = ['CQ', 'DJ', 'H4', 'SA', 'D5'])
"Finneas" declared "call:0"
"Zheng" declared "call:0"
"['Zheng']" won the round 34 (stack = {'Zheng': 2378, 'RaphaelPlayer': 912, 'SichengZuo': 925, 'Yuchun': 0, 'HakulaPlayer': 0, 'Ethan': 1869, 'YangZ': 925, 'Finneas': 990})
player [Zheng] gets hole card ['S4', 'C3'], current stack 2368
player [RaphaelPlayer] gets hole card ['S9', 'S8'], current stack 912
player [SichengZuo] gets hole card ['H6', 'D2'], current stack 925
player [Ethan] gets hole card ['HT', 'SQ'], current stack 1869
player [YangZ] gets hole card ['DA', 'C2'], current stack 925
player [Finneas] gets hole card ['HA', 'SA'], current stack 985
Started the round 35
Street "preflop" started. (community card = [])
"RaphaelPlayer" declared "call:10"
"SichengZuo" declared "fold:0"
"Ethan" declared "fold:0"
"YangZ" declared "fold:0"
"Finneas" declared "raise:502"
"Zheng" declared "fold:0"
"RaphaelPlayer" declared "fold:0"
"['Finneas']" won the round 35 (stack = {'Zheng': 2368, 'RaphaelPlayer': 902, 'SichengZuo': 925, 'Yuchun': 0, 'HakulaPlayer': 0, 'Ethan': 1869, 'YangZ': 925, 'Finneas': 1010})
player [Zheng] gets hole card ['CQ', 'D9'], current stack 2363
player [RaphaelPlayer] gets hole card ['D4', 'HT'], current stack 892
player [SichengZuo] gets hole card ['H5', 'SK'], current stack 925
player [Ethan] gets hole card ['D7', 'S4'], current stack 1869
player [YangZ] gets hole card ['D6', 'D5'], current stack 925
player [Finneas] gets hole card ['CJ', 'DT'], current stack 1010
Started the round 36
Street "preflop" started. (community card = [])
"SichengZuo" declared "fold:0"
"Ethan" declared "fold:0"
"YangZ" declared "fold:0"
"Finneas" declared "call:10"
"Zheng" declared "call:10"
"RaphaelPlayer" declared "fold:0"
Street "flop" started. (community card = ['ST', 'DK', 'D3'])
"Zheng" declared "call:0"
"Finneas" declared "call:0"
Street "turn" started. (community card = ['ST', 'DK', 'D3', 'HJ'])
"Zheng" declared "raise:2358"
"Finneas" declared "fold:0"
"['Zheng']" won the round 36 (stack = {'Zheng': 2388, 'RaphaelPlayer': 892, 'SichengZuo': 925, 'Yuchun': 0, 'HakulaPlayer': 0, 'Ethan': 1869, 'YangZ': 925, 'Finneas': 1000})
player [Zheng] gets hole card ['C5', 'D4'], current stack 2388
player [RaphaelPlayer] gets hole card ['C3', 'S2'], current stack 887
player [SichengZuo] gets hole card ['SK', 'S4'], current stack 915
player [Ethan] gets hole card ['H5', 'C9'], current stack 1869
player [YangZ] gets hole card ['D5', 'S9'], current stack 925
player [Finneas] gets hole card ['SA', 'S5'], current stack 1000
Started the round 37
Street "preflop" started. (community card = [])
"Ethan" declared "fold:0"
"YangZ" declared "fold:0"
"Finneas" declared "call:10"
"Zheng" declared "call:10"
"RaphaelPlayer" declared "fold:0"
"SichengZuo" declared "fold:0"
Street "flop" started. (community card = ['D7', 'C6', 'DK'])
"Finneas" declared "call:0"
"Zheng" declared "call:0"
Street "turn" started. (community card = ['D7', 'C6', 'DK', 'HQ'])
"Finneas" declared "call:0"
"Zheng" declared "call:0"
Street "river" started. (community card = ['D7', 'C6', 'DK', 'HQ', 'CA'])
"Finneas" declared "call:0"
"Zheng" declared "call:0"
"['Finneas']" won the round 37 (stack = {'Zheng': 2378, 'RaphaelPlayer': 887, 'SichengZuo': 915, 'Yuchun': 0, 'HakulaPlayer': 0, 'Ethan': 1869, 'YangZ': 925, 'Finneas': 1025})
player [Zheng] gets hole card ['H9', 'D6'], current stack 2378
player [RaphaelPlayer] gets hole card ['H7', 'CT'], current stack 887
player [SichengZuo] gets hole card ['CQ', 'C6'], current stack 910
player [Ethan] gets hole card ['S6', 'D3'], current stack 1859
player [YangZ] gets hole card ['D8', 'SA'], current stack 925
player [Finneas] gets hole card ['S2', 'C7'], current stack 1025
Started the round 38
Street "preflop" started. (community card = [])
"YangZ" declared "fold:0"
"Finneas" declared "call:10"
"Zheng" declared "call:10"
"RaphaelPlayer" declared "fold:0"
"SichengZuo" declared "fold:0"
"Ethan" declared "fold:0"
Street "flop" started. (community card = ['S7', 'S3', 'S8'])
"Finneas" declared "call:0"
"Zheng" declared "call:0"
Street "turn" started. (community card = ['S7', 'S3', 'S8', 'S5'])
"Finneas" declared "raise:512"
"Zheng" declared "fold:0"
"['Finneas']" won the round 38 (stack = {'Zheng': 2368, 'RaphaelPlayer': 887, 'SichengZuo': 910, 'Yuchun': 0, 'HakulaPlayer': 0, 'Ethan': 1859, 'YangZ': 925, 'Finneas': 1050})
player [Zheng] gets hole card ['DK', 'H8'], current stack 2368
player [RaphaelPlayer] gets hole card ['S4', 'S5'], current stack 887
player [SichengZuo] gets hole card ['DQ', 'C7'], current stack 910
player [Ethan] gets hole card ['D3', 'D6'], current stack 1854
player [YangZ] gets hole card ['H3', 'H6'], current stack 915
player [Finneas] gets hole card ['SA', 'H7'], current stack 1050
Started the round 39
Street "preflop" started. (community card = [])
"Finneas" declared "call:10"
"Zheng" declared "call:10"
"RaphaelPlayer" declared "fold:0"
"SichengZuo" declared "fold:0"
"Ethan" declared "fold:0"
"YangZ" declared "fold:0"
Street "flop" started. (community card = ['HQ', 'S2', 'D8'])
"Finneas" declared "call:0"
"Zheng" declared "call:0"
Street "turn" started. (community card = ['HQ', 'S2', 'D8', 'S7'])
"Finneas" declared "call:0"
"Zheng" declared "call:0"
Street "river" started. (community card = ['HQ', 'S2', 'D8', 'S7', 'HT'])
"Finneas" declared "call:0"
"Zheng" declared "call:0"
"['Zheng']" won the round 39 (stack = {'Zheng': 2393, 'RaphaelPlayer': 887, 'SichengZuo': 910, 'Yuchun': 0, 'HakulaPlayer': 0, 'Ethan': 1854, 'YangZ': 915, 'Finneas': 1040})
player [Zheng] gets hole card ['HA', 'H7'], current stack 2393
player [RaphaelPlayer] gets hole card ['H8', 'SA'], current stack 887
player [SichengZuo] gets hole card ['CK', 'C3'], current stack 910
player [Ethan] gets hole card ['C4', 'CT'], current stack 1854
player [YangZ] gets hole card ['D7', 'ST'], current stack 910
player [Finneas] gets hole card ['H9', 'H3'], current stack 1030
Started the round 40
Street "preflop" started. (community card = [])
"Zheng" declared "call:10"
"RaphaelPlayer" declared "call:10"
"SichengZuo" declared "fold:0"
"Ethan" declared "fold:0"
"YangZ" declared "fold:0"
"Finneas" declared "call:10"
Street "flop" started. (community card = ['D3', 'HK', 'SJ'])
"Finneas" declared "call:0"
"Zheng" declared "call:0"
"RaphaelPlayer" declared "call:0"
Street "turn" started. (community card = ['D3', 'HK', 'SJ', 'S9'])
"Finneas" declared "call:0"
"Zheng" declared "call:0"
"RaphaelPlayer" declared "call:0"
Street "river" started. (community card = ['D3', 'HK', 'SJ', 'S9', 'S4'])
"Finneas" declared "call:0"
"Zheng" declared "call:0"
"RaphaelPlayer" declared "call:0"
"['Finneas']" won the round 40 (stack = {'Zheng': 2383, 'RaphaelPlayer': 877, 'SichengZuo': 910, 'Yuchun': 0, 'HakulaPlayer': 0, 'Ethan': 1854, 'YangZ': 910, 'Finneas': 1065})
player [Zheng] gets hole card ['C2', 'DT'], current stack 2373
player [RaphaelPlayer] gets hole card ['C9', 'CA'], current stack 877
player [SichengZuo] gets hole card ['H7', 'H2'], current stack 910
player [Ethan] gets hole card ['C3', 'D7'], current stack 1854
player [YangZ] gets hole card ['CK', 'H3'], current stack 910
player [Finneas] gets hole card ['SK', 'H9'], current stack 1060
Started the round 41
Street "preflop" started. (community card = [])
"RaphaelPlayer" declared "raise:30"
"SichengZuo" declared "fold:0"
"Ethan" declared "fold:0"
"YangZ" declared "fold:0"
"Finneas" declared "fold:0"
"Zheng" declared "call:30"
Street "flop" started. (community card = ['D6', 'S7', 'D4'])
"Zheng" declared "call:0"
"RaphaelPlayer" declared "call:0"
Street "turn" started. (community card = ['D6', 'S7', 'D4', 'DA'])
"Zheng" declared "call:0"
"RaphaelPlayer" declared "raise:75"
"Zheng" declared "call:75"
Street "river" started. (community card = ['D6', 'S7', 'D4', 'DA', 'S3'])
"Zheng" declared "call:0"
"RaphaelPlayer" declared "raise:225"
"Zheng" declared "fold:0"
"['RaphaelPlayer']" won the round 41 (stack = {'Zheng': 2278, 'RaphaelPlayer': 987, 'SichengZuo': 910, 'Yuchun': 0, 'HakulaPlayer': 0, 'Ethan': 1854, 'YangZ': 910, 'Finneas': 1060})
player [Zheng] gets hole card ['SK', 'DQ'], current stack 2273
player [RaphaelPlayer] gets hole card ['CJ', 'CQ'], current stack 977
player [SichengZuo] gets hole card ['CA', 'S5'], current stack 910
player [Ethan] gets hole card ['SQ', 'C7'], current stack 1854
player [YangZ] gets hole card ['DJ', 'S8'], current stack 910
player [Finneas] gets hole card ['SJ', 'C8'], current stack 1060
Started the round 42
Street "preflop" started. (community card = [])
"SichengZuo" declared "fold:0"
"Ethan" declared "fold:0"
"YangZ" declared "fold:0"
"Finneas" declared "call:10"
"Zheng" declared "call:10"
"RaphaelPlayer" declared "call:10"
Street "flop" started. (community card = ['HQ', 'CK', 'D3'])
"Zheng" declared "raise:1139"
"RaphaelPlayer" declared "call:1139"
"Finneas" declared "fold:0"
Street "turn" started. (community card = ['HQ', 'CK', 'D3', 'HT'])
Street "river" started. (community card = ['HQ', 'CK', 'D3', 'HT', 'H5'])
"['Zheng']" won the round 42 (stack = {'Zheng': 3275, 'RaphaelPlayer': 0, 'SichengZuo': 910, 'Yuchun': 0, 'HakulaPlayer': 0, 'Ethan': 1854, 'YangZ': 910, 'Finneas': 1050})
player [Zheng] gets hole card ['HT', 'S2'], current stack 3275
player [SichengZuo] gets hole card ['HQ', 'CK'], current stack 905
player [Ethan] gets hole card ['H7', 'SQ'], current stack 1844
player [YangZ] gets hole card ['D3', 'SA'], current stack 910
player [Finneas] gets hole card ['C4', 'CT'], current stack 1050
Started the round 43
Street "preflop" started. (community card = [])
"YangZ" declared "fold:0"
"Finneas" declared "call:10"
"Zheng" declared "call:10"
"SichengZuo" declared "fold:0"
"Ethan" declared "fold:0"
Street "flop" started. (community card = ['D9', 'H6', 'DK'])
"Finneas" declared "call:0"
"Zheng" declared "call:0"
Street "turn" started. (community card = ['D9', 'H6', 'DK', 'S6'])
"Finneas" declared "call:0"
"Zheng" declared "call:0"
Street "river" started. (community card = ['D9', 'H6', 'DK', 'S6', 'HJ'])
"Finneas" declared "call:0"
"Zheng" declared "call:0"
"['Zheng', 'Finneas']" won the round 43 (stack = {'Zheng': 3282, 'RaphaelPlayer': 0, 'SichengZuo': 905, 'Yuchun': 0, 'HakulaPlayer': 0, 'Ethan': 1844, 'YangZ': 910, 'Finneas': 1057})
player [Zheng] gets hole card ['S3', 'C7'], current stack 3282
player [SichengZuo] gets hole card ['C2', 'D2'], current stack 905
player [Ethan] gets hole card ['D9', 'ST'], current stack 1839
player [YangZ] gets hole card ['HA', 'DJ'], current stack 900
player [Finneas] gets hole card ['S9', 'SK'], current stack 1057
Started the round 44
Street "preflop" started. (community card = [])
"Finneas" declared "call:10"
"Zheng" declared "call:10"
"SichengZuo" declared "fold:0"
"Ethan" declared "fold:0"
"YangZ" declared "fold:0"
Street "flop" started. (community card = ['SJ', 'HJ', 'C5'])
"Finneas" declared "call:0"
"Zheng" declared "call:0"
Street "turn" started. (community card = ['SJ', 'HJ', 'C5', 'DK'])
"Finneas" declared "call:0"
"Zheng" declared "call:0"
Street "river" started. (community card = ['SJ', 'HJ', 'C5', 'DK', 'C4'])
"Finneas" declared "call:0"
"Zheng" declared "call:0"
"['Finneas']" won the round 44 (stack = {'Zheng': 3272, 'RaphaelPlayer': 0, 'SichengZuo': 905, 'Yuchun': 0, 'HakulaPlayer': 0, 'Ethan': 1839, 'YangZ': 900, 'Finneas': 1082})
player [Zheng] gets hole card ['S4', 'S3'], current stack 3272
player [SichengZuo] gets hole card ['CJ', 'S6'], current stack 905
player [Ethan] gets hole card ['H7', 'S9'], current stack 1839
player [YangZ] gets hole card ['D8', 'DK'], current stack 895
player [Finneas] gets hole card ['C5', 'C3'], current stack 1072
Started the round 45
Street "preflop" started. (community card = [])
"Zheng" declared "call:10"
"SichengZuo" declared "fold:0"
"Ethan" declared "fold:0"
"YangZ" declared "fold:0"
"Finneas" declared "call:10"
Street "flop" started. (community card = ['H5', 'C4', 'ST'])
"Finneas" declared "call:0"
"Zheng" declared "call:0"
Street "turn" started. (community card = ['H5', 'C4', 'ST', 'CA'])
"Finneas" declared "call:0"
"Zheng" declared "call:0"
Street "river" started. (community card = ['H5', 'C4', 'ST', 'CA', 'H3'])
"Finneas" declared "call:0"
"Zheng" declared "call:0"
"['Finneas']" won the round 45 (stack = {'Zheng': 3262, 'RaphaelPlayer': 0, 'SichengZuo': 905, 'Yuchun': 0, 'HakulaPlayer': 0, 'Ethan': 1839, 'YangZ': 895, 'Finneas': 1097})
player [Zheng] gets hole card ['S9', 'DT'], current stack 3252
player [SichengZuo] gets hole card ['D7', 'C5'], current stack 905
player [Ethan] gets hole card ['C4', 'D2'], current stack 1839
player [YangZ] gets hole card ['S3', 'DJ'], current stack 895
player [Finneas] gets hole card ['S6', 'DQ'], current stack 1092
Started the round 46
Street "preflop" started. (community card = [])
"SichengZuo" declared "fold:0"
"Ethan" declared "fold:0"
"YangZ" declared "fold:0"
"Finneas" declared "call:10"
"Zheng" declared "call:10"
Street "flop" started. (community card = ['D6', 'S5', 'C7'])
"Finneas" declared "call:0"
"Zheng" declared "call:0"
Street "turn" started. (community card = ['D6', 'S5', 'C7', 'S8'])
"Finneas" declared "call:0"
"Zheng" declared "raise:3252"
"Finneas" declared "fold:0"
"['Zheng']" won the round 46 (stack = {'Zheng': 3272, 'RaphaelPlayer': 0, 'SichengZuo': 905, 'Yuchun': 0, 'HakulaPlayer': 0, 'Ethan': 1839, 'YangZ': 895, 'Finneas': 1087})
player [Zheng] gets hole card ['SQ', 'D3'], current stack 3267
player [SichengZuo] gets hole card ['HJ', 'H5'], current stack 895
player [Ethan] gets hole card ['D9', 'DT'], current stack 1839
player [YangZ] gets hole card ['S6', 'H6'], current stack 895
player [Finneas] gets hole card ['SA', 'C3'], current stack 1087
Started the round 47
Street "preflop" started. (community card = [])
"Ethan" declared "fold:0"
"YangZ" declared "fold:0"
"Finneas" declared "call:10"
"Zheng" declared "call:10"
"SichengZuo" declared "fold:0"
Street "flop" started. (community card = ['C4', 'H2', 'HT'])
"Zheng" declared "call:0"
"Finneas" declared "call:0"
Street "turn" started. (community card = ['C4', 'H2', 'HT', 'C8'])
"Zheng" declared "call:0"
"Finneas" declared "call:0"
Street "river" started. (community card = ['C4', 'H2', 'HT', 'C8', 'H3'])
"Zheng" declared "call:0"
"Finneas" declared "call:0"
"['Finneas']" won the round 47 (stack = {'Zheng': 3262, 'RaphaelPlayer': 0, 'SichengZuo': 895, 'Yuchun': 0, 'HakulaPlayer': 0, 'Ethan': 1839, 'YangZ': 895, 'Finneas': 1107})
player [Zheng] gets hole card ['HJ', 'H4'], current stack 3262
player [SichengZuo] gets hole card ['SQ', 'HT'], current stack 890
player [Ethan] gets hole card ['DT', 'CK'], current stack 1829
player [YangZ] gets hole card ['SJ', 'C5'], current stack 895
player [Finneas] gets hole card ['D3', 'S5'], current stack 1107
Started the round 48
Street "preflop" started. (community card = [])
"YangZ" declared "fold:0"
"Finneas" declared "call:10"
"Zheng" declared "call:10"
"SichengZuo" declared "fold:0"
"Ethan" declared "call:10"
Street "flop" started. (community card = ['H8', 'S2', 'H3'])
"Ethan" declared "call:0"
"Finneas" declared "call:0"
"Zheng" declared "call:0"
Street "turn" started. (community card = ['H8', 'S2', 'H3', 'D9'])
"Ethan" declared "call:0"
"Finneas" declared "call:0"
"Zheng" declared "call:0"
Street "river" started. (community card = ['H8', 'S2', 'H3', 'D9', 'S9'])
"Ethan" declared "call:0"
"Finneas" declared "call:0"
"Zheng" declared "call:0"
"['Finneas']" won the round 48 (stack = {'Zheng': 3252, 'RaphaelPlayer': 0, 'SichengZuo': 890, 'Yuchun': 0, 'HakulaPlayer': 0, 'Ethan': 1829, 'YangZ': 895, 'Finneas': 1132})
player [Zheng] gets hole card ['H9', 'D2'], current stack 3252
player [SichengZuo] gets hole card ['C6', 'SJ'], current stack 890
player [Ethan] gets hole card ['H5', 'DA'], current stack 1824
player [YangZ] gets hole card ['DT', 'D3'], current stack 885
player [Finneas] gets hole card ['C5', 'D9'], current stack 1132
Started the round 49
Street "preflop" started. (community card = [])
"Finneas" declared "call:10"
"Zheng" declared "call:10"
"SichengZuo" declared "fold:0"
"Ethan" declared "fold:0"
"YangZ" declared "fold:0"
Street "flop" started. (community card = ['HJ', 'C3', 'HQ'])
"Finneas" declared "call:0"
"Zheng" declared "call:0"
Street "turn" started. (community card = ['HJ', 'C3', 'HQ', 'CK'])
"Finneas" declared "call:0"
"Zheng" declared "call:0"
Street "river" started. (community card = ['HJ', 'C3', 'HQ', 'CK', 'C4'])
"Finneas" declared "call:0"
"Zheng" declared "call:0"
"['Finneas']" won the round 49 (stack = {'Zheng': 3242, 'RaphaelPlayer': 0, 'SichengZuo': 890, 'Yuchun': 0, 'HakulaPlayer': 0, 'Ethan': 1824, 'YangZ': 885, 'Finneas': 1157})
player [Zheng] gets hole card ['H9', 'CA'], current stack 3242
player [SichengZuo] gets hole card ['D7', 'S4'], current stack 890
player [Ethan] gets hole card ['SQ', 'CJ'], current stack 1824
player [YangZ] gets hole card ['H3', 'H7'], current stack 880
player [Finneas] gets hole card ['CK', 'H5'], current stack 1147
Started the round 50
Street "preflop" started. (community card = [])
"Zheng" declared "call:10"
"SichengZuo" declared "fold:0"
"Ethan" declared "raise:273"
"YangZ" declared "fold:0"
"Finneas" declared "fold:0"
"Zheng" declared "fold:0"
"['Ethan']" won the round 50 (stack = {'Zheng': 3232, 'RaphaelPlayer': 0, 'SichengZuo': 890, 'Yuchun': 0, 'HakulaPlayer': 0, 'Ethan': 1849, 'YangZ': 880, 'Finneas': 1147})

Game Results:
------------------------------------------------------------
Game 1:
Winner: Zheng (stack: 3232)
All players' stacks:
  Zheng: 3232
  RaphaelPlayer: 0
  SichengZuo: 890
  Yuchun: 0
  HakulaPlayer: 0
  Ethan: 1849
  YangZ: 880
  Finneas: 1147
------------------------------------------------------------
