player [Zheng] gets hole card ['H9', 'DK'], current stack 1000
player [RaphaelPlayer] gets hole card ['C2', 'CJ'], current stack 995
player [SichengZuo] gets hole card ['HQ', 'D8'], current stack 990
player [Yuchun] gets hole card ['S2', 'CA'], current stack 1000
player [HakulaPlayer] gets hole card ['S8', 'SA'], current stack 1000
player [Ethan] gets hole card ['DT', 'C9'], current stack 1000
player [YangZ] gets hole card ['S7', 'D7'], current stack 1000
player [Finneas] gets hole card ['D2', 'H4'], current stack 1000
Started the round 1
Street "preflop" started. (community card = [])
"Yuchun" declared "fold:0"
"HakulaPlayer" declared "call:10"
"Ethan" declared "fold:0"
"YangZ" declared "fold:0"
"Finneas" declared "call:10"
"Zheng" declared "call:10"
"RaphaelPlayer" declared "fold:0"
"SichengZuo" declared "fold:0"
Street "flop" started. (community card = ['C6', 'SQ', 'SK'])
"HakulaPlayer" declared "call:0"
"Finneas" declared "call:0"
"Zheng" declared "call:0"
Street "turn" started. (community card = ['C6', 'SQ', 'SK', 'CT'])
"HakulaPlayer" declared "call:0"
"Finneas" declared "call:0"
"Zheng" declared "call:0"
Street "river" started. (community card = ['C6', 'SQ', 'SK', 'CT', 'DA'])
"HakulaPlayer" declared "call:0"
"Finneas" declared "call:0"
"Zheng" declared "call:0"
"['HakulaPlayer']" won the round 1 (stack = {'Zheng': 990, 'RaphaelPlayer': 995, 'SichengZuo': 990, 'Yuchun': 1000, 'HakulaPlayer': 1035, 'Ethan': 1000, 'YangZ': 1000, 'Finneas': 990})
player [Zheng] gets hole card ['CT', 'HT'], current stack 990
player [RaphaelPlayer] gets hole card ['CK', 'H6'], current stack 995
player [SichengZuo] gets hole card ['HQ', 'D8'], current stack 985
player [Yuchun] gets hole card ['DT', 'D3'], current stack 990
player [HakulaPlayer] gets hole card ['CQ', 'HJ'], current stack 1035
player [Ethan] gets hole card ['DA', 'H4'], current stack 1000
player [YangZ] gets hole card ['DQ', 'S7'], current stack 1000
player [Finneas] gets hole card ['H3', 'H8'], current stack 990
Started the round 2
Street "preflop" started. (community card = [])
"HakulaPlayer" declared "fold:0"
"Ethan" declared "fold:0"
"YangZ" declared "fold:0"
"Finneas" declared "call:10"
"Zheng" declared "call:10"
"RaphaelPlayer" declared "call:10"
"SichengZuo" declared "fold:0"
"Yuchun" declared "fold:0"
Street "flop" started. (community card = ['H5', 'D4', 'C5'])
"Finneas" declared "call:0"
"Zheng" declared "call:0"
"RaphaelPlayer" declared "call:0"
Street "turn" started. (community card = ['H5', 'D4', 'C5', 'SK'])
"Finneas" declared "call:0"
"Zheng" declared "call:0"
"RaphaelPlayer" declared "raise:55"
"Finneas" declared "fold:0"
"Zheng" declared "fold:0"
"['RaphaelPlayer']" won the round 2 (stack = {'Zheng': 980, 'RaphaelPlayer': 1030, 'SichengZuo': 985, 'Yuchun': 990, 'HakulaPlayer': 1035, 'Ethan': 1000, 'YangZ': 1000, 'Finneas': 980})
player [Zheng] gets hole card ['D7', 'S6'], current stack 980
player [RaphaelPlayer] gets hole card ['S3', 'CJ'], current stack 1030
player [SichengZuo] gets hole card ['H8', 'CA'], current stack 985
player [Yuchun] gets hole card ['C7', 'DT'], current stack 985
player [HakulaPlayer] gets hole card ['D2', 'H9'], current stack 1025
player [Ethan] gets hole card ['D3', 'S4'], current stack 1000
player [YangZ] gets hole card ['C2', 'S9'], current stack 1000
player [Finneas] gets hole card ['CQ', 'ST'], current stack 980
Started the round 3
Street "preflop" started. (community card = [])
"Ethan" declared "fold:0"
"YangZ" declared "fold:0"
"Finneas" declared "call:10"
"Zheng" declared "call:10"
"RaphaelPlayer" declared "fold:0"
"SichengZuo" declared "fold:0"
"Yuchun" declared "fold:0"
"HakulaPlayer" declared "call:10"
Street "flop" started. (community card = ['HK', 'DQ', 'DJ'])
"HakulaPlayer" declared "call:0"
"Finneas" declared "call:0"
"Zheng" declared "call:0"
Street "turn" started. (community card = ['HK', 'DQ', 'DJ', 'H7'])
"HakulaPlayer" declared "call:0"
"Finneas" declared "call:0"
"Zheng" declared "call:0"
Street "river" started. (community card = ['HK', 'DQ', 'DJ', 'H7', 'C3'])
"HakulaPlayer" declared "call:0"
"Finneas" declared "call:0"
"Zheng" declared "call:0"
"['Finneas']" won the round 3 (stack = {'Zheng': 970, 'RaphaelPlayer': 1030, 'SichengZuo': 985, 'Yuchun': 985, 'HakulaPlayer': 1025, 'Ethan': 1000, 'YangZ': 1000, 'Finneas': 1005})
player [Zheng] gets hole card ['D2', 'ST'], current stack 970
player [RaphaelPlayer] gets hole card ['C5', 'S4'], current stack 1030
player [SichengZuo] gets hole card ['DJ', 'D7'], current stack 985
player [Yuchun] gets hole card ['DQ', 'HQ'], current stack 985
player [HakulaPlayer] gets hole card ['H8', 'S9'], current stack 1020
player [Ethan] gets hole card ['D8', 'CJ'], current stack 990
player [YangZ] gets hole card ['DK', 'C7'], current stack 1000
player [Finneas] gets hole card ['CA', 'C4'], current stack 1005
Started the round 4
Street "preflop" started. (community card = [])
"YangZ" declared "fold:0"
"Finneas" declared "call:10"
"Zheng" declared "call:10"
"RaphaelPlayer" declared "fold:0"
"SichengZuo" declared "fold:0"
"Yuchun" declared "fold:0"
"HakulaPlayer" declared "call:10"
"Ethan" declared "fold:0"
Street "flop" started. (community card = ['S2', 'H2', 'S6'])
"HakulaPlayer" declared "call:0"
"Finneas" declared "call:0"
"Zheng" declared "raise:960"
"HakulaPlayer" declared "fold:0"
"Finneas" declared "fold:0"
"['Zheng']" won the round 4 (stack = {'Zheng': 1000, 'RaphaelPlayer': 1030, 'SichengZuo': 985, 'Yuchun': 985, 'HakulaPlayer': 1015, 'Ethan': 990, 'YangZ': 1000, 'Finneas': 995})
player [Zheng] gets hole card ['SK', 'ST'], current stack 1000
player [RaphaelPlayer] gets hole card ['S2', 'D2'], current stack 1030
player [SichengZuo] gets hole card ['CA', 'CJ'], current stack 985
player [Yuchun] gets hole card ['H6', 'HK'], current stack 985
player [HakulaPlayer] gets hole card ['H9', 'C9'], current stack 1015
player [Ethan] gets hole card ['C8', 'D5'], current stack 985
player [YangZ] gets hole card ['SA', 'C5'], current stack 990
player [Finneas] gets hole card ['H3', 'H7'], current stack 995
Started the round 5
Street "preflop" started. (community card = [])
"Finneas" declared "call:10"
"Zheng" declared "call:10"
"RaphaelPlayer" declared "call:10"
"SichengZuo" declared "fold:0"
"Yuchun" declared "fold:0"
"HakulaPlayer" declared "raise:35"
"Ethan" declared "fold:0"
"YangZ" declared "fold:0"
"Finneas" declared "fold:0"
"Zheng" declared "fold:0"
"RaphaelPlayer" declared "call:35"
Street "flop" started. (community card = ['H4', 'D9', 'HJ'])
"RaphaelPlayer" declared "call:0"
"HakulaPlayer" declared "raise:131"
"RaphaelPlayer" declared "fold:0"
"['HakulaPlayer']" won the round 5 (stack = {'Zheng': 990, 'RaphaelPlayer': 995, 'SichengZuo': 985, 'Yuchun': 985, 'HakulaPlayer': 1085, 'Ethan': 985, 'YangZ': 990, 'Finneas': 985})
player [Zheng] gets hole card ['S5', 'H2'], current stack 990
player [RaphaelPlayer] gets hole card ['CT', 'D7'], current stack 995
player [SichengZuo] gets hole card ['D4', 'H7'], current stack 985
player [Yuchun] gets hole card ['C9', 'S9'], current stack 985
player [HakulaPlayer] gets hole card ['H9', 'H3'], current stack 1085
player [Ethan] gets hole card ['H6', 'DK'], current stack 985
player [YangZ] gets hole card ['HQ', 'SJ'], current stack 985
player [Finneas] gets hole card ['ST', 'CJ'], current stack 975
Started the round 6
Street "preflop" started. (community card = [])
"Zheng" declared "call:10"
"RaphaelPlayer" declared "fold:0"
"SichengZuo" declared "fold:0"
"Yuchun" declared "fold:0"
"HakulaPlayer" declared "call:10"
"Ethan" declared "fold:0"
"YangZ" declared "fold:0"
"Finneas" declared "call:10"
Street "flop" started. (community card = ['D8', 'S2', 'CQ'])
"Finneas" declared "call:0"
"Zheng" declared "call:0"
"HakulaPlayer" declared "call:0"
Street "turn" started. (community card = ['D8', 'S2', 'CQ', 'S7'])
"Finneas" declared "call:0"
"Zheng" declared "call:0"
"HakulaPlayer" declared "call:0"
Street "river" started. (community card = ['D8', 'S2', 'CQ', 'S7', 'DJ'])
"Finneas" declared "call:0"
"Zheng" declared "call:0"
"HakulaPlayer" declared "call:0"
"['Finneas']" won the round 6 (stack = {'Zheng': 980, 'RaphaelPlayer': 995, 'SichengZuo': 985, 'Yuchun': 985, 'HakulaPlayer': 1075, 'Ethan': 985, 'YangZ': 985, 'Finneas': 1010})
player [Zheng] gets hole card ['S8', 'H4'], current stack 970
player [RaphaelPlayer] gets hole card ['D6', 'CJ'], current stack 995
player [SichengZuo] gets hole card ['C9', 'H5'], current stack 985
player [Yuchun] gets hole card ['S9', 'HK'], current stack 985
player [HakulaPlayer] gets hole card ['C5', 'CQ'], current stack 1075
player [Ethan] gets hole card ['D9', 'H9'], current stack 985
player [YangZ] gets hole card ['C2', 'D4'], current stack 985
player [Finneas] gets hole card ['S3', 'H7'], current stack 1005
Started the round 7
Street "preflop" started. (community card = [])
"RaphaelPlayer" declared "fold:0"
"SichengZuo" declared "fold:0"
"Yuchun" declared "fold:0"
"HakulaPlayer" declared "fold:0"
"Ethan" declared "call:10"
"YangZ" declared "fold:0"
"Finneas" declared "call:10"
"Zheng" declared "call:10"
Street "flop" started. (community card = ['D2', 'ST', 'D3'])
"Finneas" declared "call:0"
"Zheng" declared "call:0"
"Ethan" declared "call:0"
Street "turn" started. (community card = ['D2', 'ST', 'D3', 'D5'])
"Finneas" declared "call:0"
"Zheng" declared "call:0"
"Ethan" declared "raise:30"
"Finneas" declared "fold:0"
"Zheng" declared "fold:0"
"['Ethan']" won the round 7 (stack = {'Zheng': 970, 'RaphaelPlayer': 995, 'SichengZuo': 985, 'Yuchun': 985, 'HakulaPlayer': 1075, 'Ethan': 1005, 'YangZ': 985, 'Finneas': 1000})
player [Zheng] gets hole card ['D8', 'S3'], current stack 965
player [RaphaelPlayer] gets hole card ['SQ', 'H5'], current stack 985
player [SichengZuo] gets hole card ['D6', 'S5'], current stack 985
player [Yuchun] gets hole card ['S6', 'D2'], current stack 985
player [HakulaPlayer] gets hole card ['DK', 'S7'], current stack 1075
player [Ethan] gets hole card ['HT', 'H8'], current stack 1005
player [YangZ] gets hole card ['SK', 'CK'], current stack 985
player [Finneas] gets hole card ['SJ', 'DA'], current stack 1000
Started the round 8
Street "preflop" started. (community card = [])
"SichengZuo" declared "fold:0"
"Yuchun" declared "fold:0"
"HakulaPlayer" declared "fold:0"
"Ethan" declared "fold:0"
"YangZ" declared "fold:0"
"Finneas" declared "call:10"
"Zheng" declared "call:10"
"RaphaelPlayer" declared "call:10"
Street "flop" started. (community card = ['HA', 'HK', 'C4'])
"Zheng" declared "call:0"
"RaphaelPlayer" declared "call:0"
"Finneas" declared "call:0"
Street "turn" started. (community card = ['HA', 'HK', 'C4', 'HQ'])
"Zheng" declared "call:0"
"RaphaelPlayer" declared "call:0"
"Finneas" declared "call:0"
Street "river" started. (community card = ['HA', 'HK', 'C4', 'HQ', 'C3'])
"Zheng" declared "call:0"
"RaphaelPlayer" declared "call:0"
"Finneas" declared "call:0"
"['Finneas']" won the round 8 (stack = {'Zheng': 960, 'RaphaelPlayer': 985, 'SichengZuo': 985, 'Yuchun': 985, 'HakulaPlayer': 1075, 'Ethan': 1005, 'YangZ': 985, 'Finneas': 1020})
player [Zheng] gets hole card ['S8', 'D4'], current stack 960
player [RaphaelPlayer] gets hole card ['C5', 'HT'], current stack 980
player [SichengZuo] gets hole card ['C6', 'SQ'], current stack 975
player [Yuchun] gets hole card ['CT', 'CQ'], current stack 985
player [HakulaPlayer] gets hole card ['C7', 'C9'], current stack 1075
player [Ethan] gets hole card ['S3', 'DT'], current stack 1005
player [YangZ] gets hole card ['SA', 'H5'], current stack 985
player [Finneas] gets hole card ['HJ', 'D2'], current stack 1020
Started the round 9
Street "preflop" started. (community card = [])
"Yuchun" declared "fold:0"
"HakulaPlayer" declared "fold:0"
"Ethan" declared "fold:0"
"YangZ" declared "fold:0"
"Finneas" declared "call:10"
"Zheng" declared "call:10"
"RaphaelPlayer" declared "fold:0"
"SichengZuo" declared "fold:0"
Street "flop" started. (community card = ['S4', 'D5', 'S7'])
"Finneas" declared "call:0"
"Zheng" declared "call:0"
Street "turn" started. (community card = ['S4', 'D5', 'S7', 'HK'])
"Finneas" declared "call:0"
"Zheng" declared "call:0"
Street "river" started. (community card = ['S4', 'D5', 'S7', 'HK', 'D6'])
"Finneas" declared "call:0"
"Zheng" declared "raise:950"
"Finneas" declared "fold:0"
"['Zheng']" won the round 9 (stack = {'Zheng': 985, 'RaphaelPlayer': 980, 'SichengZuo': 975, 'Yuchun': 985, 'HakulaPlayer': 1075, 'Ethan': 1005, 'YangZ': 985, 'Finneas': 1010})
player [Zheng] gets hole card ['S2', 'D9'], current stack 985
player [RaphaelPlayer] gets hole card ['C5', 'H2'], current stack 980
player [SichengZuo] gets hole card ['H9', 'D7'], current stack 970
player [Yuchun] gets hole card ['CT', 'DJ'], current stack 975
player [HakulaPlayer] gets hole card ['SJ', 'S7'], current stack 1075
player [Ethan] gets hole card ['C8', 'D5'], current stack 1005
player [YangZ] gets hole card ['D3', 'H5'], current stack 985
player [Finneas] gets hole card ['S9', 'SQ'], current stack 1010
Started the round 10
Street "preflop" started. (community card = [])
"HakulaPlayer" declared "fold:0"
"Ethan" declared "fold:0"
"YangZ" declared "fold:0"
"Finneas" declared "call:10"
"Zheng" declared "call:10"
"RaphaelPlayer" declared "fold:0"
"SichengZuo" declared "fold:0"
"Yuchun" declared "call:10"
Street "flop" started. (community card = ['CK', 'C6', 'D6'])
"Yuchun" declared "call:0"
"Finneas" declared "call:0"
"Zheng" declared "call:0"
Street "turn" started. (community card = ['CK', 'C6', 'D6', 'S6'])
"Yuchun" declared "call:0"
"Finneas" declared "raise:505"
"Zheng" declared "fold:0"
"Yuchun" declared "fold:0"
"['Finneas']" won the round 10 (stack = {'Zheng': 975, 'RaphaelPlayer': 980, 'SichengZuo': 970, 'Yuchun': 975, 'HakulaPlayer': 1075, 'Ethan': 1005, 'YangZ': 985, 'Finneas': 1035})
player [Zheng] gets hole card ['D2', 'HT'], current stack 975
player [RaphaelPlayer] gets hole card ['C4', 'CA'], current stack 980
player [SichengZuo] gets hole card ['HJ', 'D7'], current stack 970
player [Yuchun] gets hole card ['D8', 'H9'], current stack 970
player [HakulaPlayer] gets hole card ['SK', 'SA'], current stack 1065
player [Ethan] gets hole card ['HK', 'DQ'], current stack 1005
player [YangZ] gets hole card ['S4', 'DA'], current stack 985
player [Finneas] gets hole card ['H6', 'H5'], current stack 1035
Started the round 11
Street "preflop" started. (community card = [])
"Ethan" declared "raise:150"
"YangZ" declared "fold:0"
"Finneas" declared "fold:0"
"Zheng" declared "fold:0"
"RaphaelPlayer" declared "fold:0"
"SichengZuo" declared "fold:0"
"Yuchun" declared "call:150"
"HakulaPlayer" declared "fold:0"
Street "flop" started. (community card = ['C8', 'S3', 'D3'])
"Yuchun" declared "call:0"
"Ethan" declared "call:0"
Street "turn" started. (community card = ['C8', 'S3', 'D3', 'SJ'])
"Yuchun" declared "call:0"
"Ethan" declared "call:0"
Street "river" started. (community card = ['C8', 'S3', 'D3', 'SJ', 'C7'])
"Yuchun" declared "call:0"
"Ethan" declared "call:0"
"['Yuchun']" won the round 11 (stack = {'Zheng': 975, 'RaphaelPlayer': 980, 'SichengZuo': 970, 'Yuchun': 1135, 'HakulaPlayer': 1065, 'Ethan': 855, 'YangZ': 985, 'Finneas': 1035})
player [Zheng] gets hole card ['H9', 'S8'], current stack 975
player [RaphaelPlayer] gets hole card ['HJ', 'HT'], current stack 980
player [SichengZuo] gets hole card ['D9', 'S7'], current stack 970
player [Yuchun] gets hole card ['DQ', 'S6'], current stack 1135
player [HakulaPlayer] gets hole card ['H6', 'SQ'], current stack 1060
player [Ethan] gets hole card ['C9', 'H7'], current stack 845
player [YangZ] gets hole card ['C8', 'D8'], current stack 985
player [Finneas] gets hole card ['S9', 'C4'], current stack 1035
Started the round 12
Street "preflop" started. (community card = [])
"YangZ" declared "fold:0"
"Finneas" declared "call:10"
"Zheng" declared "call:10"
"RaphaelPlayer" declared "call:10"
"SichengZuo" declared "fold:0"
"Yuchun" declared "call:10"
"HakulaPlayer" declared "call:10"
"Ethan" declared "fold:0"
Street "flop" started. (community card = ['ST', 'H5', 'C2'])
"HakulaPlayer" declared "call:0"
"Finneas" declared "call:0"
"Zheng" declared "call:0"
"RaphaelPlayer" declared "call:0"
"Yuchun" declared "call:0"
Street "turn" started. (community card = ['ST', 'H5', 'C2', 'H8'])
"HakulaPlayer" declared "call:0"
"Finneas" declared "call:0"
"Zheng" declared "call:0"
"RaphaelPlayer" declared "raise:70"
"Yuchun" declared "fold:0"
"HakulaPlayer" declared "fold:0"
"Finneas" declared "fold:0"
"Zheng" declared "fold:0"
"['RaphaelPlayer']" won the round 12 (stack = {'Zheng': 965, 'RaphaelPlayer': 1030, 'SichengZuo': 970, 'Yuchun': 1125, 'HakulaPlayer': 1055, 'Ethan': 845, 'YangZ': 985, 'Finneas': 1025})
player [Zheng] gets hole card ['S9', 'HK'], current stack 965
player [RaphaelPlayer] gets hole card ['D8', 'DQ'], current stack 1030
player [SichengZuo] gets hole card ['CA', 'D5'], current stack 970
player [Yuchun] gets hole card ['S5', 'S4'], current stack 1125
player [HakulaPlayer] gets hole card ['HA', 'DT'], current stack 1055
player [Ethan] gets hole card ['H3', 'C8'], current stack 840
player [YangZ] gets hole card ['CQ', 'H9'], current stack 975
player [Finneas] gets hole card ['C4', 'C5'], current stack 1025
Started the round 13
Street "preflop" started. (community card = [])
"Finneas" declared "call:10"
"Zheng" declared "call:10"
"RaphaelPlayer" declared "call:10"
"SichengZuo" declared "fold:0"
"Yuchun" declared "call:10"
"HakulaPlayer" declared "raise:37"
"Ethan" declared "fold:0"
"YangZ" declared "fold:0"
"Finneas" declared "fold:0"
"Zheng" declared "fold:0"
"RaphaelPlayer" declared "call:37"
"Yuchun" declared "call:37"
Street "flop" started. (community card = ['S6', 'HJ', 'SK'])
"RaphaelPlayer" declared "call:0"
"Yuchun" declared "call:0"
"HakulaPlayer" declared "raise:109"
"RaphaelPlayer" declared "fold:0"
"Yuchun" declared "call:109"
Street "turn" started. (community card = ['S6', 'HJ', 'SK', 'HT'])
"Yuchun" declared "call:0"
"HakulaPlayer" declared "raise:459"
"Yuchun" declared "fold:0"
"['HakulaPlayer']" won the round 13 (stack = {'Zheng': 955, 'RaphaelPlayer': 993, 'SichengZuo': 970, 'Yuchun': 979, 'HakulaPlayer': 1273, 'Ethan': 840, 'YangZ': 975, 'Finneas': 1015})
player [Zheng] gets hole card ['D3', 'D6'], current stack 955
player [RaphaelPlayer] gets hole card ['HA', 'D7'], current stack 993
player [SichengZuo] gets hole card ['S2', 'SA'], current stack 970
player [Yuchun] gets hole card ['HK', 'D5'], current stack 979
player [HakulaPlayer] gets hole card ['C7', 'S3'], current stack 1273
player [Ethan] gets hole card ['C6', 'D8'], current stack 840
player [YangZ] gets hole card ['D4', 'S7'], current stack 970
player [Finneas] gets hole card ['CT', 'H6'], current stack 1005
Started the round 14
Street "preflop" started. (community card = [])
"Zheng" declared "call:10"
"RaphaelPlayer" declared "call:10"
"SichengZuo" declared "fold:0"
"Yuchun" declared "call:10"
"HakulaPlayer" declared "call:10"
"Ethan" declared "fold:0"
"YangZ" declared "fold:0"
"Finneas" declared "call:10"
Street "flop" started. (community card = ['SQ', 'C5', 'H7'])
"Finneas" declared "call:0"
"Zheng" declared "call:0"
"RaphaelPlayer" declared "call:0"
"Yuchun" declared "call:0"
"HakulaPlayer" declared "call:0"
Street "turn" started. (community card = ['SQ', 'C5', 'H7', 'DQ'])
"Finneas" declared "call:0"
"Zheng" declared "call:0"
"RaphaelPlayer" declared "call:0"
"Yuchun" declared "call:0"
"HakulaPlayer" declared "call:0"
Street "river" started. (community card = ['SQ', 'C5', 'H7', 'DQ', 'DT'])
"Finneas" declared "call:0"
"Zheng" declared "call:0"
"RaphaelPlayer" declared "call:0"
"Yuchun" declared "call:0"
"HakulaPlayer" declared "call:0"
"['Finneas']" won the round 14 (stack = {'Zheng': 945, 'RaphaelPlayer': 983, 'SichengZuo': 970, 'Yuchun': 969, 'HakulaPlayer': 1263, 'Ethan': 840, 'YangZ': 970, 'Finneas': 1060})
player [Zheng] gets hole card ['CQ', 'D7'], current stack 935
player [RaphaelPlayer] gets hole card ['S9', 'HJ'], current stack 983
player [SichengZuo] gets hole card ['H8', 'D8'], current stack 970
player [Yuchun] gets hole card ['HQ', 'CA'], current stack 969
player [HakulaPlayer] gets hole card ['S4', 'H6'], current stack 1263
player [Ethan] gets hole card ['DT', 'D4'], current stack 840
player [YangZ] gets hole card ['SK', 'HK'], current stack 970
player [Finneas] gets hole card ['S7', 'D5'], current stack 1055
Started the round 15
Street "preflop" started. (community card = [])
"RaphaelPlayer" declared "call:10"
"SichengZuo" declared "fold:0"
"Yuchun" declared "call:10"
"HakulaPlayer" declared "call:10"
"Ethan" declared "fold:0"
"YangZ" declared "fold:0"
"Finneas" declared "call:10"
"Zheng" declared "call:10"
Street "flop" started. (community card = ['DJ', 'CJ', 'DA'])
"Finneas" declared "call:0"
"Zheng" declared "call:0"
"RaphaelPlayer" declared "raise:60"
"Yuchun" declared "call:60"
"HakulaPlayer" declared "fold:0"
"Finneas" declared "fold:0"
"Zheng" declared "fold:0"
Street "turn" started. (community card = ['DJ', 'CJ', 'DA', 'C6'])
"RaphaelPlayer" declared "raise:180"
"Yuchun" declared "raise:899"
"RaphaelPlayer" declared "call:899"
Street "river" started. (community card = ['DJ', 'CJ', 'DA', 'C6', 'S3'])
"['RaphaelPlayer']" won the round 15 (stack = {'Zheng': 935, 'RaphaelPlayer': 1982, 'SichengZuo': 970, 'Yuchun': 0, 'HakulaPlayer': 1253, 'Ethan': 840, 'YangZ': 970, 'Finneas': 1050})
player [Zheng] gets hole card ['D2', 'CK'], current stack 930
player [RaphaelPlayer] gets hole card ['S6', 'H6'], current stack 1972
player [SichengZuo] gets hole card ['C2', 'DQ'], current stack 970
player [HakulaPlayer] gets hole card ['C5', 'SQ'], current stack 1253
player [Ethan] gets hole card ['DA', 'D8'], current stack 840
player [YangZ] gets hole card ['HT', 'SJ'], current stack 970
player [Finneas] gets hole card ['CA', 'C3'], current stack 1050
Started the round 16
Street "preflop" started. (community card = [])
"SichengZuo" declared "fold:0"
"HakulaPlayer" declared "fold:0"
"Ethan" declared "fold:0"
"YangZ" declared "fold:0"
"Finneas" declared "call:10"
"Zheng" declared "call:10"
"RaphaelPlayer" declared "raise:30"
"Finneas" declared "fold:0"
"Zheng" declared "fold:0"
"['RaphaelPlayer']" won the round 16 (stack = {'Zheng': 925, 'RaphaelPlayer': 2002, 'SichengZuo': 970, 'Yuchun': 0, 'HakulaPlayer': 1253, 'Ethan': 840, 'YangZ': 970, 'Finneas': 1040})
player [Zheng] gets hole card ['C6', 'CT'], current stack 925
player [RaphaelPlayer] gets hole card ['D6', 'D5'], current stack 1997
player [SichengZuo] gets hole card ['H6', 'DT'], current stack 960
player [HakulaPlayer] gets hole card ['S9', 'HT'], current stack 1253
player [Ethan] gets hole card ['H3', 'C4'], current stack 840
player [YangZ] gets hole card ['D8', 'D9'], current stack 970
player [Finneas] gets hole card ['HJ', 'HA'], current stack 1040
Started the round 17
Street "preflop" started. (community card = [])
"HakulaPlayer" declared "fold:0"
"Ethan" declared "fold:0"
"YangZ" declared "fold:0"
"Finneas" declared "call:10"
"Zheng" declared "call:10"
"RaphaelPlayer" declared "fold:0"
"SichengZuo" declared "fold:0"
Street "flop" started. (community card = ['S6', 'D2', 'D3'])
"Finneas" declared "call:0"
"Zheng" declared "call:0"
Street "turn" started. (community card = ['S6', 'D2', 'D3', 'CA'])
"Finneas" declared "call:0"
"Zheng" declared "call:0"
Street "river" started. (community card = ['S6', 'D2', 'D3', 'CA', 'HQ'])
"Finneas" declared "call:0"
"Zheng" declared "call:0"
"['Finneas']" won the round 17 (stack = {'Zheng': 915, 'RaphaelPlayer': 1997, 'SichengZuo': 960, 'Yuchun': 0, 'HakulaPlayer': 1253, 'Ethan': 840, 'YangZ': 970, 'Finneas': 1065})
player [Zheng] gets hole card ['C9', 'D3'], current stack 915
player [RaphaelPlayer] gets hole card ['S5', 'H2'], current stack 1997
player [SichengZuo] gets hole card ['D5', 'CJ'], current stack 955
player [HakulaPlayer] gets hole card ['S7', 'D4'], current stack 1243
player [Ethan] gets hole card ['H8', 'S2'], current stack 840
player [YangZ] gets hole card ['H4', 'HQ'], current stack 970
player [Finneas] gets hole card ['DK', 'S8'], current stack 1065
Started the round 18
Street "preflop" started. (community card = [])
"Ethan" declared "fold:0"
"YangZ" declared "fold:0"
"Finneas" declared "call:10"
"Zheng" declared "call:10"
"RaphaelPlayer" declared "fold:0"
"SichengZuo" declared "fold:0"
"HakulaPlayer" declared "call:10"
Street "flop" started. (community card = ['SQ', 'S9', 'HK'])
"HakulaPlayer" declared "call:0"
"Finneas" declared "call:0"
"Zheng" declared "call:0"
Street "turn" started. (community card = ['SQ', 'S9', 'HK', 'DJ'])
"HakulaPlayer" declared "call:0"
"Finneas" declared "call:0"
"Zheng" declared "call:0"
Street "river" started. (community card = ['SQ', 'S9', 'HK', 'DJ', 'C4'])
"HakulaPlayer" declared "call:0"
"Finneas" declared "call:0"
"Zheng" declared "call:0"
"['Finneas']" won the round 18 (stack = {'Zheng': 905, 'RaphaelPlayer': 1997, 'SichengZuo': 955, 'Yuchun': 0, 'HakulaPlayer': 1243, 'Ethan': 840, 'YangZ': 970, 'Finneas': 1090})
player [Zheng] gets hole card ['D8', 'H6'], current stack 905
player [RaphaelPlayer] gets hole card ['HT', 'H2'], current stack 1997
player [SichengZuo] gets hole card ['D6', 'SQ'], current stack 955
player [HakulaPlayer] gets hole card ['C6', 'H5'], current stack 1238
player [Ethan] gets hole card ['DT', 'CK'], current stack 830
player [YangZ] gets hole card ['C3', 'C4'], current stack 970
player [Finneas] gets hole card ['C8', 'CJ'], current stack 1090
Started the round 19
Street "preflop" started. (community card = [])
"YangZ" declared "fold:0"
"Finneas" declared "call:10"
"Zheng" declared "call:10"
"RaphaelPlayer" declared "fold:0"
"SichengZuo" declared "fold:0"
"HakulaPlayer" declared "call:10"
"Ethan" declared "fold:0"
Street "flop" started. (community card = ['D2', 'D7', 'H4'])
"HakulaPlayer" declared "call:0"
"Finneas" declared "call:0"
"Zheng" declared "call:0"
Street "turn" started. (community card = ['D2', 'D7', 'H4', 'CQ'])
"HakulaPlayer" declared "call:0"
"Finneas" declared "call:0"
"Zheng" declared "call:0"
Street "river" started. (community card = ['D2', 'D7', 'H4', 'CQ', 'D3'])
"HakulaPlayer" declared "raise:77"
"Finneas" declared "fold:0"
"Zheng" declared "fold:0"
"['HakulaPlayer']" won the round 19 (stack = {'Zheng': 895, 'RaphaelPlayer': 1997, 'SichengZuo': 955, 'Yuchun': 0, 'HakulaPlayer': 1273, 'Ethan': 830, 'YangZ': 970, 'Finneas': 1080})
player [Zheng] gets hole card ['SK', 'D9'], current stack 895
player [RaphaelPlayer] gets hole card ['S9', 'D6'], current stack 1997
player [SichengZuo] gets hole card ['H4', 'CK'], current stack 955
player [HakulaPlayer] gets hole card ['H7', 'C9'], current stack 1273
player [Ethan] gets hole card ['H5', 'H2'], current stack 825
player [YangZ] gets hole card ['DK', 'C3'], current stack 960
player [Finneas] gets hole card ['S7', 'DA'], current stack 1080
Started the round 20
Street "preflop" started. (community card = [])
"Finneas" declared "call:10"
"Zheng" declared "call:10"
"RaphaelPlayer" declared "fold:0"
"SichengZuo" declared "fold:0"
"HakulaPlayer" declared "call:10"
"Ethan" declared "fold:0"
"YangZ" declared "fold:0"
Street "flop" started. (community card = ['C2', 'S4', 'CT'])
"Finneas" declared "call:0"
"Zheng" declared "call:0"
"HakulaPlayer" declared "call:0"
Street "turn" started. (community card = ['C2', 'S4', 'CT', 'HT'])
"Finneas" declared "call:0"
"Zheng" declared "call:0"
"HakulaPlayer" declared "call:0"
Street "river" started. (community card = ['C2', 'S4', 'CT', 'HT', 'SQ'])
"Finneas" declared "call:0"
"Zheng" declared "call:0"
"HakulaPlayer" declared "call:0"
"['Finneas']" won the round 20 (stack = {'Zheng': 885, 'RaphaelPlayer': 1997, 'SichengZuo': 955, 'Yuchun': 0, 'HakulaPlayer': 1263, 'Ethan': 825, 'YangZ': 960, 'Finneas': 1115})
player [Zheng] gets hole card ['CT', 'SJ'], current stack 885
player [RaphaelPlayer] gets hole card ['DJ', 'ST'], current stack 1997
player [SichengZuo] gets hole card ['D9', 'S8'], current stack 955
player [HakulaPlayer] gets hole card ['C8', 'C3'], current stack 1263
player [Ethan] gets hole card ['C2', 'HJ'], current stack 825
player [YangZ] gets hole card ['H2', 'H4'], current stack 955
player [Finneas] gets hole card ['H8', 'C6'], current stack 1105
Started the round 21
Street "preflop" started. (community card = [])
"Zheng" declared "call:10"
"RaphaelPlayer" declared "call:10"
"SichengZuo" declared "fold:0"
"HakulaPlayer" declared "call:10"
"Ethan" declared "fold:0"
"YangZ" declared "fold:0"
"Finneas" declared "call:10"
Street "flop" started. (community card = ['SA', 'CK', 'C5'])
"Finneas" declared "call:0"
"Zheng" declared "call:0"
"RaphaelPlayer" declared "call:0"
"HakulaPlayer" declared "call:0"
Street "turn" started. (community card = ['SA', 'CK', 'C5', 'DK'])
"Finneas" declared "call:0"
"Zheng" declared "call:0"
"RaphaelPlayer" declared "call:0"
"HakulaPlayer" declared "call:0"
Street "river" started. (community card = ['SA', 'CK', 'C5', 'DK', 'D4'])
"Finneas" declared "call:0"
"Zheng" declared "call:0"
"RaphaelPlayer" declared "call:0"
"HakulaPlayer" declared "call:0"
"['Zheng', 'RaphaelPlayer']" won the round 21 (stack = {'Zheng': 897, 'RaphaelPlayer': 2009, 'SichengZuo': 955, 'Yuchun': 0, 'HakulaPlayer': 1253, 'Ethan': 825, 'YangZ': 955, 'Finneas': 1105})
player [Zheng] gets hole card ['C3', 'C9'], current stack 887
player [RaphaelPlayer] gets hole card ['SQ', 'DQ'], current stack 2009
player [SichengZuo] gets hole card ['HQ', 'D6'], current stack 955
player [HakulaPlayer] gets hole card ['S8', 'CJ'], current stack 1253
player [Ethan] gets hole card ['S2', 'C5'], current stack 825
player [YangZ] gets hole card ['S7', 'CQ'], current stack 955
player [Finneas] gets hole card ['D8', 'DT'], current stack 1100
Started the round 22
Street "preflop" started. (community card = [])
"RaphaelPlayer" declared "raise:40"
"SichengZuo" declared "fold:0"
"HakulaPlayer" declared "fold:0"
"Ethan" declared "fold:0"
"YangZ" declared "fold:0"
"Finneas" declared "fold:0"
"Zheng" declared "call:40"
Street "flop" started. (community card = ['D7', 'H5', 'DA'])
"Zheng" declared "call:0"
"RaphaelPlayer" declared "raise:95"
"Zheng" declared "call:95"
Street "turn" started. (community card = ['D7', 'H5', 'DA', 'CT'])
"Zheng" declared "call:0"
"RaphaelPlayer" declared "raise:285"
"Zheng" declared "fold:0"
"['RaphaelPlayer']" won the round 22 (stack = {'Zheng': 762, 'RaphaelPlayer': 2149, 'SichengZuo': 955, 'Yuchun': 0, 'HakulaPlayer': 1253, 'Ethan': 825, 'YangZ': 955, 'Finneas': 1100})
player [Zheng] gets hole card ['ST', 'D3'], current stack 757
player [RaphaelPlayer] gets hole card ['S5', 'D7'], current stack 2139
player [SichengZuo] gets hole card ['DK', 'HQ'], current stack 955
player [HakulaPlayer] gets hole card ['S3', 'CJ'], current stack 1253
player [Ethan] gets hole card ['DT', 'C3'], current stack 825
player [YangZ] gets hole card ['SK', 'DA'], current stack 955
player [Finneas] gets hole card ['D9', 'H2'], current stack 1100
Started the round 23
Street "preflop" started. (community card = [])
"SichengZuo" declared "fold:0"
"HakulaPlayer" declared "fold:0"
"Ethan" declared "fold:0"
"YangZ" declared "fold:0"
"Finneas" declared "call:10"
"Zheng" declared "call:10"
"RaphaelPlayer" declared "fold:0"
Street "flop" started. (community card = ['DQ', 'H7', 'HA'])
"Zheng" declared "call:0"
"Finneas" declared "call:0"
Street "turn" started. (community card = ['DQ', 'H7', 'HA', 'DJ'])
"Zheng" declared "call:0"
"Finneas" declared "call:0"
Street "river" started. (community card = ['DQ', 'H7', 'HA', 'DJ', 'H4'])
"Zheng" declared "call:0"
"Finneas" declared "call:0"
"['Zheng']" won the round 23 (stack = {'Zheng': 782, 'RaphaelPlayer': 2139, 'SichengZuo': 955, 'Yuchun': 0, 'HakulaPlayer': 1253, 'Ethan': 825, 'YangZ': 955, 'Finneas': 1090})
player [Zheng] gets hole card ['H8', 'DA'], current stack 782
player [RaphaelPlayer] gets hole card ['D2', 'D4'], current stack 2134
player [SichengZuo] gets hole card ['DQ', 'C8'], current stack 945
player [HakulaPlayer] gets hole card ['CK', 'ST'], current stack 1253
player [Ethan] gets hole card ['D5', 'HA'], current stack 825
player [YangZ] gets hole card ['S7', 'H6'], current stack 955
player [Finneas] gets hole card ['C4', 'CQ'], current stack 1090
Started the round 24
Street "preflop" started. (community card = [])
"HakulaPlayer" declared "call:10"
"Ethan" declared "fold:0"
"YangZ" declared "fold:0"
"Finneas" declared "call:10"
"Zheng" declared "call:10"
"RaphaelPlayer" declared "fold:0"
"SichengZuo" declared "fold:0"
Street "flop" started. (community card = ['D7', 'H5', 'C9'])
"HakulaPlayer" declared "call:0"
"Finneas" declared "call:0"
"Zheng" declared "call:0"
Street "turn" started. (community card = ['D7', 'H5', 'C9', 'HT'])
"HakulaPlayer" declared "call:0"
"Finneas" declared "call:0"
"Zheng" declared "call:0"
Street "river" started. (community card = ['D7', 'H5', 'C9', 'HT', 'DJ'])
"HakulaPlayer" declared "call:0"
"Finneas" declared "call:0"
"Zheng" declared "raise:772"
"HakulaPlayer" declared "fold:0"
"Finneas" declared "fold:0"
"['Zheng']" won the round 24 (stack = {'Zheng': 817, 'RaphaelPlayer': 2134, 'SichengZuo': 945, 'Yuchun': 0, 'HakulaPlayer': 1243, 'Ethan': 825, 'YangZ': 955, 'Finneas': 1080})
player [Zheng] gets hole card ['C5', 'DT'], current stack 817
player [RaphaelPlayer] gets hole card ['HA', 'C2'], current stack 2134
player [SichengZuo] gets hole card ['S8', 'S5'], current stack 940
player [HakulaPlayer] gets hole card ['CK', 'S2'], current stack 1233
player [Ethan] gets hole card ['C3', 'H8'], current stack 825
player [YangZ] gets hole card ['C8', 'D4'], current stack 955
player [Finneas] gets hole card ['CT', 'S6'], current stack 1080
Started the round 25
Street "preflop" started. (community card = [])
"Ethan" declared "fold:0"
"YangZ" declared "fold:0"
"Finneas" declared "call:10"
"Zheng" declared "call:10"
"RaphaelPlayer" declared "call:10"
"SichengZuo" declared "fold:0"
"HakulaPlayer" declared "call:10"
Street "flop" started. (community card = ['D7', 'DA', 'D8'])
"HakulaPlayer" declared "call:0"
"Finneas" declared "call:0"
"Zheng" declared "call:0"
"RaphaelPlayer" declared "call:0"
Street "turn" started. (community card = ['D7', 'DA', 'D8', 'ST'])
"HakulaPlayer" declared "call:0"
"Finneas" declared "call:0"
"Zheng" declared "call:0"
"RaphaelPlayer" declared "call:0"
Street "river" started. (community card = ['D7', 'DA', 'D8', 'ST', 'H6'])
"HakulaPlayer" declared "call:0"
"Finneas" declared "call:0"
"Zheng" declared "call:0"
"RaphaelPlayer" declared "call:0"
"['Finneas']" won the round 25 (stack = {'Zheng': 807, 'RaphaelPlayer': 2124, 'SichengZuo': 940, 'Yuchun': 0, 'HakulaPlayer': 1233, 'Ethan': 825, 'YangZ': 955, 'Finneas': 1115})
player [Zheng] gets hole card ['SA', 'S4'], current stack 807
player [RaphaelPlayer] gets hole card ['C2', 'C4'], current stack 2124
player [SichengZuo] gets hole card ['H7', 'C9'], current stack 940
player [HakulaPlayer] gets hole card ['DK', 'CA'], current stack 1228
player [Ethan] gets hole card ['H8', 'HK'], current stack 815
player [YangZ] gets hole card ['H9', 'DA'], current stack 955
player [Finneas] gets hole card ['S3', 'D4'], current stack 1115
Started the round 26
Street "preflop" started. (community card = [])
"YangZ" declared "fold:0"
"Finneas" declared "call:10"
"Zheng" declared "call:10"
"RaphaelPlayer" declared "fold:0"
"SichengZuo" declared "fold:0"
"HakulaPlayer" declared "call:10"
"Ethan" declared "fold:0"
Street "flop" started. (community card = ['S8', 'S6', 'C6'])
"HakulaPlayer" declared "call:0"
"Finneas" declared "call:0"
"Zheng" declared "call:0"
Street "turn" started. (community card = ['S8', 'S6', 'C6', 'H4'])
"HakulaPlayer" declared "call:0"
"Finneas" declared "call:0"
"Zheng" declared "call:0"
Street "river" started. (community card = ['S8', 'S6', 'C6', 'H4', 'HQ'])
"HakulaPlayer" declared "call:0"
"Finneas" declared "call:0"
"Zheng" declared "call:0"
"['Zheng']" won the round 26 (stack = {'Zheng': 837, 'RaphaelPlayer': 2124, 'SichengZuo': 940, 'Yuchun': 0, 'HakulaPlayer': 1223, 'Ethan': 815, 'YangZ': 955, 'Finneas': 1105})
player [Zheng] gets hole card ['SA', 'C4'], current stack 837
player [RaphaelPlayer] gets hole card ['S2', 'HA'], current stack 2124
player [SichengZuo] gets hole card ['S7', 'HK'], current stack 940
player [HakulaPlayer] gets hole card ['S6', 'SK'], current stack 1223
player [Ethan] gets hole card ['D5', 'CT'], current stack 810
player [YangZ] gets hole card ['C6', 'S5'], current stack 945
player [Finneas] gets hole card ['ST', 'CA'], current stack 1105
Started the round 27
Street "preflop" started. (community card = [])
"Finneas" declared "call:10"
"Zheng" declared "call:10"
"RaphaelPlayer" declared "call:10"
"SichengZuo" declared "fold:0"
"HakulaPlayer" declared "raise:36"
"Ethan" declared "fold:0"
"YangZ" declared "fold:0"
"Finneas" declared "fold:0"
"Zheng" declared "call:36"
"RaphaelPlayer" declared "call:36"
Street "flop" started. (community card = ['D7', 'S4', 'H6'])
"Zheng" declared "call:0"
"RaphaelPlayer" declared "call:0"
"HakulaPlayer" declared "call:0"
Street "turn" started. (community card = ['D7', 'S4', 'H6', 'DT'])
"Zheng" declared "call:0"
"RaphaelPlayer" declared "call:0"
"HakulaPlayer" declared "call:0"
Street "river" started. (community card = ['D7', 'S4', 'H6', 'DT', 'C9'])
"Zheng" declared "call:0"
"RaphaelPlayer" declared "call:0"
"HakulaPlayer" declared "call:0"
"['HakulaPlayer']" won the round 27 (stack = {'Zheng': 801, 'RaphaelPlayer': 2088, 'SichengZuo': 940, 'Yuchun': 0, 'HakulaPlayer': 1320, 'Ethan': 810, 'YangZ': 945, 'Finneas': 1095})
player [Zheng] gets hole card ['HA', 'H5'], current stack 801
player [RaphaelPlayer] gets hole card ['H8', 'C9'], current stack 2088
player [SichengZuo] gets hole card ['S6', 'HJ'], current stack 940
player [HakulaPlayer] gets hole card ['DA', 'CQ'], current stack 1320
player [Ethan] gets hole card ['H3', 'ST'], current stack 810
player [YangZ] gets hole card ['CJ', 'D5'], current stack 940
player [Finneas] gets hole card ['S2', 'H2'], current stack 1085
Started the round 28
Street "preflop" started. (community card = [])
"Zheng" declared "call:10"
"RaphaelPlayer" declared "call:10"
"SichengZuo" declared "fold:0"
"HakulaPlayer" declared "raise:37"
"Ethan" declared "fold:0"
"YangZ" declared "fold:0"
"Finneas" declared "fold:0"
"Zheng" declared "call:37"
"RaphaelPlayer" declared "call:37"
Street "flop" started. (community card = ['D7', 'S8', 'C3'])
"Zheng" declared "call:0"
"RaphaelPlayer" declared "raise:136"
"HakulaPlayer" declared "fold:0"
"Zheng" declared "call:136"
Street "turn" started. (community card = ['D7', 'S8', 'C3', 'D3'])
"Zheng" declared "call:0"
"RaphaelPlayer" declared "raise:408"
"Zheng" declared "fold:0"
"['RaphaelPlayer']" won the round 28 (stack = {'Zheng': 628, 'RaphaelPlayer': 2313, 'SichengZuo': 940, 'Yuchun': 0, 'HakulaPlayer': 1283, 'Ethan': 810, 'YangZ': 940, 'Finneas': 1085})
player [Zheng] gets hole card ['C9', 'D8'], current stack 618
player [RaphaelPlayer] gets hole card ['D7', 'D2'], current stack 2313
player [SichengZuo] gets hole card ['HK', 'H4'], current stack 940
player [HakulaPlayer] gets hole card ['H5', 'H9'], current stack 1283
player [Ethan] gets hole card ['SQ', 'HA'], current stack 810
player [YangZ] gets hole card ['S3', 'HQ'], current stack 940
player [Finneas] gets hole card ['CQ', 'C2'], current stack 1080
Started the round 29
Street "preflop" started. (community card = [])
"RaphaelPlayer" declared "fold:0"
"SichengZuo" declared "fold:0"
"HakulaPlayer" declared "fold:0"
"Ethan" declared "raise:121"
"YangZ" declared "fold:0"
"Finneas" declared "fold:0"
"Zheng" declared "call:121"
Street "flop" started. (community card = ['H2', 'S5', 'D6'])
"Zheng" declared "call:0"
"Ethan" declared "call:0"
Street "turn" started. (community card = ['H2', 'S5', 'D6', 'D4'])
"Zheng" declared "call:0"
"Ethan" declared "call:0"
Street "river" started. (community card = ['H2', 'S5', 'D6', 'D4', 'SA'])
"Zheng" declared "call:0"
"Ethan" declared "call:0"
"['Ethan']" won the round 29 (stack = {'Zheng': 507, 'RaphaelPlayer': 2313, 'SichengZuo': 940, 'Yuchun': 0, 'HakulaPlayer': 1283, 'Ethan': 936, 'YangZ': 940, 'Finneas': 1080})
player [Zheng] gets hole card ['H2', 'DJ'], current stack 502
player [RaphaelPlayer] gets hole card ['S6', 'H6'], current stack 2303
player [SichengZuo] gets hole card ['C9', 'C5'], current stack 940
player [HakulaPlayer] gets hole card ['D4', 'CA'], current stack 1283
player [Ethan] gets hole card ['C4', 'CT'], current stack 936
player [YangZ] gets hole card ['C3', 'DA'], current stack 940
player [Finneas] gets hole card ['DT', 'DK'], current stack 1080
Started the round 30
Street "preflop" started. (community card = [])
"SichengZuo" declared "fold:0"
"HakulaPlayer" declared "call:10"
"Ethan" declared "fold:0"
"YangZ" declared "fold:0"
"Finneas" declared "call:10"
"Zheng" declared "call:10"
"RaphaelPlayer" declared "call:10"
Street "flop" started. (community card = ['D9', 'CK', 'D7'])
"Zheng" declared "call:0"
"RaphaelPlayer" declared "call:0"
"HakulaPlayer" declared "call:0"
"Finneas" declared "call:0"
Street "turn" started. (community card = ['D9', 'CK', 'D7', 'HK'])
"Zheng" declared "call:0"
"RaphaelPlayer" declared "call:0"
"HakulaPlayer" declared "call:0"
"Finneas" declared "raise:540"
"Zheng" declared "fold:0"
"RaphaelPlayer" declared "fold:0"
"HakulaPlayer" declared "fold:0"
"['Finneas']" won the round 30 (stack = {'Zheng': 497, 'RaphaelPlayer': 2303, 'SichengZuo': 940, 'Yuchun': 0, 'HakulaPlayer': 1273, 'Ethan': 936, 'YangZ': 940, 'Finneas': 1110})
player [Zheng] gets hole card ['C2', 'C8'], current stack 497
player [RaphaelPlayer] gets hole card ['HA', 'DA'], current stack 2298
player [SichengZuo] gets hole card ['D5', 'D6'], current stack 930
player [HakulaPlayer] gets hole card ['C4', 'S9'], current stack 1273
player [Ethan] gets hole card ['CJ', 'S4'], current stack 936
player [YangZ] gets hole card ['C9', 'D4'], current stack 940
player [Finneas] gets hole card ['D9', 'HQ'], current stack 1110
Started the round 31
Street "preflop" started. (community card = [])
"HakulaPlayer" declared "fold:0"
"Ethan" declared "fold:0"
"YangZ" declared "fold:0"
"Finneas" declared "call:10"
"Zheng" declared "call:10"
"RaphaelPlayer" declared "raise:40"
"SichengZuo" declared "fold:0"
"Finneas" declared "fold:0"
"Zheng" declared "call:40"
Street "flop" started. (community card = ['CQ', 'S8', 'C5'])
"RaphaelPlayer" declared "raise:110"
"Zheng" declared "call:110"
Street "turn" started. (community card = ['CQ', 'S8', 'C5', 'DT'])
"RaphaelPlayer" declared "raise:330"
"Zheng" declared "fold:0"
"['RaphaelPlayer']" won the round 31 (stack = {'Zheng': 347, 'RaphaelPlayer': 2473, 'SichengZuo': 930, 'Yuchun': 0, 'HakulaPlayer': 1273, 'Ethan': 936, 'YangZ': 940, 'Finneas': 1100})
player [Zheng] gets hole card ['S4', 'D6'], current stack 347
player [RaphaelPlayer] gets hole card ['CK', 'C4'], current stack 2473
player [SichengZuo] gets hole card ['S8', 'CJ'], current stack 925
player [HakulaPlayer] gets hole card ['D8', 'SQ'], current stack 1263
player [Ethan] gets hole card ['DJ', 'DK'], current stack 936
player [YangZ] gets hole card ['HQ', 'ST'], current stack 940
player [Finneas] gets hole card ['H8', 'HT'], current stack 1100
Started the round 32
Street "preflop" started. (community card = [])
"Ethan" declared "raise:140"
"YangZ" declared "fold:0"
"Finneas" declared "fold:0"
"Zheng" declared "call:140"
"RaphaelPlayer" declared "call:140"
"SichengZuo" declared "fold:0"
"HakulaPlayer" declared "fold:0"
Street "flop" started. (community card = ['H3', 'SK', 'SJ'])
"Ethan" declared "call:0"
"Zheng" declared "call:0"
"RaphaelPlayer" declared "raise:445"
"Ethan" declared "call:445"
"Zheng" declared "fold:0"
Street "turn" started. (community card = ['H3', 'SK', 'SJ', 'H4'])
"Ethan" declared "call:0"
"RaphaelPlayer" declared "raise:1335"
"Ethan" declared "call:1335"
Street "river" started. (community card = ['H3', 'SK', 'SJ', 'H4', 'C7'])
"['Ethan']" won the round 32 (stack = {'Zheng': 207, 'RaphaelPlayer': 1537, 'SichengZuo': 925, 'Yuchun': 0, 'HakulaPlayer': 1263, 'Ethan': 2027, 'YangZ': 940, 'Finneas': 1100})
player [Zheng] gets hole card ['S2', 'H4'], current stack 207
player [RaphaelPlayer] gets hole card ['D3', 'HT'], current stack 1537
player [SichengZuo] gets hole card ['D5', 'H9'], current stack 925
player [HakulaPlayer] gets hole card ['C6', 'C5'], current stack 1258
player [Ethan] gets hole card ['C8', 'D4'], current stack 2017
player [YangZ] gets hole card ['D6', 'DT'], current stack 940
player [Finneas] gets hole card ['D8', 'S5'], current stack 1100
Started the round 33
Street "preflop" started. (community card = [])
"YangZ" declared "fold:0"
"Finneas" declared "call:10"
"Zheng" declared "call:10"
"RaphaelPlayer" declared "fold:0"
"SichengZuo" declared "fold:0"
"HakulaPlayer" declared "call:10"
"Ethan" declared "fold:0"
Street "flop" started. (community card = ['DJ', 'SJ', 'HK'])
"HakulaPlayer" declared "call:0"
"Finneas" declared "call:0"
"Zheng" declared "call:0"
Street "turn" started. (community card = ['DJ', 'SJ', 'HK', 'H2'])
"HakulaPlayer" declared "call:0"
"Finneas" declared "call:0"
"Zheng" declared "call:0"
Street "river" started. (community card = ['DJ', 'SJ', 'HK', 'H2', 'CK'])
"HakulaPlayer" declared "call:0"
"Finneas" declared "call:0"
"Zheng" declared "call:0"
"['Finneas']" won the round 33 (stack = {'Zheng': 197, 'RaphaelPlayer': 1537, 'SichengZuo': 925, 'Yuchun': 0, 'HakulaPlayer': 1253, 'Ethan': 2017, 'YangZ': 940, 'Finneas': 1130})
player [Zheng] gets hole card ['H5', 'HQ'], current stack 197
player [RaphaelPlayer] gets hole card ['DK', 'H3'], current stack 1537
player [SichengZuo] gets hole card ['CA', 'C7'], current stack 925
player [HakulaPlayer] gets hole card ['D4', 'S8'], current stack 1253
player [Ethan] gets hole card ['S5', 'D3'], current stack 2012
player [YangZ] gets hole card ['C4', 'S2'], current stack 930
player [Finneas] gets hole card ['CT', 'C5'], current stack 1130
Started the round 34
Street "preflop" started. (community card = [])
"Finneas" declared "call:10"
"Zheng" declared "call:10"
"RaphaelPlayer" declared "fold:0"
"SichengZuo" declared "fold:0"
"HakulaPlayer" declared "call:10"
"Ethan" declared "fold:0"
"YangZ" declared "fold:0"
Street "flop" started. (community card = ['CK', 'D5', 'H2'])
"Finneas" declared "call:0"
"Zheng" declared "call:0"
"HakulaPlayer" declared "call:0"
Street "turn" started. (community card = ['CK', 'D5', 'H2', 'H8'])
"Finneas" declared "call:0"
"Zheng" declared "call:0"
"HakulaPlayer" declared "call:0"
Street "river" started. (community card = ['CK', 'D5', 'H2', 'H8', 'C8'])
"Finneas" declared "call:0"
"Zheng" declared "call:0"
"HakulaPlayer" declared "raise:110"
"Finneas" declared "fold:0"
"Zheng" declared "call:110"
"['HakulaPlayer']" won the round 34 (stack = {'Zheng': 77, 'RaphaelPlayer': 1537, 'SichengZuo': 925, 'Yuchun': 0, 'HakulaPlayer': 1398, 'Ethan': 2012, 'YangZ': 930, 'Finneas': 1120})
player [Zheng] gets hole card ['ST', 'D5'], current stack 77
player [RaphaelPlayer] gets hole card ['S6', 'SK'], current stack 1537
player [SichengZuo] gets hole card ['D3', 'H7'], current stack 925
player [HakulaPlayer] gets hole card ['C5', 'CA'], current stack 1398
player [Ethan] gets hole card ['SQ', 'S7'], current stack 2012
player [YangZ] gets hole card ['H4', 'C7'], current stack 925
player [Finneas] gets hole card ['S3', 'CQ'], current stack 1110
Started the round 35
Street "preflop" started. (community card = [])
"Zheng" declared "call:10"
"RaphaelPlayer" declared "call:10"
"SichengZuo" declared "fold:0"
"HakulaPlayer" declared "raise:44"
"Ethan" declared "fold:0"
"YangZ" declared "fold:0"
"Finneas" declared "fold:0"
"Zheng" declared "call:44"
"RaphaelPlayer" declared "call:44"
Street "flop" started. (community card = ['DT', 'DA', 'C6'])
"Zheng" declared "call:0"
"RaphaelPlayer" declared "call:0"
"HakulaPlayer" declared "raise:229"
"Zheng" declared "fold:0"
"RaphaelPlayer" declared "raise:834"
"HakulaPlayer" declared "call:834"
Street "turn" started. (community card = ['DT', 'DA', 'C6', 'H8'])
"RaphaelPlayer" declared "raise:659"
"HakulaPlayer" declared "call:659"
Street "river" started. (community card = ['DT', 'DA', 'C6', 'H8', 'H5'])
"['HakulaPlayer']" won the round 35 (stack = {'Zheng': 33, 'RaphaelPlayer': 139, 'SichengZuo': 925, 'Yuchun': 0, 'HakulaPlayer': 2855, 'Ethan': 2012, 'YangZ': 925, 'Finneas': 1110})
player [Zheng] gets hole card ['SQ', 'SK'], current stack 23
player [RaphaelPlayer] gets hole card ['C9', 'CT'], current stack 139
player [SichengZuo] gets hole card ['D6', 'H4'], current stack 925
player [HakulaPlayer] gets hole card ['H6', 'C6'], current stack 2855
player [Ethan] gets hole card ['ST', 'D8'], current stack 2012
player [YangZ] gets hole card ['H7', 'S5'], current stack 925
player [Finneas] gets hole card ['S3', 'S8'], current stack 1105
Started the round 36
Street "preflop" started. (community card = [])
"RaphaelPlayer" declared "call:10"
"SichengZuo" declared "fold:0"
"HakulaPlayer" declared "raise:44"
"Ethan" declared "fold:0"
"YangZ" declared "fold:0"
"Finneas" declared "fold:0"
"Zheng" declared "call:44"
"RaphaelPlayer" declared "call:44"
Street "flop" started. (community card = ['HA', 'H3', 'DT'])
"RaphaelPlayer" declared "raise:95"
"HakulaPlayer" declared "fold:0"
Street "turn" started. (community card = ['HA', 'H3', 'DT', 'D4'])
Street "river" started. (community card = ['HA', 'H3', 'DT', 'D4', 'D9'])
"['RaphaelPlayer']" won the round 36 (stack = {'Zheng': 0, 'RaphaelPlayer': 221, 'SichengZuo': 925, 'Yuchun': 0, 'HakulaPlayer': 2811, 'Ethan': 2012, 'YangZ': 925, 'Finneas': 1105})
player [RaphaelPlayer] gets hole card ['HT', 'H3'], current stack 216
player [SichengZuo] gets hole card ['D9', 'DK'], current stack 915
player [HakulaPlayer] gets hole card ['C2', 'SJ'], current stack 2811
player [Ethan] gets hole card ['S6', 'DA'], current stack 2012
player [YangZ] gets hole card ['C3', 'C5'], current stack 925
player [Finneas] gets hole card ['DQ', 'HA'], current stack 1105
Started the round 37
Street "preflop" started. (community card = [])
"HakulaPlayer" declared "fold:0"
"Ethan" declared "fold:0"
"YangZ" declared "fold:0"
"Finneas" declared "raise:560"
"RaphaelPlayer" declared "fold:0"
"SichengZuo" declared "fold:0"
"['Finneas']" won the round 37 (stack = {'Zheng': 0, 'RaphaelPlayer': 216, 'SichengZuo': 915, 'Yuchun': 0, 'HakulaPlayer': 2811, 'Ethan': 2012, 'YangZ': 925, 'Finneas': 1120})
player [RaphaelPlayer] gets hole card ['D6', 'D2'], current stack 216
player [SichengZuo] gets hole card ['HQ', 'H8'], current stack 910
player [HakulaPlayer] gets hole card ['D5', 'CT'], current stack 2801
player [Ethan] gets hole card ['DT', 'S4'], current stack 2012
player [YangZ] gets hole card ['HT', 'S9'], current stack 925
player [Finneas] gets hole card ['C4', 'C2'], current stack 1120
Started the round 38
Street "preflop" started. (community card = [])
"Ethan" declared "fold:0"
"YangZ" declared "fold:0"
"Finneas" declared "call:10"
"RaphaelPlayer" declared "fold:0"
"SichengZuo" declared "fold:0"
"HakulaPlayer" declared "call:10"
Street "flop" started. (community card = ['SQ', 'D8', 'DA'])
"HakulaPlayer" declared "call:0"
"Finneas" declared "call:0"
Street "turn" started. (community card = ['SQ', 'D8', 'DA', 'D3'])
"HakulaPlayer" declared "call:0"
"Finneas" declared "call:0"
Street "river" started. (community card = ['SQ', 'D8', 'DA', 'D3', 'C5'])
"HakulaPlayer" declared "call:0"
"Finneas" declared "call:0"
"['Finneas']" won the round 38 (stack = {'Zheng': 0, 'RaphaelPlayer': 216, 'SichengZuo': 910, 'Yuchun': 0, 'HakulaPlayer': 2801, 'Ethan': 2012, 'YangZ': 925, 'Finneas': 1135})
player [RaphaelPlayer] gets hole card ['H5', 'DK'], current stack 216
player [SichengZuo] gets hole card ['C9', 'CK'], current stack 910
player [HakulaPlayer] gets hole card ['C4', 'H2'], current stack 2796
player [Ethan] gets hole card ['HA', 'D3'], current stack 2002
player [YangZ] gets hole card ['CA', 'C8'], current stack 925
player [Finneas] gets hole card ['HJ', 'S5'], current stack 1135
Started the round 39
Street "preflop" started. (community card = [])
"YangZ" declared "fold:0"
"Finneas" declared "call:10"
"RaphaelPlayer" declared "call:10"
"SichengZuo" declared "fold:0"
"HakulaPlayer" declared "call:10"
"Ethan" declared "fold:0"
Street "flop" started. (community card = ['SA', 'DT', 'S8'])
"HakulaPlayer" declared "call:0"
"Finneas" declared "call:0"
"RaphaelPlayer" declared "call:0"
Street "turn" started. (community card = ['SA', 'DT', 'S8', 'CT'])
"HakulaPlayer" declared "call:0"
"Finneas" declared "call:0"
"RaphaelPlayer" declared "call:0"
Street "river" started. (community card = ['SA', 'DT', 'S8', 'CT', 'ST'])
"HakulaPlayer" declared "call:0"
"Finneas" declared "raise:567"
"RaphaelPlayer" declared "fold:0"
"HakulaPlayer" declared "fold:0"
"['Finneas']" won the round 39 (stack = {'Zheng': 0, 'RaphaelPlayer': 206, 'SichengZuo': 910, 'Yuchun': 0, 'HakulaPlayer': 2791, 'Ethan': 2002, 'YangZ': 925, 'Finneas': 1165})
player [RaphaelPlayer] gets hole card ['HA', 'H3'], current stack 206
player [SichengZuo] gets hole card ['SA', 'H6'], current stack 910
player [HakulaPlayer] gets hole card ['H4', 'CK'], current stack 2791
player [Ethan] gets hole card ['HT', 'D2'], current stack 1997
player [YangZ] gets hole card ['D3', 'S7'], current stack 915
player [Finneas] gets hole card ['D8', 'D7'], current stack 1165
Started the round 40
Street "preflop" started. (community card = [])
"Finneas" declared "call:10"
"RaphaelPlayer" declared "call:10"
"SichengZuo" declared "fold:0"
"HakulaPlayer" declared "call:10"
"Ethan" declared "fold:0"
"YangZ" declared "fold:0"
Street "flop" started. (community card = ['DK', 'D5', 'H8'])
"Finneas" declared "call:0"
"RaphaelPlayer" declared "call:0"
"HakulaPlayer" declared "raise:62"
"Finneas" declared "fold:0"
"RaphaelPlayer" declared "call:62"
Street "turn" started. (community card = ['DK', 'D5', 'H8', 'CJ'])
"RaphaelPlayer" declared "call:0"
"HakulaPlayer" declared "raise:238"
"RaphaelPlayer" declared "call:238"
Street "river" started. (community card = ['DK', 'D5', 'H8', 'CJ', 'C6'])
"['HakulaPlayer']" won the round 40 (stack = {'Zheng': 0, 'RaphaelPlayer': 0, 'SichengZuo': 910, 'Yuchun': 0, 'HakulaPlayer': 3022, 'Ethan': 1997, 'YangZ': 915, 'Finneas': 1155})
player [SichengZuo] gets hole card ['H2', 'C2'], current stack 910
player [HakulaPlayer] gets hole card ['S8', 'HJ'], current stack 3022
player [Ethan] gets hole card ['D5', 'H4'], current stack 1997
player [YangZ] gets hole card ['HT', 'C9'], current stack 910
player [Finneas] gets hole card ['D3', 'C4'], current stack 1145
Started the round 41
Street "preflop" started. (community card = [])
"SichengZuo" declared "fold:0"
"HakulaPlayer" declared "fold:0"
"Ethan" declared "fold:0"
"YangZ" declared "fold:0"
"['Finneas']" won the round 41 (stack = {'Zheng': 0, 'RaphaelPlayer': 0, 'SichengZuo': 910, 'Yuchun': 0, 'HakulaPlayer': 3022, 'Ethan': 1997, 'YangZ': 910, 'Finneas': 1160})
player [SichengZuo] gets hole card ['DQ', 'C9'], current stack 900
player [HakulaPlayer] gets hole card ['SA', 'SQ'], current stack 3022
player [Ethan] gets hole card ['DA', 'S6'], current stack 1997
player [YangZ] gets hole card ['C3', 'C2'], current stack 910
player [Finneas] gets hole card ['H7', 'S3'], current stack 1155
Started the round 42
Street "preflop" started. (community card = [])
"HakulaPlayer" declared "call:10"
"Ethan" declared "fold:0"
"YangZ" declared "fold:0"
"Finneas" declared "call:10"
"SichengZuo" declared "fold:0"
Street "flop" started. (community card = ['S2', 'HJ', 'D6'])
"Finneas" declared "call:0"
"HakulaPlayer" declared "raise:41"
"Finneas" declared "fold:0"
"['HakulaPlayer']" won the round 42 (stack = {'Zheng': 0, 'RaphaelPlayer': 0, 'SichengZuo': 900, 'Yuchun': 0, 'HakulaPlayer': 3042, 'Ethan': 1997, 'YangZ': 910, 'Finneas': 1150})
player [SichengZuo] gets hole card ['HA', 'DQ'], current stack 895
player [HakulaPlayer] gets hole card ['S7', 'C7'], current stack 3032
player [Ethan] gets hole card ['DK', 'SK'], current stack 1997
player [YangZ] gets hole card ['S3', 'ST'], current stack 910
player [Finneas] gets hole card ['C4', 'H4'], current stack 1150
Started the round 43
Street "preflop" started. (community card = [])
"Ethan" declared "raise:599"
"YangZ" declared "fold:0"
"Finneas" declared "fold:0"
"SichengZuo" declared "fold:0"
"HakulaPlayer" declared "fold:0"
"['Ethan']" won the round 43 (stack = {'Zheng': 0, 'RaphaelPlayer': 0, 'SichengZuo': 895, 'Yuchun': 0, 'HakulaPlayer': 3032, 'Ethan': 2012, 'YangZ': 910, 'Finneas': 1150})
player [SichengZuo] gets hole card ['D7', 'HJ'], current stack 895
player [HakulaPlayer] gets hole card ['S5', 'H2'], current stack 3027
player [Ethan] gets hole card ['S4', 'S9'], current stack 2002
player [YangZ] gets hole card ['DK', 'S2'], current stack 910
player [Finneas] gets hole card ['CA', 'SJ'], current stack 1150
Started the round 44
Street "preflop" started. (community card = [])
"YangZ" declared "fold:0"
"Finneas" declared "call:10"
"SichengZuo" declared "fold:0"
"HakulaPlayer" declared "call:10"
"Ethan" declared "fold:0"
Street "flop" started. (community card = ['D4', 'H3', 'DQ'])
"HakulaPlayer" declared "call:0"
"Finneas" declared "call:0"
Street "turn" started. (community card = ['D4', 'H3', 'DQ', 'S8'])
"HakulaPlayer" declared "call:0"
"Finneas" declared "call:0"
Street "river" started. (community card = ['D4', 'H3', 'DQ', 'S8', 'D2'])
"HakulaPlayer" declared "call:0"
"Finneas" declared "call:0"
"['HakulaPlayer']" won the round 44 (stack = {'Zheng': 0, 'RaphaelPlayer': 0, 'SichengZuo': 895, 'Yuchun': 0, 'HakulaPlayer': 3052, 'Ethan': 2002, 'YangZ': 910, 'Finneas': 1140})
player [SichengZuo] gets hole card ['CQ', 'CK'], current stack 895
player [HakulaPlayer] gets hole card ['D5', 'D9'], current stack 3052
player [Ethan] gets hole card ['C2', 'D2'], current stack 1997
player [YangZ] gets hole card ['DT', 'C3'], current stack 900
player [Finneas] gets hole card ['H4', 'H6'], current stack 1140
Started the round 45
Street "preflop" started. (community card = [])
"Finneas" declared "call:10"
"SichengZuo" declared "fold:0"
"HakulaPlayer" declared "call:10"
"Ethan" declared "fold:0"
"YangZ" declared "fold:0"
Street "flop" started. (community card = ['CA', 'HA', 'C4'])
"Finneas" declared "call:0"
"HakulaPlayer" declared "call:0"
Street "turn" started. (community card = ['CA', 'HA', 'C4', 'C8'])
"Finneas" declared "call:0"
"HakulaPlayer" declared "call:0"
Street "river" started. (community card = ['CA', 'HA', 'C4', 'C8', 'S7'])
"Finneas" declared "call:0"
"HakulaPlayer" declared "call:0"
"['Finneas']" won the round 45 (stack = {'Zheng': 0, 'RaphaelPlayer': 0, 'SichengZuo': 895, 'Yuchun': 0, 'HakulaPlayer': 3042, 'Ethan': 1997, 'YangZ': 900, 'Finneas': 1165})
player [SichengZuo] gets hole card ['H3', 'H6'], current stack 895
player [HakulaPlayer] gets hole card ['SK', 'D3'], current stack 3042
player [Ethan] gets hole card ['C7', 'C4'], current stack 1997
player [YangZ] gets hole card ['H5', 'D9'], current stack 895
player [Finneas] gets hole card ['H2', 'C8'], current stack 1155
Started the round 46
Street "preflop" started. (community card = [])
"SichengZuo" declared "fold:0"
"HakulaPlayer" declared "fold:0"
"Ethan" declared "fold:0"
"YangZ" declared "fold:0"
"['Finneas']" won the round 46 (stack = {'Zheng': 0, 'RaphaelPlayer': 0, 'SichengZuo': 895, 'Yuchun': 0, 'HakulaPlayer': 3042, 'Ethan': 1997, 'YangZ': 895, 'Finneas': 1170})
player [SichengZuo] gets hole card ['D9', 'CQ'], current stack 885
player [HakulaPlayer] gets hole card ['S2', 'D7'], current stack 3042
player [Ethan] gets hole card ['SA', 'HT'], current stack 1997
player [YangZ] gets hole card ['C3', 'HA'], current stack 895
player [Finneas] gets hole card ['SQ', 'H5'], current stack 1165
Started the round 47
Street "preflop" started. (community card = [])
"HakulaPlayer" declared "fold:0"
"Ethan" declared "call:10"
"YangZ" declared "fold:0"
"Finneas" declared "call:10"
"SichengZuo" declared "fold:0"
Street "flop" started. (community card = ['S9', 'S4', 'C2'])
"Finneas" declared "call:0"
"Ethan" declared "call:0"
Street "turn" started. (community card = ['S9', 'S4', 'C2', 'H2'])
"Finneas" declared "call:0"
"Ethan" declared "call:0"
Street "river" started. (community card = ['S9', 'S4', 'C2', 'H2', 'D5'])
"Finneas" declared "call:0"
"Ethan" declared "call:0"
"['Finneas']" won the round 47 (stack = {'Zheng': 0, 'RaphaelPlayer': 0, 'SichengZuo': 885, 'Yuchun': 0, 'HakulaPlayer': 3042, 'Ethan': 1987, 'YangZ': 895, 'Finneas': 1190})
player [SichengZuo] gets hole card ['C6', 'S3'], current stack 880
player [HakulaPlayer] gets hole card ['HQ', 'C9'], current stack 3032
player [Ethan] gets hole card ['DA', 'S4'], current stack 1987
player [YangZ] gets hole card ['H9', 'D8'], current stack 895
player [Finneas] gets hole card ['S2', 'C3'], current stack 1190
Started the round 48
Street "preflop" started. (community card = [])
"Ethan" declared "fold:0"
"YangZ" declared "fold:0"
"Finneas" declared "call:10"
"SichengZuo" declared "fold:0"
"HakulaPlayer" declared "call:10"
Street "flop" started. (community card = ['CK', 'D2', 'H8'])
"HakulaPlayer" declared "call:0"
"Finneas" declared "call:0"
Street "turn" started. (community card = ['CK', 'D2', 'H8', 'CA'])
"HakulaPlayer" declared "call:0"
"Finneas" declared "call:0"
Street "river" started. (community card = ['CK', 'D2', 'H8', 'CA', 'D6'])
"HakulaPlayer" declared "call:0"
"Finneas" declared "call:0"
"['Finneas']" won the round 48 (stack = {'Zheng': 0, 'RaphaelPlayer': 0, 'SichengZuo': 880, 'Yuchun': 0, 'HakulaPlayer': 3032, 'Ethan': 1987, 'YangZ': 895, 'Finneas': 1205})
player [SichengZuo] gets hole card ['C5', 'HK'], current stack 880
player [HakulaPlayer] gets hole card ['H9', 'S2'], current stack 3027
player [Ethan] gets hole card ['CT', 'H5'], current stack 1977
player [YangZ] gets hole card ['H4', 'CQ'], current stack 895
player [Finneas] gets hole card ['SA', 'SJ'], current stack 1205
Started the round 49
Street "preflop" started. (community card = [])
"YangZ" declared "fold:0"
"Finneas" declared "call:10"
"SichengZuo" declared "fold:0"
"HakulaPlayer" declared "call:10"
"Ethan" declared "fold:0"
Street "flop" started. (community card = ['CK', 'H2', 'C8'])
"HakulaPlayer" declared "call:0"
"Finneas" declared "call:0"
Street "turn" started. (community card = ['CK', 'H2', 'C8', 'SK'])
"HakulaPlayer" declared "call:0"
"Finneas" declared "call:0"
Street "river" started. (community card = ['CK', 'H2', 'C8', 'SK', 'HQ'])
"HakulaPlayer" declared "call:0"
"Finneas" declared "call:0"
"['HakulaPlayer']" won the round 49 (stack = {'Zheng': 0, 'RaphaelPlayer': 0, 'SichengZuo': 880, 'Yuchun': 0, 'HakulaPlayer': 3052, 'Ethan': 1977, 'YangZ': 895, 'Finneas': 1195})
player [SichengZuo] gets hole card ['CQ', 'D3'], current stack 880
player [HakulaPlayer] gets hole card ['SJ', 'DJ'], current stack 3052
player [Ethan] gets hole card ['D2', 'S9'], current stack 1972
player [YangZ] gets hole card ['HJ', 'C7'], current stack 885
player [Finneas] gets hole card ['H4', 'C6'], current stack 1195
Started the round 50
Street "preflop" started. (community card = [])
"Finneas" declared "call:10"
"SichengZuo" declared "fold:0"
"HakulaPlayer" declared "raise:49"
"Ethan" declared "fold:0"
"YangZ" declared "fold:0"
"Finneas" declared "fold:0"
"['HakulaPlayer']" won the round 50 (stack = {'Zheng': 0, 'RaphaelPlayer': 0, 'SichengZuo': 880, 'Yuchun': 0, 'HakulaPlayer': 3077, 'Ethan': 1972, 'YangZ': 885, 'Finneas': 1185})

Game Results:
------------------------------------------------------------
Game 1:
Winner: HakulaPlayer (stack: 3077)
All players' stacks:
  Zheng: 0
  RaphaelPlayer: 0
  SichengZuo: 880
  Yuchun: 0
  HakulaPlayer: 3077
  Ethan: 1972
  YangZ: 885
  Finneas: 1185
------------------------------------------------------------
