player [YangZ] gets hole card ['CA', 'S8'], current stack 1000
player [Ethan] gets hole card ['DJ', 'D9'], current stack 995
player [HakulaPlayer] gets hole card ['DA', 'HA'], current stack 990
player [SichengZuo] gets hole card ['D5', 'C9'], current stack 1000
player [KLChen2PokerPlayer] gets hole card ['D2', 'H4'], current stack 1000
player [Jinkun] gets hole card ['D3', 'ST'], current stack 1000
player [NitWinWin] gets hole card ['CK', 'S3'], current stack 1000
player [ZPlayer] gets hole card ['HJ', 'H9'], current stack 1000
Started the round 1
Street "preflop" started. (community card = [])
"SichengZuo" declared "fold:0"
"KLChen2PokerPlayer" declared "call:10"
"Jinkun" declared "fold:10"
"NitWinWin" declared "fold:0"
"ZPlayer" declared "raise:15"
"YangZ" declared "fold:0"
"Ethan" declared "fold:0"
"HakulaPlayer" declared "raise:42"
"KLChen2PokerPlayer" declared "fold:0"
"ZPlayer" declared "call:42"
Street "flop" started. (community card = ['S4', 'HK', 'HQ'])
"HakulaPlayer" declared "raise:108"
"ZPlayer" declared "fold:0"
"['HakulaPlayer']" won the round 1 (stack = {'YangZ': 1000, 'Ethan': 995, 'HakulaPlayer': 1057, 'SichengZuo': 1000, 'KLChen2PokerPlayer': 990, 'Jinkun': 1000, 'NitWinWin': 1000, 'ZPlayer': 958})
player [YangZ] gets hole card ['S6', 'D5'], current stack 1000
player [Ethan] gets hole card ['CK', 'DT'], current stack 995
player [HakulaPlayer] gets hole card ['C9', 'H5'], current stack 1052
player [SichengZuo] gets hole card ['S3', 'D8'], current stack 990
player [KLChen2PokerPlayer] gets hole card ['SA', 'HT'], current stack 990
player [Jinkun] gets hole card ['CJ', 'S5'], current stack 1000
player [NitWinWin] gets hole card ['C8', 'S8'], current stack 1000
player [ZPlayer] gets hole card ['D3', 'H7'], current stack 958
Started the round 2
Street "preflop" started. (community card = [])
"KLChen2PokerPlayer" declared "raise:23"
"Jinkun" declared "fold:23"
"NitWinWin" declared "fold:0"
"ZPlayer" declared "call:23"
"YangZ" declared "fold:0"
"Ethan" declared "fold:0"
"HakulaPlayer" declared "fold:0"
"SichengZuo" declared "fold:0"
Street "flop" started. (community card = ['SQ', 'H2', 'CQ'])
"KLChen2PokerPlayer" declared "raise:11"
"ZPlayer" declared "fold:0"
"['KLChen2PokerPlayer']" won the round 2 (stack = {'YangZ': 1000, 'Ethan': 995, 'HakulaPlayer': 1052, 'SichengZuo': 990, 'KLChen2PokerPlayer': 1028, 'Jinkun': 1000, 'NitWinWin': 1000, 'ZPlayer': 935})
player [YangZ] gets hole card ['D5', 'D2'], current stack 1000
player [Ethan] gets hole card ['DJ', 'C2'], current stack 995
player [HakulaPlayer] gets hole card ['C3', 'S9'], current stack 1052
player [SichengZuo] gets hole card ['D6', 'SQ'], current stack 985
player [KLChen2PokerPlayer] gets hole card ['DT', 'H3'], current stack 1018
player [Jinkun] gets hole card ['H8', 'SK'], current stack 1000
player [NitWinWin] gets hole card ['ST', 'C5'], current stack 1000
player [ZPlayer] gets hole card ['S3', 'C4'], current stack 935
Started the round 3
Street "preflop" started. (community card = [])
"Jinkun" declared "fold:10"
"NitWinWin" declared "fold:0"
"ZPlayer" declared "call:10"
"YangZ" declared "fold:0"
"Ethan" declared "fold:0"
"HakulaPlayer" declared "fold:0"
"SichengZuo" declared "fold:0"
"KLChen2PokerPlayer" declared "call:10"
Street "flop" started. (community card = ['CK', 'SA', 'S8'])
"KLChen2PokerPlayer" declared "call:0"
"ZPlayer" declared "call:0"
Street "turn" started. (community card = ['CK', 'SA', 'S8', 'C7'])
"KLChen2PokerPlayer" declared "call:0"
"ZPlayer" declared "call:0"
Street "river" started. (community card = ['CK', 'SA', 'S8', 'C7', 'C8'])
"KLChen2PokerPlayer" declared "call:0"
"ZPlayer" declared "call:0"
"['KLChen2PokerPlayer']" won the round 3 (stack = {'YangZ': 1000, 'Ethan': 995, 'HakulaPlayer': 1052, 'SichengZuo': 985, 'KLChen2PokerPlayer': 1043, 'Jinkun': 1000, 'NitWinWin': 1000, 'ZPlayer': 925})
player [YangZ] gets hole card ['D3', 'HA'], current stack 1000
player [Ethan] gets hole card ['C4', 'S7'], current stack 995
player [HakulaPlayer] gets hole card ['S5', 'S2'], current stack 1052
player [SichengZuo] gets hole card ['HK', 'S4'], current stack 985
player [KLChen2PokerPlayer] gets hole card ['HT', 'D8'], current stack 1038
player [Jinkun] gets hole card ['DT', 'S6'], current stack 990
player [NitWinWin] gets hole card ['CJ', 'CK'], current stack 1000
player [ZPlayer] gets hole card ['C2', 'C9'], current stack 925
Started the round 4
Street "preflop" started. (community card = [])
"NitWinWin" declared "fold:0"
"ZPlayer" declared "call:10"
"YangZ" declared "fold:0"
"Ethan" declared "fold:0"
"HakulaPlayer" declared "fold:0"
"SichengZuo" declared "fold:0"
"KLChen2PokerPlayer" declared "call:10"
"Jinkun" declared "call:10"
Street "flop" started. (community card = ['SQ', 'C3', 'HJ'])
"KLChen2PokerPlayer" declared "call:0"
"Jinkun" declared "call:0"
"ZPlayer" declared "call:0"
Street "turn" started. (community card = ['SQ', 'C3', 'HJ', 'C6'])
"KLChen2PokerPlayer" declared "call:0"
"Jinkun" declared "call:0"
"ZPlayer" declared "call:0"
Street "river" started. (community card = ['SQ', 'C3', 'HJ', 'C6', 'C5'])
"KLChen2PokerPlayer" declared "call:0"
"Jinkun" declared "call:0"
"ZPlayer" declared "raise:30"
"KLChen2PokerPlayer" declared "fold:0"
"Jinkun" declared "call:30"
"['ZPlayer']" won the round 4 (stack = {'YangZ': 1000, 'Ethan': 995, 'HakulaPlayer': 1052, 'SichengZuo': 985, 'KLChen2PokerPlayer': 1033, 'Jinkun': 960, 'NitWinWin': 1000, 'ZPlayer': 975})
player [YangZ] gets hole card ['C3', 'C8'], current stack 1000
player [Ethan] gets hole card ['H7', 'D3'], current stack 995
player [HakulaPlayer] gets hole card ['CQ', 'S2'], current stack 1052
player [SichengZuo] gets hole card ['C2', 'SJ'], current stack 985
player [KLChen2PokerPlayer] gets hole card ['DK', 'S6'], current stack 1033
player [Jinkun] gets hole card ['D2', 'C4'], current stack 955
player [NitWinWin] gets hole card ['CK', 'HT'], current stack 990
player [ZPlayer] gets hole card ['SQ', 'H4'], current stack 975
Started the round 5
Street "preflop" started. (community card = [])
"ZPlayer" declared "call:10"
"YangZ" declared "fold:0"
"Ethan" declared "fold:0"
"HakulaPlayer" declared "call:10"
"SichengZuo" declared "fold:0"
"KLChen2PokerPlayer" declared "raise:15"
"Jinkun" declared "fold:15"
"NitWinWin" declared "fold:0"
"ZPlayer" declared "call:15"
"HakulaPlayer" declared "call:15"
Street "flop" started. (community card = ['S9', 'C6', 'H6'])
"ZPlayer" declared "call:0"
"HakulaPlayer" declared "call:0"
"KLChen2PokerPlayer" declared "raise:33"
"ZPlayer" declared "fold:0"
"HakulaPlayer" declared "fold:0"
"['KLChen2PokerPlayer']" won the round 5 (stack = {'YangZ': 1000, 'Ethan': 995, 'HakulaPlayer': 1037, 'SichengZuo': 985, 'KLChen2PokerPlayer': 1078, 'Jinkun': 955, 'NitWinWin': 990, 'ZPlayer': 960})
player [YangZ] gets hole card ['CJ', 'CK'], current stack 1000
player [Ethan] gets hole card ['H5', 'HA'], current stack 995
player [HakulaPlayer] gets hole card ['HQ', 'H3'], current stack 1037
player [SichengZuo] gets hole card ['D8', 'D5'], current stack 985
player [KLChen2PokerPlayer] gets hole card ['C2', 'DA'], current stack 1078
player [Jinkun] gets hole card ['S6', 'CQ'], current stack 955
player [NitWinWin] gets hole card ['D9', 'ST'], current stack 985
player [ZPlayer] gets hole card ['C8', 'HK'], current stack 950
Started the round 6
Street "preflop" started. (community card = [])
"YangZ" declared "fold:0"
"Ethan" declared "fold:0"
"HakulaPlayer" declared "fold:0"
"SichengZuo" declared "fold:0"
"KLChen2PokerPlayer" declared "raise:27"
"Jinkun" declared "fold:27"
"NitWinWin" declared "fold:0"
"ZPlayer" declared "call:27"
Street "flop" started. (community card = ['HT', 'CA', 'D2'])
"ZPlayer" declared "call:0"
"KLChen2PokerPlayer" declared "raise:29"
"ZPlayer" declared "fold:0"
"['KLChen2PokerPlayer']" won the round 6 (stack = {'YangZ': 1000, 'Ethan': 995, 'HakulaPlayer': 1037, 'SichengZuo': 985, 'KLChen2PokerPlayer': 1110, 'Jinkun': 955, 'NitWinWin': 985, 'ZPlayer': 933})
player [YangZ] gets hole card ['D2', 'H9'], current stack 990
player [Ethan] gets hole card ['D7', 'S9'], current stack 995
player [HakulaPlayer] gets hole card ['SK', 'C3'], current stack 1037
player [SichengZuo] gets hole card ['HQ', 'C6'], current stack 985
player [KLChen2PokerPlayer] gets hole card ['S4', 'HA'], current stack 1110
player [Jinkun] gets hole card ['C8', 'C2'], current stack 955
player [NitWinWin] gets hole card ['SQ', 'SJ'], current stack 985
player [ZPlayer] gets hole card ['S8', 'D9'], current stack 928
Started the round 7
Street "preflop" started. (community card = [])
"Ethan" declared "fold:0"
"HakulaPlayer" declared "fold:0"
"SichengZuo" declared "fold:0"
"KLChen2PokerPlayer" declared "call:10"
"Jinkun" declared "fold:10"
"NitWinWin" declared "fold:0"
"ZPlayer" declared "raise:15"
"YangZ" declared "fold:0"
"KLChen2PokerPlayer" declared "raise:20"
"ZPlayer" declared "call:20"
Street "flop" started. (community card = ['HK', 'C5', 'C9'])
"ZPlayer" declared "raise:10"
"KLChen2PokerPlayer" declared "fold:0"
"['ZPlayer']" won the round 7 (stack = {'YangZ': 990, 'Ethan': 995, 'HakulaPlayer': 1037, 'SichengZuo': 985, 'KLChen2PokerPlayer': 1090, 'Jinkun': 955, 'NitWinWin': 985, 'ZPlayer': 963})
player [YangZ] gets hole card ['D3', 'DT'], current stack 985
player [Ethan] gets hole card ['DQ', 'C4'], current stack 985
player [HakulaPlayer] gets hole card ['D6', 'CQ'], current stack 1037
player [SichengZuo] gets hole card ['DJ', 'DA'], current stack 985
player [KLChen2PokerPlayer] gets hole card ['CK', 'SQ'], current stack 1090
player [Jinkun] gets hole card ['D8', 'SA'], current stack 955
player [NitWinWin] gets hole card ['C3', 'C6'], current stack 985
player [ZPlayer] gets hole card ['S5', 'C9'], current stack 963
Started the round 8
Street "preflop" started. (community card = [])
"HakulaPlayer" declared "fold:0"
"SichengZuo" declared "fold:0"
"KLChen2PokerPlayer" declared "raise:26"
"Jinkun" declared "fold:26"
"NitWinWin" declared "fold:0"
"ZPlayer" declared "call:26"
"YangZ" declared "fold:0"
"Ethan" declared "fold:0"
Street "flop" started. (community card = ['H5', 'HT', 'SK'])
"KLChen2PokerPlayer" declared "raise:25"
"ZPlayer" declared "fold:0"
"['KLChen2PokerPlayer']" won the round 8 (stack = {'YangZ': 985, 'Ethan': 985, 'HakulaPlayer': 1037, 'SichengZuo': 985, 'KLChen2PokerPlayer': 1131, 'Jinkun': 955, 'NitWinWin': 985, 'ZPlayer': 937})
player [YangZ] gets hole card ['SQ', 'C4'], current stack 985
player [Ethan] gets hole card ['CA', 'C6'], current stack 980
player [HakulaPlayer] gets hole card ['HQ', 'H8'], current stack 1027
player [SichengZuo] gets hole card ['H9', 'H6'], current stack 985
player [KLChen2PokerPlayer] gets hole card ['H2', 'S2'], current stack 1131
player [Jinkun] gets hole card ['S9', 'SK'], current stack 955
player [NitWinWin] gets hole card ['C8', 'DK'], current stack 985
player [ZPlayer] gets hole card ['C2', 'D8'], current stack 937
Started the round 9
Street "preflop" started. (community card = [])
"SichengZuo" declared "fold:0"
"KLChen2PokerPlayer" declared "fold:0"
"Jinkun" declared "fold:10"
"NitWinWin" declared "fold:0"
"ZPlayer" declared "call:10"
"YangZ" declared "fold:0"
"Ethan" declared "call:10"
"HakulaPlayer" declared "call:10"
Street "flop" started. (community card = ['SA', 'DJ', 'CJ'])
"Ethan" declared "call:0"
"HakulaPlayer" declared "call:0"
"ZPlayer" declared "call:0"
Street "turn" started. (community card = ['SA', 'DJ', 'CJ', 'S6'])
"Ethan" declared "call:0"
"HakulaPlayer" declared "call:0"
"ZPlayer" declared "call:0"
Street "river" started. (community card = ['SA', 'DJ', 'CJ', 'S6', 'HK'])
"Ethan" declared "call:0"
"HakulaPlayer" declared "call:0"
"ZPlayer" declared "call:0"
"['Ethan']" won the round 9 (stack = {'YangZ': 985, 'Ethan': 1005, 'HakulaPlayer': 1027, 'SichengZuo': 985, 'KLChen2PokerPlayer': 1131, 'Jinkun': 955, 'NitWinWin': 985, 'ZPlayer': 927})
player [YangZ] gets hole card ['CT', 'H9'], current stack 985
player [Ethan] gets hole card ['ST', 'CJ'], current stack 1005
player [HakulaPlayer] gets hole card ['DT', 'D9'], current stack 1022
player [SichengZuo] gets hole card ['S3', 'HA'], current stack 975
player [KLChen2PokerPlayer] gets hole card ['CA', 'H5'], current stack 1131
player [Jinkun] gets hole card ['H3', 'C7'], current stack 955
player [NitWinWin] gets hole card ['C8', 'D6'], current stack 985
player [ZPlayer] gets hole card ['SA', 'C3'], current stack 927
Started the round 10
Street "preflop" started. (community card = [])
"KLChen2PokerPlayer" declared "call:10"
"Jinkun" declared "fold:10"
"NitWinWin" declared "fold:0"
"ZPlayer" declared "raise:15"
"YangZ" declared "fold:0"
"Ethan" declared "call:15"
"HakulaPlayer" declared "call:15"
"SichengZuo" declared "fold:0"
"KLChen2PokerPlayer" declared "raise:20"
"ZPlayer" declared "call:20"
"Ethan" declared "call:20"
"HakulaPlayer" declared "call:20"
Street "flop" started. (community card = ['HJ', 'CQ', 'S7'])
"HakulaPlayer" declared "call:0"
"KLChen2PokerPlayer" declared "call:0"
"ZPlayer" declared "call:0"
"Ethan" declared "call:0"
Street "turn" started. (community card = ['HJ', 'CQ', 'S7', 'CK'])
"HakulaPlayer" declared "raise:111"
"KLChen2PokerPlayer" declared "fold:0"
"ZPlayer" declared "fold:0"
"Ethan" declared "raise:222"
"HakulaPlayer" declared "raise:577"
"Ethan" declared "call:577"
Street "river" started. (community card = ['HJ', 'CQ', 'S7', 'CK', 'C2'])
"HakulaPlayer" declared "raise:430"
"Ethan" declared "call:430"
"['HakulaPlayer']" won the round 10 (stack = {'YangZ': 985, 'Ethan': 0, 'HakulaPlayer': 2082, 'SichengZuo': 975, 'KLChen2PokerPlayer': 1111, 'Jinkun': 955, 'NitWinWin': 985, 'ZPlayer': 907})
player [YangZ] gets hole card ['SK', 'C2'], current stack 985
player [HakulaPlayer] gets hole card ['CJ', 'CQ'], current stack 2082
player [SichengZuo] gets hole card ['D3', 'C6'], current stack 970
player [KLChen2PokerPlayer] gets hole card ['D2', 'ST'], current stack 1101
player [Jinkun] gets hole card ['CA', 'D9'], current stack 955
player [NitWinWin] gets hole card ['HK', 'S8'], current stack 985
player [ZPlayer] gets hole card ['C4', 'D4'], current stack 907
Started the round 11
Street "preflop" started. (community card = [])
"Jinkun" declared "fold:10"
"NitWinWin" declared "fold:0"
"ZPlayer" declared "call:10"
"YangZ" declared "fold:0"
"HakulaPlayer" declared "raise:32"
"SichengZuo" declared "fold:0"
"KLChen2PokerPlayer" declared "fold:0"
"ZPlayer" declared "call:32"
Street "flop" started. (community card = ['H8', 'C5', 'CK'])
"ZPlayer" declared "call:0"
"HakulaPlayer" declared "raise:78"
"ZPlayer" declared "fold:0"
"['HakulaPlayer']" won the round 11 (stack = {'YangZ': 985, 'Ethan': 0, 'HakulaPlayer': 2129, 'SichengZuo': 970, 'KLChen2PokerPlayer': 1101, 'Jinkun': 955, 'NitWinWin': 985, 'ZPlayer': 875})
player [YangZ] gets hole card ['SQ', 'H3'], current stack 985
player [HakulaPlayer] gets hole card ['C3', 'HT'], current stack 2129
player [SichengZuo] gets hole card ['HK', 'H2'], current stack 970
player [KLChen2PokerPlayer] gets hole card ['C2', 'C8'], current stack 1096
player [Jinkun] gets hole card ['DQ', 'DK'], current stack 945
player [NitWinWin] gets hole card ['S8', 'HJ'], current stack 985
player [ZPlayer] gets hole card ['H9', 'S2'], current stack 875
Started the round 12
Street "preflop" started. (community card = [])
"NitWinWin" declared "fold:0"
"ZPlayer" declared "call:10"
"YangZ" declared "fold:0"
"HakulaPlayer" declared "call:10"
"SichengZuo" declared "fold:0"
"KLChen2PokerPlayer" declared "call:10"
"Jinkun" declared "call:10"
Street "flop" started. (community card = ['C6', 'HQ', 'C5'])
"KLChen2PokerPlayer" declared "raise:15"
"Jinkun" declared "call:15"
"ZPlayer" declared "fold:0"
"HakulaPlayer" declared "fold:0"
Street "turn" started. (community card = ['C6', 'HQ', 'C5', 'C7'])
"KLChen2PokerPlayer" declared "raise:382"
"Jinkun" declared "fold:382"
"['KLChen2PokerPlayer']" won the round 12 (stack = {'YangZ': 985, 'Ethan': 0, 'HakulaPlayer': 2119, 'SichengZuo': 970, 'KLChen2PokerPlayer': 1146, 'Jinkun': 930, 'NitWinWin': 985, 'ZPlayer': 865})
player [YangZ] gets hole card ['H5', 'H2'], current stack 985
player [HakulaPlayer] gets hole card ['S4', 'D4'], current stack 2119
player [SichengZuo] gets hole card ['C6', 'S2'], current stack 970
player [KLChen2PokerPlayer] gets hole card ['CT', 'S5'], current stack 1146
player [Jinkun] gets hole card ['S3', 'D2'], current stack 925
player [NitWinWin] gets hole card ['H8', 'D9'], current stack 975
player [ZPlayer] gets hole card ['SA', 'DT'], current stack 865
Started the round 13
Street "preflop" started. (community card = [])
"ZPlayer" declared "raise:15"
"YangZ" declared "fold:0"
"HakulaPlayer" declared "call:15"
"SichengZuo" declared "fold:0"
"KLChen2PokerPlayer" declared "fold:0"
"Jinkun" declared "fold:15"
"NitWinWin" declared "fold:0"
Street "flop" started. (community card = ['H7', 'DA', 'S9'])
"ZPlayer" declared "raise:45"
"HakulaPlayer" declared "fold:0"
"['ZPlayer']" won the round 13 (stack = {'YangZ': 985, 'Ethan': 0, 'HakulaPlayer': 2104, 'SichengZuo': 970, 'KLChen2PokerPlayer': 1146, 'Jinkun': 925, 'NitWinWin': 975, 'ZPlayer': 895})
player [YangZ] gets hole card ['H8', 'D6'], current stack 985
player [HakulaPlayer] gets hole card ['DQ', 'SA'], current stack 2104
player [SichengZuo] gets hole card ['CQ', 'H5'], current stack 970
player [KLChen2PokerPlayer] gets hole card ['CJ', 'D4'], current stack 1146
player [Jinkun] gets hole card ['C5', 'HJ'], current stack 925
player [NitWinWin] gets hole card ['DJ', 'C7'], current stack 970
player [ZPlayer] gets hole card ['DT', 'HA'], current stack 885
Started the round 14
Street "preflop" started. (community card = [])
"YangZ" declared "fold:0"
"HakulaPlayer" declared "call:10"
"SichengZuo" declared "fold:0"
"KLChen2PokerPlayer" declared "fold:0"
"Jinkun" declared "call:10"
"NitWinWin" declared "fold:0"
"ZPlayer" declared "raise:15"
"HakulaPlayer" declared "call:15"
"Jinkun" declared "fold:15"
Street "flop" started. (community card = ['C9', 'S4', 'S5'])
"ZPlayer" declared "call:0"
"HakulaPlayer" declared "call:0"
Street "turn" started. (community card = ['C9', 'S4', 'S5', 'S9'])
"ZPlayer" declared "call:0"
"HakulaPlayer" declared "raise:46"
"ZPlayer" declared "fold:0"
"['HakulaPlayer']" won the round 14 (stack = {'YangZ': 985, 'Ethan': 0, 'HakulaPlayer': 2134, 'SichengZuo': 970, 'KLChen2PokerPlayer': 1146, 'Jinkun': 915, 'NitWinWin': 970, 'ZPlayer': 880})
player [YangZ] gets hole card ['S3', 'H2'], current stack 975
player [HakulaPlayer] gets hole card ['D4', 'D3'], current stack 2134
player [SichengZuo] gets hole card ['S9', 'HK'], current stack 970
player [KLChen2PokerPlayer] gets hole card ['SK', 'DA'], current stack 1146
player [Jinkun] gets hole card ['C2', 'HA'], current stack 915
player [NitWinWin] gets hole card ['H3', 'H5'], current stack 970
player [ZPlayer] gets hole card ['CA', 'DQ'], current stack 875
Started the round 15
Street "preflop" started. (community card = [])
"HakulaPlayer" declared "fold:0"
"SichengZuo" declared "fold:0"
"KLChen2PokerPlayer" declared "raise:17"
"Jinkun" declared "fold:17"
"NitWinWin" declared "fold:0"
"ZPlayer" declared "call:17"
"YangZ" declared "fold:0"
Street "flop" started. (community card = ['C5', 'DJ', 'SA'])
"ZPlayer" declared "raise:843"
"KLChen2PokerPlayer" declared "call:843"
Street "turn" started. (community card = ['C5', 'DJ', 'SA', 'H8'])
"ZPlayer" declared "call:0"
"KLChen2PokerPlayer" declared "raise:127"
"ZPlayer" declared "call:127"
Street "river" started. (community card = ['C5', 'DJ', 'SA', 'H8', 'H9'])
"['KLChen2PokerPlayer']" won the round 15 (stack = {'YangZ': 975, 'Ethan': 0, 'HakulaPlayer': 2134, 'SichengZuo': 970, 'KLChen2PokerPlayer': 2036, 'Jinkun': 915, 'NitWinWin': 970, 'ZPlayer': 0})
player [YangZ] gets hole card ['SJ', 'H9'], current stack 975
player [HakulaPlayer] gets hole card ['H5', 'C2'], current stack 2129
player [SichengZuo] gets hole card ['S4', 'C9'], current stack 960
player [KLChen2PokerPlayer] gets hole card ['S2', 'DJ'], current stack 2036
player [Jinkun] gets hole card ['D7', 'CT'], current stack 915
player [NitWinWin] gets hole card ['S6', 'D8'], current stack 970
Started the round 16
Street "preflop" started. (community card = [])
"KLChen2PokerPlayer" declared "fold:0"
"Jinkun" declared "fold:10"
"NitWinWin" declared "fold:0"
"YangZ" declared "fold:0"
"HakulaPlayer" declared "fold:0"
"['SichengZuo']" won the round 16 (stack = {'YangZ': 975, 'Ethan': 0, 'HakulaPlayer': 2129, 'SichengZuo': 975, 'KLChen2PokerPlayer': 2036, 'Jinkun': 915, 'NitWinWin': 970, 'ZPlayer': 0})
player [YangZ] gets hole card ['HA', 'S6'], current stack 975
player [HakulaPlayer] gets hole card ['CQ', 'SQ'], current stack 2129
player [SichengZuo] gets hole card ['D9', 'D7'], current stack 970
player [KLChen2PokerPlayer] gets hole card ['H9', 'H4'], current stack 2026
player [Jinkun] gets hole card ['H2', 'S9'], current stack 915
player [NitWinWin] gets hole card ['C2', 'DA'], current stack 970
Started the round 17
Street "preflop" started. (community card = [])
"Jinkun" declared "fold:10"
"NitWinWin" declared "fold:0"
"YangZ" declared "fold:0"
"HakulaPlayer" declared "raise:33"
"SichengZuo" declared "fold:0"
"KLChen2PokerPlayer" declared "fold:0"
"['HakulaPlayer']" won the round 17 (stack = {'YangZ': 975, 'Ethan': 0, 'HakulaPlayer': 2144, 'SichengZuo': 970, 'KLChen2PokerPlayer': 2026, 'Jinkun': 915, 'NitWinWin': 970, 'ZPlayer': 0})
player [YangZ] gets hole card ['D4', 'D9'], current stack 975
player [HakulaPlayer] gets hole card ['C3', 'C8'], current stack 2144
player [SichengZuo] gets hole card ['D6', 'S5'], current stack 970
player [KLChen2PokerPlayer] gets hole card ['CQ', 'D8'], current stack 2021
player [Jinkun] gets hole card ['H2', 'C7'], current stack 905
player [NitWinWin] gets hole card ['C2', 'ST'], current stack 970
Started the round 18
Street "preflop" started. (community card = [])
"NitWinWin" declared "fold:0"
"YangZ" declared "fold:0"
"HakulaPlayer" declared "fold:0"
"SichengZuo" declared "fold:0"
"KLChen2PokerPlayer" declared "call:10"
"Jinkun" declared "call:10"
Street "flop" started. (community card = ['C4', 'DA', 'S4'])
"KLChen2PokerPlayer" declared "raise:16"
"Jinkun" declared "fold:16"
"['KLChen2PokerPlayer']" won the round 18 (stack = {'YangZ': 975, 'Ethan': 0, 'HakulaPlayer': 2144, 'SichengZuo': 970, 'KLChen2PokerPlayer': 2036, 'Jinkun': 905, 'NitWinWin': 970, 'ZPlayer': 0})
player [YangZ] gets hole card ['C7', 'H2'], current stack 975
player [HakulaPlayer] gets hole card ['DK', 'C9'], current stack 2144
player [SichengZuo] gets hole card ['DA', 'D8'], current stack 970
player [KLChen2PokerPlayer] gets hole card ['CJ', 'S7'], current stack 2036
player [Jinkun] gets hole card ['D3', 'S2'], current stack 900
player [NitWinWin] gets hole card ['C8', 'DQ'], current stack 960
Started the round 19
Street "preflop" started. (community card = [])
"YangZ" declared "fold:0"
"HakulaPlayer" declared "call:10"
"SichengZuo" declared "fold:0"
"KLChen2PokerPlayer" declared "call:10"
"Jinkun" declared "call:10"
"NitWinWin" declared "fold:0"
Street "flop" started. (community card = ['S9', 'S5', 'H9'])
"Jinkun" declared "call:0"
"HakulaPlayer" declared "raise:44"
"KLChen2PokerPlayer" declared "fold:0"
"Jinkun" declared "fold:44"
"['HakulaPlayer']" won the round 19 (stack = {'YangZ': 975, 'Ethan': 0, 'HakulaPlayer': 2174, 'SichengZuo': 970, 'KLChen2PokerPlayer': 2026, 'Jinkun': 895, 'NitWinWin': 960, 'ZPlayer': 0})
player [YangZ] gets hole card ['D4', 'H4'], current stack 965
player [HakulaPlayer] gets hole card ['SJ', 'C2'], current stack 2174
player [SichengZuo] gets hole card ['S2', 'D6'], current stack 970
player [KLChen2PokerPlayer] gets hole card ['H3', 'C9'], current stack 2026
player [Jinkun] gets hole card ['S6', 'CQ'], current stack 895
player [NitWinWin] gets hole card ['C6', 'CJ'], current stack 955
Started the round 20
Street "preflop" started. (community card = [])
"HakulaPlayer" declared "fold:0"
"SichengZuo" declared "fold:0"
"KLChen2PokerPlayer" declared "fold:0"
"Jinkun" declared "call:10"
"NitWinWin" declared "fold:0"
"YangZ" declared "fold:0"
"['Jinkun']" won the round 20 (stack = {'YangZ': 965, 'Ethan': 0, 'HakulaPlayer': 2174, 'SichengZuo': 970, 'KLChen2PokerPlayer': 2026, 'Jinkun': 910, 'NitWinWin': 955, 'ZPlayer': 0})
player [YangZ] gets hole card ['S3', 'C7'], current stack 960
player [HakulaPlayer] gets hole card ['C9', 'D2'], current stack 2164
player [SichengZuo] gets hole card ['S8', 'H6'], current stack 970
player [KLChen2PokerPlayer] gets hole card ['D9', 'H7'], current stack 2026
player [Jinkun] gets hole card ['DJ', 'DQ'], current stack 910
player [NitWinWin] gets hole card ['C8', 'S7'], current stack 955
Started the round 21
Street "preflop" started. (community card = [])
"SichengZuo" declared "fold:0"
"KLChen2PokerPlayer" declared "call:10"
"Jinkun" declared "fold:10"
"NitWinWin" declared "fold:0"
"YangZ" declared "fold:0"
"HakulaPlayer" declared "call:10"
Street "flop" started. (community card = ['D8', 'CK', 'S9'])
"HakulaPlayer" declared "call:0"
"KLChen2PokerPlayer" declared "raise:30"
"HakulaPlayer" declared "call:30"
Street "turn" started. (community card = ['D8', 'CK', 'S9', 'S4'])
"HakulaPlayer" declared "call:0"
"KLChen2PokerPlayer" declared "raise:272"
"HakulaPlayer" declared "fold:0"
"['KLChen2PokerPlayer']" won the round 21 (stack = {'YangZ': 960, 'Ethan': 0, 'HakulaPlayer': 2134, 'SichengZuo': 970, 'KLChen2PokerPlayer': 2071, 'Jinkun': 910, 'NitWinWin': 955, 'ZPlayer': 0})
player [YangZ] gets hole card ['H2', 'CK'], current stack 960
player [HakulaPlayer] gets hole card ['C9', 'D2'], current stack 2129
player [SichengZuo] gets hole card ['SJ', 'C4'], current stack 960
player [KLChen2PokerPlayer] gets hole card ['HA', 'H5'], current stack 2071
player [Jinkun] gets hole card ['C8', 'C3'], current stack 910
player [NitWinWin] gets hole card ['H7', 'S2'], current stack 955
Started the round 22
Street "preflop" started. (community card = [])
"KLChen2PokerPlayer" declared "raise:15"
"Jinkun" declared "fold:15"
"NitWinWin" declared "fold:0"
"YangZ" declared "fold:0"
"HakulaPlayer" declared "fold:0"
"SichengZuo" declared "fold:0"
"['KLChen2PokerPlayer']" won the round 22 (stack = {'YangZ': 960, 'Ethan': 0, 'HakulaPlayer': 2129, 'SichengZuo': 960, 'KLChen2PokerPlayer': 2086, 'Jinkun': 910, 'NitWinWin': 955, 'ZPlayer': 0})
player [YangZ] gets hole card ['D9', 'HT'], current stack 960
player [HakulaPlayer] gets hole card ['S5', 'S2'], current stack 2129
player [SichengZuo] gets hole card ['DT', 'DK'], current stack 955
player [KLChen2PokerPlayer] gets hole card ['D2', 'H7'], current stack 2076
player [Jinkun] gets hole card ['C6', 'C8'], current stack 910
player [NitWinWin] gets hole card ['H6', 'H2'], current stack 955
Started the round 23
Street "preflop" started. (community card = [])
"Jinkun" declared "fold:10"
"NitWinWin" declared "fold:0"
"YangZ" declared "fold:0"
"HakulaPlayer" declared "fold:0"
"SichengZuo" declared "fold:0"
"['KLChen2PokerPlayer']" won the round 23 (stack = {'YangZ': 960, 'Ethan': 0, 'HakulaPlayer': 2129, 'SichengZuo': 955, 'KLChen2PokerPlayer': 2091, 'Jinkun': 910, 'NitWinWin': 955, 'ZPlayer': 0})
player [YangZ] gets hole card ['C4', 'C5'], current stack 960
player [HakulaPlayer] gets hole card ['C2', 'H8'], current stack 2129
player [SichengZuo] gets hole card ['D8', 'D2'], current stack 955
player [KLChen2PokerPlayer] gets hole card ['DJ', 'H2'], current stack 2086
player [Jinkun] gets hole card ['SQ', 'DA'], current stack 900
player [NitWinWin] gets hole card ['S5', 'CQ'], current stack 955
Started the round 24
Street "preflop" started. (community card = [])
"NitWinWin" declared "fold:0"
"YangZ" declared "fold:0"
"HakulaPlayer" declared "fold:0"
"SichengZuo" declared "fold:0"
"KLChen2PokerPlayer" declared "raise:15"
"Jinkun" declared "call:15"
Street "flop" started. (community card = ['CA', 'S7', 'H4'])
"KLChen2PokerPlayer" declared "call:0"
"Jinkun" declared "raise:13"
"KLChen2PokerPlayer" declared "fold:0"
"['Jinkun']" won the round 24 (stack = {'YangZ': 960, 'Ethan': 0, 'HakulaPlayer': 2129, 'SichengZuo': 955, 'KLChen2PokerPlayer': 2076, 'Jinkun': 925, 'NitWinWin': 955, 'ZPlayer': 0})
player [YangZ] gets hole card ['H8', 'HJ'], current stack 960
player [HakulaPlayer] gets hole card ['C4', 'CT'], current stack 2129
player [SichengZuo] gets hole card ['D9', 'S6'], current stack 955
player [KLChen2PokerPlayer] gets hole card ['HA', 'CK'], current stack 2076
player [Jinkun] gets hole card ['DK', 'S7'], current stack 920
player [NitWinWin] gets hole card ['H6', 'H7'], current stack 945
Started the round 25
Street "preflop" started. (community card = [])
"YangZ" declared "fold:0"
"HakulaPlayer" declared "fold:0"
"SichengZuo" declared "fold:0"
"KLChen2PokerPlayer" declared "raise:27"
"Jinkun" declared "fold:27"
"NitWinWin" declared "fold:0"
"['KLChen2PokerPlayer']" won the round 25 (stack = {'YangZ': 960, 'Ethan': 0, 'HakulaPlayer': 2129, 'SichengZuo': 955, 'KLChen2PokerPlayer': 2091, 'Jinkun': 920, 'NitWinWin': 945, 'ZPlayer': 0})
player [YangZ] gets hole card ['D6', 'C7'], current stack 950
player [HakulaPlayer] gets hole card ['DA', 'H6'], current stack 2129
player [SichengZuo] gets hole card ['D3', 'S7'], current stack 955
player [KLChen2PokerPlayer] gets hole card ['HT', 'D5'], current stack 2091
player [Jinkun] gets hole card ['H7', 'D2'], current stack 920
player [NitWinWin] gets hole card ['SQ', 'DQ'], current stack 940
Started the round 26
Street "preflop" started. (community card = [])
"HakulaPlayer" declared "call:10"
"SichengZuo" declared "fold:0"
"KLChen2PokerPlayer" declared "fold:0"
"Jinkun" declared "call:10"
"NitWinWin" declared "raise:945"
"YangZ" declared "fold:0"
"HakulaPlayer" declared "fold:0"
"Jinkun" declared "fold:945"
"['NitWinWin']" won the round 26 (stack = {'YangZ': 950, 'Ethan': 0, 'HakulaPlayer': 2119, 'SichengZuo': 955, 'KLChen2PokerPlayer': 2091, 'Jinkun': 910, 'NitWinWin': 975, 'ZPlayer': 0})
player [YangZ] gets hole card ['H8', 'C9'], current stack 945
player [HakulaPlayer] gets hole card ['H7', 'C6'], current stack 2109
player [SichengZuo] gets hole card ['HA', 'C4'], current stack 955
player [KLChen2PokerPlayer] gets hole card ['S7', 'C8'], current stack 2091
player [Jinkun] gets hole card ['CJ', 'CT'], current stack 910
player [NitWinWin] gets hole card ['D2', 'C7'], current stack 975
Started the round 27
Street "preflop" started. (community card = [])
"SichengZuo" declared "fold:0"
"KLChen2PokerPlayer" declared "fold:0"
"Jinkun" declared "call:10"
"NitWinWin" declared "fold:0"
"YangZ" declared "fold:0"
"HakulaPlayer" declared "call:10"
Street "flop" started. (community card = ['SK', 'H6', 'H4'])
"HakulaPlayer" declared "call:0"
"Jinkun" declared "call:0"
Street "turn" started. (community card = ['SK', 'H6', 'H4', 'S4'])
"HakulaPlayer" declared "call:0"
"Jinkun" declared "call:0"
Street "river" started. (community card = ['SK', 'H6', 'H4', 'S4', 'DJ'])
"HakulaPlayer" declared "call:0"
"Jinkun" declared "call:0"
"['Jinkun']" won the round 27 (stack = {'YangZ': 945, 'Ethan': 0, 'HakulaPlayer': 2109, 'SichengZuo': 955, 'KLChen2PokerPlayer': 2091, 'Jinkun': 925, 'NitWinWin': 975, 'ZPlayer': 0})
player [YangZ] gets hole card ['HQ', 'H3'], current stack 945
player [HakulaPlayer] gets hole card ['SK', 'HA'], current stack 2104
player [SichengZuo] gets hole card ['ST', 'D2'], current stack 945
player [KLChen2PokerPlayer] gets hole card ['DJ', 'C4'], current stack 2091
player [Jinkun] gets hole card ['CT', 'HK'], current stack 925
player [NitWinWin] gets hole card ['H2', 'C5'], current stack 975
Started the round 28
Street "preflop" started. (community card = [])
"KLChen2PokerPlayer" declared "fold:0"
"Jinkun" declared "fold:10"
"NitWinWin" declared "fold:0"
"YangZ" declared "fold:0"
"HakulaPlayer" declared "call:10"
"SichengZuo" declared "fold:0"
"['HakulaPlayer']" won the round 28 (stack = {'YangZ': 945, 'Ethan': 0, 'HakulaPlayer': 2119, 'SichengZuo': 945, 'KLChen2PokerPlayer': 2091, 'Jinkun': 925, 'NitWinWin': 975, 'ZPlayer': 0})
player [YangZ] gets hole card ['S4', 'CQ'], current stack 945
player [HakulaPlayer] gets hole card ['CA', 'S2'], current stack 2119
player [SichengZuo] gets hole card ['S7', 'CK'], current stack 940
player [KLChen2PokerPlayer] gets hole card ['HT', 'DQ'], current stack 2081
player [Jinkun] gets hole card ['HA', 'S5'], current stack 925
player [NitWinWin] gets hole card ['CT', 'DK'], current stack 975
Started the round 29
Street "preflop" started. (community card = [])
"Jinkun" declared "fold:10"
"NitWinWin" declared "fold:0"
"YangZ" declared "fold:0"
"HakulaPlayer" declared "call:10"
"SichengZuo" declared "fold:0"
"KLChen2PokerPlayer" declared "raise:15"
"HakulaPlayer" declared "call:15"
Street "flop" started. (community card = ['S8', 'CJ', 'HQ'])
"KLChen2PokerPlayer" declared "raise:33"
"HakulaPlayer" declared "fold:0"
"['KLChen2PokerPlayer']" won the round 29 (stack = {'YangZ': 945, 'Ethan': 0, 'HakulaPlayer': 2104, 'SichengZuo': 940, 'KLChen2PokerPlayer': 2111, 'Jinkun': 925, 'NitWinWin': 975, 'ZPlayer': 0})
player [YangZ] gets hole card ['HJ', 'D6'], current stack 945
player [HakulaPlayer] gets hole card ['H3', 'SA'], current stack 2104
player [SichengZuo] gets hole card ['S6', 'S7'], current stack 940
player [KLChen2PokerPlayer] gets hole card ['S5', 'SK'], current stack 2106
player [Jinkun] gets hole card ['CQ', 'CK'], current stack 915
player [NitWinWin] gets hole card ['H2', 'HQ'], current stack 975
Started the round 30
Street "preflop" started. (community card = [])
"NitWinWin" declared "fold:0"
"YangZ" declared "fold:0"
"HakulaPlayer" declared "call:10"
"SichengZuo" declared "fold:0"
"KLChen2PokerPlayer" declared "raise:18"
"Jinkun" declared "fold:18"
"HakulaPlayer" declared "call:18"
Street "flop" started. (community card = ['S8', 'DA', 'DK'])
"KLChen2PokerPlayer" declared "raise:33"
"HakulaPlayer" declared "call:33"
Street "turn" started. (community card = ['S8', 'DA', 'DK', 'C7'])
"KLChen2PokerPlayer" declared "raise:376"
"HakulaPlayer" declared "call:376"
Street "river" started. (community card = ['S8', 'DA', 'DK', 'C7', 'CT'])
"KLChen2PokerPlayer" declared "raise:383"
"HakulaPlayer" declared "raise:1596"
"KLChen2PokerPlayer" declared "fold:0"
"['HakulaPlayer']" won the round 30 (stack = {'YangZ': 945, 'Ethan': 0, 'HakulaPlayer': 2924, 'SichengZuo': 940, 'KLChen2PokerPlayer': 1301, 'Jinkun': 915, 'NitWinWin': 975, 'ZPlayer': 0})
player [YangZ] gets hole card ['HK', 'CA'], current stack 945
player [HakulaPlayer] gets hole card ['C5', 'CJ'], current stack 2924
player [SichengZuo] gets hole card ['SA', 'S7'], current stack 940
player [KLChen2PokerPlayer] gets hole card ['S6', 'S4'], current stack 1301
player [Jinkun] gets hole card ['DT', 'D3'], current stack 910
player [NitWinWin] gets hole card ['H2', 'D7'], current stack 965
Started the round 31
Street "preflop" started. (community card = [])
"YangZ" declared "fold:0"
"HakulaPlayer" declared "fold:0"
"SichengZuo" declared "fold:0"
"KLChen2PokerPlayer" declared "call:10"
"Jinkun" declared "call:10"
"NitWinWin" declared "fold:0"
Street "flop" started. (community card = ['CQ', 'H9', 'H6'])
"Jinkun" declared "call:0"
"KLChen2PokerPlayer" declared "raise:11"
"Jinkun" declared "call:11"
Street "turn" started. (community card = ['CQ', 'H9', 'H6', 'CK'])
"Jinkun" declared "call:0"
"KLChen2PokerPlayer" declared "call:0"
Street "river" started. (community card = ['CQ', 'H9', 'H6', 'CK', 'C8'])
"Jinkun" declared "call:0"
"KLChen2PokerPlayer" declared "call:0"
"['KLChen2PokerPlayer']" won the round 31 (stack = {'YangZ': 945, 'Ethan': 0, 'HakulaPlayer': 2924, 'SichengZuo': 940, 'KLChen2PokerPlayer': 1332, 'Jinkun': 894, 'NitWinWin': 965, 'ZPlayer': 0})
player [YangZ] gets hole card ['D5', 'S4'], current stack 935
player [HakulaPlayer] gets hole card ['DA', 'CQ'], current stack 2924
player [SichengZuo] gets hole card ['HT', 'DJ'], current stack 940
player [KLChen2PokerPlayer] gets hole card ['S5', 'D4'], current stack 1332
player [Jinkun] gets hole card ['H4', 'S2'], current stack 894
player [NitWinWin] gets hole card ['H6', 'HJ'], current stack 960
Started the round 32
Street "preflop" started. (community card = [])
"HakulaPlayer" declared "call:10"
"SichengZuo" declared "fold:0"
"KLChen2PokerPlayer" declared "fold:0"
"Jinkun" declared "call:10"
"NitWinWin" declared "fold:0"
"YangZ" declared "fold:0"
Street "flop" started. (community card = ['H7', 'HA', 'SA'])
"HakulaPlayer" declared "raise:41"
"Jinkun" declared "fold:41"
"['HakulaPlayer']" won the round 32 (stack = {'YangZ': 935, 'Ethan': 0, 'HakulaPlayer': 2949, 'SichengZuo': 940, 'KLChen2PokerPlayer': 1332, 'Jinkun': 884, 'NitWinWin': 960, 'ZPlayer': 0})
player [YangZ] gets hole card ['D7', 'S6'], current stack 930
player [HakulaPlayer] gets hole card ['CK', 'D3'], current stack 2939
player [SichengZuo] gets hole card ['DK', 'CQ'], current stack 940
player [KLChen2PokerPlayer] gets hole card ['C8', 'D4'], current stack 1332
player [Jinkun] gets hole card ['C5', 'H8'], current stack 884
player [NitWinWin] gets hole card ['D2', 'SJ'], current stack 960
Started the round 33
Street "preflop" started. (community card = [])
"SichengZuo" declared "fold:0"
"KLChen2PokerPlayer" declared "call:10"
"Jinkun" declared "fold:10"
"NitWinWin" declared "fold:0"
"YangZ" declared "fold:0"
"HakulaPlayer" declared "call:10"
Street "flop" started. (community card = ['HT', 'CT', 'DJ'])
"HakulaPlayer" declared "call:0"
"KLChen2PokerPlayer" declared "call:0"
Street "turn" started. (community card = ['HT', 'CT', 'DJ', 'C9'])
"HakulaPlayer" declared "call:0"
"KLChen2PokerPlayer" declared "call:0"
Street "river" started. (community card = ['HT', 'CT', 'DJ', 'C9', 'S3'])
"HakulaPlayer" declared "call:0"
"KLChen2PokerPlayer" declared "call:0"
"['HakulaPlayer']" won the round 33 (stack = {'YangZ': 930, 'Ethan': 0, 'HakulaPlayer': 2964, 'SichengZuo': 940, 'KLChen2PokerPlayer': 1322, 'Jinkun': 884, 'NitWinWin': 960, 'ZPlayer': 0})
player [YangZ] gets hole card ['H5', 'S8'], current stack 930
player [HakulaPlayer] gets hole card ['C9', 'S2'], current stack 2959
player [SichengZuo] gets hole card ['S3', 'DJ'], current stack 930
player [KLChen2PokerPlayer] gets hole card ['DQ', 'HK'], current stack 1322
player [Jinkun] gets hole card ['H9', 'D6'], current stack 884
player [NitWinWin] gets hole card ['HA', 'H3'], current stack 960
Started the round 34
Street "preflop" started. (community card = [])
"KLChen2PokerPlayer" declared "raise:20"
"Jinkun" declared "fold:20"
"NitWinWin" declared "fold:0"
"YangZ" declared "fold:0"
"HakulaPlayer" declared "fold:0"
"SichengZuo" declared "fold:0"
"['KLChen2PokerPlayer']" won the round 34 (stack = {'YangZ': 930, 'Ethan': 0, 'HakulaPlayer': 2959, 'SichengZuo': 930, 'KLChen2PokerPlayer': 1337, 'Jinkun': 884, 'NitWinWin': 960, 'ZPlayer': 0})
player [YangZ] gets hole card ['HK', 'C2'], current stack 930
player [HakulaPlayer] gets hole card ['CQ', 'SK'], current stack 2959
player [SichengZuo] gets hole card ['H6', 'D9'], current stack 925
player [KLChen2PokerPlayer] gets hole card ['CA', 'S6'], current stack 1327
player [Jinkun] gets hole card ['ST', 'D7'], current stack 884
player [NitWinWin] gets hole card ['H4', 'D2'], current stack 960
Started the round 35
Street "preflop" started. (community card = [])
"Jinkun" declared "fold:10"
"NitWinWin" declared "fold:0"
"YangZ" declared "fold:0"
"HakulaPlayer" declared "call:10"
"SichengZuo" declared "fold:0"
"KLChen2PokerPlayer" declared "raise:19"
"HakulaPlayer" declared "raise:34"
"KLChen2PokerPlayer" declared "fold:0"
"['HakulaPlayer']" won the round 35 (stack = {'YangZ': 930, 'Ethan': 0, 'HakulaPlayer': 2983, 'SichengZuo': 925, 'KLChen2PokerPlayer': 1318, 'Jinkun': 884, 'NitWinWin': 960, 'ZPlayer': 0})
player [YangZ] gets hole card ['CK', 'H7'], current stack 930
player [HakulaPlayer] gets hole card ['DT', 'C3'], current stack 2983
player [SichengZuo] gets hole card ['DQ', 'D5'], current stack 925
player [KLChen2PokerPlayer] gets hole card ['HA', 'HJ'], current stack 1313
player [Jinkun] gets hole card ['D8', 'D4'], current stack 874
player [NitWinWin] gets hole card ['H6', 'S6'], current stack 960
Started the round 36
Street "preflop" started. (community card = [])
"NitWinWin" declared "fold:0"
"YangZ" declared "fold:0"
"HakulaPlayer" declared "fold:0"
"SichengZuo" declared "fold:0"
"KLChen2PokerPlayer" declared "raise:18"
"Jinkun" declared "fold:18"
"['KLChen2PokerPlayer']" won the round 36 (stack = {'YangZ': 930, 'Ethan': 0, 'HakulaPlayer': 2983, 'SichengZuo': 925, 'KLChen2PokerPlayer': 1328, 'Jinkun': 874, 'NitWinWin': 960, 'ZPlayer': 0})
player [YangZ] gets hole card ['S2', 'D3'], current stack 930
player [HakulaPlayer] gets hole card ['SJ', 'DK'], current stack 2983
player [SichengZuo] gets hole card ['SA', 'CA'], current stack 925
player [KLChen2PokerPlayer] gets hole card ['D6', 'H6'], current stack 1328
player [Jinkun] gets hole card ['S8', 'H2'], current stack 869
player [NitWinWin] gets hole card ['D7', 'HK'], current stack 950
Started the round 37
Street "preflop" started. (community card = [])
"YangZ" declared "fold:0"
"HakulaPlayer" declared "call:10"
"SichengZuo" declared "raise:925"
"KLChen2PokerPlayer" declared "fold:0"
"Jinkun" declared "fold:925"
"NitWinWin" declared "fold:0"
"HakulaPlayer" declared "fold:0"
"['SichengZuo']" won the round 37 (stack = {'YangZ': 930, 'Ethan': 0, 'HakulaPlayer': 2973, 'SichengZuo': 950, 'KLChen2PokerPlayer': 1328, 'Jinkun': 869, 'NitWinWin': 950, 'ZPlayer': 0})
player [YangZ] gets hole card ['C9', 'D3'], current stack 920
player [HakulaPlayer] gets hole card ['C8', 'CA'], current stack 2973
player [SichengZuo] gets hole card ['H9', 'HT'], current stack 950
player [KLChen2PokerPlayer] gets hole card ['S9', 'DT'], current stack 1328
player [Jinkun] gets hole card ['DQ', 'DK'], current stack 869
player [NitWinWin] gets hole card ['S3', 'C4'], current stack 945
Started the round 38
Street "preflop" started. (community card = [])
"HakulaPlayer" declared "call:10"
"SichengZuo" declared "fold:0"
"KLChen2PokerPlayer" declared "raise:15"
"Jinkun" declared "fold:15"
"NitWinWin" declared "fold:0"
"YangZ" declared "fold:0"
"HakulaPlayer" declared "raise:36"
"KLChen2PokerPlayer" declared "fold:0"
"['HakulaPlayer']" won the round 38 (stack = {'YangZ': 920, 'Ethan': 0, 'HakulaPlayer': 3003, 'SichengZuo': 950, 'KLChen2PokerPlayer': 1313, 'Jinkun': 869, 'NitWinWin': 945, 'ZPlayer': 0})
player [YangZ] gets hole card ['C7', 'DK'], current stack 915
player [HakulaPlayer] gets hole card ['HA', 'DJ'], current stack 2993
player [SichengZuo] gets hole card ['CT', 'CQ'], current stack 950
player [KLChen2PokerPlayer] gets hole card ['C5', 'C4'], current stack 1313
player [Jinkun] gets hole card ['SJ', 'C8'], current stack 869
player [NitWinWin] gets hole card ['D3', 'C6'], current stack 945
Started the round 39
Street "preflop" started. (community card = [])
"SichengZuo" declared "fold:0"
"KLChen2PokerPlayer" declared "call:10"
"Jinkun" declared "fold:10"
"NitWinWin" declared "fold:0"
"YangZ" declared "fold:0"
"HakulaPlayer" declared "raise:35"
"KLChen2PokerPlayer" declared "fold:0"
"['HakulaPlayer']" won the round 39 (stack = {'YangZ': 915, 'Ethan': 0, 'HakulaPlayer': 3018, 'SichengZuo': 950, 'KLChen2PokerPlayer': 1303, 'Jinkun': 869, 'NitWinWin': 945, 'ZPlayer': 0})
player [YangZ] gets hole card ['C6', 'CJ'], current stack 915
player [HakulaPlayer] gets hole card ['HJ', 'SA'], current stack 3013
player [SichengZuo] gets hole card ['S5', 'H7'], current stack 940
player [KLChen2PokerPlayer] gets hole card ['D5', 'DK'], current stack 1303
player [Jinkun] gets hole card ['DT', 'H2'], current stack 869
player [NitWinWin] gets hole card ['C4', 'C8'], current stack 945
Started the round 40
Street "preflop" started. (community card = [])
"KLChen2PokerPlayer" declared "raise:19"
"Jinkun" declared "fold:19"
"NitWinWin" declared "fold:0"
"YangZ" declared "fold:0"
"HakulaPlayer" declared "call:19"
"SichengZuo" declared "fold:0"
Street "flop" started. (community card = ['SQ', 'HT', 'DJ'])
"HakulaPlayer" declared "raise:57"
"KLChen2PokerPlayer" declared "fold:0"
"['HakulaPlayer']" won the round 40 (stack = {'YangZ': 915, 'Ethan': 0, 'HakulaPlayer': 3047, 'SichengZuo': 940, 'KLChen2PokerPlayer': 1284, 'Jinkun': 869, 'NitWinWin': 945, 'ZPlayer': 0})
player [YangZ] gets hole card ['H2', 'D7'], current stack 915
player [HakulaPlayer] gets hole card ['S4', 'CQ'], current stack 3047
player [SichengZuo] gets hole card ['SK', 'ST'], current stack 935
player [KLChen2PokerPlayer] gets hole card ['S6', 'C3'], current stack 1274
player [Jinkun] gets hole card ['CA', 'C7'], current stack 869
player [NitWinWin] gets hole card ['C9', 'D6'], current stack 945
Started the round 41
Street "preflop" started. (community card = [])
"Jinkun" declared "fold:10"
"NitWinWin" declared "fold:0"
"YangZ" declared "fold:0"
"HakulaPlayer" declared "fold:0"
"SichengZuo" declared "fold:0"
"['KLChen2PokerPlayer']" won the round 41 (stack = {'YangZ': 915, 'Ethan': 0, 'HakulaPlayer': 3047, 'SichengZuo': 935, 'KLChen2PokerPlayer': 1289, 'Jinkun': 869, 'NitWinWin': 945, 'ZPlayer': 0})
player [YangZ] gets hole card ['S2', 'DJ'], current stack 915
player [HakulaPlayer] gets hole card ['CQ', 'CK'], current stack 3047
player [SichengZuo] gets hole card ['H4', 'D2'], current stack 935
player [KLChen2PokerPlayer] gets hole card ['S4', 'SQ'], current stack 1284
player [Jinkun] gets hole card ['S3', 'C2'], current stack 859
player [NitWinWin] gets hole card ['S8', 'DA'], current stack 945
Started the round 42
Street "preflop" started. (community card = [])
"NitWinWin" declared "fold:0"
"YangZ" declared "fold:0"
"HakulaPlayer" declared "call:10"
"SichengZuo" declared "fold:0"
"KLChen2PokerPlayer" declared "raise:15"
"Jinkun" declared "fold:15"
"HakulaPlayer" declared "call:15"
Street "flop" started. (community card = ['DQ', 'CA', 'HJ'])
"KLChen2PokerPlayer" declared "raise:30"
"HakulaPlayer" declared "call:30"
Street "turn" started. (community card = ['DQ', 'CA', 'HJ', 'DT'])
"KLChen2PokerPlayer" declared "raise:123"
"HakulaPlayer" declared "call:123"
Street "river" started. (community card = ['DQ', 'CA', 'HJ', 'DT', 'ST'])
"KLChen2PokerPlayer" declared "call:0"
"HakulaPlayer" declared "call:0"
"['HakulaPlayer']" won the round 42 (stack = {'YangZ': 915, 'Ethan': 0, 'HakulaPlayer': 3225, 'SichengZuo': 935, 'KLChen2PokerPlayer': 1121, 'Jinkun': 859, 'NitWinWin': 945, 'ZPlayer': 0})
player [YangZ] gets hole card ['HQ', 'D8'], current stack 915
player [HakulaPlayer] gets hole card ['H3', 'D6'], current stack 3225
player [SichengZuo] gets hole card ['H9', 'H2'], current stack 935
player [KLChen2PokerPlayer] gets hole card ['SK', 'ST'], current stack 1121
player [Jinkun] gets hole card ['SQ', 'H6'], current stack 854
player [NitWinWin] gets hole card ['D7', 'H4'], current stack 935
Started the round 43
Street "preflop" started. (community card = [])
"YangZ" declared "fold:0"
"HakulaPlayer" declared "fold:0"
"SichengZuo" declared "fold:0"
"KLChen2PokerPlayer" declared "raise:24"
"Jinkun" declared "fold:24"
"NitWinWin" declared "fold:0"
"['KLChen2PokerPlayer']" won the round 43 (stack = {'YangZ': 915, 'Ethan': 0, 'HakulaPlayer': 3225, 'SichengZuo': 935, 'KLChen2PokerPlayer': 1136, 'Jinkun': 854, 'NitWinWin': 935, 'ZPlayer': 0})
player [YangZ] gets hole card ['H8', 'S8'], current stack 905
player [HakulaPlayer] gets hole card ['S4', 'HT'], current stack 3225
player [SichengZuo] gets hole card ['HQ', 'C9'], current stack 935
player [KLChen2PokerPlayer] gets hole card ['C5', 'C6'], current stack 1136
player [Jinkun] gets hole card ['C8', 'CK'], current stack 854
player [NitWinWin] gets hole card ['H7', 'CQ'], current stack 930
Started the round 44
Street "preflop" started. (community card = [])
"HakulaPlayer" declared "fold:0"
"SichengZuo" declared "fold:0"
"KLChen2PokerPlayer" declared "call:10"
"Jinkun" declared "call:10"
"NitWinWin" declared "fold:0"
"YangZ" declared "fold:0"
Street "flop" started. (community card = ['S5', 'S9', 'S6'])
"KLChen2PokerPlayer" declared "raise:38"
"Jinkun" declared "fold:38"
"['KLChen2PokerPlayer']" won the round 44 (stack = {'YangZ': 905, 'Ethan': 0, 'HakulaPlayer': 3225, 'SichengZuo': 935, 'KLChen2PokerPlayer': 1161, 'Jinkun': 844, 'NitWinWin': 930, 'ZPlayer': 0})
player [YangZ] gets hole card ['C9', 'C8'], current stack 900
player [HakulaPlayer] gets hole card ['ST', 'H5'], current stack 3215
player [SichengZuo] gets hole card ['CT', 'D6'], current stack 935
player [KLChen2PokerPlayer] gets hole card ['D2', 'SJ'], current stack 1161
player [Jinkun] gets hole card ['DA', 'HQ'], current stack 844
player [NitWinWin] gets hole card ['CK', 'HK'], current stack 930
Started the round 45
Street "preflop" started. (community card = [])
"SichengZuo" declared "fold:0"
"KLChen2PokerPlayer" declared "fold:0"
"Jinkun" declared "call:10"
"NitWinWin" declared "raise:930"
"YangZ" declared "fold:0"
"HakulaPlayer" declared "fold:0"
"Jinkun" declared "fold:930"
"['NitWinWin']" won the round 45 (stack = {'YangZ': 900, 'Ethan': 0, 'HakulaPlayer': 3215, 'SichengZuo': 935, 'KLChen2PokerPlayer': 1161, 'Jinkun': 834, 'NitWinWin': 955, 'ZPlayer': 0})
player [YangZ] gets hole card ['HJ', 'S7'], current stack 900
player [HakulaPlayer] gets hole card ['CK', 'S8'], current stack 3210
player [SichengZuo] gets hole card ['C6', 'S2'], current stack 925
player [KLChen2PokerPlayer] gets hole card ['D4', 'D2'], current stack 1161
player [Jinkun] gets hole card ['H4', 'DK'], current stack 834
player [NitWinWin] gets hole card ['H5', 'C7'], current stack 955
Started the round 46
Street "preflop" started. (community card = [])
"KLChen2PokerPlayer" declared "fold:0"
"Jinkun" declared "fold:10"
"NitWinWin" declared "fold:0"
"YangZ" declared "fold:0"
"HakulaPlayer" declared "call:10"
"SichengZuo" declared "fold:0"
"['HakulaPlayer']" won the round 46 (stack = {'YangZ': 900, 'Ethan': 0, 'HakulaPlayer': 3225, 'SichengZuo': 925, 'KLChen2PokerPlayer': 1161, 'Jinkun': 834, 'NitWinWin': 955, 'ZPlayer': 0})
player [YangZ] gets hole card ['C9', 'C8'], current stack 900
player [HakulaPlayer] gets hole card ['SJ', 'SK'], current stack 3225
player [SichengZuo] gets hole card ['C6', 'CA'], current stack 920
player [KLChen2PokerPlayer] gets hole card ['H3', 'ST'], current stack 1151
player [Jinkun] gets hole card ['H8', 'H7'], current stack 834
player [NitWinWin] gets hole card ['HK', 'DT'], current stack 955
Started the round 47
Street "preflop" started. (community card = [])
"Jinkun" declared "fold:10"
"NitWinWin" declared "fold:0"
"YangZ" declared "fold:0"
"HakulaPlayer" declared "call:10"
"SichengZuo" declared "fold:0"
"KLChen2PokerPlayer" declared "call:10"
Street "flop" started. (community card = ['HA', 'S9', 'H2'])
"KLChen2PokerPlayer" declared "call:0"
"HakulaPlayer" declared "call:0"
Street "turn" started. (community card = ['HA', 'S9', 'H2', 'H4'])
"KLChen2PokerPlayer" declared "call:0"
"HakulaPlayer" declared "call:0"
Street "river" started. (community card = ['HA', 'S9', 'H2', 'H4', 'S7'])
"KLChen2PokerPlayer" declared "call:0"
"HakulaPlayer" declared "call:0"
"['HakulaPlayer']" won the round 47 (stack = {'YangZ': 900, 'Ethan': 0, 'HakulaPlayer': 3240, 'SichengZuo': 920, 'KLChen2PokerPlayer': 1151, 'Jinkun': 834, 'NitWinWin': 955, 'ZPlayer': 0})
player [YangZ] gets hole card ['CK', 'CA'], current stack 900
player [HakulaPlayer] gets hole card ['HT', 'C2'], current stack 3240
player [SichengZuo] gets hole card ['D5', 'S4'], current stack 920
player [KLChen2PokerPlayer] gets hole card ['S9', 'H5'], current stack 1146
player [Jinkun] gets hole card ['D6', 'H8'], current stack 824
player [NitWinWin] gets hole card ['CQ', 'DQ'], current stack 955
Started the round 48
Street "preflop" started. (community card = [])
"NitWinWin" declared "raise:955"
"YangZ" declared "fold:0"
"HakulaPlayer" declared "fold:0"
"SichengZuo" declared "fold:0"
"KLChen2PokerPlayer" declared "fold:0"
"Jinkun" declared "fold:955"
"['NitWinWin']" won the round 48 (stack = {'YangZ': 900, 'Ethan': 0, 'HakulaPlayer': 3240, 'SichengZuo': 920, 'KLChen2PokerPlayer': 1146, 'Jinkun': 824, 'NitWinWin': 970, 'ZPlayer': 0})
player [YangZ] gets hole card ['C4', 'H9'], current stack 900
player [HakulaPlayer] gets hole card ['DQ', 'D3'], current stack 3240
player [SichengZuo] gets hole card ['DA', 'H8'], current stack 920
player [KLChen2PokerPlayer] gets hole card ['C8', 'D9'], current stack 1146
player [Jinkun] gets hole card ['D6', 'CK'], current stack 819
player [NitWinWin] gets hole card ['H3', 'DJ'], current stack 960
Started the round 49
Street "preflop" started. (community card = [])
"YangZ" declared "fold:0"
"HakulaPlayer" declared "fold:0"
"SichengZuo" declared "fold:0"
"KLChen2PokerPlayer" declared "raise:15"
"Jinkun" declared "fold:15"
"NitWinWin" declared "fold:0"
"['KLChen2PokerPlayer']" won the round 49 (stack = {'YangZ': 900, 'Ethan': 0, 'HakulaPlayer': 3240, 'SichengZuo': 920, 'KLChen2PokerPlayer': 1161, 'Jinkun': 819, 'NitWinWin': 960, 'ZPlayer': 0})
player [YangZ] gets hole card ['DA', 'SQ'], current stack 890
player [HakulaPlayer] gets hole card ['S2', 'S8'], current stack 3240
player [SichengZuo] gets hole card ['H9', 'DT'], current stack 920
player [KLChen2PokerPlayer] gets hole card ['DQ', 'HQ'], current stack 1161
player [Jinkun] gets hole card ['C5', 'C9'], current stack 819
player [NitWinWin] gets hole card ['CQ', 'C2'], current stack 955
Started the round 50
Street "preflop" started. (community card = [])
"HakulaPlayer" declared "fold:0"
"SichengZuo" declared "fold:0"
"KLChen2PokerPlayer" declared "raise:21"
"Jinkun" declared "fold:21"
"NitWinWin" declared "fold:0"
"YangZ" declared "fold:0"
"['KLChen2PokerPlayer']" won the round 50 (stack = {'YangZ': 890, 'Ethan': 0, 'HakulaPlayer': 3240, 'SichengZuo': 920, 'KLChen2PokerPlayer': 1176, 'Jinkun': 819, 'NitWinWin': 955, 'ZPlayer': 0})

Game Results:
------------------------------------------------------------
Game 1:
Winner: HakulaPlayer (stack: 3240)
All players' stacks:
  YangZ: 890
  Ethan: 0
  HakulaPlayer: 3240
  SichengZuo: 920
  KLChen2PokerPlayer: 1176
  Jinkun: 819
  NitWinWin: 955
  ZPlayer: 0
------------------------------------------------------------
