player [YangZ] gets hole card ['DJ', 'DT'], current stack 1000
player [Ethan] gets hole card ['C2', 'H9'], current stack 995
player [HakulaPlayer] gets hole card ['S7', 'C3'], current stack 990
player [SichengZuo] gets hole card ['D2', 'S8'], current stack 1000
player [KLChen2PokerPlayer] gets hole card ['C5', 'H7'], current stack 1000
player [Jinkun] gets hole card ['DA', 'D5'], current stack 1000
player [NitWinWin] gets hole card ['D6', 'H8'], current stack 1000
player [ZPlayer] gets hole card ['S6', 'HT'], current stack 1000
Started the round 1
Street "preflop" started. (community card = [])
"SichengZuo" declared "fold:0"
"KLChen2PokerPlayer" declared "call:10"
"Jinkun" declared "fold:10"
"NitWinWin" declared "fold:0"
"ZPlayer" declared "call:10"
"YangZ" declared "fold:0"
"Ethan" declared "fold:0"
"HakulaPlayer" declared "call:10"
Street "flop" started. (community card = ['DK', 'S2', 'S5'])
"HakulaPlayer" declared "call:0"
"KLChen2PokerPlayer" declared "raise:19"
"ZPlayer" declared "fold:0"
"HakulaPlayer" declared "fold:0"
"['KLChen2PokerPlayer']" won the round 1 (stack = {'YangZ': 1000, 'Ethan': 995, 'HakulaPlayer': 990, 'SichengZuo': 1000, 'KLChen2PokerPlayer': 1025, 'Jinkun': 1000, 'NitWinWin': 1000, 'ZPlayer': 990})
player [YangZ] gets hole card ['D4', 'H2'], current stack 1000
player [Ethan] gets hole card ['ST', 'H4'], current stack 995
player [HakulaPlayer] gets hole card ['HT', 'DJ'], current stack 985
player [SichengZuo] gets hole card ['C7', 'D5'], current stack 990
player [KLChen2PokerPlayer] gets hole card ['DT', 'SA'], current stack 1025
player [Jinkun] gets hole card ['HK', 'D8'], current stack 1000
player [NitWinWin] gets hole card ['D2', 'H3'], current stack 1000
player [ZPlayer] gets hole card ['H9', 'H8'], current stack 990
Started the round 2
Street "preflop" started. (community card = [])
"KLChen2PokerPlayer" declared "raise:18"
"Jinkun" declared "fold:18"
"NitWinWin" declared "fold:0"
"ZPlayer" declared "call:18"
"YangZ" declared "fold:0"
"Ethan" declared "fold:0"
"HakulaPlayer" declared "call:18"
"SichengZuo" declared "fold:0"
Street "flop" started. (community card = ['C5', 'H6', 'HA'])
"HakulaPlayer" declared "call:0"
"KLChen2PokerPlayer" declared "raise:25"
"ZPlayer" declared "call:25"
"HakulaPlayer" declared "fold:0"
Street "turn" started. (community card = ['C5', 'H6', 'HA', 'SJ'])
"KLChen2PokerPlayer" declared "raise:383"
"ZPlayer" declared "fold:0"
"['KLChen2PokerPlayer']" won the round 2 (stack = {'YangZ': 1000, 'Ethan': 995, 'HakulaPlayer': 972, 'SichengZuo': 990, 'KLChen2PokerPlayer': 1096, 'Jinkun': 1000, 'NitWinWin': 1000, 'ZPlayer': 947})
player [YangZ] gets hole card ['D5', 'H7'], current stack 1000
player [Ethan] gets hole card ['H6', 'S4'], current stack 995
player [HakulaPlayer] gets hole card ['CK', 'D3'], current stack 972
player [SichengZuo] gets hole card ['C5', 'C3'], current stack 985
player [KLChen2PokerPlayer] gets hole card ['HK', 'HT'], current stack 1086
player [Jinkun] gets hole card ['SA', 'HQ'], current stack 1000
player [NitWinWin] gets hole card ['DA', 'H9'], current stack 1000
player [ZPlayer] gets hole card ['DK', 'DQ'], current stack 947
Started the round 3
Street "preflop" started. (community card = [])
"Jinkun" declared "fold:10"
"NitWinWin" declared "fold:0"
"ZPlayer" declared "raise:15"
"YangZ" declared "fold:0"
"Ethan" declared "fold:0"
"HakulaPlayer" declared "fold:0"
"SichengZuo" declared "fold:0"
"KLChen2PokerPlayer" declared "raise:20"
"ZPlayer" declared "call:20"
Street "flop" started. (community card = ['CQ', 'SK', 'C6'])
"KLChen2PokerPlayer" declared "raise:35"
"ZPlayer" declared "raise:70"
"KLChen2PokerPlayer" declared "call:70"
Street "turn" started. (community card = ['CQ', 'SK', 'C6', 'S8'])
"KLChen2PokerPlayer" declared "raise:489"
"ZPlayer" declared "call:489"
Street "river" started. (community card = ['CQ', 'SK', 'C6', 'S8', 'S3'])
"KLChen2PokerPlayer" declared "raise:239"
"ZPlayer" declared "call:239"
"['ZPlayer']" won the round 3 (stack = {'YangZ': 1000, 'Ethan': 995, 'HakulaPlayer': 972, 'SichengZuo': 985, 'KLChen2PokerPlayer': 278, 'Jinkun': 1000, 'NitWinWin': 1000, 'ZPlayer': 1770})
player [YangZ] gets hole card ['H6', 'ST'], current stack 1000
player [Ethan] gets hole card ['HK', 'C2'], current stack 995
player [HakulaPlayer] gets hole card ['S9', 'D9'], current stack 972
player [SichengZuo] gets hole card ['H3', 'DK'], current stack 985
player [KLChen2PokerPlayer] gets hole card ['SA', 'C7'], current stack 273
player [Jinkun] gets hole card ['D2', 'H9'], current stack 990
player [NitWinWin] gets hole card ['S6', 'S4'], current stack 1000
player [ZPlayer] gets hole card ['HA', 'HQ'], current stack 1770
Started the round 4
Street "preflop" started. (community card = [])
"NitWinWin" declared "fold:0"
"ZPlayer" declared "raise:15"
"YangZ" declared "fold:0"
"Ethan" declared "fold:0"
"HakulaPlayer" declared "call:15"
"SichengZuo" declared "fold:0"
"KLChen2PokerPlayer" declared "raise:20"
"Jinkun" declared "fold:20"
"ZPlayer" declared "call:20"
"HakulaPlayer" declared "raise:64"
"KLChen2PokerPlayer" declared "fold:0"
"ZPlayer" declared "call:64"
Street "flop" started. (community card = ['C9', 'D7', 'C6'])
"ZPlayer" declared "call:0"
"HakulaPlayer" declared "raise:216"
"ZPlayer" declared "fold:0"
"['HakulaPlayer']" won the round 4 (stack = {'YangZ': 1000, 'Ethan': 995, 'HakulaPlayer': 1066, 'SichengZuo': 985, 'KLChen2PokerPlayer': 258, 'Jinkun': 990, 'NitWinWin': 1000, 'ZPlayer': 1706})
player [YangZ] gets hole card ['H7', 'D2'], current stack 1000
player [Ethan] gets hole card ['D9', 'S9'], current stack 995
player [HakulaPlayer] gets hole card ['D8', 'C8'], current stack 1066
player [SichengZuo] gets hole card ['DK', 'C7'], current stack 985
player [KLChen2PokerPlayer] gets hole card ['H3', 'C6'], current stack 258
player [Jinkun] gets hole card ['D4', 'D5'], current stack 985
player [NitWinWin] gets hole card ['SA', 'D3'], current stack 990
player [ZPlayer] gets hole card ['S4', 'CQ'], current stack 1706
Started the round 5
Street "preflop" started. (community card = [])
"ZPlayer" declared "raise:15"
"YangZ" declared "fold:0"
"Ethan" declared "call:15"
"HakulaPlayer" declared "raise:53"
"SichengZuo" declared "fold:0"
"KLChen2PokerPlayer" declared "fold:0"
"Jinkun" declared "fold:53"
"NitWinWin" declared "fold:0"
"ZPlayer" declared "call:53"
"Ethan" declared "call:53"
Street "flop" started. (community card = ['HK', 'HQ', 'SQ'])
"ZPlayer" declared "raise:174"
"Ethan" declared "call:174"
"HakulaPlayer" declared "fold:0"
Street "turn" started. (community card = ['HK', 'HQ', 'SQ', 'H8'])
"ZPlayer" declared "raise:261"
"Ethan" declared "call:261"
Street "river" started. (community card = ['HK', 'HQ', 'SQ', 'H8', 'HA'])
"ZPlayer" declared "raise:10"
"Ethan" declared "call:10"
"['ZPlayer']" won the round 5 (stack = {'YangZ': 1000, 'Ethan': 497, 'HakulaPlayer': 1013, 'SichengZuo': 985, 'KLChen2PokerPlayer': 258, 'Jinkun': 985, 'NitWinWin': 990, 'ZPlayer': 2272})
player [YangZ] gets hole card ['HK', 'SQ'], current stack 1000
player [Ethan] gets hole card ['S3', 'HT'], current stack 497
player [HakulaPlayer] gets hole card ['H5', 'S5'], current stack 1013
player [SichengZuo] gets hole card ['D6', 'CK'], current stack 985
player [KLChen2PokerPlayer] gets hole card ['CJ', 'DA'], current stack 258
player [Jinkun] gets hole card ['D9', 'S7'], current stack 985
player [NitWinWin] gets hole card ['H8', 'H9'], current stack 985
player [ZPlayer] gets hole card ['S9', 'DK'], current stack 2262
Started the round 6
Street "preflop" started. (community card = [])
"YangZ" declared "fold:0"
"Ethan" declared "fold:0"
"HakulaPlayer" declared "call:10"
"SichengZuo" declared "fold:0"
"KLChen2PokerPlayer" declared "raise:18"
"Jinkun" declared "fold:18"
"NitWinWin" declared "fold:0"
"ZPlayer" declared "raise:26"
"HakulaPlayer" declared "call:26"
"KLChen2PokerPlayer" declared "fold:0"
Street "flop" started. (community card = ['D2', 'D8', 'H3'])
"ZPlayer" declared "call:0"
"HakulaPlayer" declared "raise:73"
"ZPlayer" declared "fold:0"
"['HakulaPlayer']" won the round 6 (stack = {'YangZ': 1000, 'Ethan': 497, 'HakulaPlayer': 1062, 'SichengZuo': 985, 'KLChen2PokerPlayer': 240, 'Jinkun': 985, 'NitWinWin': 985, 'ZPlayer': 2246})
player [YangZ] gets hole card ['DJ', 'D3'], current stack 990
player [Ethan] gets hole card ['CA', 'C2'], current stack 497
player [HakulaPlayer] gets hole card ['D2', 'H3'], current stack 1062
player [SichengZuo] gets hole card ['H6', 'SA'], current stack 985
player [KLChen2PokerPlayer] gets hole card ['H8', 'CK'], current stack 240
player [Jinkun] gets hole card ['H7', 'CJ'], current stack 985
player [NitWinWin] gets hole card ['D8', 'HK'], current stack 985
player [ZPlayer] gets hole card ['SK', 'DT'], current stack 2241
Started the round 7
Street "preflop" started. (community card = [])
"Ethan" declared "fold:0"
"HakulaPlayer" declared "fold:0"
"SichengZuo" declared "fold:0"
"KLChen2PokerPlayer" declared "call:10"
"Jinkun" declared "fold:10"
"NitWinWin" declared "fold:0"
"ZPlayer" declared "raise:15"
"YangZ" declared "fold:0"
"KLChen2PokerPlayer" declared "fold:0"
"['ZPlayer']" won the round 7 (stack = {'YangZ': 990, 'Ethan': 497, 'HakulaPlayer': 1062, 'SichengZuo': 985, 'KLChen2PokerPlayer': 230, 'Jinkun': 985, 'NitWinWin': 985, 'ZPlayer': 2266})
player [YangZ] gets hole card ['H3', 'C3'], current stack 985
player [Ethan] gets hole card ['DQ', 'SA'], current stack 487
player [HakulaPlayer] gets hole card ['CA', 'D9'], current stack 1062
player [SichengZuo] gets hole card ['DA', 'HK'], current stack 985
player [KLChen2PokerPlayer] gets hole card ['H8', 'H6'], current stack 230
player [Jinkun] gets hole card ['C9', 'H5'], current stack 985
player [NitWinWin] gets hole card ['S5', 'S8'], current stack 985
player [ZPlayer] gets hole card ['C8', 'DK'], current stack 2266
Started the round 8
Street "preflop" started. (community card = [])
"HakulaPlayer" declared "fold:0"
"SichengZuo" declared "fold:0"
"KLChen2PokerPlayer" declared "call:10"
"Jinkun" declared "fold:10"
"NitWinWin" declared "fold:0"
"ZPlayer" declared "raise:15"
"YangZ" declared "fold:0"
"Ethan" declared "raise:74"
"KLChen2PokerPlayer" declared "fold:0"
"ZPlayer" declared "fold:0"
"['Ethan']" won the round 8 (stack = {'YangZ': 985, 'Ethan': 527, 'HakulaPlayer': 1062, 'SichengZuo': 985, 'KLChen2PokerPlayer': 220, 'Jinkun': 985, 'NitWinWin': 985, 'ZPlayer': 2251})
player [YangZ] gets hole card ['ST', 'C3'], current stack 985
player [Ethan] gets hole card ['C5', 'H9'], current stack 522
player [HakulaPlayer] gets hole card ['DK', 'H7'], current stack 1052
player [SichengZuo] gets hole card ['SA', 'DA'], current stack 985
player [KLChen2PokerPlayer] gets hole card ['SQ', 'C7'], current stack 220
player [Jinkun] gets hole card ['HJ', 'S8'], current stack 985
player [NitWinWin] gets hole card ['SK', 'HA'], current stack 985
player [ZPlayer] gets hole card ['H4', 'H2'], current stack 2251
Started the round 9
Street "preflop" started. (community card = [])
"SichengZuo" declared "raise:985"
"KLChen2PokerPlayer" declared "fold:0"
"Jinkun" declared "fold:985"
"NitWinWin" declared "fold:0"
"ZPlayer" declared "fold:0"
"YangZ" declared "fold:0"
"Ethan" declared "fold:0"
"HakulaPlayer" declared "fold:0"
"['SichengZuo']" won the round 9 (stack = {'YangZ': 985, 'Ethan': 522, 'HakulaPlayer': 1052, 'SichengZuo': 1000, 'KLChen2PokerPlayer': 220, 'Jinkun': 985, 'NitWinWin': 985, 'ZPlayer': 2251})
player [YangZ] gets hole card ['C3', 'DA'], current stack 985
player [Ethan] gets hole card ['C8', 'H4'], current stack 522
player [HakulaPlayer] gets hole card ['C2', 'C4'], current stack 1047
player [SichengZuo] gets hole card ['H3', 'HT'], current stack 990
player [KLChen2PokerPlayer] gets hole card ['D4', 'S5'], current stack 220
player [Jinkun] gets hole card ['H6', 'H8'], current stack 985
player [NitWinWin] gets hole card ['S6', 'H9'], current stack 985
player [ZPlayer] gets hole card ['H5', 'SQ'], current stack 2251
Started the round 10
Street "preflop" started. (community card = [])
"KLChen2PokerPlayer" declared "fold:0"
"Jinkun" declared "fold:10"
"NitWinWin" declared "fold:0"
"ZPlayer" declared "raise:15"
"YangZ" declared "fold:0"
"Ethan" declared "fold:0"
"HakulaPlayer" declared "fold:0"
"SichengZuo" declared "fold:0"
"['ZPlayer']" won the round 10 (stack = {'YangZ': 985, 'Ethan': 522, 'HakulaPlayer': 1047, 'SichengZuo': 990, 'KLChen2PokerPlayer': 220, 'Jinkun': 985, 'NitWinWin': 985, 'ZPlayer': 2266})
player [YangZ] gets hole card ['HQ', 'HT'], current stack 985
player [Ethan] gets hole card ['ST', 'HA'], current stack 522
player [HakulaPlayer] gets hole card ['H6', 'C9'], current stack 1047
player [SichengZuo] gets hole card ['H8', 'H4'], current stack 985
player [KLChen2PokerPlayer] gets hole card ['DA', 'DQ'], current stack 210
player [Jinkun] gets hole card ['C7', 'SJ'], current stack 985
player [NitWinWin] gets hole card ['H9', 'DT'], current stack 985
player [ZPlayer] gets hole card ['S7', 'S2'], current stack 2266
Started the round 11
Street "preflop" started. (community card = [])
"Jinkun" declared "fold:10"
"NitWinWin" declared "fold:0"
"ZPlayer" declared "raise:15"
"YangZ" declared "fold:0"
"Ethan" declared "call:15"
"HakulaPlayer" declared "call:15"
"SichengZuo" declared "fold:0"
"KLChen2PokerPlayer" declared "raise:20"
"ZPlayer" declared "call:20"
"Ethan" declared "call:20"
"HakulaPlayer" declared "call:20"
Street "flop" started. (community card = ['C3', 'S6', 'C5'])
"KLChen2PokerPlayer" declared "call:0"
"ZPlayer" declared "call:0"
"Ethan" declared "call:0"
"HakulaPlayer" declared "raise:61"
"KLChen2PokerPlayer" declared "fold:0"
"ZPlayer" declared "fold:0"
"Ethan" declared "fold:0"
"['HakulaPlayer']" won the round 11 (stack = {'YangZ': 985, 'Ethan': 502, 'HakulaPlayer': 1112, 'SichengZuo': 985, 'KLChen2PokerPlayer': 200, 'Jinkun': 985, 'NitWinWin': 985, 'ZPlayer': 2246})
player [YangZ] gets hole card ['S3', 'DQ'], current stack 985
player [Ethan] gets hole card ['HQ', 'H2'], current stack 502
player [HakulaPlayer] gets hole card ['D4', 'CJ'], current stack 1112
player [SichengZuo] gets hole card ['H4', 'S2'], current stack 985
player [KLChen2PokerPlayer] gets hole card ['H3', 'SJ'], current stack 195
player [Jinkun] gets hole card ['CK', 'CQ'], current stack 975
player [NitWinWin] gets hole card ['C6', 'DK'], current stack 985
player [ZPlayer] gets hole card ['HT', 'D3'], current stack 2246
Started the round 12
Street "preflop" started. (community card = [])
"NitWinWin" declared "fold:0"
"ZPlayer" declared "raise:15"
"YangZ" declared "fold:0"
"Ethan" declared "fold:0"
"HakulaPlayer" declared "fold:0"
"SichengZuo" declared "fold:0"
"KLChen2PokerPlayer" declared "fold:0"
"Jinkun" declared "call:15"
Street "flop" started. (community card = ['SQ', 'SK', 'DA'])
"Jinkun" declared "raise:15"
"ZPlayer" declared "fold:0"
"['Jinkun']" won the round 12 (stack = {'YangZ': 985, 'Ethan': 502, 'HakulaPlayer': 1112, 'SichengZuo': 985, 'KLChen2PokerPlayer': 195, 'Jinkun': 1005, 'NitWinWin': 985, 'ZPlayer': 2231})
player [YangZ] gets hole card ['DK', 'C8'], current stack 985
player [Ethan] gets hole card ['C7', 'CK'], current stack 502
player [HakulaPlayer] gets hole card ['C5', 'C6'], current stack 1112
player [SichengZuo] gets hole card ['C4', 'S9'], current stack 985
player [KLChen2PokerPlayer] gets hole card ['CA', 'CQ'], current stack 195
player [Jinkun] gets hole card ['SA', 'S6'], current stack 1000
player [NitWinWin] gets hole card ['SQ', 'H7'], current stack 975
player [ZPlayer] gets hole card ['H8', 'SJ'], current stack 2231
Started the round 13
Street "preflop" started. (community card = [])
"ZPlayer" declared "raise:15"
"YangZ" declared "fold:0"
"Ethan" declared "fold:0"
"HakulaPlayer" declared "fold:0"
"SichengZuo" declared "fold:0"
"KLChen2PokerPlayer" declared "raise:28"
"Jinkun" declared "fold:28"
"NitWinWin" declared "fold:0"
"ZPlayer" declared "call:28"
Street "flop" started. (community card = ['D7', 'CT', 'H9'])
"ZPlayer" declared "raise:71"
"KLChen2PokerPlayer" declared "fold:0"
"['ZPlayer']" won the round 13 (stack = {'YangZ': 985, 'Ethan': 502, 'HakulaPlayer': 1112, 'SichengZuo': 985, 'KLChen2PokerPlayer': 167, 'Jinkun': 1000, 'NitWinWin': 975, 'ZPlayer': 2274})
player [YangZ] gets hole card ['H7', 'S7'], current stack 985
player [Ethan] gets hole card ['S4', 'HK'], current stack 502
player [HakulaPlayer] gets hole card ['DJ', 'CJ'], current stack 1112
player [SichengZuo] gets hole card ['SK', 'D8'], current stack 985
player [KLChen2PokerPlayer] gets hole card ['SQ', 'D3'], current stack 167
player [Jinkun] gets hole card ['DA', 'H6'], current stack 1000
player [NitWinWin] gets hole card ['ST', 'H5'], current stack 970
player [ZPlayer] gets hole card ['D6', 'C5'], current stack 2264
Started the round 14
Street "preflop" started. (community card = [])
"YangZ" declared "fold:0"
"Ethan" declared "fold:0"
"HakulaPlayer" declared "raise:32"
"SichengZuo" declared "fold:0"
"KLChen2PokerPlayer" declared "fold:0"
"Jinkun" declared "fold:32"
"NitWinWin" declared "fold:0"
"ZPlayer" declared "call:32"
Street "flop" started. (community card = ['C8', 'C7', 'CK'])
"ZPlayer" declared "call:0"
"HakulaPlayer" declared "raise:88"
"ZPlayer" declared "fold:0"
"['HakulaPlayer']" won the round 14 (stack = {'YangZ': 985, 'Ethan': 502, 'HakulaPlayer': 1149, 'SichengZuo': 985, 'KLChen2PokerPlayer': 167, 'Jinkun': 1000, 'NitWinWin': 970, 'ZPlayer': 2242})
player [YangZ] gets hole card ['H3', 'CJ'], current stack 975
player [Ethan] gets hole card ['D2', 'S2'], current stack 502
player [HakulaPlayer] gets hole card ['DT', 'C9'], current stack 1149
player [SichengZuo] gets hole card ['CK', 'H7'], current stack 985
player [KLChen2PokerPlayer] gets hole card ['D4', 'H4'], current stack 167
player [Jinkun] gets hole card ['HQ', 'SQ'], current stack 1000
player [NitWinWin] gets hole card ['C6', 'HA'], current stack 970
player [ZPlayer] gets hole card ['C3', 'DK'], current stack 2237
Started the round 15
Street "preflop" started. (community card = [])
"Ethan" declared "fold:0"
"HakulaPlayer" declared "fold:0"
"SichengZuo" declared "fold:0"
"KLChen2PokerPlayer" declared "fold:0"
"Jinkun" declared "call:10"
"NitWinWin" declared "fold:0"
"ZPlayer" declared "raise:15"
"YangZ" declared "fold:0"
"Jinkun" declared "call:15"
Street "flop" started. (community card = ['ST', 'DQ', 'SJ'])
"ZPlayer" declared "raise:10"
"Jinkun" declared "raise:21"
"ZPlayer" declared "fold:0"
"['Jinkun']" won the round 15 (stack = {'YangZ': 975, 'Ethan': 502, 'HakulaPlayer': 1149, 'SichengZuo': 985, 'KLChen2PokerPlayer': 167, 'Jinkun': 1035, 'NitWinWin': 970, 'ZPlayer': 2217})
player [YangZ] gets hole card ['C9', 'C3'], current stack 970
player [Ethan] gets hole card ['DA', 'C4'], current stack 492
player [HakulaPlayer] gets hole card ['S8', 'HA'], current stack 1149
player [SichengZuo] gets hole card ['H9', 'S6'], current stack 985
player [KLChen2PokerPlayer] gets hole card ['SJ', 'CA'], current stack 167
player [Jinkun] gets hole card ['D6', 'H8'], current stack 1035
player [NitWinWin] gets hole card ['DK', 'S5'], current stack 970
player [ZPlayer] gets hole card ['D7', 'DJ'], current stack 2217
Started the round 16
Street "preflop" started. (community card = [])
"HakulaPlayer" declared "fold:0"
"SichengZuo" declared "fold:0"
"KLChen2PokerPlayer" declared "raise:17"
"Jinkun" declared "fold:17"
"NitWinWin" declared "fold:0"
"ZPlayer" declared "raise:24"
"YangZ" declared "fold:0"
"Ethan" declared "call:24"
"KLChen2PokerPlayer" declared "fold:0"
Street "flop" started. (community card = ['D9', 'HJ', 'CJ'])
"Ethan" declared "call:0"
"ZPlayer" declared "raise:1433"
"Ethan" declared "fold:0"
"['ZPlayer']" won the round 16 (stack = {'YangZ': 970, 'Ethan': 478, 'HakulaPlayer': 1149, 'SichengZuo': 985, 'KLChen2PokerPlayer': 150, 'Jinkun': 1035, 'NitWinWin': 970, 'ZPlayer': 2263})
player [YangZ] gets hole card ['C7', 'C4'], current stack 970
player [Ethan] gets hole card ['HK', 'S7'], current stack 473
player [HakulaPlayer] gets hole card ['S5', 'D8'], current stack 1139
player [SichengZuo] gets hole card ['H9', 'S8'], current stack 985
player [KLChen2PokerPlayer] gets hole card ['HA', 'S3'], current stack 150
player [Jinkun] gets hole card ['H2', 'S4'], current stack 1035
player [NitWinWin] gets hole card ['HJ', 'C5'], current stack 970
player [ZPlayer] gets hole card ['D4', 'SA'], current stack 2263
Started the round 17
Street "preflop" started. (community card = [])
"SichengZuo" declared "fold:0"
"KLChen2PokerPlayer" declared "call:10"
"Jinkun" declared "fold:10"
"NitWinWin" declared "fold:0"
"ZPlayer" declared "raise:15"
"YangZ" declared "fold:0"
"Ethan" declared "fold:0"
"HakulaPlayer" declared "call:15"
"KLChen2PokerPlayer" declared "fold:0"
Street "flop" started. (community card = ['HQ', 'C2', 'CQ'])
"HakulaPlayer" declared "call:0"
"ZPlayer" declared "call:0"
Street "turn" started. (community card = ['HQ', 'C2', 'CQ', 'D9'])
"HakulaPlayer" declared "call:0"
"ZPlayer" declared "call:0"
Street "river" started. (community card = ['HQ', 'C2', 'CQ', 'D9', 'H4'])
"HakulaPlayer" declared "call:0"
"ZPlayer" declared "raise:10"
"HakulaPlayer" declared "fold:0"
"['ZPlayer']" won the round 17 (stack = {'YangZ': 970, 'Ethan': 473, 'HakulaPlayer': 1134, 'SichengZuo': 985, 'KLChen2PokerPlayer': 140, 'Jinkun': 1035, 'NitWinWin': 970, 'ZPlayer': 2293})
player [YangZ] gets hole card ['H5', 'CT'], current stack 970
player [Ethan] gets hole card ['DT', 'C7'], current stack 473
player [HakulaPlayer] gets hole card ['C9', 'H4'], current stack 1129
player [SichengZuo] gets hole card ['SK', 'S5'], current stack 975
player [KLChen2PokerPlayer] gets hole card ['D4', 'DJ'], current stack 140
player [Jinkun] gets hole card ['S2', 'C4'], current stack 1035
player [NitWinWin] gets hole card ['HT', 'SQ'], current stack 970
player [ZPlayer] gets hole card ['H8', 'H9'], current stack 2293
Started the round 18
Street "preflop" started. (community card = [])
"KLChen2PokerPlayer" declared "call:10"
"Jinkun" declared "fold:10"
"NitWinWin" declared "fold:0"
"ZPlayer" declared "raise:15"
"YangZ" declared "fold:0"
"Ethan" declared "fold:0"
"HakulaPlayer" declared "call:15"
"SichengZuo" declared "fold:0"
"KLChen2PokerPlayer" declared "call:15"
Street "flop" started. (community card = ['ST', 'H3', 'CA'])
"HakulaPlayer" declared "call:0"
"KLChen2PokerPlayer" declared "call:0"
"ZPlayer" declared "call:0"
Street "turn" started. (community card = ['ST', 'H3', 'CA', 'SA'])
"HakulaPlayer" declared "call:0"
"KLChen2PokerPlayer" declared "call:0"
"ZPlayer" declared "call:0"
Street "river" started. (community card = ['ST', 'H3', 'CA', 'SA', 'D6'])
"HakulaPlayer" declared "call:0"
"KLChen2PokerPlayer" declared "call:0"
"ZPlayer" declared "call:0"
"['KLChen2PokerPlayer']" won the round 18 (stack = {'YangZ': 970, 'Ethan': 473, 'HakulaPlayer': 1119, 'SichengZuo': 975, 'KLChen2PokerPlayer': 180, 'Jinkun': 1035, 'NitWinWin': 970, 'ZPlayer': 2278})
player [YangZ] gets hole card ['CK', 'H2'], current stack 970
player [Ethan] gets hole card ['H3', 'C3'], current stack 473
player [HakulaPlayer] gets hole card ['SQ', 'D4'], current stack 1119
player [SichengZuo] gets hole card ['HA', 'S3'], current stack 970
player [KLChen2PokerPlayer] gets hole card ['S2', 'D5'], current stack 170
player [Jinkun] gets hole card ['SK', 'HQ'], current stack 1035
player [NitWinWin] gets hole card ['C8', 'DK'], current stack 970
player [ZPlayer] gets hole card ['H8', 'DJ'], current stack 2278
Started the round 19
Street "preflop" started. (community card = [])
"Jinkun" declared "fold:10"
"NitWinWin" declared "fold:0"
"ZPlayer" declared "raise:15"
"YangZ" declared "fold:0"
"Ethan" declared "fold:0"
"HakulaPlayer" declared "fold:0"
"SichengZuo" declared "fold:0"
"KLChen2PokerPlayer" declared "fold:0"
"['ZPlayer']" won the round 19 (stack = {'YangZ': 970, 'Ethan': 473, 'HakulaPlayer': 1119, 'SichengZuo': 970, 'KLChen2PokerPlayer': 170, 'Jinkun': 1035, 'NitWinWin': 970, 'ZPlayer': 2293})
player [YangZ] gets hole card ['S9', 'H2'], current stack 970
player [Ethan] gets hole card ['S8', 'HK'], current stack 473
player [HakulaPlayer] gets hole card ['C3', 'CT'], current stack 1119
player [SichengZuo] gets hole card ['CJ', 'ST'], current stack 970
player [KLChen2PokerPlayer] gets hole card ['C8', 'D9'], current stack 165
player [Jinkun] gets hole card ['S4', 'HQ'], current stack 1025
player [NitWinWin] gets hole card ['DA', 'DK'], current stack 970
player [ZPlayer] gets hole card ['H5', 'C2'], current stack 2293
Started the round 20
Street "preflop" started. (community card = [])
"NitWinWin" declared "fold:0"
"ZPlayer" declared "raise:15"
"YangZ" declared "fold:0"
"Ethan" declared "fold:0"
"HakulaPlayer" declared "fold:0"
"SichengZuo" declared "fold:0"
"KLChen2PokerPlayer" declared "fold:0"
"Jinkun" declared "call:15"
Street "flop" started. (community card = ['DJ', 'C4', 'H4'])
"Jinkun" declared "raise:16"
"ZPlayer" declared "fold:0"
"['Jinkun']" won the round 20 (stack = {'YangZ': 970, 'Ethan': 473, 'HakulaPlayer': 1119, 'SichengZuo': 970, 'KLChen2PokerPlayer': 165, 'Jinkun': 1055, 'NitWinWin': 970, 'ZPlayer': 2278})
player [YangZ] gets hole card ['S2', 'CT'], current stack 970
player [Ethan] gets hole card ['H5', 'DT'], current stack 473
player [HakulaPlayer] gets hole card ['D2', 'D9'], current stack 1119
player [SichengZuo] gets hole card ['HT', 'SK'], current stack 970
player [KLChen2PokerPlayer] gets hole card ['SA', 'HA'], current stack 165
player [Jinkun] gets hole card ['HJ', 'D8'], current stack 1050
player [NitWinWin] gets hole card ['H3', 'DA'], current stack 960
player [ZPlayer] gets hole card ['D4', 'DK'], current stack 2278
Started the round 21
Street "preflop" started. (community card = [])
"ZPlayer" declared "raise:15"
"YangZ" declared "fold:0"
"Ethan" declared "fold:0"
"HakulaPlayer" declared "fold:0"
"SichengZuo" declared "fold:0"
"KLChen2PokerPlayer" declared "raise:21"
"Jinkun" declared "fold:21"
"NitWinWin" declared "fold:0"
"ZPlayer" declared "call:21"
Street "flop" started. (community card = ['S4', 'S5', 'CJ'])
"ZPlayer" declared "call:0"
"KLChen2PokerPlayer" declared "raise:38"
"ZPlayer" declared "fold:0"
"['KLChen2PokerPlayer']" won the round 21 (stack = {'YangZ': 970, 'Ethan': 473, 'HakulaPlayer': 1119, 'SichengZuo': 970, 'KLChen2PokerPlayer': 201, 'Jinkun': 1050, 'NitWinWin': 960, 'ZPlayer': 2257})
player [YangZ] gets hole card ['DK', 'S4'], current stack 970
player [Ethan] gets hole card ['C4', 'C2'], current stack 473
player [HakulaPlayer] gets hole card ['H3', 'CT'], current stack 1119
player [SichengZuo] gets hole card ['D8', 'CA'], current stack 970
player [KLChen2PokerPlayer] gets hole card ['ST', 'D9'], current stack 201
player [Jinkun] gets hole card ['HQ', 'H7'], current stack 1050
player [NitWinWin] gets hole card ['H4', 'C7'], current stack 955
player [ZPlayer] gets hole card ['C6', 'SJ'], current stack 2247
Started the round 22
Street "preflop" started. (community card = [])
"YangZ" declared "fold:0"
"Ethan" declared "fold:0"
"HakulaPlayer" declared "fold:0"
"SichengZuo" declared "fold:0"
"KLChen2PokerPlayer" declared "raise:15"
"Jinkun" declared "fold:15"
"NitWinWin" declared "fold:0"
"ZPlayer" declared "raise:20"
"KLChen2PokerPlayer" declared "call:20"
Street "flop" started. (community card = ['HJ', 'D7', 'DJ'])
"ZPlayer" declared "raise:45"
"KLChen2PokerPlayer" declared "fold:0"
"['ZPlayer']" won the round 22 (stack = {'YangZ': 970, 'Ethan': 473, 'HakulaPlayer': 1119, 'SichengZuo': 970, 'KLChen2PokerPlayer': 181, 'Jinkun': 1050, 'NitWinWin': 955, 'ZPlayer': 2282})
player [YangZ] gets hole card ['CT', 'HJ'], current stack 960
player [Ethan] gets hole card ['HT', 'CQ'], current stack 473
player [HakulaPlayer] gets hole card ['C3', 'D3'], current stack 1119
player [SichengZuo] gets hole card ['D2', 'HQ'], current stack 970
player [KLChen2PokerPlayer] gets hole card ['DK', 'D4'], current stack 181
player [Jinkun] gets hole card ['H5', 'S6'], current stack 1050
player [NitWinWin] gets hole card ['DQ', 'CA'], current stack 955
player [ZPlayer] gets hole card ['S2', 'C6'], current stack 2277
Started the round 23
Street "preflop" started. (community card = [])
"Ethan" declared "fold:0"
"HakulaPlayer" declared "fold:0"
"SichengZuo" declared "fold:0"
"KLChen2PokerPlayer" declared "call:10"
"Jinkun" declared "fold:10"
"NitWinWin" declared "fold:0"
"ZPlayer" declared "raise:15"
"YangZ" declared "fold:0"
"KLChen2PokerPlayer" declared "fold:0"
"['ZPlayer']" won the round 23 (stack = {'YangZ': 960, 'Ethan': 473, 'HakulaPlayer': 1119, 'SichengZuo': 970, 'KLChen2PokerPlayer': 171, 'Jinkun': 1050, 'NitWinWin': 955, 'ZPlayer': 2302})
player [YangZ] gets hole card ['S8', 'DK'], current stack 955
player [Ethan] gets hole card ['H9', 'S6'], current stack 463
player [HakulaPlayer] gets hole card ['SJ', 'CQ'], current stack 1119
player [SichengZuo] gets hole card ['S7', 'H2'], current stack 970
player [KLChen2PokerPlayer] gets hole card ['D2', 'H6'], current stack 171
player [Jinkun] gets hole card ['D9', 'S2'], current stack 1050
player [NitWinWin] gets hole card ['CA', 'S3'], current stack 955
player [ZPlayer] gets hole card ['HA', 'SQ'], current stack 2302
Started the round 24
Street "preflop" started. (community card = [])
"HakulaPlayer" declared "call:10"
"SichengZuo" declared "fold:0"
"KLChen2PokerPlayer" declared "fold:0"
"Jinkun" declared "fold:10"
"NitWinWin" declared "fold:0"
"ZPlayer" declared "raise:15"
"YangZ" declared "fold:0"
"Ethan" declared "fold:0"
"HakulaPlayer" declared "raise:36"
"ZPlayer" declared "call:36"
Street "flop" started. (community card = ['SK', 'SA', 'ST'])
"HakulaPlayer" declared "raise:99"
"ZPlayer" declared "raise:198"
"HakulaPlayer" declared "call:198"
Street "turn" started. (community card = ['SK', 'SA', 'ST', 'H8'])
"HakulaPlayer" declared "raise:596"
"ZPlayer" declared "call:596"
Street "river" started. (community card = ['SK', 'SA', 'ST', 'H8', 'C2'])
"HakulaPlayer" declared "raise:289"
"ZPlayer" declared "call:289"
"['HakulaPlayer']" won the round 24 (stack = {'YangZ': 955, 'Ethan': 463, 'HakulaPlayer': 2253, 'SichengZuo': 970, 'KLChen2PokerPlayer': 171, 'Jinkun': 1050, 'NitWinWin': 955, 'ZPlayer': 1183})
player [YangZ] gets hole card ['DQ', 'SJ'], current stack 955
player [Ethan] gets hole card ['CJ', 'D7'], current stack 458
player [HakulaPlayer] gets hole card ['D2', 'H7'], current stack 2243
player [SichengZuo] gets hole card ['H2', 'C4'], current stack 970
player [KLChen2PokerPlayer] gets hole card ['DK', 'C2'], current stack 171
player [Jinkun] gets hole card ['CT', 'S8'], current stack 1050
player [NitWinWin] gets hole card ['HK', 'H9'], current stack 955
player [ZPlayer] gets hole card ['SA', 'C8'], current stack 1183
Started the round 25
Street "preflop" started. (community card = [])
"SichengZuo" declared "fold:0"
"KLChen2PokerPlayer" declared "fold:0"
"Jinkun" declared "fold:10"
"NitWinWin" declared "fold:0"
"ZPlayer" declared "raise:15"
"YangZ" declared "fold:0"
"Ethan" declared "fold:0"
"HakulaPlayer" declared "call:15"
Street "flop" started. (community card = ['D3', 'H4', 'H5'])
"HakulaPlayer" declared "call:0"
"ZPlayer" declared "call:0"
Street "turn" started. (community card = ['D3', 'H4', 'H5', 'S3'])
"HakulaPlayer" declared "call:0"
"ZPlayer" declared "call:0"
Street "river" started. (community card = ['D3', 'H4', 'H5', 'S3', 'H3'])
"HakulaPlayer" declared "call:0"
"ZPlayer" declared "call:0"
"['ZPlayer']" won the round 25 (stack = {'YangZ': 955, 'Ethan': 458, 'HakulaPlayer': 2238, 'SichengZuo': 970, 'KLChen2PokerPlayer': 171, 'Jinkun': 1050, 'NitWinWin': 955, 'ZPlayer': 1203})
player [YangZ] gets hole card ['CJ', 'C3'], current stack 955
player [Ethan] gets hole card ['H8', 'D9'], current stack 458
player [HakulaPlayer] gets hole card ['C5', 'HQ'], current stack 2233
player [SichengZuo] gets hole card ['DT', 'HK'], current stack 960
player [KLChen2PokerPlayer] gets hole card ['HA', 'S7'], current stack 171
player [Jinkun] gets hole card ['H2', 'C2'], current stack 1050
player [NitWinWin] gets hole card ['D6', 'D7'], current stack 955
player [ZPlayer] gets hole card ['C8', 'S2'], current stack 1203
Started the round 26
Street "preflop" started. (community card = [])
"KLChen2PokerPlayer" declared "raise:28"
"Jinkun" declared "fold:28"
"NitWinWin" declared "fold:0"
"ZPlayer" declared "call:28"
"YangZ" declared "fold:0"
"Ethan" declared "fold:0"
"HakulaPlayer" declared "fold:0"
"SichengZuo" declared "fold:0"
Street "flop" started. (community card = ['SQ', 'HJ', 'H9'])
"KLChen2PokerPlayer" declared "call:0"
"ZPlayer" declared "call:0"
Street "turn" started. (community card = ['SQ', 'HJ', 'H9', 'CK'])
"KLChen2PokerPlayer" declared "call:0"
"ZPlayer" declared "call:0"
Street "river" started. (community card = ['SQ', 'HJ', 'H9', 'CK', 'C7'])
"KLChen2PokerPlayer" declared "call:0"
"ZPlayer" declared "call:0"
"['KLChen2PokerPlayer']" won the round 26 (stack = {'YangZ': 955, 'Ethan': 458, 'HakulaPlayer': 2233, 'SichengZuo': 960, 'KLChen2PokerPlayer': 214, 'Jinkun': 1050, 'NitWinWin': 955, 'ZPlayer': 1175})
player [YangZ] gets hole card ['S7', 'S6'], current stack 955
player [Ethan] gets hole card ['C5', 'D6'], current stack 458
player [HakulaPlayer] gets hole card ['CA', 'HT'], current stack 2233
player [SichengZuo] gets hole card ['S4', 'CJ'], current stack 955
player [KLChen2PokerPlayer] gets hole card ['SJ', 'C7'], current stack 204
player [Jinkun] gets hole card ['CQ', 'C6'], current stack 1050
player [NitWinWin] gets hole card ['DA', 'S3'], current stack 955
player [ZPlayer] gets hole card ['H6', 'D3'], current stack 1175
Started the round 27
Street "preflop" started. (community card = [])
"Jinkun" declared "fold:10"
"NitWinWin" declared "fold:0"
"ZPlayer" declared "call:10"
"YangZ" declared "fold:0"
"Ethan" declared "fold:0"
"HakulaPlayer" declared "raise:29"
"SichengZuo" declared "fold:0"
"KLChen2PokerPlayer" declared "fold:0"
"ZPlayer" declared "fold:0"
"['HakulaPlayer']" won the round 27 (stack = {'YangZ': 955, 'Ethan': 458, 'HakulaPlayer': 2258, 'SichengZuo': 955, 'KLChen2PokerPlayer': 204, 'Jinkun': 1050, 'NitWinWin': 955, 'ZPlayer': 1165})
player [YangZ] gets hole card ['H7', 'CJ'], current stack 955
player [Ethan] gets hole card ['SJ', 'C6'], current stack 458
player [HakulaPlayer] gets hole card ['D3', 'S4'], current stack 2258
player [SichengZuo] gets hole card ['H6', 'C2'], current stack 955
player [KLChen2PokerPlayer] gets hole card ['C5', 'ST'], current stack 199
player [Jinkun] gets hole card ['C7', 'DK'], current stack 1040
player [NitWinWin] gets hole card ['DJ', 'HQ'], current stack 955
player [ZPlayer] gets hole card ['S8', 'S5'], current stack 1165
Started the round 28
Street "preflop" started. (community card = [])
"NitWinWin" declared "fold:0"
"ZPlayer" declared "raise:15"
"YangZ" declared "fold:0"
"Ethan" declared "fold:0"
"HakulaPlayer" declared "fold:0"
"SichengZuo" declared "fold:0"
"KLChen2PokerPlayer" declared "fold:0"
"Jinkun" declared "call:15"
Street "flop" started. (community card = ['H8', 'C9', 'S9'])
"Jinkun" declared "call:0"
"ZPlayer" declared "raise:10"
"Jinkun" declared "call:10"
Street "turn" started. (community card = ['H8', 'C9', 'S9', 'D7'])
"Jinkun" declared "call:0"
"ZPlayer" declared "raise:10"
"Jinkun" declared "call:10"
Street "river" started. (community card = ['H8', 'C9', 'S9', 'D7', 'CT'])
"Jinkun" declared "call:0"
"ZPlayer" declared "call:0"
"['ZPlayer']" won the round 28 (stack = {'YangZ': 955, 'Ethan': 458, 'HakulaPlayer': 2258, 'SichengZuo': 955, 'KLChen2PokerPlayer': 199, 'Jinkun': 1015, 'NitWinWin': 955, 'ZPlayer': 1205})
player [YangZ] gets hole card ['S2', 'D7'], current stack 955
player [Ethan] gets hole card ['D6', 'H8'], current stack 458
player [HakulaPlayer] gets hole card ['C2', 'CA'], current stack 2258
player [SichengZuo] gets hole card ['D9', 'C8'], current stack 955
player [KLChen2PokerPlayer] gets hole card ['CQ', 'D5'], current stack 199
player [Jinkun] gets hole card ['C9', 'CJ'], current stack 1010
player [NitWinWin] gets hole card ['S8', 'D8'], current stack 945
player [ZPlayer] gets hole card ['HJ', 'DK'], current stack 1205
Started the round 29
Street "preflop" started. (community card = [])
"ZPlayer" declared "raise:15"
"YangZ" declared "fold:0"
"Ethan" declared "fold:0"
"HakulaPlayer" declared "call:15"
"SichengZuo" declared "fold:0"
"KLChen2PokerPlayer" declared "fold:0"
"Jinkun" declared "fold:15"
"NitWinWin" declared "fold:0"
Street "flop" started. (community card = ['S9', 'HT', 'CK'])
"ZPlayer" declared "raise:45"
"HakulaPlayer" declared "fold:0"
"['ZPlayer']" won the round 29 (stack = {'YangZ': 955, 'Ethan': 458, 'HakulaPlayer': 2243, 'SichengZuo': 955, 'KLChen2PokerPlayer': 199, 'Jinkun': 1010, 'NitWinWin': 945, 'ZPlayer': 1235})
player [YangZ] gets hole card ['SQ', 'DT'], current stack 955
player [Ethan] gets hole card ['D3', 'C7'], current stack 458
player [HakulaPlayer] gets hole card ['H4', 'D9'], current stack 2243
player [SichengZuo] gets hole card ['S8', 'D2'], current stack 955
player [KLChen2PokerPlayer] gets hole card ['D5', 'CK'], current stack 199
player [Jinkun] gets hole card ['C3', 'CA'], current stack 1010
player [NitWinWin] gets hole card ['C6', 'C5'], current stack 940
player [ZPlayer] gets hole card ['C4', 'H5'], current stack 1225
Started the round 30
Street "preflop" started. (community card = [])
"YangZ" declared "fold:0"
"Ethan" declared "fold:0"
"HakulaPlayer" declared "fold:0"
"SichengZuo" declared "fold:0"
"KLChen2PokerPlayer" declared "raise:17"
"Jinkun" declared "fold:17"
"NitWinWin" declared "fold:0"
"ZPlayer" declared "fold:0"
"['KLChen2PokerPlayer']" won the round 30 (stack = {'YangZ': 955, 'Ethan': 458, 'HakulaPlayer': 2243, 'SichengZuo': 955, 'KLChen2PokerPlayer': 214, 'Jinkun': 1010, 'NitWinWin': 940, 'ZPlayer': 1225})
player [YangZ] gets hole card ['DK', 'HK'], current stack 945
player [Ethan] gets hole card ['SQ', 'S5'], current stack 458
player [HakulaPlayer] gets hole card ['H9', 'HQ'], current stack 2243
player [SichengZuo] gets hole card ['C4', 'CA'], current stack 955
player [KLChen2PokerPlayer] gets hole card ['ST', 'S3'], current stack 214
player [Jinkun] gets hole card ['D9', 'S6'], current stack 1010
player [NitWinWin] gets hole card ['C2', 'HJ'], current stack 940
player [ZPlayer] gets hole card ['C5', 'HA'], current stack 1220
Started the round 31
Street "preflop" started. (community card = [])
"Ethan" declared "fold:0"
"HakulaPlayer" declared "call:10"
"SichengZuo" declared "fold:0"
"KLChen2PokerPlayer" declared "fold:0"
"Jinkun" declared "fold:10"
"NitWinWin" declared "fold:0"
"ZPlayer" declared "raise:15"
"YangZ" declared "fold:0"
"HakulaPlayer" declared "call:15"
Street "flop" started. (community card = ['C8', 'C6', 'S4'])
"ZPlayer" declared "raise:10"
"HakulaPlayer" declared "fold:0"
"['ZPlayer']" won the round 31 (stack = {'YangZ': 945, 'Ethan': 458, 'HakulaPlayer': 2228, 'SichengZuo': 955, 'KLChen2PokerPlayer': 214, 'Jinkun': 1010, 'NitWinWin': 940, 'ZPlayer': 1250})
player [YangZ] gets hole card ['CT', 'HT'], current stack 940
player [Ethan] gets hole card ['D7', 'SA'], current stack 448
player [HakulaPlayer] gets hole card ['D4', 'ST'], current stack 2228
player [SichengZuo] gets hole card ['C4', 'DT'], current stack 955
player [KLChen2PokerPlayer] gets hole card ['CQ', 'DK'], current stack 214
player [Jinkun] gets hole card ['HQ', 'S2'], current stack 1010
player [NitWinWin] gets hole card ['HK', 'S3'], current stack 940
player [ZPlayer] gets hole card ['H3', 'D2'], current stack 1250
Started the round 32
Street "preflop" started. (community card = [])
"HakulaPlayer" declared "fold:0"
"SichengZuo" declared "fold:0"
"KLChen2PokerPlayer" declared "raise:26"
"Jinkun" declared "fold:26"
"NitWinWin" declared "fold:0"
"ZPlayer" declared "fold:0"
"YangZ" declared "fold:0"
"Ethan" declared "call:26"
Street "flop" started. (community card = ['HJ', 'C2', 'CJ'])
"Ethan" declared "call:0"
"KLChen2PokerPlayer" declared "raise:16"
"Ethan" declared "call:16"
Street "turn" started. (community card = ['HJ', 'C2', 'CJ', 'DA'])
"Ethan" declared "raise:89"
"KLChen2PokerPlayer" declared "fold:0"
"['Ethan']" won the round 32 (stack = {'YangZ': 940, 'Ethan': 505, 'HakulaPlayer': 2228, 'SichengZuo': 955, 'KLChen2PokerPlayer': 172, 'Jinkun': 1010, 'NitWinWin': 940, 'ZPlayer': 1250})
player [YangZ] gets hole card ['D5', 'S9'], current stack 940
player [Ethan] gets hole card ['SA', 'H5'], current stack 500
player [HakulaPlayer] gets hole card ['SK', 'S2'], current stack 2218
player [SichengZuo] gets hole card ['S4', 'C3'], current stack 955
player [KLChen2PokerPlayer] gets hole card ['S3', 'D4'], current stack 172
player [Jinkun] gets hole card ['HA', 'H8'], current stack 1010
player [NitWinWin] gets hole card ['S5', 'CT'], current stack 940
player [ZPlayer] gets hole card ['ST', 'H4'], current stack 1250
Started the round 33
Street "preflop" started. (community card = [])
"SichengZuo" declared "fold:0"
"KLChen2PokerPlayer" declared "fold:0"
"Jinkun" declared "fold:10"
"NitWinWin" declared "fold:0"
"ZPlayer" declared "call:10"
"YangZ" declared "fold:0"
"Ethan" declared "call:10"
"HakulaPlayer" declared "call:10"
Street "flop" started. (community card = ['C2', 'S8', 'C4'])
"Ethan" declared "call:0"
"HakulaPlayer" declared "call:0"
"ZPlayer" declared "raise:10"
"Ethan" declared "call:10"
"HakulaPlayer" declared "fold:0"
Street "turn" started. (community card = ['C2', 'S8', 'C4', 'DQ'])
"Ethan" declared "call:0"
"ZPlayer" declared "call:0"
Street "river" started. (community card = ['C2', 'S8', 'C4', 'DQ', 'SJ'])
"Ethan" declared "call:0"
"ZPlayer" declared "call:0"
"['ZPlayer']" won the round 33 (stack = {'YangZ': 940, 'Ethan': 485, 'HakulaPlayer': 2218, 'SichengZuo': 955, 'KLChen2PokerPlayer': 172, 'Jinkun': 1010, 'NitWinWin': 940, 'ZPlayer': 1280})
player [YangZ] gets hole card ['C3', 'SJ'], current stack 940
player [Ethan] gets hole card ['H6', 'SK'], current stack 485
player [HakulaPlayer] gets hole card ['DQ', 'H4'], current stack 2213
player [SichengZuo] gets hole card ['CK', 'H8'], current stack 945
player [KLChen2PokerPlayer] gets hole card ['D2', 'DK'], current stack 172
player [Jinkun] gets hole card ['S8', 'H9'], current stack 1010
player [NitWinWin] gets hole card ['SQ', 'C9'], current stack 940
player [ZPlayer] gets hole card ['HT', 'C4'], current stack 1280
Started the round 34
Street "preflop" started. (community card = [])
"KLChen2PokerPlayer" declared "call:10"
"Jinkun" declared "fold:10"
"NitWinWin" declared "fold:0"
"ZPlayer" declared "call:10"
"YangZ" declared "fold:0"
"Ethan" declared "fold:0"
"HakulaPlayer" declared "call:10"
"SichengZuo" declared "fold:0"
Street "flop" started. (community card = ['D4', 'D7', 'C6'])
"HakulaPlayer" declared "call:0"
"KLChen2PokerPlayer" declared "raise:34"
"ZPlayer" declared "fold:0"
"HakulaPlayer" declared "fold:0"
"['KLChen2PokerPlayer']" won the round 34 (stack = {'YangZ': 940, 'Ethan': 485, 'HakulaPlayer': 2208, 'SichengZuo': 945, 'KLChen2PokerPlayer': 202, 'Jinkun': 1010, 'NitWinWin': 940, 'ZPlayer': 1270})
player [YangZ] gets hole card ['HQ', 'D9'], current stack 940
player [Ethan] gets hole card ['CQ', 'H2'], current stack 485
player [HakulaPlayer] gets hole card ['DK', 'HK'], current stack 2208
player [SichengZuo] gets hole card ['CK', 'D3'], current stack 940
player [KLChen2PokerPlayer] gets hole card ['D7', 'C6'], current stack 192
player [Jinkun] gets hole card ['H5', 'C4'], current stack 1010
player [NitWinWin] gets hole card ['C3', 'CA'], current stack 940
player [ZPlayer] gets hole card ['HA', 'DQ'], current stack 1270
Started the round 35
Street "preflop" started. (community card = [])
"Jinkun" declared "fold:10"
"NitWinWin" declared "fold:0"
"ZPlayer" declared "raise:15"
"YangZ" declared "fold:0"
"Ethan" declared "fold:0"
"HakulaPlayer" declared "raise:39"
"SichengZuo" declared "fold:0"
"KLChen2PokerPlayer" declared "fold:0"
"ZPlayer" declared "call:39"
Street "flop" started. (community card = ['SA', 'H9', 'S7'])
"ZPlayer" declared "raise:10"
"HakulaPlayer" declared "raise:91"
"ZPlayer" declared "call:91"
Street "turn" started. (community card = ['SA', 'H9', 'S7', 'D5'])
"ZPlayer" declared "raise:10"
"HakulaPlayer" declared "raise:269"
"ZPlayer" declared "call:269"
Street "river" started. (community card = ['SA', 'H9', 'S7', 'D5', 'C5'])
"ZPlayer" declared "raise:671"
"HakulaPlayer" declared "call:671"
"['ZPlayer']" won the round 35 (stack = {'YangZ': 940, 'Ethan': 485, 'HakulaPlayer': 1138, 'SichengZuo': 940, 'KLChen2PokerPlayer': 192, 'Jinkun': 1010, 'NitWinWin': 940, 'ZPlayer': 2355})
player [YangZ] gets hole card ['C9', 'S8'], current stack 940
player [Ethan] gets hole card ['D9', 'D4'], current stack 485
player [HakulaPlayer] gets hole card ['D3', 'C7'], current stack 1138
player [SichengZuo] gets hole card ['S3', 'H8'], current stack 940
player [KLChen2PokerPlayer] gets hole card ['CQ', 'DJ'], current stack 187
player [Jinkun] gets hole card ['C4', 'S4'], current stack 1000
player [NitWinWin] gets hole card ['HJ', 'D5'], current stack 940
player [ZPlayer] gets hole card ['CK', 'CA'], current stack 2355
Started the round 36
Street "preflop" started. (community card = [])
"NitWinWin" declared "fold:0"
"ZPlayer" declared "raise:15"
"YangZ" declared "fold:0"
"Ethan" declared "fold:0"
"HakulaPlayer" declared "fold:0"
"SichengZuo" declared "fold:0"
"KLChen2PokerPlayer" declared "raise:20"
"Jinkun" declared "fold:20"
"ZPlayer" declared "call:20"
Street "flop" started. (community card = ['C2', 'H3', 'DQ'])
"KLChen2PokerPlayer" declared "raise:35"
"ZPlayer" declared "fold:0"
"['KLChen2PokerPlayer']" won the round 36 (stack = {'YangZ': 940, 'Ethan': 485, 'HakulaPlayer': 1138, 'SichengZuo': 940, 'KLChen2PokerPlayer': 222, 'Jinkun': 1000, 'NitWinWin': 940, 'ZPlayer': 2335})
player [YangZ] gets hole card ['S4', 'D8'], current stack 940
player [Ethan] gets hole card ['CT', 'CA'], current stack 485
player [HakulaPlayer] gets hole card ['CJ', 'DK'], current stack 1138
player [SichengZuo] gets hole card ['HQ', 'SJ'], current stack 940
player [KLChen2PokerPlayer] gets hole card ['D4', 'D9'], current stack 222
player [Jinkun] gets hole card ['D5', 'DJ'], current stack 995
player [NitWinWin] gets hole card ['C3', 'C4'], current stack 930
player [ZPlayer] gets hole card ['HT', 'CQ'], current stack 2335
Started the round 37
Street "preflop" started. (community card = [])
"ZPlayer" declared "raise:15"
"YangZ" declared "fold:0"
"Ethan" declared "call:15"
"HakulaPlayer" declared "call:15"
"SichengZuo" declared "fold:0"
"KLChen2PokerPlayer" declared "fold:0"
"Jinkun" declared "fold:15"
"NitWinWin" declared "fold:0"
Street "flop" started. (community card = ['HA', 'C5', 'DQ'])
"ZPlayer" declared "raise:30"
"Ethan" declared "call:30"
"HakulaPlayer" declared "call:30"
Street "turn" started. (community card = ['HA', 'C5', 'DQ', 'D6'])
"ZPlayer" declared "raise:75"
"Ethan" declared "call:75"
"HakulaPlayer" declared "fold:0"
Street "river" started. (community card = ['HA', 'C5', 'DQ', 'D6', 'H2'])
"ZPlayer" declared "raise:150"
"Ethan" declared "fold:0"
"['ZPlayer']" won the round 37 (stack = {'YangZ': 940, 'Ethan': 365, 'HakulaPlayer': 1093, 'SichengZuo': 940, 'KLChen2PokerPlayer': 222, 'Jinkun': 995, 'NitWinWin': 930, 'ZPlayer': 2515})
player [YangZ] gets hole card ['HK', 'D9'], current stack 940
player [Ethan] gets hole card ['S2', 'D6'], current stack 365
player [HakulaPlayer] gets hole card ['S3', 'C9'], current stack 1093
player [SichengZuo] gets hole card ['HJ', 'H2'], current stack 940
player [KLChen2PokerPlayer] gets hole card ['CA', 'SJ'], current stack 222
player [Jinkun] gets hole card ['C5', 'SK'], current stack 995
player [NitWinWin] gets hole card ['H8', 'CK'], current stack 925
player [ZPlayer] gets hole card ['D2', 'HA'], current stack 2505
Started the round 38
Street "preflop" started. (community card = [])
"YangZ" declared "fold:0"
"Ethan" declared "fold:0"
"HakulaPlayer" declared "fold:0"
"SichengZuo" declared "fold:0"
"KLChen2PokerPlayer" declared "raise:17"
"Jinkun" declared "fold:17"
"NitWinWin" declared "fold:0"
"ZPlayer" declared "raise:24"
"KLChen2PokerPlayer" declared "fold:0"
"['ZPlayer']" won the round 38 (stack = {'YangZ': 940, 'Ethan': 365, 'HakulaPlayer': 1093, 'SichengZuo': 940, 'KLChen2PokerPlayer': 205, 'Jinkun': 995, 'NitWinWin': 925, 'ZPlayer': 2537})
player [YangZ] gets hole card ['SJ', 'CT'], current stack 930
player [Ethan] gets hole card ['S4', 'H5'], current stack 365
player [HakulaPlayer] gets hole card ['S3', 'C8'], current stack 1093
player [SichengZuo] gets hole card ['ST', 'C4'], current stack 940
player [KLChen2PokerPlayer] gets hole card ['DT', 'C9'], current stack 205
player [Jinkun] gets hole card ['D8', 'D4'], current stack 995
player [NitWinWin] gets hole card ['S9', 'DQ'], current stack 925
player [ZPlayer] gets hole card ['S8', 'HT'], current stack 2532
Started the round 39
Street "preflop" started. (community card = [])
"Ethan" declared "fold:0"
"HakulaPlayer" declared "fold:0"
"SichengZuo" declared "fold:0"
"KLChen2PokerPlayer" declared "call:10"
"Jinkun" declared "fold:10"
"NitWinWin" declared "fold:0"
"ZPlayer" declared "raise:15"
"YangZ" declared "fold:0"
"KLChen2PokerPlayer" declared "fold:0"
"['ZPlayer']" won the round 39 (stack = {'YangZ': 930, 'Ethan': 365, 'HakulaPlayer': 1093, 'SichengZuo': 940, 'KLChen2PokerPlayer': 195, 'Jinkun': 995, 'NitWinWin': 925, 'ZPlayer': 2557})
player [YangZ] gets hole card ['C6', 'H5'], current stack 925
player [Ethan] gets hole card ['DT', 'CQ'], current stack 355
player [HakulaPlayer] gets hole card ['C7', 'CJ'], current stack 1093
player [SichengZuo] gets hole card ['S6', 'C8'], current stack 940
player [KLChen2PokerPlayer] gets hole card ['C2', 'S8'], current stack 195
player [Jinkun] gets hole card ['CA', 'H6'], current stack 995
player [NitWinWin] gets hole card ['D9', 'HT'], current stack 925
player [ZPlayer] gets hole card ['D7', 'S5'], current stack 2557
Started the round 40
Street "preflop" started. (community card = [])
"HakulaPlayer" declared "call:10"
"SichengZuo" declared "fold:0"
"KLChen2PokerPlayer" declared "fold:0"
"Jinkun" declared "fold:10"
"NitWinWin" declared "fold:0"
"ZPlayer" declared "raise:15"
"YangZ" declared "fold:0"
"Ethan" declared "call:15"
"HakulaPlayer" declared "call:15"
Street "flop" started. (community card = ['DJ', 'ST', 'H8'])
"Ethan" declared "call:0"
"HakulaPlayer" declared "call:0"
"ZPlayer" declared "call:0"
Street "turn" started. (community card = ['DJ', 'ST', 'H8', 'CT'])
"Ethan" declared "raise:150"
"HakulaPlayer" declared "fold:0"
"ZPlayer" declared "fold:0"
"['Ethan']" won the round 40 (stack = {'YangZ': 925, 'Ethan': 400, 'HakulaPlayer': 1078, 'SichengZuo': 940, 'KLChen2PokerPlayer': 195, 'Jinkun': 995, 'NitWinWin': 925, 'ZPlayer': 2542})
player [YangZ] gets hole card ['CT', 'S4'], current stack 925
player [Ethan] gets hole card ['HQ', 'C4'], current stack 395
player [HakulaPlayer] gets hole card ['C2', 'DA'], current stack 1068
player [SichengZuo] gets hole card ['CQ', 'CA'], current stack 940
player [KLChen2PokerPlayer] gets hole card ['D8', 'H7'], current stack 195
player [Jinkun] gets hole card ['DQ', 'H5'], current stack 995
player [NitWinWin] gets hole card ['CJ', 'SK'], current stack 925
player [ZPlayer] gets hole card ['DK', 'HA'], current stack 2542
Started the round 41
Street "preflop" started. (community card = [])
"SichengZuo" declared "fold:0"
"KLChen2PokerPlayer" declared "fold:0"
"Jinkun" declared "fold:10"
"NitWinWin" declared "fold:0"
"ZPlayer" declared "raise:15"
"YangZ" declared "fold:0"
"Ethan" declared "fold:0"
"HakulaPlayer" declared "call:15"
Street "flop" started. (community card = ['H2', 'SQ', 'S5'])
"HakulaPlayer" declared "call:0"
"ZPlayer" declared "call:0"
Street "turn" started. (community card = ['H2', 'SQ', 'S5', 'SJ'])
"HakulaPlayer" declared "call:0"
"ZPlayer" declared "call:0"
Street "river" started. (community card = ['H2', 'SQ', 'S5', 'SJ', 'C5'])
"HakulaPlayer" declared "call:0"
"ZPlayer" declared "call:0"
"['HakulaPlayer']" won the round 41 (stack = {'YangZ': 925, 'Ethan': 395, 'HakulaPlayer': 1098, 'SichengZuo': 940, 'KLChen2PokerPlayer': 195, 'Jinkun': 995, 'NitWinWin': 925, 'ZPlayer': 2527})
player [YangZ] gets hole card ['C5', 'D4'], current stack 925
player [Ethan] gets hole card ['H9', 'S6'], current stack 395
player [HakulaPlayer] gets hole card ['C2', 'D9'], current stack 1093
player [SichengZuo] gets hole card ['S8', 'D7'], current stack 930
player [KLChen2PokerPlayer] gets hole card ['S4', 'CT'], current stack 195
player [Jinkun] gets hole card ['C9', 'SK'], current stack 995
player [NitWinWin] gets hole card ['HQ', 'CJ'], current stack 925
player [ZPlayer] gets hole card ['DA', 'D6'], current stack 2527
Started the round 42
Street "preflop" started. (community card = [])
"KLChen2PokerPlayer" declared "fold:0"
"Jinkun" declared "fold:10"
"NitWinWin" declared "fold:0"
"ZPlayer" declared "raise:15"
"YangZ" declared "fold:0"
"Ethan" declared "fold:0"
"HakulaPlayer" declared "fold:0"
"SichengZuo" declared "fold:0"
"['ZPlayer']" won the round 42 (stack = {'YangZ': 925, 'Ethan': 395, 'HakulaPlayer': 1093, 'SichengZuo': 930, 'KLChen2PokerPlayer': 195, 'Jinkun': 995, 'NitWinWin': 925, 'ZPlayer': 2542})
player [YangZ] gets hole card ['C9', 'H8'], current stack 925
player [Ethan] gets hole card ['D7', 'ST'], current stack 395
player [HakulaPlayer] gets hole card ['C8', 'D2'], current stack 1093
player [SichengZuo] gets hole card ['CA', 'C5'], current stack 925
player [KLChen2PokerPlayer] gets hole card ['C7', 'S3'], current stack 185
player [Jinkun] gets hole card ['H5', 'H9'], current stack 995
player [NitWinWin] gets hole card ['DJ', 'SA'], current stack 925
player [ZPlayer] gets hole card ['HK', 'CK'], current stack 2542
Started the round 43
Street "preflop" started. (community card = [])
"Jinkun" declared "fold:10"
"NitWinWin" declared "fold:0"
"ZPlayer" declared "raise:15"
"YangZ" declared "fold:0"
"Ethan" declared "fold:0"
"HakulaPlayer" declared "fold:0"
"SichengZuo" declared "fold:0"
"KLChen2PokerPlayer" declared "raise:20"
"ZPlayer" declared "call:20"
Street "flop" started. (community card = ['S7', 'DK', 'D4'])
"KLChen2PokerPlayer" declared "raise:38"
"ZPlayer" declared "raise:76"
"KLChen2PokerPlayer" declared "fold:0"
"['ZPlayer']" won the round 43 (stack = {'YangZ': 925, 'Ethan': 395, 'HakulaPlayer': 1093, 'SichengZuo': 925, 'KLChen2PokerPlayer': 137, 'Jinkun': 995, 'NitWinWin': 925, 'ZPlayer': 2605})
player [YangZ] gets hole card ['S8', 'C8'], current stack 925
player [Ethan] gets hole card ['H7', 'SA'], current stack 395
player [HakulaPlayer] gets hole card ['CK', 'HA'], current stack 1093
player [SichengZuo] gets hole card ['H9', 'H5'], current stack 925
player [KLChen2PokerPlayer] gets hole card ['S9', 'ST'], current stack 132
player [Jinkun] gets hole card ['S7', 'DT'], current stack 985
player [NitWinWin] gets hole card ['SJ', 'S3'], current stack 925
player [ZPlayer] gets hole card ['HJ', 'C2'], current stack 2605
Started the round 44
Street "preflop" started. (community card = [])
"NitWinWin" declared "fold:0"
"ZPlayer" declared "raise:15"
"YangZ" declared "fold:0"
"Ethan" declared "fold:0"
"HakulaPlayer" declared "call:15"
"SichengZuo" declared "fold:0"
"KLChen2PokerPlayer" declared "raise:20"
"Jinkun" declared "fold:20"
"ZPlayer" declared "raise:25"
"HakulaPlayer" declared "raise:63"
"KLChen2PokerPlayer" declared "fold:0"
"ZPlayer" declared "fold:0"
"['HakulaPlayer']" won the round 44 (stack = {'YangZ': 925, 'Ethan': 395, 'HakulaPlayer': 1148, 'SichengZuo': 925, 'KLChen2PokerPlayer': 117, 'Jinkun': 985, 'NitWinWin': 925, 'ZPlayer': 2580})
player [YangZ] gets hole card ['D6', 'S5'], current stack 925
player [Ethan] gets hole card ['H9', 'C3'], current stack 395
player [HakulaPlayer] gets hole card ['C5', 'D2'], current stack 1148
player [SichengZuo] gets hole card ['S3', 'HA'], current stack 925
player [KLChen2PokerPlayer] gets hole card ['HK', 'DA'], current stack 117
player [Jinkun] gets hole card ['C7', 'HQ'], current stack 980
player [NitWinWin] gets hole card ['SK', 'H4'], current stack 915
player [ZPlayer] gets hole card ['H2', 'S6'], current stack 2580
Started the round 45
Street "preflop" started. (community card = [])
"ZPlayer" declared "raise:15"
"YangZ" declared "fold:0"
"Ethan" declared "fold:0"
"HakulaPlayer" declared "raise:27"
"SichengZuo" declared "fold:0"
"KLChen2PokerPlayer" declared "call:27"
"Jinkun" declared "fold:27"
"NitWinWin" declared "fold:0"
"ZPlayer" declared "fold:0"
Street "flop" started. (community card = ['C2', 'H7', 'SJ'])
"HakulaPlayer" declared "call:0"
"KLChen2PokerPlayer" declared "raise:10"
"HakulaPlayer" declared "call:10"
Street "turn" started. (community card = ['C2', 'H7', 'SJ', 'CQ'])
"HakulaPlayer" declared "call:0"
"KLChen2PokerPlayer" declared "call:0"
Street "river" started. (community card = ['C2', 'H7', 'SJ', 'CQ', 'H6'])
"HakulaPlayer" declared "call:0"
"KLChen2PokerPlayer" declared "call:0"
"['HakulaPlayer']" won the round 45 (stack = {'YangZ': 925, 'Ethan': 395, 'HakulaPlayer': 1215, 'SichengZuo': 925, 'KLChen2PokerPlayer': 80, 'Jinkun': 980, 'NitWinWin': 915, 'ZPlayer': 2565})

Game Results:
------------------------------------------------------------
Game 1:
Winner: ZPlayer (stack: 2522)
All players' stacks:
  YangZ: 910
  Ethan: 380
  HakulaPlayer: 1285
  SichengZuo: 915
  KLChen2PokerPlayer: 108
  Jinkun: 970
  NitWinWin: 910
  ZPlayer: 2522
------------------------------------------------------------
