player [YangZ] gets hole card ['DA', 'H7'], current stack 1000
player [Ethan] gets hole card ['DQ', 'C9'], current stack 995
player [HakulaPlayer] gets hole card ['H3', 'SQ'], current stack 990
player [SichengZuo] gets hole card ['HK', 'CT'], current stack 1000
player [KLChen2PokerPlayer] gets hole card ['ST', 'DK'], current stack 1000
player [Jinkun] gets hole card ['C3', 'HT'], current stack 1000
player [NitWinWin] gets hole card ['DT', 'S5'], current stack 1000
player [ZPlayer] gets hole card ['D5', 'S9'], current stack 1000
Started the round 1
Street "preflop" started. (community card = [])
"SichengZuo" declared "fold:0"
"KLChen2PokerPlayer" declared "raise:29"
"Jinkun" declared "fold:29"
"NitWinWin" declared "fold:0"
"ZPlayer" declared "call:29"
"YangZ" declared "fold:0"
"Ethan" declared "fold:0"
"HakulaPlayer" declared "call:29"
Street "flop" started. (community card = ['S7', 'D3', 'D4'])
"HakulaPlayer" declared "call:0"
"KLChen2PokerPlayer" declared "call:0"
"ZPlayer" declared "call:0"
Street "turn" started. (community card = ['S7', 'D3', 'D4', 'C5'])
"HakulaPlayer" declared "call:0"
"KLChen2PokerPlayer" declared "call:0"
"ZPlayer" declared "call:0"
Street "river" started. (community card = ['S7', 'D3', 'D4', 'C5', 'CQ'])
"HakulaPlayer" declared "call:0"
"KLChen2PokerPlayer" declared "call:0"
"ZPlayer" declared "call:0"
"['HakulaPlayer']" won the round 1 (stack = {'YangZ': 1000, 'Ethan': 995, 'HakulaPlayer': 1063, 'SichengZuo': 1000, 'KLChen2PokerPlayer': 971, 'Jinkun': 1000, 'NitWinWin': 1000, 'ZPlayer': 971})
player [YangZ] gets hole card ['H7', 'SK'], current stack 1000
player [Ethan] gets hole card ['C7', 'SJ'], current stack 995
player [HakulaPlayer] gets hole card ['HT', 'CK'], current stack 1058
player [SichengZuo] gets hole card ['DJ', 'C9'], current stack 990
player [KLChen2PokerPlayer] gets hole card ['CT', 'CA'], current stack 971
player [Jinkun] gets hole card ['H5', 'SQ'], current stack 1000
player [NitWinWin] gets hole card ['S8', 'S2'], current stack 1000
player [ZPlayer] gets hole card ['S5', 'ST'], current stack 971
Started the round 2
Street "preflop" started. (community card = [])
"KLChen2PokerPlayer" declared "raise:19"
"Jinkun" declared "fold:19"
"NitWinWin" declared "fold:0"
"ZPlayer" declared "call:19"
"YangZ" declared "fold:0"
"Ethan" declared "fold:0"
"HakulaPlayer" declared "call:19"
"SichengZuo" declared "fold:0"
Street "flop" started. (community card = ['D6', 'DT', 'H9'])
"HakulaPlayer" declared "call:0"
"KLChen2PokerPlayer" declared "raise:31"
"ZPlayer" declared "call:31"
"HakulaPlayer" declared "call:31"
Street "turn" started. (community card = ['D6', 'DT', 'H9', 'D2'])
"HakulaPlayer" declared "call:0"
"KLChen2PokerPlayer" declared "call:0"
"ZPlayer" declared "raise:80"
"HakulaPlayer" declared "fold:0"
"KLChen2PokerPlayer" declared "call:80"
Street "river" started. (community card = ['D6', 'DT', 'H9', 'D2', 'D3'])
"KLChen2PokerPlayer" declared "call:0"
"ZPlayer" declared "call:0"
"['KLChen2PokerPlayer']" won the round 2 (stack = {'YangZ': 1000, 'Ethan': 995, 'HakulaPlayer': 1013, 'SichengZuo': 990, 'KLChen2PokerPlayer': 1161, 'Jinkun': 1000, 'NitWinWin': 1000, 'ZPlayer': 841})
player [YangZ] gets hole card ['S4', 'CK'], current stack 1000
player [Ethan] gets hole card ['SQ', 'D7'], current stack 995
player [HakulaPlayer] gets hole card ['SK', 'S8'], current stack 1013
player [SichengZuo] gets hole card ['D8', 'DA'], current stack 985
player [KLChen2PokerPlayer] gets hole card ['CJ', 'S7'], current stack 1151
player [Jinkun] gets hole card ['HK', 'S3'], current stack 1000
player [NitWinWin] gets hole card ['C6', 'CA'], current stack 1000
player [ZPlayer] gets hole card ['H7', 'D6'], current stack 841
Started the round 3
Street "preflop" started. (community card = [])
"Jinkun" declared "fold:10"
"NitWinWin" declared "fold:0"
"ZPlayer" declared "call:10"
"YangZ" declared "fold:0"
"Ethan" declared "fold:0"
"HakulaPlayer" declared "raise:32"
"SichengZuo" declared "fold:0"
"KLChen2PokerPlayer" declared "fold:0"
"ZPlayer" declared "fold:0"
"['HakulaPlayer']" won the round 3 (stack = {'YangZ': 1000, 'Ethan': 995, 'HakulaPlayer': 1038, 'SichengZuo': 985, 'KLChen2PokerPlayer': 1151, 'Jinkun': 1000, 'NitWinWin': 1000, 'ZPlayer': 831})
player [YangZ] gets hole card ['HJ', 'D6'], current stack 1000
player [Ethan] gets hole card ['H4', 'H7'], current stack 995
player [HakulaPlayer] gets hole card ['DJ', 'S6'], current stack 1038
player [SichengZuo] gets hole card ['D5', 'S7'], current stack 985
player [KLChen2PokerPlayer] gets hole card ['C5', 'S2'], current stack 1146
player [Jinkun] gets hole card ['C6', 'DA'], current stack 990
player [NitWinWin] gets hole card ['DK', 'C8'], current stack 1000
player [ZPlayer] gets hole card ['S3', 'SJ'], current stack 831
Started the round 4
Street "preflop" started. (community card = [])
"NitWinWin" declared "fold:0"
"ZPlayer" declared "call:10"
"YangZ" declared "fold:0"
"Ethan" declared "fold:0"
"HakulaPlayer" declared "call:10"
"SichengZuo" declared "fold:0"
"KLChen2PokerPlayer" declared "raise:18"
"Jinkun" declared "fold:18"
"ZPlayer" declared "call:18"
"HakulaPlayer" declared "call:18"
Street "flop" started. (community card = ['CK', 'S8', 'S9'])
"KLChen2PokerPlayer" declared "call:0"
"ZPlayer" declared "raise:10"
"HakulaPlayer" declared "call:10"
"KLChen2PokerPlayer" declared "fold:0"
Street "turn" started. (community card = ['CK', 'S8', 'S9', 'HT'])
"ZPlayer" declared "call:0"
"HakulaPlayer" declared "call:0"
Street "river" started. (community card = ['CK', 'S8', 'S9', 'HT', 'CJ'])
"ZPlayer" declared "call:0"
"HakulaPlayer" declared "call:0"
"['HakulaPlayer', 'ZPlayer']" won the round 4 (stack = {'YangZ': 1000, 'Ethan': 995, 'HakulaPlayer': 1052, 'SichengZuo': 985, 'KLChen2PokerPlayer': 1133, 'Jinkun': 990, 'NitWinWin': 1000, 'ZPlayer': 845})
player [YangZ] gets hole card ['D8', 'DA'], current stack 1000
player [Ethan] gets hole card ['S5', 'S3'], current stack 995
player [HakulaPlayer] gets hole card ['D9', 'C7'], current stack 1052
player [SichengZuo] gets hole card ['HQ', 'H2'], current stack 985
player [KLChen2PokerPlayer] gets hole card ['D6', 'S2'], current stack 1133
player [Jinkun] gets hole card ['SQ', 'D7'], current stack 985
player [NitWinWin] gets hole card ['H8', 'HJ'], current stack 990
player [ZPlayer] gets hole card ['ST', 'HT'], current stack 845
Started the round 5
Street "preflop" started. (community card = [])
"ZPlayer" declared "raise:15"
"YangZ" declared "fold:0"
"Ethan" declared "fold:0"
"HakulaPlayer" declared "fold:0"
"SichengZuo" declared "fold:0"
"KLChen2PokerPlayer" declared "fold:0"
"Jinkun" declared "fold:15"
"NitWinWin" declared "fold:0"
"['ZPlayer']" won the round 5 (stack = {'YangZ': 1000, 'Ethan': 995, 'HakulaPlayer': 1052, 'SichengZuo': 985, 'KLChen2PokerPlayer': 1133, 'Jinkun': 985, 'NitWinWin': 990, 'ZPlayer': 860})
player [YangZ] gets hole card ['HK', 'SA'], current stack 1000
player [Ethan] gets hole card ['DK', 'S3'], current stack 995
player [HakulaPlayer] gets hole card ['HT', 'SK'], current stack 1052
player [SichengZuo] gets hole card ['D6', 'H3'], current stack 985
player [KLChen2PokerPlayer] gets hole card ['HQ', 'C3'], current stack 1133
player [Jinkun] gets hole card ['DJ', 'D4'], current stack 985
player [NitWinWin] gets hole card ['SJ', 'DA'], current stack 985
player [ZPlayer] gets hole card ['SQ', 'HJ'], current stack 850
Started the round 6
Street "preflop" started. (community card = [])
"YangZ" declared "fold:0"
"Ethan" declared "fold:0"
"HakulaPlayer" declared "fold:0"
"SichengZuo" declared "fold:0"
"KLChen2PokerPlayer" declared "fold:0"
"Jinkun" declared "call:10"
"NitWinWin" declared "fold:0"
"ZPlayer" declared "raise:15"
"Jinkun" declared "raise:30"
"ZPlayer" declared "call:30"
Street "flop" started. (community card = ['ST', 'D3', 'D5'])
"ZPlayer" declared "call:0"
"Jinkun" declared "call:0"
Street "turn" started. (community card = ['ST', 'D3', 'D5', 'C2'])
"ZPlayer" declared "call:0"
"Jinkun" declared "call:0"
Street "river" started. (community card = ['ST', 'D3', 'D5', 'C2', 'C8'])
"ZPlayer" declared "call:0"
"Jinkun" declared "call:0"
"['ZPlayer']" won the round 6 (stack = {'YangZ': 1000, 'Ethan': 995, 'HakulaPlayer': 1052, 'SichengZuo': 985, 'KLChen2PokerPlayer': 1133, 'Jinkun': 955, 'NitWinWin': 985, 'ZPlayer': 895})
player [YangZ] gets hole card ['S9', 'D8'], current stack 990
player [Ethan] gets hole card ['D6', 'H4'], current stack 995
player [HakulaPlayer] gets hole card ['SQ', 'HK'], current stack 1052
player [SichengZuo] gets hole card ['SJ', 'HT'], current stack 985
player [KLChen2PokerPlayer] gets hole card ['D2', 'S2'], current stack 1133
player [Jinkun] gets hole card ['CT', 'H7'], current stack 955
player [NitWinWin] gets hole card ['D4', 'S4'], current stack 985
player [ZPlayer] gets hole card ['DA', 'DT'], current stack 890
Started the round 7
Street "preflop" started. (community card = [])
"Ethan" declared "fold:0"
"HakulaPlayer" declared "call:10"
"SichengZuo" declared "fold:0"
"KLChen2PokerPlayer" declared "fold:0"
"Jinkun" declared "fold:10"
"NitWinWin" declared "fold:0"
"ZPlayer" declared "raise:15"
"YangZ" declared "fold:0"
"HakulaPlayer" declared "call:15"
Street "flop" started. (community card = ['C6', 'C5', 'S6'])
"ZPlayer" declared "raise:10"
"HakulaPlayer" declared "raise:40"
"ZPlayer" declared "fold:0"
"['HakulaPlayer']" won the round 7 (stack = {'YangZ': 990, 'Ethan': 995, 'HakulaPlayer': 1087, 'SichengZuo': 985, 'KLChen2PokerPlayer': 1133, 'Jinkun': 955, 'NitWinWin': 985, 'ZPlayer': 870})
player [YangZ] gets hole card ['S8', 'H5'], current stack 985
player [Ethan] gets hole card ['SA', 'S7'], current stack 985
player [HakulaPlayer] gets hole card ['S4', 'S6'], current stack 1087
player [SichengZuo] gets hole card ['H8', 'D4'], current stack 985
player [KLChen2PokerPlayer] gets hole card ['H3', 'C4'], current stack 1133
player [Jinkun] gets hole card ['HQ', 'C9'], current stack 955
player [NitWinWin] gets hole card ['C2', 'DQ'], current stack 985
player [ZPlayer] gets hole card ['S3', 'SQ'], current stack 870
Started the round 8
Street "preflop" started. (community card = [])
"HakulaPlayer" declared "fold:0"
"SichengZuo" declared "fold:0"
"KLChen2PokerPlayer" declared "raise:17"
"Jinkun" declared "fold:17"
"NitWinWin" declared "fold:0"
"ZPlayer" declared "call:17"
"YangZ" declared "fold:0"
"Ethan" declared "call:17"
Street "flop" started. (community card = ['DK', 'CJ', 'S5'])
"Ethan" declared "call:0"
"KLChen2PokerPlayer" declared "call:0"
"ZPlayer" declared "call:0"
Street "turn" started. (community card = ['DK', 'CJ', 'S5', 'C5'])
"Ethan" declared "call:0"
"KLChen2PokerPlayer" declared "call:0"
"ZPlayer" declared "call:0"
Street "river" started. (community card = ['DK', 'CJ', 'S5', 'C5', 'D7'])
"Ethan" declared "call:0"
"KLChen2PokerPlayer" declared "call:0"
"ZPlayer" declared "call:0"
"['Ethan']" won the round 8 (stack = {'YangZ': 985, 'Ethan': 1034, 'HakulaPlayer': 1087, 'SichengZuo': 985, 'KLChen2PokerPlayer': 1116, 'Jinkun': 955, 'NitWinWin': 985, 'ZPlayer': 853})
player [YangZ] gets hole card ['S7', 'C4'], current stack 985
player [Ethan] gets hole card ['HJ', 'H7'], current stack 1029
player [HakulaPlayer] gets hole card ['H4', 'H2'], current stack 1077
player [SichengZuo] gets hole card ['CT', 'HA'], current stack 985
player [KLChen2PokerPlayer] gets hole card ['DQ', 'HT'], current stack 1116
player [Jinkun] gets hole card ['H3', 'D4'], current stack 955
player [NitWinWin] gets hole card ['H8', 'H6'], current stack 985
player [ZPlayer] gets hole card ['S6', 'SQ'], current stack 853
Started the round 9
Street "preflop" started. (community card = [])
"SichengZuo" declared "fold:0"
"KLChen2PokerPlayer" declared "raise:17"
"Jinkun" declared "fold:17"
"NitWinWin" declared "fold:0"
"ZPlayer" declared "call:17"
"YangZ" declared "fold:0"
"Ethan" declared "fold:0"
"HakulaPlayer" declared "call:17"
Street "flop" started. (community card = ['DK', 'D6', 'S5'])
"HakulaPlayer" declared "call:0"
"KLChen2PokerPlayer" declared "call:0"
"ZPlayer" declared "raise:10"
"HakulaPlayer" declared "fold:0"
"KLChen2PokerPlayer" declared "fold:0"
"['ZPlayer']" won the round 9 (stack = {'YangZ': 985, 'Ethan': 1029, 'HakulaPlayer': 1070, 'SichengZuo': 985, 'KLChen2PokerPlayer': 1099, 'Jinkun': 955, 'NitWinWin': 985, 'ZPlayer': 892})
player [YangZ] gets hole card ['S9', 'C8'], current stack 985
player [Ethan] gets hole card ['H4', 'SQ'], current stack 1029
player [HakulaPlayer] gets hole card ['C9', 'D3'], current stack 1065
player [SichengZuo] gets hole card ['H5', 'DJ'], current stack 975
player [KLChen2PokerPlayer] gets hole card ['DT', 'H6'], current stack 1099
player [Jinkun] gets hole card ['SA', 'D5'], current stack 955
player [NitWinWin] gets hole card ['DQ', 'H3'], current stack 985
player [ZPlayer] gets hole card ['HA', 'HQ'], current stack 892
Started the round 10
Street "preflop" started. (community card = [])
"KLChen2PokerPlayer" declared "call:10"
"Jinkun" declared "fold:10"
"NitWinWin" declared "fold:0"
"ZPlayer" declared "raise:15"
"YangZ" declared "fold:0"
"Ethan" declared "fold:0"
"HakulaPlayer" declared "call:15"
"SichengZuo" declared "fold:0"
"KLChen2PokerPlayer" declared "fold:0"
Street "flop" started. (community card = ['D7', 'S8', 'H8'])
"HakulaPlayer" declared "call:0"
"ZPlayer" declared "call:0"
Street "turn" started. (community card = ['D7', 'S8', 'H8', 'CK'])
"HakulaPlayer" declared "call:0"
"ZPlayer" declared "call:0"
Street "river" started. (community card = ['D7', 'S8', 'H8', 'CK', 'HT'])
"HakulaPlayer" declared "call:0"
"ZPlayer" declared "call:0"
"['ZPlayer']" won the round 10 (stack = {'YangZ': 985, 'Ethan': 1029, 'HakulaPlayer': 1055, 'SichengZuo': 975, 'KLChen2PokerPlayer': 1089, 'Jinkun': 955, 'NitWinWin': 985, 'ZPlayer': 927})
player [YangZ] gets hole card ['C6', 'S9'], current stack 985
player [Ethan] gets hole card ['HQ', 'CT'], current stack 1029
player [HakulaPlayer] gets hole card ['D3', 'D5'], current stack 1055
player [SichengZuo] gets hole card ['H5', 'DJ'], current stack 970
player [KLChen2PokerPlayer] gets hole card ['S7', 'HJ'], current stack 1079
player [Jinkun] gets hole card ['S4', 'D2'], current stack 955
player [NitWinWin] gets hole card ['SQ', 'CK'], current stack 985
player [ZPlayer] gets hole card ['C3', 'CJ'], current stack 927
Started the round 11
Street "preflop" started. (community card = [])
"Jinkun" declared "fold:10"
"NitWinWin" declared "fold:0"
"ZPlayer" declared "call:10"
"YangZ" declared "fold:0"
"Ethan" declared "fold:0"
"HakulaPlayer" declared "call:10"
"SichengZuo" declared "fold:0"
"KLChen2PokerPlayer" declared "call:10"
Street "flop" started. (community card = ['H6', 'S8', 'S2'])
"KLChen2PokerPlayer" declared "call:0"
"ZPlayer" declared "call:0"
"HakulaPlayer" declared "call:0"
Street "turn" started. (community card = ['H6', 'S8', 'S2', 'D7'])
"KLChen2PokerPlayer" declared "call:0"
"ZPlayer" declared "call:0"
"HakulaPlayer" declared "call:0"
Street "river" started. (community card = ['H6', 'S8', 'S2', 'D7', 'C7'])
"KLChen2PokerPlayer" declared "raise:158"
"ZPlayer" declared "fold:0"
"HakulaPlayer" declared "fold:0"
"['KLChen2PokerPlayer']" won the round 11 (stack = {'YangZ': 985, 'Ethan': 1029, 'HakulaPlayer': 1045, 'SichengZuo': 970, 'KLChen2PokerPlayer': 1114, 'Jinkun': 955, 'NitWinWin': 985, 'ZPlayer': 917})
player [YangZ] gets hole card ['SA', 'D6'], current stack 985
player [Ethan] gets hole card ['C5', 'S2'], current stack 1029
player [HakulaPlayer] gets hole card ['H2', 'CT'], current stack 1045
player [SichengZuo] gets hole card ['D3', 'HA'], current stack 970
player [KLChen2PokerPlayer] gets hole card ['C9', 'DJ'], current stack 1109
player [Jinkun] gets hole card ['H7', 'D8'], current stack 945
player [NitWinWin] gets hole card ['C2', 'H5'], current stack 985
player [ZPlayer] gets hole card ['S4', 'C6'], current stack 917
Started the round 12
Street "preflop" started. (community card = [])
"NitWinWin" declared "fold:0"
"ZPlayer" declared "call:10"
"YangZ" declared "fold:0"
"Ethan" declared "fold:0"
"HakulaPlayer" declared "call:10"
"SichengZuo" declared "fold:0"
"KLChen2PokerPlayer" declared "raise:16"
"Jinkun" declared "fold:16"
"ZPlayer" declared "call:16"
"HakulaPlayer" declared "call:16"
Street "flop" started. (community card = ['C4', 'S9', 'HJ'])
"KLChen2PokerPlayer" declared "raise:26"
"ZPlayer" declared "fold:0"
"HakulaPlayer" declared "fold:0"
"['KLChen2PokerPlayer']" won the round 12 (stack = {'YangZ': 985, 'Ethan': 1029, 'HakulaPlayer': 1029, 'SichengZuo': 970, 'KLChen2PokerPlayer': 1156, 'Jinkun': 945, 'NitWinWin': 985, 'ZPlayer': 901})
player [YangZ] gets hole card ['DJ', 'H6'], current stack 985
player [Ethan] gets hole card ['DK', 'C3'], current stack 1029
player [HakulaPlayer] gets hole card ['C7', 'D3'], current stack 1029
player [SichengZuo] gets hole card ['S7', 'CK'], current stack 970
player [KLChen2PokerPlayer] gets hole card ['C5', 'H7'], current stack 1156
player [Jinkun] gets hole card ['C8', 'D5'], current stack 940
player [NitWinWin] gets hole card ['S3', 'D9'], current stack 975
player [ZPlayer] gets hole card ['SJ', 'SA'], current stack 901
Started the round 13
Street "preflop" started. (community card = [])
"ZPlayer" declared "raise:15"
"YangZ" declared "fold:0"
"Ethan" declared "fold:0"
"HakulaPlayer" declared "fold:0"
"SichengZuo" declared "fold:0"
"KLChen2PokerPlayer" declared "fold:0"
"Jinkun" declared "fold:15"
"NitWinWin" declared "fold:0"
"['ZPlayer']" won the round 13 (stack = {'YangZ': 985, 'Ethan': 1029, 'HakulaPlayer': 1029, 'SichengZuo': 970, 'KLChen2PokerPlayer': 1156, 'Jinkun': 940, 'NitWinWin': 975, 'ZPlayer': 916})
player [YangZ] gets hole card ['D6', 'DT'], current stack 985
player [Ethan] gets hole card ['HQ', 'S9'], current stack 1029
player [HakulaPlayer] gets hole card ['CJ', 'S4'], current stack 1029
player [SichengZuo] gets hole card ['S8', 'D8'], current stack 970
player [KLChen2PokerPlayer] gets hole card ['DA', 'H7'], current stack 1156
player [Jinkun] gets hole card ['ST', 'S3'], current stack 940
player [NitWinWin] gets hole card ['DQ', 'H8'], current stack 970
player [ZPlayer] gets hole card ['D7', 'C7'], current stack 906
Started the round 14
Street "preflop" started. (community card = [])
"YangZ" declared "fold:0"
"Ethan" declared "fold:0"
"HakulaPlayer" declared "fold:0"
"SichengZuo" declared "fold:0"
"KLChen2PokerPlayer" declared "raise:22"
"Jinkun" declared "fold:22"
"NitWinWin" declared "fold:0"
"ZPlayer" declared "call:22"
Street "flop" started. (community card = ['CQ', 'D4', 'SA'])
"ZPlayer" declared "call:0"
"KLChen2PokerPlayer" declared "raise:23"
"ZPlayer" declared "fold:0"
"['KLChen2PokerPlayer']" won the round 14 (stack = {'YangZ': 985, 'Ethan': 1029, 'HakulaPlayer': 1029, 'SichengZuo': 970, 'KLChen2PokerPlayer': 1183, 'Jinkun': 940, 'NitWinWin': 970, 'ZPlayer': 894})
player [YangZ] gets hole card ['CA', 'HT'], current stack 975
player [Ethan] gets hole card ['C8', 'H3'], current stack 1029
player [HakulaPlayer] gets hole card ['H2', 'C5'], current stack 1029
player [SichengZuo] gets hole card ['C9', 'DT'], current stack 970
player [KLChen2PokerPlayer] gets hole card ['C4', 'C7'], current stack 1183
player [Jinkun] gets hole card ['D3', 'D4'], current stack 940
player [NitWinWin] gets hole card ['S5', 'DJ'], current stack 970
player [ZPlayer] gets hole card ['D9', 'CK'], current stack 889
Started the round 15
Street "preflop" started. (community card = [])
"Ethan" declared "fold:0"
"HakulaPlayer" declared "fold:0"
"SichengZuo" declared "fold:0"
"KLChen2PokerPlayer" declared "fold:0"
"Jinkun" declared "call:10"
"NitWinWin" declared "fold:0"
"ZPlayer" declared "raise:15"
"YangZ" declared "fold:0"
"Jinkun" declared "fold:15"
"['ZPlayer']" won the round 15 (stack = {'YangZ': 975, 'Ethan': 1029, 'HakulaPlayer': 1029, 'SichengZuo': 970, 'KLChen2PokerPlayer': 1183, 'Jinkun': 930, 'NitWinWin': 970, 'ZPlayer': 914})
player [YangZ] gets hole card ['C2', 'S9'], current stack 970
player [Ethan] gets hole card ['D8', 'C4'], current stack 1019
player [HakulaPlayer] gets hole card ['D7', 'S7'], current stack 1029
player [SichengZuo] gets hole card ['H8', 'D5'], current stack 970
player [KLChen2PokerPlayer] gets hole card ['S2', 'H3'], current stack 1183
player [Jinkun] gets hole card ['SK', 'HK'], current stack 930
player [NitWinWin] gets hole card ['H9', 'ST'], current stack 970
player [ZPlayer] gets hole card ['C7', 'C6'], current stack 914
Started the round 16
Street "preflop" started. (community card = [])
"HakulaPlayer" declared "call:10"
"SichengZuo" declared "fold:0"
"KLChen2PokerPlayer" declared "fold:0"
"Jinkun" declared "call:10"
"NitWinWin" declared "fold:0"
"ZPlayer" declared "call:10"
"YangZ" declared "fold:0"
"Ethan" declared "fold:0"
Street "flop" started. (community card = ['CJ', 'SA', 'S5'])
"HakulaPlayer" declared "call:0"
"Jinkun" declared "call:0"
"ZPlayer" declared "call:0"
Street "turn" started. (community card = ['CJ', 'SA', 'S5', 'C5'])
"HakulaPlayer" declared "call:0"
"Jinkun" declared "call:0"
"ZPlayer" declared "call:0"
Street "river" started. (community card = ['CJ', 'SA', 'S5', 'C5', 'HA'])
"HakulaPlayer" declared "call:0"
"Jinkun" declared "call:0"
"ZPlayer" declared "call:0"
"['Jinkun']" won the round 16 (stack = {'YangZ': 970, 'Ethan': 1019, 'HakulaPlayer': 1019, 'SichengZuo': 970, 'KLChen2PokerPlayer': 1183, 'Jinkun': 965, 'NitWinWin': 970, 'ZPlayer': 904})
player [YangZ] gets hole card ['C4', 'CT'], current stack 970
player [Ethan] gets hole card ['S8', 'SK'], current stack 1014
player [HakulaPlayer] gets hole card ['D7', 'S5'], current stack 1009
player [SichengZuo] gets hole card ['C6', 'HJ'], current stack 970
player [KLChen2PokerPlayer] gets hole card ['C9', 'D3'], current stack 1183
player [Jinkun] gets hole card ['S4', 'H5'], current stack 965
player [NitWinWin] gets hole card ['CQ', 'DK'], current stack 970
player [ZPlayer] gets hole card ['D8', 'S3'], current stack 904
Started the round 17
Street "preflop" started. (community card = [])
"SichengZuo" declared "fold:0"
"KLChen2PokerPlayer" declared "call:10"
"Jinkun" declared "fold:10"
"NitWinWin" declared "fold:0"
"ZPlayer" declared "call:10"
"YangZ" declared "fold:0"
"Ethan" declared "fold:0"
"HakulaPlayer" declared "call:10"
Street "flop" started. (community card = ['H7', 'C3', 'DT'])
"HakulaPlayer" declared "call:0"
"KLChen2PokerPlayer" declared "raise:13"
"ZPlayer" declared "fold:0"
"HakulaPlayer" declared "call:13"
Street "turn" started. (community card = ['H7', 'C3', 'DT', 'CK'])
"HakulaPlayer" declared "call:0"
"KLChen2PokerPlayer" declared "call:0"
Street "river" started. (community card = ['H7', 'C3', 'DT', 'CK', 'HK'])
"HakulaPlayer" declared "raise:67"
"KLChen2PokerPlayer" declared "fold:0"
"['HakulaPlayer']" won the round 17 (stack = {'YangZ': 970, 'Ethan': 1014, 'HakulaPlayer': 1057, 'SichengZuo': 970, 'KLChen2PokerPlayer': 1160, 'Jinkun': 965, 'NitWinWin': 970, 'ZPlayer': 894})
player [YangZ] gets hole card ['S4', 'SQ'], current stack 970
player [Ethan] gets hole card ['DA', 'CK'], current stack 1014
player [HakulaPlayer] gets hole card ['H4', 'D3'], current stack 1052
player [SichengZuo] gets hole card ['D4', 'S8'], current stack 960
player [KLChen2PokerPlayer] gets hole card ['HA', 'C8'], current stack 1160
player [Jinkun] gets hole card ['CQ', 'CT'], current stack 965
player [NitWinWin] gets hole card ['C2', 'S2'], current stack 970
player [ZPlayer] gets hole card ['ST', 'C4'], current stack 894
Started the round 18
Street "preflop" started. (community card = [])
"KLChen2PokerPlayer" declared "call:10"
"Jinkun" declared "fold:10"
"NitWinWin" declared "fold:0"
"ZPlayer" declared "call:10"
"YangZ" declared "fold:0"
"Ethan" declared "raise:304"
"HakulaPlayer" declared "fold:0"
"SichengZuo" declared "fold:0"
"KLChen2PokerPlayer" declared "fold:0"
"ZPlayer" declared "fold:0"
"['Ethan']" won the round 18 (stack = {'YangZ': 970, 'Ethan': 1049, 'HakulaPlayer': 1052, 'SichengZuo': 960, 'KLChen2PokerPlayer': 1150, 'Jinkun': 965, 'NitWinWin': 970, 'ZPlayer': 884})
player [YangZ] gets hole card ['D5', 'S7'], current stack 970
player [Ethan] gets hole card ['C7', 'HK'], current stack 1049
player [HakulaPlayer] gets hole card ['S9', 'H6'], current stack 1052
player [SichengZuo] gets hole card ['C9', 'HT'], current stack 955
player [KLChen2PokerPlayer] gets hole card ['C6', 'D8'], current stack 1140
player [Jinkun] gets hole card ['S2', 'HJ'], current stack 965
player [NitWinWin] gets hole card ['D3', 'H2'], current stack 970
player [ZPlayer] gets hole card ['DK', 'C5'], current stack 884
Started the round 19
Street "preflop" started. (community card = [])
"Jinkun" declared "fold:10"
"NitWinWin" declared "fold:0"
"ZPlayer" declared "call:10"
"YangZ" declared "fold:0"
"Ethan" declared "fold:0"
"HakulaPlayer" declared "call:10"
"SichengZuo" declared "fold:0"
"KLChen2PokerPlayer" declared "call:10"
Street "flop" started. (community card = ['SK', 'D4', 'DJ'])
"KLChen2PokerPlayer" declared "call:0"
"ZPlayer" declared "raise:35"
"HakulaPlayer" declared "fold:0"
"KLChen2PokerPlayer" declared "fold:0"
"['ZPlayer']" won the round 19 (stack = {'YangZ': 970, 'Ethan': 1049, 'HakulaPlayer': 1042, 'SichengZuo': 955, 'KLChen2PokerPlayer': 1140, 'Jinkun': 965, 'NitWinWin': 970, 'ZPlayer': 909})
player [YangZ] gets hole card ['D2', 'DQ'], current stack 970
player [Ethan] gets hole card ['D5', 'C2'], current stack 1049
player [HakulaPlayer] gets hole card ['C5', 'HA'], current stack 1042
player [SichengZuo] gets hole card ['D8', 'D7'], current stack 955
player [KLChen2PokerPlayer] gets hole card ['CK', 'C9'], current stack 1135
player [Jinkun] gets hole card ['D3', 'ST'], current stack 955
player [NitWinWin] gets hole card ['CT', 'H3'], current stack 970
player [ZPlayer] gets hole card ['S7', 'SJ'], current stack 909
Started the round 20
Street "preflop" started. (community card = [])
"NitWinWin" declared "fold:0"
"ZPlayer" declared "call:10"
"YangZ" declared "fold:0"
"Ethan" declared "fold:0"
"HakulaPlayer" declared "call:10"
"SichengZuo" declared "fold:0"
"KLChen2PokerPlayer" declared "raise:20"
"Jinkun" declared "fold:20"
"ZPlayer" declared "fold:0"
"HakulaPlayer" declared "raise:55"
"KLChen2PokerPlayer" declared "fold:0"
"['HakulaPlayer']" won the round 20 (stack = {'YangZ': 970, 'Ethan': 1049, 'HakulaPlayer': 1082, 'SichengZuo': 955, 'KLChen2PokerPlayer': 1120, 'Jinkun': 955, 'NitWinWin': 970, 'ZPlayer': 899})
player [YangZ] gets hole card ['C8', 'D7'], current stack 970
player [Ethan] gets hole card ['H6', 'H8'], current stack 1049
player [HakulaPlayer] gets hole card ['S4', 'H9'], current stack 1082
player [SichengZuo] gets hole card ['CT', 'DJ'], current stack 955
player [KLChen2PokerPlayer] gets hole card ['SQ', 'S8'], current stack 1120
player [Jinkun] gets hole card ['C6', 'C7'], current stack 950
player [NitWinWin] gets hole card ['D9', 'S9'], current stack 960
player [ZPlayer] gets hole card ['ST', 'D3'], current stack 899
Started the round 21
Street "preflop" started. (community card = [])
"ZPlayer" declared "call:10"
"YangZ" declared "fold:0"
"Ethan" declared "fold:0"
"HakulaPlayer" declared "call:10"
"SichengZuo" declared "fold:0"
"KLChen2PokerPlayer" declared "raise:16"
"Jinkun" declared "fold:16"
"NitWinWin" declared "fold:0"
"ZPlayer" declared "call:16"
"HakulaPlayer" declared "call:16"
Street "flop" started. (community card = ['S6', 'CK', 'CJ'])
"ZPlayer" declared "call:0"
"HakulaPlayer" declared "call:0"
"KLChen2PokerPlayer" declared "call:0"
Street "turn" started. (community card = ['S6', 'CK', 'CJ', 'S3'])
"ZPlayer" declared "call:0"
"HakulaPlayer" declared "call:0"
"KLChen2PokerPlayer" declared "call:0"
Street "river" started. (community card = ['S6', 'CK', 'CJ', 'S3', 'DT'])
"ZPlayer" declared "raise:63"
"HakulaPlayer" declared "fold:0"
"KLChen2PokerPlayer" declared "fold:0"
"['ZPlayer']" won the round 21 (stack = {'YangZ': 970, 'Ethan': 1049, 'HakulaPlayer': 1066, 'SichengZuo': 955, 'KLChen2PokerPlayer': 1104, 'Jinkun': 950, 'NitWinWin': 960, 'ZPlayer': 946})
player [YangZ] gets hole card ['CA', 'D2'], current stack 970
player [Ethan] gets hole card ['C4', 'C3'], current stack 1049
player [HakulaPlayer] gets hole card ['H8', 'H5'], current stack 1066
player [SichengZuo] gets hole card ['C2', 'CJ'], current stack 955
player [KLChen2PokerPlayer] gets hole card ['H3', 'DT'], current stack 1104
player [Jinkun] gets hole card ['H2', 'D8'], current stack 950
player [NitWinWin] gets hole card ['D9', 'CT'], current stack 955
player [ZPlayer] gets hole card ['SA', 'DQ'], current stack 936
Started the round 22
Street "preflop" started. (community card = [])
"YangZ" declared "fold:0"
"Ethan" declared "fold:0"
"HakulaPlayer" declared "fold:0"
"SichengZuo" declared "fold:0"
"KLChen2PokerPlayer" declared "fold:0"
"Jinkun" declared "call:10"
"NitWinWin" declared "fold:0"
"ZPlayer" declared "raise:15"
"Jinkun" declared "fold:15"
"['ZPlayer']" won the round 22 (stack = {'YangZ': 970, 'Ethan': 1049, 'HakulaPlayer': 1066, 'SichengZuo': 955, 'KLChen2PokerPlayer': 1104, 'Jinkun': 940, 'NitWinWin': 955, 'ZPlayer': 961})
player [YangZ] gets hole card ['D5', 'D7'], current stack 960
player [Ethan] gets hole card ['DA', 'H8'], current stack 1049
player [HakulaPlayer] gets hole card ['S8', 'D3'], current stack 1066
player [SichengZuo] gets hole card ['D6', 'C7'], current stack 955
player [KLChen2PokerPlayer] gets hole card ['H2', 'HJ'], current stack 1104
player [Jinkun] gets hole card ['S2', 'C2'], current stack 940
player [NitWinWin] gets hole card ['CQ', 'SK'], current stack 955
player [ZPlayer] gets hole card ['SQ', 'H9'], current stack 956
Started the round 23
Street "preflop" started. (community card = [])
"Ethan" declared "fold:0"
"HakulaPlayer" declared "raise:27"
"SichengZuo" declared "fold:0"
"KLChen2PokerPlayer" declared "fold:0"
"Jinkun" declared "fold:27"
"NitWinWin" declared "fold:0"
"ZPlayer" declared "call:27"
"YangZ" declared "fold:0"
Street "flop" started. (community card = ['H3', 'S9', 'C8'])
"ZPlayer" declared "raise:10"
"HakulaPlayer" declared "raise:72"
"ZPlayer" declared "call:72"
Street "turn" started. (community card = ['H3', 'S9', 'C8', 'CT'])
"ZPlayer" declared "raise:10"
"HakulaPlayer" declared "raise:233"
"ZPlayer" declared "fold:0"
"['HakulaPlayer']" won the round 23 (stack = {'YangZ': 960, 'Ethan': 1049, 'HakulaPlayer': 1185, 'SichengZuo': 955, 'KLChen2PokerPlayer': 1104, 'Jinkun': 940, 'NitWinWin': 955, 'ZPlayer': 852})
player [YangZ] gets hole card ['SK', 'SA'], current stack 955
player [Ethan] gets hole card ['SJ', 'D6'], current stack 1039
player [HakulaPlayer] gets hole card ['S3', 'D5'], current stack 1185
player [SichengZuo] gets hole card ['S9', 'H8'], current stack 955
player [KLChen2PokerPlayer] gets hole card ['H3', 'HK'], current stack 1104
player [Jinkun] gets hole card ['DA', 'H4'], current stack 940
player [NitWinWin] gets hole card ['DQ', 'D3'], current stack 955
player [ZPlayer] gets hole card ['S8', 'C2'], current stack 852
Started the round 24
Street "preflop" started. (community card = [])
"HakulaPlayer" declared "fold:0"
"SichengZuo" declared "fold:0"
"KLChen2PokerPlayer" declared "raise:17"
"Jinkun" declared "fold:17"
"NitWinWin" declared "fold:0"
"ZPlayer" declared "call:17"
"YangZ" declared "fold:0"
"Ethan" declared "fold:0"
Street "flop" started. (community card = ['S2', 'DK', 'C3'])
"KLChen2PokerPlayer" declared "raise:25"
"ZPlayer" declared "fold:0"
"['KLChen2PokerPlayer']" won the round 24 (stack = {'YangZ': 955, 'Ethan': 1039, 'HakulaPlayer': 1185, 'SichengZuo': 955, 'KLChen2PokerPlayer': 1136, 'Jinkun': 940, 'NitWinWin': 955, 'ZPlayer': 835})
player [YangZ] gets hole card ['DT', 'D7'], current stack 955
player [Ethan] gets hole card ['D5', 'H3'], current stack 1034
player [HakulaPlayer] gets hole card ['HQ', 'H6'], current stack 1175
player [SichengZuo] gets hole card ['S3', 'CQ'], current stack 955
player [KLChen2PokerPlayer] gets hole card ['H4', 'SJ'], current stack 1136
player [Jinkun] gets hole card ['HT', 'C7'], current stack 940
player [NitWinWin] gets hole card ['H7', 'H5'], current stack 955
player [ZPlayer] gets hole card ['HA', 'DJ'], current stack 835
Started the round 25
Street "preflop" started. (community card = [])
"SichengZuo" declared "fold:0"
"KLChen2PokerPlayer" declared "fold:0"
"Jinkun" declared "fold:10"
"NitWinWin" declared "fold:0"
"ZPlayer" declared "raise:15"
"YangZ" declared "fold:0"
"Ethan" declared "fold:0"
"HakulaPlayer" declared "call:15"
Street "flop" started. (community card = ['S4', 'HK', 'S5'])
"HakulaPlayer" declared "call:0"
"ZPlayer" declared "call:0"
Street "turn" started. (community card = ['S4', 'HK', 'S5', 'SA'])
"HakulaPlayer" declared "call:0"
"ZPlayer" declared "raise:17"
"HakulaPlayer" declared "fold:0"
"['ZPlayer']" won the round 25 (stack = {'YangZ': 955, 'Ethan': 1034, 'HakulaPlayer': 1170, 'SichengZuo': 955, 'KLChen2PokerPlayer': 1136, 'Jinkun': 940, 'NitWinWin': 955, 'ZPlayer': 855})
player [YangZ] gets hole card ['DQ', 'S6'], current stack 955
player [Ethan] gets hole card ['HQ', 'S5'], current stack 1034
player [HakulaPlayer] gets hole card ['S8', 'D2'], current stack 1165
player [SichengZuo] gets hole card ['H4', 'DJ'], current stack 945
player [KLChen2PokerPlayer] gets hole card ['D4', 'D7'], current stack 1136
player [Jinkun] gets hole card ['D9', 'DK'], current stack 940
player [NitWinWin] gets hole card ['HT', 'H9'], current stack 955
player [ZPlayer] gets hole card ['CT', 'C2'], current stack 855
Started the round 26
Street "preflop" started. (community card = [])
"KLChen2PokerPlayer" declared "fold:0"
"Jinkun" declared "fold:10"
"NitWinWin" declared "fold:0"
"ZPlayer" declared "call:10"
"YangZ" declared "fold:0"
"Ethan" declared "fold:0"
"HakulaPlayer" declared "call:10"
"SichengZuo" declared "fold:0"
Street "flop" started. (community card = ['S3', 'CQ', 'D3'])
"HakulaPlayer" declared "call:0"
"ZPlayer" declared "call:0"
Street "turn" started. (community card = ['S3', 'CQ', 'D3', 'S7'])
"HakulaPlayer" declared "call:0"
"ZPlayer" declared "call:0"
Street "river" started. (community card = ['S3', 'CQ', 'D3', 'S7', 'H8'])
"HakulaPlayer" declared "raise:34"
"ZPlayer" declared "fold:0"
"['HakulaPlayer']" won the round 26 (stack = {'YangZ': 955, 'Ethan': 1034, 'HakulaPlayer': 1190, 'SichengZuo': 945, 'KLChen2PokerPlayer': 1136, 'Jinkun': 940, 'NitWinWin': 955, 'ZPlayer': 845})
player [YangZ] gets hole card ['C3', 'H4'], current stack 955
player [Ethan] gets hole card ['SK', 'HA'], current stack 1034
player [HakulaPlayer] gets hole card ['S3', 'D2'], current stack 1190
player [SichengZuo] gets hole card ['H8', 'D9'], current stack 940
player [KLChen2PokerPlayer] gets hole card ['D4', 'S7'], current stack 1126
player [Jinkun] gets hole card ['S4', 'SJ'], current stack 940
player [NitWinWin] gets hole card ['S2', 'D7'], current stack 955
player [ZPlayer] gets hole card ['ST', 'S6'], current stack 845
Started the round 27
Street "preflop" started. (community card = [])
"Jinkun" declared "fold:10"
"NitWinWin" declared "fold:0"
"ZPlayer" declared "raise:15"
"YangZ" declared "fold:0"
"Ethan" declared "raise:310"
"HakulaPlayer" declared "fold:0"
"SichengZuo" declared "fold:0"
"KLChen2PokerPlayer" declared "fold:0"
"ZPlayer" declared "fold:0"
"['Ethan']" won the round 27 (stack = {'YangZ': 955, 'Ethan': 1064, 'HakulaPlayer': 1190, 'SichengZuo': 940, 'KLChen2PokerPlayer': 1126, 'Jinkun': 940, 'NitWinWin': 955, 'ZPlayer': 830})
player [YangZ] gets hole card ['HA', 'C7'], current stack 955
player [Ethan] gets hole card ['SQ', 'C5'], current stack 1064
player [HakulaPlayer] gets hole card ['DQ', 'H3'], current stack 1190
player [SichengZuo] gets hole card ['DA', 'CK'], current stack 940
player [KLChen2PokerPlayer] gets hole card ['ST', 'D4'], current stack 1121
player [Jinkun] gets hole card ['DT', 'D6'], current stack 930
player [NitWinWin] gets hole card ['H4', 'S8'], current stack 955
player [ZPlayer] gets hole card ['DJ', 'C3'], current stack 830
Started the round 28
Street "preflop" started. (community card = [])
"NitWinWin" declared "fold:0"
"ZPlayer" declared "call:10"
"YangZ" declared "fold:0"
"Ethan" declared "fold:0"
"HakulaPlayer" declared "call:10"
"SichengZuo" declared "fold:0"
"KLChen2PokerPlayer" declared "fold:0"
"Jinkun" declared "call:10"
Street "flop" started. (community card = ['SJ', 'CQ', 'HJ'])
"Jinkun" declared "raise:105"
"ZPlayer" declared "raise:210"
"HakulaPlayer" declared "fold:0"
"Jinkun" declared "fold:210"
"['ZPlayer']" won the round 28 (stack = {'YangZ': 955, 'Ethan': 1064, 'HakulaPlayer': 1180, 'SichengZuo': 940, 'KLChen2PokerPlayer': 1121, 'Jinkun': 825, 'NitWinWin': 955, 'ZPlayer': 960})
player [YangZ] gets hole card ['SA', 'S9'], current stack 955
player [Ethan] gets hole card ['C6', 'S6'], current stack 1064
player [HakulaPlayer] gets hole card ['S5', 'D3'], current stack 1180
player [SichengZuo] gets hole card ['DQ', 'ST'], current stack 940
player [KLChen2PokerPlayer] gets hole card ['CA', 'HJ'], current stack 1121
player [Jinkun] gets hole card ['C5', 'C9'], current stack 820
player [NitWinWin] gets hole card ['CT', 'DK'], current stack 945
player [ZPlayer] gets hole card ['S2', 'SQ'], current stack 960
Started the round 29
Street "preflop" started. (community card = [])
"ZPlayer" declared "call:10"
"YangZ" declared "fold:0"
"Ethan" declared "fold:0"
"HakulaPlayer" declared "fold:0"
"SichengZuo" declared "fold:0"
"KLChen2PokerPlayer" declared "raise:26"
"Jinkun" declared "fold:26"
"NitWinWin" declared "fold:0"
"ZPlayer" declared "call:26"
Street "flop" started. (community card = ['HA', 'D8', 'D4'])
"ZPlayer" declared "call:0"
"KLChen2PokerPlayer" declared "raise:27"
"ZPlayer" declared "fold:0"
"['KLChen2PokerPlayer']" won the round 29 (stack = {'YangZ': 955, 'Ethan': 1064, 'HakulaPlayer': 1180, 'SichengZuo': 940, 'KLChen2PokerPlayer': 1162, 'Jinkun': 820, 'NitWinWin': 945, 'ZPlayer': 934})
player [YangZ] gets hole card ['ST', 'DK'], current stack 955
player [Ethan] gets hole card ['C9', 'CT'], current stack 1064
player [HakulaPlayer] gets hole card ['HT', 'DJ'], current stack 1180
player [SichengZuo] gets hole card ['S3', 'H8'], current stack 940
player [KLChen2PokerPlayer] gets hole card ['SA', 'C2'], current stack 1162
player [Jinkun] gets hole card ['C3', 'S5'], current stack 820
player [NitWinWin] gets hole card ['H4', 'HJ'], current stack 940
player [ZPlayer] gets hole card ['CQ', 'S2'], current stack 924
Started the round 30
Street "preflop" started. (community card = [])
"YangZ" declared "fold:0"
"Ethan" declared "fold:0"
"HakulaPlayer" declared "call:10"
"SichengZuo" declared "fold:0"
"KLChen2PokerPlayer" declared "raise:15"
"Jinkun" declared "fold:15"
"NitWinWin" declared "fold:0"
"ZPlayer" declared "fold:0"
"HakulaPlayer" declared "raise:40"
"KLChen2PokerPlayer" declared "fold:0"
"['HakulaPlayer']" won the round 30 (stack = {'YangZ': 955, 'Ethan': 1064, 'HakulaPlayer': 1210, 'SichengZuo': 940, 'KLChen2PokerPlayer': 1147, 'Jinkun': 820, 'NitWinWin': 940, 'ZPlayer': 924})
player [YangZ] gets hole card ['DQ', 'S5'], current stack 945
player [Ethan] gets hole card ['S3', 'S2'], current stack 1064
player [HakulaPlayer] gets hole card ['C3', 'D9'], current stack 1210
player [SichengZuo] gets hole card ['CK', 'S7'], current stack 940
player [KLChen2PokerPlayer] gets hole card ['H2', 'H8'], current stack 1147
player [Jinkun] gets hole card ['S8', 'HA'], current stack 820
player [NitWinWin] gets hole card ['SJ', 'DA'], current stack 940
player [ZPlayer] gets hole card ['S9', 'D5'], current stack 919
Started the round 31
Street "preflop" started. (community card = [])
"Ethan" declared "fold:0"
"HakulaPlayer" declared "fold:0"
"SichengZuo" declared "fold:0"
"KLChen2PokerPlayer" declared "fold:0"
"Jinkun" declared "call:10"
"NitWinWin" declared "fold:0"
"ZPlayer" declared "call:10"
"YangZ" declared "fold:0"
Street "flop" started. (community card = ['CJ', 'DK', 'C8'])
"ZPlayer" declared "call:0"
"Jinkun" declared "call:0"
Street "turn" started. (community card = ['CJ', 'DK', 'C8', 'DJ'])
"ZPlayer" declared "call:0"
"Jinkun" declared "call:0"
Street "river" started. (community card = ['CJ', 'DK', 'C8', 'DJ', 'C5'])
"ZPlayer" declared "raise:10"
"Jinkun" declared "call:10"
"['Jinkun']" won the round 31 (stack = {'YangZ': 945, 'Ethan': 1064, 'HakulaPlayer': 1210, 'SichengZuo': 940, 'KLChen2PokerPlayer': 1147, 'Jinkun': 850, 'NitWinWin': 940, 'ZPlayer': 904})
player [YangZ] gets hole card ['DK', 'D7'], current stack 940
player [Ethan] gets hole card ['DT', 'H7'], current stack 1054
player [HakulaPlayer] gets hole card ['HA', 'D8'], current stack 1210
player [SichengZuo] gets hole card ['D5', 'HQ'], current stack 940
player [KLChen2PokerPlayer] gets hole card ['S5', 'H8'], current stack 1147
player [Jinkun] gets hole card ['S6', 'D6'], current stack 850
player [NitWinWin] gets hole card ['D2', 'DJ'], current stack 940
player [ZPlayer] gets hole card ['D3', 'S2'], current stack 904
Started the round 32
Street "preflop" started. (community card = [])
"HakulaPlayer" declared "call:10"
"SichengZuo" declared "fold:0"
"KLChen2PokerPlayer" declared "fold:0"
"Jinkun" declared "fold:10"
"NitWinWin" declared "fold:0"
"ZPlayer" declared "call:10"
"YangZ" declared "fold:0"
"Ethan" declared "fold:0"
Street "flop" started. (community card = ['C7', 'H9', 'C3'])
"HakulaPlayer" declared "call:0"
"ZPlayer" declared "call:0"
Street "turn" started. (community card = ['C7', 'H9', 'C3', 'S4'])
"HakulaPlayer" declared "call:0"
"ZPlayer" declared "call:0"
Street "river" started. (community card = ['C7', 'H9', 'C3', 'S4', 'H2'])
"HakulaPlayer" declared "call:0"
"ZPlayer" declared "raise:35"
"HakulaPlayer" declared "fold:0"
"['ZPlayer']" won the round 32 (stack = {'YangZ': 940, 'Ethan': 1054, 'HakulaPlayer': 1200, 'SichengZuo': 940, 'KLChen2PokerPlayer': 1147, 'Jinkun': 850, 'NitWinWin': 940, 'ZPlayer': 929})
player [YangZ] gets hole card ['C8', 'HJ'], current stack 940
player [Ethan] gets hole card ['SK', 'S9'], current stack 1049
player [HakulaPlayer] gets hole card ['S2', 'D4'], current stack 1190
player [SichengZuo] gets hole card ['HT', 'H2'], current stack 940
player [KLChen2PokerPlayer] gets hole card ['C5', 'S8'], current stack 1147
player [Jinkun] gets hole card ['CJ', 'H8'], current stack 850
player [NitWinWin] gets hole card ['H5', 'HK'], current stack 940
player [ZPlayer] gets hole card ['D8', 'DT'], current stack 929
Started the round 33
Street "preflop" started. (community card = [])
"SichengZuo" declared "fold:0"
"KLChen2PokerPlayer" declared "fold:0"
"Jinkun" declared "fold:10"
"NitWinWin" declared "fold:0"
"ZPlayer" declared "raise:15"
"YangZ" declared "fold:0"
"Ethan" declared "call:15"
"HakulaPlayer" declared "fold:0"
Street "flop" started. (community card = ['H4', 'D2', 'S3'])
"Ethan" declared "call:0"
"ZPlayer" declared "call:0"
Street "turn" started. (community card = ['H4', 'D2', 'S3', 'SA'])
"Ethan" declared "raise:40"
"ZPlayer" declared "fold:0"
"['Ethan']" won the round 33 (stack = {'YangZ': 940, 'Ethan': 1079, 'HakulaPlayer': 1190, 'SichengZuo': 940, 'KLChen2PokerPlayer': 1147, 'Jinkun': 850, 'NitWinWin': 940, 'ZPlayer': 914})
player [YangZ] gets hole card ['C7', 'HT'], current stack 940
player [Ethan] gets hole card ['D4', 'H5'], current stack 1079
player [HakulaPlayer] gets hole card ['S8', 'D7'], current stack 1185
player [SichengZuo] gets hole card ['S4', 'SJ'], current stack 930
player [KLChen2PokerPlayer] gets hole card ['C3', 'H9'], current stack 1147
player [Jinkun] gets hole card ['HA', 'C5'], current stack 850
player [NitWinWin] gets hole card ['HK', 'S3'], current stack 940
player [ZPlayer] gets hole card ['DA', 'SQ'], current stack 914
Started the round 34
Street "preflop" started. (community card = [])
"KLChen2PokerPlayer" declared "raise:18"
"Jinkun" declared "fold:18"
"NitWinWin" declared "fold:0"
"ZPlayer" declared "call:18"
"YangZ" declared "fold:0"
"Ethan" declared "fold:0"
"HakulaPlayer" declared "call:18"
"SichengZuo" declared "fold:0"
Street "flop" started. (community card = ['D2', 'C4', 'CT'])
"HakulaPlayer" declared "call:0"
"KLChen2PokerPlayer" declared "call:0"
"ZPlayer" declared "call:0"
Street "turn" started. (community card = ['D2', 'C4', 'CT', 'CK'])
"HakulaPlayer" declared "call:0"
"KLChen2PokerPlayer" declared "call:0"
"ZPlayer" declared "call:0"
Street "river" started. (community card = ['D2', 'C4', 'CT', 'CK', 'S7'])
"HakulaPlayer" declared "call:0"
"KLChen2PokerPlayer" declared "call:0"
"ZPlayer" declared "call:0"
"['HakulaPlayer']" won the round 34 (stack = {'YangZ': 940, 'Ethan': 1079, 'HakulaPlayer': 1236, 'SichengZuo': 930, 'KLChen2PokerPlayer': 1129, 'Jinkun': 850, 'NitWinWin': 940, 'ZPlayer': 896})
player [YangZ] gets hole card ['C4', 'D7'], current stack 940
player [Ethan] gets hole card ['HQ', 'DQ'], current stack 1079
player [HakulaPlayer] gets hole card ['H9', 'DK'], current stack 1236
player [SichengZuo] gets hole card ['CQ', 'C2'], current stack 925
player [KLChen2PokerPlayer] gets hole card ['HA', 'H8'], current stack 1119
player [Jinkun] gets hole card ['H4', 'CK'], current stack 850
player [NitWinWin] gets hole card ['DA', 'S3'], current stack 940
player [ZPlayer] gets hole card ['S7', 'D9'], current stack 896
Started the round 35
Street "preflop" started. (community card = [])
"Jinkun" declared "fold:10"
"NitWinWin" declared "fold:0"
"ZPlayer" declared "fold:0"
"YangZ" declared "fold:0"
"Ethan" declared "raise:323"
"HakulaPlayer" declared "fold:0"
"SichengZuo" declared "fold:0"
"KLChen2PokerPlayer" declared "fold:0"
"['Ethan']" won the round 35 (stack = {'YangZ': 940, 'Ethan': 1094, 'HakulaPlayer': 1236, 'SichengZuo': 925, 'KLChen2PokerPlayer': 1119, 'Jinkun': 850, 'NitWinWin': 940, 'ZPlayer': 896})
player [YangZ] gets hole card ['HQ', 'CA'], current stack 940
player [Ethan] gets hole card ['DT', 'D2'], current stack 1094
player [HakulaPlayer] gets hole card ['S5', 'S7'], current stack 1236
player [SichengZuo] gets hole card ['DK', 'D6'], current stack 925
player [KLChen2PokerPlayer] gets hole card ['C3', 'C9'], current stack 1114
player [Jinkun] gets hole card ['D7', 'SA'], current stack 840
player [NitWinWin] gets hole card ['H3', 'H5'], current stack 940
player [ZPlayer] gets hole card ['CT', 'SQ'], current stack 896
Started the round 36
Street "preflop" started. (community card = [])
"NitWinWin" declared "fold:0"
"ZPlayer" declared "raise:15"
"YangZ" declared "fold:0"
"Ethan" declared "fold:0"
"HakulaPlayer" declared "fold:0"
"SichengZuo" declared "fold:0"
"KLChen2PokerPlayer" declared "fold:0"
"Jinkun" declared "call:15"
Street "flop" started. (community card = ['H8', 'DA', 'S4'])
"Jinkun" declared "raise:14"
"ZPlayer" declared "fold:0"
"['Jinkun']" won the round 36 (stack = {'YangZ': 940, 'Ethan': 1094, 'HakulaPlayer': 1236, 'SichengZuo': 925, 'KLChen2PokerPlayer': 1114, 'Jinkun': 870, 'NitWinWin': 940, 'ZPlayer': 881})
player [YangZ] gets hole card ['C5', 'C7'], current stack 940
player [Ethan] gets hole card ['H8', 'D8'], current stack 1094
player [HakulaPlayer] gets hole card ['D7', 'C4'], current stack 1236
player [SichengZuo] gets hole card ['S4', 'H5'], current stack 925
player [KLChen2PokerPlayer] gets hole card ['D2', 'S3'], current stack 1114
player [Jinkun] gets hole card ['H4', 'ST'], current stack 865
player [NitWinWin] gets hole card ['SJ', 'D4'], current stack 930
player [ZPlayer] gets hole card ['S5', 'H2'], current stack 881
Started the round 37
Street "preflop" started. (community card = [])
"ZPlayer" declared "call:10"
"YangZ" declared "fold:0"
"Ethan" declared "call:10"
"HakulaPlayer" declared "call:10"
"SichengZuo" declared "fold:0"
"KLChen2PokerPlayer" declared "fold:0"
"Jinkun" declared "fold:10"
"NitWinWin" declared "fold:0"
Street "flop" started. (community card = ['D3', 'DA', 'C8'])
"ZPlayer" declared "call:0"
"Ethan" declared "raise:390"
"HakulaPlayer" declared "fold:0"
"ZPlayer" declared "fold:0"
"['Ethan']" won the round 37 (stack = {'YangZ': 940, 'Ethan': 1129, 'HakulaPlayer': 1226, 'SichengZuo': 925, 'KLChen2PokerPlayer': 1114, 'Jinkun': 865, 'NitWinWin': 930, 'ZPlayer': 871})
player [YangZ] gets hole card ['H6', 'D9'], current stack 940
player [Ethan] gets hole card ['D8', 'CT'], current stack 1129
player [HakulaPlayer] gets hole card ['H7', 'C4'], current stack 1226
player [SichengZuo] gets hole card ['SA', 'DK'], current stack 925
player [KLChen2PokerPlayer] gets hole card ['CJ', 'D3'], current stack 1114
player [Jinkun] gets hole card ['S2', 'D2'], current stack 865
player [NitWinWin] gets hole card ['SK', 'H2'], current stack 925
player [ZPlayer] gets hole card ['DA', 'HT'], current stack 861
Started the round 38
Street "preflop" started. (community card = [])
"YangZ" declared "fold:0"
"Ethan" declared "fold:0"
"HakulaPlayer" declared "raise:33"
"SichengZuo" declared "fold:0"
"KLChen2PokerPlayer" declared "fold:0"
"Jinkun" declared "fold:33"
"NitWinWin" declared "fold:0"
"ZPlayer" declared "fold:0"
"['HakulaPlayer']" won the round 38 (stack = {'YangZ': 940, 'Ethan': 1129, 'HakulaPlayer': 1241, 'SichengZuo': 925, 'KLChen2PokerPlayer': 1114, 'Jinkun': 865, 'NitWinWin': 925, 'ZPlayer': 861})
player [YangZ] gets hole card ['DT', 'DA'], current stack 930
player [Ethan] gets hole card ['C4', 'S9'], current stack 1129
player [HakulaPlayer] gets hole card ['SQ', 'CK'], current stack 1241
player [SichengZuo] gets hole card ['H4', 'HA'], current stack 925
player [KLChen2PokerPlayer] gets hole card ['HK', 'H8'], current stack 1114
player [Jinkun] gets hole card ['ST', 'C5'], current stack 865
player [NitWinWin] gets hole card ['C9', 'H3'], current stack 925
player [ZPlayer] gets hole card ['DK', 'S7'], current stack 856
Started the round 39
Street "preflop" started. (community card = [])
"Ethan" declared "fold:0"
"HakulaPlayer" declared "call:10"
"SichengZuo" declared "fold:0"
"KLChen2PokerPlayer" declared "raise:15"
"Jinkun" declared "fold:15"
"NitWinWin" declared "fold:0"
"ZPlayer" declared "call:15"
"YangZ" declared "fold:0"
"HakulaPlayer" declared "call:15"
Street "flop" started. (community card = ['H6', 'C7', 'H9'])
"ZPlayer" declared "raise:10"
"HakulaPlayer" declared "fold:0"
"KLChen2PokerPlayer" declared "raise:24"
"ZPlayer" declared "fold:0"
"['KLChen2PokerPlayer']" won the round 39 (stack = {'YangZ': 930, 'Ethan': 1129, 'HakulaPlayer': 1226, 'SichengZuo': 925, 'KLChen2PokerPlayer': 1164, 'Jinkun': 865, 'NitWinWin': 925, 'ZPlayer': 836})
player [YangZ] gets hole card ['HK', 'S3'], current stack 925
player [Ethan] gets hole card ['H5', 'HQ'], current stack 1119
player [HakulaPlayer] gets hole card ['H4', 'H8'], current stack 1226
player [SichengZuo] gets hole card ['H9', 'D7'], current stack 925
player [KLChen2PokerPlayer] gets hole card ['DT', 'S8'], current stack 1164
player [Jinkun] gets hole card ['C2', 'ST'], current stack 865
player [NitWinWin] gets hole card ['C9', 'HJ'], current stack 925
player [ZPlayer] gets hole card ['D6', 'S6'], current stack 836
Started the round 40
Street "preflop" started. (community card = [])
"HakulaPlayer" declared "fold:0"
"SichengZuo" declared "fold:0"
"KLChen2PokerPlayer" declared "call:10"
"Jinkun" declared "fold:10"
"NitWinWin" declared "fold:0"
"ZPlayer" declared "raise:15"
"YangZ" declared "fold:0"
"Ethan" declared "fold:0"
"KLChen2PokerPlayer" declared "call:15"
Street "flop" started. (community card = ['SJ', 'H2', 'CQ'])
"KLChen2PokerPlayer" declared "call:0"
"ZPlayer" declared "call:0"
Street "turn" started. (community card = ['SJ', 'H2', 'CQ', 'DK'])
"KLChen2PokerPlayer" declared "call:0"
"ZPlayer" declared "call:0"
Street "river" started. (community card = ['SJ', 'H2', 'CQ', 'DK', 'D8'])
"KLChen2PokerPlayer" declared "call:0"
"ZPlayer" declared "call:0"
"['KLChen2PokerPlayer']" won the round 40 (stack = {'YangZ': 925, 'Ethan': 1119, 'HakulaPlayer': 1226, 'SichengZuo': 925, 'KLChen2PokerPlayer': 1194, 'Jinkun': 865, 'NitWinWin': 925, 'ZPlayer': 821})
player [YangZ] gets hole card ['H9', 'HK'], current stack 925
player [Ethan] gets hole card ['S6', 'ST'], current stack 1114
player [HakulaPlayer] gets hole card ['S2', 'D4'], current stack 1216
player [SichengZuo] gets hole card ['D8', 'CA'], current stack 925
player [KLChen2PokerPlayer] gets hole card ['C6', 'C7'], current stack 1194
player [Jinkun] gets hole card ['C5', 'C4'], current stack 865
player [NitWinWin] gets hole card ['DK', 'HQ'], current stack 925
player [ZPlayer] gets hole card ['CQ', 'H5'], current stack 821
Started the round 41
Street "preflop" started. (community card = [])
"SichengZuo" declared "fold:0"
"KLChen2PokerPlayer" declared "raise:25"
"Jinkun" declared "fold:25"
"NitWinWin" declared "fold:0"
"ZPlayer" declared "call:25"
"YangZ" declared "fold:0"
"Ethan" declared "fold:0"
"HakulaPlayer" declared "fold:0"
Street "flop" started. (community card = ['S7', 'SA', 'DQ'])
"KLChen2PokerPlayer" declared "raise:19"
"ZPlayer" declared "call:19"
Street "turn" started. (community card = ['S7', 'SA', 'DQ', 'SK'])
"KLChen2PokerPlayer" declared "call:0"
"ZPlayer" declared "call:0"
Street "river" started. (community card = ['S7', 'SA', 'DQ', 'SK', 'DJ'])
"KLChen2PokerPlayer" declared "call:0"
"ZPlayer" declared "call:0"
"['ZPlayer']" won the round 41 (stack = {'YangZ': 925, 'Ethan': 1114, 'HakulaPlayer': 1216, 'SichengZuo': 925, 'KLChen2PokerPlayer': 1150, 'Jinkun': 865, 'NitWinWin': 925, 'ZPlayer': 880})
player [YangZ] gets hole card ['SJ', 'CK'], current stack 925
player [Ethan] gets hole card ['D7', 'DQ'], current stack 1114
player [HakulaPlayer] gets hole card ['DJ', 'SK'], current stack 1211
player [SichengZuo] gets hole card ['C4', 'DA'], current stack 915
player [KLChen2PokerPlayer] gets hole card ['H8', 'HJ'], current stack 1150
player [Jinkun] gets hole card ['C3', 'D2'], current stack 865
player [NitWinWin] gets hole card ['D5', 'S7'], current stack 925
player [ZPlayer] gets hole card ['S6', 'D8'], current stack 880
Started the round 42
Street "preflop" started. (community card = [])
"KLChen2PokerPlayer" declared "raise:28"
"Jinkun" declared "fold:28"
"NitWinWin" declared "fold:0"
"ZPlayer" declared "call:28"
"YangZ" declared "fold:0"
"Ethan" declared "fold:0"
"HakulaPlayer" declared "call:28"
"SichengZuo" declared "fold:0"
Street "flop" started. (community card = ['HQ', 'D6', 'DT'])
"HakulaPlayer" declared "call:0"
"KLChen2PokerPlayer" declared "call:0"
"ZPlayer" declared "raise:10"
"HakulaPlayer" declared "call:10"
"KLChen2PokerPlayer" declared "fold:0"
Street "turn" started. (community card = ['HQ', 'D6', 'DT', 'S8'])
"HakulaPlayer" declared "call:0"
"ZPlayer" declared "raise:10"
"HakulaPlayer" declared "call:10"
Street "river" started. (community card = ['HQ', 'D6', 'DT', 'S8', 'CQ'])
"HakulaPlayer" declared "call:0"
"ZPlayer" declared "raise:10"
"HakulaPlayer" declared "call:10"
"['ZPlayer']" won the round 42 (stack = {'YangZ': 925, 'Ethan': 1114, 'HakulaPlayer': 1158, 'SichengZuo': 915, 'KLChen2PokerPlayer': 1122, 'Jinkun': 865, 'NitWinWin': 925, 'ZPlayer': 976})
player [YangZ] gets hole card ['C8', 'DJ'], current stack 925
player [Ethan] gets hole card ['H4', 'S5'], current stack 1114
player [HakulaPlayer] gets hole card ['H7', 'SA'], current stack 1158
player [SichengZuo] gets hole card ['DQ', 'HT'], current stack 910
player [KLChen2PokerPlayer] gets hole card ['H2', 'SQ'], current stack 1112
player [Jinkun] gets hole card ['H6', 'C7'], current stack 865
player [NitWinWin] gets hole card ['HJ', 'DA'], current stack 925
player [ZPlayer] gets hole card ['C3', 'C6'], current stack 976
Started the round 43
Street "preflop" started. (community card = [])
"Jinkun" declared "fold:10"
"NitWinWin" declared "fold:0"
"ZPlayer" declared "call:10"
"YangZ" declared "fold:0"
"Ethan" declared "fold:0"
"HakulaPlayer" declared "raise:39"
"SichengZuo" declared "fold:0"
"KLChen2PokerPlayer" declared "fold:0"
"ZPlayer" declared "call:39"
Street "flop" started. (community card = ['HA', 'H5', 'S4'])
"ZPlayer" declared "call:0"
"HakulaPlayer" declared "call:0"
Street "turn" started. (community card = ['HA', 'H5', 'S4', 'D9'])
"ZPlayer" declared "call:0"
"HakulaPlayer" declared "call:0"
Street "river" started. (community card = ['HA', 'H5', 'S4', 'D9', 'SJ'])
"ZPlayer" declared "call:0"
"HakulaPlayer" declared "raise:139"
"ZPlayer" declared "fold:0"
"['HakulaPlayer']" won the round 43 (stack = {'YangZ': 925, 'Ethan': 1114, 'HakulaPlayer': 1212, 'SichengZuo': 910, 'KLChen2PokerPlayer': 1112, 'Jinkun': 865, 'NitWinWin': 925, 'ZPlayer': 937})
player [YangZ] gets hole card ['CT', 'H3'], current stack 925
player [Ethan] gets hole card ['H5', 'HT'], current stack 1114
player [HakulaPlayer] gets hole card ['SQ', 'H4'], current stack 1212
player [SichengZuo] gets hole card ['SA', 'S5'], current stack 910
player [KLChen2PokerPlayer] gets hole card ['DA', 'C6'], current stack 1107
player [Jinkun] gets hole card ['CQ', 'DJ'], current stack 855
player [NitWinWin] gets hole card ['HJ', 'C7'], current stack 925
player [ZPlayer] gets hole card ['CK', 'H9'], current stack 937
Started the round 44
Street "preflop" started. (community card = [])
"NitWinWin" declared "fold:0"
"ZPlayer" declared "call:10"
"YangZ" declared "fold:0"
"Ethan" declared "fold:0"
"HakulaPlayer" declared "call:10"
"SichengZuo" declared "fold:0"
"KLChen2PokerPlayer" declared "raise:15"
"Jinkun" declared "fold:15"
"ZPlayer" declared "call:15"
"HakulaPlayer" declared "call:15"
Street "flop" started. (community card = ['S6', 'D8', 'S7'])
"KLChen2PokerPlayer" declared "raise:17"
"ZPlayer" declared "fold:0"
"HakulaPlayer" declared "call:17"
Street "turn" started. (community card = ['S6', 'D8', 'S7', 'H7'])
"KLChen2PokerPlayer" declared "raise:89"
"HakulaPlayer" declared "fold:0"
"['KLChen2PokerPlayer']" won the round 44 (stack = {'YangZ': 925, 'Ethan': 1114, 'HakulaPlayer': 1180, 'SichengZuo': 910, 'KLChen2PokerPlayer': 1169, 'Jinkun': 855, 'NitWinWin': 925, 'ZPlayer': 922})
player [YangZ] gets hole card ['CJ', 'H8'], current stack 925
player [Ethan] gets hole card ['D2', 'C8'], current stack 1114
player [HakulaPlayer] gets hole card ['HT', 'H3'], current stack 1180
player [SichengZuo] gets hole card ['S9', 'DQ'], current stack 910
player [KLChen2PokerPlayer] gets hole card ['D5', 'D6'], current stack 1169
player [Jinkun] gets hole card ['SK', 'HA'], current stack 850
player [NitWinWin] gets hole card ['CT', 'C9'], current stack 915
player [ZPlayer] gets hole card ['S4', 'S8'], current stack 922
Started the round 45
Street "preflop" started. (community card = [])
"ZPlayer" declared "call:10"
"YangZ" declared "fold:0"
"Ethan" declared "fold:0"
"HakulaPlayer" declared "call:10"
"SichengZuo" declared "fold:0"
"KLChen2PokerPlayer" declared "call:10"
"Jinkun" declared "call:10"
"NitWinWin" declared "fold:0"
Street "flop" started. (community card = ['D3', 'HQ', 'H4'])
"Jinkun" declared "call:0"
"ZPlayer" declared "raise:10"
"HakulaPlayer" declared "call:10"
"KLChen2PokerPlayer" declared "raise:29"
"Jinkun" declared "fold:29"
"ZPlayer" declared "fold:0"
"HakulaPlayer" declared "call:29"
Street "turn" started. (community card = ['D3', 'HQ', 'H4', 'C3'])
"HakulaPlayer" declared "raise:183"
"KLChen2PokerPlayer" declared "fold:0"
"['HakulaPlayer']" won the round 45 (stack = {'YangZ': 925, 'Ethan': 1114, 'HakulaPlayer': 1259, 'SichengZuo': 910, 'KLChen2PokerPlayer': 1130, 'Jinkun': 845, 'NitWinWin': 915, 'ZPlayer': 902})
player [YangZ] gets hole card ['SA', 'S4'], current stack 925
player [Ethan] gets hole card ['D9', 'ST'], current stack 1114
player [HakulaPlayer] gets hole card ['D5', 'H7'], current stack 1259
player [SichengZuo] gets hole card ['H9', 'HT'], current stack 910
player [KLChen2PokerPlayer] gets hole card ['D7', 'SK'], current stack 1130
player [Jinkun] gets hole card ['CK', 'SJ'], current stack 845
player [NitWinWin] gets hole card ['H2', 'D4'], current stack 910
player [ZPlayer] gets hole card ['HA', 'S5'], current stack 892
Started the round 46
Street "preflop" started. (community card = [])
"YangZ" declared "fold:0"
"Ethan" declared "fold:0"
"HakulaPlayer" declared "fold:0"
"SichengZuo" declared "fold:0"
"KLChen2PokerPlayer" declared "raise:23"
"Jinkun" declared "fold:23"
"NitWinWin" declared "fold:0"
"ZPlayer" declared "call:23"
Street "flop" started. (community card = ['H5', 'SQ', 'S7'])
"ZPlayer" declared "call:0"
"KLChen2PokerPlayer" declared "raise:37"
"ZPlayer" declared "fold:0"
"['KLChen2PokerPlayer']" won the round 46 (stack = {'YangZ': 925, 'Ethan': 1114, 'HakulaPlayer': 1259, 'SichengZuo': 910, 'KLChen2PokerPlayer': 1158, 'Jinkun': 845, 'NitWinWin': 910, 'ZPlayer': 879})
player [YangZ] gets hole card ['CQ', 'HQ'], current stack 915
player [Ethan] gets hole card ['CT', 'DK'], current stack 1114
player [HakulaPlayer] gets hole card ['C6', 'HJ'], current stack 1259
player [SichengZuo] gets hole card ['H8', 'S2'], current stack 910
player [KLChen2PokerPlayer] gets hole card ['HT', 'D2'], current stack 1158
player [Jinkun] gets hole card ['D6', 'H2'], current stack 845
player [NitWinWin] gets hole card ['S4', 'S8'], current stack 910
player [ZPlayer] gets hole card ['D8', 'HA'], current stack 874
Started the round 47
Street "preflop" started. (community card = [])
"Ethan" declared "fold:0"
"HakulaPlayer" declared "call:10"
"SichengZuo" declared "fold:0"
"KLChen2PokerPlayer" declared "fold:0"
"Jinkun" declared "fold:10"
"NitWinWin" declared "fold:0"
"ZPlayer" declared "raise:15"
"YangZ" declared "fold:0"
"HakulaPlayer" declared "call:15"
Street "flop" started. (community card = ['ST', 'DQ', 'D5'])
"ZPlayer" declared "call:0"
"HakulaPlayer" declared "raise:36"
"ZPlayer" declared "fold:0"
"['HakulaPlayer']" won the round 47 (stack = {'YangZ': 915, 'Ethan': 1114, 'HakulaPlayer': 1284, 'SichengZuo': 910, 'KLChen2PokerPlayer': 1158, 'Jinkun': 845, 'NitWinWin': 910, 'ZPlayer': 864})
player [YangZ] gets hole card ['S3', 'C7'], current stack 910
player [Ethan] gets hole card ['ST', 'D7'], current stack 1104
player [HakulaPlayer] gets hole card ['DT', 'H9'], current stack 1284
player [SichengZuo] gets hole card ['C9', 'H3'], current stack 910
player [KLChen2PokerPlayer] gets hole card ['D9', 'DK'], current stack 1158
player [Jinkun] gets hole card ['C8', 'S9'], current stack 845
player [NitWinWin] gets hole card ['C5', 'HJ'], current stack 910
player [ZPlayer] gets hole card ['CJ', 'H4'], current stack 864
Started the round 48
Street "preflop" started. (community card = [])
"HakulaPlayer" declared "call:10"
"SichengZuo" declared "fold:0"
"KLChen2PokerPlayer" declared "raise:16"
"Jinkun" declared "fold:16"
"NitWinWin" declared "fold:0"
"ZPlayer" declared "call:16"
"YangZ" declared "fold:0"
"Ethan" declared "fold:0"
"HakulaPlayer" declared "call:16"
Street "flop" started. (community card = ['H2', 'H8', 'D2'])
"HakulaPlayer" declared "call:0"
"KLChen2PokerPlayer" declared "call:0"
"ZPlayer" declared "call:0"
Street "turn" started. (community card = ['H2', 'H8', 'D2', 'CT'])
"HakulaPlayer" declared "call:0"
"KLChen2PokerPlayer" declared "call:0"
"ZPlayer" declared "call:0"
Street "river" started. (community card = ['H2', 'H8', 'D2', 'CT', 'S5'])
"HakulaPlayer" declared "call:0"
"KLChen2PokerPlayer" declared "call:0"
"ZPlayer" declared "call:0"
"['HakulaPlayer']" won the round 48 (stack = {'YangZ': 910, 'Ethan': 1104, 'HakulaPlayer': 1331, 'SichengZuo': 910, 'KLChen2PokerPlayer': 1142, 'Jinkun': 845, 'NitWinWin': 910, 'ZPlayer': 848})
player [YangZ] gets hole card ['CJ', 'H3'], current stack 910
player [Ethan] gets hole card ['D2', 'D8'], current stack 1099
player [HakulaPlayer] gets hole card ['DQ', 'DT'], current stack 1321
player [SichengZuo] gets hole card ['H8', 'C5'], current stack 910
player [KLChen2PokerPlayer] gets hole card ['HJ', 'D5'], current stack 1142
player [Jinkun] gets hole card ['S9', 'H7'], current stack 845
player [NitWinWin] gets hole card ['ST', 'S7'], current stack 910
player [ZPlayer] gets hole card ['H5', 'CT'], current stack 848
Started the round 49
Street "preflop" started. (community card = [])
"SichengZuo" declared "fold:0"
"KLChen2PokerPlayer" declared "fold:0"
"Jinkun" declared "fold:10"
"NitWinWin" declared "fold:0"
"ZPlayer" declared "call:10"
"YangZ" declared "fold:0"
"Ethan" declared "fold:0"
"HakulaPlayer" declared "raise:39"
"ZPlayer" declared "call:39"
Street "flop" started. (community card = ['C3', 'SK', 'SA'])
"HakulaPlayer" declared "call:0"
"ZPlayer" declared "call:0"
Street "turn" started. (community card = ['C3', 'SK', 'SA', 'SJ'])
"HakulaPlayer" declared "raise:122"
"ZPlayer" declared "fold:0"
"['HakulaPlayer']" won the round 49 (stack = {'YangZ': 910, 'Ethan': 1099, 'HakulaPlayer': 1375, 'SichengZuo': 910, 'KLChen2PokerPlayer': 1142, 'Jinkun': 845, 'NitWinWin': 910, 'ZPlayer': 809})
player [YangZ] gets hole card ['C4', 'CJ'], current stack 910
player [Ethan] gets hole card ['S8', 'HJ'], current stack 1099
player [HakulaPlayer] gets hole card ['DK', 'HK'], current stack 1370
player [SichengZuo] gets hole card ['D2', 'DT'], current stack 900
player [KLChen2PokerPlayer] gets hole card ['H7', 'H2'], current stack 1142
player [Jinkun] gets hole card ['SJ', 'HA'], current stack 845
player [NitWinWin] gets hole card ['S7', 'C3'], current stack 910
player [ZPlayer] gets hole card ['C7', 'C8'], current stack 809
Started the round 50
Street "preflop" started. (community card = [])
"KLChen2PokerPlayer" declared "fold:0"
"Jinkun" declared "fold:10"
"NitWinWin" declared "fold:0"
"ZPlayer" declared "raise:15"
"YangZ" declared "fold:0"
"Ethan" declared "fold:0"
"HakulaPlayer" declared "raise:36"
"SichengZuo" declared "fold:0"
"ZPlayer" declared "call:36"
Street "flop" started. (community card = ['SK', 'S6', 'C6'])
"HakulaPlayer" declared "raise:119"
"ZPlayer" declared "fold:0"
"['HakulaPlayer']" won the round 50 (stack = {'YangZ': 910, 'Ethan': 1099, 'HakulaPlayer': 1421, 'SichengZuo': 900, 'KLChen2PokerPlayer': 1142, 'Jinkun': 845, 'NitWinWin': 910, 'ZPlayer': 773})

Game Results:
------------------------------------------------------------
Game 1:
Winner: HakulaPlayer (stack: 1421)
All players' stacks:
  YangZ: 910
  Ethan: 1099
  HakulaPlayer: 1421
  SichengZuo: 900
  KLChen2PokerPlayer: 1142
  Jinkun: 845
  NitWinWin: 910
  ZPlayer: 773
------------------------------------------------------------
