player [ZPlayer] gets hole card ['S5', 'C3'], current stack 1000
player [NitWinWin] gets hole card ['C2', 'S2'], current stack 995
player [Jinkun] gets hole card ['C4', 'D9'], current stack 990
player [YueShi] gets hole card ['DT', 'S4'], current stack 1000
player [JoyoPlayer] gets hole card ['D3', 'DK'], current stack 1000
player [ZifengFoldMan] gets hole card ['HQ', 'H9'], current stack 1000
player [EvanPlayer] gets hole card ['D5', 'H4'], current stack 1000
player [KLChen2PokerPlayer] gets hole card ['SJ', 'HK'], current stack 1000
Started the round 1
Street "preflop" started. (community card = [])
"YueShi" declared "fold:0"
"JoyoPlayer" declared "fold:0"
"ZifengFoldMan" declared "fold:0"
"EvanPlayer" declared "call:10"
"KLChen2PokerPlayer" declared "raise:17"
"ZPlayer" declared "fold:0"
"NitWinWin" declared "fold:0"
"Jinkun" declared "raise:30"
"EvanPlayer" declared "raise:1000"
"KLChen2PokerPlayer" declared "fold:0"
"Jinkun" declared "fold:1000"
"['EvanPlayer']" won the round 1 (stack = {'ZPlayer': 1000, 'NitWinWin': 995, 'Jinkun': 970, 'YueShi': 1000, 'JoyoPlayer': 1000, 'ZifengFoldMan': 1000, 'EvanPlayer': 1052, 'KLChen2PokerPlayer': 983})
player [ZPlayer] gets hole card ['S6', 'H7'], current stack 1000
player [NitWinWin] gets hole card ['H5', 'S5'], current stack 995
player [Jinkun] gets hole card ['S2', 'H9'], current stack 965
player [YueShi] gets hole card ['D9', 'SQ'], current stack 990
player [JoyoPlayer] gets hole card ['C7', 'S7'], current stack 1000
player [ZifengFoldMan] gets hole card ['HA', 'S3'], current stack 1000
player [EvanPlayer] gets hole card ['C2', 'SA'], current stack 1052
player [KLChen2PokerPlayer] gets hole card ['SK', 'D4'], current stack 983
Started the round 2
Street "preflop" started. (community card = [])
"JoyoPlayer" declared "raise:15"
"ZifengFoldMan" declared "fold:0"
"EvanPlayer" declared "raise:1052"
"KLChen2PokerPlayer" declared "fold:0"
"ZPlayer" declared "fold:0"
"NitWinWin" declared "fold:0"
"Jinkun" declared "fold:1052"
"YueShi" declared "fold:0"
"JoyoPlayer" declared "raise:-2"
"['EvanPlayer']" won the round 2 (stack = {'ZPlayer': 1000, 'NitWinWin': 995, 'Jinkun': 965, 'YueShi': 990, 'JoyoPlayer': 985, 'ZifengFoldMan': 1000, 'EvanPlayer': 1082, 'KLChen2PokerPlayer': 983})
player [ZPlayer] gets hole card ['D3', 'HT'], current stack 1000
player [NitWinWin] gets hole card ['C8', 'DA'], current stack 995
player [Jinkun] gets hole card ['DQ', 'S4'], current stack 965
player [YueShi] gets hole card ['S3', 'H8'], current stack 985
player [JoyoPlayer] gets hole card ['H6', 'H5'], current stack 975
player [ZifengFoldMan] gets hole card ['DJ', 'C9'], current stack 1000
player [EvanPlayer] gets hole card ['HA', 'S6'], current stack 1082
player [KLChen2PokerPlayer] gets hole card ['D4', 'CQ'], current stack 983
Started the round 3
Street "preflop" started. (community card = [])
"ZifengFoldMan" declared "fold:0"
"EvanPlayer" declared "raise:1082"
"KLChen2PokerPlayer" declared "fold:0"
"ZPlayer" declared "fold:0"
"NitWinWin" declared "fold:0"
"Jinkun" declared "fold:1082"
"YueShi" declared "fold:0"
"JoyoPlayer" declared "call:1082"
Street "flop" started. (community card = ['HQ', 'H4', 'H3'])
Street "turn" started. (community card = ['HQ', 'H4', 'H3', 'S9'])
Street "river" started. (community card = ['HQ', 'H4', 'H3', 'S9', 'C6'])
"['JoyoPlayer']" won the round 3 (stack = {'ZPlayer': 1000, 'NitWinWin': 995, 'Jinkun': 965, 'YueShi': 985, 'JoyoPlayer': 1975, 'ZifengFoldMan': 1000, 'EvanPlayer': 97, 'KLChen2PokerPlayer': 983})
player [ZPlayer] gets hole card ['H4', 'S9'], current stack 1000
player [NitWinWin] gets hole card ['H3', 'CQ'], current stack 995
player [Jinkun] gets hole card ['H2', 'D4'], current stack 965
player [YueShi] gets hole card ['S7', 'SJ'], current stack 985
player [JoyoPlayer] gets hole card ['HA', 'S5'], current stack 1970
player [ZifengFoldMan] gets hole card ['H8', 'C3'], current stack 990
player [EvanPlayer] gets hole card ['DA', 'S4'], current stack 97
player [KLChen2PokerPlayer] gets hole card ['D5', 'D8'], current stack 983
Started the round 4
Street "preflop" started. (community card = [])
"EvanPlayer" declared "raise:97"
"KLChen2PokerPlayer" declared "fold:0"
"ZPlayer" declared "fold:0"
"NitWinWin" declared "fold:0"
"Jinkun" declared "fold:97"
"YueShi" declared "fold:0"
"JoyoPlayer" declared "call:97"
"ZifengFoldMan" declared "fold:0"
Street "flop" started. (community card = ['DT', 'CJ', 'S6'])
Street "turn" started. (community card = ['DT', 'CJ', 'S6', 'CA'])
Street "river" started. (community card = ['DT', 'CJ', 'S6', 'CA', 'ST'])
"['JoyoPlayer', 'EvanPlayer']" won the round 4 (stack = {'ZPlayer': 1000, 'NitWinWin': 995, 'Jinkun': 965, 'YueShi': 985, 'JoyoPlayer': 1980, 'ZifengFoldMan': 990, 'EvanPlayer': 102, 'KLChen2PokerPlayer': 983})
player [ZPlayer] gets hole card ['SQ', 'S8'], current stack 1000
player [NitWinWin] gets hole card ['D9', 'CK'], current stack 995
player [Jinkun] gets hole card ['H7', 'SA'], current stack 965
player [YueShi] gets hole card ['HA', 'D2'], current stack 985
player [JoyoPlayer] gets hole card ['D3', 'H9'], current stack 1980
player [ZifengFoldMan] gets hole card ['C6', 'S7'], current stack 985
player [EvanPlayer] gets hole card ['C3', 'C5'], current stack 92
player [KLChen2PokerPlayer] gets hole card ['D4', 'D5'], current stack 983
Started the round 5
Street "preflop" started. (community card = [])
"KLChen2PokerPlayer" declared "raise:15"
"ZPlayer" declared "call:15"
"NitWinWin" declared "fold:0"
"Jinkun" declared "fold:15"
"YueShi" declared "fold:0"
"JoyoPlayer" declared "fold:0"
"ZifengFoldMan" declared "fold:0"
"EvanPlayer" declared "raise:102"
"KLChen2PokerPlayer" declared "fold:0"
"ZPlayer" declared "fold:0"
"['EvanPlayer']" won the round 5 (stack = {'ZPlayer': 985, 'NitWinWin': 995, 'Jinkun': 965, 'YueShi': 985, 'JoyoPlayer': 1980, 'ZifengFoldMan': 985, 'EvanPlayer': 137, 'KLChen2PokerPlayer': 968})
player [ZPlayer] gets hole card ['CJ', 'H2'], current stack 985
player [NitWinWin] gets hole card ['D9', 'SJ'], current stack 995
player [Jinkun] gets hole card ['S6', 'HQ'], current stack 965
player [YueShi] gets hole card ['S2', 'C8'], current stack 985
player [JoyoPlayer] gets hole card ['H8', 'DJ'], current stack 1980
player [ZifengFoldMan] gets hole card ['H7', 'SA'], current stack 985
player [EvanPlayer] gets hole card ['SK', 'S4'], current stack 132
player [KLChen2PokerPlayer] gets hole card ['D8', 'C9'], current stack 958
Started the round 6
Street "preflop" started. (community card = [])
"ZPlayer" declared "call:10"
"NitWinWin" declared "fold:0"
"Jinkun" declared "fold:10"
"YueShi" declared "fold:0"
"JoyoPlayer" declared "fold:0"
"ZifengFoldMan" declared "fold:0"
"EvanPlayer" declared "call:10"
"KLChen2PokerPlayer" declared "raise:19"
"ZPlayer" declared "call:19"
"EvanPlayer" declared "call:19"
Street "flop" started. (community card = ['HT', 'DA', 'D4'])
"EvanPlayer" declared "call:0"
"KLChen2PokerPlayer" declared "call:0"
"ZPlayer" declared "call:0"
Street "turn" started. (community card = ['HT', 'DA', 'D4', 'C3'])
"EvanPlayer" declared "fold:0"
"KLChen2PokerPlayer" declared "call:0"
"ZPlayer" declared "call:0"
Street "river" started. (community card = ['HT', 'DA', 'D4', 'C3', 'HK'])
"KLChen2PokerPlayer" declared "call:0"
"ZPlayer" declared "call:0"
"['ZPlayer']" won the round 6 (stack = {'ZPlayer': 1023, 'NitWinWin': 995, 'Jinkun': 965, 'YueShi': 985, 'JoyoPlayer': 1980, 'ZifengFoldMan': 985, 'EvanPlayer': 118, 'KLChen2PokerPlayer': 949})
player [ZPlayer] gets hole card ['H9', 'C8'], current stack 1013
player [NitWinWin] gets hole card ['CJ', 'H4'], current stack 995
player [Jinkun] gets hole card ['DT', 'D6'], current stack 965
player [YueShi] gets hole card ['H3', 'C6'], current stack 985
player [JoyoPlayer] gets hole card ['DQ', 'D3'], current stack 1980
player [ZifengFoldMan] gets hole card ['SK', 'D8'], current stack 985
player [EvanPlayer] gets hole card ['CQ', 'S2'], current stack 118
player [KLChen2PokerPlayer] gets hole card ['DK', 'SJ'], current stack 944
Started the round 7
Street "preflop" started. (community card = [])
"NitWinWin" declared "fold:0"
"Jinkun" declared "fold:10"
"YueShi" declared "fold:0"
"JoyoPlayer" declared "fold:0"
"ZifengFoldMan" declared "fold:0"
"EvanPlayer" declared "fold:10"
"KLChen2PokerPlayer" declared "raise:19"
"ZPlayer" declared "call:19"
Street "flop" started. (community card = ['CK', 'SQ', 'C9'])
"KLChen2PokerPlayer" declared "raise:28"
"ZPlayer" declared "call:28"
Street "turn" started. (community card = ['CK', 'SQ', 'C9', 'C3'])
"KLChen2PokerPlayer" declared "raise:198"
"ZPlayer" declared "fold:0"
"['KLChen2PokerPlayer']" won the round 7 (stack = {'ZPlayer': 976, 'NitWinWin': 995, 'Jinkun': 965, 'YueShi': 985, 'JoyoPlayer': 1980, 'ZifengFoldMan': 985, 'EvanPlayer': 118, 'KLChen2PokerPlayer': 996})
player [ZPlayer] gets hole card ['SA', 'HT'], current stack 971
player [NitWinWin] gets hole card ['DQ', 'DJ'], current stack 985
player [Jinkun] gets hole card ['H4', 'D8'], current stack 965
player [YueShi] gets hole card ['S3', 'CJ'], current stack 985
player [JoyoPlayer] gets hole card ['H6', 'SQ'], current stack 1980
player [ZifengFoldMan] gets hole card ['CQ', 'C2'], current stack 985
player [EvanPlayer] gets hole card ['S9', 'CK'], current stack 118
player [KLChen2PokerPlayer] gets hole card ['C4', 'S7'], current stack 996
Started the round 8
Street "preflop" started. (community card = [])
"Jinkun" declared "fold:10"
"YueShi" declared "fold:0"
"JoyoPlayer" declared "fold:0"
"ZifengFoldMan" declared "fold:0"
"EvanPlayer" declared "raise:118"
"KLChen2PokerPlayer" declared "fold:0"
"ZPlayer" declared "fold:0"
"NitWinWin" declared "fold:0"
"['EvanPlayer']" won the round 8 (stack = {'ZPlayer': 971, 'NitWinWin': 985, 'Jinkun': 965, 'YueShi': 985, 'JoyoPlayer': 1980, 'ZifengFoldMan': 985, 'EvanPlayer': 133, 'KLChen2PokerPlayer': 996})
player [ZPlayer] gets hole card ['DK', 'DA'], current stack 971
player [NitWinWin] gets hole card ['CJ', 'H2'], current stack 980
player [Jinkun] gets hole card ['HT', 'S5'], current stack 955
player [YueShi] gets hole card ['H3', 'DQ'], current stack 985
player [JoyoPlayer] gets hole card ['CT', 'C8'], current stack 1980
player [ZifengFoldMan] gets hole card ['C9', 'SK'], current stack 985
player [EvanPlayer] gets hole card ['H8', 'HQ'], current stack 133
player [KLChen2PokerPlayer] gets hole card ['D6', 'S9'], current stack 996
Started the round 9
Street "preflop" started. (community card = [])
"YueShi" declared "fold:0"
"JoyoPlayer" declared "fold:0"
"ZifengFoldMan" declared "fold:0"
"EvanPlayer" declared "raise:133"
"KLChen2PokerPlayer" declared "fold:0"
"ZPlayer" declared "fold:0"
"NitWinWin" declared "fold:0"
"Jinkun" declared "fold:133"
"['EvanPlayer']" won the round 9 (stack = {'ZPlayer': 971, 'NitWinWin': 980, 'Jinkun': 955, 'YueShi': 985, 'JoyoPlayer': 1980, 'ZifengFoldMan': 985, 'EvanPlayer': 148, 'KLChen2PokerPlayer': 996})
player [ZPlayer] gets hole card ['S8', 'HA'], current stack 971
player [NitWinWin] gets hole card ['DJ', 'C5'], current stack 980
player [Jinkun] gets hole card ['H5', 'CT'], current stack 950
player [YueShi] gets hole card ['SA', 'D7'], current stack 975
player [JoyoPlayer] gets hole card ['CQ', 'H8'], current stack 1980
player [ZifengFoldMan] gets hole card ['HK', 'CJ'], current stack 985
player [EvanPlayer] gets hole card ['H4', 'SQ'], current stack 148
player [KLChen2PokerPlayer] gets hole card ['SK', 'H6'], current stack 996
Started the round 10
Street "preflop" started. (community card = [])
"JoyoPlayer" declared "fold:0"
"ZifengFoldMan" declared "fold:0"
"EvanPlayer" declared "raise:148"
"KLChen2PokerPlayer" declared "fold:0"
"ZPlayer" declared "fold:0"
"NitWinWin" declared "fold:0"
"Jinkun" declared "fold:148"
"YueShi" declared "fold:0"
"['EvanPlayer']" won the round 10 (stack = {'ZPlayer': 971, 'NitWinWin': 980, 'Jinkun': 950, 'YueShi': 975, 'JoyoPlayer': 1980, 'ZifengFoldMan': 985, 'EvanPlayer': 163, 'KLChen2PokerPlayer': 996})
player [ZPlayer] gets hole card ['CK', 'CJ'], current stack 971
player [NitWinWin] gets hole card ['D5', 'S9'], current stack 980
player [Jinkun] gets hole card ['S2', 'DK'], current stack 950
player [YueShi] gets hole card ['D7', 'S7'], current stack 970
player [JoyoPlayer] gets hole card ['CT', 'H9'], current stack 1970
player [ZifengFoldMan] gets hole card ['H6', 'S3'], current stack 985
player [EvanPlayer] gets hole card ['C9', 'HT'], current stack 163
player [KLChen2PokerPlayer] gets hole card ['HQ', 'S5'], current stack 996
Started the round 11
Street "preflop" started. (community card = [])
"ZifengFoldMan" declared "fold:0"
"EvanPlayer" declared "raise:163"
"KLChen2PokerPlayer" declared "fold:0"
"ZPlayer" declared "fold:0"
"NitWinWin" declared "fold:0"
"Jinkun" declared "fold:163"
"YueShi" declared "fold:0"
"JoyoPlayer" declared "call:163"
Street "flop" started. (community card = ['H5', 'D4', 'C5'])
Street "turn" started. (community card = ['H5', 'D4', 'C5', 'S6'])
Street "river" started. (community card = ['H5', 'D4', 'C5', 'S6', 'C4'])
"['JoyoPlayer', 'EvanPlayer']" won the round 11 (stack = {'ZPlayer': 971, 'NitWinWin': 980, 'Jinkun': 950, 'YueShi': 970, 'JoyoPlayer': 1982, 'ZifengFoldMan': 985, 'EvanPlayer': 165, 'KLChen2PokerPlayer': 996})
player [ZPlayer] gets hole card ['C8', 'HK'], current stack 971
player [NitWinWin] gets hole card ['H5', 'S4'], current stack 980
player [Jinkun] gets hole card ['D9', 'S9'], current stack 950
player [YueShi] gets hole card ['C2', 'H8'], current stack 970
player [JoyoPlayer] gets hole card ['D7', 'DJ'], current stack 1977
player [ZifengFoldMan] gets hole card ['DT', 'HT'], current stack 975
player [EvanPlayer] gets hole card ['CA', 'CT'], current stack 165
player [KLChen2PokerPlayer] gets hole card ['CJ', 'D3'], current stack 996
Started the round 12
Street "preflop" started. (community card = [])
"EvanPlayer" declared "raise:165"
"KLChen2PokerPlayer" declared "fold:0"
"ZPlayer" declared "fold:0"
"NitWinWin" declared "fold:0"
"Jinkun" declared "fold:165"
"YueShi" declared "fold:0"
"JoyoPlayer" declared "raise:320"
"ZifengFoldMan" declared "fold:0"
Street "flop" started. (community card = ['DA', 'H9', 'S2'])
Street "turn" started. (community card = ['DA', 'H9', 'S2', 'S7'])
Street "river" started. (community card = ['DA', 'H9', 'S2', 'S7', 'D4'])
"['EvanPlayer']" won the round 12 (stack = {'ZPlayer': 971, 'NitWinWin': 980, 'Jinkun': 950, 'YueShi': 970, 'JoyoPlayer': 1817, 'ZifengFoldMan': 975, 'EvanPlayer': 340, 'KLChen2PokerPlayer': 996})
player [ZPlayer] gets hole card ['H4', 'H5'], current stack 971
player [NitWinWin] gets hole card ['SQ', 'C4'], current stack 980
player [Jinkun] gets hole card ['C7', 'C3'], current stack 950
player [YueShi] gets hole card ['C9', 'HK'], current stack 970
player [JoyoPlayer] gets hole card ['S3', 'DT'], current stack 1817
player [ZifengFoldMan] gets hole card ['SK', 'SJ'], current stack 970
player [EvanPlayer] gets hole card ['CA', 'H9'], current stack 330
player [KLChen2PokerPlayer] gets hole card ['HT', 'DA'], current stack 996
Started the round 13
Street "preflop" started. (community card = [])
"KLChen2PokerPlayer" declared "raise:28"
"ZPlayer" declared "call:28"
"NitWinWin" declared "fold:0"
"Jinkun" declared "fold:28"
"YueShi" declared "fold:0"
"JoyoPlayer" declared "fold:0"
"ZifengFoldMan" declared "fold:0"
"EvanPlayer" declared "raise:340"
"KLChen2PokerPlayer" declared "fold:0"
"ZPlayer" declared "fold:0"
"['EvanPlayer']" won the round 13 (stack = {'ZPlayer': 943, 'NitWinWin': 980, 'Jinkun': 950, 'YueShi': 970, 'JoyoPlayer': 1817, 'ZifengFoldMan': 970, 'EvanPlayer': 401, 'KLChen2PokerPlayer': 968})
player [ZPlayer] gets hole card ['D5', 'CQ'], current stack 943
player [NitWinWin] gets hole card ['C8', 'HA'], current stack 980
player [Jinkun] gets hole card ['SA', 'HJ'], current stack 950
player [YueShi] gets hole card ['S9', 'S5'], current stack 970
player [JoyoPlayer] gets hole card ['D7', 'S3'], current stack 1817
player [ZifengFoldMan] gets hole card ['HT', 'D3'], current stack 970
player [EvanPlayer] gets hole card ['H8', 'HK'], current stack 396
player [KLChen2PokerPlayer] gets hole card ['H9', 'CK'], current stack 958
Started the round 14
Street "preflop" started. (community card = [])
"ZPlayer" declared "call:10"
"NitWinWin" declared "fold:0"
"Jinkun" declared "fold:10"
"YueShi" declared "fold:0"
"JoyoPlayer" declared "fold:0"
"ZifengFoldMan" declared "fold:0"
"EvanPlayer" declared "call:10"
"KLChen2PokerPlayer" declared "raise:15"
"ZPlayer" declared "call:15"
"EvanPlayer" declared "call:15"
Street "flop" started. (community card = ['CT', 'H4', 'CJ'])
"EvanPlayer" declared "fold:0"
"KLChen2PokerPlayer" declared "raise:12"
"ZPlayer" declared "fold:0"
"['KLChen2PokerPlayer']" won the round 14 (stack = {'ZPlayer': 928, 'NitWinWin': 980, 'Jinkun': 950, 'YueShi': 970, 'JoyoPlayer': 1817, 'ZifengFoldMan': 970, 'EvanPlayer': 386, 'KLChen2PokerPlayer': 998})
player [ZPlayer] gets hole card ['H6', 'S5'], current stack 918
player [NitWinWin] gets hole card ['D2', 'H9'], current stack 980
player [Jinkun] gets hole card ['S8', 'DT'], current stack 950
player [YueShi] gets hole card ['SJ', 'DJ'], current stack 970
player [JoyoPlayer] gets hole card ['H7', 'D8'], current stack 1817
player [ZifengFoldMan] gets hole card ['C3', 'S9'], current stack 970
player [EvanPlayer] gets hole card ['C9', 'SK'], current stack 386
player [KLChen2PokerPlayer] gets hole card ['CJ', 'D4'], current stack 993
Started the round 15
Street "preflop" started. (community card = [])
"NitWinWin" declared "fold:0"
"Jinkun" declared "fold:10"
"YueShi" declared "fold:0"
"JoyoPlayer" declared "fold:0"
"ZifengFoldMan" declared "fold:0"
"EvanPlayer" declared "fold:10"
"KLChen2PokerPlayer" declared "call:10"
"ZPlayer" declared "call:10"
Street "flop" started. (community card = ['CQ', 'D7', 'HA'])
"KLChen2PokerPlayer" declared "call:0"
"ZPlayer" declared "call:0"
Street "turn" started. (community card = ['CQ', 'D7', 'HA', 'DA'])
"KLChen2PokerPlayer" declared "call:0"
"ZPlayer" declared "call:0"
Street "river" started. (community card = ['CQ', 'D7', 'HA', 'DA', 'CK'])
"KLChen2PokerPlayer" declared "call:0"
"ZPlayer" declared "call:0"
"['KLChen2PokerPlayer']" won the round 15 (stack = {'ZPlayer': 918, 'NitWinWin': 980, 'Jinkun': 950, 'YueShi': 970, 'JoyoPlayer': 1817, 'ZifengFoldMan': 970, 'EvanPlayer': 386, 'KLChen2PokerPlayer': 1008})
player [ZPlayer] gets hole card ['D6', 'D2'], current stack 913
player [NitWinWin] gets hole card ['D7', 'DT'], current stack 970
player [Jinkun] gets hole card ['CT', 'C6'], current stack 950
player [YueShi] gets hole card ['D9', 'HJ'], current stack 970
player [JoyoPlayer] gets hole card ['DK', 'SQ'], current stack 1817
player [ZifengFoldMan] gets hole card ['HQ', 'SJ'], current stack 970
player [EvanPlayer] gets hole card ['C7', 'H3'], current stack 386
player [KLChen2PokerPlayer] gets hole card ['S9', 'HT'], current stack 1008
Started the round 16
Street "preflop" started. (community card = [])
"Jinkun" declared "fold:10"
"YueShi" declared "fold:0"
"JoyoPlayer" declared "raise:15"
"ZifengFoldMan" declared "fold:0"
"EvanPlayer" declared "call:15"
"KLChen2PokerPlayer" declared "raise:20"
"ZPlayer" declared "call:20"
"NitWinWin" declared "fold:0"
"JoyoPlayer" declared "raise:25"
"EvanPlayer" declared "call:25"
"KLChen2PokerPlayer" declared "fold:0"
"ZPlayer" declared "call:25"
Street "flop" started. (community card = ['SK', 'CJ', 'S3'])
"ZPlayer" declared "call:0"
"JoyoPlayer" declared "raise:20"
"EvanPlayer" declared "fold:20"
"ZPlayer" declared "fold:0"
"['JoyoPlayer']" won the round 16 (stack = {'ZPlayer': 893, 'NitWinWin': 970, 'Jinkun': 950, 'YueShi': 970, 'JoyoPlayer': 1897, 'ZifengFoldMan': 970, 'EvanPlayer': 361, 'KLChen2PokerPlayer': 988})
player [ZPlayer] gets hole card ['D2', 'C3'], current stack 893
player [NitWinWin] gets hole card ['HJ', 'D8'], current stack 965
player [Jinkun] gets hole card ['H2', 'CK'], current stack 940
player [YueShi] gets hole card ['H4', 'HT'], current stack 970
player [JoyoPlayer] gets hole card ['DK', 'CJ'], current stack 1897
player [ZifengFoldMan] gets hole card ['SA', 'D6'], current stack 970
player [EvanPlayer] gets hole card ['H8', 'C8'], current stack 361
player [KLChen2PokerPlayer] gets hole card ['S3', 'CT'], current stack 988
Started the round 17
Street "preflop" started. (community card = [])
"YueShi" declared "fold:0"
"JoyoPlayer" declared "raise:15"
"ZifengFoldMan" declared "fold:0"
"EvanPlayer" declared "raise:361"
"KLChen2PokerPlayer" declared "fold:0"
"ZPlayer" declared "fold:0"
"NitWinWin" declared "fold:0"
"Jinkun" declared "fold:361"
"JoyoPlayer" declared "call:361"
Street "flop" started. (community card = ['C9', 'H9', 'S2'])
Street "turn" started. (community card = ['C9', 'H9', 'S2', 'C5'])
Street "river" started. (community card = ['C9', 'H9', 'S2', 'C5', 'H5'])
"['EvanPlayer']" won the round 17 (stack = {'ZPlayer': 893, 'NitWinWin': 965, 'Jinkun': 940, 'YueShi': 970, 'JoyoPlayer': 1536, 'ZifengFoldMan': 970, 'EvanPlayer': 737, 'KLChen2PokerPlayer': 988})
player [ZPlayer] gets hole card ['HJ', 'C8'], current stack 893
player [NitWinWin] gets hole card ['HK', 'H2'], current stack 965
player [Jinkun] gets hole card ['D9', 'HQ'], current stack 935
player [YueShi] gets hole card ['S2', 'ST'], current stack 960
player [JoyoPlayer] gets hole card ['C4', 'D4'], current stack 1536
player [ZifengFoldMan] gets hole card ['CK', 'S3'], current stack 970
player [EvanPlayer] gets hole card ['C6', 'H5'], current stack 737
player [KLChen2PokerPlayer] gets hole card ['C7', 'D6'], current stack 988
Started the round 18
Street "preflop" started. (community card = [])
"JoyoPlayer" declared "fold:0"
"ZifengFoldMan" declared "fold:0"
"EvanPlayer" declared "raise:737"
"KLChen2PokerPlayer" declared "fold:0"
"ZPlayer" declared "fold:0"
"NitWinWin" declared "fold:0"
"Jinkun" declared "fold:737"
"YueShi" declared "fold:0"
"['EvanPlayer']" won the round 18 (stack = {'ZPlayer': 893, 'NitWinWin': 965, 'Jinkun': 935, 'YueShi': 960, 'JoyoPlayer': 1536, 'ZifengFoldMan': 970, 'EvanPlayer': 752, 'KLChen2PokerPlayer': 988})
player [ZPlayer] gets hole card ['H5', 'SK'], current stack 893
player [NitWinWin] gets hole card ['C7', 'H3'], current stack 965
player [Jinkun] gets hole card ['H7', 'CA'], current stack 935
player [YueShi] gets hole card ['C8', 'D4'], current stack 955
player [JoyoPlayer] gets hole card ['HJ', 'C2'], current stack 1526
player [ZifengFoldMan] gets hole card ['CK', 'DA'], current stack 970
player [EvanPlayer] gets hole card ['H9', 'CQ'], current stack 752
player [KLChen2PokerPlayer] gets hole card ['DT', 'H4'], current stack 988
Started the round 19
Street "preflop" started. (community card = [])
"ZifengFoldMan" declared "fold:0"
"EvanPlayer" declared "raise:752"
"KLChen2PokerPlayer" declared "fold:0"
"ZPlayer" declared "fold:0"
"NitWinWin" declared "fold:0"
"Jinkun" declared "fold:752"
"YueShi" declared "fold:0"
"JoyoPlayer" declared "raise:1494"
Street "flop" started. (community card = ['D8', 'HK', 'H6'])
Street "turn" started. (community card = ['D8', 'HK', 'H6', 'CT'])
Street "river" started. (community card = ['D8', 'HK', 'H6', 'CT', 'D2'])
"['JoyoPlayer']" won the round 19 (stack = {'ZPlayer': 893, 'NitWinWin': 965, 'Jinkun': 935, 'YueShi': 955, 'JoyoPlayer': 2293, 'ZifengFoldMan': 970, 'EvanPlayer': 0, 'KLChen2PokerPlayer': 988})
player [ZPlayer] gets hole card ['H7', 'D8'], current stack 893
player [NitWinWin] gets hole card ['SK', 'S7'], current stack 965
player [Jinkun] gets hole card ['C9', 'S4'], current stack 935
player [YueShi] gets hole card ['D4', 'HK'], current stack 955
player [JoyoPlayer] gets hole card ['S6', 'HA'], current stack 2288
player [ZifengFoldMan] gets hole card ['C2', 'C4'], current stack 960
player [KLChen2PokerPlayer] gets hole card ['S2', 'C8'], current stack 988
Started the round 20
Street "preflop" started. (community card = [])
"KLChen2PokerPlayer" declared "fold:0"
"ZPlayer" declared "call:10"
"NitWinWin" declared "fold:0"
"Jinkun" declared "fold:10"
"YueShi" declared "fold:0"
"JoyoPlayer" declared "fold:0"
"ZifengFoldMan" declared "fold:0"
"['ZPlayer']" won the round 20 (stack = {'ZPlayer': 908, 'NitWinWin': 965, 'Jinkun': 935, 'YueShi': 955, 'JoyoPlayer': 2288, 'ZifengFoldMan': 960, 'EvanPlayer': 0, 'KLChen2PokerPlayer': 988})
player [ZPlayer] gets hole card ['C7', 'S2'], current stack 908
player [NitWinWin] gets hole card ['S8', 'DA'], current stack 965
player [Jinkun] gets hole card ['C2', 'H7'], current stack 935
player [YueShi] gets hole card ['D2', 'HJ'], current stack 955
player [JoyoPlayer] gets hole card ['C3', 'HA'], current stack 2288
player [ZifengFoldMan] gets hole card ['D5', 'D3'], current stack 955
player [KLChen2PokerPlayer] gets hole card ['SA', 'H4'], current stack 978
Started the round 21
Street "preflop" started. (community card = [])
"ZPlayer" declared "fold:0"
"NitWinWin" declared "fold:0"
"Jinkun" declared "fold:10"
"YueShi" declared "fold:0"
"JoyoPlayer" declared "raise:15"
"ZifengFoldMan" declared "fold:0"
"KLChen2PokerPlayer" declared "raise:20"
"JoyoPlayer" declared "raise:25"
"KLChen2PokerPlayer" declared "fold:0"
"['JoyoPlayer']" won the round 21 (stack = {'ZPlayer': 908, 'NitWinWin': 965, 'Jinkun': 935, 'YueShi': 955, 'JoyoPlayer': 2313, 'ZifengFoldMan': 955, 'EvanPlayer': 0, 'KLChen2PokerPlayer': 968})
player [ZPlayer] gets hole card ['H7', 'C5'], current stack 898
player [NitWinWin] gets hole card ['D3', 'H6'], current stack 965
player [Jinkun] gets hole card ['H9', 'SQ'], current stack 935
player [YueShi] gets hole card ['DT', 'DJ'], current stack 955
player [JoyoPlayer] gets hole card ['D5', 'C9'], current stack 2313
player [ZifengFoldMan] gets hole card ['CT', 'CQ'], current stack 955
player [KLChen2PokerPlayer] gets hole card ['H8', 'C7'], current stack 963
Started the round 22
Street "preflop" started. (community card = [])
"NitWinWin" declared "fold:0"
"Jinkun" declared "fold:10"
"YueShi" declared "fold:0"
"JoyoPlayer" declared "fold:0"
"ZifengFoldMan" declared "fold:0"
"KLChen2PokerPlayer" declared "raise:15"
"ZPlayer" declared "call:15"
Street "flop" started. (community card = ['C8', 'S4', 'HK'])
"KLChen2PokerPlayer" declared "raise:31"
"ZPlayer" declared "fold:0"
"['KLChen2PokerPlayer']" won the round 22 (stack = {'ZPlayer': 893, 'NitWinWin': 965, 'Jinkun': 935, 'YueShi': 955, 'JoyoPlayer': 2313, 'ZifengFoldMan': 955, 'EvanPlayer': 0, 'KLChen2PokerPlayer': 983})
player [ZPlayer] gets hole card ['S9', 'H5'], current stack 888
player [NitWinWin] gets hole card ['H8', 'DQ'], current stack 955
player [Jinkun] gets hole card ['CA', 'HT'], current stack 935
player [YueShi] gets hole card ['CT', 'C5'], current stack 955
player [JoyoPlayer] gets hole card ['CJ', 'SK'], current stack 2313
player [ZifengFoldMan] gets hole card ['DK', 'S3'], current stack 955
player [KLChen2PokerPlayer] gets hole card ['D8', 'DA'], current stack 983
Started the round 23
Street "preflop" started. (community card = [])
"Jinkun" declared "fold:10"
"YueShi" declared "fold:0"
"JoyoPlayer" declared "fold:0"
"ZifengFoldMan" declared "fold:0"
"KLChen2PokerPlayer" declared "raise:15"
"ZPlayer" declared "call:15"
"NitWinWin" declared "fold:0"
Street "flop" started. (community card = ['C3', 'SQ', 'HQ'])
"ZPlayer" declared "call:0"
"KLChen2PokerPlayer" declared "raise:12"
"ZPlayer" declared "fold:0"
"['KLChen2PokerPlayer']" won the round 23 (stack = {'ZPlayer': 878, 'NitWinWin': 955, 'Jinkun': 935, 'YueShi': 955, 'JoyoPlayer': 2313, 'ZifengFoldMan': 955, 'EvanPlayer': 0, 'KLChen2PokerPlayer': 1008})
player [ZPlayer] gets hole card ['S6', 'DQ'], current stack 878
player [NitWinWin] gets hole card ['HQ', 'D2'], current stack 950
player [Jinkun] gets hole card ['H7', 'D5'], current stack 925
player [YueShi] gets hole card ['H8', 'ST'], current stack 955
player [JoyoPlayer] gets hole card ['H4', 'C2'], current stack 2313
player [ZifengFoldMan] gets hole card ['CJ', 'DK'], current stack 955
player [KLChen2PokerPlayer] gets hole card ['H2', 'S7'], current stack 1008
Started the round 24
Street "preflop" started. (community card = [])
"YueShi" declared "fold:0"
"JoyoPlayer" declared "fold:0"
"ZifengFoldMan" declared "fold:0"
"KLChen2PokerPlayer" declared "fold:0"
"ZPlayer" declared "raise:15"
"NitWinWin" declared "fold:0"
"Jinkun" declared "raise:30"
"ZPlayer" declared "call:30"
Street "flop" started. (community card = ['C7', 'C5', 'S5'])
"Jinkun" declared "raise:32"
"ZPlayer" declared "fold:0"
"['Jinkun']" won the round 24 (stack = {'ZPlayer': 848, 'NitWinWin': 950, 'Jinkun': 970, 'YueShi': 955, 'JoyoPlayer': 2313, 'ZifengFoldMan': 955, 'EvanPlayer': 0, 'KLChen2PokerPlayer': 1008})
player [ZPlayer] gets hole card ['SK', 'HT'], current stack 848
player [NitWinWin] gets hole card ['S9', 'C4'], current stack 950
player [Jinkun] gets hole card ['C9', 'H5'], current stack 965
player [YueShi] gets hole card ['CQ', 'HK'], current stack 945
player [JoyoPlayer] gets hole card ['DJ', 'C2'], current stack 2313
player [ZifengFoldMan] gets hole card ['HJ', 'D6'], current stack 955
player [KLChen2PokerPlayer] gets hole card ['CT', 'S4'], current stack 1008
Started the round 25
Street "preflop" started. (community card = [])
"JoyoPlayer" declared "raise:15"
"ZifengFoldMan" declared "fold:0"
"KLChen2PokerPlayer" declared "fold:0"
"ZPlayer" declared "call:15"
"NitWinWin" declared "fold:0"
"Jinkun" declared "fold:15"
"YueShi" declared "fold:0"
Street "flop" started. (community card = ['S6', 'D2', 'S7'])
"JoyoPlayer" declared "call:0"
"ZPlayer" declared "call:0"
Street "turn" started. (community card = ['S6', 'D2', 'S7', 'SQ'])
"JoyoPlayer" declared "fold:0"
"['ZPlayer']" won the round 25 (stack = {'ZPlayer': 878, 'NitWinWin': 950, 'Jinkun': 965, 'YueShi': 945, 'JoyoPlayer': 2298, 'ZifengFoldMan': 955, 'EvanPlayer': 0, 'KLChen2PokerPlayer': 1008})
player [ZPlayer] gets hole card ['D7', 'D9'], current stack 878
player [NitWinWin] gets hole card ['CJ', 'D2'], current stack 950
player [Jinkun] gets hole card ['CK', 'CA'], current stack 965
player [YueShi] gets hole card ['D4', 'ST'], current stack 940
player [JoyoPlayer] gets hole card ['H9', 'DJ'], current stack 2288
player [ZifengFoldMan] gets hole card ['SQ', 'C6'], current stack 955
player [KLChen2PokerPlayer] gets hole card ['SJ', 'S7'], current stack 1008
Started the round 26
Street "preflop" started. (community card = [])
"ZifengFoldMan" declared "fold:0"
"KLChen2PokerPlayer" declared "raise:15"
"ZPlayer" declared "call:15"
"NitWinWin" declared "fold:0"
"Jinkun" declared "call:15"
"YueShi" declared "fold:0"
"JoyoPlayer" declared "fold:0"
Street "flop" started. (community card = ['HJ', 'C9', 'SK'])
"KLChen2PokerPlayer" declared "raise:35"
"ZPlayer" declared "call:35"
"Jinkun" declared "call:35"
Street "turn" started. (community card = ['HJ', 'C9', 'SK', 'CQ'])
"KLChen2PokerPlayer" declared "call:0"
"ZPlayer" declared "call:0"
"Jinkun" declared "call:0"
Street "river" started. (community card = ['HJ', 'C9', 'SK', 'CQ', 'HA'])
"KLChen2PokerPlayer" declared "call:0"
"ZPlayer" declared "call:0"
"Jinkun" declared "call:0"
"['Jinkun']" won the round 26 (stack = {'ZPlayer': 828, 'NitWinWin': 950, 'Jinkun': 1080, 'YueShi': 940, 'JoyoPlayer': 2288, 'ZifengFoldMan': 955, 'EvanPlayer': 0, 'KLChen2PokerPlayer': 958})
player [ZPlayer] gets hole card ['H6', 'C6'], current stack 828
player [NitWinWin] gets hole card ['H8', 'C8'], current stack 950
player [Jinkun] gets hole card ['D3', 'S3'], current stack 1080
player [YueShi] gets hole card ['S6', 'S7'], current stack 940
player [JoyoPlayer] gets hole card ['C5', 'S5'], current stack 2283
player [ZifengFoldMan] gets hole card ['SJ', 'H3'], current stack 945
player [KLChen2PokerPlayer] gets hole card ['CK', 'DA'], current stack 958
Started the round 27
Street "preflop" started. (community card = [])
"KLChen2PokerPlayer" declared "raise:24"
"ZPlayer" declared "call:24"
"NitWinWin" declared "fold:0"
"Jinkun" declared "fold:24"
"YueShi" declared "fold:0"
"JoyoPlayer" declared "fold:0"
"ZifengFoldMan" declared "fold:0"
Street "flop" started. (community card = ['D9', 'H4', 'CQ'])
"KLChen2PokerPlayer" declared "raise:19"
"ZPlayer" declared "fold:0"
"['KLChen2PokerPlayer']" won the round 27 (stack = {'ZPlayer': 804, 'NitWinWin': 950, 'Jinkun': 1080, 'YueShi': 940, 'JoyoPlayer': 2283, 'ZifengFoldMan': 945, 'EvanPlayer': 0, 'KLChen2PokerPlayer': 997})
player [ZPlayer] gets hole card ['HT', 'D2'], current stack 804
player [NitWinWin] gets hole card ['HJ', 'H6'], current stack 950
player [Jinkun] gets hole card ['H7', 'H9'], current stack 1080
player [YueShi] gets hole card ['S7', 'CA'], current stack 940
player [JoyoPlayer] gets hole card ['S4', 'S5'], current stack 2283
player [ZifengFoldMan] gets hole card ['DA', 'D9'], current stack 940
player [KLChen2PokerPlayer] gets hole card ['DT', 'CK'], current stack 987
Started the round 28
Street "preflop" started. (community card = [])
"ZPlayer" declared "call:10"
"NitWinWin" declared "fold:0"
"Jinkun" declared "fold:10"
"YueShi" declared "fold:0"
"JoyoPlayer" declared "raise:15"
"ZifengFoldMan" declared "fold:0"
"KLChen2PokerPlayer" declared "raise:20"
"ZPlayer" declared "fold:0"
"JoyoPlayer" declared "fold:0"
"['KLChen2PokerPlayer']" won the round 28 (stack = {'ZPlayer': 794, 'NitWinWin': 950, 'Jinkun': 1080, 'YueShi': 940, 'JoyoPlayer': 2268, 'ZifengFoldMan': 940, 'EvanPlayer': 0, 'KLChen2PokerPlayer': 1027})
player [ZPlayer] gets hole card ['C7', 'DQ'], current stack 784
player [NitWinWin] gets hole card ['S4', 'C3'], current stack 950
player [Jinkun] gets hole card ['S8', 'DJ'], current stack 1080
player [YueShi] gets hole card ['CQ', 'C2'], current stack 940
player [JoyoPlayer] gets hole card ['CK', 'H5'], current stack 2268
player [ZifengFoldMan] gets hole card ['D4', 'CT'], current stack 940
player [KLChen2PokerPlayer] gets hole card ['HJ', 'C5'], current stack 1022
Started the round 29
Street "preflop" started. (community card = [])
"NitWinWin" declared "fold:0"
"Jinkun" declared "fold:10"
"YueShi" declared "fold:0"
"JoyoPlayer" declared "fold:0"
"ZifengFoldMan" declared "fold:0"
"KLChen2PokerPlayer" declared "call:10"
"ZPlayer" declared "call:10"
Street "flop" started. (community card = ['SA', 'C6', 'D7'])
"KLChen2PokerPlayer" declared "call:0"
"ZPlayer" declared "raise:10"
"KLChen2PokerPlayer" declared "fold:0"
"['ZPlayer']" won the round 29 (stack = {'ZPlayer': 804, 'NitWinWin': 950, 'Jinkun': 1080, 'YueShi': 940, 'JoyoPlayer': 2268, 'ZifengFoldMan': 940, 'EvanPlayer': 0, 'KLChen2PokerPlayer': 1017})
player [ZPlayer] gets hole card ['S4', 'CK'], current stack 799
player [NitWinWin] gets hole card ['H8', 'D8'], current stack 940
player [Jinkun] gets hole card ['D4', 'DK'], current stack 1080
player [YueShi] gets hole card ['S3', 'H7'], current stack 940
player [JoyoPlayer] gets hole card ['D3', 'SQ'], current stack 2268
player [ZifengFoldMan] gets hole card ['DQ', 'SK'], current stack 940
player [KLChen2PokerPlayer] gets hole card ['SJ', 'H2'], current stack 1017
Started the round 30
Street "preflop" started. (community card = [])
"Jinkun" declared "fold:10"
"YueShi" declared "fold:0"
"JoyoPlayer" declared "raise:15"
"ZifengFoldMan" declared "fold:0"
"KLChen2PokerPlayer" declared "fold:0"
"ZPlayer" declared "call:15"
"NitWinWin" declared "fold:0"
Street "flop" started. (community card = ['D9', 'C5', 'HQ'])
"ZPlayer" declared "call:0"
"JoyoPlayer" declared "raise:1358"
"ZPlayer" declared "fold:0"
"['JoyoPlayer']" won the round 30 (stack = {'ZPlayer': 789, 'NitWinWin': 940, 'Jinkun': 1080, 'YueShi': 940, 'JoyoPlayer': 2293, 'ZifengFoldMan': 940, 'EvanPlayer': 0, 'KLChen2PokerPlayer': 1017})
player [ZPlayer] gets hole card ['SA', 'ST'], current stack 789
player [NitWinWin] gets hole card ['C2', 'H7'], current stack 935
player [Jinkun] gets hole card ['SQ', 'S5'], current stack 1070
player [YueShi] gets hole card ['D4', 'S3'], current stack 940
player [JoyoPlayer] gets hole card ['SJ', 'D9'], current stack 2293
player [ZifengFoldMan] gets hole card ['HJ', 'S6'], current stack 940
player [KLChen2PokerPlayer] gets hole card ['DA', 'CJ'], current stack 1017
Started the round 31
Street "preflop" started. (community card = [])
"YueShi" declared "fold:0"
"JoyoPlayer" declared "fold:0"
"ZifengFoldMan" declared "fold:0"
"KLChen2PokerPlayer" declared "raise:19"
"ZPlayer" declared "raise:28"
"NitWinWin" declared "fold:0"
"Jinkun" declared "fold:28"
"KLChen2PokerPlayer" declared "call:28"
Street "flop" started. (community card = ['C5', 'H3', 'DJ'])
"KLChen2PokerPlayer" declared "raise:36"
"ZPlayer" declared "fold:0"
"['KLChen2PokerPlayer']" won the round 31 (stack = {'ZPlayer': 761, 'NitWinWin': 935, 'Jinkun': 1070, 'YueShi': 940, 'JoyoPlayer': 2293, 'ZifengFoldMan': 940, 'EvanPlayer': 0, 'KLChen2PokerPlayer': 1060})
player [ZPlayer] gets hole card ['DT', 'D2'], current stack 761
player [NitWinWin] gets hole card ['DJ', 'H5'], current stack 935
player [Jinkun] gets hole card ['H4', 'S5'], current stack 1065
player [YueShi] gets hole card ['H6', 'CJ'], current stack 930
player [JoyoPlayer] gets hole card ['S6', 'H7'], current stack 2293
player [ZifengFoldMan] gets hole card ['D9', 'S7'], current stack 940
player [KLChen2PokerPlayer] gets hole card ['H8', 'D6'], current stack 1060
Started the round 32
Street "preflop" started. (community card = [])
"JoyoPlayer" declared "fold:0"
"ZifengFoldMan" declared "fold:0"
"KLChen2PokerPlayer" declared "call:10"
"ZPlayer" declared "call:10"
"NitWinWin" declared "fold:0"
"Jinkun" declared "call:10"
"YueShi" declared "fold:0"
Street "flop" started. (community card = ['HK', 'C8', 'CK'])
"Jinkun" declared "call:0"
"KLChen2PokerPlayer" declared "raise:32"
"ZPlayer" declared "fold:0"
"Jinkun" declared "fold:32"
"['KLChen2PokerPlayer']" won the round 32 (stack = {'ZPlayer': 751, 'NitWinWin': 935, 'Jinkun': 1060, 'YueShi': 930, 'JoyoPlayer': 2293, 'ZifengFoldMan': 940, 'EvanPlayer': 0, 'KLChen2PokerPlayer': 1090})
player [ZPlayer] gets hole card ['D4', 'H4'], current stack 751
player [NitWinWin] gets hole card ['S9', 'HA'], current stack 935
player [Jinkun] gets hole card ['SK', 'CT'], current stack 1060
player [YueShi] gets hole card ['C3', 'D3'], current stack 925
player [JoyoPlayer] gets hole card ['S6', 'H3'], current stack 2283
player [ZifengFoldMan] gets hole card ['HK', 'D5'], current stack 940
player [KLChen2PokerPlayer] gets hole card ['D7', 'C7'], current stack 1090
Started the round 33
Street "preflop" started. (community card = [])
"ZifengFoldMan" declared "fold:0"
"KLChen2PokerPlayer" declared "raise:15"
"ZPlayer" declared "call:15"
"NitWinWin" declared "fold:0"
"Jinkun" declared "fold:15"
"YueShi" declared "fold:0"
"JoyoPlayer" declared "fold:0"
Street "flop" started. (community card = ['D6', 'H7', 'C9'])
"KLChen2PokerPlayer" declared "raise:27"
"ZPlayer" declared "fold:0"
"['KLChen2PokerPlayer']" won the round 33 (stack = {'ZPlayer': 736, 'NitWinWin': 935, 'Jinkun': 1060, 'YueShi': 925, 'JoyoPlayer': 2283, 'ZifengFoldMan': 940, 'EvanPlayer': 0, 'KLChen2PokerPlayer': 1120})
player [ZPlayer] gets hole card ['DA', 'HA'], current stack 736
player [NitWinWin] gets hole card ['CA', 'D3'], current stack 935
player [Jinkun] gets hole card ['C3', 'S6'], current stack 1060
player [YueShi] gets hole card ['H8', 'SJ'], current stack 925
player [JoyoPlayer] gets hole card ['C5', 'CQ'], current stack 2278
player [ZifengFoldMan] gets hole card ['C7', 'CK'], current stack 930
player [KLChen2PokerPlayer] gets hole card ['H2', 'HQ'], current stack 1120
Started the round 34
Street "preflop" started. (community card = [])
"KLChen2PokerPlayer" declared "raise:19"
"ZPlayer" declared "raise:28"
"NitWinWin" declared "fold:0"
"Jinkun" declared "fold:28"
"YueShi" declared "fold:0"
"JoyoPlayer" declared "fold:0"
"ZifengFoldMan" declared "fold:0"
"KLChen2PokerPlayer" declared "fold:0"
"['ZPlayer']" won the round 34 (stack = {'ZPlayer': 770, 'NitWinWin': 935, 'Jinkun': 1060, 'YueShi': 925, 'JoyoPlayer': 2278, 'ZifengFoldMan': 930, 'EvanPlayer': 0, 'KLChen2PokerPlayer': 1101})
player [ZPlayer] gets hole card ['HQ', 'C7'], current stack 770
player [NitWinWin] gets hole card ['H7', 'H9'], current stack 935
player [Jinkun] gets hole card ['D6', 'DT'], current stack 1060
player [YueShi] gets hole card ['CT', 'CQ'], current stack 925
player [JoyoPlayer] gets hole card ['D4', 'C8'], current stack 2278
player [ZifengFoldMan] gets hole card ['CJ', 'H6'], current stack 925
player [KLChen2PokerPlayer] gets hole card ['C3', 'DA'], current stack 1091
Started the round 35
Street "preflop" started. (community card = [])
"ZPlayer" declared "call:10"
"NitWinWin" declared "fold:0"
"Jinkun" declared "fold:10"
"YueShi" declared "fold:0"
"JoyoPlayer" declared "raise:15"
"ZifengFoldMan" declared "fold:0"
"KLChen2PokerPlayer" declared "raise:20"
"ZPlayer" declared "call:20"
"JoyoPlayer" declared "fold:0"
Street "flop" started. (community card = ['H4', 'S8', 'C2'])
"KLChen2PokerPlayer" declared "raise:13"
"ZPlayer" declared "fold:0"
"['KLChen2PokerPlayer']" won the round 35 (stack = {'ZPlayer': 750, 'NitWinWin': 935, 'Jinkun': 1060, 'YueShi': 925, 'JoyoPlayer': 2263, 'ZifengFoldMan': 925, 'EvanPlayer': 0, 'KLChen2PokerPlayer': 1141})
player [ZPlayer] gets hole card ['D3', 'D5'], current stack 740
player [NitWinWin] gets hole card ['H9', 'DQ'], current stack 935
player [Jinkun] gets hole card ['DJ', 'DA'], current stack 1060
player [YueShi] gets hole card ['HT', 'H6'], current stack 925
player [JoyoPlayer] gets hole card ['S2', 'D9'], current stack 2263
player [ZifengFoldMan] gets hole card ['CK', 'C6'], current stack 925
player [KLChen2PokerPlayer] gets hole card ['S6', 'S8'], current stack 1136
Started the round 36
Street "preflop" started. (community card = [])
"NitWinWin" declared "fold:0"
"Jinkun" declared "fold:10"
"YueShi" declared "fold:0"
"JoyoPlayer" declared "raise:15"
"ZifengFoldMan" declared "fold:0"
"KLChen2PokerPlayer" declared "raise:20"
"ZPlayer" declared "fold:0"
"JoyoPlayer" declared "raise:25"
"KLChen2PokerPlayer" declared "fold:0"
"['JoyoPlayer']" won the round 36 (stack = {'ZPlayer': 740, 'NitWinWin': 935, 'Jinkun': 1060, 'YueShi': 925, 'JoyoPlayer': 2293, 'ZifengFoldMan': 925, 'EvanPlayer': 0, 'KLChen2PokerPlayer': 1121})
player [ZPlayer] gets hole card ['H2', 'CK'], current stack 735
player [NitWinWin] gets hole card ['H7', 'ST'], current stack 925
player [Jinkun] gets hole card ['D3', 'SQ'], current stack 1060
player [YueShi] gets hole card ['DK', 'SA'], current stack 925
player [JoyoPlayer] gets hole card ['S2', 'D8'], current stack 2293
player [ZifengFoldMan] gets hole card ['C3', 'S5'], current stack 925
player [KLChen2PokerPlayer] gets hole card ['SJ', 'CA'], current stack 1121
Started the round 37
Street "preflop" started. (community card = [])
"Jinkun" declared "fold:10"
"YueShi" declared "fold:0"
"JoyoPlayer" declared "fold:0"
"ZifengFoldMan" declared "fold:0"
"KLChen2PokerPlayer" declared "raise:15"
"ZPlayer" declared "call:15"
"NitWinWin" declared "fold:0"
Street "flop" started. (community card = ['S3', 'C4', 'HA'])
"ZPlayer" declared "raise:10"
"KLChen2PokerPlayer" declared "raise:39"
"ZPlayer" declared "fold:0"
"['KLChen2PokerPlayer']" won the round 37 (stack = {'ZPlayer': 715, 'NitWinWin': 925, 'Jinkun': 1060, 'YueShi': 925, 'JoyoPlayer': 2293, 'ZifengFoldMan': 925, 'EvanPlayer': 0, 'KLChen2PokerPlayer': 1156})
player [ZPlayer] gets hole card ['S8', 'H3'], current stack 715
player [NitWinWin] gets hole card ['C3', 'D5'], current stack 920
player [Jinkun] gets hole card ['S2', 'D2'], current stack 1050
player [YueShi] gets hole card ['D6', 'S4'], current stack 925
player [JoyoPlayer] gets hole card ['S9', 'S5'], current stack 2293
player [ZifengFoldMan] gets hole card ['HK', 'H8'], current stack 925
player [KLChen2PokerPlayer] gets hole card ['CQ', 'H9'], current stack 1156
Started the round 38
Street "preflop" started. (community card = [])
"YueShi" declared "fold:0"
"JoyoPlayer" declared "fold:0"
"ZifengFoldMan" declared "fold:0"
"KLChen2PokerPlayer" declared "raise:16"
"ZPlayer" declared "fold:0"
"NitWinWin" declared "fold:0"
"Jinkun" declared "fold:16"
"['KLChen2PokerPlayer']" won the round 38 (stack = {'ZPlayer': 715, 'NitWinWin': 920, 'Jinkun': 1050, 'YueShi': 925, 'JoyoPlayer': 2293, 'ZifengFoldMan': 925, 'EvanPlayer': 0, 'KLChen2PokerPlayer': 1171})
player [ZPlayer] gets hole card ['DQ', 'C2'], current stack 715
player [NitWinWin] gets hole card ['D3', 'H3'], current stack 920
player [Jinkun] gets hole card ['S8', 'DT'], current stack 1045
player [YueShi] gets hole card ['S5', 'CQ'], current stack 915
player [JoyoPlayer] gets hole card ['DK', 'D9'], current stack 2293
player [ZifengFoldMan] gets hole card ['HT', 'C5'], current stack 925
player [KLChen2PokerPlayer] gets hole card ['S2', 'H7'], current stack 1171
Started the round 39
Street "preflop" started. (community card = [])
"JoyoPlayer" declared "fold:0"
"ZifengFoldMan" declared "fold:0"
"KLChen2PokerPlayer" declared "fold:0"
"ZPlayer" declared "call:10"
"NitWinWin" declared "fold:0"
"Jinkun" declared "call:10"
"YueShi" declared "fold:0"
Street "flop" started. (community card = ['D8', 'HQ', 'H4'])
"Jinkun" declared "call:0"
"ZPlayer" declared "raise:30"
"Jinkun" declared "call:30"
Street "turn" started. (community card = ['D8', 'HQ', 'H4', 'S6'])
"Jinkun" declared "call:0"
"ZPlayer" declared "raise:10"
"Jinkun" declared "call:10"
Street "river" started. (community card = ['D8', 'HQ', 'H4', 'S6', 'D6'])
"Jinkun" declared "call:0"
"ZPlayer" declared "raise:10"
"Jinkun" declared "call:10"
"['ZPlayer']" won the round 39 (stack = {'ZPlayer': 785, 'NitWinWin': 920, 'Jinkun': 990, 'YueShi': 915, 'JoyoPlayer': 2293, 'ZifengFoldMan': 925, 'EvanPlayer': 0, 'KLChen2PokerPlayer': 1171})
player [ZPlayer] gets hole card ['SA', 'C2'], current stack 785
player [NitWinWin] gets hole card ['ST', 'H3'], current stack 920
player [Jinkun] gets hole card ['H2', 'SJ'], current stack 990
player [YueShi] gets hole card ['DA', 'DQ'], current stack 910
player [JoyoPlayer] gets hole card ['CQ', 'SK'], current stack 2283
player [ZifengFoldMan] gets hole card ['C7', 'S3'], current stack 925
player [KLChen2PokerPlayer] gets hole card ['CT', 'D6'], current stack 1171
Started the round 40
Street "preflop" started. (community card = [])
"ZifengFoldMan" declared "fold:0"
"KLChen2PokerPlayer" declared "call:10"
"ZPlayer" declared "call:10"
"NitWinWin" declared "fold:0"
"Jinkun" declared "fold:10"
"YueShi" declared "fold:0"
"JoyoPlayer" declared "fold:0"
Street "flop" started. (community card = ['H7', 'CJ', 'HK'])
"KLChen2PokerPlayer" declared "call:0"
"ZPlayer" declared "call:0"
Street "turn" started. (community card = ['H7', 'CJ', 'HK', 'D3'])
"KLChen2PokerPlayer" declared "call:0"
"ZPlayer" declared "call:0"
Street "river" started. (community card = ['H7', 'CJ', 'HK', 'D3', 'S2'])
"KLChen2PokerPlayer" declared "call:0"
"ZPlayer" declared "call:0"
"['ZPlayer']" won the round 40 (stack = {'ZPlayer': 810, 'NitWinWin': 920, 'Jinkun': 990, 'YueShi': 910, 'JoyoPlayer': 2283, 'ZifengFoldMan': 925, 'EvanPlayer': 0, 'KLChen2PokerPlayer': 1161})
player [ZPlayer] gets hole card ['DK', 'ST'], current stack 810
player [NitWinWin] gets hole card ['SA', 'HT'], current stack 920
player [Jinkun] gets hole card ['HJ', 'HA'], current stack 990
player [YueShi] gets hole card ['D9', 'S7'], current stack 910
player [JoyoPlayer] gets hole card ['C2', 'HK'], current stack 2278
player [ZifengFoldMan] gets hole card ['H7', 'H8'], current stack 915
player [KLChen2PokerPlayer] gets hole card ['S9', 'DJ'], current stack 1161
Started the round 41
Street "preflop" started. (community card = [])
"KLChen2PokerPlayer" declared "raise:15"
"ZPlayer" declared "call:15"
"NitWinWin" declared "fold:0"
"Jinkun" declared "fold:15"
"YueShi" declared "fold:0"
"JoyoPlayer" declared "fold:0"
"ZifengFoldMan" declared "fold:0"
Street "flop" started. (community card = ['CJ', 'H9', 'CK'])
"KLChen2PokerPlayer" declared "raise:29"
"ZPlayer" declared "call:29"
Street "turn" started. (community card = ['CJ', 'H9', 'CK', 'S8'])
"KLChen2PokerPlayer" declared "raise:550"
"ZPlayer" declared "call:550"
Street "river" started. (community card = ['CJ', 'H9', 'CK', 'S8', 'H4'])
"KLChen2PokerPlayer" declared "raise:271"
"ZPlayer" declared "call:271"
"['KLChen2PokerPlayer']" won the round 41 (stack = {'ZPlayer': 0, 'NitWinWin': 920, 'Jinkun': 990, 'YueShi': 910, 'JoyoPlayer': 2278, 'ZifengFoldMan': 915, 'EvanPlayer': 0, 'KLChen2PokerPlayer': 1986})
player [NitWinWin] gets hole card ['C4', 'C9'], current stack 920
player [Jinkun] gets hole card ['C8', 'C2'], current stack 990
player [YueShi] gets hole card ['S9', 'S3'], current stack 910
player [JoyoPlayer] gets hole card ['D8', 'HT'], current stack 2278
player [ZifengFoldMan] gets hole card ['D4', 'ST'], current stack 910
player [KLChen2PokerPlayer] gets hole card ['C6', 'D9'], current stack 1976
Started the round 42
Street "preflop" started. (community card = [])
"NitWinWin" declared "fold:0"
"Jinkun" declared "fold:10"
"YueShi" declared "fold:0"
"JoyoPlayer" declared "fold:0"
"ZifengFoldMan" declared "fold:0"
"['KLChen2PokerPlayer']" won the round 42 (stack = {'ZPlayer': 0, 'NitWinWin': 920, 'Jinkun': 990, 'YueShi': 910, 'JoyoPlayer': 2278, 'ZifengFoldMan': 910, 'EvanPlayer': 0, 'KLChen2PokerPlayer': 1991})
player [NitWinWin] gets hole card ['S9', 'S2'], current stack 910
player [Jinkun] gets hole card ['HA', 'S6'], current stack 990
player [YueShi] gets hole card ['D4', 'C8'], current stack 910
player [JoyoPlayer] gets hole card ['DA', 'DK'], current stack 2278
player [ZifengFoldMan] gets hole card ['CJ', 'H3'], current stack 910
player [KLChen2PokerPlayer] gets hole card ['H8', 'D2'], current stack 1986
Started the round 43
Street "preflop" started. (community card = [])
"Jinkun" declared "fold:10"
"YueShi" declared "fold:0"
"JoyoPlayer" declared "raise:15"
"ZifengFoldMan" declared "fold:0"
"KLChen2PokerPlayer" declared "fold:0"
"NitWinWin" declared "fold:0"
"['JoyoPlayer']" won the round 43 (stack = {'ZPlayer': 0, 'NitWinWin': 910, 'Jinkun': 990, 'YueShi': 910, 'JoyoPlayer': 2293, 'ZifengFoldMan': 910, 'EvanPlayer': 0, 'KLChen2PokerPlayer': 1986})
player [NitWinWin] gets hole card ['DK', 'S2'], current stack 905
player [Jinkun] gets hole card ['C9', 'SA'], current stack 980
player [YueShi] gets hole card ['SK', 'D5'], current stack 910
player [JoyoPlayer] gets hole card ['H4', 'C6'], current stack 2293
player [ZifengFoldMan] gets hole card ['CA', 'H3'], current stack 910
player [KLChen2PokerPlayer] gets hole card ['H5', 'S5'], current stack 1986
Started the round 44
Street "preflop" started. (community card = [])
"YueShi" declared "fold:0"
"JoyoPlayer" declared "fold:0"
"ZifengFoldMan" declared "fold:0"
"KLChen2PokerPlayer" declared "raise:15"
"NitWinWin" declared "fold:0"
"Jinkun" declared "call:15"
Street "flop" started. (community card = ['H7', 'CJ', 'H9'])
"Jinkun" declared "call:0"
"KLChen2PokerPlayer" declared "raise:13"
"Jinkun" declared "call:13"
Street "turn" started. (community card = ['H7', 'CJ', 'H9', 'SQ'])
"Jinkun" declared "call:0"
"KLChen2PokerPlayer" declared "call:0"
Street "river" started. (community card = ['H7', 'CJ', 'H9', 'SQ', 'HA'])
"Jinkun" declared "raise:27"
"KLChen2PokerPlayer" declared "fold:0"
"['Jinkun']" won the round 44 (stack = {'ZPlayer': 0, 'NitWinWin': 905, 'Jinkun': 1023, 'YueShi': 910, 'JoyoPlayer': 2293, 'ZifengFoldMan': 910, 'EvanPlayer': 0, 'KLChen2PokerPlayer': 1958})
player [NitWinWin] gets hole card ['SA', 'C5'], current stack 905
player [Jinkun] gets hole card ['D7', 'H5'], current stack 1018
player [YueShi] gets hole card ['HT', 'DK'], current stack 900
player [JoyoPlayer] gets hole card ['H4', 'S2'], current stack 2293
player [ZifengFoldMan] gets hole card ['DA', 'H9'], current stack 910
player [KLChen2PokerPlayer] gets hole card ['D9', 'S7'], current stack 1958
Started the round 45
Street "preflop" started. (community card = [])
"JoyoPlayer" declared "fold:0"
"ZifengFoldMan" declared "fold:0"
"KLChen2PokerPlayer" declared "call:10"
"NitWinWin" declared "fold:0"
"Jinkun" declared "call:10"
"YueShi" declared "fold:0"
Street "flop" started. (community card = ['S9', 'H6', 'C4'])
"Jinkun" declared "call:0"
"KLChen2PokerPlayer" declared "raise:32"
"Jinkun" declared "fold:32"
"['KLChen2PokerPlayer']" won the round 45 (stack = {'ZPlayer': 0, 'NitWinWin': 905, 'Jinkun': 1013, 'YueShi': 900, 'JoyoPlayer': 2293, 'ZifengFoldMan': 910, 'EvanPlayer': 0, 'KLChen2PokerPlayer': 1978})
player [NitWinWin] gets hole card ['D4', 'SQ'], current stack 905
player [Jinkun] gets hole card ['CT', 'H2'], current stack 1013
player [YueShi] gets hole card ['DK', 'H8'], current stack 895
player [JoyoPlayer] gets hole card ['H4', 'C2'], current stack 2283
player [ZifengFoldMan] gets hole card ['DJ', 'S9'], current stack 910
player [KLChen2PokerPlayer] gets hole card ['D2', 'C9'], current stack 1978
Started the round 46
Street "preflop" started. (community card = [])
"ZifengFoldMan" declared "fold:0"
"KLChen2PokerPlayer" declared "fold:0"
"NitWinWin" declared "fold:0"
"Jinkun" declared "call:10"
"YueShi" declared "fold:0"
"JoyoPlayer" declared "raise:15"
"Jinkun" declared "fold:15"
"['JoyoPlayer']" won the round 46 (stack = {'ZPlayer': 0, 'NitWinWin': 905, 'Jinkun': 1003, 'YueShi': 895, 'JoyoPlayer': 2308, 'ZifengFoldMan': 910, 'EvanPlayer': 0, 'KLChen2PokerPlayer': 1978})
player [NitWinWin] gets hole card ['H7', 'HQ'], current stack 905
player [Jinkun] gets hole card ['H6', 'D5'], current stack 1003
player [YueShi] gets hole card ['HK', 'S2'], current stack 895
player [JoyoPlayer] gets hole card ['C2', 'SJ'], current stack 2303
player [ZifengFoldMan] gets hole card ['DA', 'CT'], current stack 900
player [KLChen2PokerPlayer] gets hole card ['C4', 'C9'], current stack 1978
Started the round 47
Street "preflop" started. (community card = [])
"KLChen2PokerPlayer" declared "call:10"
"NitWinWin" declared "fold:0"
"Jinkun" declared "fold:10"
"YueShi" declared "fold:0"
"JoyoPlayer" declared "raise:15"
"ZifengFoldMan" declared "fold:0"
"KLChen2PokerPlayer" declared "fold:0"
"['JoyoPlayer']" won the round 47 (stack = {'ZPlayer': 0, 'NitWinWin': 905, 'Jinkun': 1003, 'YueShi': 895, 'JoyoPlayer': 2328, 'ZifengFoldMan': 900, 'EvanPlayer': 0, 'KLChen2PokerPlayer': 1968})
player [NitWinWin] gets hole card ['ST', 'D9'], current stack 905
player [Jinkun] gets hole card ['D5', 'H7'], current stack 1003
player [YueShi] gets hole card ['S6', 'S2'], current stack 895
player [JoyoPlayer] gets hole card ['D6', 'DK'], current stack 2328
player [ZifengFoldMan] gets hole card ['D8', 'DQ'], current stack 895
player [KLChen2PokerPlayer] gets hole card ['H3', 'HA'], current stack 1958
Started the round 48
Street "preflop" started. (community card = [])
"NitWinWin" declared "fold:0"
"Jinkun" declared "fold:10"
"YueShi" declared "fold:0"
"JoyoPlayer" declared "fold:0"
"ZifengFoldMan" declared "fold:0"
"['KLChen2PokerPlayer']" won the round 48 (stack = {'ZPlayer': 0, 'NitWinWin': 905, 'Jinkun': 1003, 'YueShi': 895, 'JoyoPlayer': 2328, 'ZifengFoldMan': 895, 'EvanPlayer': 0, 'KLChen2PokerPlayer': 1973})
player [NitWinWin] gets hole card ['H9', 'DJ'], current stack 895
player [Jinkun] gets hole card ['DA', 'CT'], current stack 1003
player [YueShi] gets hole card ['H8', 'CQ'], current stack 895
player [JoyoPlayer] gets hole card ['H6', 'C2'], current stack 2328
player [ZifengFoldMan] gets hole card ['S9', 'SJ'], current stack 895
player [KLChen2PokerPlayer] gets hole card ['C5', 'CA'], current stack 1968
Started the round 49
Street "preflop" started. (community card = [])
"Jinkun" declared "fold:10"
"YueShi" declared "fold:0"
"JoyoPlayer" declared "fold:0"
"ZifengFoldMan" declared "fold:0"
"KLChen2PokerPlayer" declared "raise:16"
"NitWinWin" declared "fold:0"
"['KLChen2PokerPlayer']" won the round 49 (stack = {'ZPlayer': 0, 'NitWinWin': 895, 'Jinkun': 1003, 'YueShi': 895, 'JoyoPlayer': 2328, 'ZifengFoldMan': 895, 'EvanPlayer': 0, 'KLChen2PokerPlayer': 1983})
player [NitWinWin] gets hole card ['S9', 'D8'], current stack 890
player [Jinkun] gets hole card ['DA', 'HA'], current stack 993
player [YueShi] gets hole card ['D2', 'CT'], current stack 895
player [JoyoPlayer] gets hole card ['HQ', 'CK'], current stack 2328
player [ZifengFoldMan] gets hole card ['SJ', 'DQ'], current stack 895
player [KLChen2PokerPlayer] gets hole card ['CA', 'ST'], current stack 1983
Started the round 50
Street "preflop" started. (community card = [])
"YueShi" declared "fold:0"
"JoyoPlayer" declared "raise:15"
"ZifengFoldMan" declared "fold:0"
"KLChen2PokerPlayer" declared "raise:25"
"NitWinWin" declared "fold:0"
"Jinkun" declared "call:25"
"JoyoPlayer" declared "raise:35"
"KLChen2PokerPlayer" declared "fold:0"
"Jinkun" declared "call:35"
Street "flop" started. (community card = ['C4', 'D9', 'D3'])
"Jinkun" declared "raise:43"
"JoyoPlayer" declared "fold:0"
"['Jinkun']" won the round 50 (stack = {'ZPlayer': 0, 'NitWinWin': 890, 'Jinkun': 1068, 'YueShi': 895, 'JoyoPlayer': 2293, 'ZifengFoldMan': 895, 'EvanPlayer': 0, 'KLChen2PokerPlayer': 1958})

Game Results:
------------------------------------------------------------
Game 1:
Winner: JoyoPlayer (stack: 2293)
All players' stacks:
  ZPlayer: 0
  NitWinWin: 890
  Jinkun: 1068
  YueShi: 895
  JoyoPlayer: 2293
  ZifengFoldMan: 895
  EvanPlayer: 0
  KLChen2PokerPlayer: 1958
------------------------------------------------------------
