player [YueShi] gets hole card ['S2', 'D3'], current stack 1000
player [HakulaPlayer] gets hole card ['H4', 'D8'], current stack 995
player [Jinkun] gets hole card ['H3', 'HA'], current stack 990
player [Ethan] gets hole card ['HJ', 'SA'], current stack 1000
player [PlayerXinZhu] gets hole card ['C4', 'S5'], current stack 1000
Started the round 1
Street "preflop" started. (community card = [])
"Ethan" declared "raise:150"
"PlayerXinZhu" declared "raise:290"
"YueShi" declared "fold:0"
"HakulaPlayer" declared "fold:0"
"Jinkun" declared "fold:290"
"Ethan" declared "call:290"
Street "flop" started. (community card = ['D9', 'HK', 'CJ'])
"Ethan" declared "call:0"
"PlayerXinZhu" declared "raise:10"
"Ethan" declared "raise:605"
"PlayerXinZhu" declared "call:605"
Street "turn" started. (community card = ['D9', 'HK', 'CJ', 'DA'])
"Ethan" declared "raise:105"
"PlayerXinZhu" declared "call:105"
Street "river" started. (community card = ['D9', 'HK', 'CJ', 'DA', 'D7'])
"['Ethan']" won the round 1 (stack = {'YueShi': 1000, 'HakulaPlayer': 995, 'Jinkun': 990, 'Ethan': 2015, 'PlayerXinZhu': 0})
player [YueShi] gets hole card ['H6', 'D9'], current stack 1000
player [HakulaPlayer] gets hole card ['C5', 'H5'], current stack 995
player [Jinkun] gets hole card ['S9', 'H9'], current stack 985
player [Ethan] gets hole card ['D5', 'H8'], current stack 2005
Started the round 2
Street "preflop" started. (community card = [])
"YueShi" declared "fold:0"
"HakulaPlayer" declared "call:10"
"Jinkun" declared "call:10"
"Ethan" declared "fold:0"
Street "flop" started. (community card = ['H2', 'SK', 'C2'])
"Jinkun" declared "call:0"
"HakulaPlayer" declared "raise:28"
"Jinkun" declared "call:28"
Street "turn" started. (community card = ['H2', 'SK', 'C2', 'HA'])
"Jinkun" declared "call:0"
"HakulaPlayer" declared "call:0"
Street "river" started. (community card = ['H2', 'SK', 'C2', 'HA', 'D6'])
"Jinkun" declared "call:0"
"HakulaPlayer" declared "call:0"
"['Jinkun']" won the round 2 (stack = {'YueShi': 1000, 'HakulaPlayer': 957, 'Jinkun': 1038, 'Ethan': 2005, 'PlayerXinZhu': 0})
player [YueShi] gets hole card ['SJ', 'SA'], current stack 990
player [HakulaPlayer] gets hole card ['D3', 'DA'], current stack 957
player [Jinkun] gets hole card ['H4', 'C6'], current stack 1038
player [Ethan] gets hole card ['S3', 'C5'], current stack 2000
Started the round 3
Street "preflop" started. (community card = [])
"HakulaPlayer" declared "call:10"
"Jinkun" declared "call:10"
"Ethan" declared "fold:0"
"YueShi" declared "fold:0"
Street "flop" started. (community card = ['DK', 'CK', 'S2'])
"HakulaPlayer" declared "call:0"
"Jinkun" declared "call:0"
Street "turn" started. (community card = ['DK', 'CK', 'S2', 'H3'])
"HakulaPlayer" declared "raise:37"
"Jinkun" declared "fold:37"
"['HakulaPlayer']" won the round 3 (stack = {'YueShi': 990, 'HakulaPlayer': 982, 'Jinkun': 1028, 'Ethan': 2000, 'PlayerXinZhu': 0})
player [YueShi] gets hole card ['C5', 'C6'], current stack 985
player [HakulaPlayer] gets hole card ['S7', 'D4'], current stack 972
player [Jinkun] gets hole card ['D8', 'D7'], current stack 1028
player [Ethan] gets hole card ['CQ', 'CA'], current stack 2000
Started the round 4
Street "preflop" started. (community card = [])
"Jinkun" declared "call:10"
"Ethan" declared "raise:300"
"YueShi" declared "fold:0"
"HakulaPlayer" declared "raise:590"
"Jinkun" declared "fold:590"
"Ethan" declared "call:590"
Street "flop" started. (community card = ['H5', 'H6', 'HK'])
"HakulaPlayer" declared "call:0"
"Ethan" declared "call:0"
Street "turn" started. (community card = ['H5', 'H6', 'HK', 'H8'])
"HakulaPlayer" declared "call:0"
"Ethan" declared "call:0"
Street "river" started. (community card = ['H5', 'H6', 'HK', 'H8', 'D6'])
"HakulaPlayer" declared "call:0"
"Ethan" declared "call:0"
"['HakulaPlayer']" won the round 4 (stack = {'YueShi': 985, 'HakulaPlayer': 1587, 'Jinkun': 1018, 'Ethan': 1410, 'PlayerXinZhu': 0})
player [YueShi] gets hole card ['D3', 'S6'], current stack 985
player [HakulaPlayer] gets hole card ['H3', 'CQ'], current stack 1582
player [Jinkun] gets hole card ['DT', 'C3'], current stack 1008
player [Ethan] gets hole card ['C8', 'S7'], current stack 1410
Started the round 5
Street "preflop" started. (community card = [])
"Ethan" declared "fold:0"
"YueShi" declared "fold:0"
"HakulaPlayer" declared "call:10"
"Jinkun" declared "raise:30"
"HakulaPlayer" declared "fold:0"
"['Jinkun']" won the round 5 (stack = {'YueShi': 985, 'HakulaPlayer': 1577, 'Jinkun': 1028, 'Ethan': 1410, 'PlayerXinZhu': 0})
player [YueShi] gets hole card ['HA', 'S5'], current stack 985
player [HakulaPlayer] gets hole card ['S2', 'C5'], current stack 1577
player [Jinkun] gets hole card ['DA', 'D6'], current stack 1023
player [Ethan] gets hole card ['H7', 'C9'], current stack 1400
Started the round 6
Street "preflop" started. (community card = [])
"YueShi" declared "fold:0"
"HakulaPlayer" declared "fold:0"
"Jinkun" declared "call:10"
"Ethan" declared "fold:0"
"['Jinkun']" won the round 6 (stack = {'YueShi': 985, 'HakulaPlayer': 1577, 'Jinkun': 1038, 'Ethan': 1400, 'PlayerXinZhu': 0})
player [YueShi] gets hole card ['S8', 'D2'], current stack 975
player [HakulaPlayer] gets hole card ['HK', 'CJ'], current stack 1577
player [Jinkun] gets hole card ['DK', 'SQ'], current stack 1038
player [Ethan] gets hole card ['DT', 'HQ'], current stack 1395
Started the round 7
Street "preflop" started. (community card = [])
"HakulaPlayer" declared "call:10"
"Jinkun" declared "call:10"
"Ethan" declared "fold:0"
"YueShi" declared "fold:0"
Street "flop" started. (community card = ['S3', 'CA', 'D7'])
"HakulaPlayer" declared "call:0"
"Jinkun" declared "call:0"
Street "turn" started. (community card = ['S3', 'CA', 'D7', 'S5'])
"HakulaPlayer" declared "call:0"
"Jinkun" declared "call:0"
Street "river" started. (community card = ['S3', 'CA', 'D7', 'S5', 'C9'])
"HakulaPlayer" declared "call:0"
"Jinkun" declared "call:0"
"['Jinkun']" won the round 7 (stack = {'YueShi': 975, 'HakulaPlayer': 1567, 'Jinkun': 1063, 'Ethan': 1395, 'PlayerXinZhu': 0})
player [YueShi] gets hole card ['D6', 'H3'], current stack 970
player [HakulaPlayer] gets hole card ['S7', 'D2'], current stack 1557
player [Jinkun] gets hole card ['CA', 'H5'], current stack 1063
player [Ethan] gets hole card ['H7', 'D8'], current stack 1395
Started the round 8
Street "preflop" started. (community card = [])
"Jinkun" declared "call:10"
"Ethan" declared "fold:0"
"YueShi" declared "fold:0"
"HakulaPlayer" declared "call:10"
Street "flop" started. (community card = ['HT', 'C4', 'D9'])
"HakulaPlayer" declared "call:0"
"Jinkun" declared "call:0"
Street "turn" started. (community card = ['HT', 'C4', 'D9', 'DT'])
"HakulaPlayer" declared "call:0"
"Jinkun" declared "call:0"
Street "river" started. (community card = ['HT', 'C4', 'D9', 'DT', 'S2'])
"HakulaPlayer" declared "call:0"
"Jinkun" declared "call:0"
"['HakulaPlayer']" won the round 8 (stack = {'YueShi': 970, 'HakulaPlayer': 1582, 'Jinkun': 1053, 'Ethan': 1395, 'PlayerXinZhu': 0})
player [YueShi] gets hole card ['H4', 'D9'], current stack 970
player [HakulaPlayer] gets hole card ['S9', 'D3'], current stack 1577
player [Jinkun] gets hole card ['H7', 'C3'], current stack 1043
player [Ethan] gets hole card ['D7', 'SA'], current stack 1395
Started the round 9
Street "preflop" started. (community card = [])
"Ethan" declared "fold:0"
"YueShi" declared "fold:0"
"HakulaPlayer" declared "fold:0"
"['Jinkun']" won the round 9 (stack = {'YueShi': 970, 'HakulaPlayer': 1577, 'Jinkun': 1058, 'Ethan': 1395, 'PlayerXinZhu': 0})
player [YueShi] gets hole card ['HT', 'SK'], current stack 970
player [HakulaPlayer] gets hole card ['ST', 'D7'], current stack 1577
player [Jinkun] gets hole card ['C3', 'S8'], current stack 1053
player [Ethan] gets hole card ['C9', 'HJ'], current stack 1385
Started the round 10
Street "preflop" started. (community card = [])
"YueShi" declared "fold:0"
"HakulaPlayer" declared "fold:0"
"Jinkun" declared "call:10"
"Ethan" declared "call:10"
Street "flop" started. (community card = ['S5', 'CQ', 'C7'])
"Jinkun" declared "call:0"
"Ethan" declared "call:0"
Street "turn" started. (community card = ['S5', 'CQ', 'C7', 'C2'])
"Jinkun" declared "call:0"
"Ethan" declared "call:0"
Street "river" started. (community card = ['S5', 'CQ', 'C7', 'C2', 'HA'])
"Jinkun" declared "call:0"
"Ethan" declared "call:0"
"['Ethan']" won the round 10 (stack = {'YueShi': 970, 'HakulaPlayer': 1577, 'Jinkun': 1048, 'Ethan': 1405, 'PlayerXinZhu': 0})
player [YueShi] gets hole card ['D3', 'S6'], current stack 960
player [HakulaPlayer] gets hole card ['C2', 'D7'], current stack 1577
player [Jinkun] gets hole card ['HA', 'D2'], current stack 1048
player [Ethan] gets hole card ['H7', 'HK'], current stack 1400
Started the round 11
Street "preflop" started. (community card = [])
"HakulaPlayer" declared "fold:0"
"Jinkun" declared "call:10"
"Ethan" declared "fold:0"
"YueShi" declared "fold:0"
"['Jinkun']" won the round 11 (stack = {'YueShi': 960, 'HakulaPlayer': 1577, 'Jinkun': 1063, 'Ethan': 1400, 'PlayerXinZhu': 0})
player [YueShi] gets hole card ['D2', 'DJ'], current stack 955
player [HakulaPlayer] gets hole card ['D5', 'CA'], current stack 1567
player [Jinkun] gets hole card ['HK', 'DT'], current stack 1063
player [Ethan] gets hole card ['DK', 'S2'], current stack 1400
Started the round 12
Street "preflop" started. (community card = [])
"Jinkun" declared "call:10"
"Ethan" declared "fold:0"
"YueShi" declared "fold:0"
"HakulaPlayer" declared "call:10"
Street "flop" started. (community card = ['H7', 'C7', 'C5'])
"HakulaPlayer" declared "raise:32"
"Jinkun" declared "fold:32"
"['HakulaPlayer']" won the round 12 (stack = {'YueShi': 955, 'HakulaPlayer': 1592, 'Jinkun': 1053, 'Ethan': 1400, 'PlayerXinZhu': 0})
player [YueShi] gets hole card ['DT', 'D2'], current stack 955
player [HakulaPlayer] gets hole card ['D6', 'H9'], current stack 1587
player [Jinkun] gets hole card ['H4', 'D9'], current stack 1043
player [Ethan] gets hole card ['C2', 'C7'], current stack 1400
Started the round 13
Street "preflop" started. (community card = [])
"Ethan" declared "fold:0"
"YueShi" declared "fold:0"
"HakulaPlayer" declared "fold:0"
"['Jinkun']" won the round 13 (stack = {'YueShi': 955, 'HakulaPlayer': 1587, 'Jinkun': 1058, 'Ethan': 1400, 'PlayerXinZhu': 0})
player [YueShi] gets hole card ['HJ', 'DQ'], current stack 955
player [HakulaPlayer] gets hole card ['H8', 'CK'], current stack 1587
player [Jinkun] gets hole card ['S3', 'D3'], current stack 1053
player [Ethan] gets hole card ['S5', 'S7'], current stack 1390
Started the round 14
Street "preflop" started. (community card = [])
"YueShi" declared "fold:0"
"HakulaPlayer" declared "call:10"
"Jinkun" declared "call:10"
"Ethan" declared "fold:0"
Street "flop" started. (community card = ['H4', 'S8', 'C7'])
"Jinkun" declared "call:0"
"HakulaPlayer" declared "raise:54"
"Jinkun" declared "fold:54"
"['HakulaPlayer']" won the round 14 (stack = {'YueShi': 955, 'HakulaPlayer': 1607, 'Jinkun': 1048, 'Ethan': 1390, 'PlayerXinZhu': 0})
player [YueShi] gets hole card ['HT', 'SJ'], current stack 945
player [HakulaPlayer] gets hole card ['SK', 'H2'], current stack 1607
player [Jinkun] gets hole card ['H8', 'S4'], current stack 1048
player [Ethan] gets hole card ['HK', 'H9'], current stack 1385
Started the round 15
Street "preflop" started. (community card = [])
"HakulaPlayer" declared "fold:0"
"Jinkun" declared "call:10"
"Ethan" declared "call:10"
"YueShi" declared "fold:0"
Street "flop" started. (community card = ['DJ', 'S5', 'HJ'])
"Ethan" declared "call:0"
"Jinkun" declared "call:0"
Street "turn" started. (community card = ['DJ', 'S5', 'HJ', 'SA'])
"Ethan" declared "call:0"
"Jinkun" declared "call:0"
Street "river" started. (community card = ['DJ', 'S5', 'HJ', 'SA', 'DA'])
"Ethan" declared "call:0"
"Jinkun" declared "call:0"
"['Ethan']" won the round 15 (stack = {'YueShi': 945, 'HakulaPlayer': 1607, 'Jinkun': 1038, 'Ethan': 1410, 'PlayerXinZhu': 0})
player [YueShi] gets hole card ['ST', 'DK'], current stack 940
player [HakulaPlayer] gets hole card ['C4', 'D9'], current stack 1597
player [Jinkun] gets hole card ['S6', 'S3'], current stack 1038
player [Ethan] gets hole card ['CK', 'CJ'], current stack 1410
Started the round 16
Street "preflop" started. (community card = [])
"Jinkun" declared "call:10"
"Ethan" declared "raise:211"
"YueShi" declared "fold:0"
"HakulaPlayer" declared "fold:0"
"Jinkun" declared "fold:211"
"['Ethan']" won the round 16 (stack = {'YueShi': 940, 'HakulaPlayer': 1597, 'Jinkun': 1028, 'Ethan': 1435, 'PlayerXinZhu': 0})
player [YueShi] gets hole card ['DA', 'D5'], current stack 940
player [HakulaPlayer] gets hole card ['HK', 'H7'], current stack 1592
player [Jinkun] gets hole card ['CK', 'C5'], current stack 1018
player [Ethan] gets hole card ['CT', 'H2'], current stack 1435
Started the round 17
Street "preflop" started. (community card = [])
"Ethan" declared "fold:0"
"YueShi" declared "fold:0"
"HakulaPlayer" declared "call:10"
"Jinkun" declared "call:10"
Street "flop" started. (community card = ['SJ', 'S6', 'DK'])
"HakulaPlayer" declared "raise:27"
"Jinkun" declared "call:27"
Street "turn" started. (community card = ['SJ', 'S6', 'DK', 'C2'])
"HakulaPlayer" declared "raise:109"
"Jinkun" declared "call:109"
Street "river" started. (community card = ['SJ', 'S6', 'DK', 'C2', 'D8'])
"HakulaPlayer" declared "raise:497"
"Jinkun" declared "call:497"
"['HakulaPlayer']" won the round 17 (stack = {'YueShi': 940, 'HakulaPlayer': 2240, 'Jinkun': 385, 'Ethan': 1435, 'PlayerXinZhu': 0})
player [YueShi] gets hole card ['HT', 'S8'], current stack 940
player [HakulaPlayer] gets hole card ['C6', 'C5'], current stack 2240
player [Jinkun] gets hole card ['H8', 'S2'], current stack 380
player [Ethan] gets hole card ['H9', 'S9'], current stack 1425
Started the round 18
Street "preflop" started. (community card = [])
"YueShi" declared "fold:0"
"HakulaPlayer" declared "fold:0"
"Jinkun" declared "call:10"
"Ethan" declared "raise:40"
"Jinkun" declared "fold:40"
"['Ethan']" won the round 18 (stack = {'YueShi': 940, 'HakulaPlayer': 2240, 'Jinkun': 375, 'Ethan': 1445, 'PlayerXinZhu': 0})
player [YueShi] gets hole card ['H7', 'S3'], current stack 930
player [HakulaPlayer] gets hole card ['D8', 'CQ'], current stack 2240
player [Jinkun] gets hole card ['C8', 'D9'], current stack 375
player [Ethan] gets hole card ['C9', 'S2'], current stack 1440
Started the round 19
Street "preflop" started. (community card = [])
"HakulaPlayer" declared "call:10"
"Jinkun" declared "call:10"
"Ethan" declared "fold:0"
"YueShi" declared "fold:0"
Street "flop" started. (community card = ['D6', 'D3', 'H5'])
"HakulaPlayer" declared "call:0"
"Jinkun" declared "raise:105"
"HakulaPlayer" declared "fold:0"
"['Jinkun']" won the round 19 (stack = {'YueShi': 930, 'HakulaPlayer': 2230, 'Jinkun': 400, 'Ethan': 1440, 'PlayerXinZhu': 0})
player [YueShi] gets hole card ['DT', 'D8'], current stack 925
player [HakulaPlayer] gets hole card ['S9', 'HQ'], current stack 2220
player [Jinkun] gets hole card ['S4', 'S2'], current stack 400
player [Ethan] gets hole card ['CQ', 'SK'], current stack 1440
Started the round 20
Street "preflop" started. (community card = [])
"Jinkun" declared "call:10"
"Ethan" declared "raise:216"
"YueShi" declared "fold:0"
"HakulaPlayer" declared "fold:0"
"Jinkun" declared "fold:216"
"['Ethan']" won the round 20 (stack = {'YueShi': 925, 'HakulaPlayer': 2220, 'Jinkun': 390, 'Ethan': 1465, 'PlayerXinZhu': 0})
player [YueShi] gets hole card ['D5', 'DT'], current stack 925
player [HakulaPlayer] gets hole card ['HJ', 'C2'], current stack 2215
player [Jinkun] gets hole card ['S8', 'CQ'], current stack 380
player [Ethan] gets hole card ['S9', 'S4'], current stack 1465
Started the round 21
Street "preflop" started. (community card = [])
"Ethan" declared "fold:0"
"YueShi" declared "fold:0"
"HakulaPlayer" declared "fold:0"
"['Jinkun']" won the round 21 (stack = {'YueShi': 925, 'HakulaPlayer': 2215, 'Jinkun': 395, 'Ethan': 1465, 'PlayerXinZhu': 0})
player [YueShi] gets hole card ['C8', 'CT'], current stack 925
player [HakulaPlayer] gets hole card ['H9', 'H2'], current stack 2215
player [Jinkun] gets hole card ['D6', 'D8'], current stack 390
player [Ethan] gets hole card ['C7', 'D3'], current stack 1455
Started the round 22
Street "preflop" started. (community card = [])
"YueShi" declared "fold:0"
"HakulaPlayer" declared "fold:0"
"Jinkun" declared "call:10"
"Ethan" declared "fold:0"
"['Jinkun']" won the round 22 (stack = {'YueShi': 925, 'HakulaPlayer': 2215, 'Jinkun': 405, 'Ethan': 1455, 'PlayerXinZhu': 0})
player [YueShi] gets hole card ['H4', 'C2'], current stack 915
player [HakulaPlayer] gets hole card ['D2', 'DK'], current stack 2215
player [Jinkun] gets hole card ['SK', 'D4'], current stack 405
player [Ethan] gets hole card ['S3', 'S2'], current stack 1450
Started the round 23
Street "preflop" started. (community card = [])
"HakulaPlayer" declared "call:10"
"Jinkun" declared "call:10"
"Ethan" declared "fold:0"
"YueShi" declared "fold:0"
Street "flop" started. (community card = ['C4', 'SQ', 'H2'])
"HakulaPlayer" declared "call:0"
"Jinkun" declared "call:0"
Street "turn" started. (community card = ['C4', 'SQ', 'H2', 'DQ'])
"HakulaPlayer" declared "call:0"
"Jinkun" declared "call:0"
Street "river" started. (community card = ['C4', 'SQ', 'H2', 'DQ', 'HQ'])
"HakulaPlayer" declared "raise:57"
"Jinkun" declared "call:57"
"['Jinkun']" won the round 23 (stack = {'YueShi': 915, 'HakulaPlayer': 2148, 'Jinkun': 487, 'Ethan': 1450, 'PlayerXinZhu': 0})
player [YueShi] gets hole card ['SJ', 'D7'], current stack 910
player [HakulaPlayer] gets hole card ['ST', 'SK'], current stack 2138
player [Jinkun] gets hole card ['C6', 'S3'], current stack 487
player [Ethan] gets hole card ['CQ', 'S2'], current stack 1450
Started the round 24
Street "preflop" started. (community card = [])
"Jinkun" declared "call:10"
"Ethan" declared "fold:0"
"YueShi" declared "fold:0"
"HakulaPlayer" declared "raise:45"
"Jinkun" declared "fold:45"
"['HakulaPlayer']" won the round 24 (stack = {'YueShi': 910, 'HakulaPlayer': 2163, 'Jinkun': 477, 'Ethan': 1450, 'PlayerXinZhu': 0})
player [YueShi] gets hole card ['SK', 'D6'], current stack 910
player [HakulaPlayer] gets hole card ['D7', 'C8'], current stack 2158
player [Jinkun] gets hole card ['S5', 'H9'], current stack 467
player [Ethan] gets hole card ['D4', 'C4'], current stack 1450
Started the round 25
Street "preflop" started. (community card = [])
"Ethan" declared "fold:0"
"YueShi" declared "fold:0"
"HakulaPlayer" declared "call:10"
"Jinkun" declared "raise:30"
"HakulaPlayer" declared "fold:0"
"['Jinkun']" won the round 25 (stack = {'YueShi': 910, 'HakulaPlayer': 2153, 'Jinkun': 487, 'Ethan': 1450, 'PlayerXinZhu': 0})
player [YueShi] gets hole card ['H2', 'C5'], current stack 910
player [HakulaPlayer] gets hole card ['D3', 'HA'], current stack 2153
player [Jinkun] gets hole card ['SQ', 'D5'], current stack 482
player [Ethan] gets hole card ['S8', 'S2'], current stack 1440
Started the round 26
Street "preflop" started. (community card = [])
"YueShi" declared "fold:0"
"HakulaPlayer" declared "call:10"
"Jinkun" declared "call:10"
"Ethan" declared "fold:0"
Street "flop" started. (community card = ['CK', 'C2', 'SJ'])
"Jinkun" declared "raise:90"
"HakulaPlayer" declared "fold:0"
"['Jinkun']" won the round 26 (stack = {'YueShi': 910, 'HakulaPlayer': 2143, 'Jinkun': 507, 'Ethan': 1440, 'PlayerXinZhu': 0})
player [YueShi] gets hole card ['D3', 'SA'], current stack 900
player [HakulaPlayer] gets hole card ['C6', 'DK'], current stack 2143
player [Jinkun] gets hole card ['H6', 'S7'], current stack 507
player [Ethan] gets hole card ['H8', 'C4'], current stack 1435
Started the round 27
Street "preflop" started. (community card = [])
"HakulaPlayer" declared "fold:0"
"Jinkun" declared "call:10"
"Ethan" declared "fold:0"
"YueShi" declared "fold:0"
"['Jinkun']" won the round 27 (stack = {'YueShi': 900, 'HakulaPlayer': 2143, 'Jinkun': 522, 'Ethan': 1435, 'PlayerXinZhu': 0})
player [YueShi] gets hole card ['SK', 'ST'], current stack 895
player [HakulaPlayer] gets hole card ['H5', 'S3'], current stack 2133
player [Jinkun] gets hole card ['CT', 'D3'], current stack 522
player [Ethan] gets hole card ['SQ', 'D9'], current stack 1435
Started the round 28
Street "preflop" started. (community card = [])
"Jinkun" declared "call:10"
"Ethan" declared "fold:0"
"YueShi" declared "fold:0"
"HakulaPlayer" declared "call:10"
Street "flop" started. (community card = ['HT', 'HJ', 'DA'])
"HakulaPlayer" declared "call:0"
"Jinkun" declared "call:0"
Street "turn" started. (community card = ['HT', 'HJ', 'DA', 'DJ'])
"HakulaPlayer" declared "call:0"
"Jinkun" declared "call:0"
Street "river" started. (community card = ['HT', 'HJ', 'DA', 'DJ', 'H6'])
"HakulaPlayer" declared "call:0"
"Jinkun" declared "call:0"
"['Jinkun']" won the round 28 (stack = {'YueShi': 895, 'HakulaPlayer': 2133, 'Jinkun': 537, 'Ethan': 1435, 'PlayerXinZhu': 0})
player [YueShi] gets hole card ['CQ', 'DA'], current stack 895
player [HakulaPlayer] gets hole card ['SK', 'S6'], current stack 2128
player [Jinkun] gets hole card ['C9', 'H2'], current stack 527
player [Ethan] gets hole card ['S3', 'H7'], current stack 1435
Started the round 29
Street "preflop" started. (community card = [])
"Ethan" declared "fold:0"
"YueShi" declared "fold:0"
"HakulaPlayer" declared "call:10"
"Jinkun" declared "call:10"
Street "flop" started. (community card = ['D7', 'S9', 'H5'])
"HakulaPlayer" declared "call:0"
"Jinkun" declared "call:0"
Street "turn" started. (community card = ['D7', 'S9', 'H5', 'HT'])
"HakulaPlayer" declared "call:0"
"Jinkun" declared "call:0"
Street "river" started. (community card = ['D7', 'S9', 'H5', 'HT', 'CJ'])
"HakulaPlayer" declared "call:0"
"Jinkun" declared "call:0"
"['Jinkun']" won the round 29 (stack = {'YueShi': 895, 'HakulaPlayer': 2123, 'Jinkun': 547, 'Ethan': 1435, 'PlayerXinZhu': 0})
player [YueShi] gets hole card ['H9', 'S3'], current stack 895
player [HakulaPlayer] gets hole card ['SK', 'DT'], current stack 2123
player [Jinkun] gets hole card ['H5', 'S6'], current stack 542
player [Ethan] gets hole card ['HJ', 'CK'], current stack 1425
Started the round 30
Street "preflop" started. (community card = [])
"YueShi" declared "fold:0"
"HakulaPlayer" declared "call:10"
"Jinkun" declared "raise:30"
"Ethan" declared "raise:215"
"HakulaPlayer" declared "fold:0"
"Jinkun" declared "fold:215"
"['Ethan']" won the round 30 (stack = {'YueShi': 895, 'HakulaPlayer': 2113, 'Jinkun': 517, 'Ethan': 1475, 'PlayerXinZhu': 0})
player [YueShi] gets hole card ['C6', 'SJ'], current stack 885
player [HakulaPlayer] gets hole card ['S3', 'D9'], current stack 2113
player [Jinkun] gets hole card ['H4', 'S6'], current stack 517
player [Ethan] gets hole card ['DA', 'DK'], current stack 1470
Started the round 31
Street "preflop" started. (community card = [])
"HakulaPlayer" declared "fold:0"
"Jinkun" declared "call:10"
"Ethan" declared "raise:442"
"YueShi" declared "fold:0"
"Jinkun" declared "fold:442"
"['Ethan']" won the round 31 (stack = {'YueShi': 885, 'HakulaPlayer': 2113, 'Jinkun': 507, 'Ethan': 1495, 'PlayerXinZhu': 0})
player [YueShi] gets hole card ['H5', 'CK'], current stack 880
player [HakulaPlayer] gets hole card ['HQ', 'D6'], current stack 2103
player [Jinkun] gets hole card ['DA', 'CA'], current stack 507
player [Ethan] gets hole card ['SK', 'C5'], current stack 1495
Started the round 32
Street "preflop" started. (community card = [])
"Jinkun" declared "call:10"
"Ethan" declared "fold:0"
"YueShi" declared "fold:0"
"HakulaPlayer" declared "call:10"
Street "flop" started. (community card = ['D2', 'DJ', 'D9'])
"HakulaPlayer" declared "call:0"
"Jinkun" declared "raise:11"
"HakulaPlayer" declared "fold:0"
"['Jinkun']" won the round 32 (stack = {'YueShi': 880, 'HakulaPlayer': 2103, 'Jinkun': 522, 'Ethan': 1495, 'PlayerXinZhu': 0})
player [YueShi] gets hole card ['C3', 'HK'], current stack 880
player [HakulaPlayer] gets hole card ['CA', 'CK'], current stack 2098
player [Jinkun] gets hole card ['S8', 'D4'], current stack 512
player [Ethan] gets hole card ['C8', 'S5'], current stack 1495
Started the round 33
Street "preflop" started. (community card = [])
"Ethan" declared "fold:0"
"YueShi" declared "fold:0"
"HakulaPlayer" declared "call:10"
"Jinkun" declared "call:10"
Street "flop" started. (community card = ['C5', 'C7', 'C4'])
"HakulaPlayer" declared "raise:39"
"Jinkun" declared "fold:39"
"['HakulaPlayer']" won the round 33 (stack = {'YueShi': 880, 'HakulaPlayer': 2113, 'Jinkun': 512, 'Ethan': 1495, 'PlayerXinZhu': 0})
player [YueShi] gets hole card ['C6', 'HJ'], current stack 880
player [HakulaPlayer] gets hole card ['DQ', 'D2'], current stack 2113
player [Jinkun] gets hole card ['H7', 'ST'], current stack 507
player [Ethan] gets hole card ['S7', 'D5'], current stack 1485
Started the round 34
Street "preflop" started. (community card = [])
"YueShi" declared "fold:0"
"HakulaPlayer" declared "call:10"
"Jinkun" declared "call:10"
"Ethan" declared "fold:0"
Street "flop" started. (community card = ['CJ', 'DK', 'H5'])
"Jinkun" declared "call:0"
"HakulaPlayer" declared "call:0"
Street "turn" started. (community card = ['CJ', 'DK', 'H5', 'SA'])
"Jinkun" declared "call:0"
"HakulaPlayer" declared "call:0"
Street "river" started. (community card = ['CJ', 'DK', 'H5', 'SA', 'H8'])
"Jinkun" declared "call:0"
"HakulaPlayer" declared "call:0"
"['HakulaPlayer']" won the round 34 (stack = {'YueShi': 880, 'HakulaPlayer': 2133, 'Jinkun': 502, 'Ethan': 1485, 'PlayerXinZhu': 0})
player [YueShi] gets hole card ['H4', 'H8'], current stack 870
player [HakulaPlayer] gets hole card ['CK', 'C9'], current stack 2133
player [Jinkun] gets hole card ['S4', 'D2'], current stack 502
player [Ethan] gets hole card ['CA', 'D6'], current stack 1480
Started the round 35
Street "preflop" started. (community card = [])
"HakulaPlayer" declared "call:10"
"Jinkun" declared "call:10"
"Ethan" declared "fold:0"
"YueShi" declared "fold:0"
Street "flop" started. (community card = ['C6', 'DA', 'D4'])
"HakulaPlayer" declared "call:0"
"Jinkun" declared "call:0"
Street "turn" started. (community card = ['C6', 'DA', 'D4', 'ST'])
"HakulaPlayer" declared "call:0"
"Jinkun" declared "call:0"
Street "river" started. (community card = ['C6', 'DA', 'D4', 'ST', 'DJ'])
"HakulaPlayer" declared "call:0"
"Jinkun" declared "call:0"
"['Jinkun']" won the round 35 (stack = {'YueShi': 870, 'HakulaPlayer': 2123, 'Jinkun': 527, 'Ethan': 1480, 'PlayerXinZhu': 0})
player [YueShi] gets hole card ['SQ', 'D9'], current stack 865
player [HakulaPlayer] gets hole card ['H5', 'S4'], current stack 2113
player [Jinkun] gets hole card ['D5', 'DA'], current stack 527
player [Ethan] gets hole card ['C3', 'C8'], current stack 1480
Started the round 36
Street "preflop" started. (community card = [])
"Jinkun" declared "call:10"
"Ethan" declared "fold:0"
"YueShi" declared "fold:0"
"HakulaPlayer" declared "call:10"
Street "flop" started. (community card = ['D7', 'S3', 'DK'])
"HakulaPlayer" declared "call:0"
"Jinkun" declared "call:0"
Street "turn" started. (community card = ['D7', 'S3', 'DK', 'HT'])
"HakulaPlayer" declared "call:0"
"Jinkun" declared "call:0"
Street "river" started. (community card = ['D7', 'S3', 'DK', 'HT', 'DJ'])
"HakulaPlayer" declared "call:0"
"Jinkun" declared "raise:12"
"HakulaPlayer" declared "fold:0"
"['Jinkun']" won the round 36 (stack = {'YueShi': 865, 'HakulaPlayer': 2113, 'Jinkun': 542, 'Ethan': 1480, 'PlayerXinZhu': 0})
player [YueShi] gets hole card ['C9', 'CA'], current stack 865
player [HakulaPlayer] gets hole card ['HJ', 'H8'], current stack 2108
player [Jinkun] gets hole card ['HQ', 'D3'], current stack 532
player [Ethan] gets hole card ['H5', 'C6'], current stack 1480
Started the round 37
Street "preflop" started. (community card = [])
"Ethan" declared "fold:0"
"YueShi" declared "fold:0"
"HakulaPlayer" declared "call:10"
"Jinkun" declared "call:10"
Street "flop" started. (community card = ['CK', 'C7', 'D7'])
"HakulaPlayer" declared "call:0"
"Jinkun" declared "call:0"
Street "turn" started. (community card = ['CK', 'C7', 'D7', 'CQ'])
"HakulaPlayer" declared "call:0"
"Jinkun" declared "call:0"
Street "river" started. (community card = ['CK', 'C7', 'D7', 'CQ', 'S4'])
"HakulaPlayer" declared "call:0"
"Jinkun" declared "call:0"
"['Jinkun']" won the round 37 (stack = {'YueShi': 865, 'HakulaPlayer': 2103, 'Jinkun': 552, 'Ethan': 1480, 'PlayerXinZhu': 0})
player [YueShi] gets hole card ['D8', 'CT'], current stack 865
player [HakulaPlayer] gets hole card ['D3', 'CA'], current stack 2103
player [Jinkun] gets hole card ['DJ', 'ST'], current stack 547
player [Ethan] gets hole card ['HJ', 'D4'], current stack 1470
Started the round 38
Street "preflop" started. (community card = [])
"YueShi" declared "fold:0"
"HakulaPlayer" declared "call:10"
"Jinkun" declared "call:10"
"Ethan" declared "fold:0"
Street "flop" started. (community card = ['D7', 'D9', 'D2'])
"Jinkun" declared "call:0"
"HakulaPlayer" declared "call:0"
Street "turn" started. (community card = ['D7', 'D9', 'D2', 'C4'])
"Jinkun" declared "call:0"
"HakulaPlayer" declared "call:0"
Street "river" started. (community card = ['D7', 'D9', 'D2', 'C4', 'S8'])
"Jinkun" declared "raise:14"
"HakulaPlayer" declared "fold:0"
"['Jinkun']" won the round 38 (stack = {'YueShi': 865, 'HakulaPlayer': 2093, 'Jinkun': 572, 'Ethan': 1470, 'PlayerXinZhu': 0})
player [YueShi] gets hole card ['C2', 'S3'], current stack 855
player [HakulaPlayer] gets hole card ['HA', 'H2'], current stack 2093
player [Jinkun] gets hole card ['ST', 'H5'], current stack 572
player [Ethan] gets hole card ['D4', 'CQ'], current stack 1465
Started the round 39
Street "preflop" started. (community card = [])
"HakulaPlayer" declared "call:10"
"Jinkun" declared "call:10"
"Ethan" declared "fold:0"
"YueShi" declared "fold:0"
Street "flop" started. (community card = ['S2', 'S4', 'DJ'])
"HakulaPlayer" declared "call:0"
"Jinkun" declared "call:0"
Street "turn" started. (community card = ['S2', 'S4', 'DJ', 'SA'])
"HakulaPlayer" declared "raise:66"
"Jinkun" declared "fold:66"
"['HakulaPlayer']" won the round 39 (stack = {'YueShi': 855, 'HakulaPlayer': 2118, 'Jinkun': 562, 'Ethan': 1465, 'PlayerXinZhu': 0})
player [YueShi] gets hole card ['S4', 'H9'], current stack 850
player [HakulaPlayer] gets hole card ['H3', 'ST'], current stack 2108
player [Jinkun] gets hole card ['HJ', 'DJ'], current stack 562
player [Ethan] gets hole card ['D9', 'H6'], current stack 1465
Started the round 40
Street "preflop" started. (community card = [])
"Jinkun" declared "call:10"
"Ethan" declared "fold:0"
"YueShi" declared "fold:0"
"HakulaPlayer" declared "call:10"
Street "flop" started. (community card = ['C3', 'C6', 'S2'])
"HakulaPlayer" declared "call:0"
"Jinkun" declared "call:0"
Street "turn" started. (community card = ['C3', 'C6', 'S2', 'HQ'])
"HakulaPlayer" declared "call:0"
"Jinkun" declared "call:0"
Street "river" started. (community card = ['C3', 'C6', 'S2', 'HQ', 'S8'])
"HakulaPlayer" declared "call:0"
"Jinkun" declared "call:0"
"['Jinkun']" won the round 40 (stack = {'YueShi': 850, 'HakulaPlayer': 2108, 'Jinkun': 577, 'Ethan': 1465, 'PlayerXinZhu': 0})
player [YueShi] gets hole card ['D2', 'DT'], current stack 850
player [HakulaPlayer] gets hole card ['H7', 'CJ'], current stack 2103
player [Jinkun] gets hole card ['DQ', 'CT'], current stack 567
player [Ethan] gets hole card ['D8', 'SK'], current stack 1465
Started the round 41
Street "preflop" started. (community card = [])
"Ethan" declared "fold:0"
"YueShi" declared "fold:0"
"HakulaPlayer" declared "call:10"
"Jinkun" declared "call:10"
Street "flop" started. (community card = ['HA', 'C9', 'SJ'])
"HakulaPlayer" declared "raise:28"
"Jinkun" declared "call:28"
Street "turn" started. (community card = ['HA', 'C9', 'SJ', 'CK'])
"HakulaPlayer" declared "call:0"
"Jinkun" declared "raise:37"
"HakulaPlayer" declared "call:37"
Street "river" started. (community card = ['HA', 'C9', 'SJ', 'CK', 'C7'])
"HakulaPlayer" declared "raise:317"
"Jinkun" declared "call:317"
"['Jinkun']" won the round 41 (stack = {'YueShi': 850, 'HakulaPlayer': 1716, 'Jinkun': 969, 'Ethan': 1465, 'PlayerXinZhu': 0})
player [YueShi] gets hole card ['C4', 'D3'], current stack 850
player [HakulaPlayer] gets hole card ['SA', 'H8'], current stack 1716
player [Jinkun] gets hole card ['CQ', 'C9'], current stack 964
player [Ethan] gets hole card ['S2', 'C5'], current stack 1455
Started the round 42
Street "preflop" started. (community card = [])
"YueShi" declared "fold:0"
"HakulaPlayer" declared "call:10"
"Jinkun" declared "call:10"
"Ethan" declared "fold:0"
Street "flop" started. (community card = ['SQ', 'DJ', 'D4'])
"Jinkun" declared "raise:12"
"HakulaPlayer" declared "call:12"

Game Results:
------------------------------------------------------------
Game 1:
Winner: HakulaPlayer (stack: 1754)
All players' stacks:
  YueShi: 820
  HakulaPlayer: 1754
  Jinkun: 986
  Ethan: 1440
  PlayerXinZhu: 0
------------------------------------------------------------
