player [YueShi] gets hole card ['H8', 'C6'], current stack 1000
player [HakulaPlayer] gets hole card ['S8', 'DQ'], current stack 995
player [Jinkun] gets hole card ['CK', 'HQ'], current stack 990
player [Ethan] gets hole card ['D8', 'DJ'], current stack 1000
player [PlayerXinZhu] gets hole card ['CJ', 'DA'], current stack 1000
Started the round 1
Street "preflop" started. (community card = [])
"Ethan" declared "fold:0"
"PlayerXinZhu" declared "raise:15"
"YueShi" declared "fold:0"
"HakulaPlayer" declared "fold:0"
"Jinkun" declared "call:15"
Street "flop" started. (community card = ['D7', 'H9', 'HA'])
"Jinkun" declared "call:0"
"PlayerXinZhu" declared "raise:10"
"Jinkun" declared "call:10"
Street "turn" started. (community card = ['D7', 'H9', 'HA', 'H6'])
"Jinkun" declared "call:0"
"PlayerXinZhu" declared "raise:10"
"Jinkun" declared "call:10"
Street "river" started. (community card = ['D7', 'H9', 'HA', 'H6', 'D2'])
"Jinkun" declared "raise:965"
"PlayerXinZhu" declared "call:965"
"['PlayerXinZhu']" won the round 1 (stack = {'YueShi': 1000, 'HakulaPlayer': 995, 'Jinkun': 0, 'Ethan': 1000, 'PlayerXinZhu': 2005})
player [YueShi] gets hole card ['D8', 'H4'], current stack 1000
player [HakulaPlayer] gets hole card ['HA', 'HQ'], current stack 995
player [Ethan] gets hole card ['C5', 'SJ'], current stack 995
player [PlayerXinZhu] gets hole card ['HJ', 'D6'], current stack 1995
Started the round 2
Street "preflop" started. (community card = [])
"YueShi" declared "fold:0"
"HakulaPlayer" declared "call:10"
"Ethan" declared "fold:0"
"PlayerXinZhu" declared "fold:0"
"['HakulaPlayer']" won the round 2 (stack = {'YueShi': 1000, 'HakulaPlayer': 1010, 'Jinkun': 0, 'Ethan': 995, 'PlayerXinZhu': 1995})
player [YueShi] gets hole card ['D8', 'S8'], current stack 990
player [HakulaPlayer] gets hole card ['CK', 'C9'], current stack 1010
player [Ethan] gets hole card ['D4', 'DQ'], current stack 995
player [PlayerXinZhu] gets hole card ['CT', 'DA'], current stack 1990
Started the round 3
Street "preflop" started. (community card = [])
"HakulaPlayer" declared "call:10"
"Ethan" declared "fold:0"
"PlayerXinZhu" declared "fold:0"
"YueShi" declared "fold:0"
"['HakulaPlayer']" won the round 3 (stack = {'YueShi': 990, 'HakulaPlayer': 1025, 'Jinkun': 0, 'Ethan': 995, 'PlayerXinZhu': 1990})
player [YueShi] gets hole card ['S6', 'D3'], current stack 985
player [HakulaPlayer] gets hole card ['DA', 'D6'], current stack 1015
player [Ethan] gets hole card ['C5', 'H2'], current stack 995
player [PlayerXinZhu] gets hole card ['SK', 'S7'], current stack 1990
Started the round 4
Street "preflop" started. (community card = [])
"Ethan" declared "fold:0"
"PlayerXinZhu" declared "call:10"
"YueShi" declared "fold:0"
"HakulaPlayer" declared "call:10"
Street "flop" started. (community card = ['C9', 'HJ', 'SA'])
"HakulaPlayer" declared "call:0"
"PlayerXinZhu" declared "fold:0"
"['HakulaPlayer']" won the round 4 (stack = {'YueShi': 985, 'HakulaPlayer': 1040, 'Jinkun': 0, 'Ethan': 995, 'PlayerXinZhu': 1980})
player [YueShi] gets hole card ['HA', 'C6'], current stack 985
player [HakulaPlayer] gets hole card ['C8', 'H9'], current stack 1035
player [Ethan] gets hole card ['S2', 'HT'], current stack 985
player [PlayerXinZhu] gets hole card ['H4', 'H3'], current stack 1980
Started the round 5
Street "preflop" started. (community card = [])
"PlayerXinZhu" declared "raise:15"
"YueShi" declared "fold:0"
"HakulaPlayer" declared "fold:0"
"Ethan" declared "fold:0"
"['PlayerXinZhu']" won the round 5 (stack = {'YueShi': 985, 'HakulaPlayer': 1035, 'Jinkun': 0, 'Ethan': 985, 'PlayerXinZhu': 1995})
player [YueShi] gets hole card ['DT', 'D6'], current stack 985
player [HakulaPlayer] gets hole card ['C5', 'C9'], current stack 1035
player [Ethan] gets hole card ['H3', 'CT'], current stack 980
player [PlayerXinZhu] gets hole card ['D2', 'DK'], current stack 1985
Started the round 6
Street "preflop" started. (community card = [])
"YueShi" declared "fold:0"
"HakulaPlayer" declared "fold:0"
"Ethan" declared "fold:0"
"['PlayerXinZhu']" won the round 6 (stack = {'YueShi': 985, 'HakulaPlayer': 1035, 'Jinkun': 0, 'Ethan': 980, 'PlayerXinZhu': 2000})
player [YueShi] gets hole card ['C7', 'DA'], current stack 975
player [HakulaPlayer] gets hole card ['SQ', 'D9'], current stack 1035
player [Ethan] gets hole card ['ST', 'D7'], current stack 980
player [PlayerXinZhu] gets hole card ['C2', 'H8'], current stack 1995
Started the round 7
Street "preflop" started. (community card = [])
"HakulaPlayer" declared "fold:0"
"Ethan" declared "fold:0"
"PlayerXinZhu" declared "fold:0"
"['YueShi']" won the round 7 (stack = {'YueShi': 990, 'HakulaPlayer': 1035, 'Jinkun': 0, 'Ethan': 980, 'PlayerXinZhu': 1995})
player [YueShi] gets hole card ['DQ', 'C2'], current stack 985
player [HakulaPlayer] gets hole card ['C6', 'D8'], current stack 1025
player [Ethan] gets hole card ['CK', 'C7'], current stack 980
player [PlayerXinZhu] gets hole card ['CJ', 'S3'], current stack 1995
Started the round 8
Street "preflop" started. (community card = [])
"Ethan" declared "fold:0"
"PlayerXinZhu" declared "fold:0"
"YueShi" declared "fold:0"
"['HakulaPlayer']" won the round 8 (stack = {'YueShi': 985, 'HakulaPlayer': 1040, 'Jinkun': 0, 'Ethan': 980, 'PlayerXinZhu': 1995})
player [YueShi] gets hole card ['DT', 'S8'], current stack 985
player [HakulaPlayer] gets hole card ['D4', 'C4'], current stack 1035
player [Ethan] gets hole card ['H7', 'C2'], current stack 970
player [PlayerXinZhu] gets hole card ['HK', 'C5'], current stack 1995
Started the round 9
Street "preflop" started. (community card = [])
"PlayerXinZhu" declared "fold:0"
"YueShi" declared "fold:0"
"HakulaPlayer" declared "call:10"
"Ethan" declared "fold:0"
"['HakulaPlayer']" won the round 9 (stack = {'YueShi': 985, 'HakulaPlayer': 1050, 'Jinkun': 0, 'Ethan': 970, 'PlayerXinZhu': 1995})
player [YueShi] gets hole card ['S2', 'D6'], current stack 985
player [HakulaPlayer] gets hole card ['DK', 'C9'], current stack 1050
player [Ethan] gets hole card ['SJ', 'H3'], current stack 965
player [PlayerXinZhu] gets hole card ['ST', 'H5'], current stack 1985
Started the round 10
Street "preflop" started. (community card = [])
"YueShi" declared "fold:0"
"HakulaPlayer" declared "call:10"
"Ethan" declared "fold:0"
"PlayerXinZhu" declared "fold:0"
"['HakulaPlayer']" won the round 10 (stack = {'YueShi': 985, 'HakulaPlayer': 1065, 'Jinkun': 0, 'Ethan': 965, 'PlayerXinZhu': 1985})
player [YueShi] gets hole card ['SK', 'S9'], current stack 975
player [HakulaPlayer] gets hole card ['D5', 'D8'], current stack 1065
player [Ethan] gets hole card ['H7', 'DT'], current stack 965
player [PlayerXinZhu] gets hole card ['C8', 'SJ'], current stack 1980
Started the round 11
Street "preflop" started. (community card = [])
"HakulaPlayer" declared "fold:0"
"Ethan" declared "fold:0"
"PlayerXinZhu" declared "fold:0"
"['YueShi']" won the round 11 (stack = {'YueShi': 990, 'HakulaPlayer': 1065, 'Jinkun': 0, 'Ethan': 965, 'PlayerXinZhu': 1980})
player [YueShi] gets hole card ['D7', 'C9'], current stack 985
player [HakulaPlayer] gets hole card ['ST', 'CJ'], current stack 1055
player [Ethan] gets hole card ['HA', 'C3'], current stack 965
player [PlayerXinZhu] gets hole card ['C6', 'HQ'], current stack 1980
Started the round 12
Street "preflop" started. (community card = [])
"Ethan" declared "fold:0"
"PlayerXinZhu" declared "fold:0"
"YueShi" declared "fold:0"
"['HakulaPlayer']" won the round 12 (stack = {'YueShi': 985, 'HakulaPlayer': 1070, 'Jinkun': 0, 'Ethan': 965, 'PlayerXinZhu': 1980})
player [YueShi] gets hole card ['CA', 'H2'], current stack 985
player [HakulaPlayer] gets hole card ['S2', 'CJ'], current stack 1065
player [Ethan] gets hole card ['D8', 'SQ'], current stack 955
player [PlayerXinZhu] gets hole card ['ST', 'H3'], current stack 1980
Started the round 13
Street "preflop" started. (community card = [])
"PlayerXinZhu" declared "fold:0"
"YueShi" declared "fold:0"
"HakulaPlayer" declared "fold:0"
"['Ethan']" won the round 13 (stack = {'YueShi': 985, 'HakulaPlayer': 1065, 'Jinkun': 0, 'Ethan': 970, 'PlayerXinZhu': 1980})
player [YueShi] gets hole card ['S7', 'H8'], current stack 985
player [HakulaPlayer] gets hole card ['H3', 'D8'], current stack 1065
player [Ethan] gets hole card ['DK', 'H4'], current stack 965
player [PlayerXinZhu] gets hole card ['CJ', 'C4'], current stack 1970
Started the round 14
Street "preflop" started. (community card = [])
"YueShi" declared "fold:0"
"HakulaPlayer" declared "fold:0"
"Ethan" declared "fold:0"
"['PlayerXinZhu']" won the round 14 (stack = {'YueShi': 985, 'HakulaPlayer': 1065, 'Jinkun': 0, 'Ethan': 965, 'PlayerXinZhu': 1985})
player [YueShi] gets hole card ['S4', 'D2'], current stack 975
player [HakulaPlayer] gets hole card ['HQ', 'H8'], current stack 1065
player [Ethan] gets hole card ['C7', 'SA'], current stack 965
player [PlayerXinZhu] gets hole card ['DA', 'CT'], current stack 1980
Started the round 15
Street "preflop" started. (community card = [])
"HakulaPlayer" declared "call:10"
"Ethan" declared "fold:0"
"PlayerXinZhu" declared "fold:0"
"YueShi" declared "fold:0"
"['HakulaPlayer']" won the round 15 (stack = {'YueShi': 975, 'HakulaPlayer': 1080, 'Jinkun': 0, 'Ethan': 965, 'PlayerXinZhu': 1980})
player [YueShi] gets hole card ['SK', 'H5'], current stack 970
player [HakulaPlayer] gets hole card ['C7', 'HQ'], current stack 1070
player [Ethan] gets hole card ['D8', 'H9'], current stack 965
player [PlayerXinZhu] gets hole card ['S9', 'S5'], current stack 1980
Started the round 16
Street "preflop" started. (community card = [])
"Ethan" declared "fold:0"
"PlayerXinZhu" declared "fold:0"
"YueShi" declared "fold:0"
"['HakulaPlayer']" won the round 16 (stack = {'YueShi': 970, 'HakulaPlayer': 1085, 'Jinkun': 0, 'Ethan': 965, 'PlayerXinZhu': 1980})
player [YueShi] gets hole card ['DK', 'C9'], current stack 970
player [HakulaPlayer] gets hole card ['H2', 'D3'], current stack 1080
player [Ethan] gets hole card ['HK', 'D4'], current stack 955
player [PlayerXinZhu] gets hole card ['D2', 'DJ'], current stack 1980
Started the round 17
Street "preflop" started. (community card = [])
"PlayerXinZhu" declared "fold:0"
"YueShi" declared "fold:0"
"HakulaPlayer" declared "fold:0"
"['Ethan']" won the round 17 (stack = {'YueShi': 970, 'HakulaPlayer': 1080, 'Jinkun': 0, 'Ethan': 970, 'PlayerXinZhu': 1980})
player [YueShi] gets hole card ['C3', 'D5'], current stack 970
player [HakulaPlayer] gets hole card ['HT', 'H9'], current stack 1080
player [Ethan] gets hole card ['D2', 'H3'], current stack 965
player [PlayerXinZhu] gets hole card ['HA', 'S2'], current stack 1970
Started the round 18
Street "preflop" started. (community card = [])
"YueShi" declared "fold:0"
"HakulaPlayer" declared "call:10"
"Ethan" declared "fold:0"
"PlayerXinZhu" declared "fold:0"
"['HakulaPlayer']" won the round 18 (stack = {'YueShi': 970, 'HakulaPlayer': 1095, 'Jinkun': 0, 'Ethan': 965, 'PlayerXinZhu': 1970})
player [YueShi] gets hole card ['HK', 'S9'], current stack 960
player [HakulaPlayer] gets hole card ['DQ', 'S4'], current stack 1095
player [Ethan] gets hole card ['DK', 'DT'], current stack 965
player [PlayerXinZhu] gets hole card ['ST', 'D2'], current stack 1965
Started the round 19
Street "preflop" started. (community card = [])
"HakulaPlayer" declared "fold:0"
"Ethan" declared "call:10"
"PlayerXinZhu" declared "fold:0"
"YueShi" declared "fold:0"
"['Ethan']" won the round 19 (stack = {'YueShi': 960, 'HakulaPlayer': 1095, 'Jinkun': 0, 'Ethan': 980, 'PlayerXinZhu': 1965})
player [YueShi] gets hole card ['C5', 'SQ'], current stack 955
player [HakulaPlayer] gets hole card ['C9', 'C4'], current stack 1085
player [Ethan] gets hole card ['S4', 'CT'], current stack 980
player [PlayerXinZhu] gets hole card ['DA', 'DQ'], current stack 1965
Started the round 20
Street "preflop" started. (community card = [])
"Ethan" declared "fold:0"
"PlayerXinZhu" declared "fold:0"
"YueShi" declared "fold:0"
"['HakulaPlayer']" won the round 20 (stack = {'YueShi': 955, 'HakulaPlayer': 1100, 'Jinkun': 0, 'Ethan': 980, 'PlayerXinZhu': 1965})
player [YueShi] gets hole card ['H5', 'H7'], current stack 955
player [HakulaPlayer] gets hole card ['S3', 'ST'], current stack 1095
player [Ethan] gets hole card ['SJ', 'D4'], current stack 970
player [PlayerXinZhu] gets hole card ['CJ', 'H9'], current stack 1965
Started the round 21
Street "preflop" started. (community card = [])
"PlayerXinZhu" declared "fold:0"
"YueShi" declared "fold:0"
"HakulaPlayer" declared "call:10"
"Ethan" declared "fold:0"
"['HakulaPlayer']" won the round 21 (stack = {'YueShi': 955, 'HakulaPlayer': 1110, 'Jinkun': 0, 'Ethan': 970, 'PlayerXinZhu': 1965})
player [YueShi] gets hole card ['H9', 'H8'], current stack 955
player [HakulaPlayer] gets hole card ['C9', 'D2'], current stack 1110
player [Ethan] gets hole card ['SK', 'H7'], current stack 965
player [PlayerXinZhu] gets hole card ['SQ', 'HQ'], current stack 1955
Started the round 22
Street "preflop" started. (community card = [])
"YueShi" declared "fold:0"
"HakulaPlayer" declared "fold:0"
"Ethan" declared "fold:0"
"['PlayerXinZhu']" won the round 22 (stack = {'YueShi': 955, 'HakulaPlayer': 1110, 'Jinkun': 0, 'Ethan': 965, 'PlayerXinZhu': 1970})
player [YueShi] gets hole card ['SA', 'C4'], current stack 945
player [HakulaPlayer] gets hole card ['CJ', 'H6'], current stack 1110
player [Ethan] gets hole card ['S7', 'DQ'], current stack 965
player [PlayerXinZhu] gets hole card ['H5', 'S5'], current stack 1965
Started the round 23
Street "preflop" started. (community card = [])
"HakulaPlayer" declared "fold:0"
"Ethan" declared "fold:0"
"PlayerXinZhu" declared "fold:0"
"['YueShi']" won the round 23 (stack = {'YueShi': 960, 'HakulaPlayer': 1110, 'Jinkun': 0, 'Ethan': 965, 'PlayerXinZhu': 1965})
player [YueShi] gets hole card ['CJ', 'DQ'], current stack 955
player [HakulaPlayer] gets hole card ['DJ', 'S8'], current stack 1100
player [Ethan] gets hole card ['HK', 'S9'], current stack 965
player [PlayerXinZhu] gets hole card ['H7', 'D8'], current stack 1965
Started the round 24
Street "preflop" started. (community card = [])
"Ethan" declared "fold:0"
"PlayerXinZhu" declared "fold:0"
"YueShi" declared "fold:0"
"['HakulaPlayer']" won the round 24 (stack = {'YueShi': 955, 'HakulaPlayer': 1115, 'Jinkun': 0, 'Ethan': 965, 'PlayerXinZhu': 1965})
player [YueShi] gets hole card ['S8', 'C8'], current stack 955
player [HakulaPlayer] gets hole card ['HK', 'C7'], current stack 1110
player [Ethan] gets hole card ['HJ', 'C3'], current stack 955
player [PlayerXinZhu] gets hole card ['ST', 'S3'], current stack 1965
Started the round 25
Street "preflop" started. (community card = [])
"PlayerXinZhu" declared "fold:0"
"YueShi" declared "fold:0"
"HakulaPlayer" declared "call:10"
"Ethan" declared "fold:0"
"['HakulaPlayer']" won the round 25 (stack = {'YueShi': 955, 'HakulaPlayer': 1125, 'Jinkun': 0, 'Ethan': 955, 'PlayerXinZhu': 1965})
player [YueShi] gets hole card ['SK', 'ST'], current stack 955
player [HakulaPlayer] gets hole card ['S4', 'C2'], current stack 1125
player [Ethan] gets hole card ['C7', 'S5'], current stack 950
player [PlayerXinZhu] gets hole card ['S8', 'HJ'], current stack 1955
Started the round 26
Street "preflop" started. (community card = [])
"YueShi" declared "fold:0"
"HakulaPlayer" declared "fold:0"
"Ethan" declared "fold:0"
"['PlayerXinZhu']" won the round 26 (stack = {'YueShi': 955, 'HakulaPlayer': 1125, 'Jinkun': 0, 'Ethan': 950, 'PlayerXinZhu': 1970})
player [YueShi] gets hole card ['D7', 'H5'], current stack 945
player [HakulaPlayer] gets hole card ['HJ', 'S2'], current stack 1125
player [Ethan] gets hole card ['DJ', 'HK'], current stack 950
player [PlayerXinZhu] gets hole card ['CA', 'DA'], current stack 1965
Started the round 27
Street "preflop" started. (community card = [])
"HakulaPlayer" declared "fold:0"
"Ethan" declared "raise:142"
"PlayerXinZhu" declared "fold:0"
"YueShi" declared "fold:0"
"['Ethan']" won the round 27 (stack = {'YueShi': 945, 'HakulaPlayer': 1125, 'Jinkun': 0, 'Ethan': 965, 'PlayerXinZhu': 1965})
player [YueShi] gets hole card ['S2', 'C5'], current stack 940
player [HakulaPlayer] gets hole card ['S4', 'SA'], current stack 1115
player [Ethan] gets hole card ['SJ', 'H5'], current stack 965
player [PlayerXinZhu] gets hole card ['S9', 'S3'], current stack 1965
Started the round 28
Street "preflop" started. (community card = [])
"Ethan" declared "fold:0"
"PlayerXinZhu" declared "fold:0"
"YueShi" declared "fold:0"
"['HakulaPlayer']" won the round 28 (stack = {'YueShi': 940, 'HakulaPlayer': 1130, 'Jinkun': 0, 'Ethan': 965, 'PlayerXinZhu': 1965})
player [YueShi] gets hole card ['HA', 'H2'], current stack 940
player [HakulaPlayer] gets hole card ['SK', 'CQ'], current stack 1125
player [Ethan] gets hole card ['H8', 'S8'], current stack 955
player [PlayerXinZhu] gets hole card ['DK', 'D8'], current stack 1965
Started the round 29
Street "preflop" started. (community card = [])
"PlayerXinZhu" declared "fold:0"
"YueShi" declared "fold:0"
"HakulaPlayer" declared "call:10"
"Ethan" declared "raise:40"
"HakulaPlayer" declared "fold:0"
"['Ethan']" won the round 29 (stack = {'YueShi': 940, 'HakulaPlayer': 1120, 'Jinkun': 0, 'Ethan': 975, 'PlayerXinZhu': 1965})
player [YueShi] gets hole card ['C9', 'DJ'], current stack 940
player [HakulaPlayer] gets hole card ['SJ', 'S7'], current stack 1120
player [Ethan] gets hole card ['D6', 'C4'], current stack 970
player [PlayerXinZhu] gets hole card ['DT', 'S8'], current stack 1955
Started the round 30
Street "preflop" started. (community card = [])
"YueShi" declared "fold:0"
"HakulaPlayer" declared "call:10"
"Ethan" declared "fold:0"
"PlayerXinZhu" declared "fold:0"
"['HakulaPlayer']" won the round 30 (stack = {'YueShi': 940, 'HakulaPlayer': 1135, 'Jinkun': 0, 'Ethan': 970, 'PlayerXinZhu': 1955})
player [YueShi] gets hole card ['SJ', 'C5'], current stack 930
player [HakulaPlayer] gets hole card ['SK', 'CK'], current stack 1135
player [Ethan] gets hole card ['HA', 'ST'], current stack 970
player [PlayerXinZhu] gets hole card ['H3', 'DJ'], current stack 1950
Started the round 31
Street "preflop" started. (community card = [])
"HakulaPlayer" declared "raise:34"
"Ethan" declared "call:34"
"PlayerXinZhu" declared "fold:0"
"YueShi" declared "fold:0"
Street "flop" started. (community card = ['D9', 'HK', 'S9'])
"HakulaPlayer" declared "raise:99"
"Ethan" declared "call:99"
Street "turn" started. (community card = ['D9', 'HK', 'S9', 'DA'])
"HakulaPlayer" declared "raise:379"
"Ethan" declared "fold:0"
"['HakulaPlayer']" won the round 31 (stack = {'YueShi': 930, 'HakulaPlayer': 1283, 'Jinkun': 0, 'Ethan': 837, 'PlayerXinZhu': 1950})
player [YueShi] gets hole card ['S5', 'C6'], current stack 925
player [HakulaPlayer] gets hole card ['D6', 'DT'], current stack 1273
player [Ethan] gets hole card ['SJ', 'SQ'], current stack 837
player [PlayerXinZhu] gets hole card ['H3', 'SK'], current stack 1950
Started the round 32
Street "preflop" started. (community card = [])
"Ethan" declared "raise:125"
"PlayerXinZhu" declared "fold:0"
"YueShi" declared "fold:0"
"HakulaPlayer" declared "fold:0"
"['Ethan']" won the round 32 (stack = {'YueShi': 925, 'HakulaPlayer': 1273, 'Jinkun': 0, 'Ethan': 852, 'PlayerXinZhu': 1950})
player [YueShi] gets hole card ['HJ', 'DJ'], current stack 925
player [HakulaPlayer] gets hole card ['H6', 'C7'], current stack 1268
player [Ethan] gets hole card ['CJ', 'CA'], current stack 842
player [PlayerXinZhu] gets hole card ['H3', 'D8'], current stack 1950
Started the round 33
Street "preflop" started. (community card = [])
"PlayerXinZhu" declared "fold:0"
"YueShi" declared "fold:0"
"HakulaPlayer" declared "fold:0"
"['Ethan']" won the round 33 (stack = {'YueShi': 925, 'HakulaPlayer': 1268, 'Jinkun': 0, 'Ethan': 857, 'PlayerXinZhu': 1950})
player [YueShi] gets hole card ['S7', 'D9'], current stack 925
player [HakulaPlayer] gets hole card ['HT', 'SJ'], current stack 1268
player [Ethan] gets hole card ['HA', 'CA'], current stack 852
player [PlayerXinZhu] gets hole card ['CK', 'D8'], current stack 1940
Started the round 34
Street "preflop" started. (community card = [])
"YueShi" declared "fold:0"
"HakulaPlayer" declared "call:10"
"Ethan" declared "raise:257"
"PlayerXinZhu" declared "fold:0"
"HakulaPlayer" declared "fold:0"
"['Ethan']" won the round 34 (stack = {'YueShi': 925, 'HakulaPlayer': 1258, 'Jinkun': 0, 'Ethan': 877, 'PlayerXinZhu': 1940})
player [YueShi] gets hole card ['S5', 'H7'], current stack 915
player [HakulaPlayer] gets hole card ['S4', 'DT'], current stack 1258
player [Ethan] gets hole card ['H4', 'S8'], current stack 877
player [PlayerXinZhu] gets hole card ['S6', 'SA'], current stack 1935
Started the round 35
Street "preflop" started. (community card = [])
"HakulaPlayer" declared "fold:0"
"Ethan" declared "fold:0"
"PlayerXinZhu" declared "fold:0"
"['YueShi']" won the round 35 (stack = {'YueShi': 930, 'HakulaPlayer': 1258, 'Jinkun': 0, 'Ethan': 877, 'PlayerXinZhu': 1935})
player [YueShi] gets hole card ['DQ', 'D2'], current stack 925
player [HakulaPlayer] gets hole card ['D4', 'S7'], current stack 1248
player [Ethan] gets hole card ['C5', 'H8'], current stack 877
player [PlayerXinZhu] gets hole card ['D7', 'D6'], current stack 1935
Started the round 36
Street "preflop" started. (community card = [])
"Ethan" declared "fold:0"
"PlayerXinZhu" declared "fold:0"
"YueShi" declared "fold:0"
"['HakulaPlayer']" won the round 36 (stack = {'YueShi': 925, 'HakulaPlayer': 1263, 'Jinkun': 0, 'Ethan': 877, 'PlayerXinZhu': 1935})
player [YueShi] gets hole card ['HA', 'H7'], current stack 925
player [HakulaPlayer] gets hole card ['D9', 'C7'], current stack 1258
player [Ethan] gets hole card ['D4', 'SK'], current stack 867
player [PlayerXinZhu] gets hole card ['C5', 'S4'], current stack 1935
Started the round 37
Street "preflop" started. (community card = [])
"PlayerXinZhu" declared "fold:0"
"YueShi" declared "fold:0"
"HakulaPlayer" declared "call:10"
"Ethan" declared "fold:0"
"['HakulaPlayer']" won the round 37 (stack = {'YueShi': 925, 'HakulaPlayer': 1273, 'Jinkun': 0, 'Ethan': 867, 'PlayerXinZhu': 1935})
player [YueShi] gets hole card ['DT', 'S4'], current stack 925
player [HakulaPlayer] gets hole card ['H7', 'CJ'], current stack 1273
player [Ethan] gets hole card ['HQ', 'DA'], current stack 862
player [PlayerXinZhu] gets hole card ['S7', 'H2'], current stack 1925
Started the round 38
Street "preflop" started. (community card = [])
"YueShi" declared "fold:0"
"HakulaPlayer" declared "call:10"
"Ethan" declared "raise:130"
"PlayerXinZhu" declared "fold:0"
"HakulaPlayer" declared "fold:0"
"['Ethan']" won the round 38 (stack = {'YueShi': 925, 'HakulaPlayer': 1263, 'Jinkun': 0, 'Ethan': 887, 'PlayerXinZhu': 1925})
player [YueShi] gets hole card ['D4', 'C2'], current stack 915
player [HakulaPlayer] gets hole card ['H9', 'CQ'], current stack 1263
player [Ethan] gets hole card ['C7', 'SQ'], current stack 887
player [PlayerXinZhu] gets hole card ['H6', 'H7'], current stack 1920
Started the round 39
Street "preflop" started. (community card = [])
"HakulaPlayer" declared "call:10"
"Ethan" declared "fold:0"
"PlayerXinZhu" declared "fold:0"
"YueShi" declared "fold:0"
"['HakulaPlayer']" won the round 39 (stack = {'YueShi': 915, 'HakulaPlayer': 1278, 'Jinkun': 0, 'Ethan': 887, 'PlayerXinZhu': 1920})
player [YueShi] gets hole card ['H8', 'C3'], current stack 910
player [HakulaPlayer] gets hole card ['HQ', 'S9'], current stack 1268
player [Ethan] gets hole card ['C6', 'C8'], current stack 887
player [PlayerXinZhu] gets hole card ['D2', 'H2'], current stack 1920
Started the round 40
Street "preflop" started. (community card = [])
"Ethan" declared "fold:0"
"PlayerXinZhu" declared "fold:0"
"YueShi" declared "fold:0"
"['HakulaPlayer']" won the round 40 (stack = {'YueShi': 910, 'HakulaPlayer': 1283, 'Jinkun': 0, 'Ethan': 887, 'PlayerXinZhu': 1920})
player [YueShi] gets hole card ['C7', 'D4'], current stack 910
player [HakulaPlayer] gets hole card ['DA', 'CJ'], current stack 1278
player [Ethan] gets hole card ['C8', 'C9'], current stack 877
player [PlayerXinZhu] gets hole card ['CQ', 'S7'], current stack 1920
Started the round 41
Street "preflop" started. (community card = [])
"PlayerXinZhu" declared "fold:0"
"YueShi" declared "fold:0"
"HakulaPlayer" declared "call:10"
"Ethan" declared "call:10"
Street "flop" started. (community card = ['D9', 'ST', 'D6'])
"HakulaPlayer" declared "call:0"
"Ethan" declared "raise:20"
"HakulaPlayer" declared "fold:0"
"['Ethan']" won the round 41 (stack = {'YueShi': 910, 'HakulaPlayer': 1273, 'Jinkun': 0, 'Ethan': 897, 'PlayerXinZhu': 1920})
player [YueShi] gets hole card ['DQ', 'S2'], current stack 910
player [HakulaPlayer] gets hole card ['HA', 'S3'], current stack 1273
player [Ethan] gets hole card ['S5', 'D7'], current stack 892
player [PlayerXinZhu] gets hole card ['S6', 'D5'], current stack 1910
Started the round 42
Street "preflop" started. (community card = [])
"YueShi" declared "fold:0"
"HakulaPlayer" declared "call:10"
"Ethan" declared "fold:0"
"PlayerXinZhu" declared "fold:0"
"['HakulaPlayer']" won the round 42 (stack = {'YueShi': 910, 'HakulaPlayer': 1288, 'Jinkun': 0, 'Ethan': 892, 'PlayerXinZhu': 1910})
player [YueShi] gets hole card ['C4', 'S9'], current stack 900
player [HakulaPlayer] gets hole card ['CA', 'DQ'], current stack 1288
player [Ethan] gets hole card ['D8', 'DA'], current stack 892
player [PlayerXinZhu] gets hole card ['S3', 'H7'], current stack 1905
Started the round 43
Street "preflop" started. (community card = [])
"HakulaPlayer" declared "call:10"
"Ethan" declared "fold:0"
"PlayerXinZhu" declared "fold:0"
"YueShi" declared "fold:0"
"['HakulaPlayer']" won the round 43 (stack = {'YueShi': 900, 'HakulaPlayer': 1303, 'Jinkun': 0, 'Ethan': 892, 'PlayerXinZhu': 1905})
player [YueShi] gets hole card ['S6', 'CA'], current stack 895
player [HakulaPlayer] gets hole card ['ST', 'S2'], current stack 1293
player [Ethan] gets hole card ['D7', 'S7'], current stack 892
player [PlayerXinZhu] gets hole card ['DK', 'SQ'], current stack 1905
Started the round 44
Street "preflop" started. (community card = [])
"Ethan" declared "fold:0"
"PlayerXinZhu" declared "fold:0"
"YueShi" declared "fold:0"
"['HakulaPlayer']" won the round 44 (stack = {'YueShi': 895, 'HakulaPlayer': 1308, 'Jinkun': 0, 'Ethan': 892, 'PlayerXinZhu': 1905})
player [YueShi] gets hole card ['HJ', 'SQ'], current stack 895
player [HakulaPlayer] gets hole card ['CQ', 'S9'], current stack 1303
player [Ethan] gets hole card ['D4', 'SJ'], current stack 882
player [PlayerXinZhu] gets hole card ['H4', 'HT'], current stack 1905
Started the round 45
Street "preflop" started. (community card = [])
"PlayerXinZhu" declared "fold:0"
"YueShi" declared "fold:0"
"HakulaPlayer" declared "call:10"
"Ethan" declared "fold:0"
"['HakulaPlayer']" won the round 45 (stack = {'YueShi': 895, 'HakulaPlayer': 1318, 'Jinkun': 0, 'Ethan': 882, 'PlayerXinZhu': 1905})
player [YueShi] gets hole card ['S9', 'C4'], current stack 895
player [HakulaPlayer] gets hole card ['S2', 'CK'], current stack 1318
player [Ethan] gets hole card ['SA', 'C2'], current stack 877
player [PlayerXinZhu] gets hole card ['SQ', 'H4'], current stack 1895
Started the round 46
Street "preflop" started. (community card = [])
"YueShi" declared "fold:0"
"HakulaPlayer" declared "call:10"
"Ethan" declared "call:10"
"PlayerXinZhu" declared "fold:0"
Street "flop" started. (community card = ['H2', 'DT', 'C8'])
"Ethan" declared "call:0"
"HakulaPlayer" declared "call:0"
Street "turn" started. (community card = ['H2', 'DT', 'C8', 'DA'])
"Ethan" declared "raise:87"
"HakulaPlayer" declared "fold:0"
"['Ethan']" won the round 46 (stack = {'YueShi': 895, 'HakulaPlayer': 1308, 'Jinkun': 0, 'Ethan': 902, 'PlayerXinZhu': 1895})
player [YueShi] gets hole card ['S7', 'SA'], current stack 885
player [HakulaPlayer] gets hole card ['H9', 'DK'], current stack 1308
player [Ethan] gets hole card ['D7', 'HJ'], current stack 902
player [PlayerXinZhu] gets hole card ['H2', 'D2'], current stack 1890
Started the round 47
Street "preflop" started. (community card = [])
"HakulaPlayer" declared "call:10"
"Ethan" declared "fold:0"
"PlayerXinZhu" declared "fold:0"
"YueShi" declared "fold:0"
"['HakulaPlayer']" won the round 47 (stack = {'YueShi': 885, 'HakulaPlayer': 1323, 'Jinkun': 0, 'Ethan': 902, 'PlayerXinZhu': 1890})
player [YueShi] gets hole card ['HK', 'SJ'], current stack 880
player [HakulaPlayer] gets hole card ['DK', 'SQ'], current stack 1313
player [Ethan] gets hole card ['C8', 'S6'], current stack 902
player [PlayerXinZhu] gets hole card ['D5', 'DA'], current stack 1890
Started the round 48
Street "preflop" started. (community card = [])
"Ethan" declared "fold:0"
"PlayerXinZhu" declared "fold:0"
"YueShi" declared "fold:0"
"['HakulaPlayer']" won the round 48 (stack = {'YueShi': 880, 'HakulaPlayer': 1328, 'Jinkun': 0, 'Ethan': 902, 'PlayerXinZhu': 1890})
player [YueShi] gets hole card ['S2', 'C4'], current stack 880
player [HakulaPlayer] gets hole card ['H4', 'H3'], current stack 1323
player [Ethan] gets hole card ['H9', 'C6'], current stack 892
player [PlayerXinZhu] gets hole card ['CT', 'SJ'], current stack 1890
Started the round 49
Street "preflop" started. (community card = [])
"PlayerXinZhu" declared "fold:0"
"YueShi" declared "fold:0"
"HakulaPlayer" declared "raise:33"
"Ethan" declared "fold:0"
"['HakulaPlayer']" won the round 49 (stack = {'YueShi': 880, 'HakulaPlayer': 1338, 'Jinkun': 0, 'Ethan': 892, 'PlayerXinZhu': 1890})
player [YueShi] gets hole card ['HA', 'C9'], current stack 880
player [HakulaPlayer] gets hole card ['S5', 'SK'], current stack 1338
player [Ethan] gets hole card ['DK', 'CA'], current stack 887
player [PlayerXinZhu] gets hole card ['S6', 'D8'], current stack 1880
Started the round 50
Street "preflop" started. (community card = [])
"YueShi" declared "fold:0"
"HakulaPlayer" declared "call:10"
"Ethan" declared "raise:267"
"PlayerXinZhu" declared "fold:0"
"HakulaPlayer" declared "fold:0"
"['Ethan']" won the round 50 (stack = {'YueShi': 880, 'HakulaPlayer': 1328, 'Jinkun': 0, 'Ethan': 912, 'PlayerXinZhu': 1880})

Game Results:
------------------------------------------------------------
Game 1:
Winner: PlayerXinZhu (stack: 1880)
All players' stacks:
  YueShi: 880
  HakulaPlayer: 1328
  Jinkun: 0
  Ethan: 912
  PlayerXinZhu: 1880
------------------------------------------------------------
