player [YueShi] gets hole card ['H6', 'C7'], current stack 1000
player [HakulaPlayer] gets hole card ['D9', 'HQ'], current stack 995
player [Jinkun] gets hole card ['SA', 'C2'], current stack 990
player [Ethan] gets hole card ['SK', 'H9'], current stack 1000
player [PlayerXinZhu] gets hole card ['H2', 'DQ'], current stack 1000
Started the round 1
Street "preflop" started. (community card = [])
"Ethan" declared "fold:0"
"PlayerXinZhu" declared "raise:15"
"YueShi" declared "fold:0"
"HakulaPlayer" declared "call:15"
"Jinkun" declared "fold:15"
Street "flop" started. (community card = ['DJ', 'S7', 'D3'])
"HakulaPlayer" declared "call:0"
"PlayerXinZhu" declared "raise:10"
"HakulaPlayer" declared "fold:0"
"['PlayerXinZhu']" won the round 1 (stack = {'YueShi': 1000, 'HakulaPlayer': 985, 'Jinkun': 990, 'Ethan': 1000, 'PlayerXinZhu': 1025})
player [YueShi] gets hole card ['DQ', 'D4'], current stack 1000
player [HakulaPlayer] gets hole card ['S5', 'SA'], current stack 985
player [Jinkun] gets hole card ['D7', 'D6'], current stack 985
player [Ethan] gets hole card ['CQ', 'S6'], current stack 990
player [PlayerXinZhu] gets hole card ['D5', 'CA'], current stack 1025
Started the round 2
Street "preflop" started. (community card = [])
"PlayerXinZhu" declared "fold:0"
"YueShi" declared "fold:0"
"HakulaPlayer" declared "call:10"
"Jinkun" declared "call:10"
"Ethan" declared "fold:0"
Street "flop" started. (community card = ['D3', 'H5', 'H2'])
"Jinkun" declared "call:0"
"HakulaPlayer" declared "raise:33"
"Jinkun" declared "fold:33"
"['HakulaPlayer']" won the round 2 (stack = {'YueShi': 1000, 'HakulaPlayer': 1005, 'Jinkun': 980, 'Ethan': 990, 'PlayerXinZhu': 1025})
player [YueShi] gets hole card ['D5', 'DT'], current stack 1000
player [HakulaPlayer] gets hole card ['HA', 'DQ'], current stack 1005
player [Jinkun] gets hole card ['D7', 'S9'], current stack 980
player [Ethan] gets hole card ['D2', 'S6'], current stack 985
player [PlayerXinZhu] gets hole card ['S8', 'D3'], current stack 1015
Started the round 3
Street "preflop" started. (community card = [])
"YueShi" declared "fold:0"
"HakulaPlayer" declared "call:10"
"Jinkun" declared "call:10"
"Ethan" declared "fold:0"
"PlayerXinZhu" declared "fold:0"
Street "flop" started. (community card = ['S5', 'C5', 'ST'])
"HakulaPlayer" declared "call:0"
"Jinkun" declared "call:0"
Street "turn" started. (community card = ['S5', 'C5', 'ST', 'H7'])
"HakulaPlayer" declared "call:0"
"Jinkun" declared "call:0"
Street "river" started. (community card = ['S5', 'C5', 'ST', 'H7', 'CJ'])
"HakulaPlayer" declared "call:0"
"Jinkun" declared "call:0"
"['Jinkun']" won the round 3 (stack = {'YueShi': 1000, 'HakulaPlayer': 995, 'Jinkun': 1005, 'Ethan': 985, 'PlayerXinZhu': 1015})
player [YueShi] gets hole card ['S3', 'S4'], current stack 990
player [HakulaPlayer] gets hole card ['CT', 'C7'], current stack 995
player [Jinkun] gets hole card ['C5', 'D8'], current stack 1005
player [Ethan] gets hole card ['HK', 'H5'], current stack 985
player [PlayerXinZhu] gets hole card ['S6', 'D6'], current stack 1010
Started the round 4
Street "preflop" started. (community card = [])
"HakulaPlayer" declared "fold:0"
"Jinkun" declared "call:10"
"Ethan" declared "fold:0"
"PlayerXinZhu" declared "call:10"
"YueShi" declared "fold:0"
Street "flop" started. (community card = ['D2', 'HA', 'CA'])
"PlayerXinZhu" declared "raise:633"
"Jinkun" declared "fold:633"
"['PlayerXinZhu']" won the round 4 (stack = {'YueShi': 990, 'HakulaPlayer': 995, 'Jinkun': 995, 'Ethan': 985, 'PlayerXinZhu': 1035})
player [YueShi] gets hole card ['DT', 'H2'], current stack 985
player [HakulaPlayer] gets hole card ['DQ', 'ST'], current stack 985
player [Jinkun] gets hole card ['S7', 'D6'], current stack 995
player [Ethan] gets hole card ['S3', 'C4'], current stack 985
player [PlayerXinZhu] gets hole card ['SA', 'SQ'], current stack 1035
Started the round 5
Street "preflop" started. (community card = [])
"Jinkun" declared "fold:10"
"Ethan" declared "fold:0"
"PlayerXinZhu" declared "raise:15"
"YueShi" declared "fold:0"
"HakulaPlayer" declared "call:15"
Street "flop" started. (community card = ['C5', 'DK', 'H5'])
"HakulaPlayer" declared "call:0"
"PlayerXinZhu" declared "raise:10"
"HakulaPlayer" declared "fold:0"
"['PlayerXinZhu']" won the round 5 (stack = {'YueShi': 985, 'HakulaPlayer': 980, 'Jinkun': 995, 'Ethan': 985, 'PlayerXinZhu': 1055})
player [YueShi] gets hole card ['S4', 'C7'], current stack 985
player [HakulaPlayer] gets hole card ['C6', 'H3'], current stack 975
player [Jinkun] gets hole card ['H4', 'C2'], current stack 985
player [Ethan] gets hole card ['SQ', 'D9'], current stack 985
player [PlayerXinZhu] gets hole card ['D6', 'C5'], current stack 1055
Started the round 6
Street "preflop" started. (community card = [])
"Ethan" declared "fold:0"
"PlayerXinZhu" declared "fold:0"
"YueShi" declared "fold:0"
"HakulaPlayer" declared "fold:0"
"['Jinkun']" won the round 6 (stack = {'YueShi': 985, 'HakulaPlayer': 975, 'Jinkun': 1000, 'Ethan': 985, 'PlayerXinZhu': 1055})
player [YueShi] gets hole card ['CJ', 'D2'], current stack 985
player [HakulaPlayer] gets hole card ['H5', 'HT'], current stack 975
player [Jinkun] gets hole card ['D9', 'SQ'], current stack 995
player [Ethan] gets hole card ['H3', 'DJ'], current stack 975
player [PlayerXinZhu] gets hole card ['DQ', 'C3'], current stack 1055
Started the round 7
Street "preflop" started. (community card = [])
"PlayerXinZhu" declared "fold:0"
"YueShi" declared "fold:0"
"HakulaPlayer" declared "fold:0"
"Jinkun" declared "call:10"
"Ethan" declared "fold:0"
"['Jinkun']" won the round 7 (stack = {'YueShi': 985, 'HakulaPlayer': 975, 'Jinkun': 1010, 'Ethan': 975, 'PlayerXinZhu': 1055})
player [YueShi] gets hole card ['C4', 'C5'], current stack 985
player [HakulaPlayer] gets hole card ['HK', 'DT'], current stack 975
player [Jinkun] gets hole card ['CJ', 'D5'], current stack 1010
player [Ethan] gets hole card ['S6', 'CA'], current stack 970
player [PlayerXinZhu] gets hole card ['HA', 'SJ'], current stack 1045
Started the round 8
Street "preflop" started. (community card = [])
"YueShi" declared "fold:0"
"HakulaPlayer" declared "call:10"
"Jinkun" declared "call:10"
"Ethan" declared "fold:0"
"PlayerXinZhu" declared "fold:0"
Street "flop" started. (community card = ['D7', 'HJ', 'CK'])
"HakulaPlayer" declared "raise:34"
"Jinkun" declared "call:34"
Street "turn" started. (community card = ['D7', 'HJ', 'CK', 'SA'])
"HakulaPlayer" declared "raise:121"
"Jinkun" declared "call:121"
Street "river" started. (community card = ['D7', 'HJ', 'CK', 'SA', 'H9'])
"HakulaPlayer" declared "raise:431"
"Jinkun" declared "call:431"
"['HakulaPlayer']" won the round 8 (stack = {'YueShi': 985, 'HakulaPlayer': 1586, 'Jinkun': 414, 'Ethan': 970, 'PlayerXinZhu': 1045})
player [YueShi] gets hole card ['S7', 'DQ'], current stack 975
player [HakulaPlayer] gets hole card ['S8', 'HT'], current stack 1586
player [Jinkun] gets hole card ['SA', 'C4'], current stack 414
player [Ethan] gets hole card ['DJ', 'H5'], current stack 970
player [PlayerXinZhu] gets hole card ['CT', 'CJ'], current stack 1040
Started the round 9
Street "preflop" started. (community card = [])
"HakulaPlayer" declared "fold:0"
"Jinkun" declared "call:10"
"Ethan" declared "fold:0"
"PlayerXinZhu" declared "fold:0"
"YueShi" declared "fold:0"
"['Jinkun']" won the round 9 (stack = {'YueShi': 975, 'HakulaPlayer': 1586, 'Jinkun': 429, 'Ethan': 970, 'PlayerXinZhu': 1040})
player [YueShi] gets hole card ['CQ', 'CT'], current stack 970
player [HakulaPlayer] gets hole card ['C3', 'HJ'], current stack 1576
player [Jinkun] gets hole card ['HA', 'D9'], current stack 429
player [Ethan] gets hole card ['D4', 'C9'], current stack 970
player [PlayerXinZhu] gets hole card ['H8', 'D7'], current stack 1040
Started the round 10
Street "preflop" started. (community card = [])
"Jinkun" declared "fold:10"
"Ethan" declared "fold:0"
"PlayerXinZhu" declared "fold:0"
"YueShi" declared "fold:0"
"['HakulaPlayer']" won the round 10 (stack = {'YueShi': 970, 'HakulaPlayer': 1591, 'Jinkun': 429, 'Ethan': 970, 'PlayerXinZhu': 1040})
player [YueShi] gets hole card ['HQ', 'C2'], current stack 970
player [HakulaPlayer] gets hole card ['ST', 'DA'], current stack 1586
player [Jinkun] gets hole card ['CT', 'CQ'], current stack 419
player [Ethan] gets hole card ['CJ', 'H6'], current stack 970
player [PlayerXinZhu] gets hole card ['HA', 'HK'], current stack 1040
Started the round 11
Street "preflop" started. (community card = [])
"Ethan" declared "fold:0"
"PlayerXinZhu" declared "fold:0"
"YueShi" declared "fold:0"
"HakulaPlayer" declared "call:10"
"Jinkun" declared "call:10"
Street "flop" started. (community card = ['DT', 'S6', 'C4'])
"HakulaPlayer" declared "raise:25"
"Jinkun" declared "call:25"
Street "turn" started. (community card = ['DT', 'S6', 'C4', 'HT'])
"HakulaPlayer" declared "raise:136"
"Jinkun" declared "call:136"
Street "river" started. (community card = ['DT', 'S6', 'C4', 'HT', 'DQ'])
"HakulaPlayer" declared "raise:704"
"Jinkun" declared "call:704"
"['Jinkun']" won the round 11 (stack = {'YueShi': 970, 'HakulaPlayer': 1162, 'Jinkun': 858, 'Ethan': 970, 'PlayerXinZhu': 1040})
player [YueShi] gets hole card ['C5', 'D8'], current stack 970
player [HakulaPlayer] gets hole card ['H8', 'D7'], current stack 1162
player [Jinkun] gets hole card ['D9', 'ST'], current stack 853
player [Ethan] gets hole card ['DA', 'SA'], current stack 960
player [PlayerXinZhu] gets hole card ['CJ', 'S7'], current stack 1040
Started the round 12
Street "preflop" started. (community card = [])
"PlayerXinZhu" declared "fold:0"
"YueShi" declared "fold:0"
"HakulaPlayer" declared "fold:0"
"Jinkun" declared "call:10"
"Ethan" declared "raise:291"
"Jinkun" declared "fold:291"
"['Ethan']" won the round 12 (stack = {'YueShi': 970, 'HakulaPlayer': 1162, 'Jinkun': 848, 'Ethan': 980, 'PlayerXinZhu': 1040})
player [YueShi] gets hole card ['DT', 'H7'], current stack 970
player [HakulaPlayer] gets hole card ['S9', 'D2'], current stack 1162
player [Jinkun] gets hole card ['DA', 'S6'], current stack 848
player [Ethan] gets hole card ['CJ', 'H4'], current stack 975
player [PlayerXinZhu] gets hole card ['S7', 'HK'], current stack 1030
Started the round 13
Street "preflop" started. (community card = [])
"YueShi" declared "fold:0"
"HakulaPlayer" declared "fold:0"
"Jinkun" declared "call:10"
"Ethan" declared "fold:0"
"PlayerXinZhu" declared "fold:0"
"['Jinkun']" won the round 13 (stack = {'YueShi': 970, 'HakulaPlayer': 1162, 'Jinkun': 863, 'Ethan': 975, 'PlayerXinZhu': 1030})
player [YueShi] gets hole card ['DQ', 'S3'], current stack 960
player [HakulaPlayer] gets hole card ['S5', 'D6'], current stack 1162
player [Jinkun] gets hole card ['ST', 'S2'], current stack 863
player [Ethan] gets hole card ['D5', 'C7'], current stack 975
player [PlayerXinZhu] gets hole card ['CJ', 'H5'], current stack 1025
Started the round 14
Street "preflop" started. (community card = [])
"HakulaPlayer" declared "fold:0"
"Jinkun" declared "call:10"
"Ethan" declared "fold:0"
"PlayerXinZhu" declared "fold:0"
"YueShi" declared "fold:0"
"['Jinkun']" won the round 14 (stack = {'YueShi': 960, 'HakulaPlayer': 1162, 'Jinkun': 878, 'Ethan': 975, 'PlayerXinZhu': 1025})
player [YueShi] gets hole card ['D9', 'H2'], current stack 955
player [HakulaPlayer] gets hole card ['C3', 'HT'], current stack 1152
player [Jinkun] gets hole card ['D5', 'DJ'], current stack 878
player [Ethan] gets hole card ['CT', 'H7'], current stack 975
player [PlayerXinZhu] gets hole card ['S2', 'SQ'], current stack 1025
Started the round 15
Street "preflop" started. (community card = [])
"Jinkun" declared "fold:10"
"Ethan" declared "fold:0"
"PlayerXinZhu" declared "fold:0"
"YueShi" declared "fold:0"
"['HakulaPlayer']" won the round 15 (stack = {'YueShi': 955, 'HakulaPlayer': 1167, 'Jinkun': 878, 'Ethan': 975, 'PlayerXinZhu': 1025})
player [YueShi] gets hole card ['S9', 'D6'], current stack 955
player [HakulaPlayer] gets hole card ['H4', 'D3'], current stack 1162
player [Jinkun] gets hole card ['H9', 'S2'], current stack 868
player [Ethan] gets hole card ['SK', 'C6'], current stack 975
player [PlayerXinZhu] gets hole card ['S8', 'C2'], current stack 1025
Started the round 16
Street "preflop" started. (community card = [])
"Ethan" declared "fold:0"
"PlayerXinZhu" declared "fold:0"
"YueShi" declared "fold:0"
"HakulaPlayer" declared "fold:0"
"['Jinkun']" won the round 16 (stack = {'YueShi': 955, 'HakulaPlayer': 1162, 'Jinkun': 883, 'Ethan': 975, 'PlayerXinZhu': 1025})
player [YueShi] gets hole card ['D5', 'C9'], current stack 955
player [HakulaPlayer] gets hole card ['DQ', 'CT'], current stack 1162
player [Jinkun] gets hole card ['CA', 'HQ'], current stack 878
player [Ethan] gets hole card ['S7', 'HK'], current stack 965
player [PlayerXinZhu] gets hole card ['HT', 'H3'], current stack 1025
Started the round 17
Street "preflop" started. (community card = [])
"PlayerXinZhu" declared "fold:0"
"YueShi" declared "fold:0"
"HakulaPlayer" declared "call:10"
"Jinkun" declared "call:10"
"Ethan" declared "fold:0"
Street "flop" started. (community card = ['D8', 'H2', 'CK'])
"Jinkun" declared "call:0"
"HakulaPlayer" declared "call:0"
Street "turn" started. (community card = ['D8', 'H2', 'CK', 'ST'])
"Jinkun" declared "call:0"
"HakulaPlayer" declared "raise:44"
"Jinkun" declared "fold:44"
"['HakulaPlayer']" won the round 17 (stack = {'YueShi': 955, 'HakulaPlayer': 1182, 'Jinkun': 873, 'Ethan': 965, 'PlayerXinZhu': 1025})
player [YueShi] gets hole card ['C7', 'SQ'], current stack 955
player [HakulaPlayer] gets hole card ['S8', 'H2'], current stack 1182
player [Jinkun] gets hole card ['SA', 'D8'], current stack 873
player [Ethan] gets hole card ['DK', 'CJ'], current stack 960
player [PlayerXinZhu] gets hole card ['CT', 'H9'], current stack 1015
Started the round 18
Street "preflop" started. (community card = [])
"YueShi" declared "fold:0"
"HakulaPlayer" declared "fold:0"
"Jinkun" declared "call:10"
"Ethan" declared "raise:144"
"PlayerXinZhu" declared "fold:0"
"Jinkun" declared "fold:144"
"['Ethan']" won the round 18 (stack = {'YueShi': 955, 'HakulaPlayer': 1182, 'Jinkun': 863, 'Ethan': 985, 'PlayerXinZhu': 1015})
player [YueShi] gets hole card ['C6', 'D8'], current stack 945
player [HakulaPlayer] gets hole card ['D4', 'SQ'], current stack 1182
player [Jinkun] gets hole card ['ST', 'H2'], current stack 863
player [Ethan] gets hole card ['H5', 'DA'], current stack 985
player [PlayerXinZhu] gets hole card ['H3', 'D2'], current stack 1010
Started the round 19
Street "preflop" started. (community card = [])
"HakulaPlayer" declared "fold:0"
"Jinkun" declared "call:10"
"Ethan" declared "fold:0"
"PlayerXinZhu" declared "fold:0"
"YueShi" declared "fold:0"
"['Jinkun']" won the round 19 (stack = {'YueShi': 945, 'HakulaPlayer': 1182, 'Jinkun': 878, 'Ethan': 985, 'PlayerXinZhu': 1010})
player [YueShi] gets hole card ['D8', 'SJ'], current stack 940
player [HakulaPlayer] gets hole card ['CT', 'D9'], current stack 1172
player [Jinkun] gets hole card ['S7', 'S3'], current stack 878
player [Ethan] gets hole card ['CA', 'D7'], current stack 985
player [PlayerXinZhu] gets hole card ['CQ', 'DJ'], current stack 1010
Started the round 20
Street "preflop" started. (community card = [])
"Jinkun" declared "fold:10"
"Ethan" declared "fold:0"
"PlayerXinZhu" declared "fold:0"
"YueShi" declared "fold:0"
"['HakulaPlayer']" won the round 20 (stack = {'YueShi': 940, 'HakulaPlayer': 1187, 'Jinkun': 878, 'Ethan': 985, 'PlayerXinZhu': 1010})
player [YueShi] gets hole card ['HT', 'SA'], current stack 940
player [HakulaPlayer] gets hole card ['C7', 'H7'], current stack 1182
player [Jinkun] gets hole card ['S2', 'CT'], current stack 868
player [Ethan] gets hole card ['S4', 'H2'], current stack 985
player [PlayerXinZhu] gets hole card ['HK', 'CK'], current stack 1010
Started the round 21
Street "preflop" started. (community card = [])
"Ethan" declared "fold:0"
"PlayerXinZhu" declared "fold:0"
"YueShi" declared "fold:0"
"HakulaPlayer" declared "call:10"
"Jinkun" declared "call:10"
Street "flop" started. (community card = ['CA', 'D8', 'CJ'])
"HakulaPlayer" declared "call:0"
"Jinkun" declared "call:0"
Street "turn" started. (community card = ['CA', 'D8', 'CJ', 'D9'])
"HakulaPlayer" declared "call:0"
"Jinkun" declared "call:0"
Street "river" started. (community card = ['CA', 'D8', 'CJ', 'D9', 'DJ'])
"HakulaPlayer" declared "call:0"
"Jinkun" declared "call:0"
"['HakulaPlayer']" won the round 21 (stack = {'YueShi': 940, 'HakulaPlayer': 1197, 'Jinkun': 868, 'Ethan': 985, 'PlayerXinZhu': 1010})
player [YueShi] gets hole card ['H8', 'D2'], current stack 940
player [HakulaPlayer] gets hole card ['CJ', 'C7'], current stack 1197
player [Jinkun] gets hole card ['HQ', 'SK'], current stack 863
player [Ethan] gets hole card ['H5', 'SA'], current stack 975
player [PlayerXinZhu] gets hole card ['S8', 'C2'], current stack 1010
Started the round 22
Street "preflop" started. (community card = [])
"PlayerXinZhu" declared "fold:0"
"YueShi" declared "fold:0"
"HakulaPlayer" declared "call:10"
"Jinkun" declared "call:10"
"Ethan" declared "call:10"
Street "flop" started. (community card = ['S4', 'D9', 'S2'])
"Jinkun" declared "call:0"
"Ethan" declared "call:0"
"HakulaPlayer" declared "call:0"
Street "turn" started. (community card = ['S4', 'D9', 'S2', 'D4'])
"Jinkun" declared "call:0"
"Ethan" declared "call:0"
"HakulaPlayer" declared "call:0"
Street "river" started. (community card = ['S4', 'D9', 'S2', 'D4', 'DA'])
"Jinkun" declared "raise:858"
"Ethan" declared "fold:0"
"HakulaPlayer" declared "fold:0"
"['Jinkun']" won the round 22 (stack = {'YueShi': 940, 'HakulaPlayer': 1187, 'Jinkun': 888, 'Ethan': 975, 'PlayerXinZhu': 1010})
player [YueShi] gets hole card ['C8', 'S4'], current stack 940
player [HakulaPlayer] gets hole card ['CK', 'C4'], current stack 1187
player [Jinkun] gets hole card ['CA', 'D9'], current stack 888
player [Ethan] gets hole card ['S2', 'SA'], current stack 970
player [PlayerXinZhu] gets hole card ['H9', 'H2'], current stack 1000
Started the round 23
Street "preflop" started. (community card = [])
"YueShi" declared "fold:0"
"HakulaPlayer" declared "call:10"
"Jinkun" declared "call:10"
"Ethan" declared "fold:0"
"PlayerXinZhu" declared "fold:0"
Street "flop" started. (community card = ['SJ', 'HQ', 'CJ'])
"HakulaPlayer" declared "call:0"
"Jinkun" declared "call:0"
Street "turn" started. (community card = ['SJ', 'HQ', 'CJ', 'D6'])
"HakulaPlayer" declared "call:0"
"Jinkun" declared "call:0"
Street "river" started. (community card = ['SJ', 'HQ', 'CJ', 'D6', 'D2'])
"HakulaPlayer" declared "call:0"
"Jinkun" declared "call:0"
"['Jinkun']" won the round 23 (stack = {'YueShi': 940, 'HakulaPlayer': 1177, 'Jinkun': 913, 'Ethan': 970, 'PlayerXinZhu': 1000})
player [YueShi] gets hole card ['C8', 'H4'], current stack 930
player [HakulaPlayer] gets hole card ['HT', 'C9'], current stack 1177
player [Jinkun] gets hole card ['S8', 'D7'], current stack 913
player [Ethan] gets hole card ['HK', 'D5'], current stack 970
player [PlayerXinZhu] gets hole card ['H9', 'C6'], current stack 995
Started the round 24
Street "preflop" started. (community card = [])
"HakulaPlayer" declared "fold:0"
"Jinkun" declared "call:10"
"Ethan" declared "fold:0"
"PlayerXinZhu" declared "fold:0"
"YueShi" declared "fold:0"
"['Jinkun']" won the round 24 (stack = {'YueShi': 930, 'HakulaPlayer': 1177, 'Jinkun': 928, 'Ethan': 970, 'PlayerXinZhu': 995})
player [YueShi] gets hole card ['DT', 'C4'], current stack 925
player [HakulaPlayer] gets hole card ['H4', 'H9'], current stack 1167
player [Jinkun] gets hole card ['S2', 'SQ'], current stack 928
player [Ethan] gets hole card ['HJ', 'HT'], current stack 970
player [PlayerXinZhu] gets hole card ['DK', 'D2'], current stack 995
Started the round 25
Street "preflop" started. (community card = [])
"Jinkun" declared "fold:10"
"Ethan" declared "call:10"
"PlayerXinZhu" declared "fold:0"
"YueShi" declared "fold:0"
"HakulaPlayer" declared "call:10"
Street "flop" started. (community card = ['D4', 'SJ', 'S7'])
"HakulaPlayer" declared "call:0"
"Ethan" declared "call:0"
Street "turn" started. (community card = ['D4', 'SJ', 'S7', 'HA'])
"HakulaPlayer" declared "call:0"
"Ethan" declared "raise:96"
"HakulaPlayer" declared "fold:0"
"['Ethan']" won the round 25 (stack = {'YueShi': 925, 'HakulaPlayer': 1167, 'Jinkun': 928, 'Ethan': 985, 'PlayerXinZhu': 995})
player [YueShi] gets hole card ['DK', 'SK'], current stack 925
player [HakulaPlayer] gets hole card ['CA', 'D3'], current stack 1162
player [Jinkun] gets hole card ['DA', 'C9'], current stack 918
player [Ethan] gets hole card ['C4', 'H9'], current stack 985
player [PlayerXinZhu] gets hole card ['S5', 'S4'], current stack 995
Started the round 26
Street "preflop" started. (community card = [])
"Ethan" declared "fold:0"
"PlayerXinZhu" declared "fold:0"
"YueShi" declared "fold:0"
"HakulaPlayer" declared "call:10"
"Jinkun" declared "call:10"
Street "flop" started. (community card = ['HJ', 'C7', 'SQ'])
"HakulaPlayer" declared "call:0"
"Jinkun" declared "call:0"
Street "turn" started. (community card = ['HJ', 'C7', 'SQ', 'D7'])
"HakulaPlayer" declared "call:0"
"Jinkun" declared "call:0"
Street "river" started. (community card = ['HJ', 'C7', 'SQ', 'D7', 'H7'])
"HakulaPlayer" declared "call:0"
"Jinkun" declared "call:0"
"['HakulaPlayer', 'Jinkun']" won the round 26 (stack = {'YueShi': 925, 'HakulaPlayer': 1167, 'Jinkun': 928, 'Ethan': 985, 'PlayerXinZhu': 995})
player [YueShi] gets hole card ['SQ', 'CA'], current stack 925
player [HakulaPlayer] gets hole card ['H9', 'D2'], current stack 1167
player [Jinkun] gets hole card ['C6', 'H5'], current stack 923
player [Ethan] gets hole card ['H3', 'D7'], current stack 975
player [PlayerXinZhu] gets hole card ['D5', 'ST'], current stack 995
Started the round 27
Street "preflop" started. (community card = [])
"PlayerXinZhu" declared "fold:0"
"YueShi" declared "fold:0"
"HakulaPlayer" declared "fold:0"
"Jinkun" declared "call:10"
"Ethan" declared "fold:0"
"['Jinkun']" won the round 27 (stack = {'YueShi': 925, 'HakulaPlayer': 1167, 'Jinkun': 938, 'Ethan': 975, 'PlayerXinZhu': 995})
player [YueShi] gets hole card ['DT', 'DQ'], current stack 925
player [HakulaPlayer] gets hole card ['S2', 'CJ'], current stack 1167
player [Jinkun] gets hole card ['S6', 'D6'], current stack 938
player [Ethan] gets hole card ['D5', 'C8'], current stack 970
player [PlayerXinZhu] gets hole card ['D4', 'S9'], current stack 985
Started the round 28
Street "preflop" started. (community card = [])
"YueShi" declared "fold:0"
"HakulaPlayer" declared "fold:0"
"Jinkun" declared "call:10"
"Ethan" declared "fold:0"
"PlayerXinZhu" declared "fold:0"
"['Jinkun']" won the round 28 (stack = {'YueShi': 925, 'HakulaPlayer': 1167, 'Jinkun': 953, 'Ethan': 970, 'PlayerXinZhu': 985})
player [YueShi] gets hole card ['C8', 'SK'], current stack 915
player [HakulaPlayer] gets hole card ['D6', 'DT'], current stack 1167
player [Jinkun] gets hole card ['DQ', 'DA'], current stack 953
player [Ethan] gets hole card ['SA', 'H8'], current stack 970
player [PlayerXinZhu] gets hole card ['S8', 'HQ'], current stack 980
Started the round 29
Street "preflop" started. (community card = [])
"HakulaPlayer" declared "fold:0"
"Jinkun" declared "call:10"
"Ethan" declared "fold:0"
"PlayerXinZhu" declared "fold:0"
"YueShi" declared "fold:0"
"['Jinkun']" won the round 29 (stack = {'YueShi': 915, 'HakulaPlayer': 1167, 'Jinkun': 968, 'Ethan': 970, 'PlayerXinZhu': 980})
player [YueShi] gets hole card ['CT', 'S4'], current stack 910
player [HakulaPlayer] gets hole card ['S2', 'HK'], current stack 1157
player [Jinkun] gets hole card ['C9', 'D3'], current stack 968
player [Ethan] gets hole card ['DT', 'H7'], current stack 970
player [PlayerXinZhu] gets hole card ['H5', 'DK'], current stack 980
Started the round 30
Street "preflop" started. (community card = [])
"Jinkun" declared "fold:10"
"Ethan" declared "fold:0"
"PlayerXinZhu" declared "fold:0"
"YueShi" declared "fold:0"
"['HakulaPlayer']" won the round 30 (stack = {'YueShi': 910, 'HakulaPlayer': 1172, 'Jinkun': 968, 'Ethan': 970, 'PlayerXinZhu': 980})
player [YueShi] gets hole card ['H7', 'DT'], current stack 910
player [HakulaPlayer] gets hole card ['S3', 'CT'], current stack 1167
player [Jinkun] gets hole card ['C9', 'D4'], current stack 958
player [Ethan] gets hole card ['CJ', 'SA'], current stack 970
player [PlayerXinZhu] gets hole card ['D6', 'H9'], current stack 980
Started the round 31
Street "preflop" started. (community card = [])
"Ethan" declared "raise:145"
"PlayerXinZhu" declared "fold:0"
"YueShi" declared "fold:0"
"HakulaPlayer" declared "fold:0"
"Jinkun" declared "fold:145"
"['Ethan']" won the round 31 (stack = {'YueShi': 910, 'HakulaPlayer': 1167, 'Jinkun': 958, 'Ethan': 985, 'PlayerXinZhu': 980})
player [YueShi] gets hole card ['D9', 'C8'], current stack 910
player [HakulaPlayer] gets hole card ['DQ', 'DK'], current stack 1167
player [Jinkun] gets hole card ['ST', 'C5'], current stack 953
player [Ethan] gets hole card ['DA', 'C4'], current stack 975
player [PlayerXinZhu] gets hole card ['D5', 'HJ'], current stack 980
Started the round 32
Street "preflop" started. (community card = [])
"PlayerXinZhu" declared "fold:0"
"YueShi" declared "fold:0"
"HakulaPlayer" declared "raise:37"
"Jinkun" declared "fold:37"
"Ethan" declared "fold:0"
"['HakulaPlayer']" won the round 32 (stack = {'YueShi': 910, 'HakulaPlayer': 1182, 'Jinkun': 953, 'Ethan': 975, 'PlayerXinZhu': 980})
player [YueShi] gets hole card ['HT', 'C5'], current stack 910
player [HakulaPlayer] gets hole card ['H7', 'CT'], current stack 1182
player [Jinkun] gets hole card ['H6', 'S9'], current stack 953
player [Ethan] gets hole card ['C3', 'HJ'], current stack 970
player [PlayerXinZhu] gets hole card ['S6', 'C9'], current stack 970
Started the round 33
Street "preflop" started. (community card = [])
"YueShi" declared "fold:0"
"HakulaPlayer" declared "fold:0"
"Jinkun" declared "call:10"
"Ethan" declared "fold:0"
"PlayerXinZhu" declared "fold:0"
"['Jinkun']" won the round 33 (stack = {'YueShi': 910, 'HakulaPlayer': 1182, 'Jinkun': 968, 'Ethan': 970, 'PlayerXinZhu': 970})
player [YueShi] gets hole card ['S7', 'S3'], current stack 900
player [HakulaPlayer] gets hole card ['S9', 'SQ'], current stack 1182
player [Jinkun] gets hole card ['HJ', 'SJ'], current stack 968
player [Ethan] gets hole card ['CJ', 'S5'], current stack 970
player [PlayerXinZhu] gets hole card ['SA', 'D4'], current stack 965
Started the round 34
Street "preflop" started. (community card = [])
"HakulaPlayer" declared "call:10"
"Jinkun" declared "call:10"
"Ethan" declared "fold:0"
"PlayerXinZhu" declared "fold:0"
"YueShi" declared "fold:0"
Street "flop" started. (community card = ['S6', 'DT', 'HQ'])
"HakulaPlayer" declared "raise:55"
"Jinkun" declared "call:55"
Street "turn" started. (community card = ['S6', 'DT', 'HQ', 'CA'])
"HakulaPlayer" declared "raise:267"
"Jinkun" declared "call:267"
Street "river" started. (community card = ['S6', 'DT', 'HQ', 'CA', 'CT'])
"HakulaPlayer" declared "raise:850"
"Jinkun" declared "call:850"
"['HakulaPlayer']" won the round 34 (stack = {'YueShi': 900, 'HakulaPlayer': 2165, 'Jinkun': 0, 'Ethan': 970, 'PlayerXinZhu': 965})
player [YueShi] gets hole card ['H3', 'S3'], current stack 895
player [HakulaPlayer] gets hole card ['S9', 'HA'], current stack 2155
player [Ethan] gets hole card ['DJ', 'D6'], current stack 970
player [PlayerXinZhu] gets hole card ['HT', 'D8'], current stack 965
Started the round 35
Street "preflop" started. (community card = [])
"Ethan" declared "fold:0"
"PlayerXinZhu" declared "fold:0"
"YueShi" declared "fold:0"
"['HakulaPlayer']" won the round 35 (stack = {'YueShi': 895, 'HakulaPlayer': 2170, 'Jinkun': 0, 'Ethan': 970, 'PlayerXinZhu': 965})
player [YueShi] gets hole card ['CA', 'H2'], current stack 895
player [HakulaPlayer] gets hole card ['DA', 'S9'], current stack 2165
player [Ethan] gets hole card ['D4', 'DJ'], current stack 960
player [PlayerXinZhu] gets hole card ['H8', 'D5'], current stack 965
Started the round 36
Street "preflop" started. (community card = [])
"PlayerXinZhu" declared "fold:0"
"YueShi" declared "fold:0"
"HakulaPlayer" declared "call:10"
"Ethan" declared "fold:0"
"['HakulaPlayer']" won the round 36 (stack = {'YueShi': 895, 'HakulaPlayer': 2180, 'Jinkun': 0, 'Ethan': 960, 'PlayerXinZhu': 965})
player [YueShi] gets hole card ['S8', 'S3'], current stack 895
player [HakulaPlayer] gets hole card ['C2', 'D5'], current stack 2180
player [Ethan] gets hole card ['C8', 'H9'], current stack 955
player [PlayerXinZhu] gets hole card ['C5', 'CJ'], current stack 955
Started the round 37
Street "preflop" started. (community card = [])
"YueShi" declared "fold:0"
"HakulaPlayer" declared "fold:0"
"Ethan" declared "call:10"
"PlayerXinZhu" declared "fold:0"
"['Ethan']" won the round 37 (stack = {'YueShi': 895, 'HakulaPlayer': 2180, 'Jinkun': 0, 'Ethan': 970, 'PlayerXinZhu': 955})
player [YueShi] gets hole card ['S8', 'H5'], current stack 885
player [HakulaPlayer] gets hole card ['D4', 'C3'], current stack 2180
player [Ethan] gets hole card ['CQ', 'SJ'], current stack 970
player [PlayerXinZhu] gets hole card ['DJ', 'HJ'], current stack 950
Started the round 38
Street "preflop" started. (community card = [])
"HakulaPlayer" declared "raise:32"
"Ethan" declared "raise:145"
"PlayerXinZhu" declared "fold:0"
"YueShi" declared "fold:0"
"HakulaPlayer" declared "fold:0"
"['Ethan']" won the round 38 (stack = {'YueShi': 885, 'HakulaPlayer': 2148, 'Jinkun': 0, 'Ethan': 1017, 'PlayerXinZhu': 950})
player [YueShi] gets hole card ['D8', 'SK'], current stack 880
player [HakulaPlayer] gets hole card ['DK', 'CA'], current stack 2138
player [Ethan] gets hole card ['C2', 'D3'], current stack 1017
player [PlayerXinZhu] gets hole card ['S4', 'S7'], current stack 950
Started the round 39
Street "preflop" started. (community card = [])
"Ethan" declared "fold:0"
"PlayerXinZhu" declared "fold:0"
"YueShi" declared "fold:0"
"['HakulaPlayer']" won the round 39 (stack = {'YueShi': 880, 'HakulaPlayer': 2153, 'Jinkun': 0, 'Ethan': 1017, 'PlayerXinZhu': 950})
player [YueShi] gets hole card ['S2', 'DA'], current stack 880
player [HakulaPlayer] gets hole card ['C6', 'SJ'], current stack 2148
player [Ethan] gets hole card ['D5', 'C7'], current stack 1007
player [PlayerXinZhu] gets hole card ['S6', 'D8'], current stack 950
Started the round 40
Street "preflop" started. (community card = [])
"PlayerXinZhu" declared "fold:0"
"YueShi" declared "fold:0"
"HakulaPlayer" declared "call:10"
"Ethan" declared "fold:0"
"['HakulaPlayer']" won the round 40 (stack = {'YueShi': 880, 'HakulaPlayer': 2163, 'Jinkun': 0, 'Ethan': 1007, 'PlayerXinZhu': 950})
player [YueShi] gets hole card ['S8', 'HA'], current stack 880
player [HakulaPlayer] gets hole card ['SJ', 'HT'], current stack 2163
player [Ethan] gets hole card ['DT', 'ST'], current stack 1002
player [PlayerXinZhu] gets hole card ['CT', 'C3'], current stack 940
Started the round 41
Street "preflop" started. (community card = [])
"YueShi" declared "fold:0"
"HakulaPlayer" declared "call:10"
"Ethan" declared "raise:151"
"PlayerXinZhu" declared "fold:0"
"HakulaPlayer" declared "fold:0"
"['Ethan']" won the round 41 (stack = {'YueShi': 880, 'HakulaPlayer': 2153, 'Jinkun': 0, 'Ethan': 1027, 'PlayerXinZhu': 940})
player [YueShi] gets hole card ['C7', 'HK'], current stack 870
player [HakulaPlayer] gets hole card ['S5', 'DQ'], current stack 2153
player [Ethan] gets hole card ['SQ', 'SK'], current stack 1027
player [PlayerXinZhu] gets hole card ['C9', 'ST'], current stack 935
Started the round 42
Street "preflop" started. (community card = [])
"HakulaPlayer" declared "fold:0"
"Ethan" declared "raise:308"
"PlayerXinZhu" declared "fold:0"
"YueShi" declared "fold:0"
"['Ethan']" won the round 42 (stack = {'YueShi': 870, 'HakulaPlayer': 2153, 'Jinkun': 0, 'Ethan': 1042, 'PlayerXinZhu': 935})
player [YueShi] gets hole card ['S8', 'D7'], current stack 865
player [HakulaPlayer] gets hole card ['CQ', 'S3'], current stack 2143
player [Ethan] gets hole card ['SJ', 'D2'], current stack 1042
player [PlayerXinZhu] gets hole card ['HK', 'DK'], current stack 935
Started the round 43
Street "preflop" started. (community card = [])
"Ethan" declared "fold:0"
"PlayerXinZhu" declared "fold:0"
"YueShi" declared "fold:0"
"['HakulaPlayer']" won the round 43 (stack = {'YueShi': 865, 'HakulaPlayer': 2158, 'Jinkun': 0, 'Ethan': 1042, 'PlayerXinZhu': 935})
player [YueShi] gets hole card ['D8', 'H2'], current stack 865
player [HakulaPlayer] gets hole card ['D9', 'C9'], current stack 2153
player [Ethan] gets hole card ['DK', 'D7'], current stack 1032
player [PlayerXinZhu] gets hole card ['CT', 'CA'], current stack 935
Started the round 44
Street "preflop" started. (community card = [])
"PlayerXinZhu" declared "fold:0"
"YueShi" declared "fold:0"
"HakulaPlayer" declared "raise:39"
"Ethan" declared "fold:0"
"['HakulaPlayer']" won the round 44 (stack = {'YueShi': 865, 'HakulaPlayer': 2168, 'Jinkun': 0, 'Ethan': 1032, 'PlayerXinZhu': 935})
player [YueShi] gets hole card ['C5', 'H2'], current stack 865
player [HakulaPlayer] gets hole card ['D7', 'S9'], current stack 2168
player [Ethan] gets hole card ['H4', 'HT'], current stack 1027
player [PlayerXinZhu] gets hole card ['CK', 'CQ'], current stack 925
Started the round 45
Street "preflop" started. (community card = [])
"YueShi" declared "fold:0"
"HakulaPlayer" declared "fold:0"
"Ethan" declared "fold:0"
"['PlayerXinZhu']" won the round 45 (stack = {'YueShi': 865, 'HakulaPlayer': 2168, 'Jinkun': 0, 'Ethan': 1027, 'PlayerXinZhu': 940})
player [YueShi] gets hole card ['D2', 'CQ'], current stack 855
player [HakulaPlayer] gets hole card ['CT', 'HA'], current stack 2168
player [Ethan] gets hole card ['D3', 'H8'], current stack 1027
player [PlayerXinZhu] gets hole card ['S6', 'CK'], current stack 935
Started the round 46
Street "preflop" started. (community card = [])
"HakulaPlayer" declared "call:10"
"Ethan" declared "fold:0"
"PlayerXinZhu" declared "fold:0"
"YueShi" declared "fold:0"
"['HakulaPlayer']" won the round 46 (stack = {'YueShi': 855, 'HakulaPlayer': 2183, 'Jinkun': 0, 'Ethan': 1027, 'PlayerXinZhu': 935})
player [YueShi] gets hole card ['D9', 'C9'], current stack 850
player [HakulaPlayer] gets hole card ['S4', 'HT'], current stack 2173
player [Ethan] gets hole card ['S3', 'S8'], current stack 1027
player [PlayerXinZhu] gets hole card ['HJ', 'D2'], current stack 935
Started the round 47
Street "preflop" started. (community card = [])
"Ethan" declared "fold:0"
"PlayerXinZhu" declared "fold:0"
"YueShi" declared "fold:0"
"['HakulaPlayer']" won the round 47 (stack = {'YueShi': 850, 'HakulaPlayer': 2188, 'Jinkun': 0, 'Ethan': 1027, 'PlayerXinZhu': 935})
player [YueShi] gets hole card ['D9', 'H9'], current stack 850
player [HakulaPlayer] gets hole card ['C4', 'D4'], current stack 2183
player [Ethan] gets hole card ['C8', 'C6'], current stack 1017
player [PlayerXinZhu] gets hole card ['H3', 'SQ'], current stack 935
Started the round 48
Street "preflop" started. (community card = [])
"PlayerXinZhu" declared "fold:0"
"YueShi" declared "fold:0"
"HakulaPlayer" declared "call:10"
"Ethan" declared "fold:0"
"['HakulaPlayer']" won the round 48 (stack = {'YueShi': 850, 'HakulaPlayer': 2198, 'Jinkun': 0, 'Ethan': 1017, 'PlayerXinZhu': 935})
player [YueShi] gets hole card ['H9', 'SK'], current stack 850
player [HakulaPlayer] gets hole card ['S9', 'H2'], current stack 2198
player [Ethan] gets hole card ['CK', 'S8'], current stack 1012
player [PlayerXinZhu] gets hole card ['H7', 'C7'], current stack 925
Started the round 49
Street "preflop" started. (community card = [])
"YueShi" declared "fold:0"
"HakulaPlayer" declared "raise:33"
"Ethan" declared "call:33"
"PlayerXinZhu" declared "fold:0"
Street "flop" started. (community card = ['HK', 'H5', 'S5'])
"Ethan" declared "raise:98"
"HakulaPlayer" declared "fold:0"
"['Ethan']" won the round 49 (stack = {'YueShi': 850, 'HakulaPlayer': 2165, 'Jinkun': 0, 'Ethan': 1060, 'PlayerXinZhu': 925})
player [YueShi] gets hole card ['C8', 'S8'], current stack 840
player [HakulaPlayer] gets hole card ['D7', 'H4'], current stack 2165
player [Ethan] gets hole card ['C2', 'SK'], current stack 1060
player [PlayerXinZhu] gets hole card ['SA', 'S3'], current stack 920
Started the round 50
Street "preflop" started. (community card = [])
"HakulaPlayer" declared "raise:32"
"Ethan" declared "fold:0"
"PlayerXinZhu" declared "fold:0"
"YueShi" declared "fold:0"
"['HakulaPlayer']" won the round 50 (stack = {'YueShi': 840, 'HakulaPlayer': 2180, 'Jinkun': 0, 'Ethan': 1060, 'PlayerXinZhu': 920})

Game Results:
------------------------------------------------------------
Game 1:
Winner: HakulaPlayer (stack: 2180)
All players' stacks:
  YueShi: 840
  HakulaPlayer: 2180
  Jinkun: 0
  Ethan: 1060
  PlayerXinZhu: 920
------------------------------------------------------------
